start training
learning rate = 0.000050
Epoch: [0][0/67]	Time 8.687 (8.687)	Data 0.030 (0.030)	Loss 3.2159 (3.2159)	
Epoch: [0][10/67]	Time 0.331 (1.070)	Data 0.025 (0.027)	Loss 0.6181 (1.2309)	
Epoch: [0][20/67]	Time 0.330 (0.716)	Data 0.025 (0.026)	Loss 0.6843 (0.8680)	
Epoch: [0][30/67]	Time 0.328 (0.590)	Data 0.025 (0.026)	Loss 0.2831 (0.7044)	
Epoch: [0][40/67]	Time 0.329 (0.526)	Data 0.025 (0.025)	Loss 0.1868 (0.5878)	
Epoch: [0][50/67]	Time 0.331 (0.487)	Data 0.025 (0.025)	Loss 0.1441 (0.5167)	
Epoch: [0][60/67]	Time 0.328 (0.461)	Data 0.025 (0.025)	Loss 0.2277 (0.4635)	
Test: [0/17]	Time 0.125 (0.125)	Loss 0.2017 (0.2017)	Prec@1 0.000 (0.000)	Prec@5 0.000 (0.000)
Test: [10/17]	Time 0.132 (0.129)	Loss 0.1993 (0.1863)	Prec@1 0.000 (0.000)	Prec@5 0.000 (0.000)
Overall Acc: 	 0.8543996099215835
Mean Acc : 	 0.5
FreqW Acc : 	 0.729998693434154
Mean IoU : 	 0.42719980496079174
* Test:	Time 2.579 (0.272)	Loss 0.1693 (0.1818)	
learning rate = 0.000050
Epoch: [1][0/67]	Time 0.130 (0.444)	Data 0.026 (0.026)	Loss 0.1786 (0.4357)	
Epoch: [1][10/67]	Time 0.325 (0.429)	Data 0.025 (0.025)	Loss 0.3561 (0.4078)	
Epoch: [1][20/67]	Time 0.327 (0.418)	Data 0.025 (0.025)	Loss 0.1891 (0.3826)	
Epoch: [1][30/67]	Time 0.327 (0.409)	Data 0.025 (0.025)	Loss 0.1610 (0.3632)	
Epoch: [1][40/67]	Time 0.330 (0.401)	Data 0.025 (0.025)	Loss 0.0994 (0.3434)	
Epoch: [1][50/67]	Time 0.330 (0.395)	Data 0.024 (0.025)	Loss 0.1512 (0.3284)	
Epoch: [1][60/67]	Time 0.328 (0.390)	Data 0.024 (0.025)	Loss 0.1746 (0.3130)	
Test: [0/17]	Time 0.124 (0.124)	Loss 0.1242 (0.1242)	Prec@1 0.000 (0.000)	Prec@5 0.000 (0.000)
Test: [10/17]	Time 0.128 (0.127)	Loss 0.2077 (0.1709)	Prec@1 0.000 (0.000)	Prec@5 0.000 (0.000)
Overall Acc: 	 0.8545610797939016
Mean Acc : 	 0.5
FreqW Acc : 	 0.7302746390985191
Mean IoU : 	 0.4272805398969508
* Test:	Time 0.094 (0.137)	Loss 0.1987 (0.1693)	
learning rate = 0.000050
Epoch: [2][0/67]	Time 0.126 (0.385)	Data 0.025 (0.025)	Loss 0.1396 (0.3037)	
Epoch: [2][10/67]	Time 0.329 (0.381)	Data 0.026 (0.025)	Loss 0.2533 (0.2920)	
Epoch: [2][20/67]	Time 0.326 (0.378)	Data 0.025 (0.025)	Loss 0.1310 (0.2840)	
Epoch: [2][30/67]	Time 0.330 (0.375)	Data 0.025 (0.025)	Loss 0.0972 (0.2744)	
Epoch: [2][40/67]	Time 0.329 (0.372)	Data 0.025 (0.025)	Loss 0.2133 (0.2661)	
Epoch: [2][50/67]	Time 0.333 (0.370)	Data 0.026 (0.025)	Loss 0.1812 (0.2588)	
Epoch: [2][60/67]	Time 0.327 (0.367)	Data 0.025 (0.025)	Loss 0.1318 (0.2521)	
Test: [0/17]	Time 0.124 (0.124)	Loss 0.1247 (0.1247)	Prec@1 0.000 (0.000)	Prec@5 0.000 (0.000)
Test: [10/17]	Time 0.132 (0.128)	Loss 0.1025 (0.1213)	Prec@1 0.000 (0.000)	Prec@5 0.000 (0.000)
Overall Acc: 	 0.8550032430620336
Mean Acc : 	 0.5
FreqW Acc : 	 0.7310305456465949
Mean IoU : 	 0.4275016215310168
* Test:	Time 0.093 (0.126)	Loss 0.1497 (0.1259)	
learning rate = 0.000050
Epoch: [3][0/67]	Time 0.127 (0.365)	Data 0.024 (0.025)	Loss 0.1421 (0.2476)	
Epoch: [3][10/67]	Time 0.328 (0.363)	Data 0.025 (0.025)	Loss 0.0652 (0.2411)	
Epoch: [3][20/67]	Time 0.328 (0.362)	Data 0.025 (0.025)	Loss 0.1181 (0.2355)	
Epoch: [3][30/67]	Time 0.324 (0.360)	Data 0.025 (0.025)	Loss 0.1076 (0.2295)	
Epoch: [3][40/67]	Time 0.326 (0.359)	Data 0.025 (0.025)	Loss 0.0983 (0.2246)	
Epoch: [3][50/67]	Time 0.331 (0.358)	Data 0.025 (0.025)	Loss 0.1118 (0.2204)	
Epoch: [3][60/67]	Time 0.329 (0.357)	Data 0.025 (0.025)	Loss 0.0463 (0.2156)	
Test: [0/17]	Time 0.124 (0.124)	Loss 0.1596 (0.1596)	Prec@1 0.000 (0.000)	Prec@5 0.000 (0.000)
Test: [10/17]	Time 0.128 (0.128)	Loss 0.1480 (0.1301)	Prec@1 0.000 (0.000)	Prec@5 0.000 (0.000)
Overall Acc: 	 0.8550063175941581
Mean Acc : 	 0.5
FreqW Acc : 	 0.7310358031259224
Mean IoU : 	 0.42750315879707906
* Test:	Time 0.092 (0.126)	Loss 0.0860 (0.1276)	
learning rate = 0.000050
Epoch: [4][0/67]	Time 0.125 (0.355)	Data 0.024 (0.025)	Loss 0.0904 (0.2127)	
Epoch: [4][10/67]	Time 0.326 (0.354)	Data 0.025 (0.025)	Loss 0.1169 (0.2081)	
Epoch: [4][20/67]	Time 0.324 (0.353)	Data 0.025 (0.025)	Loss 0.0683 (0.2044)	
Epoch: [4][30/67]	Time 0.333 (0.352)	Data 0.025 (0.025)	Loss 0.1072 (0.2009)	
Epoch: [4][40/67]	Time 0.328 (0.352)	Data 0.025 (0.026)	Loss 0.1740 (0.1988)	
Epoch: [4][50/67]	Time 0.329 (0.351)	Data 0.025 (0.026)	Loss 0.1025 (0.1960)	
Epoch: [4][60/67]	Time 0.326 (0.351)	Data 0.025 (0.026)	Loss 0.1020 (0.1931)	
Test: [0/17]	Time 0.125 (0.125)	Loss 0.0760 (0.0760)	Prec@1 0.000 (0.000)	Prec@5 0.000 (0.000)
Test: [10/17]	Time 0.130 (0.128)	Loss 0.1200 (0.1146)	Prec@1 0.000 (0.000)	Prec@5 0.000 (0.000)
Overall Acc: 	 0.8547093405652402
Mean Acc : 	 0.5
FreqW Acc : 	 0.7305280568494678
Mean IoU : 	 0.4273546702826201
* Test:	Time 0.095 (0.126)	Loss 0.0887 (0.1098)	
learning rate = 0.000050
Epoch: [5][0/67]	Time 0.128 (0.350)	Data 0.025 (0.026)	Loss 0.0594 (0.1910)	
Epoch: [5][10/67]	Time 0.327 (0.349)	Data 0.025 (0.026)	Loss 0.1352 (0.1888)	
Epoch: [5][20/67]	Time 0.327 (0.348)	Data 0.025 (0.026)	Loss 0.0839 (0.1863)	
Epoch: [5][30/67]	Time 0.328 (0.348)	Data 0.025 (0.026)	Loss 0.0966 (0.1844)	
Epoch: [5][40/67]	Time 0.330 (0.347)	Data 0.024 (0.026)	Loss 0.0739 (0.1817)	
Epoch: [5][50/67]	Time 0.328 (0.347)	Data 0.025 (0.026)	Loss 0.0815 (0.1794)	
Epoch: [5][60/67]	Time 0.332 (0.346)	Data 0.025 (0.026)	Loss 0.0606 (0.1774)	
Test: [0/17]	Time 0.125 (0.125)	Loss 0.0950 (0.0950)	Prec@1 0.000 (0.000)	Prec@5 0.000 (0.000)
Test: [10/17]	Time 0.128 (0.128)	Loss 0.1329 (0.1358)	Prec@1 0.000 (0.000)	Prec@5 0.000 (0.000)
Overall Acc: 	 0.8542004485628498
Mean Acc : 	 0.5
FreqW Acc : 	 0.7296584063249738
Mean IoU : 	 0.4271002242814249
* Test:	Time 0.094 (0.125)	Loss 0.2740 (0.1437)	
learning rate = 0.000050
Epoch: [6][0/67]	Time 0.126 (0.345)	Data 0.025 (0.026)	Loss 0.1790 (0.1766)	
Epoch: [6][10/67]	Time 0.329 (0.345)	Data 0.025 (0.026)	Loss 0.0738 (0.1752)	
Epoch: [6][20/67]	Time 0.328 (0.345)	Data 0.025 (0.026)	Loss 0.1655 (0.1734)	
Epoch: [6][30/67]	Time 0.333 (0.344)	Data 0.024 (0.026)	Loss 0.0387 (0.1714)	
Epoch: [6][40/67]	Time 0.328 (0.344)	Data 0.025 (0.026)	Loss 0.0882 (0.1699)	
Epoch: [6][50/67]	Time 0.330 (0.344)	Data 0.025 (0.026)	Loss 0.0900 (0.1679)	
Epoch: [6][60/67]	Time 0.322 (0.343)	Data 0.025 (0.026)	Loss 0.0823 (0.1663)	
Test: [0/17]	Time 0.125 (0.125)	Loss 0.1094 (0.1094)	Prec@1 0.000 (0.000)	Prec@5 0.000 (0.000)
Test: [10/17]	Time 0.130 (0.129)	Loss 0.0594 (0.0978)	Prec@1 0.000 (0.000)	Prec@5 0.000 (0.000)
Overall Acc: 	 0.8547000030973064
Mean Acc : 	 0.5
FreqW Acc : 	 0.7305120952945356
Mean IoU : 	 0.4273500015486532
* Test:	Time 0.096 (0.127)	Loss 0.0778 (0.1246)	
learning rate = 0.000050
Epoch: [7][0/67]	Time 0.128 (0.343)	Data 0.025 (0.026)	Loss 0.1820 (0.1655)	
Epoch: [7][10/67]	Time 0.330 (0.342)	Data 0.025 (0.026)	Loss 0.0525 (0.1638)	
Epoch: [7][20/67]	Time 0.330 (0.342)	Data 0.025 (0.026)	Loss 0.1236 (0.1624)	
Epoch: [7][30/67]	Time 0.328 (0.342)	Data 0.025 (0.026)	Loss 0.0680 (0.1609)	
Epoch: [7][40/67]	Time 0.332 (0.342)	Data 0.025 (0.026)	Loss 0.0810 (0.1592)	
Epoch: [7][50/67]	Time 0.328 (0.341)	Data 0.024 (0.026)	Loss 0.1047 (0.1577)	
Epoch: [7][60/67]	Time 0.327 (0.341)	Data 0.025 (0.026)	Loss 0.0823 (0.1564)	
Test: [0/17]	Time 0.124 (0.124)	Loss 0.1148 (0.1148)	Prec@1 0.000 (0.000)	Prec@5 0.000 (0.000)
Test: [10/17]	Time 0.131 (0.129)	Loss 0.0981 (0.1129)	Prec@1 0.000 (0.000)	Prec@5 0.000 (0.000)
Overall Acc: 	 0.8551151788056787
Mean Acc : 	 0.5
FreqW Acc : 	 0.7312219690238678
Mean IoU : 	 0.42755758940283933
* Test:	Time 0.095 (0.126)	Loss 0.0899 (0.1016)	
learning rate = 0.000050
Epoch: [8][0/67]	Time 0.127 (0.340)	Data 0.024 (0.026)	Loss 0.0994 (0.1554)	
Epoch: [8][10/67]	Time 0.327 (0.340)	Data 0.025 (0.026)	Loss 0.0767 (0.1541)	
Epoch: [8][20/67]	Time 0.335 (0.340)	Data 0.025 (0.026)	Loss 0.0744 (0.1529)	
Epoch: [8][30/67]	Time 0.331 (0.340)	Data 0.025 (0.026)	Loss 0.0434 (0.1515)	
Epoch: [8][40/67]	Time 0.330 (0.340)	Data 0.025 (0.026)	Loss 0.0653 (0.1503)	
Epoch: [8][50/67]	Time 0.327 (0.339)	Data 0.024 (0.026)	Loss 0.0751 (0.1492)	
Epoch: [8][60/67]	Time 0.329 (0.339)	Data 0.025 (0.026)	Loss 0.0802 (0.1481)	
Test: [0/17]	Time 0.125 (0.125)	Loss 0.1084 (0.1084)	Prec@1 0.000 (0.000)	Prec@5 0.000 (0.000)
Test: [10/17]	Time 0.131 (0.130)	Loss 0.0482 (0.1107)	Prec@1 0.000 (0.000)	Prec@5 0.000 (0.000)
Overall Acc: 	 0.8545303344726562
Mean Acc : 	 0.5
FreqW Acc : 	 0.7302220925339498
Mean IoU : 	 0.4272651672363281
* Test:	Time 0.092 (0.127)	Loss 0.1138 (0.1031)	
learning rate = 0.000050
Epoch: [9][0/67]	Time 0.125 (0.339)	Data 0.024 (0.026)	Loss 0.1098 (0.1476)	
Epoch: [9][10/67]	Time 0.332 (0.339)	Data 0.025 (0.026)	Loss 0.0868 (0.1464)	
Epoch: [9][20/67]	Time 0.328 (0.339)	Data 0.025 (0.026)	Loss 0.0624 (0.1452)	
Epoch: [9][30/67]	Time 0.329 (0.338)	Data 0.025 (0.026)	Loss 0.1017 (0.1445)	
Epoch: [9][40/67]	Time 0.321 (0.338)	Data 0.025 (0.026)	Loss 0.0934 (0.1435)	
Epoch: [9][50/67]	Time 0.328 (0.338)	Data 0.025 (0.026)	Loss 0.1174 (0.1426)	
Epoch: [9][60/67]	Time 0.330 (0.338)	Data 0.024 (0.026)	Loss 0.0490 (0.1415)	
Test: [0/17]	Time 0.125 (0.125)	Loss 0.0579 (0.0579)	Prec@1 0.000 (0.000)	Prec@5 0.000 (0.000)
Test: [10/17]	Time 0.130 (0.128)	Loss 0.0367 (0.1009)	Prec@1 0.000 (0.000)	Prec@5 0.000 (0.000)
Overall Acc: 	 0.8543394857378148
Mean Acc : 	 0.5
FreqW Acc : 	 0.7298959568907539
Mean IoU : 	 0.4271697428689074
* Test:	Time 0.093 (0.126)	Loss 0.0798 (0.0970)	
learning rate = 0.000050
Epoch: [10][0/67]	Time 0.127 (0.338)	Data 0.024 (0.026)	Loss 0.0737 (0.1410)	
Epoch: [10][10/67]	Time 0.330 (0.337)	Data 0.025 (0.026)	Loss 0.0534 (0.1400)	
Epoch: [10][20/67]	Time 0.332 (0.337)	Data 0.024 (0.026)	Loss 0.0847 (0.1391)	
Epoch: [10][30/67]	Time 0.333 (0.337)	Data 0.025 (0.026)	Loss 0.0635 (0.1382)	
Epoch: [10][40/67]	Time 0.329 (0.337)	Data 0.024 (0.026)	Loss 0.0754 (0.1372)	
Epoch: [10][50/67]	Time 0.332 (0.337)	Data 0.024 (0.026)	Loss 0.1385 (0.1365)	
Epoch: [10][60/67]	Time 0.329 (0.337)	Data 0.024 (0.026)	Loss 0.0921 (0.1358)	
Test: [0/17]	Time 0.126 (0.126)	Loss 0.1605 (0.1605)	Prec@1 0.000 (0.000)	Prec@5 0.000 (0.000)
Test: [10/17]	Time 0.131 (0.129)	Loss 0.1028 (0.1406)	Prec@1 0.000 (0.000)	Prec@5 0.000 (0.000)
Overall Acc: 	 0.8549234190983559
Mean Acc : 	 0.5
FreqW Acc : 	 0.7308940525228231
Mean IoU : 	 0.42746170954917795
* Test:	Time 0.092 (0.127)	Loss 0.1156 (0.1186)	
learning rate = 0.000050
Epoch: [11][0/67]	Time 0.135 (0.336)	Data 0.024 (0.026)	Loss 0.0963 (0.1355)	
Epoch: [11][10/67]	Time 0.328 (0.336)	Data 0.024 (0.026)	Loss 0.0882 (0.1347)	
Epoch: [11][20/67]	Time 0.327 (0.336)	Data 0.025 (0.026)	Loss 0.1124 (0.1340)	
Epoch: [11][30/67]	Time 0.328 (0.336)	Data 0.025 (0.026)	Loss 0.0696 (0.1334)	
Epoch: [11][40/67]	Time 0.328 (0.336)	Data 0.025 (0.026)	Loss 0.0476 (0.1328)	
Epoch: [11][50/67]	Time 0.333 (0.336)	Data 0.024 (0.026)	Loss 0.0790 (0.1320)	
Epoch: [11][60/67]	Time 0.327 (0.336)	Data 0.025 (0.026)	Loss 0.0578 (0.1312)	
Test: [0/17]	Time 0.124 (0.124)	Loss 0.0727 (0.0727)	Prec@1 0.000 (0.000)	Prec@5 0.000 (0.000)
Test: [10/17]	Time 0.131 (0.129)	Loss 0.0775 (0.0835)	Prec@1 0.000 (0.000)	Prec@5 0.000 (0.000)
Overall Acc: 	 0.8554176216694847
Mean Acc : 	 0.5
FreqW Acc : 	 0.7317393074626776
Mean IoU : 	 0.4277088108347423
* Test:	Time 0.095 (0.127)	Loss 0.0320 (0.1030)	
learning rate = 0.000050
Epoch: [12][0/67]	Time 0.124 (0.336)	Data 0.025 (0.026)	Loss 0.0546 (0.1306)	
Epoch: [12][10/67]	Time 0.329 (0.335)	Data 0.025 (0.026)	Loss 0.1274 (0.1300)	
Epoch: [12][20/67]	Time 0.328 (0.335)	Data 0.025 (0.026)	Loss 0.0427 (0.1292)	
Epoch: [12][30/67]	Time 0.329 (0.335)	Data 0.025 (0.026)	Loss 0.0463 (0.1285)	
Epoch: [12][40/67]	Time 0.330 (0.335)	Data 0.025 (0.025)	Loss 0.1116 (0.1281)	
Epoch: [12][50/67]	Time 0.325 (0.335)	Data 0.024 (0.025)	Loss 0.1097 (0.1275)	
Epoch: [12][60/67]	Time 0.325 (0.335)	Data 0.025 (0.025)	Loss 0.0599 (0.1270)	
Test: [0/17]	Time 0.124 (0.124)	Loss 0.0518 (0.0518)	Prec@1 0.000 (0.000)	Prec@5 0.000 (0.000)
Test: [10/17]	Time 0.142 (0.130)	Loss 0.1039 (0.0934)	Prec@1 0.000 (0.000)	Prec@5 0.000 (0.000)
Overall Acc: 	 0.8540787198650304
Mean Acc : 	 0.5
FreqW Acc : 	 0.729450459726289
Mean IoU : 	 0.4270393599325152
* Test:	Time 0.093 (0.127)	Loss 0.0790 (0.0910)	
learning rate = 0.000050
Epoch: [13][0/67]	Time 0.125 (0.335)	Data 0.024 (0.025)	Loss 0.0500 (0.1265)	
Epoch: [13][10/67]	Time 0.330 (0.335)	Data 0.025 (0.025)	Loss 0.1139 (0.1260)	
Epoch: [13][20/67]	Time 0.325 (0.335)	Data 0.025 (0.025)	Loss 0.0894 (0.1255)	
Epoch: [13][30/67]	Time 0.333 (0.335)	Data 0.024 (0.025)	Loss 0.0569 (0.1248)	
Epoch: [13][40/67]	Time 0.330 (0.335)	Data 0.025 (0.025)	Loss 0.0941 (0.1245)	
Epoch: [13][50/67]	Time 0.330 (0.334)	Data 0.025 (0.025)	Loss 0.0840 (0.1239)	
Epoch: [13][60/67]	Time 0.331 (0.334)	Data 0.025 (0.025)	Loss 0.0653 (0.1232)	
Test: [0/17]	Time 0.124 (0.124)	Loss 0.0883 (0.0883)	Prec@1 0.000 (0.000)	Prec@5 0.000 (0.000)
Test: [10/17]	Time 0.132 (0.129)	Loss 0.0780 (0.1015)	Prec@1 0.000 (0.000)	Prec@5 0.000 (0.000)
Overall Acc: 	 0.8553564726416745
Mean Acc : 	 0.5
FreqW Acc : 	 0.7316346952900076
Mean IoU : 	 0.42767823632083724
* Test:	Time 0.092 (0.126)	Loss 0.0390 (0.0888)	
learning rate = 0.000050
Epoch: [14][0/67]	Time 0.129 (0.334)	Data 0.024 (0.025)	Loss 0.0982 (0.1228)	
Epoch: [14][10/67]	Time 0.328 (0.334)	Data 0.024 (0.025)	Loss 0.0559 (0.1223)	
Epoch: [14][20/67]	Time 0.329 (0.334)	Data 0.025 (0.025)	Loss 0.0812 (0.1217)	
Epoch: [14][30/67]	Time 0.329 (0.334)	Data 0.025 (0.025)	Loss 0.1125 (0.1211)	
Epoch: [14][40/67]	Time 0.331 (0.334)	Data 0.025 (0.025)	Loss 0.0790 (0.1207)	
Epoch: [14][50/67]	Time 0.332 (0.334)	Data 0.025 (0.025)	Loss 0.0838 (0.1203)	
Epoch: [14][60/67]	Time 0.327 (0.334)	Data 0.025 (0.025)	Loss 0.0594 (0.1197)	
Test: [0/17]	Time 0.126 (0.126)	Loss 0.0230 (0.0230)	Prec@1 0.000 (0.000)	Prec@5 0.000 (0.000)
Test: [10/17]	Time 0.131 (0.127)	Loss 0.1270 (0.0920)	Prec@1 0.000 (0.000)	Prec@5 0.000 (0.000)
Overall Acc: 	 0.8546471666933885
Mean Acc : 	 0.5
FreqW Acc : 	 0.7304217795370366
Mean IoU : 	 0.42732358334669424
* Test:	Time 0.095 (0.126)	Loss 0.0444 (0.0870)	
learning rate = 0.000050
Epoch: [15][0/67]	Time 0.126 (0.334)	Data 0.025 (0.025)	Loss 0.0423 (0.1193)	
Epoch: [15][10/67]	Time 0.330 (0.334)	Data 0.024 (0.025)	Loss 0.0673 (0.1188)	
Epoch: [15][20/67]	Time 0.328 (0.333)	Data 0.025 (0.025)	Loss 0.1439 (0.1187)	
Epoch: [15][30/67]	Time 0.324 (0.333)	Data 0.024 (0.025)	Loss 0.2447 (0.1198)	
Epoch: [15][40/67]	Time 0.329 (0.333)	Data 0.025 (0.025)	Loss 0.1828 (0.1216)	
Epoch: [15][50/67]	Time 0.326 (0.333)	Data 0.025 (0.025)	Loss 0.5008 (0.1231)	
Epoch: [15][60/67]	Time 0.324 (0.333)	Data 0.025 (0.025)	Loss 1.3123 (0.1257)	
Test: [0/17]	Time 0.124 (0.124)	Loss 0.4144 (0.4144)	Prec@1 0.000 (0.000)	Prec@5 0.000 (0.000)
Test: [10/17]	Time 0.129 (0.141)	Loss 0.2942 (0.2865)	Prec@1 0.000 (0.000)	Prec@5 0.000 (0.000)
Overall Acc: 	 0.8545700756471548
Mean Acc : 	 0.5
FreqW Acc : 	 0.7302900141915839
Mean IoU : 	 0.4272850378235774
* Test:	Time 0.096 (0.134)	Loss 0.1720 (0.2705)	
learning rate = 0.000050
Epoch: [16][0/67]	Time 0.128 (0.333)	Data 0.025 (0.025)	Loss 0.3702 (0.1268)	
Epoch: [16][10/67]	Time 0.326 (0.333)	Data 0.024 (0.025)	Loss 0.1719 (0.1285)	
Epoch: [16][20/67]	Time 0.327 (0.333)	Data 0.025 (0.025)	Loss 0.1503 (0.1294)	
Epoch: [16][30/67]	Time 0.330 (0.333)	Data 0.025 (0.025)	Loss 0.1446 (0.1298)	
Epoch: [16][40/67]	Time 0.327 (0.333)	Data 0.025 (0.025)	Loss 0.1237 (0.1298)	
Epoch: [16][50/67]	Time 0.333 (0.333)	Data 0.025 (0.025)	Loss 0.1113 (0.1297)	
Epoch: [16][60/67]	Time 0.328 (0.333)	Data 0.024 (0.025)	Loss 0.1456 (0.1294)	
Test: [0/17]	Time 0.124 (0.124)	Loss 0.0955 (0.0955)	Prec@1 0.000 (0.000)	Prec@5 0.000 (0.000)
Test: [10/17]	Time 0.130 (0.128)	Loss 0.1468 (0.1116)	Prec@1 0.000 (0.000)	Prec@5 0.000 (0.000)
Overall Acc: 	 0.8545479845644822
Mean Acc : 	 0.5
FreqW Acc : 	 0.7302522579232186
Mean IoU : 	 0.4272739922822411
* Test:	Time 0.094 (0.126)	Loss 0.2042 (0.1278)	
learning rate = 0.000050
Epoch: [17][0/67]	Time 0.125 (0.333)	Data 0.024 (0.025)	Loss 0.0876 (0.1293)	
Epoch: [17][10/67]	Time 0.328 (0.333)	Data 0.025 (0.025)	Loss 0.1281 (0.1293)	
Epoch: [17][20/67]	Time 0.326 (0.333)	Data 0.024 (0.025)	Loss 0.1137 (0.1290)	
Epoch: [17][30/67]	Time 0.328 (0.332)	Data 0.025 (0.025)	Loss 0.0752 (0.1287)	
Epoch: [17][40/67]	Time 0.327 (0.332)	Data 0.025 (0.025)	Loss 0.0344 (0.1285)	
Epoch: [17][50/67]	Time 0.329 (0.332)	Data 0.024 (0.025)	Loss 0.0769 (0.1281)	
Epoch: [17][60/67]	Time 0.326 (0.332)	Data 0.024 (0.025)	Loss 0.0893 (0.1280)	
Test: [0/17]	Time 0.124 (0.124)	Loss 0.0932 (0.0932)	Prec@1 0.000 (0.000)	Prec@5 0.000 (0.000)
Test: [10/17]	Time 0.132 (0.129)	Loss 0.0931 (0.0988)	Prec@1 0.000 (0.000)	Prec@5 0.000 (0.000)
Overall Acc: 	 0.8548612452265042
Mean Acc : 	 0.5
FreqW Acc : 	 0.7307877485902093
Mean IoU : 	 0.4274306226132521
* Test:	Time 0.093 (0.126)	Loss 0.4722 (0.1163)	
learning rate = 0.000050
Epoch: [18][0/67]	Time 0.125 (0.332)	Data 0.024 (0.025)	Loss 0.1150 (0.1279)	
Epoch: [18][10/67]	Time 0.332 (0.332)	Data 0.025 (0.025)	Loss 0.0763 (0.1276)	
Epoch: [18][20/67]	Time 0.328 (0.332)	Data 0.025 (0.025)	Loss 0.0905 (0.1273)	
Epoch: [18][30/67]	Time 0.332 (0.332)	Data 0.025 (0.025)	Loss 0.1145 (0.1270)	
Epoch: [18][40/67]	Time 0.326 (0.332)	Data 0.026 (0.025)	Loss 0.0703 (0.1267)	
Epoch: [18][50/67]	Time 0.332 (0.332)	Data 0.025 (0.025)	Loss 0.0497 (0.1263)	
Epoch: [18][60/67]	Time 0.328 (0.332)	Data 0.024 (0.025)	Loss 0.0766 (0.1261)	
Test: [0/17]	Time 0.124 (0.124)	Loss 0.0483 (0.0483)	Prec@1 0.000 (0.000)	Prec@5 0.000 (0.000)
Test: [10/17]	Time 0.126 (0.127)	Loss 0.0697 (0.0984)	Prec@1 0.000 (0.000)	Prec@5 0.000 (0.000)
Overall Acc: 	 0.8552364520172575
Mean Acc : 	 0.5
FreqW Acc : 	 0.7314293888590668
Mean IoU : 	 0.42761822600862875
* Test:	Time 0.093 (0.125)	Loss 0.1248 (0.0922)	
learning rate = 0.000050
Epoch: [19][0/67]	Time 0.126 (0.332)	Data 0.025 (0.025)	Loss 0.0965 (0.1258)	
Epoch: [19][10/67]	Time 0.331 (0.332)	Data 0.024 (0.025)	Loss 0.0962 (0.1254)	
Epoch: [19][20/67]	Time 0.328 (0.332)	Data 0.025 (0.025)	Loss 0.0622 (0.1251)	
Epoch: [19][30/67]	Time 0.329 (0.332)	Data 0.024 (0.025)	Loss 0.1382 (0.1248)	
Epoch: [19][40/67]	Time 0.329 (0.332)	Data 0.025 (0.025)	Loss 0.0361 (0.1244)	
Epoch: [19][50/67]	Time 0.324 (0.332)	Data 0.024 (0.025)	Loss 0.0632 (0.1240)	
Epoch: [19][60/67]	Time 0.328 (0.332)	Data 0.025 (0.025)	Loss 0.1114 (0.1238)	
Test: [0/17]	Time 0.124 (0.124)	Loss 0.0501 (0.0501)	Prec@1 0.000 (0.000)	Prec@5 0.000 (0.000)
Test: [10/17]	Time 0.133 (0.130)	Loss 0.0605 (0.0920)	Prec@1 0.000 (0.000)	Prec@5 0.000 (0.000)
Overall Acc: 	 0.8541636680489155
Mean Acc : 	 0.5
FreqW Acc : 	 0.729595571814778
Mean IoU : 	 0.42708183402445776
* Test:	Time 0.093 (0.127)	Loss 0.0837 (0.0884)	
learning rate = 0.000050
Epoch: [20][0/67]	Time 0.127 (0.331)	Data 0.025 (0.025)	Loss 0.1043 (0.1235)	
Epoch: [20][10/67]	Time 0.328 (0.331)	Data 0.024 (0.025)	Loss 0.0773 (0.1232)	
Epoch: [20][20/67]	Time 0.331 (0.331)	Data 0.024 (0.025)	Loss 0.0663 (0.1228)	
Epoch: [20][30/67]	Time 0.329 (0.331)	Data 0.025 (0.025)	Loss 0.0869 (0.1224)	
Epoch: [20][40/67]	Time 0.327 (0.331)	Data 0.024 (0.025)	Loss 0.0593 (0.1221)	
Epoch: [20][50/67]	Time 0.331 (0.331)	Data 0.025 (0.025)	Loss 0.1039 (0.1218)	
Epoch: [20][60/67]	Time 0.330 (0.331)	Data 0.025 (0.025)	Loss 0.0572 (0.1214)	
Test: [0/17]	Time 0.124 (0.124)	Loss 0.0681 (0.0681)	Prec@1 0.000 (0.000)	Prec@5 0.000 (0.000)
Test: [10/17]	Time 0.130 (0.129)	Loss 0.0390 (0.0879)	Prec@1 0.000 (0.000)	Prec@5 0.000 (0.000)
Overall Acc: 	 0.8549680567499417
Mean Acc : 	 0.5
FreqW Acc : 	 0.7309703780627715
Mean IoU : 	 0.42748402837497085
* Test:	Time 0.092 (0.126)	Loss 0.0785 (0.0829)	
learning rate = 0.000050
Epoch: [21][0/67]	Time 0.125 (0.331)	Data 0.024 (0.025)	Loss 0.0655 (0.1212)	
Epoch: [21][10/67]	Time 0.326 (0.331)	Data 0.025 (0.025)	Loss 0.1023 (0.1209)	
Epoch: [21][20/67]	Time 0.324 (0.331)	Data 0.025 (0.025)	Loss 0.0961 (0.1206)	
Epoch: [21][30/67]	Time 0.325 (0.331)	Data 0.025 (0.025)	Loss 0.1017 (0.1202)	
Epoch: [21][40/67]	Time 0.328 (0.331)	Data 0.025 (0.025)	Loss 0.0753 (0.1199)	
Epoch: [21][50/67]	Time 0.329 (0.331)	Data 0.025 (0.025)	Loss 0.0895 (0.1196)	
Epoch: [21][60/67]	Time 0.330 (0.331)	Data 0.025 (0.025)	Loss 0.0698 (0.1193)	
Test: [0/17]	Time 0.125 (0.125)	Loss 0.0774 (0.0774)	Prec@1 0.000 (0.000)	Prec@5 0.000 (0.000)
Test: [10/17]	Time 0.131 (0.129)	Loss 0.1020 (0.0941)	Prec@1 0.000 (0.000)	Prec@5 0.000 (0.000)
Overall Acc: 	 0.8553067107698811
Mean Acc : 	 0.5
FreqW Acc : 	 0.731549569487993
Mean IoU : 	 0.42765335538494054
* Test:	Time 0.094 (0.127)	Loss 0.0817 (0.0864)	
learning rate = 0.000050
Epoch: [22][0/67]	Time 0.126 (0.331)	Data 0.024 (0.025)	Loss 0.1291 (0.1191)	
Epoch: [22][10/67]	Time 0.328 (0.331)	Data 0.025 (0.025)	Loss 0.0333 (0.1188)	
Epoch: [22][20/67]	Time 0.321 (0.331)	Data 0.024 (0.025)	Loss 0.0596 (0.1185)	
Epoch: [22][30/67]	Time 0.328 (0.331)	Data 0.025 (0.025)	Loss 0.1684 (0.1182)	
Epoch: [22][40/67]	Time 0.332 (0.331)	Data 0.025 (0.025)	Loss 0.0537 (0.1180)	
Epoch: [22][50/67]	Time 0.325 (0.331)	Data 0.024 (0.025)	Loss 0.0502 (0.1177)	
Epoch: [22][60/67]	Time 0.330 (0.331)	Data 0.025 (0.025)	Loss 0.1168 (0.1173)	
Test: [0/17]	Time 0.124 (0.124)	Loss 0.0854 (0.0854)	Prec@1 0.000 (0.000)	Prec@5 0.000 (0.000)
Test: [10/17]	Time 0.143 (0.129)	Loss 0.0345 (0.0689)	Prec@1 0.000 (0.000)	Prec@5 0.000 (0.000)
Overall Acc: 	 0.8545977464362756
Mean Acc : 	 0.5
FreqW Acc : 	 0.7303373082139608
Mean IoU : 	 0.4272988732181378
* Test:	Time 0.093 (0.127)	Loss 0.0523 (0.0814)	
learning rate = 0.000050
Epoch: [23][0/67]	Time 0.125 (0.331)	Data 0.024 (0.025)	Loss 0.1423 (0.1172)	
Epoch: [23][10/67]	Time 0.330 (0.331)	Data 0.025 (0.025)	Loss 0.0917 (0.1169)	
Epoch: [23][20/67]	Time 0.325 (0.331)	Data 0.025 (0.025)	Loss 0.0633 (0.1166)	
Epoch: [23][30/67]	Time 0.329 (0.331)	Data 0.025 (0.025)	Loss 0.0788 (0.1163)	
Epoch: [23][40/67]	Time 0.326 (0.331)	Data 0.024 (0.025)	Loss 0.0782 (0.1160)	
Epoch: [23][50/67]	Time 0.329 (0.331)	Data 0.024 (0.025)	Loss 0.0658 (0.1158)	
Epoch: [23][60/67]	Time 0.328 (0.331)	Data 0.025 (0.025)	Loss 0.0308 (0.1155)	
Test: [0/17]	Time 0.124 (0.124)	Loss 0.0708 (0.0708)	Prec@1 0.000 (0.000)	Prec@5 0.000 (0.000)
Test: [10/17]	Time 0.131 (0.129)	Loss 0.1037 (0.0848)	Prec@1 0.000 (0.000)	Prec@5 0.000 (0.000)
Overall Acc: 	 0.8545165560138759
Mean Acc : 	 0.5
FreqW Acc : 	 0.7301985445018154
Mean IoU : 	 0.42725827800693794
* Test:	Time 0.092 (0.127)	Loss 0.0832 (0.0817)	
learning rate = 0.000050
Epoch: [24][0/67]	Time 0.128 (0.330)	Data 0.024 (0.025)	Loss 0.1100 (0.1152)	
Epoch: [24][10/67]	Time 0.324 (0.330)	Data 0.025 (0.025)	Loss 0.0319 (0.1149)	
Epoch: [24][20/67]	Time 0.328 (0.330)	Data 0.025 (0.025)	Loss 0.0527 (0.1146)	
Epoch: [24][30/67]	Time 0.329 (0.330)	Data 0.025 (0.025)	Loss 0.0257 (0.1143)	
Epoch: [24][40/67]	Time 0.329 (0.330)	Data 0.025 (0.025)	Loss 0.0875 (0.1140)	
Epoch: [24][50/67]	Time 0.328 (0.330)	Data 0.025 (0.025)	Loss 0.0714 (0.1138)	
Epoch: [24][60/67]	Time 0.329 (0.330)	Data 0.025 (0.025)	Loss 0.0558 (0.1135)	
Test: [0/17]	Time 0.124 (0.124)	Loss 0.0515 (0.0515)	Prec@1 0.000 (0.000)	Prec@5 0.000 (0.000)
Test: [10/17]	Time 0.131 (0.128)	Loss 0.0750 (0.0834)	Prec@1 0.000 (0.000)	Prec@5 0.000 (0.000)
Overall Acc: 	 0.8541796100673391
Mean Acc : 	 0.5
FreqW Acc : 	 0.7296228062547915
Mean IoU : 	 0.42708980503366956
* Test:	Time 0.092 (0.126)	Loss 0.0674 (0.0850)	
learning rate = 0.000050
Epoch: [25][0/67]	Time 0.124 (0.330)	Data 0.024 (0.025)	Loss 0.0802 (0.1134)	
Epoch: [25][10/67]	Time 0.334 (0.330)	Data 0.025 (0.025)	Loss 0.0381 (0.1131)	
Epoch: [25][20/67]	Time 0.328 (0.330)	Data 0.025 (0.025)	Loss 0.0732 (0.1128)	
Epoch: [25][30/67]	Time 0.323 (0.330)	Data 0.024 (0.025)	Loss 0.0492 (0.1126)	
Epoch: [25][40/67]	Time 0.325 (0.330)	Data 0.025 (0.025)	Loss 0.1222 (0.1124)	
Epoch: [25][50/67]	Time 0.333 (0.330)	Data 0.025 (0.025)	Loss 0.0802 (0.1122)	
Epoch: [25][60/67]	Time 0.332 (0.330)	Data 0.025 (0.025)	Loss 0.0422 (0.1120)	
Test: [0/17]	Time 0.122 (0.122)	Loss 0.1079 (0.1079)	Prec@1 0.000 (0.000)	Prec@5 0.000 (0.000)
Test: [10/17]	Time 0.132 (0.127)	Loss 0.0621 (0.0890)	Prec@1 0.000 (0.000)	Prec@5 0.000 (0.000)
Overall Acc: 	 0.8551084603836288
Mean Acc : 	 0.5
FreqW Acc : 	 0.73121047901966
Mean IoU : 	 0.4275542301918144
* Test:	Time 0.095 (0.125)	Loss 0.0844 (0.0788)	
learning rate = 0.000050
Epoch: [26][0/67]	Time 0.123 (0.330)	Data 0.024 (0.025)	Loss 0.0524 (0.1118)	
Epoch: [26][10/67]	Time 0.329 (0.330)	Data 0.025 (0.025)	Loss 0.0673 (0.1116)	
Epoch: [26][20/67]	Time 0.330 (0.330)	Data 0.025 (0.025)	Loss 0.0622 (0.1113)	
Epoch: [26][30/67]	Time 0.329 (0.330)	Data 0.025 (0.025)	Loss 0.0933 (0.1111)	
Epoch: [26][40/67]	Time 0.329 (0.330)	Data 0.025 (0.025)	Loss 0.0974 (0.1109)	
Epoch: [26][50/67]	Time 0.328 (0.330)	Data 0.025 (0.025)	Loss 0.0528 (0.1106)	
Epoch: [26][60/67]	Time 0.328 (0.330)	Data 0.025 (0.025)	Loss 0.0400 (0.1103)	
Test: [0/17]	Time 0.124 (0.124)	Loss 0.0409 (0.0409)	Prec@1 0.000 (0.000)	Prec@5 0.000 (0.000)
Test: [10/17]	Time 0.131 (0.128)	Loss 0.1178 (0.0908)	Prec@1 0.000 (0.000)	Prec@5 0.000 (0.000)
Overall Acc: 	 0.8549573528232859
Mean Acc : 	 0.5
FreqW Acc : 	 0.7309520751466005
Mean IoU : 	 0.42747867641164294
* Test:	Time 0.095 (0.126)	Loss 0.0394 (0.0785)	
learning rate = 0.000050
Epoch: [27][0/67]	Time 0.125 (0.330)	Data 0.025 (0.025)	Loss 0.0539 (0.1101)	
Epoch: [27][10/67]	Time 0.332 (0.330)	Data 0.025 (0.025)	Loss 0.0691 (0.1099)	
Epoch: [27][20/67]	Time 0.328 (0.330)	Data 0.025 (0.025)	Loss 0.0438 (0.1097)	
Epoch: [27][30/67]	Time 0.329 (0.330)	Data 0.024 (0.025)	Loss 0.0763 (0.1095)	
Epoch: [27][40/67]	Time 0.333 (0.330)	Data 0.025 (0.025)	Loss 0.0799 (0.1093)	
Epoch: [27][50/67]	Time 0.328 (0.330)	Data 0.025 (0.025)	Loss 0.0768 (0.1090)	
Epoch: [27][60/67]	Time 0.332 (0.330)	Data 0.025 (0.025)	Loss 0.0660 (0.1087)	
Test: [0/17]	Time 0.123 (0.123)	Loss 0.0339 (0.0339)	Prec@1 0.000 (0.000)	Prec@5 0.000 (0.000)
Test: [10/17]	Time 0.128 (0.127)	Loss 0.0742 (0.0672)	Prec@1 0.000 (0.000)	Prec@5 0.000 (0.000)
Overall Acc: 	 0.8551129013744753
Mean Acc : 	 0.5
FreqW Acc : 	 0.7312180740970731
Mean IoU : 	 0.42755645068723763
* Test:	Time 0.093 (0.125)	Loss 0.0630 (0.0755)	
learning rate = 0.000050
Epoch: [28][0/67]	Time 0.127 (0.330)	Data 0.024 (0.025)	Loss 0.0775 (0.1086)	
Epoch: [28][10/67]	Time 0.332 (0.330)	Data 0.025 (0.025)	Loss 0.0448 (0.1083)	
Epoch: [28][20/67]	Time 0.328 (0.330)	Data 0.025 (0.025)	Loss 0.0464 (0.1081)	
Epoch: [28][30/67]	Time 0.332 (0.330)	Data 0.025 (0.025)	Loss 0.0905 (0.1080)	
Epoch: [28][40/67]	Time 0.326 (0.330)	Data 0.025 (0.025)	Loss 0.0689 (0.1078)	
Epoch: [28][50/67]	Time 0.327 (0.330)	Data 0.024 (0.025)	Loss 0.0614 (0.1076)	
Epoch: [28][60/67]	Time 0.328 (0.330)	Data 0.025 (0.025)	Loss 0.1091 (0.1074)	
Test: [0/17]	Time 0.125 (0.125)	Loss 0.0495 (0.0495)	Prec@1 0.000 (0.000)	Prec@5 0.000 (0.000)
Test: [10/17]	Time 0.131 (0.128)	Loss 0.0375 (0.0822)	Prec@1 0.000 (0.000)	Prec@5 0.000 (0.000)
Overall Acc: 	 0.8543386886368937
Mean Acc : 	 0.5
FreqW Acc : 	 0.7298945949018071
Mean IoU : 	 0.42716934431844683
* Test:	Time 0.096 (0.125)	Loss 0.0924 (0.0784)	
learning rate = 0.000050
Epoch: [29][0/67]	Time 0.125 (0.330)	Data 0.024 (0.025)	Loss 0.0860 (0.1073)	
Epoch: [29][10/67]	Time 0.325 (0.330)	Data 0.024 (0.025)	Loss 0.0464 (0.1071)	
Epoch: [29][20/67]	Time 0.330 (0.330)	Data 0.025 (0.025)	Loss 0.1570 (0.1070)	
Epoch: [29][30/67]	Time 0.326 (0.330)	Data 0.025 (0.025)	Loss 0.0751 (0.1068)	
Epoch: [29][40/67]	Time 0.325 (0.330)	Data 0.025 (0.025)	Loss 0.0645 (0.1066)	
Epoch: [29][50/67]	Time 0.322 (0.330)	Data 0.025 (0.025)	Loss 0.0907 (0.1064)	
Epoch: [29][60/67]	Time 0.328 (0.330)	Data 0.025 (0.025)	Loss 0.0471 (0.1061)	
Test: [0/17]	Time 0.126 (0.126)	Loss 0.0395 (0.0395)	Prec@1 0.000 (0.000)	Prec@5 0.000 (0.000)
Test: [10/17]	Time 0.132 (0.128)	Loss 0.0657 (0.0688)	Prec@1 0.000 (0.000)	Prec@5 0.000 (0.000)
Overall Acc: 	 0.8553481600177821
Mean Acc : 	 0.5
FreqW Acc : 	 0.7316204748458054
Mean IoU : 	 0.42767408000889107
* Test:	Time 0.094 (0.126)	Loss 0.0306 (0.0793)	
learning rate = 0.000050
Epoch: [30][0/67]	Time 0.124 (0.329)	Data 0.024 (0.025)	Loss 0.0791 (0.1059)	
Epoch: [30][10/67]	Time 0.328 (0.329)	Data 0.025 (0.025)	Loss 0.0452 (0.1057)	
Epoch: [30][20/67]	Time 0.327 (0.329)	Data 0.025 (0.025)	Loss 0.0592 (0.1055)	
Epoch: [30][30/67]	Time 0.328 (0.329)	Data 0.025 (0.025)	Loss 0.0737 (0.1053)	
Epoch: [30][40/67]	Time 0.327 (0.329)	Data 0.024 (0.025)	Loss 0.1094 (0.1051)	
Epoch: [30][50/67]	Time 0.328 (0.329)	Data 0.024 (0.025)	Loss 0.1076 (0.1050)	
Epoch: [30][60/67]	Time 0.323 (0.329)	Data 0.025 (0.025)	Loss 0.0526 (0.1048)	
Test: [0/17]	Time 0.123 (0.123)	Loss 0.0714 (0.0714)	Prec@1 0.000 (0.000)	Prec@5 0.000 (0.000)
Test: [10/17]	Time 0.131 (0.129)	Loss 0.0525 (0.0846)	Prec@1 0.000 (0.000)	Prec@5 0.000 (0.000)
Overall Acc: 	 0.8550080256675606
Mean Acc : 	 0.5
FreqW Acc : 	 0.73103872395594
Mean IoU : 	 0.4275040128337803
* Test:	Time 0.093 (0.126)	Loss 0.0665 (0.0769)	
learning rate = 0.000050
Epoch: [31][0/67]	Time 0.124 (0.329)	Data 0.024 (0.025)	Loss 0.0236 (0.1046)	
Epoch: [31][10/67]	Time 0.327 (0.329)	Data 0.025 (0.025)	Loss 0.0997 (0.1044)	
Epoch: [31][20/67]	Time 0.330 (0.329)	Data 0.025 (0.025)	Loss 0.0811 (0.1042)	
Epoch: [31][30/67]	Time 0.327 (0.329)	Data 0.025 (0.025)	Loss 0.0595 (0.1040)	
Epoch: [31][40/67]	Time 0.328 (0.329)	Data 0.025 (0.025)	Loss 0.0562 (0.1038)	
Epoch: [31][50/67]	Time 0.327 (0.329)	Data 0.025 (0.025)	Loss 0.0652 (0.1036)	
Epoch: [31][60/67]	Time 0.327 (0.329)	Data 0.024 (0.025)	Loss 0.0753 (0.1035)	
Test: [0/17]	Time 0.124 (0.124)	Loss 0.0721 (0.0721)	Prec@1 0.000 (0.000)	Prec@5 0.000 (0.000)
Test: [10/17]	Time 0.126 (0.193)	Loss 0.0472 (0.0840)	Prec@1 0.000 (0.000)	Prec@5 0.000 (0.000)
Overall Acc: 	 0.8552173215951493
Mean Acc : 	 0.5
FreqW Acc : 	 0.731396667156381
Mean IoU : 	 0.42760866079757465
* Test:	Time 0.095 (0.167)	Loss 0.0763 (0.0857)	
learning rate = 0.000050
Epoch: [32][0/67]	Time 0.124 (0.329)	Data 0.024 (0.025)	Loss 0.0430 (0.1034)	
Epoch: [32][10/67]	Time 0.327 (0.329)	Data 0.025 (0.025)	Loss 0.0819 (0.1032)	
Epoch: [32][20/67]	Time 0.327 (0.329)	Data 0.024 (0.025)	Loss 0.0457 (0.1030)	
Epoch: [32][30/67]	Time 0.327 (0.329)	Data 0.024 (0.025)	Loss 0.0625 (0.1028)	
Epoch: [32][40/67]	Time 0.321 (0.329)	Data 0.024 (0.025)	Loss 0.0589 (0.1027)	
Epoch: [32][50/67]	Time 0.326 (0.329)	Data 0.025 (0.025)	Loss 0.0401 (0.1025)	
Epoch: [32][60/67]	Time 0.328 (0.329)	Data 0.025 (0.025)	Loss 0.0744 (0.1024)	
Test: [0/17]	Time 0.124 (0.124)	Loss 0.1373 (0.1373)	Prec@1 0.000 (0.000)	Prec@5 0.000 (0.000)
Test: [10/17]	Time 0.130 (0.130)	Loss 0.0496 (0.0906)	Prec@1 0.000 (0.000)	Prec@5 0.000 (0.000)
Overall Acc: 	 0.8548462141805621
Mean Acc : 	 0.5
FreqW Acc : 	 0.7307620498988394
Mean IoU : 	 0.42742310709028103
* Test:	Time 0.092 (0.127)	Loss 0.0992 (0.0896)	
learning rate = 0.000050
Epoch: [33][0/67]	Time 0.124 (0.329)	Data 0.024 (0.025)	Loss 0.0932 (0.1023)	
Epoch: [33][10/67]	Time 0.328 (0.329)	Data 0.025 (0.025)	Loss 0.0652 (0.1021)	
Epoch: [33][20/67]	Time 0.328 (0.329)	Data 0.025 (0.025)	Loss 0.0705 (0.1019)	
Epoch: [33][30/67]	Time 0.332 (0.329)	Data 0.025 (0.025)	Loss 0.0628 (0.1018)	
Epoch: [33][40/67]	Time 0.329 (0.329)	Data 0.024 (0.025)	Loss 0.0699 (0.1016)	
Epoch: [33][50/67]	Time 0.334 (0.329)	Data 0.025 (0.025)	Loss 0.0317 (0.1014)	
Epoch: [33][60/67]	Time 0.328 (0.329)	Data 0.025 (0.025)	Loss 0.0973 (0.1013)	
Test: [0/17]	Time 0.126 (0.126)	Loss 0.0772 (0.0772)	Prec@1 0.000 (0.000)	Prec@5 0.000 (0.000)
Test: [10/17]	Time 0.129 (0.127)	Loss 0.0637 (0.0686)	Prec@1 0.000 (0.000)	Prec@5 0.000 (0.000)
Overall Acc: 	 0.8548446199787196
Mean Acc : 	 0.5
FreqW Acc : 	 0.7307593243065615
Mean IoU : 	 0.4274223099893598
* Test:	Time 0.095 (0.126)	Loss 0.0979 (0.0732)	
learning rate = 0.000050
Epoch: [34][0/67]	Time 0.124 (0.329)	Data 0.024 (0.025)	Loss 0.0311 (0.1011)	
Epoch: [34][10/67]	Time 0.330 (0.329)	Data 0.025 (0.025)	Loss 0.0159 (0.1009)	
Epoch: [34][20/67]	Time 0.328 (0.329)	Data 0.025 (0.025)	Loss 0.0492 (0.1008)	
Epoch: [34][30/67]	Time 0.330 (0.329)	Data 0.025 (0.025)	Loss 0.0307 (0.1006)	
Epoch: [34][40/67]	Time 0.328 (0.329)	Data 0.025 (0.025)	Loss 0.0776 (0.1004)	
Epoch: [34][50/67]	Time 0.328 (0.329)	Data 0.025 (0.025)	Loss 0.0359 (0.1002)	
Epoch: [34][60/67]	Time 0.331 (0.329)	Data 0.025 (0.025)	Loss 0.0690 (0.1002)	
Test: [0/17]	Time 0.126 (0.126)	Loss 0.0789 (0.0789)	Prec@1 0.000 (0.000)	Prec@5 0.000 (0.000)
Test: [10/17]	Time 0.134 (0.130)	Loss 0.0966 (0.0751)	Prec@1 0.000 (0.000)	Prec@5 0.000 (0.000)
Overall Acc: 	 0.8544590508759912
Mean Acc : 	 0.5
FreqW Acc : 	 0.7301002696238996
Mean IoU : 	 0.4272295254379956
* Test:	Time 0.093 (0.127)	Loss 0.0574 (0.0760)	
learning rate = 0.000050
Epoch: [35][0/67]	Time 0.124 (0.329)	Data 0.024 (0.025)	Loss 0.1004 (0.1001)	
Epoch: [35][10/67]	Time 0.331 (0.329)	Data 0.025 (0.025)	Loss 0.0884 (0.0999)	
Epoch: [35][20/67]	Time 0.325 (0.329)	Data 0.024 (0.025)	Loss 0.0568 (0.0997)	
Epoch: [35][30/67]	Time 0.333 (0.329)	Data 0.025 (0.025)	Loss 0.0613 (0.0996)	
Epoch: [35][40/67]	Time 0.328 (0.329)	Data 0.025 (0.025)	Loss 0.0994 (0.0994)	
Epoch: [35][50/67]	Time 0.328 (0.329)	Data 0.025 (0.025)	Loss 0.0714 (0.0993)	
Epoch: [35][60/67]	Time 0.323 (0.329)	Data 0.025 (0.025)	Loss 0.0703 (0.0991)	
Test: [0/17]	Time 0.123 (0.123)	Loss 0.0988 (0.0988)	Prec@1 0.000 (0.000)	Prec@5 0.000 (0.000)
Test: [10/17]	Time 0.129 (0.129)	Loss 0.0785 (0.0874)	Prec@1 0.000 (0.000)	Prec@5 0.000 (0.000)
Overall Acc: 	 0.8550738434293377
Mean Acc : 	 0.5
FreqW Acc : 	 0.7311512777170195
Mean IoU : 	 0.42753692171466884
* Test:	Time 0.093 (0.126)	Loss 0.0208 (0.0767)	
learning rate = 0.000050
Epoch: [36][0/67]	Time 0.127 (0.329)	Data 0.025 (0.025)	Loss 0.0491 (0.0990)	
Epoch: [36][10/67]	Time 0.323 (0.329)	Data 0.025 (0.025)	Loss 0.0646 (0.0989)	
Epoch: [36][20/67]	Time 0.329 (0.329)	Data 0.024 (0.025)	Loss 0.1110 (0.0987)	
Epoch: [36][30/67]	Time 0.328 (0.329)	Data 0.025 (0.025)	Loss 0.0727 (0.0986)	
Epoch: [36][40/67]	Time 0.330 (0.329)	Data 0.025 (0.025)	Loss 0.0353 (0.0984)	
Epoch: [36][50/67]	Time 0.331 (0.329)	Data 0.025 (0.025)	Loss 0.0649 (0.0983)	
Epoch: [36][60/67]	Time 0.330 (0.329)	Data 0.025 (0.025)	Loss 0.0553 (0.0981)	
Test: [0/17]	Time 0.124 (0.124)	Loss 0.0810 (0.0810)	Prec@1 0.000 (0.000)	Prec@5 0.000 (0.000)
Test: [10/17]	Time 0.129 (0.128)	Loss 0.1032 (0.0754)	Prec@1 0.000 (0.000)	Prec@5 0.000 (0.000)
Overall Acc: 	 0.8546656138861357
Mean Acc : 	 0.5
FreqW Acc : 	 0.7304533115593652
Mean IoU : 	 0.42733280694306786
* Test:	Time 0.093 (0.126)	Loss 0.0850 (0.0742)	
learning rate = 0.000050
Epoch: [37][0/67]	Time 0.124 (0.329)	Data 0.024 (0.025)	Loss 0.0435 (0.0981)	
Epoch: [37][10/67]	Time 0.327 (0.329)	Data 0.025 (0.025)	Loss 0.0731 (0.0979)	
Epoch: [37][20/67]	Time 0.329 (0.329)	Data 0.025 (0.025)	Loss 0.0454 (0.0978)	
Epoch: [37][30/67]	Time 0.332 (0.329)	Data 0.025 (0.025)	Loss 0.0357 (0.0976)	
Epoch: [37][40/67]	Time 0.328 (0.329)	Data 0.025 (0.025)	Loss 0.0515 (0.0975)	
Epoch: [37][50/67]	Time 0.330 (0.329)	Data 0.025 (0.025)	Loss 0.0954 (0.0974)	
Epoch: [37][60/67]	Time 0.329 (0.329)	Data 0.025 (0.025)	Loss 0.0850 (0.0973)	
Test: [0/17]	Time 0.124 (0.124)	Loss 0.0817 (0.0817)	Prec@1 0.000 (0.000)	Prec@5 0.000 (0.000)
Test: [10/17]	Time 0.130 (0.129)	Loss 0.0449 (0.0769)	Prec@1 0.000 (0.000)	Prec@5 0.000 (0.000)
Overall Acc: 	 0.8552203961272737
Mean Acc : 	 0.5
FreqW Acc : 	 0.731401925952091
Mean IoU : 	 0.42761019806363687
* Test:	Time 0.093 (0.126)	Loss 0.0891 (0.0840)	
learning rate = 0.000050
Epoch: [38][0/67]	Time 0.130 (0.329)	Data 0.024 (0.025)	Loss 0.0327 (0.0971)	
Epoch: [38][10/67]	Time 0.325 (0.329)	Data 0.025 (0.025)	Loss 0.0604 (0.0971)	
Epoch: [38][20/67]	Time 0.329 (0.329)	Data 0.025 (0.025)	Loss 0.0650 (0.0969)	
Epoch: [38][30/67]	Time 0.328 (0.329)	Data 0.025 (0.025)	Loss 0.0846 (0.0968)	
Epoch: [38][40/67]	Time 0.330 (0.329)	Data 0.025 (0.025)	Loss 0.0682 (0.0966)	
Epoch: [38][50/67]	Time 0.329 (0.329)	Data 0.025 (0.025)	Loss 0.0359 (0.0965)	
Epoch: [38][60/67]	Time 0.327 (0.329)	Data 0.025 (0.025)	Loss 0.0696 (0.0964)	
Test: [0/17]	Time 0.125 (0.125)	Loss 0.0778 (0.0778)	Prec@1 0.000 (0.000)	Prec@5 0.000 (0.000)
Test: [10/17]	Time 0.128 (0.128)	Loss 0.0570 (0.0620)	Prec@1 0.000 (0.000)	Prec@5 0.000 (0.000)
Overall Acc: 	 0.8543871979215252
Mean Acc : 	 0.5
FreqW Acc : 	 0.7299774839721954
Mean IoU : 	 0.4271935989607626
* Test:	Time 0.095 (0.126)	Loss 0.0713 (0.0763)	
learning rate = 0.000050
Epoch: [39][0/67]	Time 0.125 (0.328)	Data 0.024 (0.025)	Loss 0.1106 (0.0963)	
Epoch: [39][10/67]	Time 0.325 (0.328)	Data 0.025 (0.025)	Loss 0.0350 (0.0962)	
Epoch: [39][20/67]	Time 0.332 (0.328)	Data 0.024 (0.025)	Loss 0.0732 (0.0961)	
Epoch: [39][30/67]	Time 0.328 (0.328)	Data 0.025 (0.025)	Loss 0.0595 (0.0959)	
Epoch: [39][40/67]	Time 0.327 (0.328)	Data 0.025 (0.025)	Loss 0.0639 (0.0958)	
Epoch: [39][50/67]	Time 0.329 (0.328)	Data 0.025 (0.025)	Loss 0.0873 (0.0957)	
Epoch: [39][60/67]	Time 0.331 (0.328)	Data 0.025 (0.025)	Loss 0.0868 (0.0955)	
Test: [0/17]	Time 0.122 (0.122)	Loss 0.0763 (0.0763)	Prec@1 0.000 (0.000)	Prec@5 0.000 (0.000)
Test: [10/17]	Time 0.127 (0.127)	Loss 0.0418 (0.0751)	Prec@1 0.000 (0.000)	Prec@5 0.000 (0.000)
Overall Acc: 	 0.8546904378862523
Mean Acc : 	 0.5
FreqW Acc : 	 0.7304957446141938
Mean IoU : 	 0.42734521894312616
* Test:	Time 0.093 (0.125)	Loss 0.0366 (0.0787)	
learning rate = 0.000050
Epoch: [40][0/67]	Time 0.129 (0.328)	Data 0.025 (0.025)	Loss 0.0608 (0.0955)	
Epoch: [40][10/67]	Time 0.327 (0.328)	Data 0.024 (0.025)	Loss 0.0989 (0.0954)	
Epoch: [40][20/67]	Time 0.325 (0.328)	Data 0.026 (0.025)	Loss 0.0846 (0.0952)	
Epoch: [40][30/67]	Time 0.324 (0.328)	Data 0.025 (0.025)	Loss 0.0616 (0.0951)	
Epoch: [40][40/67]	Time 0.328 (0.328)	Data 0.024 (0.025)	Loss 0.0270 (0.0950)	
Epoch: [40][50/67]	Time 0.329 (0.328)	Data 0.024 (0.025)	Loss 0.0652 (0.0949)	
Epoch: [40][60/67]	Time 0.329 (0.328)	Data 0.025 (0.025)	Loss 0.0350 (0.0947)	
Test: [0/17]	Time 0.125 (0.125)	Loss 0.0599 (0.0599)	Prec@1 0.000 (0.000)	Prec@5 0.000 (0.000)
Test: [10/17]	Time 0.129 (0.127)	Loss 0.1067 (0.0795)	Prec@1 0.000 (0.000)	Prec@5 0.000 (0.000)
Overall Acc: 	 0.8543661316828941
Mean Acc : 	 0.5
FreqW Acc : 	 0.7299414869667924
Mean IoU : 	 0.42718306584144705
* Test:	Time 0.093 (0.125)	Loss 0.0957 (0.0763)	
learning rate = 0.000050
Epoch: [41][0/67]	Time 0.125 (0.328)	Data 0.024 (0.025)	Loss 0.0351 (0.0947)	
Epoch: [41][10/67]	Time 0.325 (0.328)	Data 0.025 (0.025)	Loss 0.0647 (0.0946)	
Epoch: [41][20/67]	Time 0.333 (0.328)	Data 0.024 (0.025)	Loss 0.0417 (0.0944)	
Epoch: [41][30/67]	Time 0.328 (0.328)	Data 0.025 (0.025)	Loss 0.0637 (0.0943)	
Epoch: [41][40/67]	Time 0.329 (0.328)	Data 0.035 (0.025)	Loss 0.0438 (0.0942)	
Epoch: [41][50/67]	Time 0.332 (0.328)	Data 0.025 (0.025)	Loss 0.0625 (0.0941)	
Epoch: [41][60/67]	Time 0.333 (0.328)	Data 0.024 (0.025)	Loss 0.0878 (0.0940)	
Test: [0/17]	Time 0.124 (0.124)	Loss 0.0717 (0.0717)	Prec@1 0.000 (0.000)	Prec@5 0.000 (0.000)
Test: [10/17]	Time 0.131 (0.129)	Loss 0.0834 (0.0765)	Prec@1 0.000 (0.000)	Prec@5 0.000 (0.000)
Overall Acc: 	 0.854402684453708
Mean Acc : 	 0.5
FreqW Acc : 	 0.7300039472017026
Mean IoU : 	 0.427201342226854
* Test:	Time 0.092 (0.127)	Loss 0.0811 (0.0787)	
learning rate = 0.000050
Epoch: [42][0/67]	Time 0.124 (0.328)	Data 0.024 (0.025)	Loss 0.0473 (0.0939)	
Epoch: [42][10/67]	Time 0.332 (0.328)	Data 0.025 (0.025)	Loss 0.0672 (0.0938)	
Epoch: [42][20/67]	Time 0.324 (0.328)	Data 0.025 (0.025)	Loss 0.0485 (0.0936)	
Epoch: [42][30/67]	Time 0.325 (0.328)	Data 0.025 (0.025)	Loss 0.0417 (0.0935)	
Epoch: [42][40/67]	Time 0.324 (0.328)	Data 0.025 (0.025)	Loss 0.0855 (0.0934)	
Epoch: [42][50/67]	Time 0.328 (0.328)	Data 0.024 (0.025)	Loss 0.0422 (0.0933)	
Epoch: [42][60/67]	Time 0.333 (0.328)	Data 0.024 (0.025)	Loss 0.0644 (0.0932)	
Test: [0/17]	Time 0.124 (0.124)	Loss 0.0903 (0.0903)	Prec@1 0.000 (0.000)	Prec@5 0.000 (0.000)
Test: [10/17]	Time 0.133 (0.129)	Loss 0.0739 (0.0825)	Prec@1 0.000 (0.000)	Prec@5 0.000 (0.000)
Overall Acc: 	 0.8555470936333955
Mean Acc : 	 0.5
FreqW Acc : 	 0.7319608294245501
Mean IoU : 	 0.42777354681669777
* Test:	Time 0.095 (0.126)	Loss 0.0514 (0.0758)	
learning rate = 0.000050
Epoch: [43][0/67]	Time 0.125 (0.328)	Data 0.024 (0.025)	Loss 0.1017 (0.0932)	
Epoch: [43][10/67]	Time 0.324 (0.328)	Data 0.025 (0.025)	Loss 0.0879 (0.0930)	
Epoch: [43][20/67]	Time 0.330 (0.328)	Data 0.024 (0.025)	Loss 0.0466 (0.0929)	
Epoch: [43][30/67]	Time 0.328 (0.328)	Data 0.024 (0.025)	Loss 0.0389 (0.0928)	
Epoch: [43][40/67]	Time 0.329 (0.328)	Data 0.024 (0.025)	Loss 0.0734 (0.0927)	
Epoch: [43][50/67]	Time 0.333 (0.328)	Data 0.024 (0.025)	Loss 0.0428 (0.0926)	
Epoch: [43][60/67]	Time 0.324 (0.328)	Data 0.024 (0.025)	Loss 0.0868 (0.0925)	
Test: [0/17]	Time 0.124 (0.124)	Loss 0.0436 (0.0436)	Prec@1 0.000 (0.000)	Prec@5 0.000 (0.000)
Test: [10/17]	Time 0.131 (0.128)	Loss 0.0475 (0.0670)	Prec@1 0.000 (0.000)	Prec@5 0.000 (0.000)
Overall Acc: 	 0.8552909964945778
Mean Acc : 	 0.5
FreqW Acc : 	 0.731522688684688
Mean IoU : 	 0.4276454982472889
* Test:	Time 0.096 (0.126)	Loss 0.1027 (0.0706)	
learning rate = 0.000050
Epoch: [44][0/67]	Time 0.125 (0.328)	Data 0.024 (0.025)	Loss 0.0635 (0.0924)	
Epoch: [44][10/67]	Time 0.329 (0.328)	Data 0.024 (0.025)	Loss 0.0614 (0.0923)	
Epoch: [44][20/67]	Time 0.334 (0.328)	Data 0.024 (0.025)	Loss 0.0499 (0.0923)	
Epoch: [44][30/67]	Time 0.325 (0.328)	Data 0.025 (0.025)	Loss 0.0768 (0.0922)	
Epoch: [44][40/67]	Time 0.325 (0.328)	Data 0.025 (0.025)	Loss 0.0545 (0.0920)	
Epoch: [44][50/67]	Time 0.333 (0.328)	Data 0.025 (0.025)	Loss 0.0793 (0.0920)	
Epoch: [44][60/67]	Time 0.329 (0.328)	Data 0.024 (0.025)	Loss 0.0520 (0.0918)	
Test: [0/17]	Time 0.123 (0.123)	Loss 0.0563 (0.0563)	Prec@1 0.000 (0.000)	Prec@5 0.000 (0.000)
Test: [10/17]	Time 0.128 (0.127)	Loss 0.0341 (0.0740)	Prec@1 0.000 (0.000)	Prec@5 0.000 (0.000)
Overall Acc: 	 0.8548642058870686
Mean Acc : 	 0.5
FreqW Acc : 	 0.7307928105069283
Mean IoU : 	 0.4274321029435343
* Test:	Time 0.093 (0.126)	Loss 0.0872 (0.0737)	
learning rate = 0.000050
Epoch: [45][0/67]	Time 0.125 (0.328)	Data 0.024 (0.025)	Loss 0.0643 (0.0917)	
Epoch: [45][10/67]	Time 0.327 (0.328)	Data 0.024 (0.025)	Loss 0.0563 (0.0916)	
Epoch: [45][20/67]	Time 0.329 (0.328)	Data 0.024 (0.025)	Loss 0.0506 (0.0916)	
Epoch: [45][30/67]	Time 0.331 (0.328)	Data 0.025 (0.025)	Loss 0.0289 (0.0914)	
Epoch: [45][40/67]	Time 0.329 (0.328)	Data 0.025 (0.025)	Loss 0.0520 (0.0913)	
Epoch: [45][50/67]	Time 0.330 (0.328)	Data 0.024 (0.025)	Loss 0.0618 (0.0912)	
Epoch: [45][60/67]	Time 0.333 (0.328)	Data 0.025 (0.025)	Loss 0.0651 (0.0911)	
Test: [0/17]	Time 0.125 (0.125)	Loss 0.0687 (0.0687)	Prec@1 0.000 (0.000)	Prec@5 0.000 (0.000)
Test: [10/17]	Time 0.129 (0.128)	Loss 0.0551 (0.0732)	Prec@1 0.000 (0.000)	Prec@5 0.000 (0.000)
Overall Acc: 	 0.8552038847510495
Mean Acc : 	 0.5
FreqW Acc : 	 0.7313736844932863
Mean IoU : 	 0.42760194237552474
* Test:	Time 0.092 (0.126)	Loss 0.0367 (0.0781)	
learning rate = 0.000050
Epoch: [46][0/67]	Time 0.126 (0.328)	Data 0.024 (0.025)	Loss 0.0607 (0.0911)	
Epoch: [46][10/67]	Time 0.333 (0.328)	Data 0.025 (0.025)	Loss 0.0548 (0.0909)	
Epoch: [46][20/67]	Time 0.328 (0.328)	Data 0.024 (0.025)	Loss 0.1076 (0.0909)	
Epoch: [46][30/67]	Time 0.330 (0.328)	Data 0.025 (0.025)	Loss 0.0472 (0.0908)	
Epoch: [46][40/67]	Time 0.328 (0.328)	Data 0.025 (0.025)	Loss 0.0792 (0.0907)	
Epoch: [46][50/67]	Time 0.331 (0.328)	Data 0.024 (0.025)	Loss 0.0617 (0.0905)	
Epoch: [46][60/67]	Time 0.323 (0.328)	Data 0.025 (0.025)	Loss 0.0739 (0.0905)	
Test: [0/17]	Time 0.127 (0.127)	Loss 0.0472 (0.0472)	Prec@1 0.000 (0.000)	Prec@5 0.000 (0.000)
Test: [10/17]	Time 0.130 (0.128)	Loss 0.0971 (0.0743)	Prec@1 0.000 (0.000)	Prec@5 0.000 (0.000)
Overall Acc: 	 0.8552719799440298
Mean Acc : 	 0.5
FreqW Acc : 	 0.731490159677381
Mean IoU : 	 0.4276359899720149
* Test:	Time 0.095 (0.126)	Loss 0.1194 (0.0791)	
learning rate = 0.000050
Epoch: [47][0/67]	Time 0.124 (0.328)	Data 0.025 (0.025)	Loss 0.0632 (0.0904)	
Epoch: [47][10/67]	Time 0.326 (0.328)	Data 0.025 (0.025)	Loss 0.0426 (0.0903)	
Epoch: [47][20/67]	Time 0.327 (0.328)	Data 0.025 (0.025)	Loss 0.0666 (0.0902)	
Epoch: [47][30/67]	Time 0.326 (0.328)	Data 0.025 (0.025)	Loss 0.0345 (0.0901)	
Epoch: [47][40/67]	Time 0.329 (0.328)	Data 0.025 (0.025)	Loss 0.0585 (0.0900)	
Epoch: [47][50/67]	Time 0.331 (0.328)	Data 0.025 (0.025)	Loss 0.0692 (0.0899)	
Epoch: [47][60/67]	Time 0.333 (0.328)	Data 0.025 (0.025)	Loss 0.0451 (0.0898)	
Test: [0/17]	Time 0.125 (0.125)	Loss 0.0488 (0.0488)	Prec@1 0.000 (0.000)	Prec@5 0.000 (0.000)
Test: [10/17]	Time 0.130 (0.128)	Loss 0.0834 (0.0641)	Prec@1 0.000 (0.000)	Prec@5 0.000 (0.000)
Overall Acc: 	 0.8556955821478545
Mean Acc : 	 0.5
FreqW Acc : 	 0.7322149293073555
Mean IoU : 	 0.42784779107392723
* Test:	Time 0.095 (0.126)	Loss 0.0610 (0.0755)	
learning rate = 0.000050
Epoch: [48][0/67]	Time 0.128 (0.328)	Data 0.025 (0.025)	Loss 0.1042 (0.0898)	
Epoch: [48][10/67]	Time 0.332 (0.328)	Data 0.025 (0.025)	Loss 0.0494 (0.0897)	
Epoch: [48][20/67]	Time 0.328 (0.328)	Data 0.025 (0.025)	Loss 0.0445 (0.0896)	
Epoch: [48][30/67]	Time 0.329 (0.328)	Data 0.024 (0.025)	Loss 0.0314 (0.0895)	
Epoch: [48][40/67]	Time 0.329 (0.328)	Data 0.025 (0.025)	Loss 0.0541 (0.0894)	
Epoch: [48][50/67]	Time 0.331 (0.328)	Data 0.025 (0.025)	Loss 0.0509 (0.0893)	
Epoch: [48][60/67]	Time 0.327 (0.328)	Data 0.025 (0.025)	Loss 0.0775 (0.0892)	
Test: [0/17]	Time 0.123 (0.123)	Loss 0.0802 (0.0802)	Prec@1 0.000 (0.000)	Prec@5 0.000 (0.000)
Test: [10/17]	Time 0.133 (0.128)	Loss 0.0725 (0.0821)	Prec@1 0.000 (0.000)	Prec@5 0.000 (0.000)
Overall Acc: 	 0.8545476429498018
Mean Acc : 	 0.5
FreqW Acc : 	 0.730251674071062
Mean IoU : 	 0.4272738214749009
* Test:	Time 0.093 (0.126)	Loss 0.0677 (0.0775)	
learning rate = 0.000050
Epoch: [49][0/67]	Time 0.125 (0.328)	Data 0.024 (0.025)	Loss 0.0799 (0.0892)	
Epoch: [49][10/67]	Time 0.328 (0.328)	Data 0.024 (0.025)	Loss 0.0343 (0.0891)	
Epoch: [49][20/67]	Time 0.331 (0.328)	Data 0.025 (0.025)	Loss 0.0875 (0.0891)	
Epoch: [49][30/67]	Time 0.328 (0.328)	Data 0.025 (0.025)	Loss 0.0634 (0.0891)	
Epoch: [49][40/67]	Time 0.329 (0.328)	Data 0.025 (0.025)	Loss 0.0778 (0.0890)	
Epoch: [49][50/67]	Time 0.326 (0.328)	Data 0.035 (0.025)	Loss 0.0458 (0.0889)	
Epoch: [49][60/67]	Time 0.326 (0.328)	Data 0.025 (0.025)	Loss 0.0389 (0.0889)	
Test: [0/17]	Time 0.128 (0.128)	Loss 0.0667 (0.0667)	Prec@1 0.000 (0.000)	Prec@5 0.000 (0.000)
Test: [10/17]	Time 0.129 (0.129)	Loss 0.0520 (0.0753)	Prec@1 0.000 (0.000)	Prec@5 0.000 (0.000)
Overall Acc: 	 0.8547633156847598
Mean Acc : 	 0.5
FreqW Acc : 	 0.7306203258404044
Mean IoU : 	 0.4273816578423799
* Test:	Time 0.093 (0.126)	Loss 0.0569 (0.0738)	
learning rate = 0.000050
Epoch: [50][0/67]	Time 0.127 (0.328)	Data 0.024 (0.025)	Loss 0.0279 (0.0888)	
Epoch: [50][10/67]	Time 0.329 (0.328)	Data 0.025 (0.025)	Loss 0.0560 (0.0887)	
Epoch: [50][20/67]	Time 0.327 (0.328)	Data 0.024 (0.025)	Loss 0.0828 (0.0887)	
Epoch: [50][30/67]	Time 0.329 (0.328)	Data 0.026 (0.025)	Loss 0.0881 (0.0886)	
Epoch: [50][40/67]	Time 0.327 (0.328)	Data 0.024 (0.025)	Loss 0.0879 (0.0885)	
Epoch: [50][50/67]	Time 0.330 (0.328)	Data 0.025 (0.025)	Loss 0.0757 (0.0885)	
Epoch: [50][60/67]	Time 0.328 (0.328)	Data 0.025 (0.025)	Loss 0.0599 (0.0884)	
Test: [0/17]	Time 0.124 (0.124)	Loss 0.0439 (0.0439)	Prec@1 0.000 (0.000)	Prec@5 0.000 (0.000)
Test: [10/17]	Time 0.135 (0.128)	Loss 0.0480 (0.0655)	Prec@1 0.000 (0.000)	Prec@5 0.000 (0.000)
Overall Acc: 	 0.8544370736648788
Mean Acc : 	 0.5
FreqW Acc : 	 0.7300627128530014
Mean IoU : 	 0.4272185368324394
* Test:	Time 0.093 (0.127)	Loss 0.2025 (0.0714)	
learning rate = 0.000050
Epoch: [51][0/67]	Time 0.126 (0.328)	Data 0.024 (0.025)	Loss 0.1548 (0.0883)	
Epoch: [51][10/67]	Time 0.325 (0.328)	Data 0.024 (0.025)	Loss 0.0497 (0.0883)	
Epoch: [51][20/67]	Time 0.333 (0.328)	Data 0.025 (0.025)	Loss 0.0542 (0.0882)	
Epoch: [51][30/67]	Time 0.326 (0.328)	Data 0.025 (0.025)	Loss 0.1251 (0.0881)	
Epoch: [51][40/67]	Time 0.326 (0.328)	Data 0.035 (0.025)	Loss 0.0393 (0.0880)	
Epoch: [51][50/67]	Time 0.328 (0.328)	Data 0.025 (0.025)	Loss 0.0508 (0.0879)	
Epoch: [51][60/67]	Time 0.327 (0.328)	Data 0.035 (0.025)	Loss 0.1240 (0.0878)	
Test: [0/17]	Time 0.135 (0.135)	Loss 0.0799 (0.0799)	Prec@1 0.000 (0.000)	Prec@5 0.000 (0.000)
Test: [10/17]	Time 0.131 (0.131)	Loss 0.1749 (0.0798)	Prec@1 0.000 (0.000)	Prec@5 0.000 (0.000)
Overall Acc: 	 0.8544276223253848
Mean Acc : 	 0.5
FreqW Acc : 	 0.7300465617926104
Mean IoU : 	 0.4272138111626924
* Test:	Time 0.092 (0.128)	Loss 0.0574 (0.0802)	
learning rate = 0.000050
Epoch: [52][0/67]	Time 0.129 (0.328)	Data 0.024 (0.025)	Loss 0.0426 (0.0878)	
Epoch: [52][10/67]	Time 0.331 (0.328)	Data 0.025 (0.025)	Loss 0.0591 (0.0877)	
Epoch: [52][20/67]	Time 0.329 (0.328)	Data 0.025 (0.025)	Loss 0.0580 (0.0876)	
Epoch: [52][30/67]	Time 0.329 (0.328)	Data 0.025 (0.025)	Loss 0.0764 (0.0876)	
Epoch: [52][40/67]	Time 0.329 (0.328)	Data 0.024 (0.025)	Loss 0.0273 (0.0875)	
Epoch: [52][50/67]	Time 0.332 (0.328)	Data 0.024 (0.025)	Loss 0.0508 (0.0874)	
Epoch: [52][60/67]	Time 0.327 (0.328)	Data 0.025 (0.025)	Loss 0.0605 (0.0873)	
Test: [0/17]	Time 0.124 (0.124)	Loss 0.1008 (0.1008)	Prec@1 0.000 (0.000)	Prec@5 0.000 (0.000)
Test: [10/17]	Time 0.127 (0.128)	Loss 0.0441 (0.0739)	Prec@1 0.000 (0.000)	Prec@5 0.000 (0.000)
Overall Acc: 	 0.8547731086389342
Mean Acc : 	 0.5
FreqW Acc : 	 0.7306370672522672
Mean IoU : 	 0.4273865543194671
* Test:	Time 0.093 (0.125)	Loss 0.0872 (0.0714)	
learning rate = 0.000050
Epoch: [53][0/67]	Time 0.124 (0.328)	Data 0.024 (0.025)	Loss 0.0812 (0.0873)	
Epoch: [53][10/67]	Time 0.327 (0.328)	Data 0.025 (0.025)	Loss 0.0417 (0.0872)	
Epoch: [53][20/67]	Time 0.327 (0.328)	Data 0.025 (0.025)	Loss 0.0903 (0.0871)	
Epoch: [53][30/67]	Time 0.328 (0.328)	Data 0.025 (0.025)	Loss 0.0397 (0.0871)	
Epoch: [53][40/67]	Time 0.329 (0.328)	Data 0.025 (0.025)	Loss 0.0825 (0.0870)	
Epoch: [53][50/67]	Time 0.325 (0.328)	Data 0.025 (0.025)	Loss 0.0270 (0.0869)	
Epoch: [53][60/67]	Time 0.330 (0.328)	Data 0.025 (0.025)	Loss 0.0719 (0.0868)	
Test: [0/17]	Time 0.127 (0.127)	Loss 0.2697 (0.2697)	Prec@1 0.000 (0.000)	Prec@5 0.000 (0.000)
Test: [10/17]	Time 0.130 (0.129)	Loss 0.0836 (0.0861)	Prec@1 0.000 (0.000)	Prec@5 0.000 (0.000)
Overall Acc: 	 0.8549202306946712
Mean Acc : 	 0.5
FreqW Acc : 	 0.7308886008510298
Mean IoU : 	 0.4274601153473356
* Test:	Time 0.092 (0.126)	Loss 0.0804 (0.0760)	
learning rate = 0.000050
Epoch: [54][0/67]	Time 0.125 (0.328)	Data 0.024 (0.025)	Loss 0.0449 (0.0868)	
Epoch: [54][10/67]	Time 0.326 (0.328)	Data 0.025 (0.025)	Loss 0.0488 (0.0867)	
Epoch: [54][20/67]	Time 0.326 (0.328)	Data 0.025 (0.025)	Loss 0.0810 (0.0866)	
Epoch: [54][30/67]	Time 0.331 (0.328)	Data 0.025 (0.025)	Loss 0.0731 (0.0866)	
Epoch: [54][40/67]	Time 0.326 (0.328)	Data 0.025 (0.025)	Loss 0.0531 (0.0865)	
Epoch: [54][50/67]	Time 0.334 (0.328)	Data 0.025 (0.025)	Loss 0.0653 (0.0864)	
Epoch: [54][60/67]	Time 0.328 (0.328)	Data 0.025 (0.025)	Loss 0.0566 (0.0863)	
Test: [0/17]	Time 0.124 (0.124)	Loss 0.0529 (0.0529)	Prec@1 0.000 (0.000)	Prec@5 0.000 (0.000)
Test: [10/17]	Time 0.128 (0.129)	Loss 0.0750 (0.0840)	Prec@1 0.000 (0.000)	Prec@5 0.000 (0.000)
Overall Acc: 	 0.8553910895959654
Mean Acc : 	 0.5
FreqW Acc : 	 0.731693916160173
Mean IoU : 	 0.4276955447979827
* Test:	Time 0.093 (0.127)	Loss 0.0492 (0.0794)	
learning rate = 0.000050
Epoch: [55][0/67]	Time 0.123 (0.328)	Data 0.024 (0.025)	Loss 0.0683 (0.0863)	
Epoch: [55][10/67]	Time 0.327 (0.328)	Data 0.025 (0.025)	Loss 0.0424 (0.0862)	
Epoch: [55][20/67]	Time 0.330 (0.328)	Data 0.025 (0.025)	Loss 0.0569 (0.0862)	
Epoch: [55][30/67]	Time 0.323 (0.328)	Data 0.025 (0.025)	Loss 0.0801 (0.0861)	
Epoch: [55][40/67]	Time 0.333 (0.328)	Data 0.025 (0.025)	Loss 0.0706 (0.0861)	
Epoch: [55][50/67]	Time 0.326 (0.328)	Data 0.025 (0.025)	Loss 0.0344 (0.0860)	
Epoch: [55][60/67]	Time 0.338 (0.328)	Data 0.025 (0.025)	Loss 0.0527 (0.0859)	
Test: [0/17]	Time 0.126 (0.126)	Loss 0.0817 (0.0817)	Prec@1 0.000 (0.000)	Prec@5 0.000 (0.000)
Test: [10/17]	Time 0.131 (0.129)	Loss 0.0653 (0.0687)	Prec@1 0.000 (0.000)	Prec@5 0.000 (0.000)
Overall Acc: 	 0.8555388948810634
Mean Acc : 	 0.5
FreqW Acc : 	 0.7319468006543112
Mean IoU : 	 0.4277694474405317
* Test:	Time 0.093 (0.127)	Loss 0.0550 (0.0717)	
learning rate = 0.000050
Epoch: [56][0/67]	Time 0.124 (0.328)	Data 0.024 (0.025)	Loss 0.0400 (0.0859)	
Epoch: [56][10/67]	Time 0.328 (0.328)	Data 0.025 (0.025)	Loss 0.0809 (0.0858)	
Epoch: [56][20/67]	Time 0.325 (0.328)	Data 0.025 (0.025)	Loss 0.0801 (0.0857)	
Epoch: [56][30/67]	Time 0.330 (0.328)	Data 0.024 (0.025)	Loss 0.0597 (0.0857)	
Epoch: [56][40/67]	Time 0.332 (0.328)	Data 0.024 (0.025)	Loss 0.0668 (0.0856)	
Epoch: [56][50/67]	Time 0.328 (0.328)	Data 0.025 (0.025)	Loss 0.0319 (0.0855)	
Epoch: [56][60/67]	Time 0.329 (0.328)	Data 0.025 (0.025)	Loss 0.0567 (0.0855)	
Test: [0/17]	Time 0.124 (0.124)	Loss 0.0722 (0.0722)	Prec@1 0.000 (0.000)	Prec@5 0.000 (0.000)
Test: [10/17]	Time 0.129 (0.128)	Loss 0.0496 (0.0655)	Prec@1 0.000 (0.000)	Prec@5 0.000 (0.000)
Overall Acc: 	 0.8550983258147737
Mean Acc : 	 0.5
FreqW Acc : 	 0.7311931468112289
Mean IoU : 	 0.42754916290738687
* Test:	Time 0.092 (0.127)	Loss 0.0771 (0.0711)	
learning rate = 0.000050
Epoch: [57][0/67]	Time 0.127 (0.327)	Data 0.024 (0.025)	Loss 0.0462 (0.0854)	
Epoch: [57][10/67]	Time 0.325 (0.328)	Data 0.025 (0.025)	Loss 0.0634 (0.0853)	
Epoch: [57][20/67]	Time 0.331 (0.327)	Data 0.024 (0.025)	Loss 0.0786 (0.0853)	
Epoch: [57][30/67]	Time 0.328 (0.328)	Data 0.025 (0.025)	Loss 0.0682 (0.0853)	
Epoch: [57][40/67]	Time 0.328 (0.328)	Data 0.025 (0.025)	Loss 0.0391 (0.0852)	
Epoch: [57][50/67]	Time 0.328 (0.328)	Data 0.024 (0.025)	Loss 0.0910 (0.0851)	
Epoch: [57][60/67]	Time 0.327 (0.328)	Data 0.024 (0.025)	Loss 0.0524 (0.0850)	
Test: [0/17]	Time 0.125 (0.125)	Loss 0.0809 (0.0809)	Prec@1 0.000 (0.000)	Prec@5 0.000 (0.000)
Test: [10/17]	Time 0.126 (0.131)	Loss 0.0483 (0.0731)	Prec@1 0.000 (0.000)	Prec@5 0.000 (0.000)
Overall Acc: 	 0.8552162967511078
Mean Acc : 	 0.5
FreqW Acc : 	 0.7313949142286789
Mean IoU : 	 0.4276081483755539
* Test:	Time 0.093 (0.127)	Loss 0.0572 (0.0722)	
learning rate = 0.000050
Epoch: [58][0/67]	Time 0.126 (0.327)	Data 0.025 (0.025)	Loss 0.0612 (0.0850)	
Epoch: [58][10/67]	Time 0.322 (0.327)	Data 0.025 (0.025)	Loss 0.0457 (0.0849)	
Epoch: [58][20/67]	Time 0.325 (0.327)	Data 0.025 (0.025)	Loss 0.0688 (0.0848)	
Epoch: [58][30/67]	Time 0.328 (0.327)	Data 0.024 (0.025)	Loss 0.1138 (0.0848)	
Epoch: [58][40/67]	Time 0.327 (0.327)	Data 0.025 (0.025)	Loss 0.0569 (0.0847)	
Epoch: [58][50/67]	Time 0.330 (0.327)	Data 0.024 (0.025)	Loss 0.0493 (0.0847)	
Epoch: [58][60/67]	Time 0.325 (0.327)	Data 0.025 (0.025)	Loss 0.0495 (0.0846)	
Test: [0/17]	Time 0.124 (0.124)	Loss 0.0733 (0.0733)	Prec@1 0.000 (0.000)	Prec@5 0.000 (0.000)
Test: [10/17]	Time 0.130 (0.128)	Loss 0.0535 (0.0628)	Prec@1 0.000 (0.000)	Prec@5 0.000 (0.000)
Overall Acc: 	 0.8545491232800839
Mean Acc : 	 0.5
FreqW Acc : 	 0.7302542040987601
Mean IoU : 	 0.42727456164004196
* Test:	Time 0.094 (0.127)	Loss 0.0480 (0.0729)	
learning rate = 0.000050
Epoch: [59][0/67]	Time 0.125 (0.327)	Data 0.024 (0.025)	Loss 0.0429 (0.0845)	
Epoch: [59][10/67]	Time 0.329 (0.327)	Data 0.025 (0.025)	Loss 0.0723 (0.0845)	
Epoch: [59][20/67]	Time 0.328 (0.327)	Data 0.025 (0.025)	Loss 0.0855 (0.0844)	
Epoch: [59][30/67]	Time 0.324 (0.327)	Data 0.025 (0.025)	Loss 0.0565 (0.0843)	
Epoch: [59][40/67]	Time 0.329 (0.327)	Data 0.025 (0.025)	Loss 0.0807 (0.0843)	
Epoch: [59][50/67]	Time 0.323 (0.327)	Data 0.024 (0.025)	Loss 0.0407 (0.0842)	
Epoch: [59][60/67]	Time 0.328 (0.327)	Data 0.025 (0.025)	Loss 0.1260 (0.0842)	
Test: [0/17]	Time 0.124 (0.124)	Loss 0.0513 (0.0513)	Prec@1 0.000 (0.000)	Prec@5 0.000 (0.000)
Test: [10/17]	Time 0.133 (0.129)	Loss 0.0276 (0.0687)	Prec@1 0.000 (0.000)	Prec@5 0.000 (0.000)
Overall Acc: 	 0.8547965661803288
Mean Acc : 	 0.5
FreqW Acc : 	 0.7306771695536813
Mean IoU : 	 0.4273982830901644
* Test:	Time 0.094 (0.127)	Loss 0.0439 (0.0767)	
learning rate = 0.000050
Epoch: [60][0/67]	Time 0.126 (0.327)	Data 0.025 (0.025)	Loss 0.0802 (0.0841)	
Epoch: [60][10/67]	Time 0.329 (0.327)	Data 0.024 (0.025)	Loss 0.0627 (0.0841)	
Epoch: [60][20/67]	Time 0.329 (0.327)	Data 0.025 (0.025)	Loss 0.0561 (0.0840)	
Epoch: [60][30/67]	Time 0.330 (0.327)	Data 0.025 (0.025)	Loss 0.0965 (0.0839)	
Epoch: [60][40/67]	Time 0.332 (0.327)	Data 0.025 (0.025)	Loss 0.0581 (0.0839)	
Epoch: [60][50/67]	Time 0.331 (0.327)	Data 0.025 (0.025)	Loss 0.0445 (0.0838)	
Epoch: [60][60/67]	Time 0.328 (0.327)	Data 0.025 (0.025)	Loss 0.0492 (0.0837)	
Test: [0/17]	Time 0.126 (0.126)	Loss 0.0811 (0.0811)	Prec@1 0.000 (0.000)	Prec@5 0.000 (0.000)
Test: [10/17]	Time 0.131 (0.129)	Loss 0.0522 (0.0745)	Prec@1 0.000 (0.000)	Prec@5 0.000 (0.000)
Overall Acc: 	 0.8548587400521805
Mean Acc : 	 0.5
FreqW Acc : 	 0.7307834654436016
Mean IoU : 	 0.42742937002609027
* Test:	Time 0.095 (0.127)	Loss 0.2450 (0.0821)	
learning rate = 0.000050
Epoch: [61][0/67]	Time 0.127 (0.327)	Data 0.025 (0.025)	Loss 0.0556 (0.0837)	
Epoch: [61][10/67]	Time 0.323 (0.327)	Data 0.024 (0.025)	Loss 0.0975 (0.0837)	
Epoch: [61][20/67]	Time 0.329 (0.327)	Data 0.025 (0.025)	Loss 0.0580 (0.0837)	
Epoch: [61][30/67]	Time 0.327 (0.327)	Data 0.025 (0.025)	Loss 0.0134 (0.0836)	
Epoch: [61][40/67]	Time 0.327 (0.327)	Data 0.025 (0.025)	Loss 0.0479 (0.0835)	
Epoch: [61][50/67]	Time 0.328 (0.327)	Data 0.024 (0.025)	Loss 0.0654 (0.0834)	
Epoch: [61][60/67]	Time 0.329 (0.327)	Data 0.025 (0.025)	Loss 0.0560 (0.0834)	
Test: [0/17]	Time 0.123 (0.123)	Loss 0.0555 (0.0555)	Prec@1 0.000 (0.000)	Prec@5 0.000 (0.000)
Test: [10/17]	Time 0.130 (0.128)	Loss 0.0776 (0.0787)	Prec@1 0.000 (0.000)	Prec@5 0.000 (0.000)
Overall Acc: 	 0.8546494441245919
Mean Acc : 	 0.5
FreqW Acc : 	 0.7304256723424739
Mean IoU : 	 0.42732472206229594
* Test:	Time 0.094 (0.125)	Loss 0.0369 (0.0753)	
learning rate = 0.000050
Epoch: [62][0/67]	Time 0.124 (0.327)	Data 0.024 (0.025)	Loss 0.0486 (0.0834)	
Epoch: [62][10/67]	Time 0.330 (0.327)	Data 0.025 (0.025)	Loss 0.0723 (0.0833)	
Epoch: [62][20/67]	Time 0.328 (0.327)	Data 0.025 (0.025)	Loss 0.0389 (0.0832)	
Epoch: [62][30/67]	Time 0.331 (0.327)	Data 0.025 (0.025)	Loss 0.0442 (0.0832)	
Epoch: [62][40/67]	Time 0.328 (0.327)	Data 0.025 (0.025)	Loss 0.0555 (0.0832)	
Epoch: [62][50/67]	Time 0.328 (0.327)	Data 0.024 (0.025)	Loss 0.1096 (0.0831)	
Epoch: [62][60/67]	Time 0.327 (0.327)	Data 0.024 (0.025)	Loss 0.0637 (0.0830)	
Test: [0/17]	Time 0.126 (0.126)	Loss 0.1045 (0.1045)	Prec@1 0.000 (0.000)	Prec@5 0.000 (0.000)
Test: [10/17]	Time 0.130 (0.128)	Loss 0.0814 (0.0768)	Prec@1 0.000 (0.000)	Prec@5 0.000 (0.000)
Overall Acc: 	 0.854939133373659
Mean Acc : 	 0.5
FreqW Acc : 	 0.7309209217737032
Mean IoU : 	 0.4274695666868295
* Test:	Time 0.093 (0.125)	Loss 0.0869 (0.0772)	
learning rate = 0.000050
Epoch: [63][0/67]	Time 0.126 (0.327)	Data 0.025 (0.025)	Loss 0.0764 (0.0830)	
Epoch: [63][10/67]	Time 0.324 (0.327)	Data 0.024 (0.025)	Loss 0.0617 (0.0829)	
Epoch: [63][20/67]	Time 0.324 (0.327)	Data 0.025 (0.025)	Loss 0.0863 (0.0829)	
Epoch: [63][30/67]	Time 0.327 (0.327)	Data 0.025 (0.025)	Loss 0.0563 (0.0828)	
Epoch: [63][40/67]	Time 0.331 (0.327)	Data 0.025 (0.025)	Loss 0.0550 (0.0828)	
Epoch: [63][50/67]	Time 0.329 (0.327)	Data 0.025 (0.025)	Loss 0.0563 (0.0827)	
Epoch: [63][60/67]	Time 0.329 (0.327)	Data 0.025 (0.025)	Loss 0.0337 (0.0827)	
Test: [0/17]	Time 0.125 (0.125)	Loss 0.0680 (0.0680)	Prec@1 0.000 (0.000)	Prec@5 0.000 (0.000)
Test: [10/17]	Time 0.129 (0.128)	Loss 0.0781 (0.0601)	Prec@1 0.000 (0.000)	Prec@5 0.000 (0.000)
Overall Acc: 	 0.8548929015202309
Mean Acc : 	 0.5
FreqW Acc : 	 0.7308418730696792
Mean IoU : 	 0.42744645076011545
* Test:	Time 0.093 (0.125)	Loss 0.1046 (0.0756)	
learning rate = 0.000050
Epoch: [64][0/67]	Time 0.125 (0.327)	Data 0.024 (0.025)	Loss 0.0561 (0.0826)	
Epoch: [64][10/67]	Time 0.333 (0.327)	Data 0.025 (0.025)	Loss 0.0618 (0.0826)	
Epoch: [64][20/67]	Time 0.327 (0.327)	Data 0.025 (0.025)	Loss 0.0666 (0.0825)	
Epoch: [64][30/67]	Time 0.332 (0.327)	Data 0.025 (0.025)	Loss 0.0391 (0.0824)	
Epoch: [64][40/67]	Time 0.327 (0.327)	Data 0.025 (0.025)	Loss 0.0637 (0.0824)	
Epoch: [64][50/67]	Time 0.327 (0.327)	Data 0.025 (0.025)	Loss 0.0421 (0.0823)	
Epoch: [64][60/67]	Time 0.323 (0.327)	Data 0.024 (0.025)	Loss 0.0755 (0.0823)	
Test: [0/17]	Time 0.124 (0.124)	Loss 0.0653 (0.0653)	Prec@1 0.000 (0.000)	Prec@5 0.000 (0.000)
Test: [10/17]	Time 0.131 (0.127)	Loss 0.0980 (0.0844)	Prec@1 0.000 (0.000)	Prec@5 0.000 (0.000)
Overall Acc: 	 0.854130759168027
Mean Acc : 	 0.5
FreqW Acc : 	 0.7295393537569502
Mean IoU : 	 0.4270653795840135
* Test:	Time 0.094 (0.125)	Loss 0.0681 (0.0766)	
learning rate = 0.000050
Epoch: [65][0/67]	Time 0.123 (0.327)	Data 0.024 (0.025)	Loss 0.0382 (0.0823)	
Epoch: [65][10/67]	Time 0.332 (0.327)	Data 0.025 (0.025)	Loss 0.1024 (0.0822)	
Epoch: [65][20/67]	Time 0.332 (0.327)	Data 0.024 (0.025)	Loss 0.0579 (0.0821)	
Epoch: [65][30/67]	Time 0.324 (0.327)	Data 0.025 (0.025)	Loss 0.0830 (0.0821)	
Epoch: [65][40/67]	Time 0.329 (0.327)	Data 0.025 (0.025)	Loss 0.0986 (0.0820)	
Epoch: [65][50/67]	Time 0.326 (0.327)	Data 0.024 (0.025)	Loss 0.0619 (0.0820)	
Epoch: [65][60/67]	Time 0.337 (0.327)	Data 0.025 (0.025)	Loss 0.0439 (0.0820)	
Test: [0/17]	Time 0.124 (0.124)	Loss 0.0575 (0.0575)	Prec@1 0.000 (0.000)	Prec@5 0.000 (0.000)
Test: [10/17]	Time 0.129 (0.131)	Loss 0.0544 (0.0950)	Prec@1 0.000 (0.000)	Prec@5 0.000 (0.000)
Overall Acc: 	 0.8550391126034865
Mean Acc : 	 0.5
FreqW Acc : 	 0.7310918840817577
Mean IoU : 	 0.42751955630174326
* Test:	Time 0.102 (0.128)	Loss 0.0453 (0.0818)	
learning rate = 0.000050
Epoch: [66][0/67]	Time 0.136 (0.327)	Data 0.035 (0.025)	Loss 0.0486 (0.0819)	
Epoch: [66][10/67]	Time 0.327 (0.327)	Data 0.025 (0.025)	Loss 0.0439 (0.0818)	
Epoch: [66][20/67]	Time 0.332 (0.327)	Data 0.025 (0.025)	Loss 0.0900 (0.0818)	
Epoch: [66][30/67]	Time 0.330 (0.327)	Data 0.025 (0.025)	Loss 0.0486 (0.0818)	
Epoch: [66][40/67]	Time 0.327 (0.327)	Data 0.025 (0.025)	Loss 0.0352 (0.0817)	
Epoch: [66][50/67]	Time 0.325 (0.327)	Data 0.025 (0.025)	Loss 0.0627 (0.0816)	
Epoch: [66][60/67]	Time 0.332 (0.327)	Data 0.025 (0.025)	Loss 0.0523 (0.0816)	
Test: [0/17]	Time 0.124 (0.124)	Loss 0.0705 (0.0705)	Prec@1 0.000 (0.000)	Prec@5 0.000 (0.000)
Test: [10/17]	Time 0.132 (0.128)	Loss 0.0923 (0.0667)	Prec@1 0.000 (0.000)	Prec@5 0.000 (0.000)
Overall Acc: 	 0.8546995476110658
Mean Acc : 	 0.5
FreqW Acc : 	 0.7305113166865606
Mean IoU : 	 0.4273497738055329
* Test:	Time 0.094 (0.126)	Loss 0.0295 (0.0762)	
learning rate = 0.000050
Epoch: [67][0/67]	Time 0.126 (0.327)	Data 0.024 (0.025)	Loss 0.0484 (0.0816)	
Epoch: [67][10/67]	Time 0.328 (0.327)	Data 0.024 (0.025)	Loss 0.0700 (0.0815)	
Epoch: [67][20/67]	Time 0.326 (0.327)	Data 0.025 (0.025)	Loss 0.0370 (0.0815)	
Epoch: [67][30/67]	Time 0.325 (0.327)	Data 0.025 (0.025)	Loss 0.0370 (0.0814)	
Epoch: [67][40/67]	Time 0.328 (0.327)	Data 0.025 (0.025)	Loss 0.0498 (0.0814)	
Epoch: [67][50/67]	Time 0.330 (0.327)	Data 0.025 (0.025)	Loss 0.0350 (0.0813)	
Epoch: [67][60/67]	Time 0.328 (0.327)	Data 0.025 (0.025)	Loss 0.0916 (0.0813)	
Test: [0/17]	Time 0.124 (0.124)	Loss 0.2479 (0.2479)	Prec@1 0.000 (0.000)	Prec@5 0.000 (0.000)
Test: [10/17]	Time 0.132 (0.130)	Loss 0.0802 (0.0854)	Prec@1 0.000 (0.000)	Prec@5 0.000 (0.000)
Overall Acc: 	 0.854928201703883
Mean Acc : 	 0.5
FreqW Acc : 	 0.7309022300686352
Mean IoU : 	 0.4274641008519415
* Test:	Time 0.094 (0.127)	Loss 0.0379 (0.0812)	
learning rate = 0.000050
Epoch: [68][0/67]	Time 0.126 (0.327)	Data 0.024 (0.025)	Loss 0.0444 (0.0812)	
Epoch: [68][10/67]	Time 0.334 (0.327)	Data 0.025 (0.025)	Loss 0.0529 (0.0812)	
Epoch: [68][20/67]	Time 0.325 (0.327)	Data 0.025 (0.025)	Loss 0.0614 (0.0811)	
Epoch: [68][30/67]	Time 0.327 (0.327)	Data 0.024 (0.025)	Loss 0.0436 (0.0811)	
Epoch: [68][40/67]	Time 0.327 (0.327)	Data 0.025 (0.025)	Loss 0.0722 (0.0810)	
Epoch: [68][50/67]	Time 0.327 (0.327)	Data 0.025 (0.025)	Loss 0.0506 (0.0810)	
Epoch: [68][60/67]	Time 0.323 (0.327)	Data 0.024 (0.025)	Loss 0.0447 (0.0809)	
Test: [0/17]	Time 0.124 (0.124)	Loss 0.1771 (0.1771)	Prec@1 0.000 (0.000)	Prec@5 0.000 (0.000)
Test: [10/17]	Time 0.130 (0.128)	Loss 0.0622 (0.0748)	Prec@1 0.000 (0.000)	Prec@5 0.000 (0.000)
Overall Acc: 	 0.8550440090805737
Mean Acc : 	 0.5
FreqW Acc : 	 0.7311002574645801
Mean IoU : 	 0.4275220045402868
* Test:	Time 0.093 (0.128)	Loss 0.0500 (0.0710)	
learning rate = 0.000050
Epoch: [69][0/67]	Time 0.126 (0.327)	Data 0.024 (0.025)	Loss 0.0725 (0.0809)	
Epoch: [69][10/67]	Time 0.325 (0.327)	Data 0.025 (0.025)	Loss 0.0625 (0.0808)	
Epoch: [69][20/67]	Time 0.329 (0.327)	Data 0.025 (0.025)	Loss 0.0473 (0.0808)	
Epoch: [69][30/67]	Time 0.328 (0.327)	Data 0.024 (0.025)	Loss 0.0661 (0.0807)	
Epoch: [69][40/67]	Time 0.329 (0.327)	Data 0.025 (0.025)	Loss 0.0376 (0.0807)	
Epoch: [69][50/67]	Time 0.330 (0.327)	Data 0.024 (0.025)	Loss 0.0863 (0.0806)	
Epoch: [69][60/67]	Time 0.328 (0.327)	Data 0.024 (0.025)	Loss 0.0536 (0.0806)	
Test: [0/17]	Time 0.124 (0.124)	Loss 0.0892 (0.0892)	Prec@1 0.000 (0.000)	Prec@5 0.000 (0.000)
Test: [10/17]	Time 0.131 (0.128)	Loss 0.0512 (0.0657)	Prec@1 0.000 (0.000)	Prec@5 0.000 (0.000)
Overall Acc: 	 0.8546200652620686
Mean Acc : 	 0.5
FreqW Acc : 	 0.7303754559485424
Mean IoU : 	 0.4273100326310343
* Test:	Time 0.093 (0.126)	Loss 0.0304 (0.0752)	
learning rate = 0.000050
Epoch: [70][0/67]	Time 0.128 (0.327)	Data 0.024 (0.025)	Loss 0.0765 (0.0806)	
Epoch: [70][10/67]	Time 0.327 (0.327)	Data 0.025 (0.025)	Loss 0.0558 (0.0805)	
Epoch: [70][20/67]	Time 0.327 (0.327)	Data 0.025 (0.025)	Loss 0.0785 (0.0805)	
Epoch: [70][30/67]	Time 0.331 (0.327)	Data 0.025 (0.025)	Loss 0.0636 (0.0804)	
Epoch: [70][40/67]	Time 0.334 (0.327)	Data 0.025 (0.025)	Loss 0.0615 (0.0804)	
Epoch: [70][50/67]	Time 0.326 (0.327)	Data 0.025 (0.025)	Loss 0.0585 (0.0803)	
Epoch: [70][60/67]	Time 0.328 (0.327)	Data 0.025 (0.025)	Loss 0.0735 (0.0803)	
Test: [0/17]	Time 0.124 (0.124)	Loss 0.0542 (0.0542)	Prec@1 0.000 (0.000)	Prec@5 0.000 (0.000)
Test: [10/17]	Time 0.130 (0.128)	Loss 0.0826 (0.0758)	Prec@1 0.000 (0.000)	Prec@5 0.000 (0.000)
Overall Acc: 	 0.8548653446026703
Mean Acc : 	 0.5
FreqW Acc : 	 0.7307947574026422
Mean IoU : 	 0.42743267230133514
* Test:	Time 0.096 (0.126)	Loss 0.0663 (0.0732)	
learning rate = 0.000050
Epoch: [71][0/67]	Time 0.126 (0.327)	Data 0.025 (0.025)	Loss 0.0280 (0.0802)	
Epoch: [71][10/67]	Time 0.323 (0.327)	Data 0.024 (0.025)	Loss 0.0372 (0.0802)	
Epoch: [71][20/67]	Time 0.328 (0.327)	Data 0.024 (0.025)	Loss 0.0708 (0.0802)	
Epoch: [71][30/67]	Time 0.328 (0.327)	Data 0.024 (0.025)	Loss 0.0802 (0.0801)	
Epoch: [71][40/67]	Time 0.330 (0.327)	Data 0.025 (0.025)	Loss 0.0537 (0.0801)	
Epoch: [71][50/67]	Time 0.327 (0.327)	Data 0.025 (0.025)	Loss 0.0509 (0.0800)	
Epoch: [71][60/67]	Time 0.328 (0.327)	Data 0.024 (0.025)	Loss 0.0464 (0.0800)	
Test: [0/17]	Time 0.123 (0.123)	Loss 0.0701 (0.0701)	Prec@1 0.000 (0.000)	Prec@5 0.000 (0.000)
Test: [10/17]	Time 0.128 (0.128)	Loss 0.0657 (0.0646)	Prec@1 0.000 (0.000)	Prec@5 0.000 (0.000)
Overall Acc: 	 0.8546559348035214
Mean Acc : 	 0.5
FreqW Acc : 	 0.730436766894881
Mean IoU : 	 0.4273279674017607
* Test:	Time 0.093 (0.126)	Loss 0.0949 (0.0737)	
learning rate = 0.000050
Epoch: [72][0/67]	Time 0.127 (0.327)	Data 0.025 (0.025)	Loss 0.0868 (0.0799)	
Epoch: [72][10/67]	Time 0.330 (0.327)	Data 0.025 (0.025)	Loss 0.0600 (0.0799)	
Epoch: [72][20/67]	Time 0.323 (0.327)	Data 0.025 (0.025)	Loss 0.0605 (0.0798)	
Epoch: [72][30/67]	Time 0.330 (0.327)	Data 0.025 (0.025)	Loss 0.0605 (0.0798)	
Epoch: [72][40/67]	Time 0.331 (0.327)	Data 0.025 (0.025)	Loss 0.0918 (0.0798)	
Epoch: [72][50/67]	Time 0.329 (0.327)	Data 0.025 (0.025)	Loss 0.0573 (0.0797)	
Epoch: [72][60/67]	Time 0.332 (0.327)	Data 0.025 (0.025)	Loss 0.0475 (0.0797)	
Test: [0/17]	Time 0.125 (0.125)	Loss 0.0610 (0.0610)	Prec@1 0.000 (0.000)	Prec@5 0.000 (0.000)
Test: [10/17]	Time 0.131 (0.128)	Loss 0.0385 (0.0675)	Prec@1 0.000 (0.000)	Prec@5 0.000 (0.000)
Overall Acc: 	 0.8546205207483092
Mean Acc : 	 0.5
FreqW Acc : 	 0.7303762344841112
Mean IoU : 	 0.4273102603741546
* Test:	Time 0.092 (0.126)	Loss 0.0531 (0.0750)	
learning rate = 0.000050
Epoch: [73][0/67]	Time 0.125 (0.327)	Data 0.024 (0.025)	Loss 0.0279 (0.0796)	
Epoch: [73][10/67]	Time 0.328 (0.327)	Data 0.025 (0.025)	Loss 0.0957 (0.0796)	
Epoch: [73][20/67]	Time 0.331 (0.327)	Data 0.025 (0.025)	Loss 0.1180 (0.0796)	
Epoch: [73][30/67]	Time 0.321 (0.327)	Data 0.035 (0.025)	Loss 0.0724 (0.0796)	
Epoch: [73][40/67]	Time 0.328 (0.327)	Data 0.025 (0.025)	Loss 0.0411 (0.0795)	
Epoch: [73][50/67]	Time 0.330 (0.327)	Data 0.024 (0.025)	Loss 0.0412 (0.0795)	
Epoch: [73][60/67]	Time 0.331 (0.327)	Data 0.025 (0.025)	Loss 0.0601 (0.0794)	
Test: [0/17]	Time 0.134 (0.134)	Loss 0.0757 (0.0757)	Prec@1 0.000 (0.000)	Prec@5 0.000 (0.000)
Test: [10/17]	Time 0.130 (0.130)	Loss 0.0507 (0.0806)	Prec@1 0.000 (0.000)	Prec@5 0.000 (0.000)
Overall Acc: 	 0.855388015063841
Mean Acc : 	 0.5
FreqW Acc : 	 0.7316886563148579
Mean IoU : 	 0.4276940075319205
* Test:	Time 0.094 (0.128)	Loss 0.0557 (0.0780)	
learning rate = 0.000050
Epoch: [74][0/67]	Time 0.125 (0.327)	Data 0.024 (0.025)	Loss 0.0601 (0.0794)	
Epoch: [74][10/67]	Time 0.328 (0.327)	Data 0.025 (0.025)	Loss 0.0730 (0.0794)	
Epoch: [74][20/67]	Time 0.326 (0.327)	Data 0.025 (0.025)	Loss 0.0601 (0.0794)	
Epoch: [74][30/67]	Time 0.326 (0.327)	Data 0.035 (0.025)	Loss 0.0806 (0.0793)	
Epoch: [74][40/67]	Time 0.330 (0.327)	Data 0.025 (0.025)	Loss 0.0484 (0.0793)	
Epoch: [74][50/67]	Time 0.329 (0.327)	Data 0.025 (0.025)	Loss 0.0584 (0.0792)	
Epoch: [74][60/67]	Time 0.324 (0.327)	Data 0.025 (0.025)	Loss 0.0528 (0.0792)	
Test: [0/17]	Time 0.123 (0.123)	Loss 0.0541 (0.0541)	Prec@1 0.000 (0.000)	Prec@5 0.000 (0.000)
Test: [10/17]	Time 0.143 (0.132)	Loss 0.0498 (0.0753)	Prec@1 0.000 (0.000)	Prec@5 0.000 (0.000)
Overall Acc: 	 0.8546724461797458
Mean Acc : 	 0.5
FreqW Acc : 	 0.7304649902588705
Mean IoU : 	 0.4273362230898729
* Test:	Time 0.092 (0.130)	Loss 0.0487 (0.0742)	
learning rate = 0.000050
Epoch: [75][0/67]	Time 0.138 (0.327)	Data 0.025 (0.025)	Loss 0.1296 (0.0792)	
Epoch: [75][10/67]	Time 0.329 (0.327)	Data 0.024 (0.025)	Loss 0.0620 (0.0792)	
Epoch: [75][20/67]	Time 0.328 (0.327)	Data 0.024 (0.025)	Loss 0.0730 (0.0791)	
Epoch: [75][30/67]	Time 0.328 (0.327)	Data 0.024 (0.025)	Loss 0.0436 (0.0791)	
Epoch: [75][40/67]	Time 0.329 (0.327)	Data 0.025 (0.025)	Loss 0.0619 (0.0790)	
Epoch: [75][50/67]	Time 0.328 (0.327)	Data 0.025 (0.025)	Loss 0.0470 (0.0790)	
Epoch: [75][60/67]	Time 0.325 (0.327)	Data 0.025 (0.025)	Loss 0.0791 (0.0789)	
Test: [0/17]	Time 0.124 (0.124)	Loss 0.0789 (0.0789)	Prec@1 0.000 (0.000)	Prec@5 0.000 (0.000)
Test: [10/17]	Time 0.125 (0.187)	Loss 0.0775 (0.0886)	Prec@1 0.000 (0.000)	Prec@5 0.000 (0.000)
Overall Acc: 	 0.8554460895595266
Mean Acc : 	 0.5
FreqW Acc : 	 0.7317880121426856
Mean IoU : 	 0.4277230447797633
* Test:	Time 0.092 (0.163)	Loss 0.1092 (0.0788)	
learning rate = 0.000050
Epoch: [76][0/67]	Time 0.123 (0.327)	Data 0.024 (0.025)	Loss 0.0666 (0.0789)	
Epoch: [76][10/67]	Time 0.330 (0.327)	Data 0.025 (0.025)	Loss 0.0979 (0.0789)	
Epoch: [76][20/67]	Time 0.324 (0.327)	Data 0.025 (0.025)	Loss 0.0489 (0.0788)	
Epoch: [76][30/67]	Time 0.327 (0.327)	Data 0.025 (0.025)	Loss 0.0441 (0.0788)	
Epoch: [76][40/67]	Time 0.324 (0.327)	Data 0.025 (0.025)	Loss 0.0297 (0.0787)	
Epoch: [76][50/67]	Time 0.329 (0.327)	Data 0.025 (0.025)	Loss 0.0810 (0.0787)	
Epoch: [76][60/67]	Time 0.328 (0.327)	Data 0.025 (0.025)	Loss 0.0610 (0.0786)	
Test: [0/17]	Time 0.126 (0.126)	Loss 0.0811 (0.0811)	Prec@1 0.000 (0.000)	Prec@5 0.000 (0.000)
Test: [10/17]	Time 0.129 (0.128)	Loss 0.1990 (0.0716)	Prec@1 0.000 (0.000)	Prec@5 0.000 (0.000)
Overall Acc: 	 0.8548728601256413
Mean Acc : 	 0.5
FreqW Acc : 	 0.7308076069793944
Mean IoU : 	 0.42743643006282067
* Test:	Time 0.093 (0.126)	Loss 0.0599 (0.0735)	
learning rate = 0.000050
Epoch: [77][0/67]	Time 0.125 (0.327)	Data 0.024 (0.025)	Loss 0.0299 (0.0786)	
Epoch: [77][10/67]	Time 0.329 (0.327)	Data 0.025 (0.025)	Loss 0.0582 (0.0786)	
Epoch: [77][20/67]	Time 0.332 (0.327)	Data 0.025 (0.025)	Loss 0.0285 (0.0785)	
Epoch: [77][30/67]	Time 0.327 (0.327)	Data 0.025 (0.025)	Loss 0.0728 (0.0785)	
Epoch: [77][40/67]	Time 0.328 (0.327)	Data 0.024 (0.025)	Loss 0.0381 (0.0784)	
Epoch: [77][50/67]	Time 0.328 (0.327)	Data 0.025 (0.025)	Loss 0.0661 (0.0784)	
Epoch: [77][60/67]	Time 0.327 (0.327)	Data 0.025 (0.025)	Loss 0.0897 (0.0784)	
Test: [0/17]	Time 0.123 (0.123)	Loss 0.0708 (0.0708)	Prec@1 0.000 (0.000)	Prec@5 0.000 (0.000)
Test: [10/17]	Time 0.131 (0.129)	Loss 0.0470 (0.0699)	Prec@1 0.000 (0.000)	Prec@5 0.000 (0.000)
Overall Acc: 	 0.85504150390625
Mean Acc : 	 0.5
FreqW Acc : 	 0.7310959734022617
Mean IoU : 	 0.427520751953125
* Test:	Time 0.092 (0.126)	Loss 0.1247 (0.0873)	
learning rate = 0.000050
Epoch: [78][0/67]	Time 0.125 (0.327)	Data 0.024 (0.025)	Loss 0.0584 (0.0784)	
Epoch: [78][10/67]	Time 0.333 (0.327)	Data 0.025 (0.025)	Loss 0.0865 (0.0783)	
Epoch: [78][20/67]	Time 0.327 (0.327)	Data 0.025 (0.025)	Loss 0.0610 (0.0783)	
Epoch: [78][30/67]	Time 0.329 (0.327)	Data 0.025 (0.025)	Loss 0.0297 (0.0782)	
Epoch: [78][40/67]	Time 0.326 (0.327)	Data 0.025 (0.025)	Loss 0.0614 (0.0782)	
Epoch: [78][50/67]	Time 0.328 (0.327)	Data 0.025 (0.025)	Loss 0.0722 (0.0782)	
Epoch: [78][60/67]	Time 0.330 (0.327)	Data 0.024 (0.025)	Loss 0.0818 (0.0781)	
Test: [0/17]	Time 0.124 (0.124)	Loss 0.0404 (0.0404)	Prec@1 0.000 (0.000)	Prec@5 0.000 (0.000)
Test: [10/17]	Time 0.130 (0.129)	Loss 0.0532 (0.0638)	Prec@1 0.000 (0.000)	Prec@5 0.000 (0.000)
Overall Acc: 	 0.854842798033757
Mean Acc : 	 0.5
FreqW Acc : 	 0.7307562093501826
Mean IoU : 	 0.4274213990168785
* Test:	Time 0.092 (0.126)	Loss 0.0775 (0.0739)	
learning rate = 0.000050
Epoch: [79][0/67]	Time 0.128 (0.327)	Data 0.024 (0.025)	Loss 0.0643 (0.0781)	
Epoch: [79][10/67]	Time 0.326 (0.327)	Data 0.025 (0.025)	Loss 0.1226 (0.0781)	
Epoch: [79][20/67]	Time 0.326 (0.327)	Data 0.025 (0.025)	Loss 0.0820 (0.0780)	
Epoch: [79][30/67]	Time 0.323 (0.327)	Data 0.025 (0.025)	Loss 0.0392 (0.0780)	
Epoch: [79][40/67]	Time 0.329 (0.327)	Data 0.025 (0.025)	Loss 0.0479 (0.0779)	
Epoch: [79][50/67]	Time 0.328 (0.327)	Data 0.025 (0.025)	Loss 0.0508 (0.0779)	
Epoch: [79][60/67]	Time 0.329 (0.327)	Data 0.025 (0.025)	Loss 0.0345 (0.0779)	
Test: [0/17]	Time 0.124 (0.124)	Loss 0.2242 (0.2242)	Prec@1 0.000 (0.000)	Prec@5 0.000 (0.000)
Test: [10/17]	Time 0.132 (0.129)	Loss 0.0847 (0.0829)	Prec@1 0.000 (0.000)	Prec@5 0.000 (0.000)
Overall Acc: 	 0.8553291434672341
Mean Acc : 	 0.5
FreqW Acc : 	 0.7315879436643923
Mean IoU : 	 0.42766457173361705
* Test:	Time 0.093 (0.126)	Loss 0.0284 (0.0731)	
learning rate = 0.000050
Epoch: [80][0/67]	Time 0.125 (0.327)	Data 0.024 (0.025)	Loss 0.0452 (0.0778)	
Epoch: [80][10/67]	Time 0.325 (0.327)	Data 0.025 (0.025)	Loss 0.0720 (0.0778)	
Epoch: [80][20/67]	Time 0.334 (0.327)	Data 0.025 (0.025)	Loss 0.0711 (0.0778)	
Epoch: [80][30/67]	Time 0.330 (0.327)	Data 0.025 (0.025)	Loss 0.0422 (0.0777)	
Epoch: [80][40/67]	Time 0.328 (0.327)	Data 0.024 (0.025)	Loss 0.0597 (0.0777)	
Epoch: [80][50/67]	Time 0.332 (0.327)	Data 0.024 (0.025)	Loss 0.0560 (0.0777)	
Epoch: [80][60/67]	Time 0.327 (0.327)	Data 0.025 (0.025)	Loss 0.0727 (0.0776)	
Test: [0/17]	Time 0.124 (0.124)	Loss 0.1905 (0.1905)	Prec@1 0.000 (0.000)	Prec@5 0.000 (0.000)
Test: [10/17]	Time 0.129 (0.128)	Loss 0.0729 (0.0807)	Prec@1 0.000 (0.000)	Prec@5 0.000 (0.000)
Overall Acc: 	 0.8544383262520405
Mean Acc : 	 0.5
FreqW Acc : 	 0.7300648533683884
Mean IoU : 	 0.42721916312602026
* Test:	Time 0.094 (0.126)	Loss 0.0739 (0.0742)	
learning rate = 0.000050
Epoch: [81][0/67]	Time 0.126 (0.327)	Data 0.024 (0.025)	Loss 0.0678 (0.0776)	
Epoch: [81][10/67]	Time 0.327 (0.327)	Data 0.024 (0.025)	Loss 0.0392 (0.0775)	
Epoch: [81][20/67]	Time 0.327 (0.327)	Data 0.024 (0.025)	Loss 0.0535 (0.0775)	
Epoch: [81][30/67]	Time 0.328 (0.327)	Data 0.024 (0.025)	Loss 0.1000 (0.0775)	
Epoch: [81][40/67]	Time 0.327 (0.327)	Data 0.024 (0.025)	Loss 0.0449 (0.0775)	
Epoch: [81][50/67]	Time 0.329 (0.327)	Data 0.024 (0.025)	Loss 0.0693 (0.0774)	
Epoch: [81][60/67]	Time 0.328 (0.327)	Data 0.024 (0.025)	Loss 0.0756 (0.0774)	
Test: [0/17]	Time 0.125 (0.125)	Loss 0.0535 (0.0535)	Prec@1 0.000 (0.000)	Prec@5 0.000 (0.000)
Test: [10/17]	Time 0.129 (0.128)	Loss 0.1048 (0.0709)	Prec@1 0.000 (0.000)	Prec@5 0.000 (0.000)
Overall Acc: 	 0.8547881396848764
Mean Acc : 	 0.5
FreqW Acc : 	 0.7306627637459319
Mean IoU : 	 0.4273940698424382
* Test:	Time 0.092 (0.125)	Loss 0.0618 (0.0706)	
learning rate = 0.000050
Epoch: [82][0/67]	Time 0.128 (0.327)	Data 0.024 (0.025)	Loss 0.0453 (0.0774)	
Epoch: [82][10/67]	Time 0.330 (0.327)	Data 0.024 (0.025)	Loss 0.0617 (0.0774)	
Epoch: [82][20/67]	Time 0.327 (0.327)	Data 0.024 (0.025)	Loss 0.0797 (0.0773)	
Epoch: [82][30/67]	Time 0.331 (0.327)	Data 0.025 (0.025)	Loss 0.1034 (0.0773)	
Epoch: [82][40/67]	Time 0.332 (0.327)	Data 0.024 (0.025)	Loss 0.0501 (0.0773)	
Epoch: [82][50/67]	Time 0.330 (0.327)	Data 0.024 (0.025)	Loss 0.0384 (0.0772)	
Epoch: [82][60/67]	Time 0.327 (0.327)	Data 0.024 (0.025)	Loss 0.0936 (0.0772)	
Test: [0/17]	Time 0.125 (0.125)	Loss 0.0548 (0.0548)	Prec@1 0.000 (0.000)	Prec@5 0.000 (0.000)
Test: [10/17]	Time 0.133 (0.128)	Loss 0.0729 (0.0735)	Prec@1 0.000 (0.000)	Prec@5 0.000 (0.000)
Overall Acc: 	 0.8549894646032533
Mean Acc : 	 0.5
FreqW Acc : 	 0.7310069845825578
Mean IoU : 	 0.42749473230162666
* Test:	Time 0.104 (0.127)	Loss 0.0383 (0.0742)	
learning rate = 0.000050
Epoch: [83][0/67]	Time 0.124 (0.327)	Data 0.025 (0.025)	Loss 0.0744 (0.0772)	
Epoch: [83][10/67]	Time 0.331 (0.327)	Data 0.024 (0.025)	Loss 0.0364 (0.0771)	
Epoch: [83][20/67]	Time 0.332 (0.327)	Data 0.024 (0.025)	Loss 0.0340 (0.0771)	
Epoch: [83][30/67]	Time 0.326 (0.327)	Data 0.024 (0.025)	Loss 0.0406 (0.0770)	
Epoch: [83][40/67]	Time 0.333 (0.327)	Data 0.024 (0.025)	Loss 0.0452 (0.0770)	
Epoch: [83][50/67]	Time 0.326 (0.327)	Data 0.024 (0.025)	Loss 0.0651 (0.0770)	
Epoch: [83][60/67]	Time 0.326 (0.327)	Data 0.024 (0.025)	Loss 0.0626 (0.0769)	
Test: [0/17]	Time 0.124 (0.124)	Loss 0.2026 (0.2026)	Prec@1 0.000 (0.000)	Prec@5 0.000 (0.000)
Test: [10/17]	Time 0.131 (0.128)	Loss 0.0720 (0.0804)	Prec@1 0.000 (0.000)	Prec@5 0.000 (0.000)
Overall Acc: 	 0.8543513283800723
Mean Acc : 	 0.5
FreqW Acc : 	 0.7299161923047942
Mean IoU : 	 0.42717566419003616
* Test:	Time 0.092 (0.126)	Loss 0.0555 (0.0763)	
learning rate = 0.000050
Epoch: [84][0/67]	Time 0.125 (0.327)	Data 0.024 (0.025)	Loss 0.0880 (0.0769)	
Epoch: [84][10/67]	Time 0.332 (0.327)	Data 0.024 (0.025)	Loss 0.0233 (0.0769)	
Epoch: [84][20/67]	Time 0.326 (0.327)	Data 0.024 (0.025)	Loss 0.0349 (0.0769)	
Epoch: [84][30/67]	Time 0.324 (0.327)	Data 0.025 (0.025)	Loss 0.0433 (0.0768)	
Epoch: [84][40/67]	Time 0.325 (0.327)	Data 0.025 (0.025)	Loss 0.0375 (0.0768)	
Epoch: [84][50/67]	Time 0.326 (0.327)	Data 0.025 (0.025)	Loss 0.0873 (0.0768)	
Epoch: [84][60/67]	Time 0.330 (0.327)	Data 0.024 (0.025)	Loss 0.0418 (0.0767)	
Test: [0/17]	Time 0.124 (0.124)	Loss 0.0875 (0.0875)	Prec@1 0.000 (0.000)	Prec@5 0.000 (0.000)
Test: [10/17]	Time 0.129 (0.128)	Loss 0.0763 (0.0794)	Prec@1 0.000 (0.000)	Prec@5 0.000 (0.000)
Overall Acc: 	 0.8547195890056554
Mean Acc : 	 0.5
FreqW Acc : 	 0.7305455758299965
Mean IoU : 	 0.4273597945028277
* Test:	Time 0.097 (0.126)	Loss 0.0713 (0.0730)	
learning rate = 0.000050
Epoch: [85][0/67]	Time 0.125 (0.327)	Data 0.024 (0.025)	Loss 0.0623 (0.0767)	
Epoch: [85][10/67]	Time 0.329 (0.327)	Data 0.024 (0.025)	Loss 0.0447 (0.0766)	
Epoch: [85][20/67]	Time 0.333 (0.327)	Data 0.025 (0.025)	Loss 0.0676 (0.0766)	
Epoch: [85][30/67]	Time 0.326 (0.327)	Data 0.025 (0.025)	Loss 0.0831 (0.0766)	
Epoch: [85][40/67]	Time 0.328 (0.327)	Data 0.025 (0.025)	Loss 0.0521 (0.0766)	
Epoch: [85][50/67]	Time 0.321 (0.327)	Data 0.025 (0.025)	Loss 0.0460 (0.0765)	
Epoch: [85][60/67]	Time 0.333 (0.327)	Data 0.024 (0.025)	Loss 0.0523 (0.0765)	
Test: [0/17]	Time 0.124 (0.124)	Loss 0.0571 (0.0571)	Prec@1 0.000 (0.000)	Prec@5 0.000 (0.000)
Test: [10/17]	Time 0.131 (0.128)	Loss 0.0426 (0.0735)	Prec@1 0.000 (0.000)	Prec@5 0.000 (0.000)
Overall Acc: 	 0.8544945788027635
Mean Acc : 	 0.5
FreqW Acc : 	 0.7301609852033122
Mean IoU : 	 0.42724728940138174
* Test:	Time 0.091 (0.126)	Loss 0.0836 (0.0728)	
learning rate = 0.000050
Epoch: [86][0/67]	Time 0.126 (0.327)	Data 0.024 (0.025)	Loss 0.0740 (0.0764)	
Epoch: [86][10/67]	Time 0.328 (0.327)	Data 0.025 (0.025)	Loss 0.0708 (0.0764)	
Epoch: [86][20/67]	Time 0.330 (0.327)	Data 0.035 (0.025)	Loss 0.0639 (0.0764)	
Epoch: [86][30/67]	Time 0.329 (0.327)	Data 0.025 (0.025)	Loss 0.0860 (0.0763)	
Epoch: [86][40/67]	Time 0.329 (0.327)	Data 0.024 (0.025)	Loss 0.0394 (0.0763)	
Epoch: [86][50/67]	Time 0.330 (0.327)	Data 0.024 (0.025)	Loss 0.0406 (0.0763)	
Epoch: [86][60/67]	Time 0.327 (0.327)	Data 0.024 (0.025)	Loss 0.0628 (0.0762)	
Test: [0/17]	Time 0.124 (0.124)	Loss 0.0451 (0.0451)	Prec@1 0.000 (0.000)	Prec@5 0.000 (0.000)
Test: [10/17]	Time 0.130 (0.129)	Loss 0.0728 (0.0585)	Prec@1 0.000 (0.000)	Prec@5 0.000 (0.000)
Overall Acc: 	 0.855027269961229
Mean Acc : 	 0.5
FreqW Acc : 	 0.7310716323773524
Mean IoU : 	 0.4275136349806145
* Test:	Time 0.094 (0.126)	Loss 0.0560 (0.0739)	
learning rate = 0.000050
Epoch: [87][0/67]	Time 0.126 (0.327)	Data 0.024 (0.025)	Loss 0.0370 (0.0762)	
Epoch: [87][10/67]	Time 0.324 (0.327)	Data 0.024 (0.025)	Loss 0.0659 (0.0762)	
Epoch: [87][20/67]	Time 0.330 (0.327)	Data 0.024 (0.025)	Loss 0.0484 (0.0761)	
Epoch: [87][30/67]	Time 0.333 (0.327)	Data 0.024 (0.025)	Loss 0.0580 (0.0761)	
Epoch: [87][40/67]	Time 0.333 (0.327)	Data 0.024 (0.025)	Loss 0.0479 (0.0760)	
Epoch: [87][50/67]	Time 0.324 (0.327)	Data 0.024 (0.025)	Loss 0.0631 (0.0760)	
Epoch: [87][60/67]	Time 0.333 (0.327)	Data 0.024 (0.025)	Loss 0.0549 (0.0760)	
Test: [0/17]	Time 0.126 (0.126)	Loss 0.0396 (0.0396)	Prec@1 0.000 (0.000)	Prec@5 0.000 (0.000)
Test: [10/17]	Time 0.131 (0.128)	Loss 0.0530 (0.0701)	Prec@1 0.000 (0.000)	Prec@5 0.000 (0.000)
Overall Acc: 	 0.854690893372493
Mean Acc : 	 0.5
FreqW Acc : 	 0.7304965232138703
Mean IoU : 	 0.4273454466862465
* Test:	Time 0.094 (0.126)	Loss 0.1053 (0.0733)	
learning rate = 0.000050
Epoch: [88][0/67]	Time 0.126 (0.327)	Data 0.024 (0.025)	Loss 0.0313 (0.0759)	
Epoch: [88][10/67]	Time 0.328 (0.327)	Data 0.024 (0.025)	Loss 0.0564 (0.0759)	
Epoch: [88][20/67]	Time 0.328 (0.327)	Data 0.024 (0.025)	Loss 0.0235 (0.0759)	
Epoch: [88][30/67]	Time 0.330 (0.327)	Data 0.024 (0.025)	Loss 0.0421 (0.0758)	
Epoch: [88][40/67]	Time 0.329 (0.327)	Data 0.025 (0.025)	Loss 0.0605 (0.0758)	
Epoch: [88][50/67]	Time 0.330 (0.327)	Data 0.024 (0.025)	Loss 0.0589 (0.0758)	
Epoch: [88][60/67]	Time 0.326 (0.327)	Data 0.024 (0.025)	Loss 0.0582 (0.0758)	
Test: [0/17]	Time 0.127 (0.127)	Loss 0.0852 (0.0852)	Prec@1 0.000 (0.000)	Prec@5 0.000 (0.000)
Test: [10/17]	Time 0.133 (0.128)	Loss 0.0639 (0.0777)	Prec@1 0.000 (0.000)	Prec@5 0.000 (0.000)
Overall Acc: 	 0.8551083465120686
Mean Acc : 	 0.5
FreqW Acc : 	 0.7312102842746039
Mean IoU : 	 0.4275541732560343
* Test:	Time 0.094 (0.126)	Loss 0.0910 (0.0891)	
learning rate = 0.000050
Epoch: [89][0/67]	Time 0.127 (0.327)	Data 0.024 (0.025)	Loss 0.0523 (0.0758)	
Epoch: [89][10/67]	Time 0.328 (0.327)	Data 0.025 (0.025)	Loss 0.0466 (0.0757)	
Epoch: [89][20/67]	Time 0.331 (0.327)	Data 0.024 (0.025)	Loss 0.0545 (0.0757)	
Epoch: [89][30/67]	Time 0.328 (0.327)	Data 0.024 (0.025)	Loss 0.0486 (0.0756)	
Epoch: [89][40/67]	Time 0.328 (0.327)	Data 0.024 (0.025)	Loss 0.1096 (0.0756)	
Epoch: [89][50/67]	Time 0.331 (0.327)	Data 0.025 (0.025)	Loss 0.0477 (0.0756)	
Epoch: [89][60/67]	Time 0.331 (0.327)	Data 0.025 (0.025)	Loss 0.0408 (0.0756)	
Test: [0/17]	Time 0.126 (0.126)	Loss 0.0826 (0.0826)	Prec@1 0.000 (0.000)	Prec@5 0.000 (0.000)
Test: [10/17]	Time 0.129 (0.128)	Loss 0.0997 (0.0815)	Prec@1 0.000 (0.000)	Prec@5 0.000 (0.000)
Overall Acc: 	 0.8552900855220965
Mean Acc : 	 0.5
FreqW Acc : 	 0.7315211303923952
Mean IoU : 	 0.42764504276104826
* Test:	Time 0.092 (0.126)	Loss 0.0696 (0.0737)	
learning rate = 0.000050
Epoch: [90][0/67]	Time 0.128 (0.327)	Data 0.024 (0.025)	Loss 0.0447 (0.0756)	
Epoch: [90][10/67]	Time 0.329 (0.327)	Data 0.026 (0.025)	Loss 0.0739 (0.0756)	
Epoch: [90][20/67]	Time 0.330 (0.327)	Data 0.025 (0.025)	Loss 0.0745 (0.0755)	
Epoch: [90][30/67]	Time 0.329 (0.327)	Data 0.024 (0.025)	Loss 0.0413 (0.0755)	
Epoch: [90][40/67]	Time 0.327 (0.327)	Data 0.024 (0.025)	Loss 0.0539 (0.0755)	
Epoch: [90][50/67]	Time 0.330 (0.327)	Data 0.024 (0.025)	Loss 0.0619 (0.0754)	
Epoch: [90][60/67]	Time 0.323 (0.327)	Data 0.025 (0.025)	Loss 0.0575 (0.0754)	
Test: [0/17]	Time 0.124 (0.124)	Loss 0.1056 (0.1056)	Prec@1 0.000 (0.000)	Prec@5 0.000 (0.000)
Test: [10/17]	Time 0.130 (0.128)	Loss 0.0483 (0.0792)	Prec@1 0.000 (0.000)	Prec@5 0.000 (0.000)
Overall Acc: 	 0.8548437090062383
Mean Acc : 	 0.5
FreqW Acc : 	 0.7307577668275422
Mean IoU : 	 0.42742185450311915
* Test:	Time 0.094 (0.126)	Loss 0.0945 (0.0763)	
learning rate = 0.000050
Epoch: [91][0/67]	Time 0.136 (0.327)	Data 0.035 (0.025)	Loss 0.0373 (0.0754)	
Epoch: [91][10/67]	Time 0.328 (0.327)	Data 0.025 (0.025)	Loss 0.0554 (0.0753)	
Epoch: [91][20/67]	Time 0.331 (0.327)	Data 0.024 (0.025)	Loss 0.0928 (0.0753)	
Epoch: [91][30/67]	Time 0.329 (0.327)	Data 0.025 (0.025)	Loss 0.0568 (0.0752)	
Epoch: [91][40/67]	Time 0.328 (0.327)	Data 0.024 (0.025)	Loss 0.1078 (0.0752)	
Epoch: [91][50/67]	Time 0.329 (0.327)	Data 0.024 (0.025)	Loss 0.0774 (0.0752)	
Epoch: [91][60/67]	Time 0.335 (0.327)	Data 0.025 (0.025)	Loss 0.0354 (0.0752)	
Test: [0/17]	Time 0.125 (0.125)	Loss 0.0441 (0.0441)	Prec@1 0.000 (0.000)	Prec@5 0.000 (0.000)
Test: [10/17]	Time 0.133 (0.129)	Loss 0.0621 (0.0744)	Prec@1 0.000 (0.000)	Prec@5 0.000 (0.000)
Overall Acc: 	 0.8541229020303754
Mean Acc : 	 0.5
FreqW Acc : 	 0.7295259317727903
Mean IoU : 	 0.4270614510151877
* Test:	Time 0.094 (0.126)	Loss 0.0984 (0.0745)	
learning rate = 0.000050
Epoch: [92][0/67]	Time 0.127 (0.327)	Data 0.025 (0.025)	Loss 0.0694 (0.0752)	
Epoch: [92][10/67]	Time 0.328 (0.327)	Data 0.025 (0.025)	Loss 0.0787 (0.0751)	
Epoch: [92][20/67]	Time 0.328 (0.327)	Data 0.025 (0.025)	Loss 0.0497 (0.0751)	
Epoch: [92][30/67]	Time 0.328 (0.327)	Data 0.025 (0.025)	Loss 0.0605 (0.0751)	
Epoch: [92][40/67]	Time 0.327 (0.327)	Data 0.025 (0.025)	Loss 0.0961 (0.0750)	
Epoch: [92][50/67]	Time 0.330 (0.327)	Data 0.026 (0.025)	Loss 0.0867 (0.0750)	
Epoch: [92][60/67]	Time 0.327 (0.327)	Data 0.025 (0.025)	Loss 0.0653 (0.0750)	
Test: [0/17]	Time 0.125 (0.125)	Loss 0.0531 (0.0531)	Prec@1 0.000 (0.000)	Prec@5 0.000 (0.000)
Test: [10/17]	Time 0.132 (0.128)	Loss 0.0709 (0.0647)	Prec@1 0.000 (0.000)	Prec@5 0.000 (0.000)
Overall Acc: 	 0.8543763801233092
Mean Acc : 	 0.5
FreqW Acc : 	 0.7299589989126093
Mean IoU : 	 0.4271881900616546
* Test:	Time 0.095 (0.126)	Loss 0.0756 (0.0712)	
learning rate = 0.000050
Epoch: [93][0/67]	Time 0.126 (0.327)	Data 0.025 (0.025)	Loss 0.0600 (0.0749)	
Epoch: [93][10/67]	Time 0.328 (0.327)	Data 0.025 (0.025)	Loss 0.0772 (0.0749)	
Epoch: [93][20/67]	Time 0.328 (0.327)	Data 0.025 (0.025)	Loss 0.0343 (0.0749)	
Epoch: [93][30/67]	Time 0.327 (0.327)	Data 0.024 (0.025)	Loss 0.0834 (0.0749)	
Epoch: [93][40/67]	Time 0.333 (0.327)	Data 0.025 (0.025)	Loss 0.0539 (0.0748)	
Epoch: [93][50/67]	Time 0.329 (0.327)	Data 0.025 (0.025)	Loss 0.0694 (0.0748)	
Epoch: [93][60/67]	Time 0.329 (0.327)	Data 0.025 (0.025)	Loss 0.0470 (0.0748)	
Test: [0/17]	Time 0.126 (0.126)	Loss 0.0668 (0.0668)	Prec@1 0.000 (0.000)	Prec@5 0.000 (0.000)
Test: [10/17]	Time 0.132 (0.129)	Loss 0.0499 (0.0782)	Prec@1 0.000 (0.000)	Prec@5 0.000 (0.000)
Overall Acc: 	 0.8546424979594216
Mean Acc : 	 0.5
FreqW Acc : 	 0.73041379931832
Mean IoU : 	 0.4273212489797108
* Test:	Time 0.092 (0.126)	Loss 0.0536 (0.0733)	
learning rate = 0.000050
Epoch: [94][0/67]	Time 0.126 (0.327)	Data 0.025 (0.025)	Loss 0.0530 (0.0747)	
Epoch: [94][10/67]	Time 0.328 (0.327)	Data 0.026 (0.025)	Loss 0.0434 (0.0747)	
Epoch: [94][20/67]	Time 0.326 (0.327)	Data 0.033 (0.025)	Loss 0.0578 (0.0747)	
Epoch: [94][30/67]	Time 0.325 (0.327)	Data 0.024 (0.025)	Loss 0.0445 (0.0746)	
Epoch: [94][40/67]	Time 0.330 (0.327)	Data 0.024 (0.025)	Loss 0.0664 (0.0746)	
Epoch: [94][50/67]	Time 0.328 (0.327)	Data 0.024 (0.025)	Loss 0.0773 (0.0746)	
Epoch: [94][60/67]	Time 0.327 (0.327)	Data 0.025 (0.025)	Loss 0.0515 (0.0745)	
Test: [0/17]	Time 0.124 (0.124)	Loss 0.0613 (0.0613)	Prec@1 0.000 (0.000)	Prec@5 0.000 (0.000)
Test: [10/17]	Time 0.135 (0.128)	Loss 0.0584 (0.0698)	Prec@1 0.000 (0.000)	Prec@5 0.000 (0.000)
Overall Acc: 	 0.8551751891178871
Mean Acc : 	 0.5
FreqW Acc : 	 0.7313246040828141
Mean IoU : 	 0.4275875945589436
* Test:	Time 0.094 (0.126)	Loss 0.0809 (0.0711)	
learning rate = 0.000050
Epoch: [95][0/67]	Time 0.127 (0.327)	Data 0.024 (0.025)	Loss 0.0464 (0.0745)	
Epoch: [95][10/67]	Time 0.332 (0.327)	Data 0.025 (0.025)	Loss 0.0527 (0.0745)	
Epoch: [95][20/67]	Time 0.333 (0.327)	Data 0.025 (0.025)	Loss 0.1188 (0.0744)	
Epoch: [95][30/67]	Time 0.327 (0.327)	Data 0.025 (0.025)	Loss 0.0349 (0.0744)	
Epoch: [95][40/67]	Time 0.333 (0.327)	Data 0.025 (0.025)	Loss 0.0449 (0.0744)	
Epoch: [95][50/67]	Time 0.329 (0.327)	Data 0.025 (0.025)	Loss 0.0374 (0.0744)	
Epoch: [95][60/67]	Time 0.330 (0.327)	Data 0.024 (0.025)	Loss 0.0358 (0.0743)	
Test: [0/17]	Time 0.125 (0.125)	Loss 0.1262 (0.1262)	Prec@1 0.000 (0.000)	Prec@5 0.000 (0.000)
Test: [10/17]	Time 0.129 (0.128)	Loss 0.0603 (0.0841)	Prec@1 0.000 (0.000)	Prec@5 0.000 (0.000)
Overall Acc: 	 0.8549576944379664
Mean Acc : 	 0.5
FreqW Acc : 	 0.7309526592786831
Mean IoU : 	 0.4274788472189832
* Test:	Time 0.092 (0.126)	Loss 0.0289 (0.0999)	
learning rate = 0.000050
Epoch: [96][0/67]	Time 0.130 (0.327)	Data 0.025 (0.025)	Loss 0.0868 (0.0743)	
Epoch: [96][10/67]	Time 0.328 (0.327)	Data 0.029 (0.025)	Loss 0.0662 (0.0743)	
Epoch: [96][20/67]	Time 0.327 (0.327)	Data 0.024 (0.025)	Loss 0.0549 (0.0743)	
Epoch: [96][30/67]	Time 0.332 (0.327)	Data 0.025 (0.025)	Loss 0.0301 (0.0742)	
Epoch: [96][40/67]	Time 0.330 (0.327)	Data 0.025 (0.025)	Loss 0.0327 (0.0742)	
Epoch: [96][50/67]	Time 0.330 (0.327)	Data 0.025 (0.025)	Loss 0.0324 (0.0742)	
Epoch: [96][60/67]	Time 0.329 (0.327)	Data 0.024 (0.025)	Loss 0.0911 (0.0741)	
Test: [0/17]	Time 0.123 (0.123)	Loss 0.0505 (0.0505)	Prec@1 0.000 (0.000)	Prec@5 0.000 (0.000)
Test: [10/17]	Time 0.130 (0.128)	Loss 0.0693 (0.0759)	Prec@1 0.000 (0.000)	Prec@5 0.000 (0.000)
Overall Acc: 	 0.8548133052996735
Mean Acc : 	 0.5
FreqW Acc : 	 0.7307057869173528
Mean IoU : 	 0.42740665264983674
* Test:	Time 0.095 (0.126)	Loss 0.0576 (0.0739)	
learning rate = 0.000050
Epoch: [97][0/67]	Time 0.123 (0.327)	Data 0.024 (0.025)	Loss 0.0413 (0.0741)	
Epoch: [97][10/67]	Time 0.327 (0.327)	Data 0.025 (0.025)	Loss 0.0622 (0.0741)	
Epoch: [97][20/67]	Time 0.326 (0.327)	Data 0.025 (0.025)	Loss 0.0728 (0.0741)	
Epoch: [97][30/67]	Time 0.326 (0.327)	Data 0.025 (0.025)	Loss 0.0412 (0.0740)	
Epoch: [97][40/67]	Time 0.325 (0.327)	Data 0.024 (0.025)	Loss 0.0679 (0.0740)	
Epoch: [97][50/67]	Time 0.334 (0.327)	Data 0.024 (0.025)	Loss 0.0551 (0.0740)	
Epoch: [97][60/67]	Time 0.327 (0.327)	Data 0.025 (0.025)	Loss 0.0432 (0.0739)	
Test: [0/17]	Time 0.125 (0.125)	Loss 0.0769 (0.0769)	Prec@1 0.000 (0.000)	Prec@5 0.000 (0.000)
Test: [10/17]	Time 0.131 (0.129)	Loss 0.0802 (0.0664)	Prec@1 0.000 (0.000)	Prec@5 0.000 (0.000)
Overall Acc: 	 0.8542474775171992
Mean Acc : 	 0.5
FreqW Acc : 	 0.7297387528444977
Mean IoU : 	 0.4271237387585996
* Test:	Time 0.093 (0.126)	Loss 0.0430 (0.0724)	
learning rate = 0.000050
Epoch: [98][0/67]	Time 0.125 (0.327)	Data 0.024 (0.025)	Loss 0.0584 (0.0739)	
Epoch: [98][10/67]	Time 0.324 (0.327)	Data 0.024 (0.025)	Loss 0.0615 (0.0739)	
Epoch: [98][20/67]	Time 0.331 (0.327)	Data 0.024 (0.025)	Loss 0.0560 (0.0739)	
Epoch: [98][30/67]	Time 0.326 (0.327)	Data 0.024 (0.025)	Loss 0.0520 (0.0738)	
Epoch: [98][40/67]	Time 0.332 (0.327)	Data 0.025 (0.025)	Loss 0.0641 (0.0738)	
Epoch: [98][50/67]	Time 0.326 (0.327)	Data 0.025 (0.025)	Loss 0.0560 (0.0738)	
Epoch: [98][60/67]	Time 0.325 (0.327)	Data 0.025 (0.025)	Loss 0.0235 (0.0737)	
Test: [0/17]	Time 0.124 (0.124)	Loss 0.1644 (0.1644)	Prec@1 0.000 (0.000)	Prec@5 0.000 (0.000)
Test: [10/17]	Time 0.130 (0.128)	Loss 0.0302 (0.0730)	Prec@1 0.000 (0.000)	Prec@5 0.000 (0.000)
Overall Acc: 	 0.8552044541088503
Mean Acc : 	 0.5
FreqW Acc : 	 0.7313746583276166
Mean IoU : 	 0.42760222705442513
* Test:	Time 0.092 (0.126)	Loss 0.0399 (0.0747)	
learning rate = 0.000050
Epoch: [99][0/67]	Time 0.126 (0.327)	Data 0.025 (0.025)	Loss 0.0199 (0.0737)	
Epoch: [99][10/67]	Time 0.327 (0.327)	Data 0.025 (0.025)	Loss 0.0356 (0.0737)	
Epoch: [99][20/67]	Time 0.327 (0.327)	Data 0.024 (0.025)	Loss 0.0551 (0.0736)	
Epoch: [99][30/67]	Time 0.323 (0.327)	Data 0.025 (0.025)	Loss 0.0641 (0.0736)	
Epoch: [99][40/67]	Time 0.328 (0.327)	Data 0.025 (0.025)	Loss 0.0592 (0.0736)	
Epoch: [99][50/67]	Time 0.331 (0.327)	Data 0.025 (0.025)	Loss 0.0571 (0.0736)	
Epoch: [99][60/67]	Time 0.333 (0.327)	Data 0.025 (0.025)	Loss 0.0592 (0.0735)	
Test: [0/17]	Time 0.127 (0.127)	Loss 0.2208 (0.2208)	Prec@1 0.000 (0.000)	Prec@5 0.000 (0.000)
Test: [10/17]	Time 0.129 (0.129)	Loss 0.0683 (0.0698)	Prec@1 0.000 (0.000)	Prec@5 0.000 (0.000)
Overall Acc: 	 0.8546301998309235
Mean Acc : 	 0.5
FreqW Acc : 	 0.7303927784630442
Mean IoU : 	 0.42731509991546174
* Test:	Time 0.093 (0.126)	Loss 0.0548 (0.0725)	
