start training
learning rate = 0.000050
Epoch: [0][0/34]	Time 9.365 (9.365)	Data 0.062 (0.062)	Loss 1.7925 (1.7925)	
Epoch: [0][10/34]	Time 0.560 (1.346)	Data 0.048 (0.052)	Loss 0.5641 (0.7567)	
Epoch: [0][20/34]	Time 0.559 (0.971)	Data 0.049 (0.050)	Loss 0.4006 (0.5961)	
Epoch: [0][30/34]	Time 0.564 (0.839)	Data 0.049 (0.050)	Loss 0.2820 (0.5083)	
Test: [0/9]	Time 0.236 (0.236)	Loss 0.2648 (0.2648)	Prec@1 0.000 (0.000)	Prec@5 0.000 (0.000)
Overall Acc: 	 0.8437526190458838
Mean Acc : 	 0.5
FreqW Acc : 	 0.7119184821467883
Mean IoU : 	 0.4218763095229419
* Test:	Time 2.528 (0.487)	Loss 0.3571 (0.2641)	
learning rate = 0.000050
Epoch: [1][0/34]	Time 0.405 (1.003)	Data 0.051 (0.049)	Loss 0.2513 (0.4809)	
Epoch: [1][10/34]	Time 0.558 (0.901)	Data 0.048 (0.049)	Loss 0.1653 (0.4251)	
Epoch: [1][20/34]	Time 0.555 (0.839)	Data 0.048 (0.049)	Loss 0.1499 (0.3840)	
Epoch: [1][30/34]	Time 0.559 (0.796)	Data 0.049 (0.049)	Loss 0.1518 (0.3563)	
Test: [0/9]	Time 0.227 (0.227)	Loss 0.1308 (0.1308)	Prec@1 0.000 (0.000)	Prec@5 0.000 (0.000)
Overall Acc: 	 0.8442046891397504
Mean Acc : 	 0.5
FreqW Acc : 	 0.7126815571655427
Mean IoU : 	 0.4221023445698752
* Test:	Time 0.094 (0.219)	Loss 0.0555 (0.1584)	
learning rate = 0.000050
Epoch: [2][0/34]	Time 0.223 (0.776)	Data 0.048 (0.049)	Loss 0.1604 (0.3469)	
Epoch: [2][10/34]	Time 0.563 (0.749)	Data 0.048 (0.049)	Loss 0.1380 (0.3245)	
Epoch: [2][20/34]	Time 0.561 (0.728)	Data 0.050 (0.049)	Loss 0.1326 (0.3059)	
Epoch: [2][30/34]	Time 0.557 (0.711)	Data 0.048 (0.049)	Loss 0.0928 (0.2897)	
Test: [0/9]	Time 0.225 (0.225)	Loss 0.1079 (0.1079)	Prec@1 0.000 (0.000)	Prec@5 0.000 (0.000)
Overall Acc: 	 0.8442007036351445
Mean Acc : 	 0.5
FreqW Acc : 	 0.7126748280180731
Mean IoU : 	 0.4221003518175723
* Test:	Time 0.094 (0.216)	Loss 0.1326 (0.1348)	
learning rate = 0.000050
Epoch: [3][0/34]	Time 0.221 (0.701)	Data 0.048 (0.049)	Loss 0.1974 (0.2848)	
Epoch: [3][10/34]	Time 0.556 (0.688)	Data 0.049 (0.049)	Loss 0.1388 (0.2723)	
Epoch: [3][20/34]	Time 0.560 (0.678)	Data 0.048 (0.049)	Loss 0.1041 (0.2605)	
Epoch: [3][30/34]	Time 0.564 (0.669)	Data 0.049 (0.049)	Loss 0.1302 (0.2504)	
Test: [0/9]	Time 0.227 (0.227)	Loss 0.1242 (0.1242)	Prec@1 0.000 (0.000)	Prec@5 0.000 (0.000)
Overall Acc: 	 0.8449442849230411
Mean Acc : 	 0.5
FreqW Acc : 	 0.7139308446241093
Mean IoU : 	 0.42247214246152054
* Test:	Time 0.093 (0.215)	Loss 0.1076 (0.1458)	
learning rate = 0.000050
Epoch: [4][0/34]	Time 0.219 (0.663)	Data 0.048 (0.049)	Loss 0.1385 (0.2470)	
Epoch: [4][10/34]	Time 0.561 (0.656)	Data 0.050 (0.049)	Loss 0.1562 (0.2399)	
Epoch: [4][20/34]	Time 0.555 (0.650)	Data 0.049 (0.049)	Loss 0.1122 (0.2330)	
Epoch: [4][30/34]	Time 0.555 (0.645)	Data 0.049 (0.049)	Loss 0.1155 (0.2255)	
Test: [0/9]	Time 0.227 (0.227)	Loss 0.1618 (0.1618)	Prec@1 0.000 (0.000)	Prec@5 0.000 (0.000)
Overall Acc: 	 0.8443341611036613
Mean Acc : 	 0.5
FreqW Acc : 	 0.7129001756066236
Mean IoU : 	 0.42216708055183066
* Test:	Time 0.094 (0.216)	Loss 0.0718 (0.1318)	
learning rate = 0.000050
Epoch: [5][0/34]	Time 0.220 (0.640)	Data 0.048 (0.049)	Loss 0.1566 (0.2231)	
Epoch: [5][10/34]	Time 0.557 (0.636)	Data 0.049 (0.049)	Loss 0.1756 (0.2172)	
Epoch: [5][20/34]	Time 0.555 (0.632)	Data 0.048 (0.049)	Loss 0.1857 (0.2120)	
Epoch: [5][30/34]	Time 0.564 (0.628)	Data 0.049 (0.049)	Loss 0.0688 (0.2080)	
Test: [0/9]	Time 0.224 (0.224)	Loss 0.1226 (0.1226)	Prec@1 0.000 (0.000)	Prec@5 0.000 (0.000)
Overall Acc: 	 0.8444154653976212
Mean Acc : 	 0.5
FreqW Acc : 	 0.7130374782026813
Mean IoU : 	 0.4222077326988106
* Test:	Time 0.096 (0.215)	Loss 0.1510 (0.1355)	
learning rate = 0.000050
Epoch: [6][0/34]	Time 0.224 (0.625)	Data 0.049 (0.049)	Loss 0.1480 (0.2068)	
Epoch: [6][10/34]	Time 0.566 (0.622)	Data 0.050 (0.049)	Loss 0.1104 (0.2037)	
Epoch: [6][20/34]	Time 0.561 (0.619)	Data 0.048 (0.049)	Loss 0.0871 (0.1995)	
Epoch: [6][30/34]	Time 0.556 (0.617)	Data 0.048 (0.049)	Loss 0.0639 (0.1952)	
Test: [0/9]	Time 0.227 (0.227)	Loss 0.1326 (0.1326)	Prec@1 0.000 (0.000)	Prec@5 0.000 (0.000)
Overall Acc: 	 0.8442979499475279
Mean Acc : 	 0.5
FreqW Acc : 	 0.7128390282855984
Mean IoU : 	 0.42214897497376397
* Test:	Time 0.095 (0.218)	Loss 0.1238 (0.1065)	
learning rate = 0.000050
Epoch: [7][0/34]	Time 0.220 (0.614)	Data 0.048 (0.049)	Loss 0.0872 (0.1938)	
Epoch: [7][10/34]	Time 0.560 (0.612)	Data 0.048 (0.049)	Loss 0.0940 (0.1899)	
Epoch: [7][20/34]	Time 0.554 (0.610)	Data 0.048 (0.049)	Loss 0.0917 (0.1869)	
Epoch: [7][30/34]	Time 0.563 (0.608)	Data 0.048 (0.049)	Loss 0.1040 (0.1841)	
Test: [0/9]	Time 0.224 (0.224)	Loss 0.0775 (0.0775)	Prec@1 0.000 (0.000)	Prec@5 0.000 (0.000)
Overall Acc: 	 0.8441495753046292
Mean Acc : 	 0.5
FreqW Acc : 	 0.7125885054869858
Mean IoU : 	 0.4220747876523146
* Test:	Time 0.094 (0.216)	Loss 0.1212 (0.0914)	
learning rate = 0.000050
Epoch: [8][0/34]	Time 0.223 (0.606)	Data 0.048 (0.049)	Loss 0.1121 (0.1830)	
Epoch: [8][10/34]	Time 0.564 (0.604)	Data 0.050 (0.049)	Loss 0.0768 (0.1806)	
Epoch: [8][20/34]	Time 0.562 (0.603)	Data 0.050 (0.049)	Loss 0.0809 (0.1779)	
Epoch: [8][30/34]	Time 0.561 (0.601)	Data 0.048 (0.049)	Loss 0.1121 (0.1750)	
Test: [0/9]	Time 0.225 (0.225)	Loss 0.0693 (0.0693)	Prec@1 0.000 (0.000)	Prec@5 0.000 (0.000)
Overall Acc: 	 0.8445580325909515
Mean Acc : 	 0.5
FreqW Acc : 	 0.7132782704138987
Mean IoU : 	 0.42227901629547576
* Test:	Time 0.094 (0.216)	Loss 0.0665 (0.0910)	
learning rate = 0.000050
Epoch: [9][0/34]	Time 0.219 (0.600)	Data 0.048 (0.049)	Loss 0.0969 (0.1741)	
Epoch: [9][10/34]	Time 0.559 (0.598)	Data 0.048 (0.049)	Loss 0.0755 (0.1714)	
Epoch: [9][20/34]	Time 0.562 (0.597)	Data 0.049 (0.049)	Loss 0.1310 (0.1693)	
Epoch: [9][30/34]	Time 0.558 (0.596)	Data 0.048 (0.049)	Loss 0.0841 (0.1668)	
Test: [0/9]	Time 0.225 (0.225)	Loss 0.1443 (0.1443)	Prec@1 0.000 (0.000)	Prec@5 0.000 (0.000)
Overall Acc: 	 0.8439616872303521
Mean Acc : 	 0.5
FreqW Acc : 	 0.7122713295127028
Mean IoU : 	 0.42198084361517607
* Test:	Time 0.092 (0.214)	Loss 0.1066 (0.1055)	
learning rate = 0.000050
Epoch: [10][0/34]	Time 0.219 (0.595)	Data 0.048 (0.049)	Loss 0.1032 (0.1659)	
Epoch: [10][10/34]	Time 0.562 (0.594)	Data 0.048 (0.049)	Loss 0.0909 (0.1640)	
Epoch: [10][20/34]	Time 0.561 (0.593)	Data 0.050 (0.049)	Loss 0.0954 (0.1616)	
Epoch: [10][30/34]	Time 0.564 (0.592)	Data 0.048 (0.049)	Loss 0.0694 (0.1596)	
Test: [0/9]	Time 0.224 (0.224)	Loss 0.0730 (0.0730)	Prec@1 0.000 (0.000)	Prec@5 0.000 (0.000)
Overall Acc: 	 0.8442820079291045
Mean Acc : 	 0.5
FreqW Acc : 	 0.7128121089128004
Mean IoU : 	 0.42214100396455223
* Test:	Time 0.104 (0.216)	Loss 0.0891 (0.0856)	
learning rate = 0.000050
Epoch: [11][0/34]	Time 0.222 (0.590)	Data 0.048 (0.049)	Loss 0.1083 (0.1591)	
Epoch: [11][10/34]	Time 0.559 (0.590)	Data 0.049 (0.049)	Loss 0.0703 (0.1570)	
Epoch: [11][20/34]	Time 0.561 (0.589)	Data 0.049 (0.049)	Loss 0.0737 (0.1555)	
Epoch: [11][30/34]	Time 0.558 (0.588)	Data 0.048 (0.049)	Loss 0.1037 (0.1542)	
Test: [0/9]	Time 0.225 (0.225)	Loss 0.0850 (0.0850)	Prec@1 0.000 (0.000)	Prec@5 0.000 (0.000)
Overall Acc: 	 0.8439352690283932
Mean Acc : 	 0.5
FreqW Acc : 	 0.7122267383100265
Mean IoU : 	 0.4219676345141966
* Test:	Time 0.093 (0.214)	Loss 0.1149 (0.0866)	
learning rate = 0.000050
Epoch: [12][0/34]	Time 0.220 (0.587)	Data 0.048 (0.049)	Loss 0.1033 (0.1536)	
Epoch: [12][10/34]	Time 0.565 (0.586)	Data 0.049 (0.049)	Loss 0.0970 (0.1518)	
Epoch: [12][20/34]	Time 0.558 (0.586)	Data 0.049 (0.049)	Loss 0.0755 (0.1504)	
Epoch: [12][30/34]	Time 0.560 (0.585)	Data 0.048 (0.049)	Loss 0.0620 (0.1487)	
Test: [0/9]	Time 0.224 (0.224)	Loss 0.0783 (0.0783)	Prec@1 0.000 (0.000)	Prec@5 0.000 (0.000)
Overall Acc: 	 0.8440108797443446
Mean Acc : 	 0.5
FreqW Acc : 	 0.7123543651268226
Mean IoU : 	 0.4220054398721723
* Test:	Time 0.094 (0.216)	Loss 0.1009 (0.0848)	
learning rate = 0.000050
Epoch: [13][0/34]	Time 0.220 (0.584)	Data 0.048 (0.049)	Loss 0.0839 (0.1485)	
Epoch: [13][10/34]	Time 0.559 (0.583)	Data 0.049 (0.049)	Loss 0.0804 (0.1471)	
Epoch: [13][20/34]	Time 0.566 (0.583)	Data 0.048 (0.049)	Loss 0.1005 (0.1457)	
Epoch: [13][30/34]	Time 0.563 (0.582)	Data 0.049 (0.049)	Loss 0.0958 (0.1443)	
Test: [0/9]	Time 0.237 (0.237)	Loss 0.0567 (0.0567)	Prec@1 0.000 (0.000)	Prec@5 0.000 (0.000)
Overall Acc: 	 0.8440684987537896
Mean Acc : 	 0.5
FreqW Acc : 	 0.7124516305884762
Mean IoU : 	 0.4220342493768948
* Test:	Time 0.093 (0.216)	Loss 0.0947 (0.0817)	
learning rate = 0.000050
Epoch: [14][0/34]	Time 0.221 (0.581)	Data 0.047 (0.049)	Loss 0.0536 (0.1437)	
Epoch: [14][10/34]	Time 0.560 (0.581)	Data 0.048 (0.049)	Loss 0.0923 (0.1425)	
Epoch: [14][20/34]	Time 0.561 (0.581)	Data 0.049 (0.049)	Loss 0.0855 (0.1412)	
Epoch: [14][30/34]	Time 0.564 (0.580)	Data 0.049 (0.049)	Loss 0.0602 (0.1403)	
Test: [0/9]	Time 0.226 (0.226)	Loss 0.0805 (0.0805)	Prec@1 0.000 (0.000)	Prec@5 0.000 (0.000)
Overall Acc: 	 0.844213229506763
Mean Acc : 	 0.5
FreqW Acc : 	 0.7126959768742386
Mean IoU : 	 0.4221066147533815
* Test:	Time 0.094 (0.218)	Loss 0.0892 (0.0864)	
learning rate = 0.000050
Epoch: [15][0/34]	Time 0.220 (0.579)	Data 0.048 (0.049)	Loss 0.0903 (0.1399)	
Epoch: [15][10/34]	Time 0.557 (0.579)	Data 0.049 (0.049)	Loss 0.0610 (0.1387)	
Epoch: [15][20/34]	Time 0.565 (0.579)	Data 0.049 (0.049)	Loss 0.0664 (0.1376)	
Epoch: [15][30/34]	Time 0.560 (0.578)	Data 0.049 (0.049)	Loss 0.0595 (0.1365)	
Test: [0/9]	Time 0.228 (0.228)	Loss 0.0882 (0.0882)	Prec@1 0.000 (0.000)	Prec@5 0.000 (0.000)
Overall Acc: 	 0.8437205072659165
Mean Acc : 	 0.5
FreqW Acc : 	 0.7118642943810555
Mean IoU : 	 0.42186025363295826
* Test:	Time 0.093 (0.215)	Loss 0.0445 (0.0780)	
learning rate = 0.000050
Epoch: [16][0/34]	Time 0.219 (0.577)	Data 0.048 (0.049)	Loss 0.0786 (0.1361)	
Epoch: [16][10/34]	Time 0.563 (0.577)	Data 0.048 (0.049)	Loss 0.0763 (0.1352)	
Epoch: [16][20/34]	Time 0.556 (0.577)	Data 0.049 (0.049)	Loss 0.0850 (0.1341)	
Epoch: [16][30/34]	Time 0.565 (0.577)	Data 0.049 (0.049)	Loss 0.0953 (0.1332)	
Test: [0/9]	Time 0.225 (0.225)	Loss 0.0553 (0.0553)	Prec@1 0.000 (0.000)	Prec@5 0.000 (0.000)
Overall Acc: 	 0.8438522566610308
Mean Acc : 	 0.5
FreqW Acc : 	 0.7120866310719142
Mean IoU : 	 0.4219261283305154
* Test:	Time 0.097 (0.216)	Loss 0.0903 (0.0766)	
learning rate = 0.000050
Epoch: [17][0/34]	Time 0.219 (0.576)	Data 0.049 (0.049)	Loss 0.0619 (0.1327)	
Epoch: [17][10/34]	Time 0.555 (0.576)	Data 0.049 (0.049)	Loss 0.0625 (0.1317)	
Epoch: [17][20/34]	Time 0.561 (0.575)	Data 0.049 (0.049)	Loss 0.0664 (0.1309)	
Epoch: [17][30/34]	Time 0.561 (0.575)	Data 0.049 (0.049)	Loss 0.0853 (0.1300)	
Test: [0/9]	Time 0.225 (0.225)	Loss 0.0759 (0.0759)	Prec@1 0.000 (0.000)	Prec@5 0.000 (0.000)
Overall Acc: 	 0.8444928980585354
Mean Acc : 	 0.5
FreqW Acc : 	 0.713168254871304
Mean IoU : 	 0.4222464490292677
* Test:	Time 0.092 (0.216)	Loss 0.0727 (0.0770)	
learning rate = 0.000050
Epoch: [18][0/34]	Time 0.221 (0.574)	Data 0.048 (0.049)	Loss 0.0705 (0.1296)	
Epoch: [18][10/34]	Time 0.567 (0.574)	Data 0.049 (0.049)	Loss 0.0750 (0.1287)	
Epoch: [18][20/34]	Time 0.559 (0.574)	Data 0.049 (0.049)	Loss 0.0584 (0.1280)	
Epoch: [18][30/34]	Time 0.558 (0.574)	Data 0.049 (0.049)	Loss 0.0650 (0.1271)	
Test: [0/9]	Time 0.226 (0.226)	Loss 0.1297 (0.1297)	Prec@1 0.000 (0.000)	Prec@5 0.000 (0.000)
Overall Acc: 	 0.844252515195021
Mean Acc : 	 0.5
FreqW Acc : 	 0.7127623094131191
Mean IoU : 	 0.4221262575975105
* Test:	Time 0.096 (0.221)	Loss 0.0668 (0.0784)	
learning rate = 0.000050
Epoch: [19][0/34]	Time 0.220 (0.573)	Data 0.048 (0.049)	Loss 0.0416 (0.1267)	
Epoch: [19][10/34]	Time 0.564 (0.573)	Data 0.049 (0.049)	Loss 0.0901 (0.1258)	
Epoch: [19][20/34]	Time 0.563 (0.573)	Data 0.055 (0.049)	Loss 0.0577 (0.1250)	
Epoch: [19][30/34]	Time 0.558 (0.572)	Data 0.049 (0.049)	Loss 0.0638 (0.1242)	
Test: [0/9]	Time 0.224 (0.224)	Loss 0.0810 (0.0810)	Prec@1 0.000 (0.000)	Prec@5 0.000 (0.000)
Overall Acc: 	 0.8436948861648788
Mean Acc : 	 0.5
FreqW Acc : 	 0.7118210609407677
Mean IoU : 	 0.4218474430824394
* Test:	Time 0.095 (0.216)	Loss 0.0769 (0.0799)	
learning rate = 0.000050
Epoch: [20][0/34]	Time 0.217 (0.572)	Data 0.048 (0.049)	Loss 0.0829 (0.1240)	
Epoch: [20][10/34]	Time 0.565 (0.572)	Data 0.050 (0.049)	Loss 0.1072 (0.1233)	
Epoch: [20][20/34]	Time 0.563 (0.572)	Data 0.049 (0.049)	Loss 0.0615 (0.1226)	
Epoch: [20][30/34]	Time 0.562 (0.571)	Data 0.049 (0.049)	Loss 0.0619 (0.1218)	
Test: [0/9]	Time 0.225 (0.225)	Loss 0.0740 (0.0740)	Prec@1 0.000 (0.000)	Prec@5 0.000 (0.000)
Overall Acc: 	 0.8441823703139576
Mean Acc : 	 0.5
FreqW Acc : 	 0.7126438743488919
Mean IoU : 	 0.4220911851569788
* Test:	Time 0.093 (0.216)	Loss 0.0880 (0.0782)	
learning rate = 0.000050
Epoch: [21][0/34]	Time 0.221 (0.571)	Data 0.048 (0.049)	Loss 0.0716 (0.1216)	
Epoch: [21][10/34]	Time 0.562 (0.571)	Data 0.049 (0.049)	Loss 0.0348 (0.1208)	
Epoch: [21][20/34]	Time 0.558 (0.570)	Data 0.069 (0.049)	Loss 0.0496 (0.1202)	
Epoch: [21][30/34]	Time 0.561 (0.570)	Data 0.049 (0.049)	Loss 0.0908 (0.1195)	
Test: [0/9]	Time 0.224 (0.224)	Loss 0.0472 (0.0472)	Prec@1 0.000 (0.000)	Prec@5 0.000 (0.000)
Overall Acc: 	 0.8446970697659165
Mean Acc : 	 0.5
FreqW Acc : 	 0.7135131396711256
Mean IoU : 	 0.42234853488295826
* Test:	Time 0.093 (0.216)	Loss 0.0745 (0.0731)	
learning rate = 0.000050
Epoch: [22][0/34]	Time 0.219 (0.570)	Data 0.048 (0.049)	Loss 0.1131 (0.1194)	
Epoch: [22][10/34]	Time 0.560 (0.570)	Data 0.048 (0.049)	Loss 0.0558 (0.1188)	
Epoch: [22][20/34]	Time 0.562 (0.570)	Data 0.049 (0.049)	Loss 0.0701 (0.1180)	
Epoch: [22][30/34]	Time 0.565 (0.569)	Data 0.049 (0.049)	Loss 0.0714 (0.1174)	
Test: [0/9]	Time 0.224 (0.224)	Loss 0.0771 (0.0771)	Prec@1 0.000 (0.000)	Prec@5 0.000 (0.000)
Overall Acc: 	 0.8438169564773788
Mean Acc : 	 0.5
FreqW Acc : 	 0.7120270560387465
Mean IoU : 	 0.4219084782386894
* Test:	Time 0.093 (0.217)	Loss 0.0888 (0.0707)	
learning rate = 0.000050
Epoch: [23][0/34]	Time 0.220 (0.569)	Data 0.049 (0.049)	Loss 0.0580 (0.1172)	
Epoch: [23][10/34]	Time 0.562 (0.569)	Data 0.048 (0.049)	Loss 0.0643 (0.1167)	
Epoch: [23][20/34]	Time 0.570 (0.569)	Data 0.049 (0.049)	Loss 0.0776 (0.1161)	
Epoch: [23][30/34]	Time 0.559 (0.569)	Data 0.049 (0.049)	Loss 0.0533 (0.1154)	
Test: [0/9]	Time 0.225 (0.225)	Loss 0.0900 (0.0900)	Prec@1 0.000 (0.000)	Prec@5 0.000 (0.000)
Overall Acc: 	 0.8446949062062733
Mean Acc : 	 0.5
FreqW Acc : 	 0.7135094845708249
Mean IoU : 	 0.42234745310313665
* Test:	Time 0.095 (0.216)	Loss 0.0841 (0.0701)	
learning rate = 0.000050
Epoch: [24][0/34]	Time 0.220 (0.568)	Data 0.048 (0.049)	Loss 0.0456 (0.1152)	
Epoch: [24][10/34]	Time 0.560 (0.568)	Data 0.049 (0.049)	Loss 0.0717 (0.1146)	
Epoch: [24][20/34]	Time 0.565 (0.568)	Data 0.049 (0.049)	Loss 0.0672 (0.1141)	
Epoch: [24][30/34]	Time 0.562 (0.568)	Data 0.048 (0.049)	Loss 0.0658 (0.1136)	
Test: [0/9]	Time 0.224 (0.224)	Loss 0.0732 (0.0732)	Prec@1 0.000 (0.000)	Prec@5 0.000 (0.000)
Overall Acc: 	 0.8441323806990438
Mean Acc : 	 0.5
FreqW Acc : 	 0.7125594761446354
Mean IoU : 	 0.4220661903495219
* Test:	Time 0.094 (0.216)	Loss 0.0858 (0.0750)	
learning rate = 0.000050
Epoch: [25][0/34]	Time 0.221 (0.567)	Data 0.048 (0.049)	Loss 0.0300 (0.1133)	
Epoch: [25][10/34]	Time 0.561 (0.567)	Data 0.049 (0.049)	Loss 0.0675 (0.1128)	
Epoch: [25][20/34]	Time 0.558 (0.567)	Data 0.049 (0.049)	Loss 0.0478 (0.1123)	
Epoch: [25][30/34]	Time 0.555 (0.567)	Data 0.049 (0.049)	Loss 0.0565 (0.1119)	
Test: [0/9]	Time 0.224 (0.224)	Loss 0.0761 (0.0761)	Prec@1 0.000 (0.000)	Prec@5 0.000 (0.000)
Overall Acc: 	 0.8436504762564132
Mean Acc : 	 0.5
FreqW Acc : 	 0.7117461260876728
Mean IoU : 	 0.4218252381282066
* Test:	Time 0.092 (0.215)	Loss 0.0417 (0.0745)	
learning rate = 0.000050
Epoch: [26][0/34]	Time 0.219 (0.567)	Data 0.048 (0.049)	Loss 0.1038 (0.1118)	
Epoch: [26][10/34]	Time 0.562 (0.567)	Data 0.049 (0.049)	Loss 0.0794 (0.1113)	
Epoch: [26][20/34]	Time 0.561 (0.567)	Data 0.069 (0.049)	Loss 0.0711 (0.1108)	
Epoch: [26][30/34]	Time 0.556 (0.566)	Data 0.050 (0.049)	Loss 0.0787 (0.1104)	
Test: [0/9]	Time 0.224 (0.224)	Loss 0.0939 (0.0939)	Prec@1 0.000 (0.000)	Prec@5 0.000 (0.000)
Overall Acc: 	 0.8448686742070896
Mean Acc : 	 0.5
FreqW Acc : 	 0.7138030766564453
Mean IoU : 	 0.4224343371035448
* Test:	Time 0.095 (0.216)	Loss 0.0665 (0.0763)	
learning rate = 0.000050
Epoch: [27][0/34]	Time 0.222 (0.566)	Data 0.049 (0.049)	Loss 0.0942 (0.1102)	
Epoch: [27][10/34]	Time 0.561 (0.566)	Data 0.069 (0.049)	Loss 0.0383 (0.1098)	
Epoch: [27][20/34]	Time 0.566 (0.566)	Data 0.049 (0.049)	Loss 0.1110 (0.1094)	
Epoch: [27][30/34]	Time 0.558 (0.566)	Data 0.049 (0.049)	Loss 0.0506 (0.1089)	
Test: [0/9]	Time 0.224 (0.224)	Loss 0.0693 (0.0693)	Prec@1 0.000 (0.000)	Prec@5 0.000 (0.000)
Overall Acc: 	 0.8436942029355178
Mean Acc : 	 0.5
FreqW Acc : 	 0.7118199080669987
Mean IoU : 	 0.4218471014677589
* Test:	Time 0.094 (0.218)	Loss 0.0420 (0.0714)	
learning rate = 0.000050
Epoch: [28][0/34]	Time 0.221 (0.565)	Data 0.048 (0.049)	Loss 0.0708 (0.1087)	
Epoch: [28][10/34]	Time 0.557 (0.565)	Data 0.049 (0.049)	Loss 0.0458 (0.1082)	
Epoch: [28][20/34]	Time 0.562 (0.565)	Data 0.069 (0.049)	Loss 0.0841 (0.1078)	
Epoch: [28][30/34]	Time 0.559 (0.565)	Data 0.048 (0.049)	Loss 0.0914 (0.1074)	
Test: [0/9]	Time 0.224 (0.224)	Loss 0.0859 (0.0859)	Prec@1 0.000 (0.000)	Prec@5 0.000 (0.000)
Overall Acc: 	 0.844137960405492
Mean Acc : 	 0.5
FreqW Acc : 	 0.712568896197544
Mean IoU : 	 0.422068980202746
* Test:	Time 0.092 (0.215)	Loss 0.0440 (0.0771)	
learning rate = 0.000050
Epoch: [29][0/34]	Time 0.219 (0.565)	Data 0.048 (0.049)	Loss 0.0673 (0.1073)	
Epoch: [29][10/34]	Time 0.553 (0.565)	Data 0.049 (0.049)	Loss 0.0463 (0.1069)	
Epoch: [29][20/34]	Time 0.558 (0.565)	Data 0.069 (0.049)	Loss 0.0610 (0.1066)	
Epoch: [29][30/34]	Time 0.554 (0.565)	Data 0.069 (0.049)	Loss 0.0439 (0.1061)	
Test: [0/9]	Time 0.225 (0.225)	Loss 0.0664 (0.0664)	Prec@1 0.000 (0.000)	Prec@5 0.000 (0.000)
Overall Acc: 	 0.8439159108631646
Mean Acc : 	 0.5
FreqW Acc : 	 0.7121940646080048
Mean IoU : 	 0.4219579554315823
* Test:	Time 0.095 (0.217)	Loss 0.0933 (0.0843)	
learning rate = 0.000050
Epoch: [30][0/34]	Time 0.222 (0.564)	Data 0.049 (0.049)	Loss 0.0883 (0.1060)	
Epoch: [30][10/34]	Time 0.562 (0.564)	Data 0.048 (0.049)	Loss 0.1036 (0.1056)	
Epoch: [30][20/34]	Time 0.566 (0.564)	Data 0.049 (0.049)	Loss 0.0537 (0.1052)	
Epoch: [30][30/34]	Time 0.563 (0.564)	Data 0.049 (0.049)	Loss 0.0853 (0.1048)	
Test: [0/9]	Time 0.225 (0.225)	Loss 0.0691 (0.0691)	Prec@1 0.000 (0.000)	Prec@5 0.000 (0.000)
Overall Acc: 	 0.8441714386441814
Mean Acc : 	 0.5
FreqW Acc : 	 0.7126254178225869
Mean IoU : 	 0.4220857193220907
* Test:	Time 0.093 (0.215)	Loss 0.0750 (0.0747)	
learning rate = 0.000050
Epoch: [31][0/34]	Time 0.218 (0.564)	Data 0.048 (0.049)	Loss 0.0767 (0.1048)	
Epoch: [31][10/34]	Time 0.557 (0.564)	Data 0.048 (0.049)	Loss 0.0752 (0.1045)	
Epoch: [31][20/34]	Time 0.554 (0.564)	Data 0.049 (0.049)	Loss 0.0984 (0.1042)	
Epoch: [31][30/34]	Time 0.562 (0.564)	Data 0.049 (0.049)	Loss 0.0933 (0.1038)	
Test: [0/9]	Time 0.225 (0.225)	Loss 0.0524 (0.0524)	Prec@1 0.000 (0.000)	Prec@5 0.000 (0.000)
Overall Acc: 	 0.8442949892869637
Mean Acc : 	 0.5
FreqW Acc : 	 0.7128340289350741
Mean IoU : 	 0.42214749464348184
* Test:	Time 0.094 (0.217)	Loss 0.0516 (0.0711)	
learning rate = 0.000050
Epoch: [32][0/34]	Time 0.219 (0.563)	Data 0.048 (0.049)	Loss 0.0631 (0.1037)	
Epoch: [32][10/34]	Time 0.562 (0.563)	Data 0.048 (0.049)	Loss 0.0750 (0.1034)	
Epoch: [32][20/34]	Time 0.563 (0.563)	Data 0.049 (0.049)	Loss 0.0806 (0.1029)	
Epoch: [32][30/34]	Time 0.558 (0.563)	Data 0.049 (0.049)	Loss 0.0500 (0.1026)	
Test: [0/9]	Time 0.227 (0.227)	Loss 0.0473 (0.0473)	Prec@1 0.000 (0.000)	Prec@5 0.000 (0.000)
Overall Acc: 	 0.8443531776542095
Mean Acc : 	 0.5
FreqW Acc : 	 0.712932288614761
Mean IoU : 	 0.42217658882710474
* Test:	Time 0.093 (0.215)	Loss 0.1410 (0.0721)	
learning rate = 0.000050
Epoch: [33][0/34]	Time 0.221 (0.563)	Data 0.048 (0.049)	Loss 0.0542 (0.1025)	
Epoch: [33][10/34]	Time 0.564 (0.563)	Data 0.049 (0.049)	Loss 0.0489 (0.1022)	
Epoch: [33][20/34]	Time 0.565 (0.563)	Data 0.049 (0.049)	Loss 0.0985 (0.1019)	
Epoch: [33][30/34]	Time 0.566 (0.563)	Data 0.049 (0.049)	Loss 0.0815 (0.1015)	
Test: [0/9]	Time 0.227 (0.227)	Loss 0.0747 (0.0747)	Prec@1 0.000 (0.000)	Prec@5 0.000 (0.000)
Overall Acc: 	 0.8439118114869986
Mean Acc : 	 0.5
FreqW Acc : 	 0.7121871455672674
Mean IoU : 	 0.4219559057434993
* Test:	Time 0.094 (0.217)	Loss 0.0557 (0.0733)	
learning rate = 0.000050
Epoch: [34][0/34]	Time 0.219 (0.563)	Data 0.048 (0.049)	Loss 0.0680 (0.1014)	
Epoch: [34][10/34]	Time 0.562 (0.563)	Data 0.048 (0.049)	Loss 0.0342 (0.1012)	
Epoch: [34][20/34]	Time 0.557 (0.563)	Data 0.049 (0.049)	Loss 0.0461 (0.1008)	
Epoch: [34][30/34]	Time 0.562 (0.563)	Data 0.048 (0.049)	Loss 0.0567 (0.1005)	
Test: [0/9]	Time 0.227 (0.227)	Loss 0.0575 (0.0575)	Prec@1 0.000 (0.000)	Prec@5 0.000 (0.000)
Overall Acc: 	 0.8439857141295476
Mean Acc : 	 0.5
FreqW Acc : 	 0.7123118856547624
Mean IoU : 	 0.4219928570647738
* Test:	Time 0.094 (0.219)	Loss 0.1117 (0.0694)	
learning rate = 0.000050
Epoch: [35][0/34]	Time 0.223 (0.562)	Data 0.049 (0.049)	Loss 0.0625 (0.1004)	
Epoch: [35][10/34]	Time 0.560 (0.562)	Data 0.049 (0.049)	Loss 0.0417 (0.1001)	
Epoch: [35][20/34]	Time 0.556 (0.562)	Data 0.048 (0.049)	Loss 0.0437 (0.0998)	
Epoch: [35][30/34]	Time 0.561 (0.562)	Data 0.048 (0.049)	Loss 0.0593 (0.0995)	
Test: [0/9]	Time 0.227 (0.227)	Loss 0.0706 (0.0706)	Prec@1 0.000 (0.000)	Prec@5 0.000 (0.000)
Overall Acc: 	 0.843988674790112
Mean Acc : 	 0.5
FreqW Acc : 	 0.7123168831739694
Mean IoU : 	 0.421994337395056
* Test:	Time 0.096 (0.218)	Loss 0.0587 (0.0681)	
learning rate = 0.000050
Epoch: [36][0/34]	Time 0.222 (0.562)	Data 0.051 (0.049)	Loss 0.0499 (0.0994)	
Epoch: [36][10/34]	Time 0.564 (0.562)	Data 0.049 (0.049)	Loss 0.0446 (0.0991)	
Epoch: [36][20/34]	Time 0.561 (0.562)	Data 0.049 (0.049)	Loss 0.0422 (0.0988)	
Epoch: [36][30/34]	Time 0.564 (0.562)	Data 0.048 (0.049)	Loss 0.0430 (0.0985)	
Test: [0/9]	Time 0.224 (0.224)	Loss 0.0792 (0.0792)	Prec@1 0.000 (0.000)	Prec@5 0.000 (0.000)
Overall Acc: 	 0.844454637214319
Mean Acc : 	 0.5
FreqW Acc : 	 0.7131036343127671
Mean IoU : 	 0.4222273186071595
* Test:	Time 0.093 (0.216)	Loss 0.0558 (0.0664)	
learning rate = 0.000050
Epoch: [37][0/34]	Time 0.218 (0.561)	Data 0.048 (0.049)	Loss 0.0445 (0.0984)	
Epoch: [37][10/34]	Time 0.565 (0.561)	Data 0.049 (0.049)	Loss 0.0479 (0.0981)	
Epoch: [37][20/34]	Time 0.559 (0.561)	Data 0.048 (0.049)	Loss 0.0559 (0.0978)	
Epoch: [37][30/34]	Time 0.562 (0.561)	Data 0.048 (0.049)	Loss 0.0339 (0.0976)	
Test: [0/9]	Time 0.225 (0.225)	Loss 0.0594 (0.0594)	Prec@1 0.000 (0.000)	Prec@5 0.000 (0.000)
Overall Acc: 	 0.8437517080734025
Mean Acc : 	 0.5
FreqW Acc : 	 0.7119169448767843
Mean IoU : 	 0.42187585403670125
* Test:	Time 0.094 (0.216)	Loss 0.0970 (0.0711)	
learning rate = 0.000050
Epoch: [38][0/34]	Time 0.222 (0.561)	Data 0.048 (0.049)	Loss 0.1060 (0.0975)	
Epoch: [38][10/34]	Time 0.558 (0.561)	Data 0.050 (0.049)	Loss 0.0633 (0.0972)	
Epoch: [38][20/34]	Time 0.567 (0.561)	Data 0.050 (0.049)	Loss 0.0669 (0.0970)	
Epoch: [38][30/34]	Time 0.565 (0.561)	Data 0.049 (0.049)	Loss 0.0466 (0.0967)	
Test: [0/9]	Time 0.224 (0.224)	Loss 0.0771 (0.0771)	Prec@1 0.000 (0.000)	Prec@5 0.000 (0.000)
Overall Acc: 	 0.8442177843691697
Mean Acc : 	 0.5
FreqW Acc : 	 0.71270366744519
Mean IoU : 	 0.42210889218458486
* Test:	Time 0.091 (0.214)	Loss 0.0520 (0.0731)	
learning rate = 0.000050
Epoch: [39][0/34]	Time 0.217 (0.561)	Data 0.048 (0.049)	Loss 0.0710 (0.0967)	
Epoch: [39][10/34]	Time 0.559 (0.561)	Data 0.048 (0.049)	Loss 0.0432 (0.0964)	
Epoch: [39][20/34]	Time 0.561 (0.561)	Data 0.048 (0.049)	Loss 0.0439 (0.0963)	
Epoch: [39][30/34]	Time 0.565 (0.561)	Data 0.049 (0.049)	Loss 0.0498 (0.0960)	
Test: [0/9]	Time 0.226 (0.226)	Loss 0.0807 (0.0807)	Prec@1 0.000 (0.000)	Prec@5 0.000 (0.000)
Overall Acc: 	 0.8445662313432836
Mean Acc : 	 0.5
FreqW Acc : 	 0.7132921191253968
Mean IoU : 	 0.4222831156716418
* Test:	Time 0.097 (0.216)	Loss 0.0962 (0.0670)	
learning rate = 0.000050
Epoch: [40][0/34]	Time 0.219 (0.561)	Data 0.049 (0.049)	Loss 0.0599 (0.0959)	
Epoch: [40][10/34]	Time 0.559 (0.561)	Data 0.050 (0.049)	Loss 0.0721 (0.0956)	
Epoch: [40][20/34]	Time 0.565 (0.561)	Data 0.048 (0.049)	Loss 0.0714 (0.0954)	
Epoch: [40][30/34]	Time 0.560 (0.561)	Data 0.049 (0.049)	Loss 0.0798 (0.0952)	
Test: [0/9]	Time 0.225 (0.225)	Loss 0.0776 (0.0776)	Prec@1 0.000 (0.000)	Prec@5 0.000 (0.000)
Overall Acc: 	 0.8445308172880713
Mean Acc : 	 0.5
FreqW Acc : 	 0.7132323013492577
Mean IoU : 	 0.42226540864403567
* Test:	Time 0.092 (0.215)	Loss 0.0763 (0.0675)	
learning rate = 0.000050
Epoch: [41][0/34]	Time 0.219 (0.560)	Data 0.048 (0.049)	Loss 0.0781 (0.0951)	
Epoch: [41][10/34]	Time 0.565 (0.560)	Data 0.048 (0.049)	Loss 0.0497 (0.0949)	
Epoch: [41][20/34]	Time 0.559 (0.560)	Data 0.048 (0.049)	Loss 0.0595 (0.0947)	
Epoch: [41][30/34]	Time 0.559 (0.560)	Data 0.048 (0.049)	Loss 0.0539 (0.0944)	
Test: [0/9]	Time 0.225 (0.225)	Loss 0.0742 (0.0742)	Prec@1 0.000 (0.000)	Prec@5 0.000 (0.000)
Overall Acc: 	 0.8445062210310751
Mean Acc : 	 0.5
FreqW Acc : 	 0.713190757360187
Mean IoU : 	 0.42225311051553754
* Test:	Time 0.093 (0.215)	Loss 0.0435 (0.0711)	
learning rate = 0.000050
Epoch: [42][0/34]	Time 0.219 (0.560)	Data 0.048 (0.049)	Loss 0.0573 (0.0943)	
Epoch: [42][10/34]	Time 0.563 (0.560)	Data 0.048 (0.049)	Loss 0.0674 (0.0941)	
Epoch: [42][20/34]	Time 0.557 (0.560)	Data 0.049 (0.049)	Loss 0.0643 (0.0939)	
Epoch: [42][30/34]	Time 0.562 (0.560)	Data 0.049 (0.049)	Loss 0.0830 (0.0937)	
Test: [0/9]	Time 0.224 (0.224)	Loss 0.0490 (0.0490)	Prec@1 0.000 (0.000)	Prec@5 0.000 (0.000)
Overall Acc: 	 0.8446392230133513
Mean Acc : 	 0.5
FreqW Acc : 	 0.7134154170525977
Mean IoU : 	 0.42231961150667563
* Test:	Time 0.093 (0.213)	Loss 0.0528 (0.0660)	
learning rate = 0.000050
Epoch: [43][0/34]	Time 0.228 (0.560)	Data 0.049 (0.049)	Loss 0.0767 (0.0936)	
Epoch: [43][10/34]	Time 0.561 (0.560)	Data 0.048 (0.049)	Loss 0.1275 (0.0935)	
Epoch: [43][20/34]	Time 0.566 (0.560)	Data 0.048 (0.049)	Loss 0.0666 (0.0932)	
Epoch: [43][30/34]	Time 0.563 (0.560)	Data 0.048 (0.049)	Loss 0.0759 (0.0930)	
Test: [0/9]	Time 0.230 (0.230)	Loss 0.0904 (0.0904)	Prec@1 0.000 (0.000)	Prec@5 0.000 (0.000)
Overall Acc: 	 0.8443054654704991
Mean Acc : 	 0.5
FreqW Acc : 	 0.7128517190233562
Mean IoU : 	 0.42215273273524956
* Test:	Time 0.106 (0.219)	Loss 0.0437 (0.0687)	
learning rate = 0.000050
Epoch: [44][0/34]	Time 0.222 (0.560)	Data 0.049 (0.049)	Loss 0.0512 (0.0929)	
Epoch: [44][10/34]	Time 0.562 (0.560)	Data 0.050 (0.049)	Loss 0.0511 (0.0927)	
Epoch: [44][20/34]	Time 0.561 (0.560)	Data 0.050 (0.049)	Loss 0.0585 (0.0925)	
Epoch: [44][30/34]	Time 0.561 (0.560)	Data 0.048 (0.049)	Loss 0.0463 (0.0922)	
Test: [0/9]	Time 0.226 (0.226)	Loss 0.0423 (0.0423)	Prec@1 0.000 (0.000)	Prec@5 0.000 (0.000)
Overall Acc: 	 0.8441246374329524
Mean Acc : 	 0.5
FreqW Acc : 	 0.7125464035213134
Mean IoU : 	 0.4220623187164762
* Test:	Time 0.094 (0.216)	Loss 0.0875 (0.0678)	
learning rate = 0.000050
Epoch: [45][0/34]	Time 0.220 (0.559)	Data 0.048 (0.049)	Loss 0.0886 (0.0922)	
Epoch: [45][10/34]	Time 0.556 (0.559)	Data 0.048 (0.049)	Loss 0.0618 (0.0920)	
Epoch: [45][20/34]	Time 0.563 (0.559)	Data 0.047 (0.049)	Loss 0.0425 (0.0918)	
Epoch: [45][30/34]	Time 0.562 (0.559)	Data 0.048 (0.049)	Loss 0.0385 (0.0916)	
Test: [0/9]	Time 0.226 (0.226)	Loss 0.0772 (0.0772)	Prec@1 0.000 (0.000)	Prec@5 0.000 (0.000)
Overall Acc: 	 0.8446849993805388
Mean Acc : 	 0.5
FreqW Acc : 	 0.7134927481785007
Mean IoU : 	 0.4223424996902694
* Test:	Time 0.093 (0.219)	Loss 0.0813 (0.0678)	
learning rate = 0.000050
Epoch: [46][0/34]	Time 0.221 (0.559)	Data 0.048 (0.049)	Loss 0.0580 (0.0915)	
Epoch: [46][10/34]	Time 0.552 (0.559)	Data 0.049 (0.049)	Loss 0.0386 (0.0912)	
Epoch: [46][20/34]	Time 0.561 (0.559)	Data 0.048 (0.049)	Loss 0.0745 (0.0910)	
Epoch: [46][30/34]	Time 0.567 (0.559)	Data 0.049 (0.049)	Loss 0.0486 (0.0908)	
Test: [0/9]	Time 0.225 (0.225)	Loss 0.0555 (0.0555)	Prec@1 0.000 (0.000)	Prec@5 0.000 (0.000)
Overall Acc: 	 0.843741801247668
Mean Acc : 	 0.5
FreqW Acc : 	 0.7119002271726592
Mean IoU : 	 0.421870900623834
* Test:	Time 0.093 (0.216)	Loss 0.0480 (0.0690)	
learning rate = 0.000050
Epoch: [47][0/34]	Time 0.223 (0.559)	Data 0.049 (0.049)	Loss 0.0986 (0.0908)	
Epoch: [47][10/34]	Time 0.562 (0.559)	Data 0.049 (0.049)	Loss 0.0623 (0.0906)	
Epoch: [47][20/34]	Time 0.558 (0.559)	Data 0.049 (0.049)	Loss 0.0439 (0.0904)	
Epoch: [47][30/34]	Time 0.562 (0.559)	Data 0.049 (0.049)	Loss 0.0531 (0.0902)	
Test: [0/9]	Time 0.224 (0.224)	Loss 0.0724 (0.0724)	Prec@1 0.000 (0.000)	Prec@5 0.000 (0.000)
Overall Acc: 	 0.8442692543143657
Mean Acc : 	 0.5
FreqW Acc : 	 0.7127905737805351
Mean IoU : 	 0.42213462715718286
* Test:	Time 0.093 (0.217)	Loss 0.0496 (0.0685)	
learning rate = 0.000050
Epoch: [48][0/34]	Time 0.219 (0.559)	Data 0.048 (0.049)	Loss 0.0903 (0.0902)	
Epoch: [48][10/34]	Time 0.558 (0.559)	Data 0.048 (0.049)	Loss 0.0717 (0.0900)	
Epoch: [48][20/34]	Time 0.557 (0.559)	Data 0.050 (0.049)	Loss 0.0575 (0.0898)	
Epoch: [48][30/34]	Time 0.564 (0.559)	Data 0.048 (0.049)	Loss 0.0657 (0.0896)	
Test: [0/9]	Time 0.224 (0.224)	Loss 0.0708 (0.0708)	Prec@1 0.000 (0.000)	Prec@5 0.000 (0.000)
Overall Acc: 	 0.8448486328125
Mean Acc : 	 0.5
FreqW Acc : 	 0.7137692123651505
Mean IoU : 	 0.42242431640625
* Test:	Time 0.095 (0.216)	Loss 0.0711 (0.0673)	
learning rate = 0.000050
Epoch: [49][0/34]	Time 0.220 (0.558)	Data 0.049 (0.049)	Loss 0.0808 (0.0896)	
Epoch: [49][10/34]	Time 0.558 (0.558)	Data 0.049 (0.049)	Loss 0.0364 (0.0894)	
Epoch: [49][20/34]	Time 0.564 (0.559)	Data 0.049 (0.049)	Loss 0.0458 (0.0892)	
Epoch: [49][30/34]	Time 0.559 (0.559)	Data 0.049 (0.049)	Loss 0.0767 (0.0891)	
Test: [0/9]	Time 0.227 (0.227)	Loss 0.0548 (0.0548)	Prec@1 0.000 (0.000)	Prec@5 0.000 (0.000)
Overall Acc: 	 0.8441720080019822
Mean Acc : 	 0.5
FreqW Acc : 	 0.7126263790940988
Mean IoU : 	 0.4220860040009911
* Test:	Time 0.093 (0.217)	Loss 0.0925 (0.0676)	
learning rate = 0.000050
Epoch: [50][0/34]	Time 0.223 (0.558)	Data 0.048 (0.049)	Loss 0.0456 (0.0890)	
Epoch: [50][10/34]	Time 0.561 (0.558)	Data 0.049 (0.049)	Loss 0.0669 (0.0889)	
Epoch: [50][20/34]	Time 0.559 (0.558)	Data 0.050 (0.049)	Loss 0.0640 (0.0887)	
Epoch: [50][30/34]	Time 0.565 (0.558)	Data 0.048 (0.049)	Loss 0.0719 (0.0886)	
Test: [0/9]	Time 0.227 (0.227)	Loss 0.0678 (0.0678)	Prec@1 0.000 (0.000)	Prec@5 0.000 (0.000)
Overall Acc: 	 0.8445967489214086
Mean Acc : 	 0.5
FreqW Acc : 	 0.7133436682886128
Mean IoU : 	 0.4222983744607043
* Test:	Time 0.093 (0.215)	Loss 0.0931 (0.0671)	
learning rate = 0.000050
Epoch: [51][0/34]	Time 0.220 (0.558)	Data 0.048 (0.049)	Loss 0.0395 (0.0885)	
Epoch: [51][10/34]	Time 0.565 (0.558)	Data 0.048 (0.049)	Loss 0.0393 (0.0883)	
Epoch: [51][20/34]	Time 0.563 (0.558)	Data 0.049 (0.049)	Loss 0.0790 (0.0882)	
Epoch: [51][30/34]	Time 0.562 (0.558)	Data 0.049 (0.049)	Loss 0.0470 (0.0880)	
Test: [0/9]	Time 0.227 (0.227)	Loss 0.0562 (0.0562)	Prec@1 0.000 (0.000)	Prec@5 0.000 (0.000)
Overall Acc: 	 0.8447624320414528
Mean Acc : 	 0.5
FreqW Acc : 	 0.7136235665885903
Mean IoU : 	 0.4223812160207264
* Test:	Time 0.093 (0.217)	Loss 0.0988 (0.0659)	
learning rate = 0.000050
Epoch: [52][0/34]	Time 0.220 (0.558)	Data 0.048 (0.049)	Loss 0.0602 (0.0879)	
Epoch: [52][10/34]	Time 0.562 (0.558)	Data 0.049 (0.049)	Loss 0.0606 (0.0877)	
Epoch: [52][20/34]	Time 0.558 (0.558)	Data 0.049 (0.049)	Loss 0.0703 (0.0876)	
Epoch: [52][30/34]	Time 0.564 (0.558)	Data 0.048 (0.049)	Loss 0.0457 (0.0874)	
Test: [0/9]	Time 0.225 (0.225)	Loss 0.0428 (0.0428)	Prec@1 0.000 (0.000)	Prec@5 0.000 (0.000)
Overall Acc: 	 0.8437361076696596
Mean Acc : 	 0.5
FreqW Acc : 	 0.7118906193855473
Mean IoU : 	 0.4218680538348298
* Test:	Time 0.095 (0.216)	Loss 0.0452 (0.0659)	
learning rate = 0.000050
Epoch: [53][0/34]	Time 0.220 (0.558)	Data 0.048 (0.049)	Loss 0.0850 (0.0874)	
Epoch: [53][10/34]	Time 0.562 (0.558)	Data 0.049 (0.049)	Loss 0.0815 (0.0873)	
Epoch: [53][20/34]	Time 0.564 (0.558)	Data 0.049 (0.049)	Loss 0.0721 (0.0872)	
Epoch: [53][30/34]	Time 0.561 (0.558)	Data 0.048 (0.049)	Loss 0.0739 (0.0870)	
Test: [0/9]	Time 0.227 (0.227)	Loss 0.0528 (0.0528)	Prec@1 0.000 (0.000)	Prec@5 0.000 (0.000)
Overall Acc: 	 0.8449068211797458
Mean Acc : 	 0.5
FreqW Acc : 	 0.7138675364760629
Mean IoU : 	 0.4224534105898729
* Test:	Time 0.096 (0.216)	Loss 0.0610 (0.0676)	
learning rate = 0.000050
Epoch: [54][0/34]	Time 0.222 (0.558)	Data 0.048 (0.049)	Loss 0.0519 (0.0869)	
Epoch: [54][10/34]	Time 0.560 (0.558)	Data 0.048 (0.049)	Loss 0.0902 (0.0868)	
Epoch: [54][20/34]	Time 0.561 (0.558)	Data 0.050 (0.049)	Loss 0.0501 (0.0867)	
Epoch: [54][30/34]	Time 0.558 (0.558)	Data 0.050 (0.049)	Loss 0.0495 (0.0865)	
Test: [0/9]	Time 0.225 (0.225)	Loss 0.0520 (0.0520)	Prec@1 0.000 (0.000)	Prec@5 0.000 (0.000)
Overall Acc: 	 0.8438018115598764
Mean Acc : 	 0.5
FreqW Acc : 	 0.7120014971917292
Mean IoU : 	 0.4219009057799382
* Test:	Time 0.093 (0.216)	Loss 0.0374 (0.0645)	
learning rate = 0.000050
Epoch: [55][0/34]	Time 0.219 (0.557)	Data 0.048 (0.049)	Loss 0.0644 (0.0865)	
Epoch: [55][10/34]	Time 0.559 (0.557)	Data 0.049 (0.049)	Loss 0.0937 (0.0863)	
Epoch: [55][20/34]	Time 0.561 (0.558)	Data 0.048 (0.049)	Loss 0.0660 (0.0862)	
Epoch: [55][30/34]	Time 0.566 (0.558)	Data 0.048 (0.049)	Loss 0.0672 (0.0861)	
Test: [0/9]	Time 0.228 (0.228)	Loss 0.0782 (0.0782)	Prec@1 0.000 (0.000)	Prec@5 0.000 (0.000)
Overall Acc: 	 0.8446581256923391
Mean Acc : 	 0.5
FreqW Acc : 	 0.7134473492980954
Mean IoU : 	 0.42232906284616956
* Test:	Time 0.105 (0.219)	Loss 0.0774 (0.0680)	
learning rate = 0.000050
Epoch: [56][0/34]	Time 0.242 (0.557)	Data 0.069 (0.049)	Loss 0.0417 (0.0860)	
Epoch: [56][10/34]	Time 0.560 (0.557)	Data 0.049 (0.049)	Loss 0.0533 (0.0858)	
Epoch: [56][20/34]	Time 0.562 (0.557)	Data 0.049 (0.049)	Loss 0.0524 (0.0857)	
Epoch: [56][30/34]	Time 0.559 (0.557)	Data 0.049 (0.049)	Loss 0.0755 (0.0856)	
Test: [0/9]	Time 0.225 (0.225)	Loss 0.0670 (0.0670)	Prec@1 0.000 (0.000)	Prec@5 0.000 (0.000)
Overall Acc: 	 0.8440835297997318
Mean Acc : 	 0.5
FreqW Acc : 	 0.7124770052791747
Mean IoU : 	 0.4220417648998659
* Test:	Time 0.093 (0.219)	Loss 0.0821 (0.0700)	
learning rate = 0.000050
Epoch: [57][0/34]	Time 0.221 (0.557)	Data 0.048 (0.049)	Loss 0.0529 (0.0855)	
Epoch: [57][10/34]	Time 0.561 (0.557)	Data 0.049 (0.049)	Loss 0.0734 (0.0854)	
Epoch: [57][20/34]	Time 0.557 (0.557)	Data 0.049 (0.049)	Loss 0.0538 (0.0853)	
Epoch: [57][30/34]	Time 0.567 (0.557)	Data 0.063 (0.049)	Loss 0.0536 (0.0851)	
Test: [0/9]	Time 0.224 (0.224)	Loss 0.0688 (0.0688)	Prec@1 0.000 (0.000)	Prec@5 0.000 (0.000)
Overall Acc: 	 0.8444400616546175
Mean Acc : 	 0.5
FreqW Acc : 	 0.7130790177272542
Mean IoU : 	 0.42222003082730875
* Test:	Time 0.095 (0.217)	Loss 0.0567 (0.0710)	
learning rate = 0.000050
Epoch: [58][0/34]	Time 0.222 (0.557)	Data 0.048 (0.049)	Loss 0.0625 (0.0851)	
Epoch: [58][10/34]	Time 0.563 (0.557)	Data 0.048 (0.049)	Loss 0.0396 (0.0850)	
Epoch: [58][20/34]	Time 0.567 (0.557)	Data 0.048 (0.049)	Loss 0.0859 (0.0849)	
Epoch: [58][30/34]	Time 0.561 (0.557)	Data 0.050 (0.049)	Loss 0.0387 (0.0847)	
Test: [0/9]	Time 0.225 (0.225)	Loss 0.0548 (0.0548)	Prec@1 0.000 (0.000)	Prec@5 0.000 (0.000)
Overall Acc: 	 0.8440590474142957
Mean Acc : 	 0.5
FreqW Acc : 	 0.7124356755219283
Mean IoU : 	 0.42202952370714786
* Test:	Time 0.102 (0.216)	Loss 0.0801 (0.0646)	
learning rate = 0.000050
Epoch: [59][0/34]	Time 0.241 (0.557)	Data 0.069 (0.049)	Loss 0.0362 (0.0847)	
Epoch: [59][10/34]	Time 0.560 (0.557)	Data 0.049 (0.049)	Loss 0.0570 (0.0845)	
Epoch: [59][20/34]	Time 0.562 (0.557)	Data 0.048 (0.049)	Loss 0.0739 (0.0844)	
Epoch: [59][30/34]	Time 0.557 (0.557)	Data 0.070 (0.049)	Loss 0.0986 (0.0843)	
Test: [0/9]	Time 0.227 (0.227)	Loss 0.0703 (0.0703)	Prec@1 0.000 (0.000)	Prec@5 0.000 (0.000)
Overall Acc: 	 0.8446561898758163
Mean Acc : 	 0.5
FreqW Acc : 	 0.713444079095531
Mean IoU : 	 0.4223280949379081
* Test:	Time 0.094 (0.217)	Loss 0.0405 (0.0651)	
learning rate = 0.000050
Epoch: [60][0/34]	Time 0.221 (0.557)	Data 0.048 (0.049)	Loss 0.0410 (0.0842)	
Epoch: [60][10/34]	Time 0.562 (0.557)	Data 0.048 (0.049)	Loss 0.0547 (0.0841)	
Epoch: [60][20/34]	Time 0.563 (0.557)	Data 0.048 (0.049)	Loss 0.0659 (0.0840)	
Epoch: [60][30/34]	Time 0.565 (0.557)	Data 0.049 (0.049)	Loss 0.0358 (0.0838)	
Test: [0/9]	Time 0.225 (0.225)	Loss 0.0609 (0.0609)	Prec@1 0.000 (0.000)	Prec@5 0.000 (0.000)
Overall Acc: 	 0.8440002896892491
Mean Acc : 	 0.5
FreqW Acc : 	 0.7123364889955365
Mean IoU : 	 0.42200014484462456
* Test:	Time 0.093 (0.217)	Loss 0.0484 (0.0667)	
learning rate = 0.000050
Epoch: [61][0/34]	Time 0.219 (0.557)	Data 0.049 (0.049)	Loss 0.0432 (0.0838)	
Epoch: [61][10/34]	Time 0.561 (0.557)	Data 0.049 (0.049)	Loss 0.0506 (0.0836)	
Epoch: [61][20/34]	Time 0.559 (0.557)	Data 0.048 (0.049)	Loss 0.0567 (0.0835)	
Epoch: [61][30/34]	Time 0.560 (0.557)	Data 0.069 (0.049)	Loss 0.0617 (0.0834)	
Test: [0/9]	Time 0.227 (0.227)	Loss 0.0698 (0.0698)	Prec@1 0.000 (0.000)	Prec@5 0.000 (0.000)
Overall Acc: 	 0.8443445234156367
Mean Acc : 	 0.5
FreqW Acc : 	 0.7129176742219787
Mean IoU : 	 0.42217226170781835
* Test:	Time 0.096 (0.216)	Loss 0.1256 (0.0650)	
learning rate = 0.000050
Epoch: [62][0/34]	Time 0.224 (0.557)	Data 0.048 (0.049)	Loss 0.0809 (0.0834)	
Epoch: [62][10/34]	Time 0.563 (0.557)	Data 0.050 (0.049)	Loss 0.0412 (0.0833)	
Epoch: [62][20/34]	Time 0.560 (0.557)	Data 0.050 (0.049)	Loss 0.0540 (0.0831)	
Epoch: [62][30/34]	Time 0.564 (0.557)	Data 0.051 (0.049)	Loss 0.0739 (0.0830)	
Test: [0/9]	Time 0.225 (0.225)	Loss 0.1054 (0.1054)	Prec@1 0.000 (0.000)	Prec@5 0.000 (0.000)
Overall Acc: 	 0.8443069458007812
Mean Acc : 	 0.5
FreqW Acc : 	 0.7128542187274434
Mean IoU : 	 0.4221534729003906
* Test:	Time 0.095 (0.215)	Loss 0.0948 (0.0793)	
learning rate = 0.000050
Epoch: [63][0/34]	Time 0.222 (0.556)	Data 0.048 (0.049)	Loss 0.0701 (0.0830)	
Epoch: [63][10/34]	Time 0.557 (0.556)	Data 0.048 (0.049)	Loss 0.0490 (0.0829)	
Epoch: [63][20/34]	Time 0.553 (0.556)	Data 0.049 (0.049)	Loss 0.0444 (0.0828)	
Epoch: [63][30/34]	Time 0.563 (0.557)	Data 0.051 (0.049)	Loss 0.0462 (0.0827)	
Test: [0/9]	Time 0.226 (0.226)	Loss 0.0500 (0.0500)	Prec@1 0.000 (0.000)	Prec@5 0.000 (0.000)
Overall Acc: 	 0.844215962424207
Mean Acc : 	 0.5
FreqW Acc : 	 0.7127005912118302
Mean IoU : 	 0.4221079812121035
* Test:	Time 0.096 (0.216)	Loss 0.1078 (0.0648)	
learning rate = 0.000050
Epoch: [64][0/34]	Time 0.221 (0.556)	Data 0.048 (0.049)	Loss 0.0529 (0.0826)	
Epoch: [64][10/34]	Time 0.563 (0.556)	Data 0.048 (0.049)	Loss 0.0377 (0.0825)	
Epoch: [64][20/34]	Time 0.563 (0.556)	Data 0.048 (0.049)	Loss 0.0723 (0.0824)	
Epoch: [64][30/34]	Time 0.559 (0.556)	Data 0.048 (0.049)	Loss 0.0737 (0.0823)	
Test: [0/9]	Time 0.226 (0.226)	Loss 0.0728 (0.0728)	Prec@1 0.000 (0.000)	Prec@5 0.000 (0.000)
Overall Acc: 	 0.8438405278903335
Mean Acc : 	 0.5
FreqW Acc : 	 0.7120668365102367
Mean IoU : 	 0.42192026394516674
* Test:	Time 0.094 (0.216)	Loss 0.0956 (0.0668)	
learning rate = 0.000050
Epoch: [65][0/34]	Time 0.220 (0.556)	Data 0.048 (0.049)	Loss 0.0419 (0.0822)	
Epoch: [65][10/34]	Time 0.568 (0.556)	Data 0.048 (0.049)	Loss 0.0467 (0.0821)	
Epoch: [65][20/34]	Time 0.558 (0.556)	Data 0.049 (0.049)	Loss 0.0755 (0.0820)	
Epoch: [65][30/34]	Time 0.562 (0.556)	Data 0.048 (0.049)	Loss 0.0840 (0.0818)	
Test: [0/9]	Time 0.229 (0.229)	Loss 0.0542 (0.0542)	Prec@1 0.000 (0.000)	Prec@5 0.000 (0.000)
Overall Acc: 	 0.8440696374693913
Mean Acc : 	 0.5
FreqW Acc : 	 0.7124535528977097
Mean IoU : 	 0.42203481873469567
* Test:	Time 0.094 (0.217)	Loss 0.0424 (0.0643)	
learning rate = 0.000050
Epoch: [66][0/34]	Time 0.219 (0.556)	Data 0.048 (0.049)	Loss 0.0735 (0.0818)	
Epoch: [66][10/34]	Time 0.565 (0.556)	Data 0.048 (0.049)	Loss 0.0498 (0.0817)	
Epoch: [66][20/34]	Time 0.563 (0.556)	Data 0.048 (0.049)	Loss 0.0460 (0.0816)	
Epoch: [66][30/34]	Time 0.563 (0.556)	Data 0.048 (0.049)	Loss 0.0528 (0.0815)	
Test: [0/9]	Time 0.225 (0.225)	Loss 0.0696 (0.0696)	Prec@1 0.000 (0.000)	Prec@5 0.000 (0.000)
Overall Acc: 	 0.8440730536161963
Mean Acc : 	 0.5
FreqW Acc : 	 0.7124593198409702
Mean IoU : 	 0.42203652680809817
* Test:	Time 0.095 (0.218)	Loss 0.0647 (0.0672)	
learning rate = 0.000050
Epoch: [67][0/34]	Time 0.220 (0.556)	Data 0.048 (0.049)	Loss 0.0563 (0.0814)	
Epoch: [67][10/34]	Time 0.564 (0.556)	Data 0.049 (0.049)	Loss 0.0702 (0.0813)	
Epoch: [67][20/34]	Time 0.557 (0.556)	Data 0.048 (0.049)	Loss 0.0813 (0.0812)	
Epoch: [67][30/34]	Time 0.563 (0.556)	Data 0.048 (0.049)	Loss 0.0595 (0.0811)	
Test: [0/9]	Time 0.224 (0.224)	Loss 0.0434 (0.0434)	Prec@1 0.000 (0.000)	Prec@5 0.000 (0.000)
Overall Acc: 	 0.8445157862421292
Mean Acc : 	 0.5
FreqW Acc : 	 0.7132069132121617
Mean IoU : 	 0.4222578931210646
* Test:	Time 0.096 (0.216)	Loss 0.0644 (0.0668)	
learning rate = 0.000050
Epoch: [68][0/34]	Time 0.220 (0.556)	Data 0.048 (0.049)	Loss 0.0622 (0.0810)	
Epoch: [68][10/34]	Time 0.562 (0.556)	Data 0.050 (0.049)	Loss 0.0655 (0.0809)	
Epoch: [68][20/34]	Time 0.562 (0.556)	Data 0.050 (0.049)	Loss 0.0689 (0.0808)	
Epoch: [68][30/34]	Time 0.561 (0.556)	Data 0.049 (0.049)	Loss 0.0389 (0.0807)	
Test: [0/9]	Time 0.225 (0.225)	Loss 0.0614 (0.0614)	Prec@1 0.000 (0.000)	Prec@5 0.000 (0.000)
Overall Acc: 	 0.843447557136194
Mean Acc : 	 0.5
FreqW Acc : 	 0.7114037816390133
Mean IoU : 	 0.421723778568097
* Test:	Time 0.095 (0.217)	Loss 0.0844 (0.0806)	
learning rate = 0.000050
Epoch: [69][0/34]	Time 0.218 (0.556)	Data 0.048 (0.049)	Loss 0.0844 (0.0807)	
Epoch: [69][10/34]	Time 0.556 (0.556)	Data 0.049 (0.049)	Loss 0.0739 (0.0806)	
Epoch: [69][20/34]	Time 0.560 (0.556)	Data 0.049 (0.049)	Loss 0.0588 (0.0806)	
Epoch: [69][30/34]	Time 0.563 (0.556)	Data 0.049 (0.049)	Loss 0.0518 (0.0805)	
Test: [0/9]	Time 0.224 (0.224)	Loss 0.0710 (0.0710)	Prec@1 0.000 (0.000)	Prec@5 0.000 (0.000)
Overall Acc: 	 0.844477639269473
Mean Acc : 	 0.5
FreqW Acc : 	 0.713142483226142
Mean IoU : 	 0.4222388196347365
* Test:	Time 0.096 (0.217)	Loss 0.0717 (0.0648)	
learning rate = 0.000050
Epoch: [70][0/34]	Time 0.223 (0.556)	Data 0.049 (0.049)	Loss 0.0447 (0.0804)	
Epoch: [70][10/34]	Time 0.559 (0.556)	Data 0.050 (0.049)	Loss 0.0517 (0.0803)	
Epoch: [70][20/34]	Time 0.562 (0.556)	Data 0.048 (0.049)	Loss 0.0440 (0.0802)	
Epoch: [70][30/34]	Time 0.561 (0.556)	Data 0.049 (0.049)	Loss 0.0298 (0.0802)	
Test: [0/9]	Time 0.225 (0.225)	Loss 0.0642 (0.0642)	Prec@1 0.000 (0.000)	Prec@5 0.000 (0.000)
Overall Acc: 	 0.8440803413960472
Mean Acc : 	 0.5
FreqW Acc : 	 0.7124716227312675
Mean IoU : 	 0.4220401706980236
* Test:	Time 0.093 (0.215)	Loss 0.0422 (0.0711)	
learning rate = 0.000050
Epoch: [71][0/34]	Time 0.219 (0.556)	Data 0.048 (0.049)	Loss 0.1203 (0.0802)	
Epoch: [71][10/34]	Time 0.549 (0.556)	Data 0.049 (0.049)	Loss 0.0716 (0.0801)	
Epoch: [71][20/34]	Time 0.564 (0.556)	Data 0.049 (0.049)	Loss 0.0648 (0.0800)	
Epoch: [71][30/34]	Time 0.560 (0.556)	Data 0.048 (0.049)	Loss 0.0343 (0.0799)	
Test: [0/9]	Time 0.228 (0.228)	Loss 0.0399 (0.0399)	Prec@1 0.000 (0.000)	Prec@5 0.000 (0.000)
Overall Acc: 	 0.8441086954145289
Mean Acc : 	 0.5
FreqW Acc : 	 0.712519489674418
Mean IoU : 	 0.42205434770726447
* Test:	Time 0.092 (0.225)	Loss 0.1055 (0.0722)	
learning rate = 0.000050
Epoch: [72][0/34]	Time 0.220 (0.556)	Data 0.048 (0.049)	Loss 0.0492 (0.0799)	
Epoch: [72][10/34]	Time 0.563 (0.556)	Data 0.050 (0.049)	Loss 0.0576 (0.0798)	
Epoch: [72][20/34]	Time 0.562 (0.556)	Data 0.048 (0.049)	Loss 0.0814 (0.0797)	
Epoch: [72][30/34]	Time 0.560 (0.556)	Data 0.049 (0.049)	Loss 0.0659 (0.0796)	
Test: [0/9]	Time 0.224 (0.224)	Loss 0.0417 (0.0417)	Prec@1 0.000 (0.000)	Prec@5 0.000 (0.000)
Overall Acc: 	 0.8440828465703708
Mean Acc : 	 0.5
FreqW Acc : 	 0.7124758518743401
Mean IoU : 	 0.4220414232851854
* Test:	Time 0.093 (0.216)	Loss 0.0914 (0.0674)	
learning rate = 0.000050
Epoch: [73][0/34]	Time 0.222 (0.555)	Data 0.049 (0.049)	Loss 0.0908 (0.0796)	
Epoch: [73][10/34]	Time 0.562 (0.555)	Data 0.049 (0.049)	Loss 0.0366 (0.0795)	
Epoch: [73][20/34]	Time 0.564 (0.556)	Data 0.049 (0.049)	Loss 0.0480 (0.0793)	
Epoch: [73][30/34]	Time 0.552 (0.556)	Data 0.048 (0.049)	Loss 0.0519 (0.0792)	
Test: [0/9]	Time 0.226 (0.226)	Loss 0.0712 (0.0712)	Prec@1 0.000 (0.000)	Prec@5 0.000 (0.000)
Overall Acc: 	 0.8437273395595266
Mean Acc : 	 0.5
FreqW Acc : 	 0.7118758235201967
Mean IoU : 	 0.4218636697797633
* Test:	Time 0.099 (0.218)	Loss 0.0482 (0.0673)	
learning rate = 0.000050
Epoch: [74][0/34]	Time 0.222 (0.555)	Data 0.049 (0.049)	Loss 0.0589 (0.0792)	
Epoch: [74][10/34]	Time 0.555 (0.555)	Data 0.049 (0.049)	Loss 0.0564 (0.0791)	
Epoch: [74][20/34]	Time 0.560 (0.555)	Data 0.049 (0.049)	Loss 0.0616 (0.0790)	
Epoch: [74][30/34]	Time 0.560 (0.555)	Data 0.049 (0.049)	Loss 0.0544 (0.0789)	
Test: [0/9]	Time 0.225 (0.225)	Loss 0.0814 (0.0814)	Prec@1 0.000 (0.000)	Prec@5 0.000 (0.000)
Overall Acc: 	 0.8440601861298974
Mean Acc : 	 0.5
FreqW Acc : 	 0.7124375978096371
Mean IoU : 	 0.4220300930649487
* Test:	Time 0.095 (0.215)	Loss 0.0625 (0.0677)	
learning rate = 0.000050
Epoch: [75][0/34]	Time 0.220 (0.555)	Data 0.048 (0.049)	Loss 0.0408 (0.0789)	
Epoch: [75][10/34]	Time 0.565 (0.555)	Data 0.049 (0.049)	Loss 0.0487 (0.0788)	
Epoch: [75][20/34]	Time 0.561 (0.555)	Data 0.049 (0.049)	Loss 0.0837 (0.0787)	
Epoch: [75][30/34]	Time 0.560 (0.555)	Data 0.049 (0.049)	Loss 0.0243 (0.0786)	
Test: [0/9]	Time 0.224 (0.224)	Loss 0.0586 (0.0586)	Prec@1 0.000 (0.000)	Prec@5 0.000 (0.000)
Overall Acc: 	 0.8437502277431204
Mean Acc : 	 0.5
FreqW Acc : 	 0.7119144468165675
Mean IoU : 	 0.4218751138715602
* Test:	Time 0.092 (0.248)	Loss 0.0875 (0.0644)	
learning rate = 0.000050
Epoch: [76][0/34]	Time 0.223 (0.555)	Data 0.048 (0.049)	Loss 0.0517 (0.0786)	
Epoch: [76][10/34]	Time 0.564 (0.555)	Data 0.049 (0.049)	Loss 0.0662 (0.0784)	
Epoch: [76][20/34]	Time 0.563 (0.555)	Data 0.049 (0.049)	Loss 0.0658 (0.0783)	
Epoch: [76][30/34]	Time 0.568 (0.555)	Data 0.050 (0.049)	Loss 0.0378 (0.0782)	
Test: [0/9]	Time 0.224 (0.224)	Loss 0.0698 (0.0698)	Prec@1 0.000 (0.000)	Prec@5 0.000 (0.000)
Overall Acc: 	 0.8440950308273087
Mean Acc : 	 0.5
FreqW Acc : 	 0.7124964210673553
Mean IoU : 	 0.4220475154136544
* Test:	Time 0.092 (0.214)	Loss 0.0436 (0.0668)	
learning rate = 0.000050
Epoch: [77][0/34]	Time 0.221 (0.555)	Data 0.048 (0.049)	Loss 0.0431 (0.0782)	
Epoch: [77][10/34]	Time 0.562 (0.555)	Data 0.049 (0.049)	Loss 0.0514 (0.0781)	
Epoch: [77][20/34]	Time 0.560 (0.555)	Data 0.049 (0.049)	Loss 0.0479 (0.0780)	
Epoch: [77][30/34]	Time 0.553 (0.555)	Data 0.049 (0.049)	Loss 0.0586 (0.0780)	
Test: [0/9]	Time 0.232 (0.232)	Loss 0.0717 (0.0717)	Prec@1 0.000 (0.000)	Prec@5 0.000 (0.000)
Overall Acc: 	 0.8435961595222131
Mean Acc : 	 0.5
FreqW Acc : 	 0.7116544803606273
Mean IoU : 	 0.42179807976110656
* Test:	Time 0.093 (0.218)	Loss 0.0903 (0.0653)	
learning rate = 0.000050
Epoch: [78][0/34]	Time 0.223 (0.555)	Data 0.048 (0.049)	Loss 0.0635 (0.0779)	
Epoch: [78][10/34]	Time 0.568 (0.555)	Data 0.049 (0.049)	Loss 0.0496 (0.0778)	
Epoch: [78][20/34]	Time 0.561 (0.555)	Data 0.049 (0.049)	Loss 0.0350 (0.0777)	
Epoch: [78][30/34]	Time 0.560 (0.555)	Data 0.050 (0.049)	Loss 0.0556 (0.0776)	
Test: [0/9]	Time 0.224 (0.224)	Loss 0.0462 (0.0462)	Prec@1 0.000 (0.000)	Prec@5 0.000 (0.000)
Overall Acc: 	 0.8442237056902985
Mean Acc : 	 0.5
FreqW Acc : 	 0.7127136652494597
Mean IoU : 	 0.42211185284514924
* Test:	Time 0.094 (0.215)	Loss 0.0853 (0.0659)	
learning rate = 0.000050
Epoch: [79][0/34]	Time 0.220 (0.555)	Data 0.048 (0.049)	Loss 0.0417 (0.0776)	
Epoch: [79][10/34]	Time 0.548 (0.555)	Data 0.049 (0.049)	Loss 0.0537 (0.0775)	
Epoch: [79][20/34]	Time 0.563 (0.555)	Data 0.049 (0.049)	Loss 0.0588 (0.0774)	
Epoch: [79][30/34]	Time 0.564 (0.555)	Data 0.049 (0.049)	Loss 0.0532 (0.0773)	
Test: [0/9]	Time 0.224 (0.224)	Loss 0.0848 (0.0848)	Prec@1 0.000 (0.000)	Prec@5 0.000 (0.000)
Overall Acc: 	 0.8445689642607276
Mean Acc : 	 0.5
FreqW Acc : 	 0.7132967353924381
Mean IoU : 	 0.4222844821303638
* Test:	Time 0.094 (0.217)	Loss 0.0364 (0.0650)	
learning rate = 0.000050
Epoch: [80][0/34]	Time 0.220 (0.555)	Data 0.048 (0.049)	Loss 0.0566 (0.0773)	
Epoch: [80][10/34]	Time 0.561 (0.555)	Data 0.048 (0.049)	Loss 0.0607 (0.0772)	
Epoch: [80][20/34]	Time 0.559 (0.555)	Data 0.049 (0.049)	Loss 0.0594 (0.0771)	
Epoch: [80][30/34]	Time 0.564 (0.555)	Data 0.049 (0.049)	Loss 0.0336 (0.0770)	
Test: [0/9]	Time 0.225 (0.225)	Loss 0.0628 (0.0628)	Prec@1 0.000 (0.000)	Prec@5 0.000 (0.000)
Overall Acc: 	 0.8439274118907416
Mean Acc : 	 0.5
FreqW Acc : 	 0.7122134765406054
Mean IoU : 	 0.4219637059453708
* Test:	Time 0.092 (0.220)	Loss 0.1167 (0.0674)	
learning rate = 0.000050
Epoch: [81][0/34]	Time 0.220 (0.555)	Data 0.048 (0.049)	Loss 0.0691 (0.0770)	
Epoch: [81][10/34]	Time 0.558 (0.555)	Data 0.049 (0.049)	Loss 0.0625 (0.0769)	
Epoch: [81][20/34]	Time 0.554 (0.555)	Data 0.069 (0.049)	Loss 0.0469 (0.0769)	
Epoch: [81][30/34]	Time 0.562 (0.555)	Data 0.048 (0.049)	Loss 0.0504 (0.0768)	
Test: [0/9]	Time 0.224 (0.224)	Loss 0.0425 (0.0425)	Prec@1 0.000 (0.000)	Prec@5 0.000 (0.000)
Overall Acc: 	 0.8448083222802005
Mean Acc : 	 0.5
FreqW Acc : 	 0.7137011013938872
Mean IoU : 	 0.42240416114010026
* Test:	Time 0.107 (0.218)	Loss 0.0327 (0.0682)	
learning rate = 0.000050
Epoch: [82][0/34]	Time 0.224 (0.555)	Data 0.052 (0.049)	Loss 0.0813 (0.0768)	
Epoch: [82][10/34]	Time 0.567 (0.555)	Data 0.048 (0.049)	Loss 0.0445 (0.0767)	
Epoch: [82][20/34]	Time 0.563 (0.555)	Data 0.049 (0.049)	Loss 0.0559 (0.0766)	
Epoch: [82][30/34]	Time 0.563 (0.555)	Data 0.049 (0.049)	Loss 0.0346 (0.0765)	
Test: [0/9]	Time 0.227 (0.227)	Loss 0.0530 (0.0530)	Prec@1 0.000 (0.000)	Prec@5 0.000 (0.000)
Overall Acc: 	 0.8444388090674557
Mean Acc : 	 0.5
FreqW Acc : 	 0.7130769022592629
Mean IoU : 	 0.42221940453372786
* Test:	Time 0.094 (0.215)	Loss 0.0928 (0.0702)	
learning rate = 0.000050
Epoch: [83][0/34]	Time 0.231 (0.555)	Data 0.048 (0.049)	Loss 0.0584 (0.0765)	
Epoch: [83][10/34]	Time 0.562 (0.555)	Data 0.049 (0.049)	Loss 0.0739 (0.0764)	
Epoch: [83][20/34]	Time 0.566 (0.555)	Data 0.049 (0.049)	Loss 0.0455 (0.0764)	
Epoch: [83][30/34]	Time 0.562 (0.555)	Data 0.048 (0.049)	Loss 0.0300 (0.0763)	
Test: [0/9]	Time 0.225 (0.225)	Loss 0.0772 (0.0772)	Prec@1 0.000 (0.000)	Prec@5 0.000 (0.000)
Overall Acc: 	 0.8442373702775187
Mean Acc : 	 0.5
FreqW Acc : 	 0.7127367373731002
Mean IoU : 	 0.42211868513875933
* Test:	Time 0.095 (0.215)	Loss 0.0854 (0.0667)	
learning rate = 0.000050
Epoch: [84][0/34]	Time 0.222 (0.555)	Data 0.049 (0.049)	Loss 0.0733 (0.0762)	
Epoch: [84][10/34]	Time 0.565 (0.555)	Data 0.049 (0.049)	Loss 0.0571 (0.0761)	
Epoch: [84][20/34]	Time 0.561 (0.555)	Data 0.050 (0.049)	Loss 0.0457 (0.0761)	
Epoch: [84][30/34]	Time 0.557 (0.555)	Data 0.049 (0.049)	Loss 0.0457 (0.0760)	
Test: [0/9]	Time 0.224 (0.224)	Loss 0.0753 (0.0753)	Prec@1 0.000 (0.000)	Prec@5 0.000 (0.000)
Overall Acc: 	 0.8444398339114972
Mean Acc : 	 0.5
FreqW Acc : 	 0.713078633096477
Mean IoU : 	 0.4222199169557486
* Test:	Time 0.095 (0.216)	Loss 0.0989 (0.0644)	
learning rate = 0.000050
Epoch: [85][0/34]	Time 0.221 (0.555)	Data 0.048 (0.049)	Loss 0.0581 (0.0760)	
Epoch: [85][10/34]	Time 0.559 (0.555)	Data 0.049 (0.049)	Loss 0.0602 (0.0759)	
Epoch: [85][20/34]	Time 0.563 (0.555)	Data 0.048 (0.049)	Loss 0.0422 (0.0758)	
Epoch: [85][30/34]	Time 0.560 (0.555)	Data 0.048 (0.049)	Loss 0.0644 (0.0757)	
Test: [0/9]	Time 0.225 (0.225)	Loss 0.0813 (0.0813)	Prec@1 0.000 (0.000)	Prec@5 0.000 (0.000)
Overall Acc: 	 0.8442570700574277
Mean Acc : 	 0.5
FreqW Acc : 	 0.7127700003419524
Mean IoU : 	 0.42212853502871384
* Test:	Time 0.092 (0.216)	Loss 0.1088 (0.0650)	
learning rate = 0.000050
Epoch: [86][0/34]	Time 0.218 (0.554)	Data 0.048 (0.049)	Loss 0.0493 (0.0757)	
Epoch: [86][10/34]	Time 0.559 (0.555)	Data 0.048 (0.049)	Loss 0.0376 (0.0756)	
Epoch: [86][20/34]	Time 0.559 (0.555)	Data 0.048 (0.049)	Loss 0.0451 (0.0755)	
Epoch: [86][30/34]	Time 0.559 (0.555)	Data 0.050 (0.049)	Loss 0.0536 (0.0755)	
Test: [0/9]	Time 0.224 (0.224)	Loss 0.0432 (0.0432)	Prec@1 0.000 (0.000)	Prec@5 0.000 (0.000)
Overall Acc: 	 0.8440214697994403
Mean Acc : 	 0.5
FreqW Acc : 	 0.7123722414824074
Mean IoU : 	 0.42201073489972013
* Test:	Time 0.092 (0.216)	Loss 0.0479 (0.0656)	
learning rate = 0.000050
Epoch: [87][0/34]	Time 0.217 (0.554)	Data 0.048 (0.049)	Loss 0.0308 (0.0754)	
Epoch: [87][10/34]	Time 0.560 (0.554)	Data 0.049 (0.049)	Loss 0.0595 (0.0753)	
Epoch: [87][20/34]	Time 0.561 (0.554)	Data 0.048 (0.049)	Loss 0.0462 (0.0753)	
Epoch: [87][30/34]	Time 0.567 (0.554)	Data 0.048 (0.049)	Loss 0.0346 (0.0752)	
Test: [0/9]	Time 0.231 (0.231)	Loss 0.0791 (0.0791)	Prec@1 0.000 (0.000)	Prec@5 0.000 (0.000)
Overall Acc: 	 0.8440245443315648
Mean Acc : 	 0.5
FreqW Acc : 	 0.7123774314341056
Mean IoU : 	 0.4220122721657824
* Test:	Time 0.093 (0.217)	Loss 0.0488 (0.0654)	
learning rate = 0.000050
Epoch: [88][0/34]	Time 0.220 (0.554)	Data 0.048 (0.049)	Loss 0.0523 (0.0751)	
Epoch: [88][10/34]	Time 0.557 (0.554)	Data 0.049 (0.049)	Loss 0.0758 (0.0751)	
Epoch: [88][20/34]	Time 0.560 (0.554)	Data 0.049 (0.049)	Loss 0.0399 (0.0750)	
Epoch: [88][30/34]	Time 0.561 (0.554)	Data 0.049 (0.049)	Loss 0.0403 (0.0749)	
Test: [0/9]	Time 0.227 (0.227)	Loss 0.0574 (0.0574)	Prec@1 0.000 (0.000)	Prec@5 0.000 (0.000)
Overall Acc: 	 0.8443770906818446
Mean Acc : 	 0.5
FreqW Acc : 	 0.7129726712683361
Mean IoU : 	 0.4221885453409223
* Test:	Time 0.094 (0.219)	Loss 0.1199 (0.0696)	
learning rate = 0.000050
Epoch: [89][0/34]	Time 0.222 (0.554)	Data 0.048 (0.049)	Loss 0.0475 (0.0749)	
Epoch: [89][10/34]	Time 0.557 (0.554)	Data 0.048 (0.049)	Loss 0.0605 (0.0748)	
Epoch: [89][20/34]	Time 0.560 (0.554)	Data 0.048 (0.049)	Loss 0.0601 (0.0747)	
Epoch: [89][30/34]	Time 0.562 (0.554)	Data 0.048 (0.049)	Loss 0.0355 (0.0746)	
Test: [0/9]	Time 0.228 (0.228)	Loss 0.0574 (0.0574)	Prec@1 0.000 (0.000)	Prec@5 0.000 (0.000)
Overall Acc: 	 0.8444646579116138
Mean Acc : 	 0.5
FreqW Acc : 	 0.713120558461779
Mean IoU : 	 0.4222323289558069
* Test:	Time 0.093 (0.218)	Loss 0.0331 (0.0665)	
learning rate = 0.000050
Epoch: [90][0/34]	Time 0.220 (0.554)	Data 0.049 (0.049)	Loss 0.0521 (0.0746)	
Epoch: [90][10/34]	Time 0.554 (0.554)	Data 0.049 (0.049)	Loss 0.0281 (0.0745)	
Epoch: [90][20/34]	Time 0.561 (0.554)	Data 0.050 (0.049)	Loss 0.0322 (0.0745)	
Epoch: [90][30/34]	Time 0.557 (0.554)	Data 0.049 (0.049)	Loss 0.0576 (0.0744)	
Test: [0/9]	Time 0.227 (0.227)	Loss 0.0783 (0.0783)	Prec@1 0.000 (0.000)	Prec@5 0.000 (0.000)
Overall Acc: 	 0.8436814493207789
Mean Acc : 	 0.5
FreqW Acc : 	 0.7117983879280101
Mean IoU : 	 0.42184072466038947
* Test:	Time 0.094 (0.216)	Loss 0.0381 (0.0664)	
learning rate = 0.000050
Epoch: [91][0/34]	Time 0.219 (0.554)	Data 0.048 (0.049)	Loss 0.0446 (0.0744)	
Epoch: [91][10/34]	Time 0.560 (0.554)	Data 0.049 (0.049)	Loss 0.0559 (0.0743)	
Epoch: [91][20/34]	Time 0.563 (0.554)	Data 0.049 (0.049)	Loss 0.0397 (0.0742)	
Epoch: [91][30/34]	Time 0.563 (0.554)	Data 0.048 (0.049)	Loss 0.0380 (0.0741)	
Test: [0/9]	Time 0.225 (0.225)	Loss 0.0748 (0.0748)	Prec@1 0.000 (0.000)	Prec@5 0.000 (0.000)
Overall Acc: 	 0.8443975875626749
Mean Acc : 	 0.5
FreqW Acc : 	 0.7130072858816653
Mean IoU : 	 0.42219879378133746
* Test:	Time 0.093 (0.216)	Loss 0.0317 (0.0630)	
learning rate = 0.000050
Epoch: [92][0/34]	Time 0.221 (0.554)	Data 0.048 (0.049)	Loss 0.0570 (0.0741)	
Epoch: [92][10/34]	Time 0.562 (0.554)	Data 0.049 (0.049)	Loss 0.0330 (0.0740)	
Epoch: [92][20/34]	Time 0.560 (0.554)	Data 0.049 (0.049)	Loss 0.0456 (0.0740)	
Epoch: [92][30/34]	Time 0.567 (0.554)	Data 0.048 (0.049)	Loss 0.0389 (0.0739)	
Test: [0/9]	Time 0.223 (0.223)	Loss 0.0793 (0.0793)	Prec@1 0.000 (0.000)	Prec@5 0.000 (0.000)
Overall Acc: 	 0.8438278881471548
Mean Acc : 	 0.5
FreqW Acc : 	 0.7120455048148873
Mean IoU : 	 0.4219139440735774
* Test:	Time 0.100 (0.216)	Loss 0.0805 (0.0665)	
learning rate = 0.000050
Epoch: [93][0/34]	Time 0.241 (0.554)	Data 0.069 (0.049)	Loss 0.0490 (0.0739)	
Epoch: [93][10/34]	Time 0.564 (0.554)	Data 0.049 (0.049)	Loss 0.0742 (0.0738)	
Epoch: [93][20/34]	Time 0.563 (0.554)	Data 0.049 (0.049)	Loss 0.0631 (0.0738)	
Epoch: [93][30/34]	Time 0.558 (0.554)	Data 0.049 (0.049)	Loss 0.0401 (0.0737)	
Test: [0/9]	Time 0.225 (0.225)	Loss 0.0497 (0.0497)	Prec@1 0.000 (0.000)	Prec@5 0.000 (0.000)
Overall Acc: 	 0.8441766767359492
Mean Acc : 	 0.5
FreqW Acc : 	 0.7126342615449512
Mean IoU : 	 0.4220883383679746
* Test:	Time 0.094 (0.214)	Loss 0.0322 (0.0651)	
learning rate = 0.000050
Epoch: [94][0/34]	Time 0.219 (0.554)	Data 0.048 (0.049)	Loss 0.0472 (0.0736)	
Epoch: [94][10/34]	Time 0.563 (0.554)	Data 0.048 (0.049)	Loss 0.0705 (0.0736)	
Epoch: [94][20/34]	Time 0.561 (0.554)	Data 0.049 (0.049)	Loss 0.0650 (0.0735)	
Epoch: [94][30/34]	Time 0.564 (0.554)	Data 0.049 (0.049)	Loss 0.0274 (0.0734)	
Test: [0/9]	Time 0.224 (0.224)	Loss 0.0756 (0.0756)	Prec@1 0.000 (0.000)	Prec@5 0.000 (0.000)
Overall Acc: 	 0.8440045029369753
Mean Acc : 	 0.5
FreqW Acc : 	 0.7123436009778907
Mean IoU : 	 0.42200225146848763
* Test:	Time 0.094 (0.215)	Loss 0.0659 (0.0654)	
learning rate = 0.000050
Epoch: [95][0/34]	Time 0.231 (0.554)	Data 0.048 (0.049)	Loss 0.0503 (0.0734)	
Epoch: [95][10/34]	Time 0.557 (0.554)	Data 0.049 (0.049)	Loss 0.0553 (0.0733)	
Epoch: [95][20/34]	Time 0.561 (0.554)	Data 0.049 (0.049)	Loss 0.0486 (0.0732)	
Epoch: [95][30/34]	Time 0.560 (0.554)	Data 0.049 (0.049)	Loss 0.0480 (0.0732)	
Test: [0/9]	Time 0.225 (0.225)	Loss 0.0358 (0.0358)	Prec@1 0.000 (0.000)	Prec@5 0.000 (0.000)
Overall Acc: 	 0.843755465834888
Mean Acc : 	 0.5
FreqW Acc : 	 0.7119232861262489
Mean IoU : 	 0.421877732917444
* Test:	Time 0.109 (0.216)	Loss 0.0579 (0.0641)	
learning rate = 0.000050
Epoch: [96][0/34]	Time 0.224 (0.554)	Data 0.049 (0.049)	Loss 0.0636 (0.0732)	
Epoch: [96][10/34]	Time 0.566 (0.554)	Data 0.049 (0.049)	Loss 0.0439 (0.0731)	
Epoch: [96][20/34]	Time 0.562 (0.554)	Data 0.049 (0.049)	Loss 0.0476 (0.0730)	
Epoch: [96][30/34]	Time 0.562 (0.554)	Data 0.049 (0.049)	Loss 0.0493 (0.0729)	
Test: [0/9]	Time 0.227 (0.227)	Loss 0.0780 (0.0780)	Prec@1 0.000 (0.000)	Prec@5 0.000 (0.000)
Overall Acc: 	 0.8440966250291512
Mean Acc : 	 0.5
FreqW Acc : 	 0.7124991123856035
Mean IoU : 	 0.4220483125145756
* Test:	Time 0.092 (0.216)	Loss 0.0743 (0.0676)	
learning rate = 0.000050
Epoch: [97][0/34]	Time 0.224 (0.554)	Data 0.051 (0.049)	Loss 0.0577 (0.0729)	
Epoch: [97][10/34]	Time 0.563 (0.554)	Data 0.049 (0.049)	Loss 0.0396 (0.0728)	
Epoch: [97][20/34]	Time 0.561 (0.554)	Data 0.049 (0.049)	Loss 0.0526 (0.0728)	
Epoch: [97][30/34]	Time 0.555 (0.554)	Data 0.049 (0.049)	Loss 0.0467 (0.0727)	
Test: [0/9]	Time 0.248 (0.248)	Loss 0.0766 (0.0766)	Prec@1 0.000 (0.000)	Prec@5 0.000 (0.000)
Overall Acc: 	 0.8443573909019356
Mean Acc : 	 0.5
FreqW Acc : 	 0.7129394035707242
Mean IoU : 	 0.4221786954509678
* Test:	Time 0.093 (0.220)	Loss 0.0183 (0.0638)	
learning rate = 0.000050
Epoch: [98][0/34]	Time 0.219 (0.554)	Data 0.048 (0.049)	Loss 0.0494 (0.0727)	
Epoch: [98][10/34]	Time 0.558 (0.554)	Data 0.049 (0.049)	Loss 0.0429 (0.0726)	
Epoch: [98][20/34]	Time 0.562 (0.554)	Data 0.049 (0.049)	Loss 0.0669 (0.0725)	
Epoch: [98][30/34]	Time 0.563 (0.554)	Data 0.049 (0.049)	Loss 0.0550 (0.0725)	
Test: [0/9]	Time 0.224 (0.224)	Loss 0.0633 (0.0633)	Prec@1 0.000 (0.000)	Prec@5 0.000 (0.000)
Overall Acc: 	 0.844127711965077
Mean Acc : 	 0.5
FreqW Acc : 	 0.712551594107396
Mean IoU : 	 0.4220638559825385
* Test:	Time 0.095 (0.214)	Loss 0.0414 (0.0644)	
learning rate = 0.000050
Epoch: [99][0/34]	Time 0.219 (0.554)	Data 0.048 (0.049)	Loss 0.0541 (0.0724)	
Epoch: [99][10/34]	Time 0.561 (0.554)	Data 0.048 (0.049)	Loss 0.0501 (0.0724)	
Epoch: [99][20/34]	Time 0.558 (0.554)	Data 0.049 (0.049)	Loss 0.0434 (0.0723)	
Epoch: [99][30/34]	Time 0.562 (0.554)	Data 0.049 (0.049)	Loss 0.0414 (0.0722)	
Test: [0/9]	Time 0.225 (0.225)	Loss 0.0659 (0.0659)	Prec@1 0.000 (0.000)	Prec@5 0.000 (0.000)
Overall Acc: 	 0.8443798235992888
Mean Acc : 	 0.5
FreqW Acc : 	 0.712977286501566
Mean IoU : 	 0.4221899117996444
* Test:	Time 0.093 (0.216)	Loss 0.0567 (0.0643)	
