start training
learning rate = 0.000010
Epoch: [0][0/34]	Time 6.625 (6.625)	Data 0.061 (0.061)	Loss 0.8607 (0.8607)	
Epoch: [0][10/34]	Time 0.374 (0.930)	Data 0.048 (0.052)	Loss 0.6468 (0.7465)	
Epoch: [0][20/34]	Time 0.374 (0.665)	Data 0.049 (0.051)	Loss 0.6152 (0.7096)	
Epoch: [0][30/34]	Time 0.375 (0.572)	Data 0.049 (0.050)	Loss 0.6842 (0.6962)	
Test: [0/9]	Time 0.188 (0.188)	Loss 0.6005 (0.6005)	Prec@1 0.000 (0.000)	Prec@5 0.000 (0.000)
Overall Acc: 	 0.8623986315371385
Mean Acc : 	 0.5
FreqW Acc : 	 0.7437313996771291
Mean IoU : 	 0.43119931576856924
Test:	Time 1.470 (0.329)	Loss 0.5970 (0.6404)	
learning rate = 0.000010
Epoch: [1][0/34]	Time 0.183 (0.661)	Data 0.051 (0.050)	Loss 0.6956 (0.6934)	
Epoch: [1][10/34]	Time 0.377 (0.598)	Data 0.050 (0.050)	Loss 0.6277 (0.6832)	
Epoch: [1][20/34]	Time 0.374 (0.558)	Data 0.049 (0.051)	Loss 0.6015 (0.6758)	
Epoch: [1][30/34]	Time 0.373 (0.530)	Data 0.070 (0.051)	Loss 0.6140 (0.6607)	
Test: [0/9]	Time 0.272 (0.272)	Loss 0.5915 (0.5915)	Prec@1 0.000 (0.000)	Prec@5 0.000 (0.000)
Overall Acc: 	 0.8620414164528918
Mean Acc : 	 0.5
FreqW Acc : 	 0.743115403680108
Mean IoU : 	 0.4310207082264459
Test:	Time 0.086 (0.186)	Loss 0.6213 (0.6074)	
learning rate = 0.000010
Epoch: [2][0/34]	Time 0.198 (0.517)	Data 0.069 (0.051)	Loss 0.6415 (0.6582)	
Epoch: [2][10/34]	Time 0.378 (0.499)	Data 0.048 (0.051)	Loss 0.6401 (0.6497)	
Epoch: [2][20/34]	Time 0.376 (0.485)	Data 0.048 (0.050)	Loss 0.5176 (0.6408)	
Epoch: [2][30/34]	Time 0.376 (0.474)	Data 0.048 (0.051)	Loss 0.5494 (0.6297)	
Test: [0/9]	Time 0.274 (0.274)	Loss 0.4782 (0.4782)	Prec@1 0.000 (0.000)	Prec@5 0.000 (0.000)
Overall Acc: 	 0.8620769443796642
Mean Acc : 	 0.5
FreqW Acc : 	 0.7431766580309787
Mean IoU : 	 0.4310384721898321
Test:	Time 0.075 (0.183)	Loss 0.4385 (0.4922)	
learning rate = 0.000010
Epoch: [3][0/34]	Time 0.178 (0.468)	Data 0.048 (0.050)	Loss 0.4928 (0.6251)	
Epoch: [3][10/34]	Time 0.374 (0.460)	Data 0.049 (0.050)	Loss 0.4581 (0.6116)	
Epoch: [3][20/34]	Time 0.377 (0.453)	Data 0.070 (0.051)	Loss 0.4411 (0.5981)	
Epoch: [3][30/34]	Time 0.376 (0.447)	Data 0.049 (0.051)	Loss 0.4036 (0.5840)	
Test: [0/9]	Time 0.272 (0.272)	Loss 0.4116 (0.4116)	Prec@1 0.000 (0.000)	Prec@5 0.000 (0.000)
Overall Acc: 	 0.8624675238310401
Mean Acc : 	 0.5
FreqW Acc : 	 0.7438502296632457
Mean IoU : 	 0.43123376191552004
Test:	Time 0.074 (0.182)	Loss 0.2835 (0.3877)	
learning rate = 0.000010
Epoch: [4][0/34]	Time 0.178 (0.443)	Data 0.048 (0.051)	Loss 0.3689 (0.5795)	
Epoch: [4][10/34]	Time 0.376 (0.439)	Data 0.070 (0.051)	Loss 0.4167 (0.5678)	
Epoch: [4][20/34]	Time 0.378 (0.435)	Data 0.049 (0.051)	Loss 0.3395 (0.5555)	
Epoch: [4][30/34]	Time 0.372 (0.431)	Data 0.050 (0.051)	Loss 0.3277 (0.5436)	
Test: [0/9]	Time 0.268 (0.268)	Loss 0.3635 (0.3635)	Prec@1 0.000 (0.000)	Prec@5 0.000 (0.000)
Overall Acc: 	 0.8620386835354478
Mean Acc : 	 0.5
FreqW Acc : 	 0.7431106919115279
Mean IoU : 	 0.4310193417677239
Test:	Time 0.074 (0.183)	Loss 0.3407 (0.3209)	
learning rate = 0.000010
Epoch: [5][0/34]	Time 0.177 (0.428)	Data 0.048 (0.051)	Loss 0.2806 (0.5387)	
Epoch: [5][10/34]	Time 0.376 (0.426)	Data 0.049 (0.051)	Loss 0.3417 (0.5272)	
Epoch: [5][20/34]	Time 0.375 (0.423)	Data 0.050 (0.051)	Loss 0.3132 (0.5148)	
Epoch: [5][30/34]	Time 0.375 (0.421)	Data 0.050 (0.051)	Loss 0.2379 (0.5025)	
Test: [0/9]	Time 0.277 (0.277)	Loss 0.2716 (0.2716)	Prec@1 0.000 (0.000)	Prec@5 0.000 (0.000)
Overall Acc: 	 0.8624646770420359
Mean Acc : 	 0.5
FreqW Acc : 	 0.7438453191452232
Mean IoU : 	 0.43123233852101794
Test:	Time 0.076 (0.183)	Loss 0.2992 (0.2677)	
learning rate = 0.000010
Epoch: [6][0/34]	Time 0.181 (0.418)	Data 0.049 (0.050)	Loss 0.2903 (0.4988)	
Epoch: [6][10/34]	Time 0.377 (0.417)	Data 0.049 (0.050)	Loss 0.2708 (0.4875)	
Epoch: [6][20/34]	Time 0.383 (0.415)	Data 0.069 (0.051)	Loss 0.2314 (0.4764)	
Epoch: [6][30/34]	Time 0.374 (0.413)	Data 0.049 (0.051)	Loss 0.3359 (0.4669)	
Test: [0/9]	Time 0.271 (0.271)	Loss 0.2263 (0.2263)	Prec@1 0.000 (0.000)	Prec@5 0.000 (0.000)
Overall Acc: 	 0.8623424928579757
Mean Acc : 	 0.5
FreqW Acc : 	 0.7436345749885079
Mean IoU : 	 0.43117124642898785
Test:	Time 0.074 (0.184)	Loss 0.2661 (0.2337)	
learning rate = 0.000010
Epoch: [7][0/34]	Time 0.177 (0.411)	Data 0.048 (0.051)	Loss 0.2377 (0.4635)	
Epoch: [7][10/34]	Time 0.378 (0.410)	Data 0.049 (0.051)	Loss 0.2447 (0.4542)	
Epoch: [7][20/34]	Time 0.375 (0.409)	Data 0.049 (0.051)	Loss 0.2222 (0.4455)	
Epoch: [7][30/34]	Time 0.382 (0.408)	Data 0.049 (0.051)	Loss 0.2785 (0.4375)	
Test: [0/9]	Time 0.280 (0.280)	Loss 0.2354 (0.2354)	Prec@1 0.000 (0.000)	Prec@5 0.000 (0.000)
Overall Acc: 	 0.8621539215543377
Mean Acc : 	 0.5
FreqW Acc : 	 0.7433093844515231
Mean IoU : 	 0.43107696077716884
Test:	Time 0.075 (0.186)	Loss 0.2002 (0.2203)	
learning rate = 0.000010
Epoch: [8][0/34]	Time 0.177 (0.406)	Data 0.048 (0.051)	Loss 0.1787 (0.4344)	
Epoch: [8][10/34]	Time 0.375 (0.405)	Data 0.049 (0.051)	Loss 0.2106 (0.4269)	
Epoch: [8][20/34]	Time 0.377 (0.404)	Data 0.050 (0.051)	Loss 0.2229 (0.4198)	
Epoch: [8][30/34]	Time 0.377 (0.403)	Data 0.048 (0.051)	Loss 0.2093 (0.4123)	
Test: [0/9]	Time 0.273 (0.273)	Loss 0.1619 (0.1619)	Prec@1 0.000 (0.000)	Prec@5 0.000 (0.000)
Overall Acc: 	 0.8619118306174207
Mean Acc : 	 0.5
FreqW Acc : 	 0.7428920037582734
Mean IoU : 	 0.43095591530871036
Test:	Time 0.078 (0.184)	Loss 0.1963 (0.2024)	
learning rate = 0.000010
Epoch: [9][0/34]	Time 0.177 (0.402)	Data 0.049 (0.051)	Loss 0.1972 (0.4098)	
Epoch: [9][10/34]	Time 0.376 (0.401)	Data 0.049 (0.051)	Loss 0.1913 (0.4029)	
Epoch: [9][20/34]	Time 0.383 (0.401)	Data 0.070 (0.051)	Loss 0.1292 (0.3963)	
Epoch: [9][30/34]	Time 0.375 (0.400)	Data 0.049 (0.051)	Loss 0.2425 (0.3909)	
Test: [0/9]	Time 0.271 (0.271)	Loss 0.2075 (0.2075)	Prec@1 0.000 (0.000)	Prec@5 0.000 (0.000)
Overall Acc: 	 0.8619294807092467
Mean Acc : 	 0.5
FreqW Acc : 	 0.7429224297157117
Mean IoU : 	 0.43096474035462334
Test:	Time 0.076 (0.185)	Loss 0.1501 (0.1950)	
learning rate = 0.000010
Epoch: [10][0/34]	Time 0.178 (0.399)	Data 0.049 (0.051)	Loss 0.1517 (0.3890)	
Epoch: [10][10/34]	Time 0.377 (0.398)	Data 0.049 (0.051)	Loss 0.1597 (0.3833)	
Epoch: [10][20/34]	Time 0.377 (0.398)	Data 0.049 (0.051)	Loss 0.1630 (0.3775)	
Epoch: [10][30/34]	Time 0.377 (0.397)	Data 0.050 (0.051)	Loss 0.2821 (0.3727)	
Test: [0/9]	Time 0.272 (0.272)	Loss 0.2202 (0.2202)	Prec@1 0.000 (0.000)	Prec@5 0.000 (0.000)
Overall Acc: 	 0.8620909505815648
Mean Acc : 	 0.5
FreqW Acc : 	 0.743200807074626
Mean IoU : 	 0.4310454752907824
Test:	Time 0.073 (0.183)	Loss 0.2576 (0.2088)	
learning rate = 0.000010
Epoch: [11][0/34]	Time 0.178 (0.396)	Data 0.048 (0.051)	Loss 0.2179 (0.3713)	
Epoch: [11][10/34]	Time 0.377 (0.396)	Data 0.049 (0.051)	Loss 0.2123 (0.3667)	
Epoch: [11][20/34]	Time 0.380 (0.395)	Data 0.048 (0.051)	Loss 0.2250 (0.3627)	
Epoch: [11][30/34]	Time 0.377 (0.395)	Data 0.050 (0.051)	Loss 0.1804 (0.3579)	
Test: [0/9]	Time 0.273 (0.273)	Loss 0.1374 (0.1374)	Prec@1 0.000 (0.000)	Prec@5 0.000 (0.000)
Overall Acc: 	 0.8621387766368354
Mean Acc : 	 0.5
FreqW Acc : 	 0.743283270180859
Mean IoU : 	 0.4310693883184177
Test:	Time 0.073 (0.184)	Loss 0.2625 (0.1672)	
learning rate = 0.000010
Epoch: [12][0/34]	Time 0.177 (0.394)	Data 0.048 (0.051)	Loss 0.1670 (0.3562)	
Epoch: [12][10/34]	Time 0.376 (0.393)	Data 0.050 (0.051)	Loss 0.2150 (0.3521)	
Epoch: [12][20/34]	Time 0.376 (0.393)	Data 0.049 (0.051)	Loss 0.2060 (0.3477)	
Epoch: [12][30/34]	Time 0.379 (0.393)	Data 0.048 (0.051)	Loss 0.1619 (0.3433)	
Test: [0/9]	Time 0.270 (0.270)	Loss 0.1725 (0.1725)	Prec@1 0.000 (0.000)	Prec@5 0.000 (0.000)
Overall Acc: 	 0.8618717478282416
Mean Acc : 	 0.5
FreqW Acc : 	 0.742822909704508
Mean IoU : 	 0.4309358739141208
Test:	Time 0.074 (0.182)	Loss 0.1027 (0.1643)	
learning rate = 0.000010
Epoch: [13][0/34]	Time 0.179 (0.392)	Data 0.048 (0.051)	Loss 0.1628 (0.3417)	
Epoch: [13][10/34]	Time 0.377 (0.392)	Data 0.049 (0.051)	Loss 0.1971 (0.3376)	
Epoch: [13][20/34]	Time 0.380 (0.391)	Data 0.049 (0.051)	Loss 0.1501 (0.3338)	
Epoch: [13][30/34]	Time 0.376 (0.391)	Data 0.048 (0.051)	Loss 0.1229 (0.3300)	
Test: [0/9]	Time 0.270 (0.270)	Loss 0.1438 (0.1438)	Prec@1 0.000 (0.000)	Prec@5 0.000 (0.000)
Overall Acc: 	 0.8620422135538129
Mean Acc : 	 0.5
FreqW Acc : 	 0.7431167779487576
Mean IoU : 	 0.43102110677690647
Test:	Time 0.075 (0.186)	Loss 0.1659 (0.1577)	
learning rate = 0.000010
Epoch: [14][0/34]	Time 0.177 (0.390)	Data 0.048 (0.051)	Loss 0.1557 (0.3287)	
Epoch: [14][10/34]	Time 0.376 (0.390)	Data 0.064 (0.051)	Loss 0.2166 (0.3249)	
Epoch: [14][20/34]	Time 0.376 (0.390)	Data 0.049 (0.051)	Loss 0.1656 (0.3216)	
Epoch: [14][30/34]	Time 0.372 (0.390)	Data 0.049 (0.051)	Loss 0.1439 (0.3180)	
Test: [0/9]	Time 0.272 (0.272)	Loss 0.1412 (0.1412)	Prec@1 0.000 (0.000)	Prec@5 0.000 (0.000)
Overall Acc: 	 0.8627180412634096
Mean Acc : 	 0.5
FreqW Acc : 	 0.744282418721374
Mean IoU : 	 0.4313590206317048
Test:	Time 0.076 (0.182)	Loss 0.1213 (0.1384)	
learning rate = 0.000010
Epoch: [15][0/34]	Time 0.178 (0.389)	Data 0.048 (0.051)	Loss 0.1603 (0.3168)	
Epoch: [15][10/34]	Time 0.376 (0.389)	Data 0.049 (0.051)	Loss 0.0860 (0.3132)	
Epoch: [15][20/34]	Time 0.376 (0.388)	Data 0.048 (0.051)	Loss 0.1707 (0.3100)	
Epoch: [15][30/34]	Time 0.377 (0.388)	Data 0.049 (0.051)	Loss 0.1512 (0.3068)	
Test: [0/9]	Time 0.278 (0.278)	Loss 0.1316 (0.1316)	Prec@1 0.000 (0.000)	Prec@5 0.000 (0.000)
Overall Acc: 	 0.8622648324539413
Mean Acc : 	 0.5
FreqW Acc : 	 0.7435006412868234
Mean IoU : 	 0.4311324162269706
Test:	Time 0.075 (0.183)	Loss 0.0762 (0.1338)	
learning rate = 0.000010
Epoch: [16][0/34]	Time 0.179 (0.388)	Data 0.048 (0.051)	Loss 0.1180 (0.3057)	
Epoch: [16][10/34]	Time 0.375 (0.388)	Data 0.048 (0.050)	Loss 0.1918 (0.3027)	
Epoch: [16][20/34]	Time 0.375 (0.387)	Data 0.048 (0.050)	Loss 0.1594 (0.2999)	
Epoch: [16][30/34]	Time 0.378 (0.387)	Data 0.049 (0.050)	Loss 0.1348 (0.2969)	
Test: [0/9]	Time 0.271 (0.271)	Loss 0.1376 (0.1376)	Prec@1 0.000 (0.000)	Prec@5 0.000 (0.000)
Overall Acc: 	 0.8620696565998134
Mean Acc : 	 0.5
FreqW Acc : 	 0.7431640928301202
Mean IoU : 	 0.4310348282999067
Test:	Time 0.077 (0.183)	Loss 0.0822 (0.1291)	
learning rate = 0.000010
Epoch: [17][0/34]	Time 0.178 (0.387)	Data 0.049 (0.050)	Loss 0.1642 (0.2958)	
Epoch: [17][10/34]	Time 0.377 (0.387)	Data 0.049 (0.050)	Loss 0.1126 (0.2932)	
Epoch: [17][20/34]	Time 0.377 (0.386)	Data 0.049 (0.050)	Loss 0.1155 (0.2904)	
Epoch: [17][30/34]	Time 0.377 (0.386)	Data 0.048 (0.050)	Loss 0.1800 (0.2877)	
Test: [0/9]	Time 0.274 (0.274)	Loss 0.1251 (0.1251)	Prec@1 0.000 (0.000)	Prec@5 0.000 (0.000)
Overall Acc: 	 0.8620060023976795
Mean Acc : 	 0.5
FreqW Acc : 	 0.7430543481696283
Mean IoU : 	 0.4310030011988398
Test:	Time 0.075 (0.183)	Loss 0.1863 (0.1242)	
learning rate = 0.000010
Epoch: [18][0/34]	Time 0.178 (0.386)	Data 0.048 (0.050)	Loss 0.1200 (0.2866)	
Epoch: [18][10/34]	Time 0.377 (0.386)	Data 0.048 (0.050)	Loss 0.0924 (0.2840)	
Epoch: [18][20/34]	Time 0.377 (0.385)	Data 0.048 (0.050)	Loss 0.1138 (0.2814)	
Epoch: [18][30/34]	Time 0.376 (0.385)	Data 0.049 (0.050)	Loss 0.1155 (0.2791)	
Test: [0/9]	Time 0.271 (0.271)	Loss 0.1446 (0.1446)	Prec@1 0.000 (0.000)	Prec@5 0.000 (0.000)
Overall Acc: 	 0.8624754948402519
Mean Acc : 	 0.5
FreqW Acc : 	 0.7438639791999373
Mean IoU : 	 0.43123774742012594
Test:	Time 0.082 (0.184)	Loss 0.0795 (0.1207)	
learning rate = 0.000010
Epoch: [19][0/34]	Time 0.180 (0.385)	Data 0.049 (0.050)	Loss 0.1151 (0.2783)	
Epoch: [19][10/34]	Time 0.377 (0.385)	Data 0.049 (0.050)	Loss 0.1243 (0.2760)	
Epoch: [19][20/34]	Time 0.386 (0.385)	Data 0.048 (0.050)	Loss 0.1090 (0.2738)	
Epoch: [19][30/34]	Time 0.375 (0.385)	Data 0.050 (0.050)	Loss 0.1299 (0.2714)	
Test: [0/9]	Time 0.271 (0.271)	Loss 0.1336 (0.1336)	Prec@1 0.000 (0.000)	Prec@5 0.000 (0.000)
Overall Acc: 	 0.8618793772227729
Mean Acc : 	 0.5
FreqW Acc : 	 0.7428360608819148
Mean IoU : 	 0.43093968861138643
Test:	Time 0.074 (0.183)	Loss 0.1554 (0.1191)	
learning rate = 0.000010
Epoch: [20][0/34]	Time 0.177 (0.384)	Data 0.048 (0.050)	Loss 0.0903 (0.2706)	
Epoch: [20][10/34]	Time 0.378 (0.384)	Data 0.048 (0.050)	Loss 0.0654 (0.2682)	
Epoch: [20][20/34]	Time 0.378 (0.384)	Data 0.049 (0.050)	Loss 0.1335 (0.2663)	
Epoch: [20][30/34]	Time 0.376 (0.384)	Data 0.049 (0.050)	Loss 0.1372 (0.2642)	
Test: [0/9]	Time 0.272 (0.272)	Loss 0.1036 (0.1036)	Prec@1 0.000 (0.000)	Prec@5 0.000 (0.000)
Overall Acc: 	 0.8619365407459771
Mean Acc : 	 0.5
FreqW Acc : 	 0.7429346002731415
Mean IoU : 	 0.43096827037298857
Test:	Time 0.074 (0.183)	Loss 0.0612 (0.1219)	
learning rate = 0.000010
Epoch: [21][0/34]	Time 0.180 (0.383)	Data 0.049 (0.050)	Loss 0.1068 (0.2635)	
Epoch: [21][10/34]	Time 0.377 (0.383)	Data 0.049 (0.050)	Loss 0.2016 (0.2616)	
Epoch: [21][20/34]	Time 0.377 (0.383)	Data 0.049 (0.050)	Loss 0.0977 (0.2598)	
Epoch: [21][30/34]	Time 0.375 (0.383)	Data 0.049 (0.050)	Loss 0.1193 (0.2582)	
Test: [0/9]	Time 0.268 (0.268)	Loss 0.1203 (0.1203)	Prec@1 0.000 (0.000)	Prec@5 0.000 (0.000)
Overall Acc: 	 0.8617144912036497
Mean Acc : 	 0.5
FreqW Acc : 	 0.7425518643503649
Mean IoU : 	 0.43085724560182487
Test:	Time 0.074 (0.183)	Loss 0.1149 (0.1218)	
learning rate = 0.000010
Epoch: [22][0/34]	Time 0.177 (0.383)	Data 0.048 (0.050)	Loss 0.1297 (0.2575)	
Epoch: [22][10/34]	Time 0.375 (0.383)	Data 0.049 (0.050)	Loss 0.1990 (0.2560)	
Epoch: [22][20/34]	Time 0.376 (0.383)	Data 0.050 (0.050)	Loss 0.1268 (0.2545)	
Epoch: [22][30/34]	Time 0.376 (0.383)	Data 0.049 (0.050)	Loss 0.1296 (0.2529)	
Test: [0/9]	Time 0.270 (0.270)	Loss 0.1384 (0.1384)	Prec@1 0.000 (0.000)	Prec@5 0.000 (0.000)
Overall Acc: 	 0.8617522965616254
Mean Acc : 	 0.5
FreqW Acc : 	 0.7426170206292356
Mean IoU : 	 0.4308761482808127
Test:	Time 0.076 (0.183)	Loss 0.0909 (0.1310)	
learning rate = 0.000010
Epoch: [23][0/34]	Time 0.180 (0.382)	Data 0.048 (0.050)	Loss 0.1229 (0.2522)	
Epoch: [23][10/34]	Time 0.374 (0.382)	Data 0.049 (0.050)	Loss 0.1485 (0.2507)	
Epoch: [23][20/34]	Time 0.378 (0.382)	Data 0.049 (0.050)	Loss 0.1175 (0.2492)	
Epoch: [23][30/34]	Time 0.377 (0.382)	Data 0.048 (0.050)	Loss 0.1093 (0.2475)	
Test: [0/9]	Time 0.274 (0.274)	Loss 0.0932 (0.0932)	Prec@1 0.000 (0.000)	Prec@5 0.000 (0.000)
Overall Acc: 	 0.8623682278305737
Mean Acc : 	 0.5
FreqW Acc : 	 0.7436789603716442
Mean IoU : 	 0.4311841139152868
Test:	Time 0.076 (0.183)	Loss 0.0915 (0.1202)	
learning rate = 0.000010
Epoch: [24][0/34]	Time 0.179 (0.382)	Data 0.048 (0.050)	Loss 0.1486 (0.2470)	
Epoch: [24][10/34]	Time 0.375 (0.382)	Data 0.049 (0.050)	Loss 0.1383 (0.2453)	
Epoch: [24][20/34]	Time 0.378 (0.382)	Data 0.049 (0.050)	Loss 0.1098 (0.2439)	
Epoch: [24][30/34]	Time 0.376 (0.381)	Data 0.049 (0.050)	Loss 0.1469 (0.2423)	
Test: [0/9]	Time 0.273 (0.273)	Loss 0.1103 (0.1103)	Prec@1 0.000 (0.000)	Prec@5 0.000 (0.000)
Overall Acc: 	 0.8622546978850862
Mean Acc : 	 0.5
FreqW Acc : 	 0.7434831640249013
Mean IoU : 	 0.4311273489425431
Test:	Time 0.075 (0.183)	Loss 0.1074 (0.1102)	
learning rate = 0.000010
Epoch: [25][0/34]	Time 0.177 (0.381)	Data 0.048 (0.050)	Loss 0.1054 (0.2417)	
Epoch: [25][10/34]	Time 0.374 (0.381)	Data 0.049 (0.050)	Loss 0.1368 (0.2402)	
Epoch: [25][20/34]	Time 0.378 (0.381)	Data 0.049 (0.050)	Loss 0.1028 (0.2387)	
Epoch: [25][30/34]	Time 0.376 (0.381)	Data 0.049 (0.050)	Loss 0.0852 (0.2372)	
Test: [0/9]	Time 0.271 (0.271)	Loss 0.1424 (0.1424)	Prec@1 0.000 (0.000)	Prec@5 0.000 (0.000)
Overall Acc: 	 0.8617586733689949
Mean Acc : 	 0.5
FreqW Acc : 	 0.7426280111266901
Mean IoU : 	 0.43087933668449746
Test:	Time 0.082 (0.184)	Loss 0.1309 (0.1092)	
learning rate = 0.000010
Epoch: [26][0/34]	Time 0.179 (0.381)	Data 0.049 (0.050)	Loss 0.1271 (0.2367)	
Epoch: [26][10/34]	Time 0.376 (0.381)	Data 0.049 (0.050)	Loss 0.0853 (0.2353)	
Epoch: [26][20/34]	Time 0.384 (0.381)	Data 0.049 (0.050)	Loss 0.1960 (0.2340)	
Epoch: [26][30/34]	Time 0.377 (0.381)	Data 0.049 (0.050)	Loss 0.1263 (0.2325)	
Test: [0/9]	Time 0.272 (0.272)	Loss 0.0904 (0.0904)	Prec@1 0.000 (0.000)	Prec@5 0.000 (0.000)
Overall Acc: 	 0.8619034041219683
Mean Acc : 	 0.5
FreqW Acc : 	 0.742877478037037
Mean IoU : 	 0.43095170206098415
Test:	Time 0.074 (0.183)	Loss 0.1092 (0.1068)	
learning rate = 0.000010
Epoch: [27][0/34]	Time 0.177 (0.380)	Data 0.048 (0.050)	Loss 0.0975 (0.2321)	
Epoch: [27][10/34]	Time 0.378 (0.380)	Data 0.049 (0.050)	Loss 0.1020 (0.2307)	
Epoch: [27][20/34]	Time 0.378 (0.380)	Data 0.049 (0.050)	Loss 0.0883 (0.2294)	
Epoch: [27][30/34]	Time 0.375 (0.380)	Data 0.049 (0.050)	Loss 0.1380 (0.2281)	
Test: [0/9]	Time 0.273 (0.273)	Loss 0.0883 (0.0883)	Prec@1 0.000 (0.000)	Prec@5 0.000 (0.000)
Overall Acc: 	 0.8626338901804455
Mean Acc : 	 0.5
FreqW Acc : 	 0.7441372284878488
Mean IoU : 	 0.4313169450902227
Test:	Time 0.076 (0.183)	Loss 0.0637 (0.1066)	
learning rate = 0.000010
Epoch: [28][0/34]	Time 0.180 (0.380)	Data 0.049 (0.050)	Loss 0.0732 (0.2277)	
Epoch: [28][10/34]	Time 0.377 (0.380)	Data 0.048 (0.049)	Loss 0.0850 (0.2264)	
Epoch: [28][20/34]	Time 0.377 (0.380)	Data 0.049 (0.049)	Loss 0.0591 (0.2253)	
Epoch: [28][30/34]	Time 0.375 (0.380)	Data 0.049 (0.049)	Loss 0.0793 (0.2240)	
Test: [0/9]	Time 0.271 (0.271)	Loss 0.0807 (0.0807)	Prec@1 0.000 (0.000)	Prec@5 0.000 (0.000)
Overall Acc: 	 0.8621633728938316
Mean Acc : 	 0.5
FreqW Acc : 	 0.7433256815596682
Mean IoU : 	 0.4310816864469158
Test:	Time 0.078 (0.183)	Loss 0.1281 (0.1033)	
learning rate = 0.000010
Epoch: [29][0/34]	Time 0.178 (0.380)	Data 0.049 (0.049)	Loss 0.0989 (0.2235)	
Epoch: [29][10/34]	Time 0.377 (0.379)	Data 0.049 (0.049)	Loss 0.1124 (0.2223)	
Epoch: [29][20/34]	Time 0.377 (0.379)	Data 0.049 (0.049)	Loss 0.0885 (0.2212)	
Epoch: [29][30/34]	Time 0.380 (0.379)	Data 0.050 (0.049)	Loss 0.1210 (0.2201)	
Test: [0/9]	Time 0.273 (0.273)	Loss 0.1171 (0.1171)	Prec@1 0.000 (0.000)	Prec@5 0.000 (0.000)
Overall Acc: 	 0.862202316967409
Mean Acc : 	 0.5
FreqW Acc : 	 0.7433928353839684
Mean IoU : 	 0.4311011584837045
Test:	Time 0.075 (0.183)	Loss 0.1200 (0.1195)	
learning rate = 0.000010
Epoch: [30][0/34]	Time 0.181 (0.379)	Data 0.049 (0.049)	Loss 0.1056 (0.2198)	
Epoch: [30][10/34]	Time 0.377 (0.379)	Data 0.049 (0.049)	Loss 0.1090 (0.2189)	
Epoch: [30][20/34]	Time 0.378 (0.379)	Data 0.050 (0.049)	Loss 0.1632 (0.2179)	
Epoch: [30][30/34]	Time 0.377 (0.379)	Data 0.049 (0.049)	Loss 0.1404 (0.2169)	
Test: [0/9]	Time 0.273 (0.273)	Loss 0.2342 (0.2342)	Prec@1 0.000 (0.000)	Prec@5 0.000 (0.000)
Overall Acc: 	 0.8622064163435751
Mean Acc : 	 0.5
FreqW Acc : 	 0.7433999043840304
Mean IoU : 	 0.43110320817178754
Test:	Time 0.076 (0.184)	Loss 0.1231 (0.1368)	
learning rate = 0.000010
Epoch: [31][0/34]	Time 0.179 (0.379)	Data 0.048 (0.049)	Loss 0.1558 (0.2167)	
Epoch: [31][10/34]	Time 0.376 (0.379)	Data 0.049 (0.049)	Loss 0.0727 (0.2156)	
Epoch: [31][20/34]	Time 0.377 (0.379)	Data 0.048 (0.049)	Loss 0.1592 (0.2146)	
Epoch: [31][30/34]	Time 0.381 (0.379)	Data 0.049 (0.049)	Loss 0.0996 (0.2137)	
Test: [0/9]	Time 0.273 (0.273)	Loss 0.0715 (0.0715)	Prec@1 0.000 (0.000)	Prec@5 0.000 (0.000)
Overall Acc: 	 0.861680101992479
Mean Acc : 	 0.5
FreqW Acc : 	 0.7424925981697691
Mean IoU : 	 0.4308400509962395
Test:	Time 0.075 (0.183)	Loss 0.2185 (0.1050)	
learning rate = 0.000010
Epoch: [32][0/34]	Time 0.178 (0.379)	Data 0.048 (0.049)	Loss 0.2052 (0.2134)	
Epoch: [32][10/34]	Time 0.385 (0.379)	Data 0.050 (0.049)	Loss 0.1216 (0.2125)	
Epoch: [32][20/34]	Time 0.376 (0.379)	Data 0.049 (0.049)	Loss 0.0834 (0.2114)	
Epoch: [32][30/34]	Time 0.375 (0.379)	Data 0.049 (0.049)	Loss 0.0923 (0.2103)	
Test: [0/9]	Time 0.276 (0.276)	Loss 0.0908 (0.0908)	Prec@1 0.000 (0.000)	Prec@5 0.000 (0.000)
Overall Acc: 	 0.8616483318271921
Mean Acc : 	 0.5
FreqW Acc : 	 0.742437847740583
Mean IoU : 	 0.43082416591359607
Test:	Time 0.074 (0.185)	Loss 0.0927 (0.1019)	
learning rate = 0.000010
Epoch: [33][0/34]	Time 0.179 (0.378)	Data 0.048 (0.049)	Loss 0.1164 (0.2100)	
Epoch: [33][10/34]	Time 0.377 (0.378)	Data 0.049 (0.049)	Loss 0.0730 (0.2090)	
Epoch: [33][20/34]	Time 0.377 (0.378)	Data 0.050 (0.049)	Loss 0.0969 (0.2081)	
Epoch: [33][30/34]	Time 0.375 (0.378)	Data 0.049 (0.049)	Loss 0.1216 (0.2072)	
Test: [0/9]	Time 0.272 (0.272)	Loss 0.0892 (0.0892)	Prec@1 0.000 (0.000)	Prec@5 0.000 (0.000)
Overall Acc: 	 0.8621458366735658
Mean Acc : 	 0.5
FreqW Acc : 	 0.7432954436935628
Mean IoU : 	 0.4310729183367829
Test:	Time 0.075 (0.183)	Loss 0.0468 (0.0992)	
learning rate = 0.000010
Epoch: [34][0/34]	Time 0.179 (0.378)	Data 0.048 (0.049)	Loss 0.0665 (0.2068)	
Epoch: [34][10/34]	Time 0.376 (0.378)	Data 0.049 (0.049)	Loss 0.0974 (0.2060)	
Epoch: [34][20/34]	Time 0.377 (0.378)	Data 0.049 (0.049)	Loss 0.1233 (0.2051)	
Epoch: [34][30/34]	Time 0.379 (0.378)	Data 0.050 (0.049)	Loss 0.0878 (0.2042)	
Test: [0/9]	Time 0.273 (0.273)	Loss 0.1092 (0.1092)	Prec@1 0.000 (0.000)	Prec@5 0.000 (0.000)
Overall Acc: 	 0.8626806913916745
Mean Acc : 	 0.5
FreqW Acc : 	 0.7442179753000174
Mean IoU : 	 0.43134034569583724
Test:	Time 0.078 (0.185)	Loss 0.0580 (0.0991)	
learning rate = 0.000010
Epoch: [35][0/34]	Time 0.180 (0.378)	Data 0.049 (0.049)	Loss 0.1077 (0.2039)	
Epoch: [35][10/34]	Time 0.375 (0.378)	Data 0.050 (0.049)	Loss 0.1104 (0.2030)	
Epoch: [35][20/34]	Time 0.375 (0.378)	Data 0.050 (0.049)	Loss 0.1344 (0.2023)	
Epoch: [35][30/34]	Time 0.375 (0.378)	Data 0.049 (0.049)	Loss 0.1031 (0.2014)	
Test: [0/9]	Time 0.276 (0.276)	Loss 0.1301 (0.1301)	Prec@1 0.000 (0.000)	Prec@5 0.000 (0.000)
Overall Acc: 	 0.8625906189875816
Mean Acc : 	 0.5
FreqW Acc : 	 0.7440625759653792
Mean IoU : 	 0.4312953094937908
Test:	Time 0.074 (0.184)	Loss 0.1156 (0.1069)	
learning rate = 0.000010
Epoch: [36][0/34]	Time 0.176 (0.378)	Data 0.048 (0.049)	Loss 0.1046 (0.2011)	
Epoch: [36][10/34]	Time 0.373 (0.378)	Data 0.050 (0.049)	Loss 0.0859 (0.2002)	
Epoch: [36][20/34]	Time 0.384 (0.378)	Data 0.049 (0.049)	Loss 0.1048 (0.1995)	
Epoch: [36][30/34]	Time 0.375 (0.378)	Data 0.049 (0.049)	Loss 0.1109 (0.1987)	
Test: [0/9]	Time 0.272 (0.272)	Loss 0.1027 (0.1027)	Prec@1 0.000 (0.000)	Prec@5 0.000 (0.000)
Overall Acc: 	 0.8617919238645639
Mean Acc : 	 0.5
FreqW Acc : 	 0.7426853200381863
Mean IoU : 	 0.43089596193228197
Test:	Time 0.074 (0.183)	Loss 0.1756 (0.0959)	
learning rate = 0.000010
Epoch: [37][0/34]	Time 0.177 (0.377)	Data 0.048 (0.049)	Loss 0.1649 (0.1985)	
Epoch: [37][10/34]	Time 0.377 (0.377)	Data 0.049 (0.049)	Loss 0.0733 (0.1977)	
Epoch: [37][20/34]	Time 0.376 (0.377)	Data 0.049 (0.049)	Loss 0.1135 (0.1969)	
Epoch: [37][30/34]	Time 0.375 (0.377)	Data 0.049 (0.049)	Loss 0.0669 (0.1961)	
Test: [0/9]	Time 0.274 (0.274)	Loss 0.1058 (0.1058)	Prec@1 0.000 (0.000)	Prec@5 0.000 (0.000)
Overall Acc: 	 0.8619702467277869
Mean Acc : 	 0.5
FreqW Acc : 	 0.7429927062439617
Mean IoU : 	 0.43098512336389344
Test:	Time 0.074 (0.183)	Loss 0.0863 (0.0944)	
learning rate = 0.000010
Epoch: [38][0/34]	Time 0.178 (0.377)	Data 0.048 (0.049)	Loss 0.0969 (0.1958)	
Epoch: [38][10/34]	Time 0.376 (0.377)	Data 0.049 (0.049)	Loss 0.0964 (0.1950)	
Epoch: [38][20/34]	Time 0.378 (0.377)	Data 0.049 (0.049)	Loss 0.1654 (0.1944)	
Epoch: [38][30/34]	Time 0.377 (0.377)	Data 0.049 (0.049)	Loss 0.1085 (0.1939)	
Test: [0/9]	Time 0.271 (0.271)	Loss 0.1302 (0.1302)	Prec@1 0.000 (0.000)	Prec@5 0.000 (0.000)
Overall Acc: 	 0.8616268101023205
Mean Acc : 	 0.5
FreqW Acc : 	 0.7424007598871002
Mean IoU : 	 0.4308134050511602
Test:	Time 0.083 (0.184)	Loss 0.1467 (0.1001)	
learning rate = 0.000010
Epoch: [39][0/34]	Time 0.179 (0.377)	Data 0.049 (0.049)	Loss 0.1195 (0.1937)	
Epoch: [39][10/34]	Time 0.375 (0.377)	Data 0.049 (0.049)	Loss 0.0740 (0.1931)	
Epoch: [39][20/34]	Time 0.380 (0.377)	Data 0.050 (0.049)	Loss 0.0992 (0.1924)	
Epoch: [39][30/34]	Time 0.376 (0.377)	Data 0.049 (0.049)	Loss 0.0601 (0.1917)	
Test: [0/9]	Time 0.272 (0.272)	Loss 0.1098 (0.1098)	Prec@1 0.000 (0.000)	Prec@5 0.000 (0.000)
Overall Acc: 	 0.8620346980308419
Mean Acc : 	 0.5
FreqW Acc : 	 0.7431038206091247
Mean IoU : 	 0.43101734901542094
Test:	Time 0.078 (0.184)	Loss 0.0476 (0.0944)	
learning rate = 0.000010
Epoch: [40][0/34]	Time 0.179 (0.377)	Data 0.050 (0.049)	Loss 0.0656 (0.1915)	
Epoch: [40][10/34]	Time 0.375 (0.377)	Data 0.049 (0.049)	Loss 0.1389 (0.1908)	
Epoch: [40][20/34]	Time 0.376 (0.377)	Data 0.049 (0.049)	Loss 0.0567 (0.1901)	
Epoch: [40][30/34]	Time 0.377 (0.377)	Data 0.049 (0.049)	Loss 0.0932 (0.1894)	
Test: [0/9]	Time 0.273 (0.273)	Loss 0.0759 (0.0759)	Prec@1 0.000 (0.000)	Prec@5 0.000 (0.000)
Overall Acc: 	 0.8627627927865555
Mean Acc : 	 0.5
FreqW Acc : 	 0.744359636616857
Mean IoU : 	 0.43138139639327777
Test:	Time 0.075 (0.183)	Loss 0.1438 (0.0927)	
learning rate = 0.000010
Epoch: [41][0/34]	Time 0.178 (0.377)	Data 0.048 (0.049)	Loss 0.0989 (0.1892)	
Epoch: [41][10/34]	Time 0.376 (0.377)	Data 0.049 (0.049)	Loss 0.1278 (0.1885)	
Epoch: [41][20/34]	Time 0.377 (0.377)	Data 0.048 (0.049)	Loss 0.0926 (0.1879)	
Epoch: [41][30/34]	Time 0.378 (0.377)	Data 0.049 (0.049)	Loss 0.0814 (0.1873)	
Test: [0/9]	Time 0.274 (0.274)	Loss 0.0908 (0.0908)	Prec@1 0.000 (0.000)	Prec@5 0.000 (0.000)
Overall Acc: 	 0.8621983314628032
Mean Acc : 	 0.5
FreqW Acc : 	 0.7433859627772419
Mean IoU : 	 0.4310991657314016
Test:	Time 0.076 (0.183)	Loss 0.0591 (0.0951)	
learning rate = 0.000010
Epoch: [42][0/34]	Time 0.177 (0.376)	Data 0.048 (0.049)	Loss 0.1217 (0.1871)	
Epoch: [42][10/34]	Time 0.375 (0.376)	Data 0.049 (0.049)	Loss 0.1286 (0.1865)	
Epoch: [42][20/34]	Time 0.382 (0.376)	Data 0.048 (0.049)	Loss 0.0819 (0.1858)	
Epoch: [42][30/34]	Time 0.376 (0.376)	Data 0.048 (0.049)	Loss 0.0917 (0.1852)	
Test: [0/9]	Time 0.271 (0.271)	Loss 0.0768 (0.0768)	Prec@1 0.000 (0.000)	Prec@5 0.000 (0.000)
Overall Acc: 	 0.8613532906147972
Mean Acc : 	 0.5
FreqW Acc : 	 0.7419294912529392
Mean IoU : 	 0.4306766453073986
Test:	Time 0.077 (0.183)	Loss 0.0762 (0.0932)	
learning rate = 0.000010
Epoch: [43][0/34]	Time 0.178 (0.376)	Data 0.049 (0.049)	Loss 0.1213 (0.1850)	
Epoch: [43][10/34]	Time 0.375 (0.376)	Data 0.048 (0.049)	Loss 0.1149 (0.1844)	
Epoch: [43][20/34]	Time 0.376 (0.376)	Data 0.049 (0.049)	Loss 0.0631 (0.1838)	
Epoch: [43][30/34]	Time 0.378 (0.376)	Data 0.048 (0.049)	Loss 0.0829 (0.1832)	
Test: [0/9]	Time 0.273 (0.273)	Loss 0.1040 (0.1040)	Prec@1 0.000 (0.000)	Prec@5 0.000 (0.000)
Overall Acc: 	 0.8616478763409515
Mean Acc : 	 0.5
FreqW Acc : 	 0.7424370628028717
Mean IoU : 	 0.43082393817047576
Test:	Time 0.074 (0.182)	Loss 0.1435 (0.1001)	
learning rate = 0.000010
Epoch: [44][0/34]	Time 0.177 (0.376)	Data 0.048 (0.049)	Loss 0.0671 (0.1830)	
Epoch: [44][10/34]	Time 0.375 (0.376)	Data 0.049 (0.049)	Loss 0.1143 (0.1824)	
Epoch: [44][20/34]	Time 0.376 (0.376)	Data 0.048 (0.049)	Loss 0.0741 (0.1819)	
Epoch: [44][30/34]	Time 0.378 (0.376)	Data 0.048 (0.049)	Loss 0.1249 (0.1813)	
Test: [0/9]	Time 0.271 (0.271)	Loss 0.0819 (0.0819)	Prec@1 0.000 (0.000)	Prec@5 0.000 (0.000)
Overall Acc: 	 0.8622728034631529
Mean Acc : 	 0.5
FreqW Acc : 	 0.7435143875922051
Mean IoU : 	 0.43113640173157647
Test:	Time 0.074 (0.183)	Loss 0.0897 (0.0902)	
learning rate = 0.000010
Epoch: [45][0/34]	Time 0.180 (0.376)	Data 0.048 (0.049)	Loss 0.0722 (0.1811)	
Epoch: [45][10/34]	Time 0.373 (0.376)	Data 0.049 (0.049)	Loss 0.0841 (0.1805)	
Epoch: [45][20/34]	Time 0.376 (0.376)	Data 0.048 (0.049)	Loss 0.0862 (0.1799)	
Epoch: [45][30/34]	Time 0.378 (0.376)	Data 0.048 (0.049)	Loss 0.1753 (0.1794)	
Test: [0/9]	Time 0.270 (0.270)	Loss 0.0630 (0.0630)	Prec@1 0.000 (0.000)	Prec@5 0.000 (0.000)
Overall Acc: 	 0.862628879831798
Mean Acc : 	 0.5
FreqW Acc : 	 0.7441285843198626
Mean IoU : 	 0.431314439915899
Test:	Time 0.073 (0.182)	Loss 0.1218 (0.0873)	
learning rate = 0.000010
Epoch: [46][0/34]	Time 0.178 (0.376)	Data 0.048 (0.049)	Loss 0.1236 (0.1792)	
Epoch: [46][10/34]	Time 0.378 (0.376)	Data 0.049 (0.049)	Loss 0.0722 (0.1787)	
Epoch: [46][20/34]	Time 0.377 (0.376)	Data 0.048 (0.049)	Loss 0.0812 (0.1781)	
Epoch: [46][30/34]	Time 0.378 (0.376)	Data 0.048 (0.049)	Loss 0.0827 (0.1776)	
Test: [0/9]	Time 0.272 (0.272)	Loss 0.0991 (0.0991)	Prec@1 0.000 (0.000)	Prec@5 0.000 (0.000)
Overall Acc: 	 0.8622252051510028
Mean Acc : 	 0.5
FreqW Acc : 	 0.7434323043976888
Mean IoU : 	 0.4311126025755014
Test:	Time 0.075 (0.183)	Loss 0.0809 (0.0928)	
learning rate = 0.000010
Epoch: [47][0/34]	Time 0.179 (0.376)	Data 0.048 (0.049)	Loss 0.0702 (0.1773)	
Epoch: [47][10/34]	Time 0.378 (0.376)	Data 0.048 (0.049)	Loss 0.0740 (0.1768)	
Epoch: [47][20/34]	Time 0.378 (0.376)	Data 0.048 (0.049)	Loss 0.1169 (0.1763)	
Epoch: [47][30/34]	Time 0.374 (0.376)	Data 0.049 (0.049)	Loss 0.1043 (0.1758)	
Test: [0/9]	Time 0.270 (0.270)	Loss 0.0897 (0.0897)	Prec@1 0.000 (0.000)	Prec@5 0.000 (0.000)
Overall Acc: 	 0.8620919754256063
Mean Acc : 	 0.5
FreqW Acc : 	 0.7432025740932242
Mean IoU : 	 0.43104598771280317
Test:	Time 0.075 (0.183)	Loss 0.0860 (0.0869)	
learning rate = 0.000010
Epoch: [48][0/34]	Time 0.177 (0.376)	Data 0.048 (0.049)	Loss 0.0599 (0.1756)	
Epoch: [48][10/34]	Time 0.377 (0.376)	Data 0.048 (0.049)	Loss 0.0827 (0.1751)	
Epoch: [48][20/34]	Time 0.377 (0.376)	Data 0.048 (0.049)	Loss 0.0713 (0.1746)	
Epoch: [48][30/34]	Time 0.375 (0.376)	Data 0.048 (0.049)	Loss 0.1035 (0.1741)	
Test: [0/9]	Time 0.274 (0.274)	Loss 0.0738 (0.0738)	Prec@1 0.000 (0.000)	Prec@5 0.000 (0.000)
Overall Acc: 	 0.8620194392417794
Mean Acc : 	 0.5
FreqW Acc : 	 0.7430775136307117
Mean IoU : 	 0.4310097196208897
Test:	Time 0.073 (0.183)	Loss 0.0971 (0.0897)	
learning rate = 0.000010
Epoch: [49][0/34]	Time 0.179 (0.375)	Data 0.048 (0.049)	Loss 0.0873 (0.1739)	
Epoch: [49][10/34]	Time 0.377 (0.375)	Data 0.048 (0.049)	Loss 0.0981 (0.1734)	
Epoch: [49][20/34]	Time 0.378 (0.375)	Data 0.049 (0.049)	Loss 0.0887 (0.1729)	
Epoch: [49][30/34]	Time 0.375 (0.375)	Data 0.048 (0.049)	Loss 0.0837 (0.1724)	
Test: [0/9]	Time 0.271 (0.271)	Loss 0.0649 (0.0649)	Prec@1 0.000 (0.000)	Prec@5 0.000 (0.000)
Overall Acc: 	 0.8621965095178404
Mean Acc : 	 0.5
FreqW Acc : 	 0.7433828210247475
Mean IoU : 	 0.4310982547589202
Test:	Time 0.076 (0.183)	Loss 0.1340 (0.0858)	
