start training
learning rate = 0.000050
Epoch: [0][0/34]	Time 9.115 (9.115)	Data 0.065 (0.065)	Loss 0.7616 (0.7616)	
Epoch: [0][10/34]	Time 0.558 (1.312)	Data 0.049 (0.052)	Loss 0.5720 (0.6503)	
Epoch: [0][20/34]	Time 0.559 (0.954)	Data 0.049 (0.050)	Loss 0.2384 (0.5143)	
Epoch: [0][30/34]	Time 0.562 (0.827)	Data 0.048 (0.050)	Loss 0.1861 (0.4267)	
Test: [0/9]	Time 0.226 (0.226)	Loss 0.1774 (0.1774)	Prec@1 0.000 (0.000)	Prec@5 0.000 (0.000)
Overall Acc: 	 0.8510689806582322
Mean Acc : 	 0.5
FreqW Acc : 	 0.7243184098386425
Mean IoU : 	 0.4255344903291161
* Test:	Time 2.507 (0.484)	Loss 0.2185 (0.1981)	
learning rate = 0.000050
Epoch: [1][0/34]	Time 0.400 (0.995)	Data 0.051 (0.049)	Loss 0.2371 (0.4043)	
Epoch: [1][10/34]	Time 0.565 (0.897)	Data 0.048 (0.049)	Loss 0.2261 (0.3746)	
Epoch: [1][20/34]	Time 0.558 (0.836)	Data 0.049 (0.049)	Loss 0.2870 (0.3591)	
Epoch: [1][30/34]	Time 0.557 (0.794)	Data 0.070 (0.050)	Loss 0.1972 (0.3347)	
Test: [0/9]	Time 0.224 (0.224)	Loss 0.1767 (0.1767)	Prec@1 0.000 (0.000)	Prec@5 0.000 (0.000)
Overall Acc: 	 0.8516310506792211
Mean Acc : 	 0.5
FreqW Acc : 	 0.725275446480994
Mean IoU : 	 0.42581552533961053
* Test:	Time 0.093 (0.215)	Loss 0.2165 (0.1624)	
learning rate = 0.000050
Epoch: [2][0/34]	Time 0.219 (0.774)	Data 0.048 (0.050)	Loss 0.1203 (0.3242)	
Epoch: [2][10/34]	Time 0.564 (0.747)	Data 0.048 (0.049)	Loss 0.1015 (0.3029)	
Epoch: [2][20/34]	Time 0.560 (0.726)	Data 0.051 (0.050)	Loss 0.1537 (0.2866)	
Epoch: [2][30/34]	Time 0.562 (0.709)	Data 0.049 (0.050)	Loss 0.1690 (0.2728)	
Test: [0/9]	Time 0.224 (0.224)	Loss 0.1465 (0.1465)	Prec@1 0.000 (0.000)	Prec@5 0.000 (0.000)
Overall Acc: 	 0.8523533379853662
Mean Acc : 	 0.5
FreqW Acc : 	 0.7265062127747959
Mean IoU : 	 0.4261766689926831
* Test:	Time 0.094 (0.214)	Loss 0.0952 (0.1338)	
learning rate = 0.000050
Epoch: [3][0/34]	Time 0.220 (0.699)	Data 0.048 (0.049)	Loss 0.1264 (0.2689)	
Epoch: [3][10/34]	Time 0.560 (0.687)	Data 0.049 (0.049)	Loss 0.1299 (0.2583)	
Epoch: [3][20/34]	Time 0.556 (0.677)	Data 0.050 (0.049)	Loss 0.1209 (0.2476)	
Epoch: [3][30/34]	Time 0.561 (0.668)	Data 0.049 (0.049)	Loss 0.1261 (0.2388)	
Test: [0/9]	Time 0.228 (0.228)	Loss 0.1318 (0.1318)	Prec@1 0.000 (0.000)	Prec@5 0.000 (0.000)
Overall Acc: 	 0.8518779242216651
Mean Acc : 	 0.5
FreqW Acc : 	 0.725695997776213
Mean IoU : 	 0.42593896211083254
* Test:	Time 0.094 (0.215)	Loss 0.1174 (0.1257)	
learning rate = 0.000050
Epoch: [4][0/34]	Time 0.222 (0.662)	Data 0.050 (0.049)	Loss 0.1006 (0.2355)	
Epoch: [4][10/34]	Time 0.556 (0.655)	Data 0.049 (0.049)	Loss 0.1016 (0.2272)	
Epoch: [4][20/34]	Time 0.564 (0.649)	Data 0.051 (0.049)	Loss 0.1066 (0.2200)	
Epoch: [4][30/34]	Time 0.558 (0.644)	Data 0.049 (0.049)	Loss 0.1192 (0.2131)	
Test: [0/9]	Time 0.223 (0.223)	Loss 0.1268 (0.1268)	Prec@1 0.000 (0.000)	Prec@5 0.000 (0.000)
Overall Acc: 	 0.851135937135611
Mean Acc : 	 0.5
FreqW Acc : 	 0.7244323834837147
Mean IoU : 	 0.4255679685678055
* Test:	Time 0.095 (0.215)	Loss 0.1005 (0.1187)	
learning rate = 0.000050
Epoch: [5][0/34]	Time 0.221 (0.639)	Data 0.048 (0.049)	Loss 0.0984 (0.2105)	
Epoch: [5][10/34]	Time 0.561 (0.635)	Data 0.049 (0.049)	Loss 0.1017 (0.2049)	
Epoch: [5][20/34]	Time 0.557 (0.631)	Data 0.048 (0.049)	Loss 0.1311 (0.1991)	
Epoch: [5][30/34]	Time 0.566 (0.627)	Data 0.049 (0.049)	Loss 0.1629 (0.1951)	
Test: [0/9]	Time 0.227 (0.227)	Loss 0.0975 (0.0975)	Prec@1 0.000 (0.000)	Prec@5 0.000 (0.000)
Overall Acc: 	 0.8514043324029268
Mean Acc : 	 0.5
FreqW Acc : 	 0.7248893372344735
Mean IoU : 	 0.4257021662014634
* Test:	Time 0.093 (0.216)	Loss 0.1084 (0.0953)	
learning rate = 0.000050
Epoch: [6][0/34]	Time 0.219 (0.624)	Data 0.049 (0.049)	Loss 0.1187 (0.1937)	
Epoch: [6][10/34]	Time 0.558 (0.621)	Data 0.050 (0.049)	Loss 0.1036 (0.1890)	
Epoch: [6][20/34]	Time 0.558 (0.618)	Data 0.049 (0.049)	Loss 0.0780 (0.1845)	
Epoch: [6][30/34]	Time 0.563 (0.616)	Data 0.049 (0.049)	Loss 0.1131 (0.1812)	
Test: [0/9]	Time 0.227 (0.227)	Loss 0.0952 (0.0952)	Prec@1 0.000 (0.000)	Prec@5 0.000 (0.000)
Overall Acc: 	 0.8513987526964786
Mean Acc : 	 0.5
FreqW Acc : 	 0.7248798360931195
Mean IoU : 	 0.4256993763482393
* Test:	Time 0.094 (0.217)	Loss 0.0882 (0.0896)	
learning rate = 0.000050
Epoch: [7][0/34]	Time 0.223 (0.613)	Data 0.049 (0.049)	Loss 0.0860 (0.1798)	
Epoch: [7][10/34]	Time 0.560 (0.611)	Data 0.049 (0.049)	Loss 0.1164 (0.1766)	
Epoch: [7][20/34]	Time 0.560 (0.609)	Data 0.049 (0.049)	Loss 0.0674 (0.1733)	
Epoch: [7][30/34]	Time 0.562 (0.607)	Data 0.049 (0.049)	Loss 0.0613 (0.1700)	
Test: [0/9]	Time 0.224 (0.224)	Loss 0.0621 (0.0621)	Prec@1 0.000 (0.000)	Prec@5 0.000 (0.000)
Overall Acc: 	 0.8516928829363922
Mean Acc : 	 0.5
FreqW Acc : 	 0.7253807668445031
Mean IoU : 	 0.4258464414681961
* Test:	Time 0.093 (0.214)	Loss 0.0998 (0.0910)	
learning rate = 0.000050
Epoch: [8][0/34]	Time 0.220 (0.605)	Data 0.049 (0.049)	Loss 0.0733 (0.1690)	
Epoch: [8][10/34]	Time 0.563 (0.604)	Data 0.052 (0.049)	Loss 0.0621 (0.1662)	
Epoch: [8][20/34]	Time 0.557 (0.602)	Data 0.050 (0.049)	Loss 0.1042 (0.1638)	
Epoch: [8][30/34]	Time 0.555 (0.601)	Data 0.049 (0.049)	Loss 0.0592 (0.1614)	
Test: [0/9]	Time 0.231 (0.231)	Loss 0.0919 (0.0919)	Prec@1 0.000 (0.000)	Prec@5 0.000 (0.000)
Overall Acc: 	 0.8513188148612407
Mean Acc : 	 0.5
FreqW Acc : 	 0.7247437245367475
Mean IoU : 	 0.42565940743062036
* Test:	Time 0.093 (0.218)	Loss 0.1030 (0.0899)	
learning rate = 0.000050
Epoch: [9][0/34]	Time 0.220 (0.599)	Data 0.049 (0.049)	Loss 0.1239 (0.1606)	
Epoch: [9][10/34]	Time 0.555 (0.598)	Data 0.050 (0.049)	Loss 0.0995 (0.1588)	
Epoch: [9][20/34]	Time 0.560 (0.596)	Data 0.050 (0.049)	Loss 0.0579 (0.1562)	
Epoch: [9][30/34]	Time 0.562 (0.595)	Data 0.049 (0.049)	Loss 0.1051 (0.1538)	
Test: [0/9]	Time 0.223 (0.223)	Loss 0.1463 (0.1463)	Prec@1 0.000 (0.000)	Prec@5 0.000 (0.000)
Overall Acc: 	 0.8514008023845616
Mean Acc : 	 0.5
FreqW Acc : 	 0.7248833263010753
Mean IoU : 	 0.4257004011922808
* Test:	Time 0.095 (0.217)	Loss 0.0719 (0.0931)	
learning rate = 0.000050
Epoch: [10][0/34]	Time 0.224 (0.594)	Data 0.048 (0.049)	Loss 0.0853 (0.1531)	
Epoch: [10][10/34]	Time 0.562 (0.593)	Data 0.050 (0.049)	Loss 0.0937 (0.1513)	
Epoch: [10][20/34]	Time 0.564 (0.592)	Data 0.048 (0.049)	Loss 0.0654 (0.1493)	
Epoch: [10][30/34]	Time 0.558 (0.591)	Data 0.049 (0.049)	Loss 0.0768 (0.1476)	
Test: [0/9]	Time 0.225 (0.225)	Loss 0.1132 (0.1132)	Prec@1 0.000 (0.000)	Prec@5 0.000 (0.000)
Overall Acc: 	 0.8507723452439949
Mean Acc : 	 0.5
FreqW Acc : 	 0.7238135834319673
Mean IoU : 	 0.42538617262199746
* Test:	Time 0.092 (0.214)	Loss 0.1278 (0.0865)	
learning rate = 0.000050
Epoch: [11][0/34]	Time 0.219 (0.590)	Data 0.048 (0.049)	Loss 0.0826 (0.1471)	
Epoch: [11][10/34]	Time 0.561 (0.589)	Data 0.049 (0.049)	Loss 0.1638 (0.1459)	
Epoch: [11][20/34]	Time 0.561 (0.588)	Data 0.049 (0.049)	Loss 0.0628 (0.1442)	
Epoch: [11][30/34]	Time 0.556 (0.587)	Data 0.048 (0.049)	Loss 0.0620 (0.1424)	
Test: [0/9]	Time 0.224 (0.224)	Loss 0.0926 (0.0926)	Prec@1 0.000 (0.000)	Prec@5 0.000 (0.000)
Overall Acc: 	 0.8516499533582089
Mean Acc : 	 0.5
FreqW Acc : 	 0.7253076430550395
Mean IoU : 	 0.42582497667910446
* Test:	Time 0.094 (0.216)	Loss 0.0728 (0.0823)	
learning rate = 0.000050
Epoch: [12][0/34]	Time 0.220 (0.586)	Data 0.048 (0.049)	Loss 0.0780 (0.1419)	
Epoch: [12][10/34]	Time 0.560 (0.586)	Data 0.048 (0.049)	Loss 0.1139 (0.1408)	
Epoch: [12][20/34]	Time 0.557 (0.585)	Data 0.049 (0.049)	Loss 0.1000 (0.1393)	
Epoch: [12][30/34]	Time 0.553 (0.584)	Data 0.048 (0.049)	Loss 0.0587 (0.1379)	
Test: [0/9]	Time 0.225 (0.225)	Loss 0.0836 (0.0836)	Prec@1 0.000 (0.000)	Prec@5 0.000 (0.000)
Overall Acc: 	 0.851837158203125
Mean Acc : 	 0.5
FreqW Acc : 	 0.7256265440955758
Mean IoU : 	 0.4259185791015625
* Test:	Time 0.098 (0.216)	Loss 0.0686 (0.0922)	
learning rate = 0.000050
Epoch: [13][0/34]	Time 0.219 (0.583)	Data 0.049 (0.049)	Loss 0.0943 (0.1375)	
Epoch: [13][10/34]	Time 0.560 (0.583)	Data 0.048 (0.049)	Loss 0.0885 (0.1362)	
Epoch: [13][20/34]	Time 0.566 (0.582)	Data 0.048 (0.049)	Loss 0.0852 (0.1351)	
Epoch: [13][30/34]	Time 0.564 (0.582)	Data 0.048 (0.049)	Loss 0.0639 (0.1341)	
Test: [0/9]	Time 0.224 (0.224)	Loss 0.1269 (0.1269)	Prec@1 0.000 (0.000)	Prec@5 0.000 (0.000)
Overall Acc: 	 0.8514670756325793
Mean Acc : 	 0.5
FreqW Acc : 	 0.7249961808862965
Mean IoU : 	 0.42573353781628964
* Test:	Time 0.092 (0.215)	Loss 0.0720 (0.0797)	
learning rate = 0.000050
Epoch: [14][0/34]	Time 0.219 (0.581)	Data 0.049 (0.049)	Loss 0.0691 (0.1337)	
Epoch: [14][10/34]	Time 0.560 (0.580)	Data 0.049 (0.049)	Loss 0.0893 (0.1328)	
Epoch: [14][20/34]	Time 0.557 (0.580)	Data 0.049 (0.049)	Loss 0.1025 (0.1317)	
Epoch: [14][30/34]	Time 0.565 (0.580)	Data 0.048 (0.049)	Loss 0.0785 (0.1305)	
Test: [0/9]	Time 0.225 (0.225)	Loss 0.0734 (0.0734)	Prec@1 0.000 (0.000)	Prec@5 0.000 (0.000)
Overall Acc: 	 0.8515671687339669
Mean Acc : 	 0.5
FreqW Acc : 	 0.7251666428655844
Mean IoU : 	 0.42578358436698344
* Test:	Time 0.093 (0.215)	Loss 0.0590 (0.0862)	
learning rate = 0.000050
Epoch: [15][0/34]	Time 0.219 (0.579)	Data 0.049 (0.049)	Loss 0.0722 (0.1301)	
Epoch: [15][10/34]	Time 0.556 (0.578)	Data 0.048 (0.049)	Loss 0.0989 (0.1292)	
Epoch: [15][20/34]	Time 0.552 (0.578)	Data 0.048 (0.049)	Loss 0.0957 (0.1283)	
Epoch: [15][30/34]	Time 0.561 (0.578)	Data 0.048 (0.049)	Loss 0.0876 (0.1273)	
Test: [0/9]	Time 0.225 (0.225)	Loss 0.0474 (0.0474)	Prec@1 0.000 (0.000)	Prec@5 0.000 (0.000)
Overall Acc: 	 0.8518667648087687
Mean Acc : 	 0.5
FreqW Acc : 	 0.725676984985758
Mean IoU : 	 0.42593338240438433
* Test:	Time 0.092 (0.215)	Loss 0.0791 (0.0772)	
learning rate = 0.000050
Epoch: [16][0/34]	Time 0.218 (0.577)	Data 0.049 (0.049)	Loss 0.0827 (0.1270)	
Epoch: [16][10/34]	Time 0.558 (0.576)	Data 0.048 (0.049)	Loss 0.1015 (0.1261)	
Epoch: [16][20/34]	Time 0.557 (0.576)	Data 0.070 (0.049)	Loss 0.0648 (0.1250)	
Epoch: [16][30/34]	Time 0.562 (0.576)	Data 0.050 (0.049)	Loss 0.0792 (0.1243)	
Test: [0/9]	Time 0.223 (0.223)	Loss 0.0891 (0.0891)	Prec@1 0.000 (0.000)	Prec@5 0.000 (0.000)
Overall Acc: 	 0.8520726445895522
Mean Acc : 	 0.5
FreqW Acc : 	 0.7260277916578334
Mean IoU : 	 0.4260363222947761
* Test:	Time 0.092 (0.216)	Loss 0.0607 (0.0839)	
learning rate = 0.000050
Epoch: [17][0/34]	Time 0.220 (0.575)	Data 0.049 (0.049)	Loss 0.0787 (0.1240)	
Epoch: [17][10/34]	Time 0.558 (0.575)	Data 0.049 (0.049)	Loss 0.1274 (0.1232)	
Epoch: [17][20/34]	Time 0.561 (0.575)	Data 0.049 (0.049)	Loss 0.0824 (0.1224)	
Epoch: [17][30/34]	Time 0.560 (0.574)	Data 0.048 (0.049)	Loss 0.0777 (0.1217)	
Test: [0/9]	Time 0.225 (0.225)	Loss 0.1171 (0.1171)	Prec@1 0.000 (0.000)	Prec@5 0.000 (0.000)
Overall Acc: 	 0.8519662885523555
Mean Acc : 	 0.5
FreqW Acc : 	 0.7258465568296754
Mean IoU : 	 0.4259831442761777
* Test:	Time 0.092 (0.217)	Loss 0.0470 (0.0866)	
learning rate = 0.000050
Epoch: [18][0/34]	Time 0.223 (0.574)	Data 0.049 (0.049)	Loss 0.0733 (0.1214)	
Epoch: [18][10/34]	Time 0.562 (0.573)	Data 0.050 (0.049)	Loss 0.0599 (0.1208)	
Epoch: [18][20/34]	Time 0.563 (0.573)	Data 0.050 (0.049)	Loss 0.0614 (0.1198)	
Epoch: [18][30/34]	Time 0.562 (0.573)	Data 0.050 (0.049)	Loss 0.0378 (0.1191)	
Test: [0/9]	Time 0.224 (0.224)	Loss 0.0664 (0.0664)	Prec@1 0.000 (0.000)	Prec@5 0.000 (0.000)
Overall Acc: 	 0.8517822721111241
Mean Acc : 	 0.5
FreqW Acc : 	 0.7255330390827891
Mean IoU : 	 0.42589113605556206
* Test:	Time 0.093 (0.215)	Loss 0.1045 (0.0820)	
learning rate = 0.000050
Epoch: [19][0/34]	Time 0.218 (0.572)	Data 0.048 (0.049)	Loss 0.0781 (0.1189)	
Epoch: [19][10/34]	Time 0.562 (0.572)	Data 0.050 (0.049)	Loss 0.0814 (0.1182)	
Epoch: [19][20/34]	Time 0.558 (0.572)	Data 0.049 (0.049)	Loss 0.0588 (0.1174)	
Epoch: [19][30/34]	Time 0.554 (0.572)	Data 0.049 (0.049)	Loss 0.0753 (0.1167)	
Test: [0/9]	Time 0.227 (0.227)	Loss 0.0841 (0.0841)	Prec@1 0.000 (0.000)	Prec@5 0.000 (0.000)
Overall Acc: 	 0.851484497981285
Mean Acc : 	 0.5
FreqW Acc : 	 0.7250258503024409
Mean IoU : 	 0.4257422489906425
* Test:	Time 0.096 (0.217)	Loss 0.1555 (0.0748)	
learning rate = 0.000050
Epoch: [20][0/34]	Time 0.220 (0.571)	Data 0.048 (0.049)	Loss 0.0821 (0.1165)	
Epoch: [20][10/34]	Time 0.561 (0.571)	Data 0.049 (0.049)	Loss 0.0626 (0.1158)	
Epoch: [20][20/34]	Time 0.560 (0.571)	Data 0.049 (0.049)	Loss 0.0767 (0.1151)	
Epoch: [20][30/34]	Time 0.554 (0.571)	Data 0.049 (0.049)	Loss 0.0539 (0.1145)	
Test: [0/9]	Time 0.224 (0.224)	Loss 0.0748 (0.0748)	Prec@1 0.000 (0.000)	Prec@5 0.000 (0.000)
Overall Acc: 	 0.8516032660185401
Mean Acc : 	 0.5
FreqW Acc : 	 0.7252281226934444
Mean IoU : 	 0.42580163300927004
* Test:	Time 0.095 (0.216)	Loss 0.0779 (0.0772)	
learning rate = 0.000050
Epoch: [21][0/34]	Time 0.219 (0.570)	Data 0.049 (0.049)	Loss 0.0761 (0.1143)	
Epoch: [21][10/34]	Time 0.561 (0.570)	Data 0.049 (0.049)	Loss 0.0752 (0.1137)	
Epoch: [21][20/34]	Time 0.557 (0.570)	Data 0.048 (0.049)	Loss 0.0771 (0.1131)	
Epoch: [21][30/34]	Time 0.555 (0.570)	Data 0.049 (0.049)	Loss 0.0475 (0.1125)	
Test: [0/9]	Time 0.225 (0.225)	Loss 0.0877 (0.0877)	Prec@1 0.000 (0.000)	Prec@5 0.000 (0.000)
Overall Acc: 	 0.8518597047720382
Mean Acc : 	 0.5
FreqW Acc : 	 0.7256649566143041
Mean IoU : 	 0.4259298523860191
* Test:	Time 0.095 (0.216)	Loss 0.1165 (0.0813)	
learning rate = 0.000050
Epoch: [22][0/34]	Time 0.221 (0.569)	Data 0.049 (0.049)	Loss 0.1002 (0.1125)	
Epoch: [22][10/34]	Time 0.560 (0.569)	Data 0.050 (0.049)	Loss 0.1206 (0.1119)	
Epoch: [22][20/34]	Time 0.554 (0.569)	Data 0.067 (0.049)	Loss 0.0459 (0.1114)	
Epoch: [22][30/34]	Time 0.561 (0.569)	Data 0.049 (0.049)	Loss 0.0674 (0.1109)	
Test: [0/9]	Time 0.224 (0.224)	Loss 0.0946 (0.0946)	Prec@1 0.000 (0.000)	Prec@5 0.000 (0.000)
Overall Acc: 	 0.8521448391586987
Mean Acc : 	 0.5
FreqW Acc : 	 0.7261508269048044
Mean IoU : 	 0.4260724195793493
* Test:	Time 0.094 (0.215)	Loss 0.1838 (0.0828)	
learning rate = 0.000050
Epoch: [23][0/34]	Time 0.218 (0.568)	Data 0.048 (0.049)	Loss 0.0898 (0.1108)	
Epoch: [23][10/34]	Time 0.561 (0.568)	Data 0.049 (0.049)	Loss 0.0686 (0.1105)	
Epoch: [23][20/34]	Time 0.569 (0.568)	Data 0.049 (0.049)	Loss 0.0788 (0.1106)	
Epoch: [23][30/34]	Time 0.557 (0.568)	Data 0.050 (0.049)	Loss 0.0986 (0.1103)	
Test: [0/9]	Time 0.224 (0.224)	Loss 0.0835 (0.0835)	Prec@1 0.000 (0.000)	Prec@5 0.000 (0.000)
Overall Acc: 	 0.8514348499810518
Mean Acc : 	 0.5
FreqW Acc : 	 0.7249413037622562
Mean IoU : 	 0.4257174249905259
* Test:	Time 0.095 (0.216)	Loss 0.1046 (0.0863)	
learning rate = 0.000050
Epoch: [24][0/34]	Time 0.220 (0.567)	Data 0.048 (0.049)	Loss 0.0483 (0.1101)	
Epoch: [24][10/34]	Time 0.564 (0.567)	Data 0.050 (0.049)	Loss 0.1758 (0.1100)	
Epoch: [24][20/34]	Time 0.558 (0.567)	Data 0.049 (0.049)	Loss 0.0463 (0.1097)	
Epoch: [24][30/34]	Time 0.556 (0.567)	Data 0.049 (0.049)	Loss 0.0497 (0.1092)	
Test: [0/9]	Time 0.227 (0.227)	Loss 0.0648 (0.0648)	Prec@1 0.000 (0.000)	Prec@5 0.000 (0.000)
Overall Acc: 	 0.8513343013934235
Mean Acc : 	 0.5
FreqW Acc : 	 0.7247700927290284
Mean IoU : 	 0.42566715069671174
* Test:	Time 0.093 (0.215)	Loss 0.0661 (0.0813)	
learning rate = 0.000050
Epoch: [25][0/34]	Time 0.219 (0.567)	Data 0.049 (0.049)	Loss 0.1049 (0.1091)	
Epoch: [25][10/34]	Time 0.562 (0.566)	Data 0.050 (0.049)	Loss 0.0894 (0.1087)	
Epoch: [25][20/34]	Time 0.560 (0.566)	Data 0.049 (0.049)	Loss 0.0433 (0.1082)	
Epoch: [25][30/34]	Time 0.557 (0.566)	Data 0.049 (0.049)	Loss 0.0897 (0.1080)	
Test: [0/9]	Time 0.224 (0.224)	Loss 0.1204 (0.1204)	Prec@1 0.000 (0.000)	Prec@5 0.000 (0.000)
Overall Acc: 	 0.8510261649516091
Mean Acc : 	 0.5
FreqW Acc : 	 0.7242455334322434
Mean IoU : 	 0.42551308247580455
* Test:	Time 0.093 (0.216)	Loss 0.1215 (0.0746)	
learning rate = 0.000050
Epoch: [26][0/34]	Time 0.219 (0.566)	Data 0.048 (0.049)	Loss 0.0711 (0.1078)	
Epoch: [26][10/34]	Time 0.562 (0.566)	Data 0.051 (0.049)	Loss 0.0744 (0.1073)	
Epoch: [26][20/34]	Time 0.562 (0.566)	Data 0.049 (0.049)	Loss 0.0896 (0.1069)	
Epoch: [26][30/34]	Time 0.573 (0.566)	Data 0.049 (0.049)	Loss 0.0731 (0.1066)	
Test: [0/9]	Time 0.224 (0.224)	Loss 0.0748 (0.0748)	Prec@1 0.000 (0.000)	Prec@5 0.000 (0.000)
Overall Acc: 	 0.8510299227130946
Mean Acc : 	 0.5
FreqW Acc : 	 0.7242519293530558
Mean IoU : 	 0.4255149613565473
* Test:	Time 0.094 (0.219)	Loss 0.0680 (0.0745)	
learning rate = 0.000050
Epoch: [27][0/34]	Time 0.219 (0.565)	Data 0.048 (0.049)	Loss 0.0758 (0.1065)	
Epoch: [27][10/34]	Time 0.560 (0.565)	Data 0.049 (0.049)	Loss 0.0575 (0.1061)	
Epoch: [27][20/34]	Time 0.556 (0.565)	Data 0.048 (0.049)	Loss 0.0586 (0.1058)	
Epoch: [27][30/34]	Time 0.560 (0.565)	Data 0.048 (0.049)	Loss 0.0673 (0.1055)	
Test: [0/9]	Time 0.226 (0.226)	Loss 0.0494 (0.0494)	Prec@1 0.000 (0.000)	Prec@5 0.000 (0.000)
Overall Acc: 	 0.8516523446609725
Mean Acc : 	 0.5
FreqW Acc : 	 0.7253117161665319
Mean IoU : 	 0.42582617233048625
* Test:	Time 0.093 (0.216)	Loss 0.0343 (0.0784)	
learning rate = 0.000050
Epoch: [28][0/34]	Time 0.220 (0.565)	Data 0.049 (0.049)	Loss 0.0578 (0.1053)	
Epoch: [28][10/34]	Time 0.560 (0.565)	Data 0.049 (0.049)	Loss 0.0606 (0.1050)	
Epoch: [28][20/34]	Time 0.562 (0.564)	Data 0.049 (0.049)	Loss 0.0490 (0.1046)	
Epoch: [28][30/34]	Time 0.561 (0.564)	Data 0.050 (0.049)	Loss 0.0930 (0.1042)	
Test: [0/9]	Time 0.224 (0.224)	Loss 0.0780 (0.0780)	Prec@1 0.000 (0.000)	Prec@5 0.000 (0.000)
Overall Acc: 	 0.8517023342758862
Mean Acc : 	 0.5
FreqW Acc : 	 0.7253968662109933
Mean IoU : 	 0.4258511671379431
* Test:	Time 0.095 (0.214)	Loss 0.0422 (0.0731)	
learning rate = 0.000050
Epoch: [29][0/34]	Time 0.218 (0.564)	Data 0.048 (0.049)	Loss 0.0882 (0.1041)	
Epoch: [29][10/34]	Time 0.558 (0.564)	Data 0.049 (0.049)	Loss 0.0699 (0.1037)	
Epoch: [29][20/34]	Time 0.559 (0.564)	Data 0.049 (0.049)	Loss 0.0877 (0.1034)	
Epoch: [29][30/34]	Time 0.559 (0.564)	Data 0.049 (0.049)	Loss 0.0710 (0.1030)	
Test: [0/9]	Time 0.225 (0.225)	Loss 0.0752 (0.0752)	Prec@1 0.000 (0.000)	Prec@5 0.000 (0.000)
Overall Acc: 	 0.8512845395216301
Mean Acc : 	 0.5
FreqW Acc : 	 0.7246853672285538
Mean IoU : 	 0.42564226976081504
* Test:	Time 0.098 (0.216)	Loss 0.0658 (0.0857)	
learning rate = 0.000050
Epoch: [30][0/34]	Time 0.218 (0.563)	Data 0.049 (0.049)	Loss 0.1114 (0.1030)	
Epoch: [30][10/34]	Time 0.562 (0.563)	Data 0.049 (0.049)	Loss 0.0932 (0.1027)	
Epoch: [30][20/34]	Time 0.557 (0.563)	Data 0.049 (0.049)	Loss 0.1162 (0.1026)	
Epoch: [30][30/34]	Time 0.560 (0.563)	Data 0.048 (0.049)	Loss 0.0599 (0.1023)	
Test: [0/9]	Time 0.226 (0.226)	Loss 0.1189 (0.1189)	Prec@1 0.000 (0.000)	Prec@5 0.000 (0.000)
Overall Acc: 	 0.8516212577250466
Mean Acc : 	 0.5
FreqW Acc : 	 0.7252587666091902
Mean IoU : 	 0.4258106288625233
* Test:	Time 0.094 (0.215)	Loss 0.0701 (0.0750)	
learning rate = 0.000050
Epoch: [31][0/34]	Time 0.221 (0.563)	Data 0.048 (0.049)	Loss 0.0801 (0.1022)	
Epoch: [31][10/34]	Time 0.557 (0.563)	Data 0.049 (0.049)	Loss 0.0481 (0.1019)	
Epoch: [31][20/34]	Time 0.556 (0.563)	Data 0.049 (0.049)	Loss 0.0634 (0.1016)	
Epoch: [31][30/34]	Time 0.561 (0.563)	Data 0.049 (0.049)	Loss 0.0824 (0.1014)	
Test: [0/9]	Time 0.224 (0.224)	Loss 0.1097 (0.1097)	Prec@1 0.000 (0.000)	Prec@5 0.000 (0.000)
Overall Acc: 	 0.8519188041117653
Mean Acc : 	 0.5
FreqW Acc : 	 0.7257656487992205
Mean IoU : 	 0.4259594020558827
* Test:	Time 0.094 (0.214)	Loss 0.0554 (0.0738)	
learning rate = 0.000050
Epoch: [32][0/34]	Time 0.221 (0.563)	Data 0.049 (0.049)	Loss 0.0360 (0.1012)	
Epoch: [32][10/34]	Time 0.562 (0.563)	Data 0.050 (0.049)	Loss 0.0796 (0.1011)	
Epoch: [32][20/34]	Time 0.561 (0.562)	Data 0.049 (0.049)	Loss 0.0685 (0.1008)	
Epoch: [32][30/34]	Time 0.559 (0.562)	Data 0.050 (0.049)	Loss 0.0905 (0.1006)	
Test: [0/9]	Time 0.224 (0.224)	Loss 0.0884 (0.0884)	Prec@1 0.000 (0.000)	Prec@5 0.000 (0.000)
Overall Acc: 	 0.8515133074860075
Mean Acc : 	 0.5
FreqW Acc : 	 0.72507491282576
Mean IoU : 	 0.42575665374300375
* Test:	Time 0.094 (0.215)	Loss 0.0710 (0.0779)	
learning rate = 0.000050
Epoch: [33][0/34]	Time 0.222 (0.562)	Data 0.049 (0.049)	Loss 0.0975 (0.1006)	
Epoch: [33][10/34]	Time 0.558 (0.562)	Data 0.050 (0.049)	Loss 0.1006 (0.1003)	
Epoch: [33][20/34]	Time 0.560 (0.562)	Data 0.049 (0.049)	Loss 0.0526 (0.1000)	
Epoch: [33][30/34]	Time 0.561 (0.562)	Data 0.049 (0.049)	Loss 0.0482 (0.0997)	
Test: [0/9]	Time 0.228 (0.228)	Loss 0.0684 (0.0684)	Prec@1 0.000 (0.000)	Prec@5 0.000 (0.000)
Overall Acc: 	 0.8516915164776703
Mean Acc : 	 0.5
FreqW Acc : 	 0.7253784392400336
Mean IoU : 	 0.42584575823883514
* Test:	Time 0.095 (0.216)	Loss 0.0946 (0.0729)	
learning rate = 0.000050
Epoch: [34][0/34]	Time 0.219 (0.562)	Data 0.048 (0.049)	Loss 0.0446 (0.0996)	
Epoch: [34][10/34]	Time 0.567 (0.562)	Data 0.049 (0.049)	Loss 0.0686 (0.0992)	
Epoch: [34][20/34]	Time 0.560 (0.562)	Data 0.049 (0.049)	Loss 0.1147 (0.0989)	
Epoch: [34][30/34]	Time 0.565 (0.562)	Data 0.049 (0.049)	Loss 0.0826 (0.0987)	
Test: [0/9]	Time 0.223 (0.223)	Loss 0.0463 (0.0463)	Prec@1 0.000 (0.000)	Prec@5 0.000 (0.000)
Overall Acc: 	 0.8510415376122318
Mean Acc : 	 0.5
FreqW Acc : 	 0.7242716987413917
Mean IoU : 	 0.4255207688061159
* Test:	Time 0.093 (0.214)	Loss 0.0345 (0.0736)	
learning rate = 0.000050
Epoch: [35][0/34]	Time 0.220 (0.561)	Data 0.049 (0.049)	Loss 0.0558 (0.0986)	
Epoch: [35][10/34]	Time 0.558 (0.561)	Data 0.049 (0.049)	Loss 0.0604 (0.0984)	
Epoch: [35][20/34]	Time 0.561 (0.561)	Data 0.050 (0.049)	Loss 0.0664 (0.0981)	
Epoch: [35][30/34]	Time 0.558 (0.561)	Data 0.049 (0.049)	Loss 0.0825 (0.0978)	
Test: [0/9]	Time 0.224 (0.224)	Loss 0.0768 (0.0768)	Prec@1 0.000 (0.000)	Prec@5 0.000 (0.000)
Overall Acc: 	 0.8514642288435751
Mean Acc : 	 0.5
FreqW Acc : 	 0.724991333000184
Mean IoU : 	 0.42573211442178754
* Test:	Time 0.092 (0.215)	Loss 0.0818 (0.0740)	
learning rate = 0.000050
Epoch: [36][0/34]	Time 0.219 (0.561)	Data 0.049 (0.049)	Loss 0.0614 (0.0977)	
Epoch: [36][10/34]	Time 0.566 (0.561)	Data 0.049 (0.049)	Loss 0.0381 (0.0975)	
Epoch: [36][20/34]	Time 0.562 (0.561)	Data 0.071 (0.049)	Loss 0.0717 (0.0973)	
Epoch: [36][30/34]	Time 0.561 (0.561)	Data 0.051 (0.049)	Loss 0.0768 (0.0970)	
Test: [0/9]	Time 0.224 (0.224)	Loss 0.0542 (0.0542)	Prec@1 0.000 (0.000)	Prec@5 0.000 (0.000)
Overall Acc: 	 0.8517152017621852
Mean Acc : 	 0.5
FreqW Acc : 	 0.7254187849127998
Mean IoU : 	 0.4258576008810926
* Test:	Time 0.098 (0.216)	Loss 0.1178 (0.0776)	
learning rate = 0.000050
Epoch: [37][0/34]	Time 0.218 (0.561)	Data 0.048 (0.049)	Loss 0.0666 (0.0969)	
Epoch: [37][10/34]	Time 0.556 (0.561)	Data 0.049 (0.049)	Loss 0.0609 (0.0967)	
Epoch: [37][20/34]	Time 0.563 (0.561)	Data 0.048 (0.049)	Loss 0.0434 (0.0964)	
Epoch: [37][30/34]	Time 0.559 (0.561)	Data 0.050 (0.049)	Loss 0.0714 (0.0962)	
Test: [0/9]	Time 0.225 (0.225)	Loss 0.0546 (0.0546)	Prec@1 0.000 (0.000)	Prec@5 0.000 (0.000)
Overall Acc: 	 0.8510938046583488
Mean Acc : 	 0.5
FreqW Acc : 	 0.7243606643278236
Mean IoU : 	 0.4255469023291744
* Test:	Time 0.094 (0.216)	Loss 0.0598 (0.0713)	
learning rate = 0.000050
Epoch: [38][0/34]	Time 0.221 (0.560)	Data 0.049 (0.049)	Loss 0.0721 (0.0961)	
Epoch: [38][10/34]	Time 0.559 (0.560)	Data 0.049 (0.049)	Loss 0.0831 (0.0959)	
Epoch: [38][20/34]	Time 0.562 (0.560)	Data 0.049 (0.049)	Loss 0.0719 (0.0956)	
Epoch: [38][30/34]	Time 0.561 (0.560)	Data 0.049 (0.049)	Loss 0.0479 (0.0954)	
Test: [0/9]	Time 0.227 (0.227)	Loss 0.0467 (0.0467)	Prec@1 0.000 (0.000)	Prec@5 0.000 (0.000)
Overall Acc: 	 0.8513542289164528
Mean Acc : 	 0.5
FreqW Acc : 	 0.724804023093928
Mean IoU : 	 0.4256771144582264
* Test:	Time 0.106 (0.216)	Loss 0.0772 (0.0712)	
learning rate = 0.000050
Epoch: [39][0/34]	Time 0.223 (0.560)	Data 0.049 (0.049)	Loss 0.0484 (0.0953)	
Epoch: [39][10/34]	Time 0.561 (0.560)	Data 0.049 (0.049)	Loss 0.0687 (0.0950)	
Epoch: [39][20/34]	Time 0.554 (0.560)	Data 0.050 (0.049)	Loss 0.0634 (0.0948)	
Epoch: [39][30/34]	Time 0.562 (0.560)	Data 0.049 (0.049)	Loss 0.0448 (0.0946)	
Test: [0/9]	Time 0.227 (0.227)	Loss 0.1137 (0.1137)	Prec@1 0.000 (0.000)	Prec@5 0.000 (0.000)
Overall Acc: 	 0.8520308537269706
Mean Acc : 	 0.5
FreqW Acc : 	 0.7259565757027104
Mean IoU : 	 0.4260154268634853
* Test:	Time 0.095 (0.216)	Loss 0.0529 (0.0748)	
learning rate = 0.000050
Epoch: [40][0/34]	Time 0.222 (0.560)	Data 0.049 (0.049)	Loss 0.0929 (0.0945)	
Epoch: [40][10/34]	Time 0.560 (0.560)	Data 0.051 (0.049)	Loss 0.0557 (0.0943)	
Epoch: [40][20/34]	Time 0.556 (0.560)	Data 0.050 (0.049)	Loss 0.0716 (0.0940)	
Epoch: [40][30/34]	Time 0.562 (0.560)	Data 0.050 (0.049)	Loss 0.0652 (0.0938)	
Test: [0/9]	Time 0.224 (0.224)	Loss 0.0737 (0.0737)	Prec@1 0.000 (0.000)	Prec@5 0.000 (0.000)
Overall Acc: 	 0.8512954711914062
Mean Acc : 	 0.5
FreqW Acc : 	 0.7247039792709984
Mean IoU : 	 0.4256477355957031
* Test:	Time 0.093 (0.214)	Loss 0.0378 (0.0729)	
learning rate = 0.000050
Epoch: [41][0/34]	Time 0.220 (0.559)	Data 0.048 (0.049)	Loss 0.0470 (0.0937)	
Epoch: [41][10/34]	Time 0.557 (0.559)	Data 0.049 (0.049)	Loss 0.0636 (0.0936)	
Epoch: [41][20/34]	Time 0.555 (0.559)	Data 0.049 (0.049)	Loss 0.0455 (0.0933)	
Epoch: [41][30/34]	Time 0.562 (0.559)	Data 0.049 (0.049)	Loss 0.0561 (0.0931)	
Test: [0/9]	Time 0.223 (0.223)	Loss 0.0719 (0.0719)	Prec@1 0.000 (0.000)	Prec@5 0.000 (0.000)
Overall Acc: 	 0.8515385869723647
Mean Acc : 	 0.5
FreqW Acc : 	 0.7251179651028916
Mean IoU : 	 0.42576929348618237
* Test:	Time 0.094 (0.215)	Loss 0.0514 (0.0704)	
learning rate = 0.000050
Epoch: [42][0/34]	Time 0.221 (0.559)	Data 0.048 (0.049)	Loss 0.0797 (0.0931)	
Epoch: [42][10/34]	Time 0.612 (0.559)	Data 0.050 (0.049)	Loss 0.0622 (0.0928)	
Epoch: [42][20/34]	Time 0.615 (0.560)	Data 0.049 (0.049)	Loss 0.0550 (0.0926)	
Epoch: [42][30/34]	Time 0.613 (0.560)	Data 0.050 (0.049)	Loss 0.0584 (0.0924)	
Test: [0/9]	Time 0.237 (0.237)	Loss 0.0619 (0.0619)	Prec@1 0.000 (0.000)	Prec@5 0.000 (0.000)
Overall Acc: 	 0.8517638249183769
Mean Acc : 	 0.5
FreqW Acc : 	 0.7255016134395834
Mean IoU : 	 0.42588191245918844
* Test:	Time 0.099 (0.226)	Loss 0.0423 (0.0717)	
learning rate = 0.000050
Epoch: [43][0/34]	Time 0.233 (0.560)	Data 0.049 (0.049)	Loss 0.0619 (0.0924)	
Epoch: [43][10/34]	Time 0.614 (0.560)	Data 0.049 (0.049)	Loss 0.0830 (0.0922)	
Epoch: [43][20/34]	Time 0.614 (0.561)	Data 0.050 (0.049)	Loss 0.0421 (0.0920)	
Epoch: [43][30/34]	Time 0.613 (0.561)	Data 0.049 (0.049)	Loss 0.0643 (0.0918)	
Test: [0/9]	Time 0.237 (0.237)	Loss 0.0555 (0.0555)	Prec@1 0.000 (0.000)	Prec@5 0.000 (0.000)
Overall Acc: 	 0.8515044255043144
Mean Acc : 	 0.5
FreqW Acc : 	 0.7250597866534325
Mean IoU : 	 0.4257522127521572
* Test:	Time 0.099 (0.226)	Loss 0.1197 (0.0771)	
learning rate = 0.000050
Epoch: [44][0/34]	Time 0.233 (0.561)	Data 0.048 (0.049)	Loss 0.0638 (0.0917)	
Epoch: [44][10/34]	Time 0.614 (0.561)	Data 0.050 (0.049)	Loss 0.0631 (0.0915)	
Epoch: [44][20/34]	Time 0.614 (0.561)	Data 0.049 (0.049)	Loss 0.0906 (0.0914)	
Epoch: [44][30/34]	Time 0.614 (0.562)	Data 0.050 (0.049)	Loss 0.0470 (0.0912)	
Test: [0/9]	Time 0.237 (0.237)	Loss 0.0936 (0.0936)	Prec@1 0.000 (0.000)	Prec@5 0.000 (0.000)
Overall Acc: 	 0.8510703471169543
Mean Acc : 	 0.5
FreqW Acc : 	 0.724320735741773
Mean IoU : 	 0.42553517355847714
* Test:	Time 0.098 (0.226)	Loss 0.0463 (0.0704)	
learning rate = 0.000050
Epoch: [45][0/34]	Time 0.232 (0.562)	Data 0.049 (0.049)	Loss 0.0438 (0.0911)	
Epoch: [45][10/34]	Time 0.614 (0.562)	Data 0.049 (0.049)	Loss 0.0454 (0.0909)	
Epoch: [45][20/34]	Time 0.613 (0.562)	Data 0.050 (0.049)	Loss 0.0604 (0.0907)	
Epoch: [45][30/34]	Time 0.614 (0.563)	Data 0.050 (0.049)	Loss 0.0641 (0.0906)	
Test: [0/9]	Time 0.238 (0.238)	Loss 0.0735 (0.0735)	Prec@1 0.000 (0.000)	Prec@5 0.000 (0.000)
Overall Acc: 	 0.8515278830457089
Mean Acc : 	 0.5
FreqW Acc : 	 0.7250997356043065
Mean IoU : 	 0.42576394152285446
* Test:	Time 0.099 (0.227)	Loss 0.1379 (0.0828)	
learning rate = 0.000050
Epoch: [46][0/34]	Time 0.232 (0.563)	Data 0.048 (0.049)	Loss 0.1131 (0.0906)	
Epoch: [46][10/34]	Time 0.614 (0.563)	Data 0.049 (0.049)	Loss 0.0757 (0.0905)	
Epoch: [46][20/34]	Time 0.614 (0.563)	Data 0.049 (0.049)	Loss 0.0574 (0.0903)	
Epoch: [46][30/34]	Time 0.613 (0.563)	Data 0.049 (0.049)	Loss 0.0565 (0.0901)	
Test: [0/9]	Time 0.232 (0.232)	Loss 0.0766 (0.0766)	Prec@1 0.000 (0.000)	Prec@5 0.000 (0.000)
Overall Acc: 	 0.8510228626763643
Mean Acc : 	 0.5
FreqW Acc : 	 0.724239912797874
Mean IoU : 	 0.42551143133818214
* Test:	Time 0.095 (0.216)	Loss 0.1993 (0.0723)	
learning rate = 0.000050
Epoch: [47][0/34]	Time 0.220 (0.563)	Data 0.048 (0.049)	Loss 0.0850 (0.0900)	
Epoch: [47][10/34]	Time 0.559 (0.563)	Data 0.049 (0.049)	Loss 0.0438 (0.0898)	
Epoch: [47][20/34]	Time 0.565 (0.563)	Data 0.049 (0.049)	Loss 0.0758 (0.0897)	
Epoch: [47][30/34]	Time 0.560 (0.563)	Data 0.049 (0.049)	Loss 0.0743 (0.0895)	
Test: [0/9]	Time 0.225 (0.225)	Loss 0.0614 (0.0614)	Prec@1 0.000 (0.000)	Prec@5 0.000 (0.000)
Overall Acc: 	 0.8511723760348647
Mean Acc : 	 0.5
FreqW Acc : 	 0.7244944137248371
Mean IoU : 	 0.42558618801743237
* Test:	Time 0.094 (0.216)	Loss 0.0536 (0.0695)	
learning rate = 0.000050
Epoch: [48][0/34]	Time 0.220 (0.563)	Data 0.049 (0.049)	Loss 0.0547 (0.0894)	
Epoch: [48][10/34]	Time 0.563 (0.563)	Data 0.050 (0.049)	Loss 0.0368 (0.0893)	
Epoch: [48][20/34]	Time 0.559 (0.563)	Data 0.050 (0.049)	Loss 0.0480 (0.0891)	
Epoch: [48][30/34]	Time 0.559 (0.563)	Data 0.049 (0.049)	Loss 0.0631 (0.0889)	
Test: [0/9]	Time 0.223 (0.223)	Loss 0.0435 (0.0435)	Prec@1 0.000 (0.000)	Prec@5 0.000 (0.000)
Overall Acc: 	 0.851198338750583
Mean Acc : 	 0.5
FreqW Acc : 	 0.7245386118917523
Mean IoU : 	 0.4255991693752915
* Test:	Time 0.094 (0.215)	Loss 0.1232 (0.0687)	
learning rate = 0.000050
Epoch: [49][0/34]	Time 0.224 (0.563)	Data 0.052 (0.049)	Loss 0.0621 (0.0889)	
Epoch: [49][10/34]	Time 0.559 (0.563)	Data 0.049 (0.049)	Loss 0.0474 (0.0887)	
Epoch: [49][20/34]	Time 0.555 (0.563)	Data 0.050 (0.049)	Loss 0.0616 (0.0885)	
Epoch: [49][30/34]	Time 0.562 (0.563)	Data 0.050 (0.049)	Loss 0.0468 (0.0884)	
Test: [0/9]	Time 0.225 (0.225)	Loss 0.0675 (0.0675)	Prec@1 0.000 (0.000)	Prec@5 0.000 (0.000)
Overall Acc: 	 0.8516328726241837
Mean Acc : 	 0.5
FreqW Acc : 	 0.7252785497341192
Mean IoU : 	 0.4258164363120919
* Test:	Time 0.092 (0.215)	Loss 0.0429 (0.0719)	
learning rate = 0.000050
Epoch: [50][0/34]	Time 0.220 (0.562)	Data 0.048 (0.049)	Loss 0.0422 (0.0883)	
Epoch: [50][10/34]	Time 0.563 (0.562)	Data 0.050 (0.049)	Loss 0.0609 (0.0882)	
Epoch: [50][20/34]	Time 0.561 (0.562)	Data 0.050 (0.049)	Loss 0.0869 (0.0880)	
Epoch: [50][30/34]	Time 0.561 (0.562)	Data 0.050 (0.049)	Loss 0.0609 (0.0878)	
Test: [0/9]	Time 0.223 (0.223)	Loss 0.0731 (0.0731)	Prec@1 0.000 (0.000)	Prec@5 0.000 (0.000)
Overall Acc: 	 0.8514587630086871
Mean Acc : 	 0.5
FreqW Acc : 	 0.7249820251042836
Mean IoU : 	 0.42572938150434353
* Test:	Time 0.092 (0.214)	Loss 0.1555 (0.0743)	
learning rate = 0.000050
Epoch: [51][0/34]	Time 0.219 (0.562)	Data 0.049 (0.049)	Loss 0.0402 (0.0878)	
Epoch: [51][10/34]	Time 0.562 (0.562)	Data 0.049 (0.049)	Loss 0.0566 (0.0876)	
Epoch: [51][20/34]	Time 0.557 (0.562)	Data 0.049 (0.049)	Loss 0.0539 (0.0875)	
Epoch: [51][30/34]	Time 0.554 (0.562)	Data 0.049 (0.049)	Loss 0.0458 (0.0873)	
Test: [0/9]	Time 0.225 (0.225)	Loss 0.0523 (0.0523)	Prec@1 0.000 (0.000)	Prec@5 0.000 (0.000)
Overall Acc: 	 0.8513733593385611
Mean Acc : 	 0.5
FreqW Acc : 	 0.7248365969914267
Mean IoU : 	 0.42568667966928053
* Test:	Time 0.093 (0.215)	Loss 0.0835 (0.0712)	
learning rate = 0.000050
Epoch: [52][0/34]	Time 0.219 (0.562)	Data 0.048 (0.049)	Loss 0.0806 (0.0873)	
Epoch: [52][10/34]	Time 0.560 (0.562)	Data 0.049 (0.049)	Loss 0.0635 (0.0872)	
Epoch: [52][20/34]	Time 0.559 (0.562)	Data 0.051 (0.049)	Loss 0.0508 (0.0870)	
Epoch: [52][30/34]	Time 0.564 (0.562)	Data 0.049 (0.049)	Loss 0.0513 (0.0868)	
Test: [0/9]	Time 0.223 (0.223)	Loss 0.1032 (0.1032)	Prec@1 0.000 (0.000)	Prec@5 0.000 (0.000)
Overall Acc: 	 0.8509278937951842
Mean Acc : 	 0.5
FreqW Acc : 	 0.7240782804387083
Mean IoU : 	 0.4254639468975921
* Test:	Time 0.092 (0.214)	Loss 0.0553 (0.0767)	
learning rate = 0.000050
Epoch: [53][0/34]	Time 0.217 (0.562)	Data 0.048 (0.049)	Loss 0.0630 (0.0868)	
Epoch: [53][10/34]	Time 0.563 (0.562)	Data 0.050 (0.049)	Loss 0.0835 (0.0867)	
Epoch: [53][20/34]	Time 0.561 (0.562)	Data 0.049 (0.049)	Loss 0.0416 (0.0865)	
Epoch: [53][30/34]	Time 0.564 (0.562)	Data 0.049 (0.049)	Loss 0.0525 (0.0864)	
Test: [0/9]	Time 0.227 (0.227)	Loss 0.0809 (0.0809)	Prec@1 0.000 (0.000)	Prec@5 0.000 (0.000)
Overall Acc: 	 0.851329177173216
Mean Acc : 	 0.5
FreqW Acc : 	 0.724761367906425
Mean IoU : 	 0.425664588586608
* Test:	Time 0.094 (0.218)	Loss 0.0426 (0.0702)	
learning rate = 0.000050
Epoch: [54][0/34]	Time 0.220 (0.561)	Data 0.049 (0.049)	Loss 0.0491 (0.0863)	
Epoch: [54][10/34]	Time 0.561 (0.561)	Data 0.049 (0.049)	Loss 0.0433 (0.0862)	
Epoch: [54][20/34]	Time 0.557 (0.561)	Data 0.050 (0.049)	Loss 0.0777 (0.0860)	
Epoch: [54][30/34]	Time 0.557 (0.561)	Data 0.049 (0.049)	Loss 0.0787 (0.0859)	
Test: [0/9]	Time 0.223 (0.223)	Loss 0.0530 (0.0530)	Prec@1 0.000 (0.000)	Prec@5 0.000 (0.000)
Overall Acc: 	 0.8511048501996852
Mean Acc : 	 0.5
FreqW Acc : 	 0.7243794660334285
Mean IoU : 	 0.4255524250998426
* Test:	Time 0.093 (0.214)	Loss 0.0422 (0.0677)	
learning rate = 0.000050
Epoch: [55][0/34]	Time 0.219 (0.561)	Data 0.048 (0.049)	Loss 0.0305 (0.0858)	
Epoch: [55][10/34]	Time 0.561 (0.561)	Data 0.049 (0.049)	Loss 0.0611 (0.0857)	
Epoch: [55][20/34]	Time 0.559 (0.561)	Data 0.050 (0.049)	Loss 0.0698 (0.0856)	
Epoch: [55][30/34]	Time 0.561 (0.561)	Data 0.050 (0.049)	Loss 0.0642 (0.0854)	
Test: [0/9]	Time 0.228 (0.228)	Loss 0.0554 (0.0554)	Prec@1 0.000 (0.000)	Prec@5 0.000 (0.000)
Overall Acc: 	 0.8515988250276936
Mean Acc : 	 0.5
FreqW Acc : 	 0.7252205587885483
Mean IoU : 	 0.4257994125138468
* Test:	Time 0.095 (0.215)	Loss 0.0384 (0.0684)	
learning rate = 0.000050
Epoch: [56][0/34]	Time 0.219 (0.561)	Data 0.048 (0.049)	Loss 0.0671 (0.0854)	
Epoch: [56][10/34]	Time 0.561 (0.561)	Data 0.050 (0.049)	Loss 0.0548 (0.0853)	
Epoch: [56][20/34]	Time 0.566 (0.561)	Data 0.051 (0.049)	Loss 0.0513 (0.0851)	
Epoch: [56][30/34]	Time 0.562 (0.561)	Data 0.049 (0.049)	Loss 0.0671 (0.0850)	
Test: [0/9]	Time 0.226 (0.226)	Loss 0.0387 (0.0387)	Prec@1 0.000 (0.000)	Prec@5 0.000 (0.000)
Overall Acc: 	 0.8520979240759096
Mean Acc : 	 0.5
FreqW Acc : 	 0.7260708722144745
Mean IoU : 	 0.4260489620379548
* Test:	Time 0.095 (0.214)	Loss 0.0400 (0.0698)	
learning rate = 0.000050
Epoch: [57][0/34]	Time 0.222 (0.561)	Data 0.048 (0.049)	Loss 0.0455 (0.0849)	
Epoch: [57][10/34]	Time 0.561 (0.561)	Data 0.049 (0.049)	Loss 0.0622 (0.0848)	
Epoch: [57][20/34]	Time 0.559 (0.561)	Data 0.048 (0.049)	Loss 0.0704 (0.0847)	
Epoch: [57][30/34]	Time 0.560 (0.561)	Data 0.049 (0.049)	Loss 0.0523 (0.0846)	
Test: [0/9]	Time 0.227 (0.227)	Loss 0.1318 (0.1318)	Prec@1 0.000 (0.000)	Prec@5 0.000 (0.000)
Overall Acc: 	 0.8508779041802705
Mean Acc : 	 0.5
FreqW Acc : 	 0.7239932078222097
Mean IoU : 	 0.42543895209013527
* Test:	Time 0.092 (0.215)	Loss 0.0542 (0.0708)	
learning rate = 0.000050
Epoch: [58][0/34]	Time 0.220 (0.560)	Data 0.049 (0.049)	Loss 0.0559 (0.0845)	
Epoch: [58][10/34]	Time 0.562 (0.560)	Data 0.049 (0.049)	Loss 0.0646 (0.0844)	
Epoch: [58][20/34]	Time 0.566 (0.560)	Data 0.049 (0.049)	Loss 0.0495 (0.0843)	
Epoch: [58][30/34]	Time 0.563 (0.560)	Data 0.049 (0.049)	Loss 0.0351 (0.0842)	
Test: [0/9]	Time 0.227 (0.227)	Loss 0.1462 (0.1462)	Prec@1 0.000 (0.000)	Prec@5 0.000 (0.000)
Overall Acc: 	 0.8519632140202309
Mean Acc : 	 0.5
FreqW Acc : 	 0.7258413180436818
Mean IoU : 	 0.42598160701011545
* Test:	Time 0.094 (0.215)	Loss 0.0687 (0.0706)	
learning rate = 0.000050
Epoch: [59][0/34]	Time 0.220 (0.560)	Data 0.049 (0.049)	Loss 0.0576 (0.0841)	
Epoch: [59][10/34]	Time 0.560 (0.560)	Data 0.049 (0.049)	Loss 0.0583 (0.0840)	
Epoch: [59][20/34]	Time 0.556 (0.560)	Data 0.049 (0.049)	Loss 0.0826 (0.0839)	
Epoch: [59][30/34]	Time 0.562 (0.560)	Data 0.049 (0.049)	Loss 0.0483 (0.0838)	
Test: [0/9]	Time 0.224 (0.224)	Loss 0.0612 (0.0612)	Prec@1 0.000 (0.000)	Prec@5 0.000 (0.000)
Overall Acc: 	 0.8515532764036264
Mean Acc : 	 0.5
FreqW Acc : 	 0.725142982553751
Mean IoU : 	 0.4257766382018132
* Test:	Time 0.093 (0.214)	Loss 0.0275 (0.0706)	
learning rate = 0.000050
Epoch: [60][0/34]	Time 0.222 (0.560)	Data 0.049 (0.049)	Loss 0.0326 (0.0837)	
Epoch: [60][10/34]	Time 0.560 (0.560)	Data 0.051 (0.049)	Loss 0.0343 (0.0836)	
Epoch: [60][20/34]	Time 0.554 (0.560)	Data 0.049 (0.049)	Loss 0.0500 (0.0835)	
Epoch: [60][30/34]	Time 0.560 (0.560)	Data 0.049 (0.049)	Loss 0.0644 (0.0834)	
Test: [0/9]	Time 0.227 (0.227)	Loss 0.0679 (0.0679)	Prec@1 0.000 (0.000)	Prec@5 0.000 (0.000)
Overall Acc: 	 0.8513276968429337
Mean Acc : 	 0.5
FreqW Acc : 	 0.7247588474118941
Mean IoU : 	 0.4256638484214669
* Test:	Time 0.095 (0.215)	Loss 0.0330 (0.0717)	
learning rate = 0.000050
Epoch: [61][0/34]	Time 0.220 (0.560)	Data 0.048 (0.049)	Loss 0.0752 (0.0833)	
Epoch: [61][10/34]	Time 0.556 (0.560)	Data 0.050 (0.049)	Loss 0.0637 (0.0832)	
Epoch: [61][20/34]	Time 0.563 (0.560)	Data 0.049 (0.049)	Loss 0.0732 (0.0831)	
Epoch: [61][30/34]	Time 0.555 (0.560)	Data 0.049 (0.049)	Loss 0.0477 (0.0830)	
Test: [0/9]	Time 0.225 (0.225)	Loss 0.0489 (0.0489)	Prec@1 0.000 (0.000)	Prec@5 0.000 (0.000)
Overall Acc: 	 0.8516136283305153
Mean Acc : 	 0.5
FreqW Acc : 	 0.7252457719582651
Mean IoU : 	 0.4258068141652577
* Test:	Time 0.093 (0.215)	Loss 0.0349 (0.0685)	
learning rate = 0.000050
Epoch: [62][0/34]	Time 0.220 (0.560)	Data 0.048 (0.049)	Loss 0.0539 (0.0829)	
Epoch: [62][10/34]	Time 0.557 (0.560)	Data 0.049 (0.049)	Loss 0.0622 (0.0828)	
Epoch: [62][20/34]	Time 0.561 (0.560)	Data 0.050 (0.049)	Loss 0.0733 (0.0827)	
Epoch: [62][30/34]	Time 0.559 (0.560)	Data 0.049 (0.049)	Loss 0.0602 (0.0826)	
Test: [0/9]	Time 0.224 (0.224)	Loss 0.0790 (0.0790)	Prec@1 0.000 (0.000)	Prec@5 0.000 (0.000)
Overall Acc: 	 0.8513073138336638
Mean Acc : 	 0.5
FreqW Acc : 	 0.724724142586688
Mean IoU : 	 0.4256536569168319
* Test:	Time 0.099 (0.216)	Loss 0.1037 (0.0688)	
learning rate = 0.000050
Epoch: [63][0/34]	Time 0.219 (0.560)	Data 0.049 (0.049)	Loss 0.0568 (0.0826)	
Epoch: [63][10/34]	Time 0.563 (0.560)	Data 0.048 (0.049)	Loss 0.0367 (0.0824)	
Epoch: [63][20/34]	Time 0.561 (0.560)	Data 0.049 (0.049)	Loss 0.0821 (0.0824)	
Epoch: [63][30/34]	Time 0.559 (0.560)	Data 0.049 (0.049)	Loss 0.0605 (0.0823)	
Test: [0/9]	Time 0.223 (0.223)	Loss 0.1141 (0.1141)	Prec@1 0.000 (0.000)	Prec@5 0.000 (0.000)
Overall Acc: 	 0.8518126758176889
Mean Acc : 	 0.5
FreqW Acc : 	 0.7255848346836912
Mean IoU : 	 0.42590633790884447
* Test:	Time 0.092 (0.215)	Loss 0.0473 (0.0688)	
learning rate = 0.000050
Epoch: [64][0/34]	Time 0.219 (0.559)	Data 0.048 (0.049)	Loss 0.0688 (0.0822)	
Epoch: [64][10/34]	Time 0.564 (0.559)	Data 0.049 (0.049)	Loss 0.0467 (0.0821)	
Epoch: [64][20/34]	Time 0.560 (0.559)	Data 0.049 (0.049)	Loss 0.0456 (0.0820)	
Epoch: [64][30/34]	Time 0.566 (0.559)	Data 0.049 (0.049)	Loss 0.0415 (0.0819)	
Test: [0/9]	Time 0.226 (0.226)	Loss 0.0506 (0.0506)	Prec@1 0.000 (0.000)	Prec@5 0.000 (0.000)
Overall Acc: 	 0.8516761438170476
Mean Acc : 	 0.5
FreqW Acc : 	 0.7253522539470764
Mean IoU : 	 0.4258380719085238
* Test:	Time 0.098 (0.217)	Loss 0.0817 (0.0685)	
learning rate = 0.000050
Epoch: [65][0/34]	Time 0.218 (0.559)	Data 0.049 (0.049)	Loss 0.0618 (0.0818)	
Epoch: [65][10/34]	Time 0.557 (0.559)	Data 0.049 (0.049)	Loss 0.0486 (0.0817)	
Epoch: [65][20/34]	Time 0.555 (0.559)	Data 0.049 (0.049)	Loss 0.0527 (0.0816)	
Epoch: [65][30/34]	Time 0.559 (0.559)	Data 0.049 (0.049)	Loss 0.0553 (0.0815)	
Test: [0/9]	Time 0.225 (0.225)	Loss 0.0567 (0.0567)	Prec@1 0.000 (0.000)	Prec@5 0.000 (0.000)
Overall Acc: 	 0.8514529555591185
Mean Acc : 	 0.5
FreqW Acc : 	 0.7249721355303582
Mean IoU : 	 0.42572647777955924
* Test:	Time 0.094 (0.215)	Loss 0.0693 (0.0759)	
learning rate = 0.000050
Epoch: [66][0/34]	Time 0.220 (0.559)	Data 0.049 (0.049)	Loss 0.0549 (0.0815)	
Epoch: [66][10/34]	Time 0.557 (0.559)	Data 0.049 (0.049)	Loss 0.0461 (0.0814)	
Epoch: [66][20/34]	Time 0.558 (0.559)	Data 0.050 (0.049)	Loss 0.0412 (0.0813)	
Epoch: [66][30/34]	Time 0.560 (0.559)	Data 0.050 (0.049)	Loss 0.0547 (0.0812)	
Test: [0/9]	Time 0.223 (0.223)	Loss 0.0623 (0.0623)	Prec@1 0.000 (0.000)	Prec@5 0.000 (0.000)
Overall Acc: 	 0.8516169306057603
Mean Acc : 	 0.5
FreqW Acc : 	 0.7252513964943763
Mean IoU : 	 0.42580846530288013
* Test:	Time 0.094 (0.215)	Loss 0.1021 (0.0717)	
learning rate = 0.000050
Epoch: [67][0/34]	Time 0.220 (0.559)	Data 0.048 (0.049)	Loss 0.0664 (0.0812)	
Epoch: [67][10/34]	Time 0.562 (0.559)	Data 0.049 (0.049)	Loss 0.0527 (0.0811)	
Epoch: [67][20/34]	Time 0.562 (0.559)	Data 0.049 (0.049)	Loss 0.0664 (0.0810)	
Epoch: [67][30/34]	Time 0.560 (0.559)	Data 0.048 (0.049)	Loss 0.0618 (0.0809)	
Test: [0/9]	Time 0.224 (0.224)	Loss 0.0892 (0.0892)	Prec@1 0.000 (0.000)	Prec@5 0.000 (0.000)
Overall Acc: 	 0.8514710611371852
Mean Acc : 	 0.5
FreqW Acc : 	 0.7250029679540841
Mean IoU : 	 0.4257355305685926
* Test:	Time 0.094 (0.216)	Loss 0.0546 (0.0745)	
learning rate = 0.000050
Epoch: [68][0/34]	Time 0.222 (0.559)	Data 0.049 (0.049)	Loss 0.0708 (0.0808)	
Epoch: [68][10/34]	Time 0.562 (0.559)	Data 0.050 (0.049)	Loss 0.0591 (0.0807)	
Epoch: [68][20/34]	Time 0.561 (0.559)	Data 0.048 (0.049)	Loss 0.0812 (0.0806)	
Epoch: [68][30/34]	Time 0.562 (0.559)	Data 0.049 (0.049)	Loss 0.0720 (0.0805)	
Test: [0/9]	Time 0.225 (0.225)	Loss 0.0815 (0.0815)	Prec@1 0.000 (0.000)	Prec@5 0.000 (0.000)
Overall Acc: 	 0.8512934215033232
Mean Acc : 	 0.5
FreqW Acc : 	 0.7247004894948347
Mean IoU : 	 0.4256467107516616
* Test:	Time 0.094 (0.215)	Loss 0.0750 (0.0678)	
learning rate = 0.000050
Epoch: [69][0/34]	Time 0.220 (0.559)	Data 0.048 (0.049)	Loss 0.0832 (0.0805)	
Epoch: [69][10/34]	Time 0.557 (0.559)	Data 0.049 (0.049)	Loss 0.0332 (0.0804)	
Epoch: [69][20/34]	Time 0.564 (0.559)	Data 0.049 (0.049)	Loss 0.0734 (0.0803)	
Epoch: [69][30/34]	Time 0.563 (0.559)	Data 0.050 (0.049)	Loss 0.0686 (0.0802)	
Test: [0/9]	Time 0.224 (0.224)	Loss 0.1081 (0.1081)	Prec@1 0.000 (0.000)	Prec@5 0.000 (0.000)
Overall Acc: 	 0.8510825313738922
Mean Acc : 	 0.5
FreqW Acc : 	 0.7243414752097922
Mean IoU : 	 0.4255412656869461
* Test:	Time 0.094 (0.216)	Loss 0.0698 (0.0680)	
learning rate = 0.000050
Epoch: [70][0/34]	Time 0.220 (0.558)	Data 0.048 (0.049)	Loss 0.0632 (0.0802)	
Epoch: [70][10/34]	Time 0.556 (0.558)	Data 0.050 (0.049)	Loss 0.0350 (0.0801)	
Epoch: [70][20/34]	Time 0.552 (0.558)	Data 0.049 (0.049)	Loss 0.0558 (0.0800)	
Epoch: [70][30/34]	Time 0.562 (0.558)	Data 0.050 (0.049)	Loss 0.0953 (0.0799)	
Test: [0/9]	Time 0.225 (0.225)	Loss 0.0520 (0.0520)	Prec@1 0.000 (0.000)	Prec@5 0.000 (0.000)
Overall Acc: 	 0.8515603364403568
Mean Acc : 	 0.5
FreqW Acc : 	 0.7251550065984136
Mean IoU : 	 0.4257801682201784
* Test:	Time 0.094 (0.215)	Loss 0.2026 (0.0740)	
learning rate = 0.000050
Epoch: [71][0/34]	Time 0.221 (0.558)	Data 0.049 (0.049)	Loss 0.0828 (0.0799)	
Epoch: [71][10/34]	Time 0.563 (0.558)	Data 0.049 (0.049)	Loss 0.0509 (0.0798)	
Epoch: [71][20/34]	Time 0.557 (0.558)	Data 0.049 (0.049)	Loss 0.0927 (0.0797)	
Epoch: [71][30/34]	Time 0.561 (0.558)	Data 0.049 (0.049)	Loss 0.0477 (0.0796)	
Test: [0/9]	Time 0.224 (0.224)	Loss 0.1254 (0.1254)	Prec@1 0.000 (0.000)	Prec@5 0.000 (0.000)
Overall Acc: 	 0.8511554091723997
Mean Acc : 	 0.5
FreqW Acc : 	 0.7244655305634352
Mean IoU : 	 0.42557770458619987
* Test:	Time 0.096 (0.216)	Loss 0.0553 (0.0859)	
learning rate = 0.000050
Epoch: [72][0/34]	Time 0.221 (0.558)	Data 0.049 (0.049)	Loss 0.1009 (0.0796)	
Epoch: [72][10/34]	Time 0.558 (0.558)	Data 0.049 (0.049)	Loss 0.0523 (0.0795)	
Epoch: [72][20/34]	Time 0.555 (0.558)	Data 0.049 (0.049)	Loss 0.0714 (0.0794)	
Epoch: [72][30/34]	Time 0.558 (0.558)	Data 0.049 (0.049)	Loss 0.0389 (0.0793)	
Test: [0/9]	Time 0.224 (0.224)	Loss 0.0806 (0.0806)	Prec@1 0.000 (0.000)	Prec@5 0.000 (0.000)
Overall Acc: 	 0.8515318685503148
Mean Acc : 	 0.5
FreqW Acc : 	 0.7251065231567906
Mean IoU : 	 0.4257659342751574
* Test:	Time 0.094 (0.215)	Loss 0.1930 (0.0696)	
learning rate = 0.000050
Epoch: [73][0/34]	Time 0.219 (0.558)	Data 0.049 (0.049)	Loss 0.0638 (0.0793)	
Epoch: [73][10/34]	Time 0.562 (0.558)	Data 0.050 (0.049)	Loss 0.0451 (0.0792)	
Epoch: [73][20/34]	Time 0.563 (0.558)	Data 0.049 (0.049)	Loss 0.0641 (0.0791)	
Epoch: [73][30/34]	Time 0.562 (0.558)	Data 0.049 (0.049)	Loss 0.0436 (0.0791)	
Test: [0/9]	Time 0.224 (0.224)	Loss 0.0588 (0.0588)	Prec@1 0.000 (0.000)	Prec@5 0.000 (0.000)
Overall Acc: 	 0.8515080693942397
Mean Acc : 	 0.5
FreqW Acc : 	 0.7250659922435054
Mean IoU : 	 0.42575403469711987
* Test:	Time 0.099 (0.215)	Loss 0.0917 (0.0761)	
learning rate = 0.000050
Epoch: [74][0/34]	Time 0.219 (0.558)	Data 0.049 (0.049)	Loss 0.0562 (0.0790)	
Epoch: [74][10/34]	Time 0.564 (0.558)	Data 0.050 (0.049)	Loss 0.0644 (0.0789)	
Epoch: [74][20/34]	Time 0.563 (0.558)	Data 0.049 (0.049)	Loss 0.0525 (0.0789)	
Epoch: [74][30/34]	Time 0.558 (0.558)	Data 0.050 (0.049)	Loss 0.0976 (0.0788)	
Test: [0/9]	Time 0.224 (0.224)	Loss 0.1121 (0.1121)	Prec@1 0.000 (0.000)	Prec@5 0.000 (0.000)
Overall Acc: 	 0.8513290633016558
Mean Acc : 	 0.5
FreqW Acc : 	 0.7247611740220746
Mean IoU : 	 0.4256645316508279
* Test:	Time 0.102 (0.217)	Loss 0.0411 (0.0673)	
learning rate = 0.000050
Epoch: [75][0/34]	Time 0.242 (0.558)	Data 0.070 (0.049)	Loss 0.0445 (0.0788)	
Epoch: [75][10/34]	Time 0.561 (0.558)	Data 0.049 (0.049)	Loss 0.0506 (0.0787)	
Epoch: [75][20/34]	Time 0.559 (0.558)	Data 0.049 (0.049)	Loss 0.0374 (0.0786)	
Epoch: [75][30/34]	Time 0.557 (0.558)	Data 0.049 (0.049)	Loss 0.0629 (0.0785)	
Test: [0/9]	Time 0.227 (0.227)	Loss 0.0456 (0.0456)	Prec@1 0.000 (0.000)	Prec@5 0.000 (0.000)
Overall Acc: 	 0.8516491562572878
Mean Acc : 	 0.5
FreqW Acc : 	 0.7253062853537502
Mean IoU : 	 0.4258245781286439
* Test:	Time 0.095 (0.216)	Loss 0.0482 (0.0700)	
learning rate = 0.000050
Epoch: [76][0/34]	Time 0.221 (0.558)	Data 0.049 (0.049)	Loss 0.0596 (0.0785)	
Epoch: [76][10/34]	Time 0.574 (0.558)	Data 0.052 (0.049)	Loss 0.0954 (0.0784)	
Epoch: [76][20/34]	Time 0.563 (0.558)	Data 0.049 (0.049)	Loss 0.0637 (0.0783)	
Epoch: [76][30/34]	Time 0.559 (0.558)	Data 0.049 (0.049)	Loss 0.0363 (0.0782)	
Test: [0/9]	Time 0.224 (0.224)	Loss 0.0843 (0.0843)	Prec@1 0.000 (0.000)	Prec@5 0.000 (0.000)
Overall Acc: 	 0.8521556569569146
Mean Acc : 	 0.5
FreqW Acc : 	 0.7261692636836707
Mean IoU : 	 0.4260778284784573
* Test:	Time 0.093 (0.214)	Loss 0.0234 (0.0710)	
learning rate = 0.000050
Epoch: [77][0/34]	Time 0.220 (0.558)	Data 0.048 (0.049)	Loss 0.0527 (0.0782)	
Epoch: [77][10/34]	Time 0.558 (0.558)	Data 0.049 (0.049)	Loss 0.0572 (0.0781)	
Epoch: [77][20/34]	Time 0.560 (0.558)	Data 0.049 (0.049)	Loss 0.0551 (0.0780)	
Epoch: [77][30/34]	Time 0.557 (0.558)	Data 0.049 (0.049)	Loss 0.0369 (0.0780)	
Test: [0/9]	Time 0.227 (0.227)	Loss 0.0858 (0.0858)	Prec@1 0.000 (0.000)	Prec@5 0.000 (0.000)
Overall Acc: 	 0.8515019203299907
Mean Acc : 	 0.5
FreqW Acc : 	 0.7250555203256619
Mean IoU : 	 0.42575096016499536
* Test:	Time 0.095 (0.216)	Loss 0.0745 (0.0685)	
learning rate = 0.000050
Epoch: [78][0/34]	Time 0.223 (0.557)	Data 0.049 (0.049)	Loss 0.0633 (0.0779)	
Epoch: [78][10/34]	Time 0.563 (0.557)	Data 0.050 (0.049)	Loss 0.0511 (0.0779)	
Epoch: [78][20/34]	Time 0.563 (0.557)	Data 0.049 (0.049)	Loss 0.0682 (0.0778)	
Epoch: [78][30/34]	Time 0.561 (0.557)	Data 0.049 (0.049)	Loss 0.0739 (0.0777)	
Test: [0/9]	Time 0.224 (0.224)	Loss 0.1197 (0.1197)	Prec@1 0.000 (0.000)	Prec@5 0.000 (0.000)
Overall Acc: 	 0.8509461132448111
Mean Acc : 	 0.5
FreqW Acc : 	 0.7241092876464508
Mean IoU : 	 0.42547305662240553
* Test:	Time 0.091 (0.215)	Loss 0.0668 (0.0696)	
learning rate = 0.000050
Epoch: [79][0/34]	Time 0.218 (0.557)	Data 0.048 (0.049)	Loss 0.0694 (0.0776)	
Epoch: [79][10/34]	Time 0.561 (0.557)	Data 0.049 (0.049)	Loss 0.0396 (0.0776)	
Epoch: [79][20/34]	Time 0.559 (0.557)	Data 0.049 (0.049)	Loss 0.0715 (0.0775)	
Epoch: [79][30/34]	Time 0.561 (0.557)	Data 0.049 (0.049)	Loss 0.0378 (0.0774)	
Test: [0/9]	Time 0.227 (0.227)	Loss 0.0519 (0.0519)	Prec@1 0.000 (0.000)	Prec@5 0.000 (0.000)
Overall Acc: 	 0.8516993736153218
Mean Acc : 	 0.5
FreqW Acc : 	 0.7253918230167314
Mean IoU : 	 0.4258496868076609
* Test:	Time 0.092 (0.215)	Loss 0.0477 (0.0692)	
learning rate = 0.000050
Epoch: [80][0/34]	Time 0.220 (0.557)	Data 0.048 (0.049)	Loss 0.0673 (0.0774)	
Epoch: [80][10/34]	Time 0.552 (0.557)	Data 0.049 (0.049)	Loss 0.0597 (0.0773)	
Epoch: [80][20/34]	Time 0.561 (0.557)	Data 0.051 (0.049)	Loss 0.0956 (0.0772)	
Epoch: [80][30/34]	Time 0.557 (0.557)	Data 0.049 (0.049)	Loss 0.0553 (0.0771)	
Test: [0/9]	Time 0.236 (0.236)	Loss 0.0962 (0.0962)	Prec@1 0.000 (0.000)	Prec@5 0.000 (0.000)
Overall Acc: 	 0.8513833800358559
Mean Acc : 	 0.5
FreqW Acc : 	 0.7248536598012786
Mean IoU : 	 0.42569169001792795
* Test:	Time 0.092 (0.217)	Loss 0.1171 (0.0815)	
learning rate = 0.000050
Epoch: [81][0/34]	Time 0.220 (0.557)	Data 0.048 (0.049)	Loss 0.0691 (0.0771)	
Epoch: [81][10/34]	Time 0.565 (0.557)	Data 0.050 (0.049)	Loss 0.0479 (0.0770)	
Epoch: [81][20/34]	Time 0.563 (0.557)	Data 0.049 (0.049)	Loss 0.0420 (0.0770)	
Epoch: [81][30/34]	Time 0.561 (0.557)	Data 0.049 (0.049)	Loss 0.0708 (0.0769)	
Test: [0/9]	Time 0.225 (0.225)	Loss 0.0894 (0.0894)	Prec@1 0.000 (0.000)	Prec@5 0.000 (0.000)
Overall Acc: 	 0.8517329657255713
Mean Acc : 	 0.5
FreqW Acc : 	 0.7254490449036772
Mean IoU : 	 0.42586648286278567
* Test:	Time 0.094 (0.218)	Loss 0.0730 (0.0737)	
learning rate = 0.000050
Epoch: [82][0/34]	Time 0.223 (0.557)	Data 0.049 (0.049)	Loss 0.0598 (0.0769)	
Epoch: [82][10/34]	Time 0.565 (0.557)	Data 0.051 (0.049)	Loss 0.0462 (0.0768)	
Epoch: [82][20/34]	Time 0.561 (0.557)	Data 0.050 (0.049)	Loss 0.0704 (0.0768)	
Epoch: [82][30/34]	Time 0.557 (0.557)	Data 0.050 (0.049)	Loss 0.0685 (0.0767)	
Test: [0/9]	Time 0.223 (0.223)	Loss 0.0575 (0.0575)	Prec@1 0.000 (0.000)	Prec@5 0.000 (0.000)
Overall Acc: 	 0.8509553368411847
Mean Acc : 	 0.5
FreqW Acc : 	 0.7241249852984942
Mean IoU : 	 0.42547766842059237
* Test:	Time 0.093 (0.214)	Loss 0.0681 (0.0711)	
learning rate = 0.000050
Epoch: [83][0/34]	Time 0.219 (0.557)	Data 0.048 (0.049)	Loss 0.0503 (0.0767)	
Epoch: [83][10/34]	Time 0.564 (0.557)	Data 0.048 (0.049)	Loss 0.0610 (0.0766)	
Epoch: [83][20/34]	Time 0.560 (0.557)	Data 0.048 (0.049)	Loss 0.0456 (0.0765)	
Epoch: [83][30/34]	Time 0.562 (0.557)	Data 0.049 (0.049)	Loss 0.0435 (0.0764)	
Test: [0/9]	Time 0.226 (0.226)	Loss 0.0876 (0.0876)	Prec@1 0.000 (0.000)	Prec@5 0.000 (0.000)
Overall Acc: 	 0.851055202199452
Mean Acc : 	 0.5
FreqW Acc : 	 0.7242949571907501
Mean IoU : 	 0.425527601099726
* Test:	Time 0.099 (0.216)	Loss 0.0650 (0.0681)	
learning rate = 0.000050
Epoch: [84][0/34]	Time 0.219 (0.557)	Data 0.050 (0.049)	Loss 0.0552 (0.0764)	
Epoch: [84][10/34]	Time 0.560 (0.557)	Data 0.049 (0.049)	Loss 0.0456 (0.0763)	
Epoch: [84][20/34]	Time 0.563 (0.557)	Data 0.049 (0.049)	Loss 0.0438 (0.0762)	
Epoch: [84][30/34]	Time 0.560 (0.557)	Data 0.049 (0.049)	Loss 0.0716 (0.0761)	
Test: [0/9]	Time 0.227 (0.227)	Loss 0.1242 (0.1242)	Prec@1 0.000 (0.000)	Prec@5 0.000 (0.000)
Overall Acc: 	 0.8517881934322528
Mean Acc : 	 0.5
FreqW Acc : 	 0.7255431264705808
Mean IoU : 	 0.4258940967161264
* Test:	Time 0.092 (0.214)	Loss 0.0675 (0.0692)	
learning rate = 0.000050
Epoch: [85][0/34]	Time 0.222 (0.557)	Data 0.048 (0.049)	Loss 0.0540 (0.0761)	
Epoch: [85][10/34]	Time 0.565 (0.557)	Data 0.049 (0.049)	Loss 0.0429 (0.0760)	
Epoch: [85][20/34]	Time 0.561 (0.557)	Data 0.070 (0.049)	Loss 0.0424 (0.0759)	
Epoch: [85][30/34]	Time 0.565 (0.557)	Data 0.049 (0.049)	Loss 0.0728 (0.0759)	
Test: [0/9]	Time 0.225 (0.225)	Loss 0.0732 (0.0732)	Prec@1 0.000 (0.000)	Prec@5 0.000 (0.000)
Overall Acc: 	 0.8512988873382112
Mean Acc : 	 0.5
FreqW Acc : 	 0.7247097955832765
Mean IoU : 	 0.4256494436691056
* Test:	Time 0.094 (0.216)	Loss 0.0262 (0.0737)	
learning rate = 0.000050
Epoch: [86][0/34]	Time 0.220 (0.557)	Data 0.048 (0.049)	Loss 0.0500 (0.0758)	
Epoch: [86][10/34]	Time 0.559 (0.557)	Data 0.049 (0.049)	Loss 0.0727 (0.0757)	
Epoch: [86][20/34]	Time 0.563 (0.557)	Data 0.049 (0.049)	Loss 0.0526 (0.0757)	
Epoch: [86][30/34]	Time 0.562 (0.557)	Data 0.049 (0.049)	Loss 0.0476 (0.0756)	
Test: [0/9]	Time 0.224 (0.224)	Loss 0.0895 (0.0895)	Prec@1 0.000 (0.000)	Prec@5 0.000 (0.000)
Overall Acc: 	 0.8504956373527869
Mean Acc : 	 0.5
FreqW Acc : 	 0.7233428291561231
Mean IoU : 	 0.42524781867639344
* Test:	Time 0.092 (0.214)	Loss 0.0906 (0.0751)	
learning rate = 0.000050
Epoch: [87][0/34]	Time 0.219 (0.556)	Data 0.048 (0.049)	Loss 0.0497 (0.0755)	
Epoch: [87][10/34]	Time 0.561 (0.556)	Data 0.048 (0.049)	Loss 0.0914 (0.0755)	
Epoch: [87][20/34]	Time 0.559 (0.557)	Data 0.048 (0.049)	Loss 0.0517 (0.0754)	
Epoch: [87][30/34]	Time 0.562 (0.557)	Data 0.049 (0.049)	Loss 0.0315 (0.0753)	
Test: [0/9]	Time 0.224 (0.224)	Loss 0.0500 (0.0500)	Prec@1 0.000 (0.000)	Prec@5 0.000 (0.000)
Overall Acc: 	 0.8513446637053987
Mean Acc : 	 0.5
FreqW Acc : 	 0.7247877364196584
Mean IoU : 	 0.42567233185269937
* Test:	Time 0.095 (0.216)	Loss 0.0449 (0.0687)	
learning rate = 0.000050
Epoch: [88][0/34]	Time 0.220 (0.556)	Data 0.049 (0.049)	Loss 0.0527 (0.0753)	
Epoch: [88][10/34]	Time 0.561 (0.556)	Data 0.050 (0.049)	Loss 0.0495 (0.0752)	
Epoch: [88][20/34]	Time 0.559 (0.556)	Data 0.050 (0.049)	Loss 0.0269 (0.0751)	
Epoch: [88][30/34]	Time 0.563 (0.556)	Data 0.050 (0.049)	Loss 0.0405 (0.0750)	
Test: [0/9]	Time 0.228 (0.228)	Loss 0.0931 (0.0931)	Prec@1 0.000 (0.000)	Prec@5 0.000 (0.000)
Overall Acc: 	 0.85142687897184
Mean Acc : 	 0.5
FreqW Acc : 	 0.7249277302357283
Mean IoU : 	 0.42571343948592
* Test:	Time 0.095 (0.217)	Loss 0.0729 (0.0713)	
learning rate = 0.000050
Epoch: [89][0/34]	Time 0.221 (0.556)	Data 0.048 (0.049)	Loss 0.0498 (0.0750)	
Epoch: [89][10/34]	Time 0.559 (0.556)	Data 0.048 (0.049)	Loss 0.0434 (0.0749)	
Epoch: [89][20/34]	Time 0.563 (0.556)	Data 0.049 (0.049)	Loss 0.0505 (0.0749)	
Epoch: [89][30/34]	Time 0.563 (0.556)	Data 0.049 (0.049)	Loss 0.0624 (0.0748)	
Test: [0/9]	Time 0.228 (0.228)	Loss 0.0666 (0.0666)	Prec@1 0.000 (0.000)	Prec@5 0.000 (0.000)
Overall Acc: 	 0.8521668163698111
Mean Acc : 	 0.5
FreqW Acc : 	 0.7261882829218593
Mean IoU : 	 0.42608340818490553
* Test:	Time 0.093 (0.216)	Loss 0.0770 (0.0691)	
learning rate = 0.000050
Epoch: [90][0/34]	Time 0.219 (0.556)	Data 0.049 (0.049)	Loss 0.0721 (0.0748)	
Epoch: [90][10/34]	Time 0.562 (0.556)	Data 0.049 (0.049)	Loss 0.0465 (0.0747)	
Epoch: [90][20/34]	Time 0.557 (0.556)	Data 0.051 (0.049)	Loss 0.0869 (0.0747)	
Epoch: [90][30/34]	Time 0.560 (0.556)	Data 0.049 (0.049)	Loss 0.0445 (0.0746)	
Test: [0/9]	Time 0.224 (0.224)	Loss 0.0604 (0.0604)	Prec@1 0.000 (0.000)	Prec@5 0.000 (0.000)
Overall Acc: 	 0.8513131212832322
Mean Acc : 	 0.5
FreqW Acc : 	 0.7247340304689992
Mean IoU : 	 0.4256565606416161
* Test:	Time 0.094 (0.215)	Loss 0.0477 (0.0714)	
learning rate = 0.000050
Epoch: [91][0/34]	Time 0.222 (0.556)	Data 0.049 (0.049)	Loss 0.0474 (0.0745)	
Epoch: [91][10/34]	Time 0.562 (0.556)	Data 0.049 (0.049)	Loss 0.0741 (0.0745)	
Epoch: [91][20/34]	Time 0.571 (0.556)	Data 0.049 (0.049)	Loss 0.0407 (0.0744)	
Epoch: [91][30/34]	Time 0.561 (0.556)	Data 0.049 (0.049)	Loss 0.0446 (0.0743)	
Test: [0/9]	Time 0.227 (0.227)	Loss 0.1529 (0.1529)	Prec@1 0.000 (0.000)	Prec@5 0.000 (0.000)
Overall Acc: 	 0.8514335973938899
Mean Acc : 	 0.5
FreqW Acc : 	 0.7249391707711006
Mean IoU : 	 0.42571679869694495
* Test:	Time 0.093 (0.217)	Loss 0.0246 (0.0754)	
learning rate = 0.000050
Epoch: [92][0/34]	Time 0.222 (0.556)	Data 0.049 (0.049)	Loss 0.0365 (0.0743)	
Epoch: [92][10/34]	Time 0.560 (0.556)	Data 0.051 (0.049)	Loss 0.0712 (0.0742)	
Epoch: [92][20/34]	Time 0.562 (0.556)	Data 0.049 (0.049)	Loss 0.0478 (0.0742)	
Epoch: [92][30/34]	Time 0.563 (0.556)	Data 0.049 (0.049)	Loss 0.0701 (0.0741)	
Test: [0/9]	Time 0.224 (0.224)	Loss 0.1246 (0.1246)	Prec@1 0.000 (0.000)	Prec@5 0.000 (0.000)
Overall Acc: 	 0.8517790837074394
Mean Acc : 	 0.5
FreqW Acc : 	 0.725527607441485
Mean IoU : 	 0.4258895418537197
* Test:	Time 0.092 (0.216)	Loss 0.1244 (0.0758)	
learning rate = 0.000050
Epoch: [93][0/34]	Time 0.219 (0.556)	Data 0.049 (0.049)	Loss 0.0505 (0.0741)	
Epoch: [93][10/34]	Time 0.564 (0.556)	Data 0.050 (0.049)	Loss 0.0684 (0.0740)	
Epoch: [93][20/34]	Time 0.559 (0.556)	Data 0.049 (0.049)	Loss 0.0440 (0.0739)	
Epoch: [93][30/34]	Time 0.560 (0.556)	Data 0.049 (0.049)	Loss 0.0403 (0.0739)	
Test: [0/9]	Time 0.225 (0.225)	Loss 0.0815 (0.0815)	Prec@1 0.000 (0.000)	Prec@5 0.000 (0.000)
Overall Acc: 	 0.8513653883293494
Mean Acc : 	 0.5
FreqW Acc : 	 0.7248230244451839
Mean IoU : 	 0.4256826941646747
* Test:	Time 0.092 (0.215)	Loss 0.0578 (0.0711)	
learning rate = 0.000050
Epoch: [94][0/34]	Time 0.219 (0.556)	Data 0.048 (0.049)	Loss 0.0473 (0.0738)	
Epoch: [94][10/34]	Time 0.564 (0.556)	Data 0.049 (0.049)	Loss 0.0660 (0.0737)	
Epoch: [94][20/34]	Time 0.563 (0.556)	Data 0.050 (0.049)	Loss 0.0398 (0.0737)	
Epoch: [94][30/34]	Time 0.564 (0.556)	Data 0.051 (0.049)	Loss 0.0523 (0.0736)	
Test: [0/9]	Time 0.224 (0.224)	Loss 0.0619 (0.0619)	Prec@1 0.000 (0.000)	Prec@5 0.000 (0.000)
Overall Acc: 	 0.8512519722554222
Mean Acc : 	 0.5
FreqW Acc : 	 0.724629920268746
Mean IoU : 	 0.4256259861277111
* Test:	Time 0.095 (0.218)	Loss 0.0774 (0.0701)	
learning rate = 0.000050
Epoch: [95][0/34]	Time 0.221 (0.556)	Data 0.048 (0.049)	Loss 0.0622 (0.0736)	
Epoch: [95][10/34]	Time 0.556 (0.556)	Data 0.049 (0.049)	Loss 0.0764 (0.0735)	
Epoch: [95][20/34]	Time 0.557 (0.556)	Data 0.049 (0.049)	Loss 0.0538 (0.0734)	
Epoch: [95][30/34]	Time 0.564 (0.556)	Data 0.049 (0.049)	Loss 0.0395 (0.0733)	
Test: [0/9]	Time 0.223 (0.223)	Loss 0.0490 (0.0490)	Prec@1 0.000 (0.000)	Prec@5 0.000 (0.000)
Overall Acc: 	 0.8522860398933069
Mean Acc : 	 0.5
FreqW Acc : 	 0.7263914937970155
Mean IoU : 	 0.42614301994665343
* Test:	Time 0.094 (0.214)	Loss 0.0522 (0.0716)	
learning rate = 0.000050
Epoch: [96][0/34]	Time 0.217 (0.556)	Data 0.047 (0.049)	Loss 0.0429 (0.0733)	
Epoch: [96][10/34]	Time 0.565 (0.556)	Data 0.049 (0.049)	Loss 0.0760 (0.0733)	
Epoch: [96][20/34]	Time 0.561 (0.556)	Data 0.049 (0.049)	Loss 0.0522 (0.0732)	
Epoch: [96][30/34]	Time 0.564 (0.556)	Data 0.049 (0.049)	Loss 0.0429 (0.0731)	
Test: [0/9]	Time 0.224 (0.224)	Loss 0.0453 (0.0453)	Prec@1 0.000 (0.000)	Prec@5 0.000 (0.000)
Overall Acc: 	 0.8504761653159981
Mean Acc : 	 0.5
FreqW Acc : 	 0.723309707770605
Mean IoU : 	 0.42523808265799906
* Test:	Time 0.096 (0.216)	Loss 0.0600 (0.0699)	
learning rate = 0.000050
Epoch: [97][0/34]	Time 0.221 (0.556)	Data 0.048 (0.049)	Loss 0.0515 (0.0731)	
Epoch: [97][10/34]	Time 0.560 (0.556)	Data 0.050 (0.049)	Loss 0.0450 (0.0730)	
Epoch: [97][20/34]	Time 0.562 (0.556)	Data 0.050 (0.049)	Loss 0.0329 (0.0729)	
Epoch: [97][30/34]	Time 0.572 (0.556)	Data 0.049 (0.049)	Loss 0.0476 (0.0729)	
Test: [0/9]	Time 0.227 (0.227)	Loss 0.0623 (0.0623)	Prec@1 0.000 (0.000)	Prec@5 0.000 (0.000)
Overall Acc: 	 0.8506725937572878
Mean Acc : 	 0.5
FreqW Acc : 	 0.7236438617697516
Mean IoU : 	 0.4253362968786439
* Test:	Time 0.095 (0.215)	Loss 0.0483 (0.0715)	
learning rate = 0.000050
Epoch: [98][0/34]	Time 0.222 (0.556)	Data 0.048 (0.049)	Loss 0.0508 (0.0728)	
Epoch: [98][10/34]	Time 0.561 (0.556)	Data 0.049 (0.049)	Loss 0.0321 (0.0728)	
Epoch: [98][20/34]	Time 0.560 (0.556)	Data 0.048 (0.049)	Loss 0.0672 (0.0727)	
Epoch: [98][30/34]	Time 0.563 (0.556)	Data 0.049 (0.049)	Loss 0.0458 (0.0726)	
Test: [0/9]	Time 0.223 (0.223)	Loss 0.0546 (0.0546)	Prec@1 0.000 (0.000)	Prec@5 0.000 (0.000)
Overall Acc: 	 0.851104736328125
Mean Acc : 	 0.5
FreqW Acc : 	 0.7243792722001672
Mean IoU : 	 0.4255523681640625
* Test:	Time 0.093 (0.215)	Loss 0.0686 (0.0720)	
learning rate = 0.000050
Epoch: [99][0/34]	Time 0.219 (0.556)	Data 0.048 (0.049)	Loss 0.0356 (0.0726)	
Epoch: [99][10/34]	Time 0.563 (0.556)	Data 0.069 (0.049)	Loss 0.0423 (0.0726)	
Epoch: [99][20/34]	Time 0.562 (0.556)	Data 0.049 (0.049)	Loss 0.1100 (0.0725)	
Epoch: [99][30/34]	Time 0.563 (0.556)	Data 0.049 (0.049)	Loss 0.0714 (0.0726)	
Test: [0/9]	Time 0.223 (0.223)	Loss 0.0963 (0.0963)	Prec@1 0.000 (0.000)	Prec@5 0.000 (0.000)
Overall Acc: 	 0.8513419307879547
Mean Acc : 	 0.5
FreqW Acc : 	 0.7247830831177627
Mean IoU : 	 0.42567096539397736
* Test:	Time 0.094 (0.215)	Loss 0.0835 (0.0813)	
