start training
learning rate = 0.000050
Epoch: [0][0/67]	Time 8.195 (8.195)	Data 0.028 (0.028)	Loss 1.1962 (1.1962)	
Epoch: [0][10/67]	Time 0.328 (1.027)	Data 0.025 (0.027)	Loss 0.4873 (0.6921)	
Epoch: [0][20/67]	Time 0.328 (0.694)	Data 0.025 (0.026)	Loss 0.3180 (0.5680)	
Epoch: [0][30/67]	Time 0.327 (0.576)	Data 0.024 (0.026)	Loss 0.2114 (0.4929)	
Epoch: [0][40/67]	Time 0.329 (0.515)	Data 0.025 (0.025)	Loss 0.3017 (0.4407)	
Epoch: [0][50/67]	Time 0.329 (0.478)	Data 0.025 (0.025)	Loss 0.3435 (0.4029)	
Epoch: [0][60/67]	Time 0.328 (0.453)	Data 0.025 (0.025)	Loss 0.3199 (0.3830)	
Test: [0/17]	Time 0.125 (0.125)	Loss 0.1869 (0.1869)	Prec@1 0.000 (0.000)	Prec@5 0.000 (0.000)
Test: [10/17]	Time 0.132 (0.129)	Loss 0.1774 (0.2046)	Prec@1 0.000 (0.000)	Prec@5 0.000 (0.000)
Overall Acc: 	 0.8516808125510145
Mean Acc : 	 0.5
FreqW Acc : 	 0.7253602064675563
Mean IoU : 	 0.42584040627550723
* Test:	Time 2.601 (0.274)	Loss 0.1362 (0.2006)	
learning rate = 0.000050
Epoch: [1][0/67]	Time 0.129 (0.438)	Data 0.025 (0.025)	Loss 0.1642 (0.3610)	
Epoch: [1][10/67]	Time 0.329 (0.424)	Data 0.024 (0.025)	Loss 0.3063 (0.3391)	
Epoch: [1][20/67]	Time 0.326 (0.413)	Data 0.024 (0.025)	Loss 0.1919 (0.3182)	
Epoch: [1][30/67]	Time 0.325 (0.404)	Data 0.025 (0.025)	Loss 0.2085 (0.3081)	
Epoch: [1][40/67]	Time 0.330 (0.397)	Data 0.025 (0.025)	Loss 0.0811 (0.2934)	
Epoch: [1][50/67]	Time 0.329 (0.391)	Data 0.024 (0.025)	Loss 0.1942 (0.2814)	
Epoch: [1][60/67]	Time 0.324 (0.386)	Data 0.024 (0.025)	Loss 0.0777 (0.2690)	
Test: [0/17]	Time 0.124 (0.124)	Loss 0.1160 (0.1160)	Prec@1 0.000 (0.000)	Prec@5 0.000 (0.000)
Test: [10/17]	Time 0.130 (0.128)	Loss 0.1066 (0.1371)	Prec@1 0.000 (0.000)	Prec@5 0.000 (0.000)
Overall Acc: 	 0.8507182562529151
Mean Acc : 	 0.5
FreqW Acc : 	 0.7237215515220005
Mean IoU : 	 0.42535912812645754
* Test:	Time 0.096 (0.127)	Loss 0.1060 (0.1362)	
learning rate = 0.000050
Epoch: [2][0/67]	Time 0.127 (0.382)	Data 0.024 (0.025)	Loss 0.1548 (0.2625)	
Epoch: [2][10/67]	Time 0.330 (0.378)	Data 0.025 (0.025)	Loss 0.1296 (0.2537)	
Epoch: [2][20/67]	Time 0.325 (0.375)	Data 0.025 (0.025)	Loss 0.1582 (0.2462)	
Epoch: [2][30/67]	Time 0.328 (0.372)	Data 0.025 (0.025)	Loss 0.0640 (0.2387)	
Epoch: [2][40/67]	Time 0.329 (0.369)	Data 0.025 (0.025)	Loss 0.0975 (0.2330)	
Epoch: [2][50/67]	Time 0.328 (0.367)	Data 0.025 (0.025)	Loss 0.1203 (0.2290)	
Epoch: [2][60/67]	Time 0.333 (0.365)	Data 0.025 (0.025)	Loss 0.1001 (0.2239)	
Test: [0/17]	Time 0.124 (0.124)	Loss 0.1852 (0.1852)	Prec@1 0.000 (0.000)	Prec@5 0.000 (0.000)
Test: [10/17]	Time 0.128 (0.128)	Loss 0.1017 (0.1364)	Prec@1 0.000 (0.000)	Prec@5 0.000 (0.000)
Overall Acc: 	 0.8515226449539413
Mean Acc : 	 0.5
FreqW Acc : 	 0.7250908148693559
Mean IoU : 	 0.4257613224769706
* Test:	Time 0.097 (0.126)	Loss 0.1054 (0.1345)	
learning rate = 0.000050
Epoch: [3][0/67]	Time 0.125 (0.363)	Data 0.025 (0.025)	Loss 0.0960 (0.2209)	
Epoch: [3][10/67]	Time 0.328 (0.361)	Data 0.024 (0.025)	Loss 0.0776 (0.2162)	
Epoch: [3][20/67]	Time 0.330 (0.360)	Data 0.024 (0.025)	Loss 0.1465 (0.2127)	
Epoch: [3][30/67]	Time 0.325 (0.358)	Data 0.025 (0.025)	Loss 0.1679 (0.2090)	
Epoch: [3][40/67]	Time 0.329 (0.357)	Data 0.024 (0.025)	Loss 0.2215 (0.2068)	
Epoch: [3][50/67]	Time 0.325 (0.356)	Data 0.025 (0.025)	Loss 0.1308 (0.2027)	
Epoch: [3][60/67]	Time 0.331 (0.355)	Data 0.025 (0.025)	Loss 0.0952 (0.1990)	
Test: [0/17]	Time 0.124 (0.124)	Loss 0.0789 (0.0789)	Prec@1 0.000 (0.000)	Prec@5 0.000 (0.000)
Test: [10/17]	Time 0.131 (0.129)	Loss 0.0960 (0.1077)	Prec@1 0.000 (0.000)	Prec@5 0.000 (0.000)
Overall Acc: 	 0.8514781211739155
Mean Acc : 	 0.5
FreqW Acc : 	 0.7250149908378611
Mean IoU : 	 0.42573906058695776
* Test:	Time 0.092 (0.127)	Loss 0.0953 (0.1059)	
learning rate = 0.000050
Epoch: [4][0/67]	Time 0.127 (0.353)	Data 0.024 (0.025)	Loss 0.0848 (0.1963)	
Epoch: [4][10/67]	Time 0.328 (0.353)	Data 0.025 (0.025)	Loss 0.0717 (0.1929)	
Epoch: [4][20/67]	Time 0.333 (0.352)	Data 0.025 (0.025)	Loss 0.1588 (0.1897)	
Epoch: [4][30/67]	Time 0.330 (0.351)	Data 0.025 (0.025)	Loss 0.1000 (0.1865)	
Epoch: [4][40/67]	Time 0.328 (0.350)	Data 0.025 (0.025)	Loss 0.1657 (0.1845)	
Epoch: [4][50/67]	Time 0.329 (0.350)	Data 0.025 (0.025)	Loss 0.1058 (0.1821)	
Epoch: [4][60/67]	Time 0.326 (0.349)	Data 0.024 (0.025)	Loss 0.0572 (0.1800)	
Test: [0/17]	Time 0.123 (0.123)	Loss 0.0827 (0.0827)	Prec@1 0.000 (0.000)	Prec@5 0.000 (0.000)
Test: [10/17]	Time 0.142 (0.128)	Loss 0.0366 (0.0998)	Prec@1 0.000 (0.000)	Prec@5 0.000 (0.000)
Overall Acc: 	 0.8524648182427705
Mean Acc : 	 0.5
FreqW Acc : 	 0.7266962663416798
Mean IoU : 	 0.42623240912138527
* Test:	Time 0.093 (0.126)	Loss 0.0871 (0.0993)	
learning rate = 0.000050
Epoch: [5][0/67]	Time 0.123 (0.348)	Data 0.024 (0.025)	Loss 0.0888 (0.1785)	
Epoch: [5][10/67]	Time 0.327 (0.347)	Data 0.035 (0.025)	Loss 0.1389 (0.1770)	
Epoch: [5][20/67]	Time 0.325 (0.347)	Data 0.035 (0.025)	Loss 0.1265 (0.1748)	
Epoch: [5][30/67]	Time 0.324 (0.346)	Data 0.025 (0.025)	Loss 0.0357 (0.1723)	
Epoch: [5][40/67]	Time 0.329 (0.346)	Data 0.025 (0.025)	Loss 0.0980 (0.1705)	
Epoch: [5][50/67]	Time 0.327 (0.345)	Data 0.025 (0.025)	Loss 0.0822 (0.1685)	
Epoch: [5][60/67]	Time 0.331 (0.345)	Data 0.025 (0.025)	Loss 0.0855 (0.1660)	
Test: [0/17]	Time 0.124 (0.124)	Loss 0.1005 (0.1005)	Prec@1 0.000 (0.000)	Prec@5 0.000 (0.000)
Test: [10/17]	Time 0.130 (0.129)	Loss 0.0539 (0.0823)	Prec@1 0.000 (0.000)	Prec@5 0.000 (0.000)
Overall Acc: 	 0.8520031829378498
Mean Acc : 	 0.5
FreqW Acc : 	 0.7259094237362272
Mean IoU : 	 0.4260015914689249
* Test:	Time 0.094 (0.127)	Loss 0.1277 (0.0875)	
learning rate = 0.000050
Epoch: [6][0/67]	Time 0.126 (0.344)	Data 0.024 (0.025)	Loss 0.0768 (0.1646)	
Epoch: [6][10/67]	Time 0.325 (0.344)	Data 0.025 (0.025)	Loss 0.0298 (0.1628)	
Epoch: [6][20/67]	Time 0.332 (0.343)	Data 0.024 (0.025)	Loss 0.0682 (0.1611)	
Epoch: [6][30/67]	Time 0.328 (0.343)	Data 0.024 (0.025)	Loss 0.1102 (0.1592)	
Epoch: [6][40/67]	Time 0.329 (0.343)	Data 0.025 (0.025)	Loss 0.1030 (0.1578)	
Epoch: [6][50/67]	Time 0.328 (0.342)	Data 0.025 (0.025)	Loss 0.0818 (0.1570)	
Epoch: [6][60/67]	Time 0.333 (0.342)	Data 0.024 (0.025)	Loss 0.0863 (0.1554)	
Test: [0/17]	Time 0.126 (0.126)	Loss 0.0671 (0.0671)	Prec@1 0.000 (0.000)	Prec@5 0.000 (0.000)
Test: [10/17]	Time 0.143 (0.129)	Loss 0.1315 (0.0956)	Prec@1 0.000 (0.000)	Prec@5 0.000 (0.000)
Overall Acc: 	 0.8511403781264576
Mean Acc : 	 0.5
FreqW Acc : 	 0.7244399432772493
Mean IoU : 	 0.4255701890632288
* Test:	Time 0.092 (0.126)	Loss 0.1187 (0.0897)	
learning rate = 0.000050
Epoch: [7][0/67]	Time 0.125 (0.341)	Data 0.024 (0.025)	Loss 0.0841 (0.1542)	
Epoch: [7][10/67]	Time 0.334 (0.341)	Data 0.025 (0.025)	Loss 0.0924 (0.1529)	
Epoch: [7][20/67]	Time 0.327 (0.341)	Data 0.024 (0.025)	Loss 0.0704 (0.1515)	
Epoch: [7][30/67]	Time 0.331 (0.341)	Data 0.025 (0.025)	Loss 0.0550 (0.1501)	
Epoch: [7][40/67]	Time 0.326 (0.340)	Data 0.025 (0.025)	Loss 0.0804 (0.1485)	
Epoch: [7][50/67]	Time 0.329 (0.340)	Data 0.025 (0.025)	Loss 0.0538 (0.1472)	
Epoch: [7][60/67]	Time 0.328 (0.340)	Data 0.024 (0.025)	Loss 0.0693 (0.1459)	
Test: [0/17]	Time 0.124 (0.124)	Loss 0.0913 (0.0913)	Prec@1 0.000 (0.000)	Prec@5 0.000 (0.000)
Test: [10/17]	Time 0.131 (0.128)	Loss 0.1048 (0.0851)	Prec@1 0.000 (0.000)	Prec@5 0.000 (0.000)
Overall Acc: 	 0.8512081317047575
Mean Acc : 	 0.5
FreqW Acc : 	 0.7245552834803038
Mean IoU : 	 0.42560406585237875
* Test:	Time 0.096 (0.127)	Loss 0.0736 (0.0857)	
learning rate = 0.000050
Epoch: [8][0/67]	Time 0.126 (0.340)	Data 0.024 (0.025)	Loss 0.0732 (0.1454)	
Epoch: [8][10/67]	Time 0.331 (0.339)	Data 0.025 (0.025)	Loss 0.1199 (0.1444)	
Epoch: [8][20/67]	Time 0.329 (0.339)	Data 0.025 (0.025)	Loss 0.0610 (0.1435)	
Epoch: [8][30/67]	Time 0.324 (0.339)	Data 0.025 (0.025)	Loss 0.0702 (0.1422)	
Epoch: [8][40/67]	Time 0.334 (0.339)	Data 0.025 (0.025)	Loss 0.1110 (0.1411)	
Epoch: [8][50/67]	Time 0.330 (0.339)	Data 0.025 (0.025)	Loss 0.0891 (0.1401)	
Epoch: [8][60/67]	Time 0.330 (0.338)	Data 0.025 (0.025)	Loss 0.0480 (0.1390)	
Test: [0/17]	Time 0.125 (0.125)	Loss 0.1247 (0.1247)	Prec@1 0.000 (0.000)	Prec@5 0.000 (0.000)
Test: [10/17]	Time 0.134 (0.128)	Loss 0.0916 (0.0813)	Prec@1 0.000 (0.000)	Prec@5 0.000 (0.000)
Overall Acc: 	 0.851854808294951
Mean Acc : 	 0.5
FreqW Acc : 	 0.7256566144152277
Mean IoU : 	 0.4259274041474755
* Test:	Time 0.095 (0.126)	Loss 0.0995 (0.0781)	
learning rate = 0.000050
Epoch: [9][0/67]	Time 0.125 (0.338)	Data 0.024 (0.025)	Loss 0.0409 (0.1381)	
Epoch: [9][10/67]	Time 0.328 (0.338)	Data 0.025 (0.025)	Loss 0.1088 (0.1371)	
Epoch: [9][20/67]	Time 0.326 (0.338)	Data 0.025 (0.025)	Loss 0.1022 (0.1361)	
Epoch: [9][30/67]	Time 0.333 (0.338)	Data 0.025 (0.025)	Loss 0.0367 (0.1350)	
Epoch: [9][40/67]	Time 0.324 (0.337)	Data 0.024 (0.025)	Loss 0.1011 (0.1343)	
Epoch: [9][50/67]	Time 0.327 (0.337)	Data 0.025 (0.025)	Loss 0.1026 (0.1334)	
Epoch: [9][60/67]	Time 0.328 (0.337)	Data 0.025 (0.025)	Loss 0.1282 (0.1327)	
Test: [0/17]	Time 0.125 (0.125)	Loss 0.0855 (0.0855)	Prec@1 0.000 (0.000)	Prec@5 0.000 (0.000)
Test: [10/17]	Time 0.132 (0.130)	Loss 0.0638 (0.0833)	Prec@1 0.000 (0.000)	Prec@5 0.000 (0.000)
Overall Acc: 	 0.8506788566930971
Mean Acc : 	 0.5
FreqW Acc : 	 0.7236545172246748
Mean IoU : 	 0.42533942834654853
* Test:	Time 0.094 (0.127)	Loss 0.0865 (0.0987)	
learning rate = 0.000050
Epoch: [10][0/67]	Time 0.124 (0.337)	Data 0.024 (0.025)	Loss 0.0682 (0.1322)	
Epoch: [10][10/67]	Time 0.328 (0.337)	Data 0.035 (0.025)	Loss 0.0430 (0.1313)	
Epoch: [10][20/67]	Time 0.329 (0.337)	Data 0.025 (0.025)	Loss 0.0464 (0.1306)	
Epoch: [10][30/67]	Time 0.332 (0.336)	Data 0.024 (0.025)	Loss 0.1227 (0.1299)	
Epoch: [10][40/67]	Time 0.329 (0.336)	Data 0.025 (0.025)	Loss 0.0396 (0.1289)	
Epoch: [10][50/67]	Time 0.333 (0.336)	Data 0.025 (0.025)	Loss 0.1333 (0.1285)	
Epoch: [10][60/67]	Time 0.327 (0.336)	Data 0.024 (0.025)	Loss 0.1099 (0.1279)	
Test: [0/17]	Time 0.134 (0.134)	Loss 0.0562 (0.0562)	Prec@1 0.000 (0.000)	Prec@5 0.000 (0.000)
Test: [10/17]	Time 0.130 (0.129)	Loss 0.0213 (0.0723)	Prec@1 0.000 (0.000)	Prec@5 0.000 (0.000)
Overall Acc: 	 0.8517572203678871
Mean Acc : 	 0.5
FreqW Acc : 	 0.7254903624488295
Mean IoU : 	 0.4258786101839436
* Test:	Time 0.094 (0.126)	Loss 0.1073 (0.0784)	
learning rate = 0.000050
Epoch: [11][0/67]	Time 0.127 (0.336)	Data 0.024 (0.025)	Loss 0.0494 (0.1273)	
Epoch: [11][10/67]	Time 0.332 (0.336)	Data 0.025 (0.025)	Loss 0.0850 (0.1265)	
Epoch: [11][20/67]	Time 0.327 (0.336)	Data 0.024 (0.025)	Loss 0.1183 (0.1261)	
Epoch: [11][30/67]	Time 0.330 (0.335)	Data 0.025 (0.025)	Loss 0.0630 (0.1253)	
Epoch: [11][40/67]	Time 0.330 (0.335)	Data 0.025 (0.025)	Loss 0.1067 (0.1247)	
Epoch: [11][50/67]	Time 0.329 (0.335)	Data 0.035 (0.025)	Loss 0.0511 (0.1238)	
Epoch: [11][60/67]	Time 0.329 (0.335)	Data 0.024 (0.025)	Loss 0.0918 (0.1233)	
Test: [0/17]	Time 0.125 (0.125)	Loss 0.0887 (0.0887)	Prec@1 0.000 (0.000)	Prec@5 0.000 (0.000)
Test: [10/17]	Time 0.131 (0.130)	Loss 0.0789 (0.0701)	Prec@1 0.000 (0.000)	Prec@5 0.000 (0.000)
Overall Acc: 	 0.8512104091359608
Mean Acc : 	 0.5
FreqW Acc : 	 0.7245591606214098
Mean IoU : 	 0.4256052045679804
* Test:	Time 0.093 (0.127)	Loss 0.0302 (0.0766)	
learning rate = 0.000050
Epoch: [12][0/67]	Time 0.140 (0.335)	Data 0.035 (0.025)	Loss 0.0504 (0.1228)	
Epoch: [12][10/67]	Time 0.328 (0.335)	Data 0.035 (0.025)	Loss 0.0726 (0.1224)	
Epoch: [12][20/67]	Time 0.330 (0.335)	Data 0.025 (0.025)	Loss 0.0854 (0.1218)	
Epoch: [12][30/67]	Time 0.331 (0.335)	Data 0.025 (0.025)	Loss 0.0722 (0.1213)	
Epoch: [12][40/67]	Time 0.327 (0.335)	Data 0.025 (0.025)	Loss 0.0668 (0.1207)	
Epoch: [12][50/67]	Time 0.328 (0.335)	Data 0.025 (0.025)	Loss 0.0498 (0.1202)	
Epoch: [12][60/67]	Time 0.326 (0.335)	Data 0.025 (0.025)	Loss 0.0987 (0.1197)	
Test: [0/17]	Time 0.124 (0.124)	Loss 0.0555 (0.0555)	Prec@1 0.000 (0.000)	Prec@5 0.000 (0.000)
Test: [10/17]	Time 0.128 (0.128)	Loss 0.1776 (0.1024)	Prec@1 0.000 (0.000)	Prec@5 0.000 (0.000)
Overall Acc: 	 0.8511811441449977
Mean Acc : 	 0.5
FreqW Acc : 	 0.7245093401479873
Mean IoU : 	 0.42559057207249884
* Test:	Time 0.097 (0.126)	Loss 0.0937 (0.0934)	
learning rate = 0.000050
Epoch: [13][0/67]	Time 0.125 (0.334)	Data 0.024 (0.025)	Loss 0.0825 (0.1194)	
Epoch: [13][10/67]	Time 0.326 (0.334)	Data 0.025 (0.025)	Loss 0.0815 (0.1189)	
Epoch: [13][20/67]	Time 0.330 (0.334)	Data 0.024 (0.025)	Loss 0.0775 (0.1184)	
Epoch: [13][30/67]	Time 0.327 (0.334)	Data 0.025 (0.025)	Loss 0.0822 (0.1179)	
Epoch: [13][40/67]	Time 0.329 (0.334)	Data 0.025 (0.025)	Loss 0.0601 (0.1174)	
Epoch: [13][50/67]	Time 0.327 (0.334)	Data 0.025 (0.025)	Loss 0.1067 (0.1171)	
Epoch: [13][60/67]	Time 0.328 (0.334)	Data 0.024 (0.025)	Loss 0.0460 (0.1165)	
Test: [0/17]	Time 0.125 (0.125)	Loss 0.0507 (0.0507)	Prec@1 0.000 (0.000)	Prec@5 0.000 (0.000)
Test: [10/17]	Time 0.129 (0.130)	Loss 0.1153 (0.0861)	Prec@1 0.000 (0.000)	Prec@5 0.000 (0.000)
Overall Acc: 	 0.851664870532591
Mean Acc : 	 0.5
FreqW Acc : 	 0.725333051699295
Mean IoU : 	 0.4258324352662955
* Test:	Time 0.094 (0.127)	Loss 0.0924 (0.0816)	
learning rate = 0.000050
Epoch: [14][0/67]	Time 0.124 (0.334)	Data 0.024 (0.025)	Loss 0.0740 (0.1163)	
Epoch: [14][10/67]	Time 0.329 (0.334)	Data 0.025 (0.025)	Loss 0.0582 (0.1160)	
Epoch: [14][20/67]	Time 0.328 (0.334)	Data 0.025 (0.025)	Loss 0.0559 (0.1154)	
Epoch: [14][30/67]	Time 0.331 (0.333)	Data 0.025 (0.025)	Loss 0.0922 (0.1149)	
Epoch: [14][40/67]	Time 0.329 (0.333)	Data 0.025 (0.025)	Loss 0.0958 (0.1148)	
Epoch: [14][50/67]	Time 0.328 (0.333)	Data 0.024 (0.025)	Loss 0.0877 (0.1144)	
Epoch: [14][60/67]	Time 0.333 (0.333)	Data 0.024 (0.025)	Loss 0.0568 (0.1140)	
Test: [0/17]	Time 0.123 (0.123)	Loss 0.0926 (0.0926)	Prec@1 0.000 (0.000)	Prec@5 0.000 (0.000)
Test: [10/17]	Time 0.129 (0.128)	Loss 0.1067 (0.0784)	Prec@1 0.000 (0.000)	Prec@5 0.000 (0.000)
Overall Acc: 	 0.8515647774312034
Mean Acc : 	 0.5
FreqW Acc : 	 0.725162570161455
Mean IoU : 	 0.4257823887156017
* Test:	Time 0.097 (0.126)	Loss 0.0644 (0.0806)	
learning rate = 0.000050
Epoch: [15][0/67]	Time 0.126 (0.333)	Data 0.024 (0.025)	Loss 0.0667 (0.1139)	
Epoch: [15][10/67]	Time 0.325 (0.333)	Data 0.025 (0.025)	Loss 0.0389 (0.1135)	
Epoch: [15][20/67]	Time 0.329 (0.333)	Data 0.025 (0.025)	Loss 0.0999 (0.1133)	
Epoch: [15][30/67]	Time 0.323 (0.333)	Data 0.024 (0.025)	Loss 0.0651 (0.1129)	
Epoch: [15][40/67]	Time 0.329 (0.333)	Data 0.034 (0.025)	Loss 0.0926 (0.1127)	
Epoch: [15][50/67]	Time 0.323 (0.333)	Data 0.025 (0.025)	Loss 0.0591 (0.1124)	
Epoch: [15][60/67]	Time 0.329 (0.333)	Data 0.025 (0.025)	Loss 0.0479 (0.1120)	
Test: [0/17]	Time 0.125 (0.125)	Loss 0.0943 (0.0943)	Prec@1 0.000 (0.000)	Prec@5 0.000 (0.000)
Test: [10/17]	Time 0.130 (0.130)	Loss 0.0566 (0.0770)	Prec@1 0.000 (0.000)	Prec@5 0.000 (0.000)
Overall Acc: 	 0.8513155125859958
Mean Acc : 	 0.5
FreqW Acc : 	 0.7247381019695568
Mean IoU : 	 0.4256577562929979
* Test:	Time 0.094 (0.127)	Loss 0.0551 (0.0755)	
learning rate = 0.000050
Epoch: [16][0/67]	Time 0.125 (0.333)	Data 0.024 (0.025)	Loss 0.0634 (0.1117)	
Epoch: [16][10/67]	Time 0.329 (0.333)	Data 0.025 (0.025)	Loss 0.0336 (0.1112)	
Epoch: [16][20/67]	Time 0.331 (0.333)	Data 0.025 (0.025)	Loss 0.0305 (0.1108)	
Epoch: [16][30/67]	Time 0.328 (0.333)	Data 0.025 (0.025)	Loss 0.0541 (0.1105)	
Epoch: [16][40/67]	Time 0.329 (0.332)	Data 0.025 (0.025)	Loss 0.0983 (0.1102)	
Epoch: [16][50/67]	Time 0.331 (0.332)	Data 0.025 (0.025)	Loss 0.0680 (0.1100)	
Epoch: [16][60/67]	Time 0.328 (0.332)	Data 0.025 (0.025)	Loss 0.0793 (0.1097)	
Test: [0/17]	Time 0.124 (0.124)	Loss 0.0821 (0.0821)	Prec@1 0.000 (0.000)	Prec@5 0.000 (0.000)
Test: [10/17]	Time 0.130 (0.127)	Loss 0.0415 (0.0847)	Prec@1 0.000 (0.000)	Prec@5 0.000 (0.000)
Overall Acc: 	 0.8514461232655084
Mean Acc : 	 0.5
FreqW Acc : 	 0.7249605008238633
Mean IoU : 	 0.4257230616327542
* Test:	Time 0.100 (0.127)	Loss 0.0392 (0.0746)	
learning rate = 0.000050
Epoch: [17][0/67]	Time 0.124 (0.332)	Data 0.025 (0.025)	Loss 0.0383 (0.1093)	
Epoch: [17][10/67]	Time 0.331 (0.332)	Data 0.025 (0.025)	Loss 0.0733 (0.1090)	
Epoch: [17][20/67]	Time 0.329 (0.332)	Data 0.025 (0.025)	Loss 0.0862 (0.1088)	
Epoch: [17][30/67]	Time 0.327 (0.332)	Data 0.024 (0.025)	Loss 0.0589 (0.1084)	
Epoch: [17][40/67]	Time 0.324 (0.332)	Data 0.025 (0.025)	Loss 0.0460 (0.1080)	
Epoch: [17][50/67]	Time 0.328 (0.332)	Data 0.035 (0.025)	Loss 0.0322 (0.1075)	
Epoch: [17][60/67]	Time 0.328 (0.332)	Data 0.024 (0.025)	Loss 0.0339 (0.1073)	
Test: [0/17]	Time 0.124 (0.124)	Loss 0.0713 (0.0713)	Prec@1 0.000 (0.000)	Prec@5 0.000 (0.000)
Test: [10/17]	Time 0.128 (0.129)	Loss 0.0718 (0.0832)	Prec@1 0.000 (0.000)	Prec@5 0.000 (0.000)
Overall Acc: 	 0.8516714750830807
Mean Acc : 	 0.5
FreqW Acc : 	 0.7253443014701906
Mean IoU : 	 0.42583573754154036
* Test:	Time 0.093 (0.128)	Loss 0.0487 (0.0845)	
learning rate = 0.000050
Epoch: [18][0/67]	Time 0.125 (0.332)	Data 0.024 (0.025)	Loss 0.0817 (0.1071)	
Epoch: [18][10/67]	Time 0.330 (0.332)	Data 0.035 (0.025)	Loss 0.0795 (0.1069)	
Epoch: [18][20/67]	Time 0.328 (0.332)	Data 0.025 (0.025)	Loss 0.0604 (0.1065)	
Epoch: [18][30/67]	Time 0.331 (0.332)	Data 0.025 (0.025)	Loss 0.1170 (0.1062)	
Epoch: [18][40/67]	Time 0.329 (0.332)	Data 0.025 (0.025)	Loss 0.0233 (0.1058)	
Epoch: [18][50/67]	Time 0.326 (0.332)	Data 0.025 (0.025)	Loss 0.0517 (0.1055)	
Epoch: [18][60/67]	Time 0.330 (0.332)	Data 0.025 (0.025)	Loss 0.0632 (0.1052)	
Test: [0/17]	Time 0.125 (0.125)	Loss 0.0659 (0.0659)	Prec@1 0.000 (0.000)	Prec@5 0.000 (0.000)
Test: [10/17]	Time 0.130 (0.128)	Loss 0.0392 (0.0742)	Prec@1 0.000 (0.000)	Prec@5 0.000 (0.000)
Overall Acc: 	 0.8511450468604245
Mean Acc : 	 0.5
FreqW Acc : 	 0.7244478907950341
Mean IoU : 	 0.42557252343021224
* Test:	Time 0.094 (0.126)	Loss 0.0536 (0.0726)	
learning rate = 0.000050
Epoch: [19][0/67]	Time 0.123 (0.332)	Data 0.024 (0.025)	Loss 0.0444 (0.1051)	
Epoch: [19][10/67]	Time 0.328 (0.331)	Data 0.024 (0.025)	Loss 0.0560 (0.1048)	
Epoch: [19][20/67]	Time 0.324 (0.331)	Data 0.025 (0.025)	Loss 0.0613 (0.1045)	
Epoch: [19][30/67]	Time 0.326 (0.331)	Data 0.025 (0.025)	Loss 0.0758 (0.1042)	
Epoch: [19][40/67]	Time 0.331 (0.331)	Data 0.024 (0.025)	Loss 0.0945 (0.1038)	
Epoch: [19][50/67]	Time 0.328 (0.331)	Data 0.025 (0.025)	Loss 0.0638 (0.1036)	
Epoch: [19][60/67]	Time 0.332 (0.331)	Data 0.025 (0.025)	Loss 0.0682 (0.1034)	
Test: [0/17]	Time 0.125 (0.125)	Loss 0.0922 (0.0922)	Prec@1 0.000 (0.000)	Prec@5 0.000 (0.000)
Test: [10/17]	Time 0.131 (0.128)	Loss 0.0285 (0.0723)	Prec@1 0.000 (0.000)	Prec@5 0.000 (0.000)
Overall Acc: 	 0.851468897577542
Mean Acc : 	 0.5
FreqW Acc : 	 0.7249992835419147
Mean IoU : 	 0.425734448788771
* Test:	Time 0.099 (0.126)	Loss 0.1568 (0.0744)	
learning rate = 0.000050
Epoch: [20][0/67]	Time 0.124 (0.331)	Data 0.025 (0.025)	Loss 0.0440 (0.1032)	
Epoch: [20][10/67]	Time 0.330 (0.331)	Data 0.025 (0.025)	Loss 0.0951 (0.1029)	
Epoch: [20][20/67]	Time 0.331 (0.331)	Data 0.024 (0.025)	Loss 0.0873 (0.1027)	
Epoch: [20][30/67]	Time 0.327 (0.331)	Data 0.025 (0.025)	Loss 0.0705 (0.1025)	
Epoch: [20][40/67]	Time 0.328 (0.331)	Data 0.025 (0.025)	Loss 0.0611 (0.1022)	
Epoch: [20][50/67]	Time 0.329 (0.331)	Data 0.025 (0.025)	Loss 0.0419 (0.1019)	
Epoch: [20][60/67]	Time 0.328 (0.331)	Data 0.025 (0.025)	Loss 0.0488 (0.1017)	
Test: [0/17]	Time 0.122 (0.122)	Loss 0.0545 (0.0545)	Prec@1 0.000 (0.000)	Prec@5 0.000 (0.000)
Test: [10/17]	Time 0.132 (0.128)	Loss 0.0630 (0.0652)	Prec@1 0.000 (0.000)	Prec@5 0.000 (0.000)
Overall Acc: 	 0.8513545705311334
Mean Acc : 	 0.5
FreqW Acc : 	 0.7248046047642506
Mean IoU : 	 0.4256772852655667
* Test:	Time 0.092 (0.125)	Loss 0.0441 (0.0701)	
learning rate = 0.000050
Epoch: [21][0/67]	Time 0.127 (0.331)	Data 0.024 (0.025)	Loss 0.0235 (0.1015)	
Epoch: [21][10/67]	Time 0.329 (0.331)	Data 0.025 (0.025)	Loss 0.0962 (0.1013)	
Epoch: [21][20/67]	Time 0.329 (0.331)	Data 0.025 (0.025)	Loss 0.0745 (0.1011)	
Epoch: [21][30/67]	Time 0.330 (0.331)	Data 0.025 (0.025)	Loss 0.0431 (0.1007)	
Epoch: [21][40/67]	Time 0.329 (0.331)	Data 0.025 (0.025)	Loss 0.0768 (0.1005)	
Epoch: [21][50/67]	Time 0.330 (0.331)	Data 0.025 (0.025)	Loss 0.0303 (0.1003)	
Epoch: [21][60/67]	Time 0.326 (0.331)	Data 0.035 (0.025)	Loss 0.0577 (0.1001)	
Test: [0/17]	Time 0.123 (0.123)	Loss 0.0628 (0.0628)	Prec@1 0.000 (0.000)	Prec@5 0.000 (0.000)
Test: [10/17]	Time 0.131 (0.127)	Loss 0.1419 (0.0756)	Prec@1 0.000 (0.000)	Prec@5 0.000 (0.000)
Overall Acc: 	 0.8514647982013759
Mean Acc : 	 0.5
FreqW Acc : 	 0.7249923025761098
Mean IoU : 	 0.42573239910068794
* Test:	Time 0.093 (0.125)	Loss 0.0649 (0.0720)	
learning rate = 0.000050
Epoch: [22][0/67]	Time 0.128 (0.331)	Data 0.025 (0.025)	Loss 0.0478 (0.0999)	
Epoch: [22][10/67]	Time 0.332 (0.331)	Data 0.025 (0.025)	Loss 0.0845 (0.0997)	
Epoch: [22][20/67]	Time 0.328 (0.331)	Data 0.025 (0.025)	Loss 0.0666 (0.0994)	
Epoch: [22][30/67]	Time 0.331 (0.331)	Data 0.025 (0.025)	Loss 0.0453 (0.0991)	
Epoch: [22][40/67]	Time 0.327 (0.331)	Data 0.025 (0.025)	Loss 0.0401 (0.0989)	
Epoch: [22][50/67]	Time 0.333 (0.331)	Data 0.025 (0.025)	Loss 0.0752 (0.0987)	
Epoch: [22][60/67]	Time 0.333 (0.331)	Data 0.025 (0.025)	Loss 0.0801 (0.0985)	
Test: [0/17]	Time 0.124 (0.124)	Loss 0.0576 (0.0576)	Prec@1 0.000 (0.000)	Prec@5 0.000 (0.000)
Test: [10/17]	Time 0.131 (0.129)	Loss 0.0853 (0.0769)	Prec@1 0.000 (0.000)	Prec@5 0.000 (0.000)
Overall Acc: 	 0.8519583175431437
Mean Acc : 	 0.5
FreqW Acc : 	 0.725832974830944
Mean IoU : 	 0.42597915877157183
* Test:	Time 0.093 (0.126)	Loss 0.0446 (0.0706)	
learning rate = 0.000050
Epoch: [23][0/67]	Time 0.127 (0.330)	Data 0.024 (0.025)	Loss 0.0555 (0.0983)	
Epoch: [23][10/67]	Time 0.327 (0.330)	Data 0.035 (0.025)	Loss 0.0752 (0.0982)	
Epoch: [23][20/67]	Time 0.329 (0.330)	Data 0.024 (0.025)	Loss 0.0431 (0.0979)	
Epoch: [23][30/67]	Time 0.329 (0.330)	Data 0.025 (0.025)	Loss 0.0820 (0.0978)	
Epoch: [23][40/67]	Time 0.332 (0.330)	Data 0.025 (0.025)	Loss 0.0344 (0.0975)	
Epoch: [23][50/67]	Time 0.331 (0.330)	Data 0.036 (0.025)	Loss 0.0774 (0.0973)	
Epoch: [23][60/67]	Time 0.329 (0.330)	Data 0.025 (0.025)	Loss 0.0718 (0.0971)	
Test: [0/17]	Time 0.125 (0.125)	Loss 0.0565 (0.0565)	Prec@1 0.000 (0.000)	Prec@5 0.000 (0.000)
Test: [10/17]	Time 0.142 (0.129)	Loss 0.0687 (0.0577)	Prec@1 0.000 (0.000)	Prec@5 0.000 (0.000)
Overall Acc: 	 0.8513114132098297
Mean Acc : 	 0.5
FreqW Acc : 	 0.7247311222613174
Mean IoU : 	 0.42565570660491486
* Test:	Time 0.093 (0.126)	Loss 0.0760 (0.0704)	
learning rate = 0.000050
Epoch: [24][0/67]	Time 0.127 (0.330)	Data 0.024 (0.025)	Loss 0.1017 (0.0970)	
Epoch: [24][10/67]	Time 0.328 (0.330)	Data 0.024 (0.025)	Loss 0.0476 (0.0968)	
Epoch: [24][20/67]	Time 0.330 (0.330)	Data 0.025 (0.025)	Loss 0.1061 (0.0967)	
Epoch: [24][30/67]	Time 0.333 (0.330)	Data 0.025 (0.025)	Loss 0.0564 (0.0965)	
Epoch: [24][40/67]	Time 0.325 (0.330)	Data 0.025 (0.025)	Loss 0.0471 (0.0962)	
Epoch: [24][50/67]	Time 0.327 (0.330)	Data 0.025 (0.025)	Loss 0.0722 (0.0961)	
Epoch: [24][60/67]	Time 0.328 (0.330)	Data 0.025 (0.025)	Loss 0.0861 (0.0959)	
Test: [0/17]	Time 0.126 (0.126)	Loss 0.0264 (0.0264)	Prec@1 0.000 (0.000)	Prec@5 0.000 (0.000)
Test: [10/17]	Time 0.135 (0.129)	Loss 0.0531 (0.0700)	Prec@1 0.000 (0.000)	Prec@5 0.000 (0.000)
Overall Acc: 	 0.8514386077425373
Mean Acc : 	 0.5
FreqW Acc : 	 0.7249477027545503
Mean IoU : 	 0.42571930387126866
* Test:	Time 0.094 (0.126)	Loss 0.0741 (0.0730)	
learning rate = 0.000050
Epoch: [25][0/67]	Time 0.124 (0.330)	Data 0.024 (0.025)	Loss 0.0570 (0.0958)	
Epoch: [25][10/67]	Time 0.330 (0.330)	Data 0.024 (0.025)	Loss 0.0894 (0.0956)	
Epoch: [25][20/67]	Time 0.325 (0.330)	Data 0.035 (0.025)	Loss 0.0456 (0.0954)	
Epoch: [25][30/67]	Time 0.330 (0.330)	Data 0.025 (0.025)	Loss 0.1062 (0.0953)	
Epoch: [25][40/67]	Time 0.327 (0.330)	Data 0.024 (0.025)	Loss 0.0993 (0.0951)	
Epoch: [25][50/67]	Time 0.332 (0.330)	Data 0.024 (0.025)	Loss 0.0473 (0.0949)	
Epoch: [25][60/67]	Time 0.335 (0.330)	Data 0.024 (0.025)	Loss 0.0789 (0.0948)	
Test: [0/17]	Time 0.123 (0.123)	Loss 0.1061 (0.1061)	Prec@1 0.000 (0.000)	Prec@5 0.000 (0.000)
Test: [10/17]	Time 0.129 (0.127)	Loss 0.0818 (0.0764)	Prec@1 0.000 (0.000)	Prec@5 0.000 (0.000)
Overall Acc: 	 0.8515951811377682
Mean Acc : 	 0.5
FreqW Acc : 	 0.7252143525370682
Mean IoU : 	 0.4257975905688841
* Test:	Time 0.094 (0.126)	Loss 0.0619 (0.0721)	
learning rate = 0.000050
Epoch: [26][0/67]	Time 0.126 (0.330)	Data 0.024 (0.025)	Loss 0.0620 (0.0946)	
Epoch: [26][10/67]	Time 0.327 (0.330)	Data 0.024 (0.025)	Loss 0.0500 (0.0944)	
Epoch: [26][20/67]	Time 0.334 (0.330)	Data 0.024 (0.025)	Loss 0.0555 (0.0942)	
Epoch: [26][30/67]	Time 0.329 (0.330)	Data 0.024 (0.025)	Loss 0.0735 (0.0940)	
Epoch: [26][40/67]	Time 0.330 (0.330)	Data 0.024 (0.025)	Loss 0.0728 (0.0939)	
Epoch: [26][50/67]	Time 0.330 (0.330)	Data 0.024 (0.025)	Loss 0.0700 (0.0938)	
Epoch: [26][60/67]	Time 0.330 (0.330)	Data 0.024 (0.025)	Loss 0.1165 (0.0936)	
Test: [0/17]	Time 0.124 (0.124)	Loss 0.1006 (0.1006)	Prec@1 0.000 (0.000)	Prec@5 0.000 (0.000)
Test: [10/17]	Time 0.129 (0.128)	Loss 0.0633 (0.0747)	Prec@1 0.000 (0.000)	Prec@5 0.000 (0.000)
Overall Acc: 	 0.8515175207337337
Mean Acc : 	 0.5
FreqW Acc : 	 0.7250820881165245
Mean IoU : 	 0.42575876036686683
* Test:	Time 0.094 (0.126)	Loss 0.0168 (0.0726)	
learning rate = 0.000050
Epoch: [27][0/67]	Time 0.124 (0.330)	Data 0.024 (0.025)	Loss 0.0555 (0.0935)	
Epoch: [27][10/67]	Time 0.327 (0.330)	Data 0.024 (0.025)	Loss 0.0474 (0.0934)	
Epoch: [27][20/67]	Time 0.333 (0.330)	Data 0.024 (0.025)	Loss 0.0397 (0.0932)	
Epoch: [27][30/67]	Time 0.327 (0.330)	Data 0.024 (0.025)	Loss 0.0839 (0.0931)	
Epoch: [27][40/67]	Time 0.328 (0.330)	Data 0.024 (0.025)	Loss 0.0762 (0.0929)	
Epoch: [27][50/67]	Time 0.329 (0.330)	Data 0.024 (0.025)	Loss 0.1011 (0.0928)	
Epoch: [27][60/67]	Time 0.327 (0.330)	Data 0.024 (0.025)	Loss 0.1201 (0.0927)	
Test: [0/17]	Time 0.125 (0.125)	Loss 0.1233 (0.1233)	Prec@1 0.000 (0.000)	Prec@5 0.000 (0.000)
Test: [10/17]	Time 0.129 (0.128)	Loss 0.0954 (0.0764)	Prec@1 0.000 (0.000)	Prec@5 0.000 (0.000)
Overall Acc: 	 0.8514246015406367
Mean Acc : 	 0.5
FreqW Acc : 	 0.724923852108632
Mean IoU : 	 0.42571230077031835
* Test:	Time 0.102 (0.126)	Loss 0.0622 (0.0747)	
learning rate = 0.000050
Epoch: [28][0/67]	Time 0.136 (0.330)	Data 0.034 (0.025)	Loss 0.0478 (0.0926)	
Epoch: [28][10/67]	Time 0.329 (0.330)	Data 0.024 (0.025)	Loss 0.0598 (0.0925)	
Epoch: [28][20/67]	Time 0.329 (0.330)	Data 0.024 (0.025)	Loss 0.0701 (0.0924)	
Epoch: [28][30/67]	Time 0.325 (0.330)	Data 0.024 (0.025)	Loss 0.0935 (0.0923)	
Epoch: [28][40/67]	Time 0.327 (0.330)	Data 0.024 (0.025)	Loss 0.0471 (0.0921)	
Epoch: [28][50/67]	Time 0.328 (0.330)	Data 0.024 (0.025)	Loss 0.0403 (0.0920)	
Epoch: [28][60/67]	Time 0.332 (0.330)	Data 0.024 (0.025)	Loss 0.0385 (0.0918)	
Test: [0/17]	Time 0.125 (0.125)	Loss 0.0365 (0.0365)	Prec@1 0.000 (0.000)	Prec@5 0.000 (0.000)
Test: [10/17]	Time 0.128 (0.128)	Loss 0.0641 (0.0696)	Prec@1 0.000 (0.000)	Prec@5 0.000 (0.000)
Overall Acc: 	 0.851235574750758
Mean Acc : 	 0.5
FreqW Acc : 	 0.7246020037212533
Mean IoU : 	 0.425617787375379
* Test:	Time 0.104 (0.126)	Loss 0.1108 (0.0702)	
learning rate = 0.000050
Epoch: [29][0/67]	Time 0.125 (0.329)	Data 0.024 (0.025)	Loss 0.0583 (0.0918)	
Epoch: [29][10/67]	Time 0.329 (0.329)	Data 0.024 (0.025)	Loss 0.0421 (0.0916)	
Epoch: [29][20/67]	Time 0.329 (0.329)	Data 0.024 (0.025)	Loss 0.0416 (0.0915)	
Epoch: [29][30/67]	Time 0.327 (0.329)	Data 0.024 (0.025)	Loss 0.0863 (0.0913)	
Epoch: [29][40/67]	Time 0.330 (0.329)	Data 0.024 (0.025)	Loss 0.0774 (0.0911)	
Epoch: [29][50/67]	Time 0.327 (0.329)	Data 0.025 (0.025)	Loss 0.0365 (0.0910)	
Epoch: [29][60/67]	Time 0.330 (0.329)	Data 0.024 (0.025)	Loss 0.0337 (0.0909)	
Test: [0/17]	Time 0.126 (0.126)	Loss 0.1826 (0.1826)	Prec@1 0.000 (0.000)	Prec@5 0.000 (0.000)
Test: [10/17]	Time 0.132 (0.128)	Loss 0.0850 (0.0846)	Prec@1 0.000 (0.000)	Prec@5 0.000 (0.000)
Overall Acc: 	 0.852103731525478
Mean Acc : 	 0.5
FreqW Acc : 	 0.7260807692796439
Mean IoU : 	 0.426051865762739
* Test:	Time 0.092 (0.126)	Loss 0.0447 (0.0775)	
learning rate = 0.000050
Epoch: [30][0/67]	Time 0.126 (0.329)	Data 0.024 (0.025)	Loss 0.0693 (0.0908)	
Epoch: [30][10/67]	Time 0.327 (0.329)	Data 0.026 (0.025)	Loss 0.0733 (0.0907)	
Epoch: [30][20/67]	Time 0.331 (0.329)	Data 0.025 (0.025)	Loss 0.0395 (0.0906)	
Epoch: [30][30/67]	Time 0.334 (0.329)	Data 0.025 (0.025)	Loss 0.0875 (0.0905)	
Epoch: [30][40/67]	Time 0.326 (0.329)	Data 0.025 (0.025)	Loss 0.0663 (0.0903)	
Epoch: [30][50/67]	Time 0.330 (0.329)	Data 0.025 (0.025)	Loss 0.0432 (0.0902)	
Epoch: [30][60/67]	Time 0.328 (0.329)	Data 0.024 (0.025)	Loss 0.0427 (0.0900)	
Test: [0/17]	Time 0.124 (0.124)	Loss 0.0573 (0.0573)	Prec@1 0.000 (0.000)	Prec@5 0.000 (0.000)
Test: [10/17]	Time 0.131 (0.129)	Loss 0.0880 (0.0674)	Prec@1 0.000 (0.000)	Prec@5 0.000 (0.000)
Overall Acc: 	 0.8514525000728778
Mean Acc : 	 0.5
FreqW Acc : 	 0.7249713598803539
Mean IoU : 	 0.4257262500364389
* Test:	Time 0.105 (0.127)	Loss 0.1042 (0.0696)	
learning rate = 0.000050
Epoch: [31][0/67]	Time 0.125 (0.329)	Data 0.024 (0.025)	Loss 0.0418 (0.0899)	
Epoch: [31][10/67]	Time 0.326 (0.329)	Data 0.025 (0.025)	Loss 0.0649 (0.0898)	
Epoch: [31][20/67]	Time 0.333 (0.329)	Data 0.025 (0.025)	Loss 0.0411 (0.0897)	
Epoch: [31][30/67]	Time 0.330 (0.329)	Data 0.025 (0.025)	Loss 0.0987 (0.0895)	
Epoch: [31][40/67]	Time 0.329 (0.329)	Data 0.025 (0.025)	Loss 0.0599 (0.0894)	
Epoch: [31][50/67]	Time 0.329 (0.329)	Data 0.025 (0.025)	Loss 0.0647 (0.0893)	
Epoch: [31][60/67]	Time 0.332 (0.329)	Data 0.025 (0.025)	Loss 0.0570 (0.0892)	
Test: [0/17]	Time 0.125 (0.125)	Loss 0.0590 (0.0590)	Prec@1 0.000 (0.000)	Prec@5 0.000 (0.000)
Test: [10/17]	Time 0.130 (0.128)	Loss 0.0588 (0.0718)	Prec@1 0.000 (0.000)	Prec@5 0.000 (0.000)
Overall Acc: 	 0.8513708541642374
Mean Acc : 	 0.5
FreqW Acc : 	 0.7248323313203432
Mean IoU : 	 0.4256854270821187
* Test:	Time 0.092 (0.126)	Loss 0.0542 (0.0693)	
learning rate = 0.000050
Epoch: [32][0/67]	Time 0.124 (0.329)	Data 0.024 (0.025)	Loss 0.0401 (0.0890)	
Epoch: [32][10/67]	Time 0.328 (0.329)	Data 0.025 (0.025)	Loss 0.0451 (0.0889)	
Epoch: [32][20/67]	Time 0.329 (0.329)	Data 0.024 (0.025)	Loss 0.0347 (0.0889)	
Epoch: [32][30/67]	Time 0.328 (0.329)	Data 0.025 (0.025)	Loss 0.0506 (0.0888)	
Epoch: [32][40/67]	Time 0.330 (0.329)	Data 0.024 (0.025)	Loss 0.0416 (0.0886)	
Epoch: [32][50/67]	Time 0.329 (0.329)	Data 0.025 (0.025)	Loss 0.0846 (0.0885)	
Epoch: [32][60/67]	Time 0.329 (0.329)	Data 0.025 (0.025)	Loss 0.0339 (0.0884)	
Test: [0/17]	Time 0.123 (0.123)	Loss 0.0583 (0.0583)	Prec@1 0.000 (0.000)	Prec@5 0.000 (0.000)
Test: [10/17]	Time 0.130 (0.128)	Loss 0.0438 (0.0660)	Prec@1 0.000 (0.000)	Prec@5 0.000 (0.000)
Overall Acc: 	 0.8511852435211638
Mean Acc : 	 0.5
FreqW Acc : 	 0.7245163187881829
Mean IoU : 	 0.4255926217605819
* Test:	Time 0.094 (0.126)	Loss 0.1065 (0.0681)	
learning rate = 0.000050
Epoch: [33][0/67]	Time 0.126 (0.329)	Data 0.024 (0.025)	Loss 0.0459 (0.0883)	
Epoch: [33][10/67]	Time 0.325 (0.329)	Data 0.025 (0.025)	Loss 0.0665 (0.0881)	
Epoch: [33][20/67]	Time 0.329 (0.329)	Data 0.024 (0.025)	Loss 0.0737 (0.0880)	
Epoch: [33][30/67]	Time 0.334 (0.329)	Data 0.024 (0.025)	Loss 0.0546 (0.0879)	
Epoch: [33][40/67]	Time 0.328 (0.329)	Data 0.024 (0.025)	Loss 0.0883 (0.0878)	
Epoch: [33][50/67]	Time 0.328 (0.329)	Data 0.024 (0.025)	Loss 0.0642 (0.0877)	
Epoch: [33][60/67]	Time 0.330 (0.329)	Data 0.025 (0.025)	Loss 0.0643 (0.0876)	
Test: [0/17]	Time 0.126 (0.126)	Loss 0.0674 (0.0674)	Prec@1 0.000 (0.000)	Prec@5 0.000 (0.000)
Test: [10/17]	Time 0.132 (0.128)	Loss 0.0810 (0.0756)	Prec@1 0.000 (0.000)	Prec@5 0.000 (0.000)
Overall Acc: 	 0.8516674895784748
Mean Acc : 	 0.5
FreqW Acc : 	 0.7253375128049016
Mean IoU : 	 0.4258337447892374
* Test:	Time 0.094 (0.126)	Loss 0.0379 (0.0719)	
learning rate = 0.000050
Epoch: [34][0/67]	Time 0.125 (0.329)	Data 0.024 (0.025)	Loss 0.0636 (0.0876)	
Epoch: [34][10/67]	Time 0.324 (0.329)	Data 0.025 (0.025)	Loss 0.1029 (0.0875)	
Epoch: [34][20/67]	Time 0.331 (0.329)	Data 0.025 (0.025)	Loss 0.0570 (0.0874)	
Epoch: [34][30/67]	Time 0.331 (0.329)	Data 0.025 (0.025)	Loss 0.0666 (0.0873)	
Epoch: [34][40/67]	Time 0.328 (0.329)	Data 0.025 (0.025)	Loss 0.0454 (0.0871)	
Epoch: [34][50/67]	Time 0.328 (0.329)	Data 0.025 (0.025)	Loss 0.0894 (0.0870)	
Epoch: [34][60/67]	Time 0.327 (0.329)	Data 0.025 (0.025)	Loss 0.0632 (0.0868)	
Test: [0/17]	Time 0.124 (0.124)	Loss 0.0893 (0.0893)	Prec@1 0.000 (0.000)	Prec@5 0.000 (0.000)
Test: [10/17]	Time 0.129 (0.128)	Loss 0.0930 (0.0886)	Prec@1 0.000 (0.000)	Prec@5 0.000 (0.000)
Overall Acc: 	 0.8519677688826376
Mean Acc : 	 0.5
FreqW Acc : 	 0.7258490792148594
Mean IoU : 	 0.4259838844413188
* Test:	Time 0.095 (0.126)	Loss 0.0969 (0.0806)	
learning rate = 0.000050
Epoch: [35][0/67]	Time 0.124 (0.329)	Data 0.024 (0.025)	Loss 0.0714 (0.0869)	
Epoch: [35][10/67]	Time 0.329 (0.329)	Data 0.025 (0.025)	Loss 0.0684 (0.0868)	
Epoch: [35][20/67]	Time 0.328 (0.329)	Data 0.025 (0.025)	Loss 0.0541 (0.0867)	
Epoch: [35][30/67]	Time 0.326 (0.329)	Data 0.024 (0.025)	Loss 0.0496 (0.0866)	
Epoch: [35][40/67]	Time 0.328 (0.329)	Data 0.024 (0.025)	Loss 0.0494 (0.0865)	
Epoch: [35][50/67]	Time 0.327 (0.329)	Data 0.025 (0.025)	Loss 0.0537 (0.0864)	
Epoch: [35][60/67]	Time 0.327 (0.329)	Data 0.025 (0.025)	Loss 0.0523 (0.0863)	
Test: [0/17]	Time 0.124 (0.124)	Loss 0.0774 (0.0774)	Prec@1 0.000 (0.000)	Prec@5 0.000 (0.000)
Test: [10/17]	Time 0.129 (0.131)	Loss 0.0860 (0.0625)	Prec@1 0.000 (0.000)	Prec@5 0.000 (0.000)
Overall Acc: 	 0.8511585975760845
Mean Acc : 	 0.5
FreqW Acc : 	 0.7244709582276869
Mean IoU : 	 0.42557929878804224
* Test:	Time 0.093 (0.129)	Loss 0.1029 (0.0685)	
learning rate = 0.000050
Epoch: [36][0/67]	Time 0.135 (0.329)	Data 0.024 (0.025)	Loss 0.0500 (0.0862)	
Epoch: [36][10/67]	Time 0.331 (0.329)	Data 0.025 (0.025)	Loss 0.0881 (0.0861)	
Epoch: [36][20/67]	Time 0.329 (0.329)	Data 0.024 (0.025)	Loss 0.0326 (0.0860)	
Epoch: [36][30/67]	Time 0.327 (0.329)	Data 0.025 (0.025)	Loss 0.0515 (0.0859)	
Epoch: [36][40/67]	Time 0.325 (0.329)	Data 0.024 (0.025)	Loss 0.0453 (0.0858)	
Epoch: [36][50/67]	Time 0.326 (0.329)	Data 0.025 (0.025)	Loss 0.0312 (0.0857)	
Epoch: [36][60/67]	Time 0.327 (0.329)	Data 0.025 (0.025)	Loss 0.0398 (0.0856)	
Test: [0/17]	Time 0.125 (0.125)	Loss 0.0479 (0.0479)	Prec@1 0.000 (0.000)	Prec@5 0.000 (0.000)
Test: [10/17]	Time 0.129 (0.128)	Loss 0.0677 (0.0741)	Prec@1 0.000 (0.000)	Prec@5 0.000 (0.000)
Overall Acc: 	 0.8515429140916512
Mean Acc : 	 0.5
FreqW Acc : 	 0.7251253345397012
Mean IoU : 	 0.4257714570458256
* Test:	Time 0.094 (0.126)	Loss 0.0268 (0.0702)	
learning rate = 0.000050
Epoch: [37][0/67]	Time 0.126 (0.329)	Data 0.024 (0.025)	Loss 0.0650 (0.0856)	
Epoch: [37][10/67]	Time 0.327 (0.329)	Data 0.025 (0.025)	Loss 0.0638 (0.0855)	
Epoch: [37][20/67]	Time 0.328 (0.329)	Data 0.024 (0.025)	Loss 0.0469 (0.0854)	
Epoch: [37][30/67]	Time 0.328 (0.329)	Data 0.025 (0.025)	Loss 0.0412 (0.0853)	
Epoch: [37][40/67]	Time 0.327 (0.329)	Data 0.024 (0.025)	Loss 0.0455 (0.0852)	
Epoch: [37][50/67]	Time 0.328 (0.329)	Data 0.024 (0.025)	Loss 0.0662 (0.0851)	
Epoch: [37][60/67]	Time 0.331 (0.329)	Data 0.024 (0.025)	Loss 0.0530 (0.0850)	
Test: [0/17]	Time 0.125 (0.125)	Loss 0.0898 (0.0898)	Prec@1 0.000 (0.000)	Prec@5 0.000 (0.000)
Test: [10/17]	Time 0.130 (0.141)	Loss 0.1710 (0.0754)	Prec@1 0.000 (0.000)	Prec@5 0.000 (0.000)
Overall Acc: 	 0.8516993736153218
Mean Acc : 	 0.5
FreqW Acc : 	 0.7253918230167314
Mean IoU : 	 0.4258496868076609
* Test:	Time 0.092 (0.134)	Loss 0.0585 (0.0711)	
learning rate = 0.000050
Epoch: [38][0/67]	Time 0.127 (0.329)	Data 0.024 (0.025)	Loss 0.0353 (0.0849)	
Epoch: [38][10/67]	Time 0.328 (0.329)	Data 0.025 (0.025)	Loss 0.0505 (0.0848)	
Epoch: [38][20/67]	Time 0.328 (0.329)	Data 0.025 (0.025)	Loss 0.0860 (0.0847)	
Epoch: [38][30/67]	Time 0.333 (0.329)	Data 0.025 (0.025)	Loss 0.0619 (0.0847)	
Epoch: [38][40/67]	Time 0.325 (0.329)	Data 0.025 (0.025)	Loss 0.0795 (0.0846)	
Epoch: [38][50/67]	Time 0.328 (0.329)	Data 0.024 (0.025)	Loss 0.0653 (0.0845)	
Epoch: [38][60/67]	Time 0.333 (0.329)	Data 0.024 (0.025)	Loss 0.0753 (0.0844)	
Test: [0/17]	Time 0.125 (0.125)	Loss 0.0440 (0.0440)	Prec@1 0.000 (0.000)	Prec@5 0.000 (0.000)
Test: [10/17]	Time 0.127 (0.127)	Loss 0.0796 (0.0785)	Prec@1 0.000 (0.000)	Prec@5 0.000 (0.000)
Overall Acc: 	 0.8518566302399138
Mean Acc : 	 0.5
FreqW Acc : 	 0.7256597184837011
Mean IoU : 	 0.4259283151199569
* Test:	Time 0.094 (0.125)	Loss 0.0484 (0.0717)	
learning rate = 0.000050
Epoch: [39][0/67]	Time 0.125 (0.328)	Data 0.024 (0.025)	Loss 0.0512 (0.0844)	
Epoch: [39][10/67]	Time 0.324 (0.328)	Data 0.025 (0.025)	Loss 0.0219 (0.0843)	
Epoch: [39][20/67]	Time 0.332 (0.328)	Data 0.025 (0.025)	Loss 0.0876 (0.0842)	
Epoch: [39][30/67]	Time 0.329 (0.328)	Data 0.025 (0.025)	Loss 0.1253 (0.0841)	
Epoch: [39][40/67]	Time 0.329 (0.328)	Data 0.024 (0.025)	Loss 0.0529 (0.0840)	
Epoch: [39][50/67]	Time 0.327 (0.328)	Data 0.025 (0.025)	Loss 0.0737 (0.0839)	
Epoch: [39][60/67]	Time 0.332 (0.328)	Data 0.025 (0.025)	Loss 0.0548 (0.0839)	
Test: [0/17]	Time 0.125 (0.125)	Loss 0.0684 (0.0684)	Prec@1 0.000 (0.000)	Prec@5 0.000 (0.000)
Test: [10/17]	Time 0.129 (0.128)	Loss 0.0869 (0.0800)	Prec@1 0.000 (0.000)	Prec@5 0.000 (0.000)
Overall Acc: 	 0.851135937135611
Mean Acc : 	 0.5
FreqW Acc : 	 0.7244323834837147
Mean IoU : 	 0.4255679685678055
* Test:	Time 0.094 (0.126)	Loss 0.0225 (0.0683)	
learning rate = 0.000050
Epoch: [40][0/67]	Time 0.124 (0.328)	Data 0.024 (0.025)	Loss 0.0836 (0.0839)	
Epoch: [40][10/67]	Time 0.327 (0.328)	Data 0.025 (0.025)	Loss 0.0653 (0.0838)	
Epoch: [40][20/67]	Time 0.329 (0.328)	Data 0.025 (0.025)	Loss 0.0578 (0.0837)	
Epoch: [40][30/67]	Time 0.328 (0.328)	Data 0.024 (0.025)	Loss 0.0308 (0.0836)	
Epoch: [40][40/67]	Time 0.326 (0.328)	Data 0.025 (0.025)	Loss 0.1725 (0.0835)	
Epoch: [40][50/67]	Time 0.324 (0.328)	Data 0.025 (0.025)	Loss 0.0892 (0.0838)	
Epoch: [40][60/67]	Time 0.328 (0.328)	Data 0.025 (0.025)	Loss 0.0845 (0.0838)	
Test: [0/17]	Time 0.123 (0.123)	Loss 0.1161 (0.1161)	Prec@1 0.000 (0.000)	Prec@5 0.000 (0.000)
Test: [10/17]	Time 0.132 (0.128)	Loss 0.0930 (0.1218)	Prec@1 0.000 (0.000)	Prec@5 0.000 (0.000)
Overall Acc: 	 0.8516243322571712
Mean Acc : 	 0.5
FreqW Acc : 	 0.7252640032924726
Mean IoU : 	 0.4258121661285856
* Test:	Time 0.093 (0.126)	Loss 0.1449 (0.1236)	
learning rate = 0.000050
Epoch: [41][0/67]	Time 0.127 (0.328)	Data 0.024 (0.025)	Loss 0.0688 (0.0839)	
Epoch: [41][10/67]	Time 0.333 (0.328)	Data 0.024 (0.025)	Loss 0.0745 (0.0839)	
Epoch: [41][20/67]	Time 0.330 (0.328)	Data 0.025 (0.025)	Loss 0.1143 (0.0839)	
Epoch: [41][30/67]	Time 0.328 (0.328)	Data 0.025 (0.025)	Loss 0.1082 (0.0840)	
Epoch: [41][40/67]	Time 0.329 (0.328)	Data 0.025 (0.025)	Loss 0.0538 (0.0841)	
Epoch: [41][50/67]	Time 0.325 (0.328)	Data 0.025 (0.025)	Loss 0.0576 (0.0841)	
Epoch: [41][60/67]	Time 0.328 (0.328)	Data 0.025 (0.025)	Loss 0.1180 (0.0841)	
Test: [0/17]	Time 0.127 (0.127)	Loss 0.0923 (0.0923)	Prec@1 0.000 (0.000)	Prec@5 0.000 (0.000)
Test: [10/17]	Time 0.131 (0.128)	Loss 0.1293 (0.1100)	Prec@1 0.000 (0.000)	Prec@5 0.000 (0.000)
Overall Acc: 	 0.8517499325880363
Mean Acc : 	 0.5
FreqW Acc : 	 0.7254779476637244
Mean IoU : 	 0.42587496629401816
* Test:	Time 0.095 (0.126)	Loss 0.1417 (0.1059)	
learning rate = 0.000050
Epoch: [42][0/67]	Time 0.126 (0.328)	Data 0.024 (0.025)	Loss 0.0673 (0.0841)	
Epoch: [42][10/67]	Time 0.329 (0.328)	Data 0.025 (0.025)	Loss 0.1014 (0.0842)	
Epoch: [42][20/67]	Time 0.328 (0.328)	Data 0.025 (0.025)	Loss 0.0652 (0.0842)	
Epoch: [42][30/67]	Time 0.328 (0.328)	Data 0.025 (0.025)	Loss 0.0614 (0.0842)	
Epoch: [42][40/67]	Time 0.329 (0.328)	Data 0.025 (0.025)	Loss 0.0918 (0.0841)	
Epoch: [42][50/67]	Time 0.330 (0.328)	Data 0.025 (0.025)	Loss 0.0726 (0.0840)	
Epoch: [42][60/67]	Time 0.327 (0.328)	Data 0.025 (0.025)	Loss 0.0642 (0.0840)	
Test: [0/17]	Time 0.124 (0.124)	Loss 0.0777 (0.0777)	Prec@1 0.000 (0.000)	Prec@5 0.000 (0.000)
Test: [10/17]	Time 0.131 (0.128)	Loss 0.0560 (0.0844)	Prec@1 0.000 (0.000)	Prec@5 0.000 (0.000)
Overall Acc: 	 0.8515301604769123
Mean Acc : 	 0.5
FreqW Acc : 	 0.725103614201836
Mean IoU : 	 0.42576508023845616
* Test:	Time 0.092 (0.126)	Loss 0.0601 (0.0754)	
learning rate = 0.000050
Epoch: [43][0/67]	Time 0.124 (0.328)	Data 0.024 (0.025)	Loss 0.0919 (0.0839)	
Epoch: [43][10/67]	Time 0.329 (0.328)	Data 0.024 (0.025)	Loss 0.0576 (0.0839)	
Epoch: [43][20/67]	Time 0.328 (0.328)	Data 0.025 (0.025)	Loss 0.0437 (0.0839)	
Epoch: [43][30/67]	Time 0.324 (0.328)	Data 0.025 (0.025)	Loss 0.1278 (0.0839)	
Epoch: [43][40/67]	Time 0.328 (0.328)	Data 0.025 (0.025)	Loss 0.0670 (0.0839)	
Epoch: [43][50/67]	Time 0.327 (0.328)	Data 0.024 (0.025)	Loss 0.0570 (0.0838)	
Epoch: [43][60/67]	Time 0.326 (0.328)	Data 0.025 (0.025)	Loss 0.0661 (0.0837)	
Test: [0/17]	Time 0.126 (0.126)	Loss 0.0474 (0.0474)	Prec@1 0.000 (0.000)	Prec@5 0.000 (0.000)
Test: [10/17]	Time 0.130 (0.128)	Loss 0.0591 (0.0629)	Prec@1 0.000 (0.000)	Prec@5 0.000 (0.000)
Overall Acc: 	 0.8518006054323111
Mean Acc : 	 0.5
FreqW Acc : 	 0.7255642714148517
Mean IoU : 	 0.42590030271615553
* Test:	Time 0.095 (0.126)	Loss 0.0594 (0.0695)	
learning rate = 0.000050
Epoch: [44][0/67]	Time 0.125 (0.328)	Data 0.024 (0.025)	Loss 0.0603 (0.0836)	
Epoch: [44][10/67]	Time 0.325 (0.328)	Data 0.024 (0.025)	Loss 0.0632 (0.0836)	
Epoch: [44][20/67]	Time 0.330 (0.328)	Data 0.025 (0.025)	Loss 0.0764 (0.0836)	
Epoch: [44][30/67]	Time 0.327 (0.328)	Data 0.025 (0.025)	Loss 0.0590 (0.0835)	
Epoch: [44][40/67]	Time 0.327 (0.328)	Data 0.025 (0.025)	Loss 0.0551 (0.0835)	
Epoch: [44][50/67]	Time 0.328 (0.328)	Data 0.025 (0.025)	Loss 0.0382 (0.0834)	
Epoch: [44][60/67]	Time 0.331 (0.328)	Data 0.025 (0.025)	Loss 0.0606 (0.0833)	
Test: [0/17]	Time 0.125 (0.125)	Loss 0.1495 (0.1495)	Prec@1 0.000 (0.000)	Prec@5 0.000 (0.000)
Test: [10/17]	Time 0.129 (0.129)	Loss 0.0673 (0.0776)	Prec@1 0.000 (0.000)	Prec@5 0.000 (0.000)
Overall Acc: 	 0.8518298704232743
Mean Acc : 	 0.5
FreqW Acc : 	 0.7256141281453323
Mean IoU : 	 0.42591493521163715
* Test:	Time 0.099 (0.127)	Loss 0.0716 (0.0736)	
learning rate = 0.000050
Epoch: [45][0/67]	Time 0.123 (0.328)	Data 0.024 (0.025)	Loss 0.0810 (0.0832)	
Epoch: [45][10/67]	Time 0.329 (0.328)	Data 0.024 (0.025)	Loss 0.0449 (0.0831)	
Epoch: [45][20/67]	Time 0.333 (0.328)	Data 0.024 (0.025)	Loss 0.0887 (0.0831)	
Epoch: [45][30/67]	Time 0.326 (0.328)	Data 0.025 (0.025)	Loss 0.0660 (0.0830)	
Epoch: [45][40/67]	Time 0.327 (0.328)	Data 0.024 (0.025)	Loss 0.0493 (0.0829)	
Epoch: [45][50/67]	Time 0.330 (0.328)	Data 0.024 (0.025)	Loss 0.0223 (0.0829)	
Epoch: [45][60/67]	Time 0.328 (0.328)	Data 0.024 (0.025)	Loss 0.0369 (0.0828)	
Test: [0/17]	Time 0.127 (0.127)	Loss 0.0391 (0.0391)	Prec@1 0.000 (0.000)	Prec@5 0.000 (0.000)
Test: [10/17]	Time 0.129 (0.128)	Loss 0.0562 (0.0563)	Prec@1 0.000 (0.000)	Prec@5 0.000 (0.000)
Overall Acc: 	 0.8510753574656017
Mean Acc : 	 0.5
FreqW Acc : 	 0.7243292640852017
Mean IoU : 	 0.42553767873280085
* Test:	Time 0.092 (0.126)	Loss 0.1974 (0.0745)	
learning rate = 0.000050
Epoch: [46][0/67]	Time 0.124 (0.328)	Data 0.024 (0.025)	Loss 0.1108 (0.0828)	
Epoch: [46][10/67]	Time 0.331 (0.328)	Data 0.035 (0.025)	Loss 0.1065 (0.0828)	
Epoch: [46][20/67]	Time 0.323 (0.328)	Data 0.025 (0.025)	Loss 0.0851 (0.0827)	
Epoch: [46][30/67]	Time 0.330 (0.328)	Data 0.025 (0.025)	Loss 0.0807 (0.0826)	
Epoch: [46][40/67]	Time 0.329 (0.328)	Data 0.024 (0.025)	Loss 0.0767 (0.0826)	
Epoch: [46][50/67]	Time 0.327 (0.328)	Data 0.025 (0.025)	Loss 0.0278 (0.0825)	
Epoch: [46][60/67]	Time 0.322 (0.328)	Data 0.025 (0.025)	Loss 0.0677 (0.0825)	
Test: [0/17]	Time 0.122 (0.122)	Loss 0.0731 (0.0731)	Prec@1 0.000 (0.000)	Prec@5 0.000 (0.000)
Test: [10/17]	Time 0.128 (0.128)	Loss 0.0509 (0.0625)	Prec@1 0.000 (0.000)	Prec@5 0.000 (0.000)
Overall Acc: 	 0.85158960143132
Mean Acc : 	 0.5
FreqW Acc : 	 0.7252048492659545
Mean IoU : 	 0.42579480071566
* Test:	Time 0.103 (0.128)	Loss 0.0720 (0.0736)	
learning rate = 0.000050
Epoch: [47][0/67]	Time 0.127 (0.328)	Data 0.024 (0.025)	Loss 0.0358 (0.0824)	
Epoch: [47][10/67]	Time 0.325 (0.328)	Data 0.025 (0.025)	Loss 0.0875 (0.0823)	
Epoch: [47][20/67]	Time 0.327 (0.328)	Data 0.025 (0.025)	Loss 0.0597 (0.0823)	
Epoch: [47][30/67]	Time 0.325 (0.328)	Data 0.025 (0.025)	Loss 0.0491 (0.0823)	
Epoch: [47][40/67]	Time 0.329 (0.328)	Data 0.025 (0.025)	Loss 0.0531 (0.0823)	
Epoch: [47][50/67]	Time 0.327 (0.328)	Data 0.024 (0.025)	Loss 0.0471 (0.0822)	
Epoch: [47][60/67]	Time 0.328 (0.328)	Data 0.024 (0.025)	Loss 0.0602 (0.0821)	
Test: [0/17]	Time 0.123 (0.123)	Loss 0.1603 (0.1603)	Prec@1 0.000 (0.000)	Prec@5 0.000 (0.000)
Test: [10/17]	Time 0.133 (0.128)	Loss 0.0679 (0.0702)	Prec@1 0.000 (0.000)	Prec@5 0.000 (0.000)
Overall Acc: 	 0.8520316508278918
Mean Acc : 	 0.5
FreqW Acc : 	 0.7259579340125025
Mean IoU : 	 0.4260158254139459
* Test:	Time 0.093 (0.126)	Loss 0.0615 (0.0680)	
learning rate = 0.000050
Epoch: [48][0/67]	Time 0.127 (0.328)	Data 0.025 (0.025)	Loss 0.0290 (0.0821)	
Epoch: [48][10/67]	Time 0.328 (0.328)	Data 0.025 (0.025)	Loss 0.0546 (0.0820)	
Epoch: [48][20/67]	Time 0.328 (0.328)	Data 0.024 (0.025)	Loss 0.0389 (0.0819)	
Epoch: [48][30/67]	Time 0.327 (0.328)	Data 0.025 (0.025)	Loss 0.0920 (0.0819)	
Epoch: [48][40/67]	Time 0.327 (0.328)	Data 0.025 (0.025)	Loss 0.0616 (0.0818)	
Epoch: [48][50/67]	Time 0.330 (0.328)	Data 0.024 (0.025)	Loss 0.0607 (0.0818)	
Epoch: [48][60/67]	Time 0.323 (0.328)	Data 0.035 (0.025)	Loss 0.0727 (0.0817)	
Test: [0/17]	Time 0.123 (0.123)	Loss 0.0674 (0.0674)	Prec@1 0.000 (0.000)	Prec@5 0.000 (0.000)
Test: [10/17]	Time 0.131 (0.128)	Loss 0.1464 (0.0675)	Prec@1 0.000 (0.000)	Prec@5 0.000 (0.000)
Overall Acc: 	 0.8519889489928288
Mean Acc : 	 0.5
FreqW Acc : 	 0.7258851692059051
Mean IoU : 	 0.4259944744964144
* Test:	Time 0.094 (0.126)	Loss 0.0382 (0.0679)	
learning rate = 0.000050
Epoch: [49][0/67]	Time 0.129 (0.328)	Data 0.027 (0.025)	Loss 0.0790 (0.0817)	
Epoch: [49][10/67]	Time 0.328 (0.328)	Data 0.025 (0.025)	Loss 0.0772 (0.0816)	
Epoch: [49][20/67]	Time 0.326 (0.328)	Data 0.024 (0.025)	Loss 0.0300 (0.0816)	
Epoch: [49][30/67]	Time 0.327 (0.328)	Data 0.025 (0.025)	Loss 0.0830 (0.0815)	
Epoch: [49][40/67]	Time 0.328 (0.328)	Data 0.024 (0.025)	Loss 0.0635 (0.0815)	
Epoch: [49][50/67]	Time 0.325 (0.328)	Data 0.025 (0.025)	Loss 0.0243 (0.0814)	
Epoch: [49][60/67]	Time 0.332 (0.328)	Data 0.024 (0.025)	Loss 0.0811 (0.0813)	
Test: [0/17]	Time 0.129 (0.129)	Loss 0.0964 (0.0964)	Prec@1 0.000 (0.000)	Prec@5 0.000 (0.000)
Test: [10/17]	Time 0.140 (0.129)	Loss 0.0660 (0.0733)	Prec@1 0.000 (0.000)	Prec@5 0.000 (0.000)
Overall Acc: 	 0.8509997467496502
Mean Acc : 	 0.5
FreqW Acc : 	 0.7242005689679687
Mean IoU : 	 0.4254998733748251
* Test:	Time 0.100 (0.128)	Loss 0.0538 (0.0708)	
learning rate = 0.000050
Epoch: [50][0/67]	Time 0.125 (0.328)	Data 0.024 (0.025)	Loss 0.0370 (0.0812)	
Epoch: [50][10/67]	Time 0.334 (0.328)	Data 0.025 (0.025)	Loss 0.0683 (0.0812)	
Epoch: [50][20/67]	Time 0.330 (0.328)	Data 0.024 (0.025)	Loss 0.0799 (0.0811)	
Epoch: [50][30/67]	Time 0.328 (0.328)	Data 0.024 (0.025)	Loss 0.0632 (0.0810)	
Epoch: [50][40/67]	Time 0.326 (0.328)	Data 0.025 (0.025)	Loss 0.0263 (0.0810)	
Epoch: [50][50/67]	Time 0.330 (0.328)	Data 0.024 (0.025)	Loss 0.0843 (0.0810)	
Epoch: [50][60/67]	Time 0.329 (0.328)	Data 0.025 (0.025)	Loss 0.0756 (0.0809)	
Test: [0/17]	Time 0.124 (0.124)	Loss 0.0515 (0.0515)	Prec@1 0.000 (0.000)	Prec@5 0.000 (0.000)
Test: [10/17]	Time 0.130 (0.127)	Loss 0.0580 (0.0709)	Prec@1 0.000 (0.000)	Prec@5 0.000 (0.000)
Overall Acc: 	 0.851699487486882
Mean Acc : 	 0.5
FreqW Acc : 	 0.7253920169854174
Mean IoU : 	 0.425849743743441
* Test:	Time 0.094 (0.125)	Loss 0.0431 (0.0671)	
learning rate = 0.000050
Epoch: [51][0/67]	Time 0.124 (0.328)	Data 0.024 (0.025)	Loss 0.0715 (0.0808)	
Epoch: [51][10/67]	Time 0.326 (0.328)	Data 0.035 (0.025)	Loss 0.0672 (0.0808)	
Epoch: [51][20/67]	Time 0.332 (0.328)	Data 0.024 (0.025)	Loss 0.1173 (0.0807)	
Epoch: [51][30/67]	Time 0.326 (0.328)	Data 0.025 (0.025)	Loss 0.0974 (0.0807)	
Epoch: [51][40/67]	Time 0.327 (0.328)	Data 0.025 (0.025)	Loss 0.0450 (0.0806)	
Epoch: [51][50/67]	Time 0.325 (0.328)	Data 0.025 (0.025)	Loss 0.0455 (0.0805)	
Epoch: [51][60/67]	Time 0.329 (0.328)	Data 0.025 (0.025)	Loss 0.0340 (0.0805)	
Test: [0/17]	Time 0.124 (0.124)	Loss 0.0466 (0.0466)	Prec@1 0.000 (0.000)	Prec@5 0.000 (0.000)
Test: [10/17]	Time 0.128 (0.128)	Loss 0.0711 (0.0752)	Prec@1 0.000 (0.000)	Prec@5 0.000 (0.000)
Overall Acc: 	 0.8518092596708838
Mean Acc : 	 0.5
FreqW Acc : 	 0.7255790148610592
Mean IoU : 	 0.4259046298354419
* Test:	Time 0.092 (0.125)	Loss 0.0804 (0.0677)	
learning rate = 0.000050
Epoch: [52][0/67]	Time 0.127 (0.328)	Data 0.024 (0.025)	Loss 0.0790 (0.0804)	
Epoch: [52][10/67]	Time 0.322 (0.328)	Data 0.025 (0.025)	Loss 0.0794 (0.0804)	
Epoch: [52][20/67]	Time 0.329 (0.328)	Data 0.024 (0.025)	Loss 0.0533 (0.0803)	
Epoch: [52][30/67]	Time 0.323 (0.328)	Data 0.024 (0.025)	Loss 0.0694 (0.0803)	
Epoch: [52][40/67]	Time 0.329 (0.328)	Data 0.024 (0.025)	Loss 0.0583 (0.0802)	
Epoch: [52][50/67]	Time 0.331 (0.328)	Data 0.024 (0.025)	Loss 0.0678 (0.0801)	
Epoch: [52][60/67]	Time 0.326 (0.328)	Data 0.024 (0.025)	Loss 0.0359 (0.0801)	
Test: [0/17]	Time 0.124 (0.124)	Loss 0.0612 (0.0612)	Prec@1 0.000 (0.000)	Prec@5 0.000 (0.000)
Test: [10/17]	Time 0.132 (0.128)	Loss 0.0754 (0.0735)	Prec@1 0.000 (0.000)	Prec@5 0.000 (0.000)
Overall Acc: 	 0.8512570964756296
Mean Acc : 	 0.5
FreqW Acc : 	 0.7246386443001194
Mean IoU : 	 0.4256285482378148
* Test:	Time 0.094 (0.126)	Loss 0.0409 (0.0711)	
learning rate = 0.000050
Epoch: [53][0/67]	Time 0.126 (0.328)	Data 0.024 (0.025)	Loss 0.0273 (0.0800)	
Epoch: [53][10/67]	Time 0.330 (0.328)	Data 0.024 (0.025)	Loss 0.0368 (0.0799)	
Epoch: [53][20/67]	Time 0.324 (0.328)	Data 0.025 (0.025)	Loss 0.0878 (0.0799)	
Epoch: [53][30/67]	Time 0.330 (0.328)	Data 0.025 (0.025)	Loss 0.0767 (0.0799)	
Epoch: [53][40/67]	Time 0.326 (0.328)	Data 0.025 (0.025)	Loss 0.0382 (0.0799)	
Epoch: [53][50/67]	Time 0.323 (0.328)	Data 0.025 (0.025)	Loss 0.0873 (0.0798)	
Epoch: [53][60/67]	Time 0.324 (0.328)	Data 0.024 (0.025)	Loss 0.0282 (0.0797)	
Test: [0/17]	Time 0.125 (0.125)	Loss 0.0481 (0.0481)	Prec@1 0.000 (0.000)	Prec@5 0.000 (0.000)
Test: [10/17]	Time 0.128 (0.128)	Loss 0.0500 (0.0681)	Prec@1 0.000 (0.000)	Prec@5 0.000 (0.000)
Overall Acc: 	 0.8518715474142957
Mean Acc : 	 0.5
FreqW Acc : 	 0.7256851332940266
Mean IoU : 	 0.42593577370714786
* Test:	Time 0.093 (0.125)	Loss 0.0372 (0.0664)	
learning rate = 0.000050
Epoch: [54][0/67]	Time 0.124 (0.328)	Data 0.024 (0.025)	Loss 0.0894 (0.0797)	
Epoch: [54][10/67]	Time 0.332 (0.328)	Data 0.025 (0.025)	Loss 0.0564 (0.0797)	
Epoch: [54][20/67]	Time 0.326 (0.328)	Data 0.025 (0.025)	Loss 0.0695 (0.0796)	
Epoch: [54][30/67]	Time 0.331 (0.328)	Data 0.025 (0.025)	Loss 0.0527 (0.0796)	
Epoch: [54][40/67]	Time 0.330 (0.328)	Data 0.024 (0.025)	Loss 0.0885 (0.0795)	
Epoch: [54][50/67]	Time 0.331 (0.328)	Data 0.025 (0.025)	Loss 0.0661 (0.0794)	
Epoch: [54][60/67]	Time 0.328 (0.328)	Data 0.025 (0.025)	Loss 0.0847 (0.0794)	
Test: [0/17]	Time 0.125 (0.125)	Loss 0.0508 (0.0508)	Prec@1 0.000 (0.000)	Prec@5 0.000 (0.000)
Test: [10/17]	Time 0.140 (0.129)	Loss 0.0426 (0.0566)	Prec@1 0.000 (0.000)	Prec@5 0.000 (0.000)
Overall Acc: 	 0.8518905639648438
Mean Acc : 	 0.5
FreqW Acc : 	 0.7257175329723395
Mean IoU : 	 0.4259452819824219
* Test:	Time 0.094 (0.126)	Loss 0.1017 (0.0680)	
learning rate = 0.000050
Epoch: [55][0/67]	Time 0.126 (0.328)	Data 0.024 (0.025)	Loss 0.0823 (0.0794)	
Epoch: [55][10/67]	Time 0.326 (0.328)	Data 0.024 (0.025)	Loss 0.0799 (0.0793)	
Epoch: [55][20/67]	Time 0.329 (0.328)	Data 0.025 (0.025)	Loss 0.0436 (0.0793)	
Epoch: [55][30/67]	Time 0.322 (0.328)	Data 0.025 (0.025)	Loss 0.0411 (0.0792)	
Epoch: [55][40/67]	Time 0.328 (0.328)	Data 0.034 (0.025)	Loss 0.0655 (0.0792)	
Epoch: [55][50/67]	Time 0.332 (0.328)	Data 0.024 (0.025)	Loss 0.0844 (0.0791)	
Epoch: [55][60/67]	Time 0.327 (0.328)	Data 0.025 (0.025)	Loss 0.0578 (0.0791)	
Test: [0/17]	Time 0.124 (0.124)	Loss 0.0548 (0.0548)	Prec@1 0.000 (0.000)	Prec@5 0.000 (0.000)
Test: [10/17]	Time 0.131 (0.128)	Loss 0.0253 (0.0682)	Prec@1 0.000 (0.000)	Prec@5 0.000 (0.000)
Overall Acc: 	 0.8516591769545826
Mean Acc : 	 0.5
FreqW Acc : 	 0.725323353690957
Mean IoU : 	 0.4258295884772913
* Test:	Time 0.094 (0.126)	Loss 0.0387 (0.0681)	
learning rate = 0.000050
Epoch: [56][0/67]	Time 0.125 (0.327)	Data 0.024 (0.025)	Loss 0.0869 (0.0790)	
Epoch: [56][10/67]	Time 0.333 (0.327)	Data 0.025 (0.025)	Loss 0.0806 (0.0790)	
Epoch: [56][20/67]	Time 0.326 (0.327)	Data 0.025 (0.025)	Loss 0.0738 (0.0790)	
Epoch: [56][30/67]	Time 0.329 (0.327)	Data 0.025 (0.025)	Loss 0.0397 (0.0789)	
Epoch: [56][40/67]	Time 0.333 (0.328)	Data 0.025 (0.025)	Loss 0.0617 (0.0788)	
Epoch: [56][50/67]	Time 0.330 (0.328)	Data 0.025 (0.025)	Loss 0.0571 (0.0788)	
Epoch: [56][60/67]	Time 0.329 (0.328)	Data 0.025 (0.025)	Loss 0.1029 (0.0788)	
Test: [0/17]	Time 0.124 (0.124)	Loss 0.0721 (0.0721)	Prec@1 0.000 (0.000)	Prec@5 0.000 (0.000)
Test: [10/17]	Time 0.127 (0.128)	Loss 0.0552 (0.0650)	Prec@1 0.000 (0.000)	Prec@5 0.000 (0.000)
Overall Acc: 	 0.8509931421991604
Mean Acc : 	 0.5
FreqW Acc : 	 0.7241893280700005
Mean IoU : 	 0.4254965710995802
* Test:	Time 0.094 (0.126)	Loss 0.0514 (0.0682)	
learning rate = 0.000050
Epoch: [57][0/67]	Time 0.124 (0.327)	Data 0.024 (0.025)	Loss 0.0337 (0.0787)	
Epoch: [57][10/67]	Time 0.331 (0.327)	Data 0.024 (0.025)	Loss 0.0281 (0.0787)	
Epoch: [57][20/67]	Time 0.330 (0.327)	Data 0.025 (0.025)	Loss 0.0580 (0.0786)	
Epoch: [57][30/67]	Time 0.330 (0.327)	Data 0.025 (0.025)	Loss 0.0818 (0.0786)	
Epoch: [57][40/67]	Time 0.328 (0.327)	Data 0.025 (0.025)	Loss 0.1056 (0.0785)	
Epoch: [57][50/67]	Time 0.327 (0.327)	Data 0.025 (0.025)	Loss 0.0235 (0.0785)	
Epoch: [57][60/67]	Time 0.334 (0.327)	Data 0.024 (0.025)	Loss 0.0896 (0.0785)	
Test: [0/17]	Time 0.125 (0.125)	Loss 0.0644 (0.0644)	Prec@1 0.000 (0.000)	Prec@5 0.000 (0.000)
Test: [10/17]	Time 0.132 (0.129)	Loss 0.0782 (0.1251)	Prec@1 0.000 (0.000)	Prec@5 0.000 (0.000)
Overall Acc: 	 0.8513791667881296
Mean Acc : 	 0.5
FreqW Acc : 	 0.7248464856408499
Mean IoU : 	 0.4256895833940648
* Test:	Time 0.093 (0.127)	Loss 0.2196 (0.1237)	
learning rate = 0.000050
Epoch: [58][0/67]	Time 0.128 (0.327)	Data 0.024 (0.025)	Loss 0.0935 (0.0785)	
Epoch: [58][10/67]	Time 0.328 (0.327)	Data 0.025 (0.025)	Loss 0.1184 (0.0785)	
Epoch: [58][20/67]	Time 0.328 (0.327)	Data 0.025 (0.025)	Loss 0.0683 (0.0786)	
Epoch: [58][30/67]	Time 0.329 (0.327)	Data 0.025 (0.025)	Loss 0.0918 (0.0786)	
Epoch: [58][40/67]	Time 0.330 (0.327)	Data 0.025 (0.025)	Loss 0.0424 (0.0786)	
Epoch: [58][50/67]	Time 0.329 (0.327)	Data 0.024 (0.025)	Loss 0.1177 (0.0785)	
Epoch: [58][60/67]	Time 0.326 (0.327)	Data 0.025 (0.025)	Loss 0.0846 (0.0785)	
Test: [0/17]	Time 0.123 (0.123)	Loss 0.0829 (0.0829)	Prec@1 0.000 (0.000)	Prec@5 0.000 (0.000)
Test: [10/17]	Time 0.131 (0.128)	Loss 0.0325 (0.0689)	Prec@1 0.000 (0.000)	Prec@5 0.000 (0.000)
Overall Acc: 	 0.8514251708984375
Mean Acc : 	 0.5
FreqW Acc : 	 0.7249248216394335
Mean IoU : 	 0.42571258544921875
* Test:	Time 0.093 (0.126)	Loss 0.0712 (0.0698)	
learning rate = 0.000050
Epoch: [59][0/67]	Time 0.124 (0.327)	Data 0.024 (0.025)	Loss 0.0286 (0.0785)	
Epoch: [59][10/67]	Time 0.335 (0.327)	Data 0.025 (0.025)	Loss 0.0250 (0.0784)	
Epoch: [59][20/67]	Time 0.327 (0.327)	Data 0.035 (0.025)	Loss 0.0725 (0.0784)	
Epoch: [59][30/67]	Time 0.330 (0.327)	Data 0.025 (0.025)	Loss 0.0988 (0.0783)	
Epoch: [59][40/67]	Time 0.328 (0.327)	Data 0.024 (0.025)	Loss 0.0689 (0.0783)	
Epoch: [59][50/67]	Time 0.338 (0.327)	Data 0.025 (0.025)	Loss 0.0487 (0.0782)	
Epoch: [59][60/67]	Time 0.325 (0.327)	Data 0.025 (0.025)	Loss 0.0922 (0.0782)	
Test: [0/17]	Time 0.123 (0.123)	Loss 0.0576 (0.0576)	Prec@1 0.000 (0.000)	Prec@5 0.000 (0.000)
Test: [10/17]	Time 0.144 (0.130)	Loss 0.0829 (0.0642)	Prec@1 0.000 (0.000)	Prec@5 0.000 (0.000)
Overall Acc: 	 0.8514798292473181
Mean Acc : 	 0.5
FreqW Acc : 	 0.725017899615042
Mean IoU : 	 0.42573991462365907
* Test:	Time 0.092 (0.127)	Loss 0.0578 (0.0712)	
learning rate = 0.000050
Epoch: [60][0/67]	Time 0.125 (0.327)	Data 0.024 (0.025)	Loss 0.0303 (0.0782)	
Epoch: [60][10/67]	Time 0.333 (0.327)	Data 0.025 (0.025)	Loss 0.0559 (0.0782)	
Epoch: [60][20/67]	Time 0.326 (0.327)	Data 0.024 (0.025)	Loss 0.0440 (0.0781)	
Epoch: [60][30/67]	Time 0.323 (0.327)	Data 0.024 (0.025)	Loss 0.0736 (0.0781)	
Epoch: [60][40/67]	Time 0.325 (0.327)	Data 0.024 (0.025)	Loss 0.0489 (0.0780)	
Epoch: [60][50/67]	Time 0.330 (0.327)	Data 0.025 (0.025)	Loss 0.0467 (0.0780)	
Epoch: [60][60/67]	Time 0.332 (0.327)	Data 0.024 (0.025)	Loss 0.0374 (0.0780)	
Test: [0/17]	Time 0.125 (0.125)	Loss 0.0335 (0.0335)	Prec@1 0.000 (0.000)	Prec@5 0.000 (0.000)
Test: [10/17]	Time 0.128 (0.129)	Loss 0.1144 (0.0741)	Prec@1 0.000 (0.000)	Prec@5 0.000 (0.000)
Overall Acc: 	 0.8513782558156483
Mean Acc : 	 0.5
FreqW Acc : 	 0.7248449344756954
Mean IoU : 	 0.42568912790782415
* Test:	Time 0.093 (0.126)	Loss 0.0431 (0.0678)	
learning rate = 0.000050
Epoch: [61][0/67]	Time 0.125 (0.327)	Data 0.024 (0.025)	Loss 0.0593 (0.0779)	
Epoch: [61][10/67]	Time 0.328 (0.327)	Data 0.024 (0.025)	Loss 0.0646 (0.0779)	
Epoch: [61][20/67]	Time 0.327 (0.327)	Data 0.025 (0.025)	Loss 0.0612 (0.0778)	
Epoch: [61][30/67]	Time 0.329 (0.327)	Data 0.024 (0.025)	Loss 0.0743 (0.0778)	
Epoch: [61][40/67]	Time 0.331 (0.327)	Data 0.025 (0.025)	Loss 0.0401 (0.0777)	
Epoch: [61][50/67]	Time 0.329 (0.327)	Data 0.025 (0.025)	Loss 0.0605 (0.0777)	
Epoch: [61][60/67]	Time 0.327 (0.327)	Data 0.025 (0.025)	Loss 0.0597 (0.0777)	
Test: [0/17]	Time 0.124 (0.124)	Loss 0.0470 (0.0470)	Prec@1 0.000 (0.000)	Prec@5 0.000 (0.000)
Test: [10/17]	Time 0.130 (0.126)	Loss 0.1814 (0.0734)	Prec@1 0.000 (0.000)	Prec@5 0.000 (0.000)
Overall Acc: 	 0.8517643942761777
Mean Acc : 	 0.5
FreqW Acc : 	 0.7255025833566638
Mean IoU : 	 0.42588219713808884
* Test:	Time 0.094 (0.125)	Loss 0.0494 (0.0704)	
learning rate = 0.000050
Epoch: [62][0/67]	Time 0.124 (0.327)	Data 0.024 (0.025)	Loss 0.0277 (0.0776)	
Epoch: [62][10/67]	Time 0.329 (0.327)	Data 0.024 (0.025)	Loss 0.0698 (0.0776)	
Epoch: [62][20/67]	Time 0.331 (0.327)	Data 0.024 (0.025)	Loss 0.0576 (0.0775)	
Epoch: [62][30/67]	Time 0.323 (0.327)	Data 0.025 (0.025)	Loss 0.0326 (0.0775)	
Epoch: [62][40/67]	Time 0.331 (0.327)	Data 0.025 (0.025)	Loss 0.0824 (0.0775)	
Epoch: [62][50/67]	Time 0.329 (0.327)	Data 0.025 (0.025)	Loss 0.0408 (0.0774)	
Epoch: [62][60/67]	Time 0.330 (0.327)	Data 0.025 (0.025)	Loss 0.0355 (0.0774)	
Test: [0/17]	Time 0.125 (0.125)	Loss 0.0493 (0.0493)	Prec@1 0.000 (0.000)	Prec@5 0.000 (0.000)
Test: [10/17]	Time 0.129 (0.128)	Loss 0.0348 (0.0598)	Prec@1 0.000 (0.000)	Prec@5 0.000 (0.000)
Overall Acc: 	 0.8512616513380363
Mean Acc : 	 0.5
FreqW Acc : 	 0.7246463990387605
Mean IoU : 	 0.42563082566901816
* Test:	Time 0.093 (0.126)	Loss 0.0246 (0.0662)	
learning rate = 0.000050
Epoch: [63][0/67]	Time 0.126 (0.327)	Data 0.024 (0.025)	Loss 0.0627 (0.0774)	
Epoch: [63][10/67]	Time 0.328 (0.327)	Data 0.024 (0.025)	Loss 0.0623 (0.0773)	
Epoch: [63][20/67]	Time 0.329 (0.327)	Data 0.025 (0.025)	Loss 0.0698 (0.0773)	
Epoch: [63][30/67]	Time 0.327 (0.327)	Data 0.024 (0.025)	Loss 0.0564 (0.0773)	
Epoch: [63][40/67]	Time 0.328 (0.327)	Data 0.025 (0.025)	Loss 0.0497 (0.0772)	
Epoch: [63][50/67]	Time 0.323 (0.327)	Data 0.025 (0.025)	Loss 0.0718 (0.0772)	
Epoch: [63][60/67]	Time 0.328 (0.327)	Data 0.025 (0.025)	Loss 0.0413 (0.0771)	
Test: [0/17]	Time 0.125 (0.125)	Loss 0.1582 (0.1582)	Prec@1 0.000 (0.000)	Prec@5 0.000 (0.000)
Test: [10/17]	Time 0.129 (0.128)	Loss 0.0546 (0.0714)	Prec@1 0.000 (0.000)	Prec@5 0.000 (0.000)
Overall Acc: 	 0.8522466403334888
Mean Acc : 	 0.5
FreqW Acc : 	 0.7263243359597191
Mean IoU : 	 0.4261233201667444
* Test:	Time 0.094 (0.126)	Loss 0.1053 (0.0692)	
learning rate = 0.000050
Epoch: [64][0/67]	Time 0.123 (0.327)	Data 0.024 (0.025)	Loss 0.0809 (0.0771)	
Epoch: [64][10/67]	Time 0.332 (0.327)	Data 0.024 (0.025)	Loss 0.0732 (0.0771)	
Epoch: [64][20/67]	Time 0.323 (0.327)	Data 0.025 (0.025)	Loss 0.0394 (0.0770)	
Epoch: [64][30/67]	Time 0.332 (0.327)	Data 0.025 (0.025)	Loss 0.0696 (0.0770)	
Epoch: [64][40/67]	Time 0.326 (0.327)	Data 0.035 (0.025)	Loss 0.0248 (0.0769)	
Epoch: [64][50/67]	Time 0.330 (0.327)	Data 0.024 (0.025)	Loss 0.0491 (0.0769)	
Epoch: [64][60/67]	Time 0.324 (0.327)	Data 0.024 (0.025)	Loss 0.0884 (0.0768)	
Test: [0/17]	Time 0.123 (0.123)	Loss 0.0495 (0.0495)	Prec@1 0.000 (0.000)	Prec@5 0.000 (0.000)
Test: [10/17]	Time 0.130 (0.128)	Loss 0.0447 (0.0661)	Prec@1 0.000 (0.000)	Prec@5 0.000 (0.000)
Overall Acc: 	 0.8516096428259096
Mean Acc : 	 0.5
FreqW Acc : 	 0.7252389837540733
Mean IoU : 	 0.4258048214129548
* Test:	Time 0.095 (0.126)	Loss 0.0558 (0.0673)	
learning rate = 0.000050
Epoch: [65][0/67]	Time 0.124 (0.327)	Data 0.024 (0.025)	Loss 0.0545 (0.0768)	
Epoch: [65][10/67]	Time 0.329 (0.327)	Data 0.025 (0.025)	Loss 0.0709 (0.0768)	
Epoch: [65][20/67]	Time 0.329 (0.327)	Data 0.025 (0.025)	Loss 0.0628 (0.0767)	
Epoch: [65][30/67]	Time 0.330 (0.327)	Data 0.024 (0.025)	Loss 0.0680 (0.0767)	
Epoch: [65][40/67]	Time 0.330 (0.327)	Data 0.024 (0.025)	Loss 0.0317 (0.0767)	
Epoch: [65][50/67]	Time 0.325 (0.327)	Data 0.024 (0.025)	Loss 0.0370 (0.0766)	
Epoch: [65][60/67]	Time 0.329 (0.327)	Data 0.025 (0.025)	Loss 0.0997 (0.0766)	
Test: [0/17]	Time 0.125 (0.125)	Loss 0.0386 (0.0386)	Prec@1 0.000 (0.000)	Prec@5 0.000 (0.000)
Test: [10/17]	Time 0.137 (0.128)	Loss 0.0515 (0.0729)	Prec@1 0.000 (0.000)	Prec@5 0.000 (0.000)
Overall Acc: 	 0.8508569518131996
Mean Acc : 	 0.5
FreqW Acc : 	 0.7239575524488495
Mean IoU : 	 0.4254284759065998
* Test:	Time 0.093 (0.126)	Loss 0.0864 (0.0698)	
learning rate = 0.000050
Epoch: [66][0/67]	Time 0.126 (0.327)	Data 0.024 (0.025)	Loss 0.0820 (0.0766)	
Epoch: [66][10/67]	Time 0.330 (0.327)	Data 0.024 (0.025)	Loss 0.0871 (0.0765)	
Epoch: [66][20/67]	Time 0.327 (0.327)	Data 0.024 (0.025)	Loss 0.0299 (0.0765)	
Epoch: [66][30/67]	Time 0.330 (0.327)	Data 0.025 (0.025)	Loss 0.0571 (0.0764)	
Epoch: [66][40/67]	Time 0.330 (0.327)	Data 0.024 (0.025)	Loss 0.0363 (0.0764)	
Epoch: [66][50/67]	Time 0.333 (0.327)	Data 0.025 (0.025)	Loss 0.0707 (0.0764)	
Epoch: [66][60/67]	Time 0.326 (0.327)	Data 0.025 (0.025)	Loss 0.0610 (0.0763)	
Test: [0/17]	Time 0.124 (0.124)	Loss 0.0432 (0.0432)	Prec@1 0.000 (0.000)	Prec@5 0.000 (0.000)
Test: [10/17]	Time 0.132 (0.128)	Loss 0.0629 (0.0641)	Prec@1 0.000 (0.000)	Prec@5 0.000 (0.000)
Overall Acc: 	 0.8514318893204874
Mean Acc : 	 0.5
FreqW Acc : 	 0.7249362621518547
Mean IoU : 	 0.4257159446602437
* Test:	Time 0.092 (0.127)	Loss 0.0884 (0.0686)	
learning rate = 0.000050
Epoch: [67][0/67]	Time 0.124 (0.327)	Data 0.024 (0.025)	Loss 0.0383 (0.0763)	
Epoch: [67][10/67]	Time 0.328 (0.327)	Data 0.025 (0.025)	Loss 0.0488 (0.0763)	
Epoch: [67][20/67]	Time 0.325 (0.327)	Data 0.024 (0.025)	Loss 0.0633 (0.0762)	
Epoch: [67][30/67]	Time 0.325 (0.327)	Data 0.025 (0.025)	Loss 0.0482 (0.0762)	
Epoch: [67][40/67]	Time 0.331 (0.327)	Data 0.025 (0.025)	Loss 0.0891 (0.0762)	
Epoch: [67][50/67]	Time 0.327 (0.327)	Data 0.035 (0.025)	Loss 0.0385 (0.0761)	
Epoch: [67][60/67]	Time 0.332 (0.327)	Data 0.025 (0.025)	Loss 0.0472 (0.0761)	
Test: [0/17]	Time 0.123 (0.123)	Loss 0.0680 (0.0680)	Prec@1 0.000 (0.000)	Prec@5 0.000 (0.000)
Test: [10/17]	Time 0.129 (0.128)	Loss 0.0707 (0.0652)	Prec@1 0.000 (0.000)	Prec@5 0.000 (0.000)
Overall Acc: 	 0.8516053157066231
Mean Acc : 	 0.5
FreqW Acc : 	 0.7252316137397773
Mean IoU : 	 0.42580265785331156
* Test:	Time 0.093 (0.127)	Loss 0.0305 (0.0679)	
learning rate = 0.000050
Epoch: [68][0/67]	Time 0.126 (0.327)	Data 0.024 (0.025)	Loss 0.0339 (0.0760)	
Epoch: [68][10/67]	Time 0.328 (0.327)	Data 0.025 (0.025)	Loss 0.0310 (0.0760)	
Epoch: [68][20/67]	Time 0.332 (0.327)	Data 0.024 (0.025)	Loss 0.0541 (0.0759)	
Epoch: [68][30/67]	Time 0.327 (0.327)	Data 0.024 (0.025)	Loss 0.0442 (0.0759)	
Epoch: [68][40/67]	Time 0.330 (0.327)	Data 0.024 (0.025)	Loss 0.0748 (0.0759)	
Epoch: [68][50/67]	Time 0.324 (0.327)	Data 0.024 (0.025)	Loss 0.0420 (0.0759)	
Epoch: [68][60/67]	Time 0.331 (0.327)	Data 0.025 (0.025)	Loss 0.0792 (0.0758)	
Test: [0/17]	Time 0.124 (0.124)	Loss 0.0687 (0.0687)	Prec@1 0.000 (0.000)	Prec@5 0.000 (0.000)
Test: [10/17]	Time 0.132 (0.130)	Loss 0.0347 (0.0634)	Prec@1 0.000 (0.000)	Prec@5 0.000 (0.000)
Overall Acc: 	 0.8512488977232976
Mean Acc : 	 0.5
FreqW Acc : 	 0.7246246858751292
Mean IoU : 	 0.4256244488616488
* Test:	Time 0.095 (0.127)	Loss 0.0232 (0.0673)	
learning rate = 0.000050
Epoch: [69][0/67]	Time 0.127 (0.327)	Data 0.024 (0.025)	Loss 0.0615 (0.0758)	
Epoch: [69][10/67]	Time 0.323 (0.327)	Data 0.025 (0.025)	Loss 0.0779 (0.0757)	
Epoch: [69][20/67]	Time 0.328 (0.327)	Data 0.024 (0.025)	Loss 0.0364 (0.0757)	
Epoch: [69][30/67]	Time 0.334 (0.327)	Data 0.024 (0.025)	Loss 0.0722 (0.0757)	
Epoch: [69][40/67]	Time 0.326 (0.327)	Data 0.025 (0.025)	Loss 0.0276 (0.0756)	
Epoch: [69][50/67]	Time 0.327 (0.327)	Data 0.025 (0.025)	Loss 0.0916 (0.0756)	
Epoch: [69][60/67]	Time 0.327 (0.327)	Data 0.024 (0.025)	Loss 0.0787 (0.0755)	
Test: [0/17]	Time 0.125 (0.125)	Loss 0.0793 (0.0793)	Prec@1 0.000 (0.000)	Prec@5 0.000 (0.000)
Test: [10/17]	Time 0.134 (0.128)	Loss 0.0287 (0.0674)	Prec@1 0.000 (0.000)	Prec@5 0.000 (0.000)
Overall Acc: 	 0.8520683174702659
Mean Acc : 	 0.5
FreqW Acc : 	 0.7260204176366098
Mean IoU : 	 0.42603415873513295
* Test:	Time 0.095 (0.126)	Loss 0.0707 (0.0682)	
learning rate = 0.000050
Epoch: [70][0/67]	Time 0.125 (0.327)	Data 0.025 (0.025)	Loss 0.0759 (0.0755)	
Epoch: [70][10/67]	Time 0.329 (0.327)	Data 0.024 (0.025)	Loss 0.0566 (0.0755)	
Epoch: [70][20/67]	Time 0.325 (0.327)	Data 0.025 (0.025)	Loss 0.0371 (0.0754)	
Epoch: [70][30/67]	Time 0.334 (0.327)	Data 0.025 (0.025)	Loss 0.0802 (0.0754)	
Epoch: [70][40/67]	Time 0.331 (0.327)	Data 0.025 (0.025)	Loss 0.0517 (0.0754)	
Epoch: [70][50/67]	Time 0.329 (0.327)	Data 0.025 (0.025)	Loss 0.0644 (0.0754)	
Epoch: [70][60/67]	Time 0.328 (0.327)	Data 0.024 (0.025)	Loss 0.0447 (0.0753)	
Test: [0/17]	Time 0.124 (0.124)	Loss 0.2108 (0.2108)	Prec@1 0.000 (0.000)	Prec@5 0.000 (0.000)
Test: [10/17]	Time 0.130 (0.129)	Loss 0.0762 (0.0745)	Prec@1 0.000 (0.000)	Prec@5 0.000 (0.000)
Overall Acc: 	 0.8514610404398903
Mean Acc : 	 0.5
FreqW Acc : 	 0.7249859033869805
Mean IoU : 	 0.4257305202199452
* Test:	Time 0.110 (0.127)	Loss 0.1137 (0.0684)	
learning rate = 0.000050
Epoch: [71][0/67]	Time 0.126 (0.327)	Data 0.024 (0.025)	Loss 0.0921 (0.0753)	
Epoch: [71][10/67]	Time 0.332 (0.327)	Data 0.025 (0.025)	Loss 0.0642 (0.0753)	
Epoch: [71][20/67]	Time 0.328 (0.327)	Data 0.024 (0.025)	Loss 0.0462 (0.0752)	
Epoch: [71][30/67]	Time 0.326 (0.327)	Data 0.025 (0.025)	Loss 0.0320 (0.0752)	
Epoch: [71][40/67]	Time 0.329 (0.327)	Data 0.025 (0.025)	Loss 0.0488 (0.0751)	
Epoch: [71][50/67]	Time 0.326 (0.327)	Data 0.025 (0.025)	Loss 0.0419 (0.0751)	
Epoch: [71][60/67]	Time 0.331 (0.327)	Data 0.025 (0.025)	Loss 0.0492 (0.0751)	
Test: [0/17]	Time 0.124 (0.124)	Loss 0.0673 (0.0673)	Prec@1 0.000 (0.000)	Prec@5 0.000 (0.000)
Test: [10/17]	Time 0.130 (0.129)	Loss 0.0710 (0.0677)	Prec@1 0.000 (0.000)	Prec@5 0.000 (0.000)
Overall Acc: 	 0.851679787706973
Mean Acc : 	 0.5
FreqW Acc : 	 0.7253584607885946
Mean IoU : 	 0.4258398938534865
* Test:	Time 0.093 (0.126)	Loss 0.1066 (0.0785)	
learning rate = 0.000050
Epoch: [72][0/67]	Time 0.126 (0.327)	Data 0.024 (0.025)	Loss 0.0603 (0.0751)	
Epoch: [72][10/67]	Time 0.330 (0.327)	Data 0.025 (0.025)	Loss 0.0595 (0.0750)	
Epoch: [72][20/67]	Time 0.328 (0.327)	Data 0.025 (0.025)	Loss 0.0632 (0.0750)	
Epoch: [72][30/67]	Time 0.333 (0.327)	Data 0.025 (0.025)	Loss 0.0453 (0.0750)	
Epoch: [72][40/67]	Time 0.326 (0.327)	Data 0.024 (0.025)	Loss 0.0399 (0.0749)	
Epoch: [72][50/67]	Time 0.330 (0.327)	Data 0.024 (0.025)	Loss 0.0868 (0.0749)	
Epoch: [72][60/67]	Time 0.331 (0.327)	Data 0.024 (0.025)	Loss 0.0509 (0.0749)	
Test: [0/17]	Time 0.124 (0.124)	Loss 0.0616 (0.0616)	Prec@1 0.000 (0.000)	Prec@5 0.000 (0.000)
Test: [10/17]	Time 0.136 (0.129)	Loss 0.0852 (0.0685)	Prec@1 0.000 (0.000)	Prec@5 0.000 (0.000)
Overall Acc: 	 0.8517695184963853
Mean Acc : 	 0.5
FreqW Acc : 	 0.725511312639564
Mean IoU : 	 0.42588475924819263
* Test:	Time 0.093 (0.126)	Loss 0.0769 (0.0689)	
learning rate = 0.000050
Epoch: [73][0/67]	Time 0.127 (0.327)	Data 0.024 (0.025)	Loss 0.0465 (0.0749)	
Epoch: [73][10/67]	Time 0.329 (0.327)	Data 0.025 (0.025)	Loss 0.0419 (0.0749)	
Epoch: [73][20/67]	Time 0.327 (0.327)	Data 0.024 (0.025)	Loss 0.0720 (0.0748)	
Epoch: [73][30/67]	Time 0.329 (0.327)	Data 0.024 (0.025)	Loss 0.0622 (0.0748)	
Epoch: [73][40/67]	Time 0.327 (0.327)	Data 0.024 (0.025)	Loss 0.0508 (0.0747)	
Epoch: [73][50/67]	Time 0.332 (0.327)	Data 0.025 (0.025)	Loss 0.0646 (0.0747)	
Epoch: [73][60/67]	Time 0.328 (0.327)	Data 0.025 (0.025)	Loss 0.0407 (0.0747)	
Test: [0/17]	Time 0.125 (0.125)	Loss 0.0958 (0.0958)	Prec@1 0.000 (0.000)	Prec@5 0.000 (0.000)
Test: [10/17]	Time 0.131 (0.129)	Loss 0.0311 (0.0700)	Prec@1 0.000 (0.000)	Prec@5 0.000 (0.000)
Overall Acc: 	 0.8518652844784865
Mean Acc : 	 0.5
FreqW Acc : 	 0.7256744628996128
Mean IoU : 	 0.42593264223924326
* Test:	Time 0.095 (0.127)	Loss 0.0628 (0.0668)	
learning rate = 0.000050
Epoch: [74][0/67]	Time 0.126 (0.327)	Data 0.024 (0.025)	Loss 0.0445 (0.0746)	
Epoch: [74][10/67]	Time 0.329 (0.327)	Data 0.025 (0.025)	Loss 0.0263 (0.0746)	
Epoch: [74][20/67]	Time 0.326 (0.327)	Data 0.025 (0.025)	Loss 0.0636 (0.0746)	
Epoch: [74][30/67]	Time 0.329 (0.327)	Data 0.025 (0.025)	Loss 0.0594 (0.0745)	
Epoch: [74][40/67]	Time 0.329 (0.327)	Data 0.025 (0.025)	Loss 0.0677 (0.0745)	
Epoch: [74][50/67]	Time 0.330 (0.327)	Data 0.036 (0.025)	Loss 0.0408 (0.0745)	
Epoch: [74][60/67]	Time 0.332 (0.327)	Data 0.025 (0.025)	Loss 0.0502 (0.0745)	
Test: [0/17]	Time 0.125 (0.125)	Loss 0.0351 (0.0351)	Prec@1 0.000 (0.000)	Prec@5 0.000 (0.000)
Test: [10/17]	Time 0.130 (0.129)	Loss 0.0566 (0.0551)	Prec@1 0.000 (0.000)	Prec@5 0.000 (0.000)
Overall Acc: 	 0.8513675518889925
Mean Acc : 	 0.5
FreqW Acc : 	 0.7248267084094563
Mean IoU : 	 0.42568377594449625
* Test:	Time 0.092 (0.126)	Loss 0.0657 (0.0669)	
learning rate = 0.000050
Epoch: [75][0/67]	Time 0.126 (0.327)	Data 0.024 (0.025)	Loss 0.0582 (0.0744)	
Epoch: [75][10/67]	Time 0.330 (0.327)	Data 0.025 (0.025)	Loss 0.0426 (0.0744)	
Epoch: [75][20/67]	Time 0.328 (0.327)	Data 0.024 (0.025)	Loss 0.0516 (0.0744)	
Epoch: [75][30/67]	Time 0.329 (0.327)	Data 0.025 (0.025)	Loss 0.0669 (0.0743)	
Epoch: [75][40/67]	Time 0.331 (0.327)	Data 0.025 (0.025)	Loss 0.0371 (0.0743)	
Epoch: [75][50/67]	Time 0.330 (0.327)	Data 0.025 (0.025)	Loss 0.0677 (0.0742)	
Epoch: [75][60/67]	Time 0.324 (0.327)	Data 0.025 (0.025)	Loss 0.0622 (0.0742)	
Test: [0/17]	Time 0.126 (0.126)	Loss 0.0566 (0.0566)	Prec@1 0.000 (0.000)	Prec@5 0.000 (0.000)
Test: [10/17]	Time 0.131 (0.129)	Loss 0.0915 (0.0620)	Prec@1 0.000 (0.000)	Prec@5 0.000 (0.000)
Overall Acc: 	 0.8521286693971548
Mean Acc : 	 0.5
FreqW Acc : 	 0.7261232692085655
Mean IoU : 	 0.4260643346985774
* Test:	Time 0.093 (0.127)	Loss 0.0907 (0.0687)	
learning rate = 0.000050
Epoch: [76][0/67]	Time 0.123 (0.327)	Data 0.024 (0.025)	Loss 0.0439 (0.0742)	
Epoch: [76][10/67]	Time 0.331 (0.327)	Data 0.024 (0.025)	Loss 0.0262 (0.0741)	
Epoch: [76][20/67]	Time 0.330 (0.327)	Data 0.024 (0.025)	Loss 0.0655 (0.0741)	
Epoch: [76][30/67]	Time 0.328 (0.327)	Data 0.025 (0.025)	Loss 0.0819 (0.0741)	
Epoch: [76][40/67]	Time 0.326 (0.327)	Data 0.025 (0.025)	Loss 0.0654 (0.0741)	
Epoch: [76][50/67]	Time 0.332 (0.327)	Data 0.024 (0.025)	Loss 0.0657 (0.0740)	
Epoch: [76][60/67]	Time 0.330 (0.327)	Data 0.025 (0.025)	Loss 0.0674 (0.0740)	
Test: [0/17]	Time 0.124 (0.124)	Loss 0.0355 (0.0355)	Prec@1 0.000 (0.000)	Prec@5 0.000 (0.000)
Test: [10/17]	Time 0.130 (0.128)	Loss 0.1026 (0.0704)	Prec@1 0.000 (0.000)	Prec@5 0.000 (0.000)
Overall Acc: 	 0.8509370035199977
Mean Acc : 	 0.5
FreqW Acc : 	 0.7240937839595926
Mean IoU : 	 0.42546850175999884
* Test:	Time 0.094 (0.127)	Loss 0.0488 (0.0695)	
learning rate = 0.000050
Epoch: [77][0/67]	Time 0.123 (0.327)	Data 0.024 (0.025)	Loss 0.0475 (0.0740)	
Epoch: [77][10/67]	Time 0.328 (0.327)	Data 0.025 (0.025)	Loss 0.0624 (0.0740)	
Epoch: [77][20/67]	Time 0.333 (0.327)	Data 0.025 (0.025)	Loss 0.0850 (0.0739)	
Epoch: [77][30/67]	Time 0.328 (0.327)	Data 0.025 (0.025)	Loss 0.0373 (0.0739)	
Epoch: [77][40/67]	Time 0.331 (0.327)	Data 0.025 (0.025)	Loss 0.0293 (0.0739)	
Epoch: [77][50/67]	Time 0.325 (0.327)	Data 0.025 (0.025)	Loss 0.0879 (0.0738)	
Epoch: [77][60/67]	Time 0.328 (0.327)	Data 0.025 (0.025)	Loss 0.0603 (0.0738)	
Test: [0/17]	Time 0.125 (0.125)	Loss 0.0903 (0.0903)	Prec@1 0.000 (0.000)	Prec@5 0.000 (0.000)
Test: [10/17]	Time 0.129 (0.129)	Loss 0.0444 (0.0705)	Prec@1 0.000 (0.000)	Prec@5 0.000 (0.000)
Overall Acc: 	 0.8520366611765392
Mean Acc : 	 0.5
FreqW Acc : 	 0.7259664719888647
Mean IoU : 	 0.4260183305882696
* Test:	Time 0.096 (0.126)	Loss 0.0618 (0.0667)	
learning rate = 0.000050
Epoch: [78][0/67]	Time 0.128 (0.327)	Data 0.024 (0.025)	Loss 0.1044 (0.0738)	
Epoch: [78][10/67]	Time 0.326 (0.327)	Data 0.024 (0.025)	Loss 0.0758 (0.0737)	
Epoch: [78][20/67]	Time 0.330 (0.327)	Data 0.026 (0.025)	Loss 0.0392 (0.0737)	
Epoch: [78][30/67]	Time 0.326 (0.327)	Data 0.024 (0.025)	Loss 0.0463 (0.0737)	
Epoch: [78][40/67]	Time 0.327 (0.327)	Data 0.025 (0.025)	Loss 0.0556 (0.0736)	
Epoch: [78][50/67]	Time 0.327 (0.327)	Data 0.025 (0.025)	Loss 0.0340 (0.0736)	
Epoch: [78][60/67]	Time 0.327 (0.327)	Data 0.025 (0.025)	Loss 0.1097 (0.0736)	
Test: [0/17]	Time 0.124 (0.124)	Loss 0.0435 (0.0435)	Prec@1 0.000 (0.000)	Prec@5 0.000 (0.000)
Test: [10/17]	Time 0.140 (0.131)	Loss 0.0338 (0.0637)	Prec@1 0.000 (0.000)	Prec@5 0.000 (0.000)
Overall Acc: 	 0.8516097566974696
Mean Acc : 	 0.5
FreqW Acc : 	 0.7252391777023234
Mean IoU : 	 0.4258048783487348
* Test:	Time 0.092 (0.128)	Loss 0.1480 (0.0680)	
learning rate = 0.000050
Epoch: [79][0/67]	Time 0.124 (0.327)	Data 0.025 (0.025)	Loss 0.0522 (0.0735)	
Epoch: [79][10/67]	Time 0.332 (0.327)	Data 0.024 (0.025)	Loss 0.0284 (0.0735)	
Epoch: [79][20/67]	Time 0.325 (0.327)	Data 0.024 (0.025)	Loss 0.0668 (0.0735)	
Epoch: [79][30/67]	Time 0.331 (0.327)	Data 0.025 (0.025)	Loss 0.0664 (0.0735)	
Epoch: [79][40/67]	Time 0.329 (0.327)	Data 0.028 (0.025)	Loss 0.0732 (0.0734)	
Epoch: [79][50/67]	Time 0.329 (0.327)	Data 0.024 (0.025)	Loss 0.0534 (0.0734)	
Epoch: [79][60/67]	Time 0.328 (0.327)	Data 0.025 (0.025)	Loss 0.0620 (0.0734)	
Test: [0/17]	Time 0.124 (0.124)	Loss 0.0803 (0.0803)	Prec@1 0.000 (0.000)	Prec@5 0.000 (0.000)
Test: [10/17]	Time 0.130 (0.130)	Loss 0.0314 (0.0629)	Prec@1 0.000 (0.000)	Prec@5 0.000 (0.000)
Overall Acc: 	 0.8511108853923741
Mean Acc : 	 0.5
FreqW Acc : 	 0.724389739233391
Mean IoU : 	 0.42555544269618706
* Test:	Time 0.097 (0.127)	Loss 0.2002 (0.0690)	
learning rate = 0.000050
Epoch: [80][0/67]	Time 0.128 (0.327)	Data 0.025 (0.025)	Loss 0.0747 (0.0733)	
Epoch: [80][10/67]	Time 0.328 (0.327)	Data 0.026 (0.025)	Loss 0.0624 (0.0733)	
Epoch: [80][20/67]	Time 0.326 (0.327)	Data 0.025 (0.025)	Loss 0.0849 (0.0733)	
Epoch: [80][30/67]	Time 0.325 (0.327)	Data 0.035 (0.025)	Loss 0.0297 (0.0732)	
Epoch: [80][40/67]	Time 0.332 (0.327)	Data 0.025 (0.025)	Loss 0.0837 (0.0732)	
Epoch: [80][50/67]	Time 0.326 (0.327)	Data 0.025 (0.025)	Loss 0.0374 (0.0732)	
Epoch: [80][60/67]	Time 0.331 (0.327)	Data 0.024 (0.025)	Loss 0.0703 (0.0731)	
Test: [0/17]	Time 0.123 (0.123)	Loss 0.0399 (0.0399)	Prec@1 0.000 (0.000)	Prec@5 0.000 (0.000)
Test: [10/17]	Time 0.127 (0.128)	Loss 0.0567 (0.0648)	Prec@1 0.000 (0.000)	Prec@5 0.000 (0.000)
Overall Acc: 	 0.8507836185284515
Mean Acc : 	 0.5
FreqW Acc : 	 0.7238327655563658
Mean IoU : 	 0.42539180926422576
* Test:	Time 0.092 (0.126)	Loss 0.0792 (0.0667)	
learning rate = 0.000050
Epoch: [81][0/67]	Time 0.127 (0.327)	Data 0.024 (0.025)	Loss 0.0409 (0.0731)	
Epoch: [81][10/67]	Time 0.327 (0.327)	Data 0.024 (0.025)	Loss 0.0658 (0.0731)	
Epoch: [81][20/67]	Time 0.327 (0.327)	Data 0.025 (0.025)	Loss 0.0319 (0.0731)	
Epoch: [81][30/67]	Time 0.329 (0.327)	Data 0.025 (0.025)	Loss 0.0815 (0.0730)	
Epoch: [81][40/67]	Time 0.329 (0.327)	Data 0.024 (0.025)	Loss 0.0579 (0.0730)	
Epoch: [81][50/67]	Time 0.331 (0.327)	Data 0.025 (0.025)	Loss 0.0268 (0.0730)	
Epoch: [81][60/67]	Time 0.328 (0.327)	Data 0.025 (0.025)	Loss 0.0765 (0.0730)	
Test: [0/17]	Time 0.124 (0.124)	Loss 0.0666 (0.0666)	Prec@1 0.000 (0.000)	Prec@5 0.000 (0.000)
Test: [10/17]	Time 0.129 (0.127)	Loss 0.0223 (0.0692)	Prec@1 0.000 (0.000)	Prec@5 0.000 (0.000)
Overall Acc: 	 0.8512889805124767
Mean Acc : 	 0.5
FreqW Acc : 	 0.724692928341972
Mean IoU : 	 0.42564449025623835
* Test:	Time 0.093 (0.126)	Loss 0.0456 (0.0669)	
learning rate = 0.000050
Epoch: [82][0/67]	Time 0.124 (0.327)	Data 0.024 (0.025)	Loss 0.0733 (0.0729)	
Epoch: [82][10/67]	Time 0.329 (0.327)	Data 0.025 (0.025)	Loss 0.0369 (0.0729)	
Epoch: [82][20/67]	Time 0.328 (0.327)	Data 0.025 (0.025)	Loss 0.0617 (0.0728)	
Epoch: [82][30/67]	Time 0.325 (0.327)	Data 0.025 (0.025)	Loss 0.0788 (0.0728)	
Epoch: [82][40/67]	Time 0.331 (0.327)	Data 0.025 (0.025)	Loss 0.0599 (0.0728)	
Epoch: [82][50/67]	Time 0.331 (0.327)	Data 0.025 (0.025)	Loss 0.0374 (0.0728)	
Epoch: [82][60/67]	Time 0.329 (0.327)	Data 0.025 (0.025)	Loss 0.0559 (0.0728)	
Test: [0/17]	Time 0.123 (0.123)	Loss 0.0728 (0.0728)	Prec@1 0.000 (0.000)	Prec@5 0.000 (0.000)
Test: [10/17]	Time 0.130 (0.127)	Loss 0.0423 (0.0648)	Prec@1 0.000 (0.000)	Prec@5 0.000 (0.000)
Overall Acc: 	 0.8509296018685868
Mean Acc : 	 0.5
FreqW Acc : 	 0.7240811873362316
Mean IoU : 	 0.4254648009342934
* Test:	Time 0.095 (0.125)	Loss 0.0510 (0.0676)	
learning rate = 0.000050
Epoch: [83][0/67]	Time 0.126 (0.327)	Data 0.024 (0.025)	Loss 0.0564 (0.0728)	
Epoch: [83][10/67]	Time 0.327 (0.327)	Data 0.025 (0.025)	Loss 0.0342 (0.0727)	
Epoch: [83][20/67]	Time 0.329 (0.327)	Data 0.025 (0.025)	Loss 0.0227 (0.0727)	
Epoch: [83][30/67]	Time 0.330 (0.327)	Data 0.025 (0.025)	Loss 0.0444 (0.0727)	
Epoch: [83][40/67]	Time 0.327 (0.327)	Data 0.025 (0.025)	Loss 0.0682 (0.0726)	
Epoch: [83][50/67]	Time 0.326 (0.327)	Data 0.025 (0.025)	Loss 0.0877 (0.0726)	
Epoch: [83][60/67]	Time 0.332 (0.327)	Data 0.024 (0.025)	Loss 0.0647 (0.0726)	
Test: [0/17]	Time 0.125 (0.125)	Loss 0.1944 (0.1944)	Prec@1 0.000 (0.000)	Prec@5 0.000 (0.000)
Test: [10/17]	Time 0.128 (0.128)	Loss 0.0823 (0.0744)	Prec@1 0.000 (0.000)	Prec@5 0.000 (0.000)
Overall Acc: 	 0.8511198812456273
Mean Acc : 	 0.5
FreqW Acc : 	 0.7244050522515707
Mean IoU : 	 0.42555994062281366
* Test:	Time 0.093 (0.126)	Loss 0.0676 (0.0672)	
learning rate = 0.000050
Epoch: [84][0/67]	Time 0.128 (0.327)	Data 0.024 (0.025)	Loss 0.0704 (0.0726)	
Epoch: [84][10/67]	Time 0.329 (0.327)	Data 0.025 (0.025)	Loss 0.0639 (0.0725)	
Epoch: [84][20/67]	Time 0.328 (0.327)	Data 0.025 (0.025)	Loss 0.0812 (0.0725)	
Epoch: [84][30/67]	Time 0.325 (0.327)	Data 0.024 (0.025)	Loss 0.0409 (0.0725)	
Epoch: [84][40/67]	Time 0.329 (0.327)	Data 0.024 (0.025)	Loss 0.0786 (0.0724)	
Epoch: [84][50/67]	Time 0.330 (0.327)	Data 0.024 (0.025)	Loss 0.0733 (0.0724)	
Epoch: [84][60/67]	Time 0.319 (0.327)	Data 0.025 (0.025)	Loss 0.0548 (0.0724)	
Test: [0/17]	Time 0.124 (0.124)	Loss 0.0774 (0.0774)	Prec@1 0.000 (0.000)	Prec@5 0.000 (0.000)
Test: [10/17]	Time 0.131 (0.131)	Loss 0.0943 (0.0783)	Prec@1 0.000 (0.000)	Prec@5 0.000 (0.000)
Overall Acc: 	 0.8515572619082322
Mean Acc : 	 0.5
FreqW Acc : 	 0.7251497703086456
Mean IoU : 	 0.4257786309541161
* Test:	Time 0.093 (0.127)	Loss 0.0354 (0.0704)	
learning rate = 0.000050
Epoch: [85][0/67]	Time 0.124 (0.327)	Data 0.025 (0.025)	Loss 0.0893 (0.0724)	
Epoch: [85][10/67]	Time 0.329 (0.327)	Data 0.025 (0.025)	Loss 0.0760 (0.0724)	
Epoch: [85][20/67]	Time 0.327 (0.327)	Data 0.024 (0.025)	Loss 0.0960 (0.0723)	
Epoch: [85][30/67]	Time 0.331 (0.327)	Data 0.024 (0.025)	Loss 0.0794 (0.0723)	
Epoch: [85][40/67]	Time 0.323 (0.327)	Data 0.025 (0.025)	Loss 0.0704 (0.0723)	
Epoch: [85][50/67]	Time 0.329 (0.327)	Data 0.024 (0.025)	Loss 0.0510 (0.0722)	
Epoch: [85][60/67]	Time 0.329 (0.327)	Data 0.025 (0.025)	Loss 0.0427 (0.0722)	
Test: [0/17]	Time 0.125 (0.125)	Loss 0.0910 (0.0910)	Prec@1 0.000 (0.000)	Prec@5 0.000 (0.000)
Test: [10/17]	Time 0.129 (0.128)	Loss 0.0388 (0.0728)	Prec@1 0.000 (0.000)	Prec@5 0.000 (0.000)
Overall Acc: 	 0.8504691052792678
Mean Acc : 	 0.5
FreqW Acc : 	 0.7232976990345182
Mean IoU : 	 0.4252345526396339
* Test:	Time 0.094 (0.126)	Loss 0.0408 (0.0702)	
learning rate = 0.000050
Epoch: [86][0/67]	Time 0.127 (0.327)	Data 0.024 (0.025)	Loss 0.0572 (0.0722)	
Epoch: [86][10/67]	Time 0.329 (0.327)	Data 0.025 (0.025)	Loss 0.0505 (0.0722)	
Epoch: [86][20/67]	Time 0.324 (0.327)	Data 0.025 (0.025)	Loss 0.0729 (0.0721)	
Epoch: [86][30/67]	Time 0.330 (0.327)	Data 0.025 (0.025)	Loss 0.0575 (0.0721)	
Epoch: [86][40/67]	Time 0.327 (0.327)	Data 0.025 (0.025)	Loss 0.0322 (0.0720)	
Epoch: [86][50/67]	Time 0.331 (0.327)	Data 0.024 (0.025)	Loss 0.0790 (0.0720)	
Epoch: [86][60/67]	Time 0.333 (0.327)	Data 0.025 (0.025)	Loss 0.0880 (0.0720)	
Test: [0/17]	Time 0.123 (0.123)	Loss 0.0781 (0.0781)	Prec@1 0.000 (0.000)	Prec@5 0.000 (0.000)
Test: [10/17]	Time 0.129 (0.128)	Loss 0.0484 (0.0696)	Prec@1 0.000 (0.000)	Prec@5 0.000 (0.000)
Overall Acc: 	 0.8513517237421292
Mean Acc : 	 0.5
FreqW Acc : 	 0.7247997575186946
Mean IoU : 	 0.4256758618710646
* Test:	Time 0.094 (0.126)	Loss 0.0537 (0.0694)	
learning rate = 0.000050
Epoch: [87][0/67]	Time 0.125 (0.327)	Data 0.024 (0.025)	Loss 0.0491 (0.0720)	
Epoch: [87][10/67]	Time 0.329 (0.327)	Data 0.025 (0.025)	Loss 0.0491 (0.0719)	
Epoch: [87][20/67]	Time 0.330 (0.327)	Data 0.025 (0.025)	Loss 0.0477 (0.0719)	
Epoch: [87][30/67]	Time 0.327 (0.327)	Data 0.024 (0.025)	Loss 0.0634 (0.0719)	
Epoch: [87][40/67]	Time 0.327 (0.327)	Data 0.025 (0.025)	Loss 0.1007 (0.0719)	
Epoch: [87][50/67]	Time 0.331 (0.327)	Data 0.024 (0.025)	Loss 0.0401 (0.0719)	
Epoch: [87][60/67]	Time 0.327 (0.327)	Data 0.024 (0.025)	Loss 0.0631 (0.0718)	
Test: [0/17]	Time 0.125 (0.125)	Loss 0.1679 (0.1679)	Prec@1 0.000 (0.000)	Prec@5 0.000 (0.000)
Test: [10/17]	Time 0.131 (0.129)	Loss 0.0283 (0.0739)	Prec@1 0.000 (0.000)	Prec@5 0.000 (0.000)
Overall Acc: 	 0.851146071704466
Mean Acc : 	 0.5
FreqW Acc : 	 0.7244496353779439
Mean IoU : 	 0.425573035852233
* Test:	Time 0.093 (0.126)	Loss 0.0324 (0.0681)	
learning rate = 0.000050
Epoch: [88][0/67]	Time 0.127 (0.327)	Data 0.024 (0.025)	Loss 0.0436 (0.0718)	
Epoch: [88][10/67]	Time 0.332 (0.327)	Data 0.024 (0.025)	Loss 0.0691 (0.0718)	
Epoch: [88][20/67]	Time 0.329 (0.327)	Data 0.025 (0.025)	Loss 0.0726 (0.0718)	
Epoch: [88][30/67]	Time 0.329 (0.327)	Data 0.025 (0.025)	Loss 0.0661 (0.0717)	
Epoch: [88][40/67]	Time 0.329 (0.327)	Data 0.025 (0.025)	Loss 0.0569 (0.0717)	
Epoch: [88][50/67]	Time 0.330 (0.327)	Data 0.024 (0.025)	Loss 0.0616 (0.0717)	
Epoch: [88][60/67]	Time 0.330 (0.327)	Data 0.025 (0.025)	Loss 0.0524 (0.0716)	
Test: [0/17]	Time 0.124 (0.124)	Loss 0.0641 (0.0641)	Prec@1 0.000 (0.000)	Prec@5 0.000 (0.000)
Test: [10/17]	Time 0.132 (0.128)	Loss 0.0454 (0.0742)	Prec@1 0.000 (0.000)	Prec@5 0.000 (0.000)
Overall Acc: 	 0.8517331934686917
Mean Acc : 	 0.5
FreqW Acc : 	 0.7254494328563758
Mean IoU : 	 0.42586659673434585
* Test:	Time 0.095 (0.126)	Loss 0.0523 (0.0678)	
learning rate = 0.000050
Epoch: [89][0/67]	Time 0.126 (0.327)	Data 0.024 (0.025)	Loss 0.0973 (0.0716)	
Epoch: [89][10/67]	Time 0.329 (0.327)	Data 0.024 (0.025)	Loss 0.0597 (0.0716)	
Epoch: [89][20/67]	Time 0.332 (0.327)	Data 0.025 (0.025)	Loss 0.0515 (0.0716)	
Epoch: [89][30/67]	Time 0.330 (0.327)	Data 0.025 (0.025)	Loss 0.0367 (0.0715)	
Epoch: [89][40/67]	Time 0.323 (0.327)	Data 0.024 (0.025)	Loss 0.0585 (0.0715)	
Epoch: [89][50/67]	Time 0.331 (0.327)	Data 0.025 (0.025)	Loss 0.0618 (0.0715)	
Epoch: [89][60/67]	Time 0.325 (0.327)	Data 0.025 (0.025)	Loss 0.0631 (0.0715)	
Test: [0/17]	Time 0.123 (0.123)	Loss 0.0803 (0.0803)	Prec@1 0.000 (0.000)	Prec@5 0.000 (0.000)
Test: [10/17]	Time 0.130 (0.128)	Loss 0.0712 (0.0668)	Prec@1 0.000 (0.000)	Prec@5 0.000 (0.000)
Overall Acc: 	 0.8523939901323461
Mean Acc : 	 0.5
FreqW Acc : 	 0.7265755144137421
Mean IoU : 	 0.42619699506617303
* Test:	Time 0.094 (0.126)	Loss 0.0553 (0.0697)	
learning rate = 0.000050
Epoch: [90][0/67]	Time 0.125 (0.327)	Data 0.024 (0.025)	Loss 0.0619 (0.0714)	
Epoch: [90][10/67]	Time 0.328 (0.327)	Data 0.025 (0.025)	Loss 0.0569 (0.0714)	
Epoch: [90][20/67]	Time 0.326 (0.327)	Data 0.025 (0.025)	Loss 0.0624 (0.0714)	
Epoch: [90][30/67]	Time 0.327 (0.327)	Data 0.025 (0.025)	Loss 0.0275 (0.0714)	
Epoch: [90][40/67]	Time 0.326 (0.327)	Data 0.024 (0.025)	Loss 0.0411 (0.0713)	
Epoch: [90][50/67]	Time 0.331 (0.327)	Data 0.025 (0.025)	Loss 0.0707 (0.0713)	
Epoch: [90][60/67]	Time 0.326 (0.327)	Data 0.025 (0.025)	Loss 0.0489 (0.0713)	
Test: [0/17]	Time 0.124 (0.124)	Loss 0.1610 (0.1610)	Prec@1 0.000 (0.000)	Prec@5 0.000 (0.000)
Test: [10/17]	Time 0.134 (0.128)	Loss 0.0923 (0.0753)	Prec@1 0.000 (0.000)	Prec@5 0.000 (0.000)
Overall Acc: 	 0.8515940424221665
Mean Acc : 	 0.5
FreqW Acc : 	 0.7252124130889267
Mean IoU : 	 0.42579702121108326
* Test:	Time 0.095 (0.126)	Loss 0.0366 (0.0724)	
learning rate = 0.000050
Epoch: [91][0/67]	Time 0.125 (0.327)	Data 0.024 (0.025)	Loss 0.0610 (0.0713)	
Epoch: [91][10/67]	Time 0.328 (0.327)	Data 0.025 (0.025)	Loss 0.0556 (0.0713)	
Epoch: [91][20/67]	Time 0.323 (0.327)	Data 0.024 (0.025)	Loss 0.0160 (0.0712)	
Epoch: [91][30/67]	Time 0.327 (0.327)	Data 0.025 (0.025)	Loss 0.0881 (0.0712)	
Epoch: [91][40/67]	Time 0.332 (0.327)	Data 0.025 (0.025)	Loss 0.0706 (0.0712)	
Epoch: [91][50/67]	Time 0.330 (0.327)	Data 0.025 (0.025)	Loss 0.0480 (0.0712)	
Epoch: [91][60/67]	Time 0.327 (0.327)	Data 0.024 (0.025)	Loss 0.0647 (0.0711)	
Test: [0/17]	Time 0.126 (0.126)	Loss 0.0407 (0.0407)	Prec@1 0.000 (0.000)	Prec@5 0.000 (0.000)
Test: [10/17]	Time 0.130 (0.128)	Loss 0.0536 (0.0669)	Prec@1 0.000 (0.000)	Prec@5 0.000 (0.000)
Overall Acc: 	 0.8516824067528568
Mean Acc : 	 0.5
FreqW Acc : 	 0.7253629219723385
Mean IoU : 	 0.4258412033764284
* Test:	Time 0.092 (0.126)	Loss 0.0780 (0.0690)	
learning rate = 0.000050
Epoch: [92][0/67]	Time 0.126 (0.327)	Data 0.024 (0.025)	Loss 0.0368 (0.0711)	
Epoch: [92][10/67]	Time 0.327 (0.327)	Data 0.025 (0.025)	Loss 0.0371 (0.0711)	
Epoch: [92][20/67]	Time 0.325 (0.327)	Data 0.025 (0.025)	Loss 0.0483 (0.0711)	
Epoch: [92][30/67]	Time 0.325 (0.327)	Data 0.025 (0.025)	Loss 0.0294 (0.0710)	
Epoch: [92][40/67]	Time 0.327 (0.327)	Data 0.025 (0.025)	Loss 0.0579 (0.0710)	
Epoch: [92][50/67]	Time 0.329 (0.327)	Data 0.025 (0.025)	Loss 0.0341 (0.0710)	
Epoch: [92][60/67]	Time 0.329 (0.327)	Data 0.025 (0.025)	Loss 0.0554 (0.0710)	
Test: [0/17]	Time 0.135 (0.135)	Loss 0.0397 (0.0397)	Prec@1 0.000 (0.000)	Prec@5 0.000 (0.000)
Test: [10/17]	Time 0.137 (0.130)	Loss 0.0504 (0.0717)	Prec@1 0.000 (0.000)	Prec@5 0.000 (0.000)
Overall Acc: 	 0.851618752550723
Mean Acc : 	 0.5
FreqW Acc : 	 0.7252544996960495
Mean IoU : 	 0.4258093762753615
* Test:	Time 0.093 (0.127)	Loss 0.0571 (0.0679)	
learning rate = 0.000050
Epoch: [93][0/67]	Time 0.124 (0.327)	Data 0.025 (0.025)	Loss 0.0490 (0.0709)	
Epoch: [93][10/67]	Time 0.331 (0.327)	Data 0.025 (0.025)	Loss 0.0552 (0.0709)	
Epoch: [93][20/67]	Time 0.325 (0.327)	Data 0.024 (0.025)	Loss 0.0705 (0.0709)	
Epoch: [93][30/67]	Time 0.329 (0.327)	Data 0.025 (0.025)	Loss 0.0213 (0.0709)	
Epoch: [93][40/67]	Time 0.327 (0.327)	Data 0.025 (0.025)	Loss 0.0549 (0.0708)	
Epoch: [93][50/67]	Time 0.325 (0.327)	Data 0.025 (0.025)	Loss 0.0552 (0.0708)	
Epoch: [93][60/67]	Time 0.333 (0.327)	Data 0.025 (0.025)	Loss 0.0379 (0.0708)	
Test: [0/17]	Time 0.124 (0.124)	Loss 0.1431 (0.1431)	Prec@1 0.000 (0.000)	Prec@5 0.000 (0.000)
Test: [10/17]	Time 0.130 (0.127)	Loss 0.0725 (0.0722)	Prec@1 0.000 (0.000)	Prec@5 0.000 (0.000)
Overall Acc: 	 0.8515752536147388
Mean Acc : 	 0.5
FreqW Acc : 	 0.7251804125690068
Mean IoU : 	 0.4257876268073694
* Test:	Time 0.094 (0.125)	Loss 0.0506 (0.0713)	
learning rate = 0.000050
Epoch: [94][0/67]	Time 0.125 (0.327)	Data 0.024 (0.025)	Loss 0.0628 (0.0708)	
Epoch: [94][10/67]	Time 0.330 (0.327)	Data 0.025 (0.025)	Loss 0.0621 (0.0707)	
Epoch: [94][20/67]	Time 0.324 (0.327)	Data 0.024 (0.025)	Loss 0.0703 (0.0707)	
Epoch: [94][30/67]	Time 0.330 (0.327)	Data 0.025 (0.025)	Loss 0.0815 (0.0707)	
Epoch: [94][40/67]	Time 0.328 (0.327)	Data 0.025 (0.025)	Loss 0.0424 (0.0707)	
Epoch: [94][50/67]	Time 0.328 (0.327)	Data 0.025 (0.025)	Loss 0.0504 (0.0706)	
Epoch: [94][60/67]	Time 0.333 (0.327)	Data 0.025 (0.025)	Loss 0.0601 (0.0706)	
Test: [0/17]	Time 0.123 (0.123)	Loss 0.0273 (0.0273)	Prec@1 0.000 (0.000)	Prec@5 0.000 (0.000)
Test: [10/17]	Time 0.131 (0.128)	Loss 0.0533 (0.0632)	Prec@1 0.000 (0.000)	Prec@5 0.000 (0.000)
Overall Acc: 	 0.8516617960004664
Mean Acc : 	 0.5
FreqW Acc : 	 0.7253278147667401
Mean IoU : 	 0.4258308980002332
* Test:	Time 0.100 (0.127)	Loss 0.0482 (0.0673)	
learning rate = 0.000050
Epoch: [95][0/67]	Time 0.124 (0.327)	Data 0.025 (0.025)	Loss 0.0574 (0.0706)	
Epoch: [95][10/67]	Time 0.327 (0.327)	Data 0.025 (0.025)	Loss 0.0920 (0.0705)	
Epoch: [95][20/67]	Time 0.327 (0.327)	Data 0.024 (0.025)	Loss 0.0495 (0.0705)	
Epoch: [95][30/67]	Time 0.330 (0.327)	Data 0.025 (0.025)	Loss 0.0390 (0.0705)	
Epoch: [95][40/67]	Time 0.327 (0.327)	Data 0.025 (0.025)	Loss 0.0534 (0.0704)	
Epoch: [95][50/67]	Time 0.326 (0.327)	Data 0.024 (0.025)	Loss 0.0386 (0.0704)	
Epoch: [95][60/67]	Time 0.329 (0.327)	Data 0.025 (0.025)	Loss 0.0439 (0.0704)	
Test: [0/17]	Time 0.124 (0.124)	Loss 0.0426 (0.0426)	Prec@1 0.000 (0.000)	Prec@5 0.000 (0.000)
Test: [10/17]	Time 0.130 (0.128)	Loss 0.1360 (0.0786)	Prec@1 0.000 (0.000)	Prec@5 0.000 (0.000)
Overall Acc: 	 0.8512248708241021
Mean Acc : 	 0.5
FreqW Acc : 	 0.7245837807095094
Mean IoU : 	 0.42561243541205107
* Test:	Time 0.095 (0.125)	Loss 0.0413 (0.0715)	
learning rate = 0.000050
Epoch: [96][0/67]	Time 0.125 (0.327)	Data 0.024 (0.025)	Loss 0.0760 (0.0704)	
Epoch: [96][10/67]	Time 0.328 (0.327)	Data 0.025 (0.025)	Loss 0.0451 (0.0704)	
Epoch: [96][20/67]	Time 0.330 (0.327)	Data 0.025 (0.025)	Loss 0.0304 (0.0703)	
Epoch: [96][30/67]	Time 0.327 (0.327)	Data 0.025 (0.025)	Loss 0.0616 (0.0703)	
Epoch: [96][40/67]	Time 0.325 (0.327)	Data 0.024 (0.025)	Loss 0.0469 (0.0703)	
Epoch: [96][50/67]	Time 0.330 (0.327)	Data 0.024 (0.025)	Loss 0.1086 (0.0703)	
Epoch: [96][60/67]	Time 0.326 (0.327)	Data 0.024 (0.025)	Loss 0.0701 (0.0702)	
Test: [0/17]	Time 0.123 (0.123)	Loss 0.0645 (0.0645)	Prec@1 0.000 (0.000)	Prec@5 0.000 (0.000)
Test: [10/17]	Time 0.127 (0.129)	Loss 0.0615 (0.0792)	Prec@1 0.000 (0.000)	Prec@5 0.000 (0.000)
Overall Acc: 	 0.8510849226766558
Mean Acc : 	 0.5
FreqW Acc : 	 0.7243455456075292
Mean IoU : 	 0.4255424613383279
* Test:	Time 0.094 (0.126)	Loss 0.0491 (0.0679)	
learning rate = 0.000050
Epoch: [97][0/67]	Time 0.126 (0.326)	Data 0.024 (0.025)	Loss 0.0638 (0.0702)	
Epoch: [97][10/67]	Time 0.331 (0.327)	Data 0.025 (0.025)	Loss 0.0407 (0.0702)	
Epoch: [97][20/67]	Time 0.327 (0.327)	Data 0.025 (0.025)	Loss 0.0374 (0.0702)	
Epoch: [97][30/67]	Time 0.330 (0.327)	Data 0.025 (0.025)	Loss 0.0517 (0.0701)	
Epoch: [97][40/67]	Time 0.325 (0.327)	Data 0.024 (0.025)	Loss 0.0340 (0.0701)	
Epoch: [97][50/67]	Time 0.333 (0.327)	Data 0.025 (0.025)	Loss 0.0403 (0.0701)	
Epoch: [97][60/67]	Time 0.326 (0.327)	Data 0.024 (0.025)	Loss 0.0504 (0.0700)	
Test: [0/17]	Time 0.124 (0.124)	Loss 0.0841 (0.0841)	Prec@1 0.000 (0.000)	Prec@5 0.000 (0.000)
Test: [10/17]	Time 0.138 (0.129)	Loss 0.0685 (0.0661)	Prec@1 0.000 (0.000)	Prec@5 0.000 (0.000)
Overall Acc: 	 0.8508637841068097
Mean Acc : 	 0.5
FreqW Acc : 	 0.7239691791045597
Mean IoU : 	 0.42543189205340487
* Test:	Time 0.094 (0.126)	Loss 0.0182 (0.0670)	
learning rate = 0.000050
Epoch: [98][0/67]	Time 0.125 (0.326)	Data 0.024 (0.025)	Loss 0.0344 (0.0700)	
Epoch: [98][10/67]	Time 0.329 (0.326)	Data 0.025 (0.025)	Loss 0.0402 (0.0700)	
Epoch: [98][20/67]	Time 0.328 (0.326)	Data 0.025 (0.025)	Loss 0.0470 (0.0700)	
Epoch: [98][30/67]	Time 0.330 (0.327)	Data 0.025 (0.025)	Loss 0.0664 (0.0700)	
Epoch: [98][40/67]	Time 0.328 (0.327)	Data 0.025 (0.025)	Loss 0.0491 (0.0699)	
Epoch: [98][50/67]	Time 0.327 (0.327)	Data 0.025 (0.025)	Loss 0.0936 (0.0699)	
Epoch: [98][60/67]	Time 0.332 (0.327)	Data 0.025 (0.025)	Loss 0.0692 (0.0699)	
Test: [0/17]	Time 0.123 (0.123)	Loss 0.0583 (0.0583)	Prec@1 0.000 (0.000)	Prec@5 0.000 (0.000)
Test: [10/17]	Time 0.129 (0.128)	Loss 0.0500 (0.0688)	Prec@1 0.000 (0.000)	Prec@5 0.000 (0.000)
Overall Acc: 	 0.8518646012491254
Mean Acc : 	 0.5
FreqW Acc : 	 0.7256732988613315
Mean IoU : 	 0.4259323006245627
* Test:	Time 0.094 (0.125)	Loss 0.1126 (0.0670)	
learning rate = 0.000050
Epoch: [99][0/67]	Time 0.128 (0.327)	Data 0.025 (0.025)	Loss 0.0781 (0.0699)	
Epoch: [99][10/67]	Time 0.323 (0.327)	Data 0.025 (0.025)	Loss 0.0398 (0.0698)	
Epoch: [99][20/67]	Time 0.328 (0.327)	Data 0.024 (0.025)	Loss 0.0510 (0.0698)	
Epoch: [99][30/67]	Time 0.328 (0.327)	Data 0.024 (0.025)	Loss 0.0596 (0.0698)	
Epoch: [99][40/67]	Time 0.327 (0.327)	Data 0.024 (0.025)	Loss 0.0353 (0.0698)	
Epoch: [99][50/67]	Time 0.324 (0.327)	Data 0.025 (0.025)	Loss 0.0577 (0.0697)	
Epoch: [99][60/67]	Time 0.324 (0.327)	Data 0.025 (0.025)	Loss 0.0607 (0.0697)	
Test: [0/17]	Time 0.124 (0.124)	Loss 0.0717 (0.0717)	Prec@1 0.000 (0.000)	Prec@5 0.000 (0.000)
Test: [10/17]	Time 0.131 (0.129)	Loss 0.0476 (0.0641)	Prec@1 0.000 (0.000)	Prec@5 0.000 (0.000)
Overall Acc: 	 0.8514461232655084
Mean Acc : 	 0.5
FreqW Acc : 	 0.7249605008238633
Mean IoU : 	 0.4257230616327542
* Test:	Time 0.102 (0.127)	Loss 0.0482 (0.0684)	
