start training
learning rate = 0.000100
Epoch: [0][0/34]	Time 21.022 (21.022)	Data 0.222 (0.222)	Loss 1.1670 (1.1670)	
Epoch: [0][10/34]	Time 1.074 (2.907)	Data 0.076 (0.122)	Loss 0.6537 (0.9537)	
Epoch: [0][20/34]	Time 1.073 (2.033)	Data 0.071 (0.099)	Loss 0.6287 (0.8164)	
Epoch: [0][30/34]	Time 1.073 (1.723)	Data 0.069 (0.090)	Loss 0.7790 (0.7529)	
Test: [0/9]	Time 0.487 (0.487)	Loss 0.6391 (0.6391)	Prec@1 0.000 (0.000)	Prec@5 0.000 (0.000)
FreqW Acc : 	 0.690819783636
Overall Acc: 	 0.831155691574
Mean Acc : 	 0.5
Mean IoU : 	 0.415577845787
Test:	Time 3.636 (0.836)	Loss 0.7481 (0.6379)	
learning rate = 0.000100
Epoch: [1][0/34]	Time 0.916 (1.926)	Data 0.069 (0.087)	Loss 0.5675 (0.7436)	
Epoch: [1][10/34]	Time 1.073 (1.736)	Data 0.074 (0.084)	Loss 0.4256 (0.6978)	
Epoch: [1][20/34]	Time 1.070 (1.615)	Data 0.076 (0.082)	Loss 0.4997 (0.6623)	
Epoch: [1][30/34]	Time 1.071 (1.532)	Data 0.070 (0.081)	Loss 0.3492 (0.6235)	
Test: [0/9]	Time 0.482 (0.482)	Loss 0.4163 (0.4163)	Prec@1 0.000 (0.000)	Prec@5 0.000 (0.000)
FreqW Acc : 	 0.691395723778
Overall Acc: 	 0.83150208886
Mean Acc : 	 0.5
Mean IoU : 	 0.41575104443
Test:	Time 0.257 (0.458)	Loss 0.4773 (0.3872)	
learning rate = 0.000100
Epoch: [2][0/34]	Time 0.914 (1.498)	Data 0.067 (0.080)	Loss 0.2940 (0.6080)	
Epoch: [2][10/34]	Time 1.072 (1.444)	Data 0.071 (0.079)	Loss 0.3094 (0.5733)	
Epoch: [2][20/34]	Time 1.071 (1.403)	Data 0.068 (0.078)	Loss 0.2566 (0.5357)	
Epoch: [2][30/34]	Time 1.073 (1.369)	Data 0.078 (0.077)	Loss 0.2325 (0.5026)	
Test: [0/9]	Time 0.484 (0.484)	Loss 0.2443 (0.2443)	Prec@1 0.000 (0.000)	Prec@5 0.000 (0.000)
FreqW Acc : 	 0.690350991886
Overall Acc: 	 0.830873631719
Mean Acc : 	 0.5
Mean IoU : 	 0.41543681586
Test:	Time 0.256 (0.459)	Loss 0.1907 (0.2081)	
learning rate = 0.000100
Epoch: [3][0/34]	Time 0.912 (1.353)	Data 0.066 (0.076)	Loss 0.1741 (0.4921)	
Epoch: [3][10/34]	Time 1.071 (1.328)	Data 0.076 (0.076)	Loss 0.2234 (0.4633)	
Epoch: [3][20/34]	Time 1.072 (1.307)	Data 0.069 (0.075)	Loss 0.1346 (0.4396)	
Epoch: [3][30/34]	Time 1.071 (1.290)	Data 0.069 (0.075)	Loss 0.1864 (0.4165)	
Test: [0/9]	Time 0.483 (0.483)	Loss 0.1184 (0.1184)	Prec@1 0.000 (0.000)	Prec@5 0.000 (0.000)
FreqW Acc : 	 0.690707349956
Overall Acc: 	 0.831088051867
Mean Acc : 	 0.5
Mean IoU : 	 0.415544025934
Test:	Time 0.255 (0.459)	Loss 0.1989 (0.1480)	
learning rate = 0.000100
Epoch: [4][0/34]	Time 0.916 (1.280)	Data 0.069 (0.074)	Loss 0.1300 (0.4087)	
Epoch: [4][10/34]	Time 1.073 (1.266)	Data 0.067 (0.074)	Loss 0.1463 (0.3897)	
Epoch: [4][20/34]	Time 1.073 (1.254)	Data 0.068 (0.074)	Loss 0.1109 (0.3728)	
Epoch: [4][30/34]	Time 1.071 (1.243)	Data 0.067 (0.074)	Loss 0.1379 (0.3581)	
Test: [0/9]	Time 0.485 (0.485)	Loss 0.1073 (0.1073)	Prec@1 0.000 (0.000)	Prec@5 0.000 (0.000)
FreqW Acc : 	 0.689972403073
Overall Acc: 	 0.830645774727
Mean Acc : 	 0.5
Mean IoU : 	 0.415322887364
Test:	Time 0.256 (0.460)	Loss 0.1571 (0.1619)	
learning rate = 0.000100
Epoch: [5][0/34]	Time 0.913 (1.236)	Data 0.068 (0.073)	Loss 0.1209 (0.3536)	
Epoch: [5][10/34]	Time 1.072 (1.227)	Data 0.069 (0.073)	Loss 0.0940 (0.3410)	
Epoch: [5][20/34]	Time 1.073 (1.219)	Data 0.069 (0.073)	Loss 0.1345 (0.3302)	
Epoch: [5][30/34]	Time 1.072 (1.212)	Data 0.075 (0.073)	Loss 0.0979 (0.3198)	
Test: [0/9]	Time 0.481 (0.481)	Loss 0.1403 (0.1403)	Prec@1 0.000 (0.000)	Prec@5 0.000 (0.000)
FreqW Acc : 	 0.69021872942
Overall Acc: 	 0.830794035499
Mean Acc : 	 0.5
Mean IoU : 	 0.415397017749
Test:	Time 0.256 (0.458)	Loss 0.1233 (0.1378)	
learning rate = 0.000100
Epoch: [6][0/34]	Time 0.915 (1.207)	Data 0.068 (0.072)	Loss 0.1119 (0.3159)	
Epoch: [6][10/34]	Time 1.071 (1.200)	Data 0.071 (0.072)	Loss 0.1316 (0.3063)	
Epoch: [6][20/34]	Time 1.072 (1.195)	Data 0.069 (0.072)	Loss 0.1449 (0.2976)	
Epoch: [6][30/34]	Time 1.073 (1.189)	Data 0.074 (0.072)	Loss 0.0932 (0.2906)	
Test: [0/9]	Time 0.487 (0.487)	Loss 0.1163 (0.1163)	Prec@1 0.000 (0.000)	Prec@5 0.000 (0.000)
FreqW Acc : 	 0.690537013332
Overall Acc: 	 0.830985567463
Mean Acc : 	 0.5
Mean IoU : 	 0.415492783731
Test:	Time 0.255 (0.457)	Loss 0.1204 (0.1159)	
learning rate = 0.000100
Epoch: [7][0/34]	Time 0.913 (1.185)	Data 0.067 (0.072)	Loss 0.1083 (0.2881)	
Epoch: [7][10/34]	Time 1.072 (1.181)	Data 0.071 (0.072)	Loss 0.1108 (0.2809)	
Epoch: [7][20/34]	Time 1.070 (1.177)	Data 0.069 (0.072)	Loss 0.0915 (0.2739)	
Epoch: [7][30/34]	Time 1.072 (1.173)	Data 0.069 (0.072)	Loss 0.1244 (0.2675)	
Test: [0/9]	Time 0.484 (0.484)	Loss 0.0993 (0.0993)	Prec@1 0.000 (0.000)	Prec@5 0.000 (0.000)
FreqW Acc : 	 0.690381079109
Overall Acc: 	 0.830891737297
Mean Acc : 	 0.5
Mean IoU : 	 0.415445868649
Test:	Time 0.255 (0.459)	Loss 0.0953 (0.1055)	
learning rate = 0.000100
Epoch: [8][0/34]	Time 0.915 (1.170)	Data 0.068 (0.072)	Loss 0.1132 (0.2653)	
Epoch: [8][10/34]	Time 1.071 (1.166)	Data 0.070 (0.071)	Loss 0.1126 (0.2598)	
Epoch: [8][20/34]	Time 1.069 (1.163)	Data 0.068 (0.071)	Loss 0.0764 (0.2540)	
Epoch: [8][30/34]	Time 1.072 (1.160)	Data 0.069 (0.071)	Loss 0.1128 (0.2488)	
Test: [0/9]	Time 0.489 (0.489)	Loss 0.1497 (0.1497)	Prec@1 0.000 (0.000)	Prec@5 0.000 (0.000)
FreqW Acc : 	 0.689619828049
Overall Acc: 	 0.830433518139
Mean Acc : 	 0.5
Mean IoU : 	 0.41521675907
Test:	Time 0.256 (0.458)	Loss 0.0467 (0.1009)	
learning rate = 0.000100
Epoch: [9][0/34]	Time 0.914 (1.157)	Data 0.068 (0.071)	Loss 0.0700 (0.2468)	
Epoch: [9][10/34]	Time 1.071 (1.155)	Data 0.072 (0.071)	Loss 0.0655 (0.2417)	
Epoch: [9][20/34]	Time 1.071 (1.152)	Data 0.067 (0.071)	Loss 0.0633 (0.2369)	
Epoch: [9][30/34]	Time 1.072 (1.150)	Data 0.068 (0.071)	Loss 0.0783 (0.2324)	
Test: [0/9]	Time 0.478 (0.478)	Loss 0.0989 (0.0989)	Prec@1 0.000 (0.000)	Prec@5 0.000 (0.000)
FreqW Acc : 	 0.690153643531
Overall Acc: 	 0.830754863682
Mean Acc : 	 0.5
Mean IoU : 	 0.415377431841
Test:	Time 0.257 (0.458)	Loss 0.0524 (0.0949)	
learning rate = 0.000100
Epoch: [10][0/34]	Time 0.914 (1.147)	Data 0.067 (0.071)	Loss 0.1052 (0.2312)	
Epoch: [10][10/34]	Time 1.073 (1.145)	Data 0.068 (0.071)	Loss 0.0524 (0.2271)	
Epoch: [10][20/34]	Time 1.072 (1.143)	Data 0.068 (0.071)	Loss 0.0555 (0.2231)	
Epoch: [10][30/34]	Time 1.073 (1.141)	Data 0.075 (0.071)	Loss 0.0441 (0.2190)	
Test: [0/9]	Time 0.484 (0.484)	Loss 0.0884 (0.0884)	Prec@1 0.000 (0.000)	Prec@5 0.000 (0.000)
FreqW Acc : 	 0.691689655514
Overall Acc: 	 0.831678817521
Mean Acc : 	 0.5
Mean IoU : 	 0.415839408761
Test:	Time 0.256 (0.458)	Loss 0.0792 (0.0930)	
learning rate = 0.000100
Epoch: [11][0/34]	Time 0.914 (1.139)	Data 0.068 (0.071)	Loss 0.1076 (0.2180)	
Epoch: [11][10/34]	Time 1.074 (1.138)	Data 0.071 (0.071)	Loss 0.0809 (0.2145)	
Epoch: [11][20/34]	Time 1.069 (1.136)	Data 0.076 (0.071)	Loss 0.0928 (0.2111)	
Epoch: [11][30/34]	Time 1.071 (1.134)	Data 0.069 (0.071)	Loss 0.0663 (0.2080)	
Test: [0/9]	Time 0.492 (0.492)	Loss 0.0869 (0.0869)	Prec@1 0.000 (0.000)	Prec@5 0.000 (0.000)
FreqW Acc : 	 0.690657382369
Overall Acc: 	 0.831057989775
Mean Acc : 	 0.5
Mean IoU : 	 0.415528994888
Test:	Time 0.257 (0.458)	Loss 0.0556 (0.0996)	
learning rate = 0.000100
Epoch: [12][0/34]	Time 0.917 (1.133)	Data 0.069 (0.071)	Loss 0.0890 (0.2068)	
Epoch: [12][10/34]	Time 1.072 (1.131)	Data 0.075 (0.071)	Loss 0.0849 (0.2036)	
Epoch: [12][20/34]	Time 1.073 (1.130)	Data 0.075 (0.071)	Loss 0.0547 (0.2008)	
Epoch: [12][30/34]	Time 1.076 (1.129)	Data 0.079 (0.071)	Loss 0.0983 (0.1983)	
Test: [0/9]	Time 0.485 (0.485)	Loss 0.0723 (0.0723)	Prec@1 0.000 (0.000)	Prec@5 0.000 (0.000)
FreqW Acc : 	 0.691057362997
Overall Acc: 	 0.831298600382
Mean Acc : 	 0.5
Mean IoU : 	 0.415649300191
Test:	Time 0.257 (0.459)	Loss 0.1032 (0.0944)	
learning rate = 0.000100
Epoch: [13][0/34]	Time 0.916 (1.127)	Data 0.069 (0.071)	Loss 0.0926 (0.1974)	
Epoch: [13][10/34]	Time 1.073 (1.126)	Data 0.068 (0.071)	Loss 0.0774 (0.1948)	
Epoch: [13][20/34]	Time 1.071 (1.125)	Data 0.067 (0.071)	Loss 0.0549 (0.1924)	
Epoch: [13][30/34]	Time 1.071 (1.123)	Data 0.067 (0.071)	Loss 0.0458 (0.1899)	
Test: [0/9]	Time 0.483 (0.483)	Loss 0.0891 (0.0891)	Prec@1 0.000 (0.000)	Prec@5 0.000 (0.000)
FreqW Acc : 	 0.690439930855
Overall Acc: 	 0.830927151353
Mean Acc : 	 0.5
Mean IoU : 	 0.415463575676
Test:	Time 0.257 (0.465)	Loss 0.1239 (0.0901)	
learning rate = 0.000100
Epoch: [14][0/34]	Time 0.914 (1.122)	Data 0.068 (0.071)	Loss 0.0793 (0.1891)	
Epoch: [14][10/34]	Time 1.072 (1.121)	Data 0.069 (0.071)	Loss 0.0888 (0.1868)	
Epoch: [14][20/34]	Time 1.072 (1.120)	Data 0.070 (0.071)	Loss 0.0692 (0.1849)	
Epoch: [14][30/34]	Time 1.072 (1.119)	Data 0.076 (0.071)	Loss 0.0825 (0.1827)	
Test: [0/9]	Time 0.483 (0.483)	Loss 0.0952 (0.0952)	Prec@1 0.000 (0.000)	Prec@5 0.000 (0.000)
FreqW Acc : 	 0.690906859775
Overall Acc: 	 0.831208072492
Mean Acc : 	 0.5
Mean IoU : 	 0.415604036246
Test:	Time 0.257 (0.457)	Loss 0.1130 (0.0865)	
learning rate = 0.000100
Epoch: [15][0/34]	Time 0.914 (1.118)	Data 0.068 (0.071)	Loss 0.0945 (0.1820)	
Epoch: [15][10/34]	Time 1.071 (1.117)	Data 0.074 (0.071)	Loss 0.1090 (0.1801)	
Epoch: [15][20/34]	Time 1.072 (1.116)	Data 0.068 (0.071)	Loss 0.0496 (0.1782)	
Epoch: [15][30/34]	Time 1.072 (1.115)	Data 0.074 (0.071)	Loss 0.0854 (0.1763)	
Test: [0/9]	Time 0.484 (0.484)	Loss 0.0878 (0.0878)	Prec@1 0.000 (0.000)	Prec@5 0.000 (0.000)
FreqW Acc : 	 0.690811833479
Overall Acc: 	 0.831150908968
Mean Acc : 	 0.5
Mean IoU : 	 0.415575454484
Test:	Time 0.259 (0.458)	Loss 0.0877 (0.0854)	
learning rate = 0.000100
Epoch: [16][0/34]	Time 0.917 (1.114)	Data 0.070 (0.071)	Loss 0.0903 (0.1756)	
Epoch: [16][10/34]	Time 1.072 (1.113)	Data 0.069 (0.071)	Loss 0.0999 (0.1736)	
Epoch: [16][20/34]	Time 1.073 (1.113)	Data 0.075 (0.071)	Loss 0.1126 (0.1719)	
Epoch: [16][30/34]	Time 1.071 (1.112)	Data 0.071 (0.071)	Loss 0.0503 (0.1703)	
Test: [0/9]	Time 0.487 (0.487)	Loss 0.0736 (0.0736)	Prec@1 0.000 (0.000)	Prec@5 0.000 (0.000)
FreqW Acc : 	 0.690919164455
Overall Acc: 	 0.831215474143
Mean Acc : 	 0.5
Mean IoU : 	 0.415607737071
Test:	Time 0.253 (0.459)	Loss 0.1064 (0.0815)	
learning rate = 0.000100
Epoch: [17][0/34]	Time 0.912 (1.111)	Data 0.067 (0.070)	Loss 0.0742 (0.1697)	
Epoch: [17][10/34]	Time 1.072 (1.110)	Data 0.076 (0.070)	Loss 0.0360 (0.1678)	
Epoch: [17][20/34]	Time 1.072 (1.110)	Data 0.070 (0.070)	Loss 0.0688 (0.1664)	
Epoch: [17][30/34]	Time 1.071 (1.109)	Data 0.069 (0.071)	Loss 0.0903 (0.1649)	
Test: [0/9]	Time 0.483 (0.483)	Loss 0.1018 (0.1018)	Prec@1 0.000 (0.000)	Prec@5 0.000 (0.000)
FreqW Acc : 	 0.690468316838
Overall Acc: 	 0.830944232087
Mean Acc : 	 0.5
Mean IoU : 	 0.415472116043
Test:	Time 0.258 (0.459)	Loss 0.0385 (0.0832)	
learning rate = 0.000100
Epoch: [18][0/34]	Time 0.913 (1.108)	Data 0.068 (0.070)	Loss 0.0697 (0.1644)	
Epoch: [18][10/34]	Time 1.071 (1.108)	Data 0.068 (0.070)	Loss 0.1062 (0.1629)	
Epoch: [18][20/34]	Time 1.072 (1.107)	Data 0.068 (0.070)	Loss 0.0758 (0.1615)	
Epoch: [18][30/34]	Time 1.071 (1.106)	Data 0.077 (0.071)	Loss 0.0804 (0.1602)	
Test: [0/9]	Time 0.483 (0.483)	Loss 0.0951 (0.0951)	Prec@1 0.000 (0.000)	Prec@5 0.000 (0.000)
FreqW Acc : 	 0.689690184537
Overall Acc: 	 0.83047587836
Mean Acc : 	 0.5
Mean IoU : 	 0.41523793918
Test:	Time 0.257 (0.457)	Loss 0.1062 (0.0821)	
learning rate = 0.000100
Epoch: [19][0/34]	Time 0.915 (1.105)	Data 0.068 (0.070)	Loss 0.0538 (0.1597)	
Epoch: [19][10/34]	Time 1.073 (1.105)	Data 0.068 (0.070)	Loss 0.1977 (0.1585)	
Epoch: [19][20/34]	Time 1.073 (1.104)	Data 0.078 (0.070)	Loss 0.0606 (0.1573)	
Epoch: [19][30/34]	Time 1.072 (1.104)	Data 0.068 (0.070)	Loss 0.0934 (0.1562)	
Test: [0/9]	Time 0.491 (0.491)	Loss 0.0941 (0.0941)	Prec@1 0.000 (0.000)	Prec@5 0.000 (0.000)
FreqW Acc : 	 0.689856255211
Overall Acc: 	 0.830575857589
Mean Acc : 	 0.5
Mean IoU : 	 0.415287928795
Test:	Time 0.254 (0.462)	Loss 0.0671 (0.0868)	
learning rate = 0.000100
Epoch: [20][0/34]	Time 0.913 (1.103)	Data 0.068 (0.070)	Loss 0.0559 (0.1558)	
Epoch: [20][10/34]	Time 1.072 (1.103)	Data 0.068 (0.070)	Loss 0.0574 (0.1548)	
Epoch: [20][20/34]	Time 1.072 (1.102)	Data 0.070 (0.070)	Loss 0.0788 (0.1536)	
Epoch: [20][30/34]	Time 1.072 (1.102)	Data 0.069 (0.070)	Loss 0.0709 (0.1523)	
Test: [0/9]	Time 0.487 (0.487)	Loss 0.0909 (0.0909)	Prec@1 0.000 (0.000)	Prec@5 0.000 (0.000)
FreqW Acc : 	 0.690893230104
Overall Acc: 	 0.831199873739
Mean Acc : 	 0.5
Mean IoU : 	 0.41559993687
Test:	Time 0.257 (0.458)	Loss 0.0445 (0.0788)	
learning rate = 0.000100
Epoch: [21][0/34]	Time 0.915 (1.101)	Data 0.068 (0.070)	Loss 0.0562 (0.1520)	
Epoch: [21][10/34]	Time 1.073 (1.101)	Data 0.077 (0.070)	Loss 0.1133 (0.1508)	
Epoch: [21][20/34]	Time 1.070 (1.100)	Data 0.074 (0.070)	Loss 0.0557 (0.1497)	
Epoch: [21][30/34]	Time 1.072 (1.100)	Data 0.069 (0.070)	Loss 0.0789 (0.1487)	
Test: [0/9]	Time 0.484 (0.484)	Loss 0.0872 (0.0872)	Prec@1 0.000 (0.000)	Prec@5 0.000 (0.000)
FreqW Acc : 	 0.69073309154
Overall Acc: 	 0.831103538399
Mean Acc : 	 0.5
Mean IoU : 	 0.4155517692
Test:	Time 0.255 (0.457)	Loss 0.1008 (0.0817)	
learning rate = 0.000100
Epoch: [22][0/34]	Time 0.914 (1.099)	Data 0.068 (0.070)	Loss 0.0527 (0.1483)	
Epoch: [22][10/34]	Time 1.071 (1.099)	Data 0.076 (0.070)	Loss 0.0372 (0.1473)	
Epoch: [22][20/34]	Time 1.071 (1.098)	Data 0.076 (0.070)	Loss 0.1369 (0.1464)	
Epoch: [22][30/34]	Time 1.074 (1.098)	Data 0.070 (0.070)	Loss 0.0641 (0.1454)	
Test: [0/9]	Time 0.481 (0.481)	Loss 0.0711 (0.0711)	Prec@1 0.000 (0.000)	Prec@5 0.000 (0.000)
FreqW Acc : 	 0.691557833041
Overall Acc: 	 0.831599562915
Mean Acc : 	 0.5
Mean IoU : 	 0.415799781458
Test:	Time 0.257 (0.457)	Loss 0.0563 (0.0782)	
learning rate = 0.000100
Epoch: [23][0/34]	Time 0.915 (1.097)	Data 0.069 (0.070)	Loss 0.0894 (0.1450)	
Epoch: [23][10/34]	Time 1.072 (1.097)	Data 0.071 (0.070)	Loss 0.0740 (0.1441)	
Epoch: [23][20/34]	Time 1.071 (1.097)	Data 0.071 (0.070)	Loss 0.0816 (0.1431)	
Epoch: [23][30/34]	Time 1.071 (1.096)	Data 0.071 (0.070)	Loss 0.0729 (0.1423)	
Test: [0/9]	Time 0.481 (0.481)	Loss 0.0678 (0.0678)	Prec@1 0.000 (0.000)	Prec@5 0.000 (0.000)
FreqW Acc : 	 0.691773566302
Overall Acc: 	 0.831729262622
Mean Acc : 	 0.5
Mean IoU : 	 0.415864631311
Test:	Time 0.258 (0.458)	Loss 0.1182 (0.0769)	
learning rate = 0.000100
Epoch: [24][0/34]	Time 0.914 (1.096)	Data 0.068 (0.070)	Loss 0.0795 (0.1419)	
Epoch: [24][10/34]	Time 1.070 (1.095)	Data 0.070 (0.070)	Loss 0.0265 (0.1409)	
Epoch: [24][20/34]	Time 1.071 (1.095)	Data 0.077 (0.070)	Loss 0.1121 (0.1402)	
Epoch: [24][30/34]	Time 1.073 (1.095)	Data 0.069 (0.070)	Loss 0.0810 (0.1393)	
Test: [0/9]	Time 0.484 (0.484)	Loss 0.0916 (0.0916)	Prec@1 0.000 (0.000)	Prec@5 0.000 (0.000)
FreqW Acc : 	 0.690361399342
Overall Acc: 	 0.830879894655
Mean Acc : 	 0.5
Mean IoU : 	 0.415439947328
Test:	Time 0.255 (0.459)	Loss 0.1319 (0.0777)	
learning rate = 0.000100
Epoch: [25][0/34]	Time 0.912 (1.094)	Data 0.068 (0.070)	Loss 0.0554 (0.1390)	
Epoch: [25][10/34]	Time 1.073 (1.094)	Data 0.070 (0.070)	Loss 0.0749 (0.1382)	
Epoch: [25][20/34]	Time 1.072 (1.094)	Data 0.069 (0.070)	Loss 0.0540 (0.1373)	
Epoch: [25][30/34]	Time 1.073 (1.093)	Data 0.075 (0.070)	Loss 0.0691 (0.1365)	
Test: [0/9]	Time 0.484 (0.484)	Loss 0.0528 (0.0528)	Prec@1 0.000 (0.000)	Prec@5 0.000 (0.000)
FreqW Acc : 	 0.690661167729
Overall Acc: 	 0.831060267206
Mean Acc : 	 0.5
Mean IoU : 	 0.415530133603
Test:	Time 0.261 (0.461)	Loss 0.1013 (0.0856)	
learning rate = 0.000100
Epoch: [26][0/34]	Time 0.916 (1.093)	Data 0.069 (0.070)	Loss 0.0757 (0.1363)	
Epoch: [26][10/34]	Time 1.072 (1.093)	Data 0.069 (0.070)	Loss 0.0707 (0.1356)	
Epoch: [26][20/34]	Time 1.072 (1.092)	Data 0.069 (0.070)	Loss 0.0724 (0.1349)	
Epoch: [26][30/34]	Time 1.072 (1.092)	Data 0.068 (0.070)	Loss 0.0649 (0.1342)	
Test: [0/9]	Time 0.486 (0.486)	Loss 0.0809 (0.0809)	Prec@1 0.000 (0.000)	Prec@5 0.000 (0.000)
FreqW Acc : 	 0.690400948389
Overall Acc: 	 0.830903693811
Mean Acc : 	 0.5
Mean IoU : 	 0.415451846906
Test:	Time 0.256 (0.458)	Loss 0.0753 (0.0774)	
learning rate = 0.000100
Epoch: [27][0/34]	Time 0.914 (1.092)	Data 0.069 (0.070)	Loss 0.0762 (0.1340)	
Epoch: [27][10/34]	Time 1.074 (1.091)	Data 0.070 (0.070)	Loss 0.0660 (0.1333)	
Epoch: [27][20/34]	Time 1.073 (1.091)	Data 0.068 (0.070)	Loss 0.0858 (0.1326)	
Epoch: [27][30/34]	Time 1.071 (1.091)	Data 0.068 (0.070)	Loss 0.0554 (0.1319)	
Test: [0/9]	Time 0.483 (0.483)	Loss 0.0785 (0.0785)	Prec@1 0.000 (0.000)	Prec@5 0.000 (0.000)
FreqW Acc : 	 0.690152319141
Overall Acc: 	 0.830754066581
Mean Acc : 	 0.5
Mean IoU : 	 0.415377033291
Test:	Time 0.257 (0.458)	Loss 0.0600 (0.0753)	
learning rate = 0.000100
Epoch: [28][0/34]	Time 0.916 (1.090)	Data 0.069 (0.070)	Loss 0.0856 (0.1317)	
Epoch: [28][10/34]	Time 1.073 (1.090)	Data 0.069 (0.070)	Loss 0.0690 (0.1311)	
Epoch: [28][20/34]	Time 1.070 (1.090)	Data 0.076 (0.070)	Loss 0.0685 (0.1304)	
Epoch: [28][30/34]	Time 1.072 (1.090)	Data 0.068 (0.070)	Loss 0.0515 (0.1297)	
Test: [0/9]	Time 0.485 (0.485)	Loss 0.0643 (0.0643)	Prec@1 0.000 (0.000)	Prec@5 0.000 (0.000)
FreqW Acc : 	 0.690206052568
Overall Acc: 	 0.830786406104
Mean Acc : 	 0.5
Mean IoU : 	 0.415393203052
Test:	Time 0.256 (0.456)	Loss 0.0908 (0.0772)	
learning rate = 0.000100
Epoch: [29][0/34]	Time 0.914 (1.089)	Data 0.068 (0.070)	Loss 0.0894 (0.1296)	
Epoch: [29][10/34]	Time 1.074 (1.089)	Data 0.069 (0.070)	Loss 0.0328 (0.1289)	
Epoch: [29][20/34]	Time 1.073 (1.089)	Data 0.068 (0.070)	Loss 0.0755 (0.1283)	
Epoch: [29][30/34]	Time 1.068 (1.089)	Data 0.069 (0.070)	Loss 0.0501 (0.1277)	
Test: [0/9]	Time 0.487 (0.487)	Loss 0.0679 (0.0679)	Prec@1 0.000 (0.000)	Prec@5 0.000 (0.000)
FreqW Acc : 	 0.689745413112
Overall Acc: 	 0.830509128855
Mean Acc : 	 0.5
Mean IoU : 	 0.415254564428
Test:	Time 0.258 (0.459)	Loss 0.0774 (0.0782)	
learning rate = 0.000100
Epoch: [30][0/34]	Time 0.917 (1.088)	Data 0.069 (0.070)	Loss 0.0470 (0.1275)	
Epoch: [30][10/34]	Time 1.073 (1.088)	Data 0.070 (0.070)	Loss 0.0440 (0.1269)	
Epoch: [30][20/34]	Time 1.073 (1.088)	Data 0.070 (0.070)	Loss 0.0523 (0.1264)	
Epoch: [30][30/34]	Time 1.071 (1.088)	Data 0.068 (0.070)	Loss 0.0760 (0.1259)	
Test: [0/9]	Time 0.484 (0.484)	Loss 0.0853 (0.0853)	Prec@1 0.000 (0.000)	Prec@5 0.000 (0.000)
FreqW Acc : 	 0.690856695677
Overall Acc: 	 0.831177896528
Mean Acc : 	 0.5
Mean IoU : 	 0.415588948264
Test:	Time 0.255 (0.458)	Loss 0.1129 (0.0898)	
learning rate = 0.000100
Epoch: [31][0/34]	Time 0.916 (1.087)	Data 0.068 (0.070)	Loss 0.0731 (0.1257)	
Epoch: [31][10/34]	Time 1.072 (1.087)	Data 0.067 (0.070)	Loss 0.0787 (0.1252)	
Epoch: [31][20/34]	Time 1.073 (1.087)	Data 0.071 (0.070)	Loss 0.0728 (0.1247)	
Epoch: [31][30/34]	Time 1.073 (1.087)	Data 0.069 (0.070)	Loss 0.0718 (0.1241)	
Test: [0/9]	Time 0.484 (0.484)	Loss 0.0624 (0.0624)	Prec@1 0.000 (0.000)	Prec@5 0.000 (0.000)
FreqW Acc : 	 0.690038615512
Overall Acc: 	 0.830685629773
Mean Acc : 	 0.5
Mean IoU : 	 0.415342814887
Test:	Time 0.257 (0.459)	Loss 0.0842 (0.0767)	
learning rate = 0.000100
Epoch: [32][0/34]	Time 0.917 (1.086)	Data 0.072 (0.070)	Loss 0.0494 (0.1239)	
Epoch: [32][10/34]	Time 1.070 (1.086)	Data 0.072 (0.070)	Loss 0.0776 (0.1234)	
Epoch: [32][20/34]	Time 1.072 (1.086)	Data 0.078 (0.070)	Loss 0.0402 (0.1228)	
Epoch: [32][30/34]	Time 1.072 (1.086)	Data 0.076 (0.070)	Loss 0.0714 (0.1223)	
Test: [0/9]	Time 0.487 (0.487)	Loss 0.0884 (0.0884)	Prec@1 0.000 (0.000)	Prec@5 0.000 (0.000)
FreqW Acc : 	 0.690733659374
Overall Acc: 	 0.831103880014
Mean Acc : 	 0.5
Mean IoU : 	 0.415551940007
Test:	Time 0.254 (0.457)	Loss 0.0942 (0.0752)	
learning rate = 0.000100
Epoch: [33][0/34]	Time 0.916 (1.086)	Data 0.069 (0.070)	Loss 0.0447 (0.1221)	
Epoch: [33][10/34]	Time 1.073 (1.085)	Data 0.068 (0.070)	Loss 0.0942 (0.1217)	
Epoch: [33][20/34]	Time 1.071 (1.085)	Data 0.068 (0.070)	Loss 0.0799 (0.1212)	
Epoch: [33][30/34]	Time 1.071 (1.085)	Data 0.069 (0.070)	Loss 0.0558 (0.1207)	
Test: [0/9]	Time 0.480 (0.480)	Loss 0.0870 (0.0870)	Prec@1 0.000 (0.000)	Prec@5 0.000 (0.000)
FreqW Acc : 	 0.69126601218
Overall Acc: 	 0.831424086841
Mean Acc : 	 0.5
Mean IoU : 	 0.415712043421
Test:	Time 0.256 (0.457)	Loss 0.0650 (0.0756)	
learning rate = 0.000100
Epoch: [34][0/34]	Time 0.913 (1.085)	Data 0.068 (0.070)	Loss 0.0576 (0.1206)	
Epoch: [34][10/34]	Time 1.073 (1.085)	Data 0.067 (0.070)	Loss 0.0774 (0.1201)	
Epoch: [34][20/34]	Time 1.072 (1.085)	Data 0.069 (0.070)	Loss 0.0569 (0.1196)	
Epoch: [34][30/34]	Time 1.073 (1.084)	Data 0.071 (0.070)	Loss 0.0639 (0.1192)	
Test: [0/9]	Time 0.481 (0.481)	Loss 0.0670 (0.0670)	Prec@1 0.000 (0.000)	Prec@5 0.000 (0.000)
FreqW Acc : 	 0.690439552379
Overall Acc: 	 0.830926923609
Mean Acc : 	 0.5
Mean IoU : 	 0.415463461805
Test:	Time 0.257 (0.457)	Loss 0.0264 (0.0743)	
learning rate = 0.000100
Epoch: [35][0/34]	Time 0.915 (1.084)	Data 0.068 (0.070)	Loss 0.0465 (0.1191)	
Epoch: [35][10/34]	Time 1.072 (1.084)	Data 0.068 (0.070)	Loss 0.1078 (0.1187)	
Epoch: [35][20/34]	Time 1.072 (1.084)	Data 0.069 (0.070)	Loss 0.0748 (0.1183)	
Epoch: [35][30/34]	Time 1.073 (1.084)	Data 0.076 (0.070)	Loss 0.0818 (0.1179)	
Test: [0/9]	Time 0.483 (0.483)	Loss 0.0658 (0.0658)	Prec@1 0.000 (0.000)	Prec@5 0.000 (0.000)
FreqW Acc : 	 0.689418424077
Overall Acc: 	 0.830312244928
Mean Acc : 	 0.5
Mean IoU : 	 0.415156122464
Test:	Time 0.298 (0.464)	Loss 0.0494 (0.0745)	
learning rate = 0.000100
Epoch: [36][0/34]	Time 0.921 (1.083)	Data 0.072 (0.070)	Loss 0.0628 (0.1178)	
Epoch: [36][10/34]	Time 1.071 (1.083)	Data 0.068 (0.070)	Loss 0.0725 (0.1173)	
Epoch: [36][20/34]	Time 1.072 (1.083)	Data 0.069 (0.070)	Loss 0.0621 (0.1169)	
Epoch: [36][30/34]	Time 1.070 (1.083)	Data 0.069 (0.070)	Loss 0.0561 (0.1165)	
Test: [0/9]	Time 0.486 (0.486)	Loss 0.0736 (0.0736)	Prec@1 0.000 (0.000)	Prec@5 0.000 (0.000)
FreqW Acc : 	 0.689914138754
Overall Acc: 	 0.830610702287
Mean Acc : 	 0.5
Mean IoU : 	 0.415305351143
Test:	Time 0.257 (0.457)	Loss 0.0646 (0.0721)	
learning rate = 0.000100
Epoch: [37][0/34]	Time 0.919 (1.083)	Data 0.073 (0.070)	Loss 0.0902 (0.1164)	
Epoch: [37][10/34]	Time 1.073 (1.083)	Data 0.069 (0.070)	Loss 0.0594 (0.1160)	
Epoch: [37][20/34]	Time 1.072 (1.082)	Data 0.075 (0.070)	Loss 0.0526 (0.1156)	
Epoch: [37][30/34]	Time 1.073 (1.082)	Data 0.068 (0.070)	Loss 0.0618 (0.1152)	
Test: [0/9]	Time 0.486 (0.486)	Loss 0.0626 (0.0626)	Prec@1 0.000 (0.000)	Prec@5 0.000 (0.000)
FreqW Acc : 	 0.690587355081
Overall Acc: 	 0.831015857298
Mean Acc : 	 0.5
Mean IoU : 	 0.415507928649
Test:	Time 0.254 (0.457)	Loss 0.0659 (0.0725)	
learning rate = 0.000100
Epoch: [38][0/34]	Time 0.914 (1.084)	Data 0.069 (0.073)	Loss 0.0968 (0.1151)	
Epoch: [38][10/34]	Time 1.074 (1.084)	Data 0.077 (0.073)	Loss 0.1072 (0.1147)	
Epoch: [38][20/34]	Time 1.071 (1.084)	Data 0.076 (0.073)	Loss 0.0851 (0.1143)	
Epoch: [38][30/34]	Time 1.072 (1.084)	Data 0.071 (0.073)	Loss 0.0506 (0.1139)	
Test: [0/9]	Time 0.485 (0.485)	Loss 0.0781 (0.0781)	Prec@1 0.000 (0.000)	Prec@5 0.000 (0.000)
FreqW Acc : 	 0.692006383827
Overall Acc: 	 0.83186921077
Mean Acc : 	 0.5
Mean IoU : 	 0.415934605385
Test:	Time 0.256 (0.460)	Loss 0.0800 (0.0723)	
learning rate = 0.000100
Epoch: [39][0/34]	Time 0.916 (1.084)	Data 0.068 (0.073)	Loss 0.0818 (0.1138)	
Epoch: [39][10/34]	Time 1.073 (1.084)	Data 0.077 (0.073)	Loss 0.0525 (0.1134)	
Epoch: [39][20/34]	Time 1.072 (1.083)	Data 0.077 (0.072)	Loss 0.0824 (0.1130)	
Epoch: [39][30/34]	Time 1.073 (1.083)	Data 0.068 (0.072)	Loss 0.0835 (0.1127)	
Test: [0/9]	Time 0.485 (0.485)	Loss 0.0786 (0.0786)	Prec@1 0.000 (0.000)	Prec@5 0.000 (0.000)
FreqW Acc : 	 0.68980934484
Overall Acc: 	 0.830547617443
Mean Acc : 	 0.5
Mean IoU : 	 0.415273808721
Test:	Time 0.258 (0.458)	Loss 0.0780 (0.0741)	
learning rate = 0.000100
Epoch: [40][0/34]	Time 0.918 (1.083)	Data 0.071 (0.072)	Loss 0.0701 (0.1126)	
Epoch: [40][10/34]	Time 1.070 (1.083)	Data 0.068 (0.072)	Loss 0.0839 (0.1123)	
Epoch: [40][20/34]	Time 1.071 (1.083)	Data 0.075 (0.072)	Loss 0.0594 (0.1120)	
Epoch: [40][30/34]	Time 1.071 (1.083)	Data 0.069 (0.072)	Loss 0.0533 (0.1116)	
Test: [0/9]	Time 0.487 (0.487)	Loss 0.0567 (0.0567)	Prec@1 0.000 (0.000)	Prec@5 0.000 (0.000)
FreqW Acc : 	 0.690103506785
Overall Acc: 	 0.830724687719
Mean Acc : 	 0.5
Mean IoU : 	 0.415362343859
Test:	Time 0.256 (0.458)	Loss 0.0546 (0.0773)	
learning rate = 0.000100
Epoch: [41][0/34]	Time 0.915 (1.082)	Data 0.068 (0.072)	Loss 0.0527 (0.1115)	
Epoch: [41][10/34]	Time 1.072 (1.082)	Data 0.069 (0.072)	Loss 0.1049 (0.1112)	
Epoch: [41][20/34]	Time 1.072 (1.082)	Data 0.072 (0.072)	Loss 0.0543 (0.1109)	
Epoch: [41][30/34]	Time 1.072 (1.082)	Data 0.075 (0.072)	Loss 0.0498 (0.1105)	
Test: [0/9]	Time 0.484 (0.484)	Loss 0.0772 (0.0772)	Prec@1 0.000 (0.000)	Prec@5 0.000 (0.000)
FreqW Acc : 	 0.690911024424
Overall Acc: 	 0.831210577666
Mean Acc : 	 0.5
Mean IoU : 	 0.415605288833
Test:	Time 0.259 (0.458)	Loss 0.0591 (0.0729)	
learning rate = 0.000100
Epoch: [42][0/34]	Time 0.922 (1.082)	Data 0.075 (0.072)	Loss 0.0647 (0.1104)	
Epoch: [42][10/34]	Time 1.072 (1.082)	Data 0.077 (0.072)	Loss 0.0539 (0.1101)	
Epoch: [42][20/34]	Time 1.073 (1.082)	Data 0.076 (0.072)	Loss 0.0555 (0.1098)	
Epoch: [42][30/34]	Time 1.072 (1.082)	Data 0.069 (0.072)	Loss 0.0521 (0.1095)	
Test: [0/9]	Time 0.483 (0.483)	Loss 0.0597 (0.0597)	Prec@1 0.000 (0.000)	Prec@5 0.000 (0.000)
FreqW Acc : 	 0.691153731528
Overall Acc: 	 0.831356561006
Mean Acc : 	 0.5
Mean IoU : 	 0.415678280503
Test:	Time 0.256 (0.458)	Loss 0.0677 (0.0742)	
learning rate = 0.000100
Epoch: [43][0/34]	Time 0.918 (1.081)	Data 0.072 (0.072)	Loss 0.0496 (0.1093)	
Epoch: [43][10/34]	Time 1.072 (1.081)	Data 0.080 (0.072)	Loss 0.0531 (0.1090)	
Epoch: [43][20/34]	Time 1.073 (1.081)	Data 0.068 (0.072)	Loss 0.0702 (0.1087)	
Epoch: [43][30/34]	Time 1.072 (1.081)	Data 0.069 (0.072)	Loss 0.0674 (0.1084)	
Test: [0/9]	Time 0.482 (0.482)	Loss 0.0923 (0.0923)	Prec@1 0.000 (0.000)	Prec@5 0.000 (0.000)
FreqW Acc : 	 0.689243330539
Overall Acc: 	 0.830206799863
Mean Acc : 	 0.5
Mean IoU : 	 0.415103399931
Test:	Time 0.256 (0.457)	Loss 0.0790 (0.0747)	
learning rate = 0.000100
Epoch: [44][0/34]	Time 0.916 (1.081)	Data 0.069 (0.072)	Loss 0.0785 (0.1083)	
Epoch: [44][10/34]	Time 1.069 (1.081)	Data 0.076 (0.072)	Loss 0.0474 (0.1080)	
Epoch: [44][20/34]	Time 1.074 (1.081)	Data 0.075 (0.072)	Loss 0.0674 (0.1078)	
Epoch: [44][30/34]	Time 1.072 (1.081)	Data 0.069 (0.072)	Loss 0.0711 (0.1075)	
Test: [0/9]	Time 0.480 (0.480)	Loss 0.0784 (0.0784)	Prec@1 0.000 (0.000)	Prec@5 0.000 (0.000)
FreqW Acc : 	 0.689943270606
Overall Acc: 	 0.830628238507
Mean Acc : 	 0.5
Mean IoU : 	 0.415314119254
Test:	Time 0.254 (0.456)	Loss 0.0721 (0.0720)	
learning rate = 0.000100
Epoch: [45][0/34]	Time 0.916 (1.080)	Data 0.068 (0.072)	Loss 0.0576 (0.1074)	
Epoch: [45][10/34]	Time 1.073 (1.080)	Data 0.068 (0.072)	Loss 0.0551 (0.1070)	
Epoch: [45][20/34]	Time 1.054 (1.080)	Data 0.069 (0.072)	Loss 0.0618 (0.1068)	
Epoch: [45][30/34]	Time 1.072 (1.080)	Data 0.068 (0.072)	Loss 0.0819 (0.1065)	
Test: [0/9]	Time 0.483 (0.483)	Loss 0.0920 (0.0920)	Prec@1 0.000 (0.000)	Prec@5 0.000 (0.000)
FreqW Acc : 	 0.690702428826
Overall Acc: 	 0.831085091207
Mean Acc : 	 0.5
Mean IoU : 	 0.415542545603
Test:	Time 0.259 (0.457)	Loss 0.1036 (0.0780)	
learning rate = 0.000100
Epoch: [46][0/34]	Time 0.916 (1.080)	Data 0.069 (0.072)	Loss 0.0814 (0.1064)	
Epoch: [46][10/34]	Time 1.073 (1.080)	Data 0.069 (0.072)	Loss 0.0660 (0.1062)	
Epoch: [46][20/34]	Time 1.072 (1.080)	Data 0.077 (0.072)	Loss 0.0580 (0.1059)	
Epoch: [46][30/34]	Time 1.072 (1.080)	Data 0.068 (0.072)	Loss 0.0561 (0.1056)	
Test: [0/9]	Time 0.487 (0.487)	Loss 0.0448 (0.0448)	Prec@1 0.000 (0.000)	Prec@5 0.000 (0.000)
FreqW Acc : 	 0.69107629538
Overall Acc: 	 0.831309987538
Mean Acc : 	 0.5
Mean IoU : 	 0.415654993769
Test:	Time 0.255 (0.456)	Loss 0.0611 (0.0718)	
learning rate = 0.000100
Epoch: [47][0/34]	Time 0.915 (1.079)	Data 0.067 (0.072)	Loss 0.0503 (0.1055)	
Epoch: [47][10/34]	Time 1.072 (1.079)	Data 0.068 (0.072)	Loss 0.0426 (0.1053)	
Epoch: [47][20/34]	Time 1.072 (1.079)	Data 0.069 (0.072)	Loss 0.0520 (0.1050)	
Epoch: [47][30/34]	Time 1.072 (1.079)	Data 0.069 (0.072)	Loss 0.0729 (0.1048)	
Test: [0/9]	Time 0.485 (0.485)	Loss 0.0897 (0.0897)	Prec@1 0.000 (0.000)	Prec@5 0.000 (0.000)
FreqW Acc : 	 0.690478346692
Overall Acc: 	 0.830950267279
Mean Acc : 	 0.5
Mean IoU : 	 0.41547513364
Test:	Time 0.255 (0.457)	Loss 0.0715 (0.0766)	
learning rate = 0.000100
Epoch: [48][0/34]	Time 0.913 (1.079)	Data 0.067 (0.072)	Loss 0.0706 (0.1047)	
Epoch: [48][10/34]	Time 1.072 (1.079)	Data 0.071 (0.072)	Loss 0.1008 (0.1045)	
Epoch: [48][20/34]	Time 1.070 (1.079)	Data 0.071 (0.072)	Loss 0.0794 (0.1042)	
Epoch: [48][30/34]	Time 1.071 (1.079)	Data 0.070 (0.072)	Loss 0.0660 (0.1040)	
Test: [0/9]	Time 0.480 (0.480)	Loss 0.0625 (0.0625)	Prec@1 0.000 (0.000)	Prec@5 0.000 (0.000)
FreqW Acc : 	 0.690788172569
Overall Acc: 	 0.831136675023
Mean Acc : 	 0.5
Mean IoU : 	 0.415568337512
Test:	Time 0.255 (0.457)	Loss 0.1154 (0.0743)	
learning rate = 0.000100
Epoch: [49][0/34]	Time 0.914 (1.079)	Data 0.069 (0.072)	Loss 0.0426 (0.1039)	
Epoch: [49][10/34]	Time 1.072 (1.078)	Data 0.069 (0.072)	Loss 0.0470 (0.1037)	
Epoch: [49][20/34]	Time 1.072 (1.078)	Data 0.069 (0.072)	Loss 0.0615 (0.1034)	
Epoch: [49][30/34]	Time 1.072 (1.078)	Data 0.076 (0.072)	Loss 0.0668 (0.1032)	
Test: [0/9]	Time 0.485 (0.485)	Loss 0.0600 (0.0600)	Prec@1 0.000 (0.000)	Prec@5 0.000 (0.000)
FreqW Acc : 	 0.689910733772
Overall Acc: 	 0.830608652599
Mean Acc : 	 0.5
Mean IoU : 	 0.415304326299
Test:	Time 0.258 (0.458)	Loss 0.1149 (0.0719)	
learning rate = 0.000100
Epoch: [50][0/34]	Time 0.915 (1.078)	Data 0.069 (0.072)	Loss 0.0471 (0.1031)	
Epoch: [50][10/34]	Time 1.072 (1.078)	Data 0.069 (0.072)	Loss 0.0567 (0.1029)	
Epoch: [50][20/34]	Time 1.073 (1.078)	Data 0.068 (0.072)	Loss 0.0956 (0.1026)	
Epoch: [50][30/34]	Time 1.073 (1.078)	Data 0.068 (0.072)	Loss 0.0632 (0.1024)	
Test: [0/9]	Time 0.485 (0.485)	Loss 0.0701 (0.0701)	Prec@1 0.000 (0.000)	Prec@5 0.000 (0.000)
FreqW Acc : 	 0.69073801278
Overall Acc: 	 0.83110649906
Mean Acc : 	 0.5
Mean IoU : 	 0.41555324953
Test:	Time 0.258 (0.459)	Loss 0.1147 (0.0718)	
learning rate = 0.000100
Epoch: [51][0/34]	Time 0.912 (1.078)	Data 0.067 (0.072)	Loss 0.0904 (0.1024)	
Epoch: [51][10/34]	Time 1.073 (1.078)	Data 0.076 (0.072)	Loss 0.0613 (0.1022)	
Epoch: [51][20/34]	Time 1.073 (1.078)	Data 0.069 (0.072)	Loss 0.0627 (0.1019)	
Epoch: [51][30/34]	Time 1.072 (1.078)	Data 0.070 (0.072)	Loss 0.0463 (0.1017)	
Test: [0/9]	Time 0.481 (0.481)	Loss 0.0946 (0.0946)	Prec@1 0.000 (0.000)	Prec@5 0.000 (0.000)
FreqW Acc : 	 0.69101116907
Overall Acc: 	 0.831270815721
Mean Acc : 	 0.5
Mean IoU : 	 0.415635407861
Test:	Time 0.257 (0.458)	Loss 0.0816 (0.0764)	
learning rate = 0.000100
Epoch: [52][0/34]	Time 0.918 (1.077)	Data 0.070 (0.072)	Loss 0.0844 (0.1016)	
Epoch: [52][10/34]	Time 1.073 (1.077)	Data 0.076 (0.072)	Loss 0.0730 (0.1014)	
Epoch: [52][20/34]	Time 1.072 (1.077)	Data 0.068 (0.072)	Loss 0.0649 (0.1011)	
Epoch: [52][30/34]	Time 1.070 (1.077)	Data 0.068 (0.072)	Loss 0.0484 (0.1009)	
Test: [0/9]	Time 0.486 (0.486)	Loss 0.0708 (0.0708)	Prec@1 0.000 (0.000)	Prec@5 0.000 (0.000)
FreqW Acc : 	 0.690960622566
Overall Acc: 	 0.831240412015
Mean Acc : 	 0.5
Mean IoU : 	 0.415620206007
Test:	Time 0.256 (0.458)	Loss 0.0740 (0.0736)	
learning rate = 0.000100
Epoch: [53][0/34]	Time 0.914 (1.077)	Data 0.068 (0.072)	Loss 0.0444 (0.1008)	
Epoch: [53][10/34]	Time 1.072 (1.077)	Data 0.068 (0.072)	Loss 0.0716 (0.1006)	
Epoch: [53][20/34]	Time 1.074 (1.077)	Data 0.074 (0.072)	Loss 0.0726 (0.1005)	
Epoch: [53][30/34]	Time 1.072 (1.077)	Data 0.069 (0.072)	Loss 0.0547 (0.1002)	
Test: [0/9]	Time 0.485 (0.485)	Loss 0.0709 (0.0709)	Prec@1 0.000 (0.000)	Prec@5 0.000 (0.000)
FreqW Acc : 	 0.691554802787
Overall Acc: 	 0.83159774097
Mean Acc : 	 0.5
Mean IoU : 	 0.415798870485
Test:	Time 0.255 (0.458)	Loss 0.0922 (0.0694)	
learning rate = 0.000100
Epoch: [54][0/34]	Time 0.915 (1.077)	Data 0.068 (0.072)	Loss 0.0429 (0.1001)	
Epoch: [54][10/34]	Time 1.071 (1.077)	Data 0.069 (0.072)	Loss 0.0517 (0.0999)	
Epoch: [54][20/34]	Time 1.070 (1.077)	Data 0.077 (0.072)	Loss 0.0574 (0.0997)	
Epoch: [54][30/34]	Time 1.073 (1.077)	Data 0.069 (0.072)	Loss 0.0826 (0.0995)	
Test: [0/9]	Time 0.485 (0.485)	Loss 0.0615 (0.0615)	Prec@1 0.000 (0.000)	Prec@5 0.000 (0.000)
FreqW Acc : 	 0.690583948438
Overall Acc: 	 0.83101380761
Mean Acc : 	 0.5
Mean IoU : 	 0.415506903805
Test:	Time 0.259 (0.460)	Loss 0.0937 (0.0706)	
learning rate = 0.000100
Epoch: [55][0/34]	Time 0.918 (1.076)	Data 0.072 (0.072)	Loss 0.0897 (0.0995)	
Epoch: [55][10/34]	Time 1.071 (1.076)	Data 0.069 (0.072)	Loss 0.0474 (0.0993)	
Epoch: [55][20/34]	Time 1.069 (1.076)	Data 0.069 (0.072)	Loss 0.0380 (0.0991)	
Epoch: [55][30/34]	Time 1.072 (1.076)	Data 0.076 (0.072)	Loss 0.0531 (0.0989)	
Test: [0/9]	Time 0.484 (0.484)	Loss 0.0435 (0.0435)	Prec@1 0.000 (0.000)	Prec@5 0.000 (0.000)
FreqW Acc : 	 0.691081596494
Overall Acc: 	 0.831313175942
Mean Acc : 	 0.5
Mean IoU : 	 0.415656587971
Test:	Time 0.258 (0.458)	Loss 0.1212 (0.0716)	
learning rate = 0.000100
Epoch: [56][0/34]	Time 0.917 (1.076)	Data 0.070 (0.072)	Loss 0.0493 (0.0988)	
Epoch: [56][10/34]	Time 1.073 (1.076)	Data 0.068 (0.072)	Loss 0.0927 (0.0986)	
Epoch: [56][20/34]	Time 1.071 (1.076)	Data 0.069 (0.072)	Loss 0.0577 (0.0985)	
Epoch: [56][30/34]	Time 1.072 (1.076)	Data 0.076 (0.072)	Loss 0.0690 (0.0983)	
Test: [0/9]	Time 0.485 (0.485)	Loss 0.0805 (0.0805)	Prec@1 0.000 (0.000)	Prec@5 0.000 (0.000)
FreqW Acc : 	 0.689338059811
Overall Acc: 	 0.830263849515
Mean Acc : 	 0.5
Mean IoU : 	 0.415131924757
Test:	Time 0.254 (0.457)	Loss 0.0843 (0.0739)	
learning rate = 0.000100
Epoch: [57][0/34]	Time 0.915 (1.076)	Data 0.069 (0.072)	Loss 0.0543 (0.0982)	
Epoch: [57][10/34]	Time 1.072 (1.076)	Data 0.068 (0.072)	Loss 0.0760 (0.0980)	
Epoch: [57][20/34]	Time 1.074 (1.076)	Data 0.078 (0.072)	Loss 0.0673 (0.0979)	
Epoch: [57][30/34]	Time 1.073 (1.076)	Data 0.069 (0.072)	Loss 0.0693 (0.0977)	
Test: [0/9]	Time 0.484 (0.484)	Loss 0.0711 (0.0711)	Prec@1 0.000 (0.000)	Prec@5 0.000 (0.000)
FreqW Acc : 	 0.690151940744
Overall Acc: 	 0.830753838838
Mean Acc : 	 0.5
Mean IoU : 	 0.415376919419
Test:	Time 0.256 (0.459)	Loss 0.0892 (0.0728)	
learning rate = 0.000100
Epoch: [58][0/34]	Time 0.914 (1.075)	Data 0.068 (0.072)	Loss 0.0509 (0.0976)	
Epoch: [58][10/34]	Time 1.069 (1.075)	Data 0.068 (0.072)	Loss 0.0621 (0.0974)	
Epoch: [58][20/34]	Time 1.072 (1.075)	Data 0.069 (0.072)	Loss 0.0613 (0.0972)	
Epoch: [58][30/34]	Time 1.072 (1.075)	Data 0.076 (0.072)	Loss 0.0783 (0.0971)	
Test: [0/9]	Time 0.478 (0.478)	Loss 0.0714 (0.0714)	Prec@1 0.000 (0.000)	Prec@5 0.000 (0.000)
FreqW Acc : 	 0.690746530351
Overall Acc: 	 0.83111162328
Mean Acc : 	 0.5
Mean IoU : 	 0.41555581164
Test:	Time 0.255 (0.460)	Loss 0.0988 (0.0701)	
learning rate = 0.000100
Epoch: [59][0/34]	Time 0.915 (1.075)	Data 0.068 (0.072)	Loss 0.0492 (0.0970)	
Epoch: [59][10/34]	Time 1.072 (1.075)	Data 0.069 (0.072)	Loss 0.0539 (0.0968)	
Epoch: [59][20/34]	Time 1.072 (1.075)	Data 0.069 (0.072)	Loss 0.1321 (0.0967)	
Epoch: [59][30/34]	Time 1.071 (1.075)	Data 0.076 (0.072)	Loss 0.0356 (0.0965)	
Test: [0/9]	Time 0.486 (0.486)	Loss 0.0609 (0.0609)	Prec@1 0.000 (0.000)	Prec@5 0.000 (0.000)
FreqW Acc : 	 0.691595711776
Overall Acc: 	 0.831622337227
Mean Acc : 	 0.5
Mean IoU : 	 0.415811168614
Test:	Time 0.256 (0.459)	Loss 0.1288 (0.0712)	
learning rate = 0.000100
Epoch: [60][0/34]	Time 0.917 (1.075)	Data 0.070 (0.072)	Loss 0.0710 (0.0964)	
Epoch: [60][10/34]	Time 1.072 (1.075)	Data 0.075 (0.072)	Loss 0.0784 (0.0963)	
Epoch: [60][20/34]	Time 1.071 (1.075)	Data 0.074 (0.072)	Loss 0.0532 (0.0961)	
Epoch: [60][30/34]	Time 1.073 (1.075)	Data 0.068 (0.072)	Loss 0.0586 (0.0960)	
Test: [0/9]	Time 0.486 (0.486)	Loss 0.0713 (0.0713)	Prec@1 0.000 (0.000)	Prec@5 0.000 (0.000)
FreqW Acc : 	 0.691018552422
Overall Acc: 	 0.831275256712
Mean Acc : 	 0.5
Mean IoU : 	 0.415637628356
Test:	Time 0.255 (0.461)	Loss 0.0422 (0.0702)	
learning rate = 0.000100
Epoch: [61][0/34]	Time 0.914 (1.075)	Data 0.069 (0.072)	Loss 0.1216 (0.0959)	
Epoch: [61][10/34]	Time 1.072 (1.075)	Data 0.069 (0.072)	Loss 0.0748 (0.0957)	
Epoch: [61][20/34]	Time 1.072 (1.075)	Data 0.076 (0.072)	Loss 0.0763 (0.0956)	
Epoch: [61][30/34]	Time 1.073 (1.075)	Data 0.068 (0.072)	Loss 0.0405 (0.0954)	
Test: [0/9]	Time 0.484 (0.484)	Loss 0.0685 (0.0685)	Prec@1 0.000 (0.000)	Prec@5 0.000 (0.000)
FreqW Acc : 	 0.689726877248
Overall Acc: 	 0.830497969442
Mean Acc : 	 0.5
Mean IoU : 	 0.415248984721
Test:	Time 0.260 (0.459)	Loss 0.0882 (0.0746)	
learning rate = 0.000100
Epoch: [62][0/34]	Time 0.911 (1.074)	Data 0.067 (0.072)	Loss 0.0635 (0.0953)	
Epoch: [62][10/34]	Time 1.072 (1.074)	Data 0.069 (0.072)	Loss 0.0634 (0.0952)	
Epoch: [62][20/34]	Time 1.072 (1.074)	Data 0.074 (0.072)	Loss 0.0408 (0.0950)	
Epoch: [62][30/34]	Time 1.072 (1.074)	Data 0.068 (0.072)	Loss 0.0788 (0.0949)	
Test: [0/9]	Time 0.485 (0.485)	Loss 0.1036 (0.1036)	Prec@1 0.000 (0.000)	Prec@5 0.000 (0.000)
FreqW Acc : 	 0.690041453259
Overall Acc: 	 0.830687337847
Mean Acc : 	 0.5
Mean IoU : 	 0.415343668923
Test:	Time 0.258 (0.458)	Loss 0.0636 (0.0739)	
learning rate = 0.000100
Epoch: [63][0/34]	Time 0.913 (1.074)	Data 0.068 (0.072)	Loss 0.0423 (0.0948)	
Epoch: [63][10/34]	Time 1.071 (1.074)	Data 0.071 (0.072)	Loss 0.0568 (0.0947)	
Epoch: [63][20/34]	Time 1.072 (1.074)	Data 0.070 (0.072)	Loss 0.0571 (0.0945)	
Epoch: [63][30/34]	Time 1.071 (1.074)	Data 0.068 (0.072)	Loss 0.0816 (0.0944)	
Test: [0/9]	Time 0.486 (0.486)	Loss 0.0472 (0.0472)	Prec@1 0.000 (0.000)	Prec@5 0.000 (0.000)
FreqW Acc : 	 0.691706323617
Overall Acc: 	 0.831688838219
Mean Acc : 	 0.5
Mean IoU : 	 0.415844419109
Test:	Time 0.256 (0.461)	Loss 0.0506 (0.0692)	
learning rate = 0.000100
Epoch: [64][0/34]	Time 0.915 (1.074)	Data 0.069 (0.071)	Loss 0.0356 (0.0943)	
Epoch: [64][10/34]	Time 1.070 (1.074)	Data 0.068 (0.071)	Loss 0.0474 (0.0941)	
Epoch: [64][20/34]	Time 1.070 (1.074)	Data 0.070 (0.071)	Loss 0.0636 (0.0940)	
Epoch: [64][30/34]	Time 1.072 (1.074)	Data 0.075 (0.071)	Loss 0.0599 (0.0938)	
Test: [0/9]	Time 0.494 (0.494)	Loss 0.0733 (0.0733)	Prec@1 0.000 (0.000)	Prec@5 0.000 (0.000)
FreqW Acc : 	 0.690380889879
Overall Acc: 	 0.830891623426
Mean Acc : 	 0.5
Mean IoU : 	 0.415445811713
Test:	Time 0.257 (0.458)	Loss 0.0710 (0.0702)	
learning rate = 0.000100
Epoch: [65][0/34]	Time 0.914 (1.074)	Data 0.068 (0.071)	Loss 0.0612 (0.0938)	
Epoch: [65][10/34]	Time 1.074 (1.074)	Data 0.068 (0.071)	Loss 0.0712 (0.0936)	
Epoch: [65][20/34]	Time 1.072 (1.074)	Data 0.067 (0.071)	Loss 0.0571 (0.0935)	
Epoch: [65][30/34]	Time 1.073 (1.074)	Data 0.067 (0.071)	Loss 0.0427 (0.0933)	
Test: [0/9]	Time 0.484 (0.484)	Loss 0.0718 (0.0718)	Prec@1 0.000 (0.000)	Prec@5 0.000 (0.000)
FreqW Acc : 	 0.69028211543
Overall Acc: 	 0.830832182471
Mean Acc : 	 0.5
Mean IoU : 	 0.415416091236
Test:	Time 0.258 (0.459)	Loss 0.0706 (0.0694)	
learning rate = 0.000100
Epoch: [66][0/34]	Time 0.921 (1.073)	Data 0.074 (0.071)	Loss 0.0469 (0.0933)	
Epoch: [66][10/34]	Time 1.072 (1.073)	Data 0.076 (0.071)	Loss 0.0512 (0.0931)	
Epoch: [66][20/34]	Time 1.072 (1.073)	Data 0.069 (0.071)	Loss 0.0522 (0.0930)	
Epoch: [66][30/34]	Time 1.072 (1.073)	Data 0.069 (0.071)	Loss 0.0818 (0.0928)	
Test: [0/9]	Time 0.490 (0.490)	Loss 0.0930 (0.0930)	Prec@1 0.000 (0.000)	Prec@5 0.000 (0.000)
FreqW Acc : 	 0.690183915656
Overall Acc: 	 0.830773083132
Mean Acc : 	 0.5
Mean IoU : 	 0.415386541566
Test:	Time 0.254 (0.458)	Loss 0.0774 (0.0694)	
learning rate = 0.000100
Epoch: [67][0/34]	Time 0.914 (1.073)	Data 0.068 (0.071)	Loss 0.0475 (0.0928)	
Epoch: [67][10/34]	Time 1.072 (1.073)	Data 0.068 (0.071)	Loss 0.0344 (0.0926)	
Epoch: [67][20/34]	Time 1.072 (1.073)	Data 0.068 (0.071)	Loss 0.0764 (0.0925)	
Epoch: [67][30/34]	Time 1.074 (1.073)	Data 0.070 (0.071)	Loss 0.0387 (0.0924)	
Test: [0/9]	Time 0.484 (0.484)	Loss 0.0866 (0.0866)	Prec@1 0.000 (0.000)	Prec@5 0.000 (0.000)
FreqW Acc : 	 0.689828827582
Overall Acc: 	 0.830559346213
Mean Acc : 	 0.5
Mean IoU : 	 0.415279673107
Test:	Time 0.261 (0.460)	Loss 0.0698 (0.0706)	
learning rate = 0.000100
Epoch: [68][0/34]	Time 0.919 (1.073)	Data 0.073 (0.071)	Loss 0.0686 (0.0923)	
Epoch: [68][10/34]	Time 1.073 (1.073)	Data 0.069 (0.071)	Loss 0.0663 (0.0922)	
Epoch: [68][20/34]	Time 1.072 (1.073)	Data 0.076 (0.071)	Loss 0.0699 (0.0921)	
Epoch: [68][30/34]	Time 1.072 (1.073)	Data 0.075 (0.071)	Loss 0.0621 (0.0919)	
Test: [0/9]	Time 0.484 (0.484)	Loss 0.0908 (0.0908)	Prec@1 0.000 (0.000)	Prec@5 0.000 (0.000)
FreqW Acc : 	 0.691117758206
Overall Acc: 	 0.83133492541
Mean Acc : 	 0.5
Mean IoU : 	 0.415667462705
Test:	Time 0.257 (0.459)	Loss 0.0460 (0.0706)	
learning rate = 0.000100
Epoch: [69][0/34]	Time 0.915 (1.073)	Data 0.069 (0.071)	Loss 0.0613 (0.0919)	
Epoch: [69][10/34]	Time 1.073 (1.073)	Data 0.077 (0.071)	Loss 0.0421 (0.0918)	
Epoch: [69][20/34]	Time 1.069 (1.073)	Data 0.076 (0.071)	Loss 0.0555 (0.0917)	
Epoch: [69][30/34]	Time 1.072 (1.073)	Data 0.075 (0.071)	Loss 0.0603 (0.0915)	
Test: [0/9]	Time 0.483 (0.483)	Loss 0.0487 (0.0487)	Prec@1 0.000 (0.000)	Prec@5 0.000 (0.000)
FreqW Acc : 	 0.689713826636
Overall Acc: 	 0.830490112305
Mean Acc : 	 0.5
Mean IoU : 	 0.415245056152
Test:	Time 0.260 (0.459)	Loss 0.0591 (0.0701)	
learning rate = 0.000100
Epoch: [70][0/34]	Time 0.921 (1.073)	Data 0.073 (0.071)	Loss 0.0456 (0.0915)	
Epoch: [70][10/34]	Time 1.072 (1.073)	Data 0.069 (0.071)	Loss 0.0657 (0.0914)	
Epoch: [70][20/34]	Time 1.073 (1.073)	Data 0.078 (0.071)	Loss 0.0783 (0.0912)	
Epoch: [70][30/34]	Time 1.069 (1.073)	Data 0.069 (0.071)	Loss 0.0526 (0.0911)	
Test: [0/9]	Time 0.484 (0.484)	Loss 0.0876 (0.0876)	Prec@1 0.000 (0.000)	Prec@5 0.000 (0.000)
FreqW Acc : 	 0.690085344489
Overall Acc: 	 0.830713756049
Mean Acc : 	 0.5
Mean IoU : 	 0.415356878024
Test:	Time 0.255 (0.459)	Loss 0.0303 (0.0719)	
learning rate = 0.000100
Epoch: [71][0/34]	Time 0.915 (1.072)	Data 0.069 (0.071)	Loss 0.0628 (0.0911)	
Epoch: [71][10/34]	Time 1.072 (1.072)	Data 0.076 (0.071)	Loss 0.0692 (0.0910)	
Epoch: [71][20/34]	Time 1.073 (1.072)	Data 0.075 (0.071)	Loss 0.0842 (0.0908)	
Epoch: [71][30/34]	Time 1.072 (1.072)	Data 0.075 (0.071)	Loss 0.0599 (0.0907)	
Test: [0/9]	Time 0.484 (0.484)	Loss 0.0701 (0.0701)	Prec@1 0.000 (0.000)	Prec@5 0.000 (0.000)
FreqW Acc : 	 0.690062263582
Overall Acc: 	 0.830699863719
Mean Acc : 	 0.5
Mean IoU : 	 0.415349931859
Test:	Time 0.258 (0.458)	Loss 0.0685 (0.0696)	
learning rate = 0.000100
Epoch: [72][0/34]	Time 0.916 (1.072)	Data 0.070 (0.071)	Loss 0.0406 (0.0906)	
Epoch: [72][10/34]	Time 1.073 (1.072)	Data 0.074 (0.071)	Loss 0.0431 (0.0905)	
Epoch: [72][20/34]	Time 1.072 (1.072)	Data 0.075 (0.071)	Loss 0.0557 (0.0904)	
Epoch: [72][30/34]	Time 1.072 (1.072)	Data 0.071 (0.071)	Loss 0.0656 (0.0903)	
Test: [0/9]	Time 0.482 (0.482)	Loss 0.0895 (0.0895)	Prec@1 0.000 (0.000)	Prec@5 0.000 (0.000)
FreqW Acc : 	 0.690602495815
Overall Acc: 	 0.831024967023
Mean Acc : 	 0.5
Mean IoU : 	 0.415512483511
Test:	Time 0.256 (0.458)	Loss 0.0720 (0.0714)	
learning rate = 0.000100
Epoch: [73][0/34]	Time 0.914 (1.072)	Data 0.067 (0.071)	Loss 0.0617 (0.0902)	
Epoch: [73][10/34]	Time 1.071 (1.072)	Data 0.068 (0.071)	Loss 0.0708 (0.0901)	
Epoch: [73][20/34]	Time 1.072 (1.072)	Data 0.078 (0.071)	Loss 0.0672 (0.0900)	
Epoch: [73][30/34]	Time 1.072 (1.072)	Data 0.068 (0.071)	Loss 0.0826 (0.0899)	
Test: [0/9]	Time 0.483 (0.483)	Loss 0.0606 (0.0606)	Prec@1 0.000 (0.000)	Prec@5 0.000 (0.000)
FreqW Acc : 	 0.69026659978
Overall Acc: 	 0.830822845003
Mean Acc : 	 0.5
Mean IoU : 	 0.415411422502
Test:	Time 0.256 (0.456)	Loss 0.0595 (0.0708)	
learning rate = 0.000100
Epoch: [74][0/34]	Time 0.912 (1.072)	Data 0.068 (0.071)	Loss 0.0591 (0.0898)	
Epoch: [74][10/34]	Time 1.072 (1.072)	Data 0.071 (0.071)	Loss 0.0324 (0.0897)	
Epoch: [74][20/34]	Time 1.072 (1.072)	Data 0.069 (0.071)	Loss 0.0501 (0.0896)	
Epoch: [74][30/34]	Time 1.073 (1.072)	Data 0.076 (0.071)	Loss 0.0653 (0.0895)	
Test: [0/9]	Time 0.487 (0.487)	Loss 0.0537 (0.0537)	Prec@1 0.000 (0.000)	Prec@5 0.000 (0.000)
FreqW Acc : 	 0.690288359583
Overall Acc: 	 0.830835940233
Mean Acc : 	 0.5
Mean IoU : 	 0.415417970116
Test:	Time 0.257 (0.458)	Loss 0.0914 (0.0695)	
learning rate = 0.000100
Epoch: [75][0/34]	Time 0.915 (1.072)	Data 0.069 (0.071)	Loss 0.0519 (0.0895)	
Epoch: [75][10/34]	Time 1.073 (1.072)	Data 0.069 (0.071)	Loss 0.0738 (0.0894)	
Epoch: [75][20/34]	Time 1.073 (1.072)	Data 0.074 (0.071)	Loss 0.0933 (0.0893)	
Epoch: [75][30/34]	Time 1.071 (1.072)	Data 0.073 (0.071)	Loss 0.0663 (0.0891)	
Test: [0/9]	Time 0.486 (0.486)	Loss 0.0633 (0.0633)	Prec@1 0.000 (0.000)	Prec@5 0.000 (0.000)
FreqW Acc : 	 0.690437660002
Overall Acc: 	 0.830925784894
Mean Acc : 	 0.5
Mean IoU : 	 0.415462892447
Test:	Time 0.255 (0.457)	Loss 0.0710 (0.0689)	
learning rate = 0.000100
Epoch: [76][0/34]	Time 0.929 (1.071)	Data 0.068 (0.071)	Loss 0.0576 (0.0891)	
Epoch: [76][10/34]	Time 1.073 (1.071)	Data 0.072 (0.071)	Loss 0.0537 (0.0890)	
Epoch: [76][20/34]	Time 1.072 (1.071)	Data 0.069 (0.071)	Loss 0.0424 (0.0889)	
Epoch: [76][30/34]	Time 1.073 (1.071)	Data 0.069 (0.071)	Loss 0.0637 (0.0888)	
Test: [0/9]	Time 0.485 (0.485)	Loss 0.0410 (0.0410)	Prec@1 0.000 (0.000)	Prec@5 0.000 (0.000)
FreqW Acc : 	 0.691628856519
Overall Acc: 	 0.83164226475
Mean Acc : 	 0.5
Mean IoU : 	 0.415821132375
Test:	Time 0.257 (0.459)	Loss 0.0548 (0.0700)	
learning rate = 0.000100
Epoch: [77][0/34]	Time 0.913 (1.071)	Data 0.068 (0.071)	Loss 0.0648 (0.0888)	
Epoch: [77][10/34]	Time 1.072 (1.071)	Data 0.079 (0.071)	Loss 0.0488 (0.0886)	
Epoch: [77][20/34]	Time 1.072 (1.071)	Data 0.069 (0.071)	Loss 0.0936 (0.0885)	
Epoch: [77][30/34]	Time 1.073 (1.071)	Data 0.070 (0.071)	Loss 0.0353 (0.0885)	
Test: [0/9]	Time 0.486 (0.486)	Loss 0.0779 (0.0779)	Prec@1 0.000 (0.000)	Prec@5 0.000 (0.000)
FreqW Acc : 	 0.690571078976
Overall Acc: 	 0.831006064344
Mean Acc : 	 0.5
Mean IoU : 	 0.415503032172
Test:	Time 0.256 (0.458)	Loss 0.0575 (0.0705)	
learning rate = 0.000100
Epoch: [78][0/34]	Time 0.914 (1.071)	Data 0.067 (0.071)	Loss 0.0544 (0.0884)	
Epoch: [78][10/34]	Time 1.071 (1.071)	Data 0.068 (0.071)	Loss 0.0572 (0.0883)	
Epoch: [78][20/34]	Time 1.072 (1.071)	Data 0.069 (0.071)	Loss 0.0571 (0.0882)	
Epoch: [78][30/34]	Time 1.073 (1.071)	Data 0.068 (0.071)	Loss 0.0736 (0.0881)	
Test: [0/9]	Time 0.485 (0.485)	Loss 0.1046 (0.1046)	Prec@1 0.000 (0.000)	Prec@5 0.000 (0.000)
FreqW Acc : 	 0.689878576028
Overall Acc: 	 0.830589294434
Mean Acc : 	 0.5
Mean IoU : 	 0.415294647217
Test:	Time 0.256 (0.457)	Loss 0.0636 (0.0734)	
learning rate = 0.000100
Epoch: [79][0/34]	Time 0.915 (1.071)	Data 0.068 (0.071)	Loss 0.0687 (0.0881)	
Epoch: [79][10/34]	Time 1.072 (1.071)	Data 0.068 (0.071)	Loss 0.0368 (0.0880)	
Epoch: [79][20/34]	Time 1.069 (1.071)	Data 0.068 (0.071)	Loss 0.0540 (0.0879)	
Epoch: [79][30/34]	Time 1.072 (1.071)	Data 0.068 (0.071)	Loss 0.0392 (0.0878)	
Test: [0/9]	Time 0.485 (0.485)	Loss 0.0676 (0.0676)	Prec@1 0.000 (0.000)	Prec@5 0.000 (0.000)
FreqW Acc : 	 0.690529254052
Overall Acc: 	 0.830980898729
Mean Acc : 	 0.5
Mean IoU : 	 0.415490449365
Test:	Time 0.257 (0.459)	Loss 0.0336 (0.0712)	
learning rate = 0.000100
Epoch: [80][0/34]	Time 0.914 (1.071)	Data 0.067 (0.071)	Loss 0.0718 (0.0878)	
Epoch: [80][10/34]	Time 1.073 (1.071)	Data 0.069 (0.071)	Loss 0.0810 (0.0877)	
Epoch: [80][20/34]	Time 1.072 (1.071)	Data 0.068 (0.071)	Loss 0.0492 (0.0876)	
Epoch: [80][30/34]	Time 1.072 (1.071)	Data 0.071 (0.071)	Loss 0.0665 (0.0875)	
Test: [0/9]	Time 0.484 (0.484)	Loss 0.0746 (0.0746)	Prec@1 0.000 (0.000)	Prec@5 0.000 (0.000)
FreqW Acc : 	 0.68899793448
Overall Acc: 	 0.830058994578
Mean Acc : 	 0.5
Mean IoU : 	 0.415029497289
Test:	Time 0.253 (0.458)	Loss 0.0691 (0.0699)	
learning rate = 0.000100
Epoch: [81][0/34]	Time 0.911 (1.071)	Data 0.067 (0.071)	Loss 0.1194 (0.0875)	
Epoch: [81][10/34]	Time 1.073 (1.071)	Data 0.076 (0.071)	Loss 0.0789 (0.0874)	
Epoch: [81][20/34]	Time 1.072 (1.071)	Data 0.077 (0.071)	Loss 0.0755 (0.0873)	
Epoch: [81][30/34]	Time 1.073 (1.071)	Data 0.068 (0.071)	Loss 0.0673 (0.0872)	
Test: [0/9]	Time 0.484 (0.484)	Loss 0.0593 (0.0593)	Prec@1 0.000 (0.000)	Prec@5 0.000 (0.000)
FreqW Acc : 	 0.690889822707
Overall Acc: 	 0.831197824051
Mean Acc : 	 0.5
Mean IoU : 	 0.415598912026
Test:	Time 0.254 (0.458)	Loss 0.0658 (0.0729)	
learning rate = 0.000100
Epoch: [82][0/34]	Time 0.915 (1.071)	Data 0.068 (0.071)	Loss 0.0420 (0.0871)	
Epoch: [82][10/34]	Time 1.072 (1.071)	Data 0.068 (0.071)	Loss 0.0696 (0.0870)	
Epoch: [82][20/34]	Time 1.072 (1.071)	Data 0.068 (0.071)	Loss 0.0719 (0.0869)	
Epoch: [82][30/34]	Time 1.072 (1.071)	Data 0.068 (0.071)	Loss 0.0683 (0.0869)	
Test: [0/9]	Time 0.484 (0.484)	Loss 0.0582 (0.0582)	Prec@1 0.000 (0.000)	Prec@5 0.000 (0.000)
FreqW Acc : 	 0.691197090092
Overall Acc: 	 0.831382637593
Mean Acc : 	 0.5
Mean IoU : 	 0.415691318797
Test:	Time 0.259 (0.458)	Loss 0.0807 (0.0696)	
learning rate = 0.000100
Epoch: [83][0/34]	Time 0.914 (1.070)	Data 0.068 (0.071)	Loss 0.0480 (0.0868)	
Epoch: [83][10/34]	Time 1.072 (1.070)	Data 0.068 (0.071)	Loss 0.0613 (0.0867)	
Epoch: [83][20/34]	Time 1.070 (1.070)	Data 0.068 (0.071)	Loss 0.0671 (0.0866)	
Epoch: [83][30/34]	Time 1.071 (1.070)	Data 0.069 (0.071)	Loss 0.0698 (0.0865)	
Test: [0/9]	Time 0.479 (0.479)	Loss 0.0920 (0.0920)	Prec@1 0.000 (0.000)	Prec@5 0.000 (0.000)
FreqW Acc : 	 0.6901298047
Overall Acc: 	 0.830740515865
Mean Acc : 	 0.5
Mean IoU : 	 0.415370257933
Test:	Time 0.258 (0.460)	Loss 0.1057 (0.0706)	
learning rate = 0.000100
Epoch: [84][0/34]	Time 0.915 (1.070)	Data 0.068 (0.071)	Loss 0.0796 (0.0865)	
Epoch: [84][10/34]	Time 1.073 (1.070)	Data 0.075 (0.071)	Loss 0.1142 (0.0864)	
Epoch: [84][20/34]	Time 1.073 (1.070)	Data 0.068 (0.071)	Loss 0.0714 (0.0863)	
Epoch: [84][30/34]	Time 1.071 (1.070)	Data 0.068 (0.071)	Loss 0.0546 (0.0862)	
Test: [0/9]	Time 0.486 (0.486)	Loss 0.0574 (0.0574)	Prec@1 0.000 (0.000)	Prec@5 0.000 (0.000)
FreqW Acc : 	 0.690381836029
Overall Acc: 	 0.830892192784
Mean Acc : 	 0.5
Mean IoU : 	 0.415446096392
Test:	Time 0.255 (0.457)	Loss 0.0574 (0.0713)	
learning rate = 0.000100
Epoch: [85][0/34]	Time 0.914 (1.070)	Data 0.067 (0.071)	Loss 0.0707 (0.0862)	
Epoch: [85][10/34]	Time 1.072 (1.070)	Data 0.068 (0.071)	Loss 0.0373 (0.0861)	
Epoch: [85][20/34]	Time 1.073 (1.070)	Data 0.071 (0.071)	Loss 0.0442 (0.0860)	
Epoch: [85][30/34]	Time 1.072 (1.070)	Data 0.069 (0.071)	Loss 0.0584 (0.0859)	
Test: [0/9]	Time 0.488 (0.488)	Loss 0.0593 (0.0593)	Prec@1 0.000 (0.000)	Prec@5 0.000 (0.000)
FreqW Acc : 	 0.690301983286
Overall Acc: 	 0.830844138985
Mean Acc : 	 0.5
Mean IoU : 	 0.415422069493
Test:	Time 0.256 (0.460)	Loss 0.0714 (0.0692)	
learning rate = 0.000100
Epoch: [86][0/34]	Time 0.915 (1.070)	Data 0.068 (0.071)	Loss 0.0788 (0.0859)	
Epoch: [86][10/34]	Time 1.070 (1.070)	Data 0.068 (0.071)	Loss 0.0941 (0.0858)	
Epoch: [86][20/34]	Time 1.070 (1.070)	Data 0.070 (0.071)	Loss 0.0944 (0.0857)	
Epoch: [86][30/34]	Time 1.073 (1.070)	Data 0.071 (0.071)	Loss 0.0492 (0.0856)	
Test: [0/9]	Time 0.485 (0.485)	Loss 0.0706 (0.0706)	Prec@1 0.000 (0.000)	Prec@5 0.000 (0.000)
FreqW Acc : 	 0.690536067076
Overall Acc: 	 0.830984998105
Mean Acc : 	 0.5
Mean IoU : 	 0.415492499053
Test:	Time 0.256 (0.459)	Loss 0.0703 (0.0700)	
learning rate = 0.000100
Epoch: [87][0/34]	Time 0.915 (1.070)	Data 0.068 (0.071)	Loss 0.0505 (0.0856)	
Epoch: [87][10/34]	Time 1.073 (1.070)	Data 0.069 (0.071)	Loss 0.0620 (0.0855)	
Epoch: [87][20/34]	Time 1.072 (1.070)	Data 0.069 (0.071)	Loss 0.0568 (0.0854)	
Epoch: [87][30/34]	Time 1.073 (1.070)	Data 0.071 (0.071)	Loss 0.0607 (0.0853)	
Test: [0/9]	Time 0.483 (0.483)	Loss 0.0611 (0.0611)	Prec@1 0.000 (0.000)	Prec@5 0.000 (0.000)
FreqW Acc : 	 0.690446743438
Overall Acc: 	 0.830931250729
Mean Acc : 	 0.5
Mean IoU : 	 0.415465625364
Test:	Time 0.258 (0.461)	Loss 0.0822 (0.0686)	
learning rate = 0.000100
Epoch: [88][0/34]	Time 0.916 (1.070)	Data 0.070 (0.071)	Loss 0.0610 (0.0853)	
Epoch: [88][10/34]	Time 1.070 (1.070)	Data 0.071 (0.071)	Loss 0.0497 (0.0852)	
Epoch: [88][20/34]	Time 1.071 (1.070)	Data 0.069 (0.071)	Loss 0.0538 (0.0852)	
Epoch: [88][30/34]	Time 1.072 (1.070)	Data 0.077 (0.071)	Loss 0.0519 (0.0851)	
Test: [0/9]	Time 0.482 (0.482)	Loss 0.0765 (0.0765)	Prec@1 0.000 (0.000)	Prec@5 0.000 (0.000)
FreqW Acc : 	 0.691640410017
Overall Acc: 	 0.831649210916
Mean Acc : 	 0.5
Mean IoU : 	 0.415824605458
Test:	Time 0.256 (0.457)	Loss 0.0921 (0.0703)	
learning rate = 0.000100
Epoch: [89][0/34]	Time 0.916 (1.070)	Data 0.070 (0.071)	Loss 0.0993 (0.0850)	
Epoch: [89][10/34]	Time 1.072 (1.070)	Data 0.077 (0.071)	Loss 0.0618 (0.0850)	
Epoch: [89][20/34]	Time 1.070 (1.070)	Data 0.069 (0.071)	Loss 0.0408 (0.0849)	
Epoch: [89][30/34]	Time 1.072 (1.070)	Data 0.071 (0.071)	Loss 0.0738 (0.0848)	
Test: [0/9]	Time 0.485 (0.485)	Loss 0.0560 (0.0560)	Prec@1 0.000 (0.000)	Prec@5 0.000 (0.000)
FreqW Acc : 	 0.691957884839
Overall Acc: 	 0.83184005965
Mean Acc : 	 0.5
Mean IoU : 	 0.415920029825
Test:	Time 0.255 (0.458)	Loss 0.0518 (0.0669)	
learning rate = 0.000100
Epoch: [90][0/34]	Time 0.914 (1.069)	Data 0.068 (0.071)	Loss 0.0326 (0.0847)	
Epoch: [90][10/34]	Time 1.073 (1.069)	Data 0.068 (0.071)	Loss 0.0455 (0.0847)	
Epoch: [90][20/34]	Time 1.073 (1.069)	Data 0.069 (0.071)	Loss 0.0536 (0.0846)	
Epoch: [90][30/34]	Time 1.072 (1.069)	Data 0.069 (0.071)	Loss 0.0495 (0.0845)	
Test: [0/9]	Time 0.484 (0.484)	Loss 0.0632 (0.0632)	Prec@1 0.000 (0.000)	Prec@5 0.000 (0.000)
FreqW Acc : 	 0.690430658227
Overall Acc: 	 0.830921571646
Mean Acc : 	 0.5
Mean IoU : 	 0.415460785823
Test:	Time 0.258 (0.459)	Loss 0.0530 (0.0744)	
learning rate = 0.000100
Epoch: [91][0/34]	Time 0.917 (1.069)	Data 0.070 (0.071)	Loss 0.0719 (0.0845)	
Epoch: [91][10/34]	Time 1.073 (1.069)	Data 0.077 (0.071)	Loss 0.0807 (0.0844)	
Epoch: [91][20/34]	Time 1.073 (1.069)	Data 0.068 (0.071)	Loss 0.0537 (0.0844)	
Epoch: [91][30/34]	Time 1.071 (1.069)	Data 0.069 (0.071)	Loss 0.0543 (0.0843)	
Test: [0/9]	Time 0.485 (0.485)	Loss 0.0779 (0.0779)	Prec@1 0.000 (0.000)	Prec@5 0.000 (0.000)
FreqW Acc : 	 0.690679526872
Overall Acc: 	 0.831071312748
Mean Acc : 	 0.5
Mean IoU : 	 0.415535656374
Test:	Time 0.253 (0.456)	Loss 0.0559 (0.0670)	
learning rate = 0.000100
Epoch: [92][0/34]	Time 0.914 (1.069)	Data 0.069 (0.071)	Loss 0.0611 (0.0842)	
Epoch: [92][10/34]	Time 1.072 (1.069)	Data 0.068 (0.071)	Loss 0.0628 (0.0842)	
Epoch: [92][20/34]	Time 1.073 (1.069)	Data 0.069 (0.071)	Loss 0.0553 (0.0841)	
Epoch: [92][30/34]	Time 1.073 (1.069)	Data 0.072 (0.071)	Loss 0.0501 (0.0840)	
Test: [0/9]	Time 0.484 (0.484)	Loss 0.0638 (0.0638)	Prec@1 0.000 (0.000)	Prec@5 0.000 (0.000)
FreqW Acc : 	 0.69142015258
Overall Acc: 	 0.831516778291
Mean Acc : 	 0.5
Mean IoU : 	 0.415758389146
Test:	Time 0.259 (0.459)	Loss 0.1119 (0.0684)	
learning rate = 0.000100
Epoch: [93][0/34]	Time 0.917 (1.069)	Data 0.071 (0.071)	Loss 0.0552 (0.0839)	
Epoch: [93][10/34]	Time 1.071 (1.069)	Data 0.068 (0.071)	Loss 0.0705 (0.0838)	
Epoch: [93][20/34]	Time 1.072 (1.069)	Data 0.077 (0.071)	Loss 0.0791 (0.0838)	
Epoch: [93][30/34]	Time 1.072 (1.069)	Data 0.068 (0.071)	Loss 0.0713 (0.0837)	
Test: [0/9]	Time 0.488 (0.488)	Loss 0.0548 (0.0548)	Prec@1 0.000 (0.000)	Prec@5 0.000 (0.000)
FreqW Acc : 	 0.692417935806
Overall Acc: 	 0.832116539799
Mean Acc : 	 0.5
Mean IoU : 	 0.416058269899
Test:	Time 0.262 (0.460)	Loss 0.0648 (0.0681)	
learning rate = 0.000100
Epoch: [94][0/34]	Time 0.921 (1.069)	Data 0.077 (0.071)	Loss 0.0529 (0.0837)	
Epoch: [94][10/34]	Time 1.072 (1.069)	Data 0.069 (0.071)	Loss 0.0566 (0.0836)	
Epoch: [94][20/34]	Time 1.073 (1.069)	Data 0.077 (0.071)	Loss 0.0737 (0.0835)	
Epoch: [94][30/34]	Time 1.069 (1.069)	Data 0.075 (0.071)	Loss 0.0475 (0.0834)	
Test: [0/9]	Time 0.487 (0.487)	Loss 0.0751 (0.0751)	Prec@1 0.000 (0.000)	Prec@5 0.000 (0.000)
FreqW Acc : 	 0.690299523441
Overall Acc: 	 0.830842658655
Mean Acc : 	 0.5
Mean IoU : 	 0.415421329327
Test:	Time 0.257 (0.459)	Loss 0.0656 (0.0661)	
learning rate = 0.000100
Epoch: [95][0/34]	Time 0.913 (1.069)	Data 0.069 (0.071)	Loss 0.0319 (0.0834)	
Epoch: [95][10/34]	Time 1.072 (1.069)	Data 0.068 (0.071)	Loss 0.1037 (0.0833)	
Epoch: [95][20/34]	Time 1.073 (1.069)	Data 0.069 (0.071)	Loss 0.0414 (0.0833)	
Epoch: [95][30/34]	Time 1.072 (1.069)	Data 0.068 (0.071)	Loss 0.0563 (0.0832)	
Test: [0/9]	Time 0.481 (0.481)	Loss 0.0673 (0.0673)	Prec@1 0.000 (0.000)	Prec@5 0.000 (0.000)
FreqW Acc : 	 0.690515438858
Overall Acc: 	 0.830972586105
Mean Acc : 	 0.5
Mean IoU : 	 0.415486293053
Test:	Time 0.255 (0.459)	Loss 0.0366 (0.0673)	
learning rate = 0.000100
Epoch: [96][0/34]	Time 0.915 (1.069)	Data 0.069 (0.071)	Loss 0.0391 (0.0831)	
Epoch: [96][10/34]	Time 1.073 (1.069)	Data 0.068 (0.071)	Loss 0.0469 (0.0831)	
Epoch: [96][20/34]	Time 1.070 (1.069)	Data 0.069 (0.071)	Loss 0.0439 (0.0830)	
Epoch: [96][30/34]	Time 1.070 (1.069)	Data 0.069 (0.071)	Loss 0.0816 (0.0829)	
Test: [0/9]	Time 0.480 (0.480)	Loss 0.0442 (0.0442)	Prec@1 0.000 (0.000)	Prec@5 0.000 (0.000)
FreqW Acc : 	 0.691430189344
Overall Acc: 	 0.831522813484
Mean Acc : 	 0.5
Mean IoU : 	 0.415761406742
Test:	Time 0.256 (0.459)	Loss 0.1033 (0.0673)	
learning rate = 0.000100
Epoch: [97][0/34]	Time 0.914 (1.069)	Data 0.069 (0.071)	Loss 0.0435 (0.0829)	
Epoch: [97][10/34]	Time 1.071 (1.069)	Data 0.068 (0.071)	Loss 0.0972 (0.0828)	
Epoch: [97][20/34]	Time 1.070 (1.069)	Data 0.073 (0.071)	Loss 0.0505 (0.0827)	
Epoch: [97][30/34]	Time 1.071 (1.069)	Data 0.076 (0.071)	Loss 0.0990 (0.0826)	
Test: [0/9]	Time 0.487 (0.487)	Loss 0.0712 (0.0712)	Prec@1 0.000 (0.000)	Prec@5 0.000 (0.000)
FreqW Acc : 	 0.690233487694
Overall Acc: 	 0.83080291748
Mean Acc : 	 0.5
Mean IoU : 	 0.41540145874
Test:	Time 0.256 (0.458)	Loss 0.0612 (0.0729)	
learning rate = 0.000100
Epoch: [98][0/34]	Time 0.914 (1.069)	Data 0.067 (0.071)	Loss 0.0303 (0.0826)	
Epoch: [98][10/34]	Time 1.072 (1.069)	Data 0.068 (0.071)	Loss 0.0737 (0.0825)	
Epoch: [98][20/34]	Time 1.072 (1.069)	Data 0.077 (0.071)	Loss 0.0524 (0.0825)	
Epoch: [98][30/34]	Time 1.071 (1.069)	Data 0.068 (0.071)	Loss 0.0670 (0.0824)	
Test: [0/9]	Time 0.482 (0.482)	Loss 0.0572 (0.0572)	Prec@1 0.000 (0.000)	Prec@5 0.000 (0.000)
FreqW Acc : 	 0.689338248898
Overall Acc: 	 0.830263963386
Mean Acc : 	 0.5
Mean IoU : 	 0.415131981693
Test:	Time 0.255 (0.458)	Loss 0.0802 (0.0674)	
learning rate = 0.000100
Epoch: [99][0/34]	Time 0.914 (1.068)	Data 0.068 (0.071)	Loss 0.0435 (0.0824)	
Epoch: [99][10/34]	Time 1.073 (1.068)	Data 0.075 (0.071)	Loss 0.0369 (0.0823)	
Epoch: [99][20/34]	Time 1.070 (1.068)	Data 0.068 (0.071)	Loss 0.0755 (0.0822)	
Epoch: [99][30/34]	Time 1.072 (1.068)	Data 0.068 (0.071)	Loss 0.0622 (0.0821)	
Test: [0/9]	Time 0.481 (0.481)	Loss 0.0767 (0.0767)	Prec@1 0.000 (0.000)	Prec@5 0.000 (0.000)
FreqW Acc : 	 0.6916068862
Overall Acc: 	 0.831629055649
Mean Acc : 	 0.5
Mean IoU : 	 0.415814527825
Test:	Time 0.257 (0.458)	Loss 0.0719 (0.0746)	
