start training
learning rate = 0.000050
Epoch: [0][0/34]	Time 8.790 (8.790)	Data 0.061 (0.061)	Loss 4.1859 (4.1859)	
Epoch: [0][10/34]	Time 0.562 (1.284)	Data 0.049 (0.052)	Loss 0.5845 (1.1847)	
Epoch: [0][20/34]	Time 0.557 (0.938)	Data 0.070 (0.053)	Loss 0.3963 (0.8168)	
Epoch: [0][30/34]	Time 0.562 (0.816)	Data 0.049 (0.052)	Loss 0.1747 (0.6384)	
Test: [0/9]	Time 0.224 (0.224)	Loss 0.2320 (0.2320)	Prec@1 0.000 (0.000)	Prec@5 0.000 (0.000)
Overall Acc: 	 0.8595272462759445
Mean Acc : 	 0.5
FreqW Acc : 	 0.7387870870907081
Mean IoU : 	 0.42976362313797223
* Test:	Time 2.527 (0.486)	Loss 0.1807 (0.2263)	
learning rate = 0.000050
Epoch: [1][0/34]	Time 0.399 (0.980)	Data 0.057 (0.051)	Loss 0.2257 (0.5964)	
Epoch: [1][10/34]	Time 0.560 (0.886)	Data 0.048 (0.051)	Loss 0.2352 (0.5152)	
Epoch: [1][20/34]	Time 0.562 (0.826)	Data 0.048 (0.050)	Loss 0.3153 (0.4701)	
Epoch: [1][30/34]	Time 0.554 (0.785)	Data 0.049 (0.050)	Loss 0.1687 (0.4405)	
Test: [0/9]	Time 0.224 (0.224)	Loss 0.2646 (0.2646)	Prec@1 0.000 (0.000)	Prec@5 0.000 (0.000)
Overall Acc: 	 0.8600288504984841
Mean Acc : 	 0.5
FreqW Acc : 	 0.739649623689744
Mean IoU : 	 0.43001442524924205
* Test:	Time 0.096 (0.216)	Loss 0.4175 (0.2465)	
learning rate = 0.000050
Epoch: [2][0/34]	Time 0.230 (0.766)	Data 0.056 (0.050)	Loss 0.2464 (0.4276)	
Epoch: [2][10/34]	Time 0.558 (0.740)	Data 0.048 (0.050)	Loss 0.1593 (0.4007)	
Epoch: [2][20/34]	Time 0.556 (0.720)	Data 0.048 (0.050)	Loss 0.1254 (0.3749)	
Epoch: [2][30/34]	Time 0.561 (0.703)	Data 0.049 (0.050)	Loss 0.1281 (0.3509)	
Test: [0/9]	Time 0.223 (0.223)	Loss 0.1558 (0.1558)	Prec@1 0.000 (0.000)	Prec@5 0.000 (0.000)
Overall Acc: 	 0.8597839127725629
Mean Acc : 	 0.5
FreqW Acc : 	 0.7392283766624981
Mean IoU : 	 0.42989195638628147
* Test:	Time 0.093 (0.216)	Loss 0.1351 (0.1361)	
learning rate = 0.000050
Epoch: [3][0/34]	Time 0.226 (0.694)	Data 0.055 (0.049)	Loss 0.2131 (0.3440)	
Epoch: [3][10/34]	Time 0.559 (0.682)	Data 0.049 (0.049)	Loss 0.1166 (0.3242)	
Epoch: [3][20/34]	Time 0.560 (0.672)	Data 0.049 (0.049)	Loss 0.0939 (0.3074)	
Epoch: [3][30/34]	Time 0.557 (0.664)	Data 0.049 (0.049)	Loss 0.1260 (0.2934)	
Test: [0/9]	Time 0.223 (0.223)	Loss 0.1185 (0.1185)	Prec@1 0.000 (0.000)	Prec@5 0.000 (0.000)
Overall Acc: 	 0.8604422042618937
Mean Acc : 	 0.5
FreqW Acc : 	 0.7403607868750663
Mean IoU : 	 0.43022110213094683
* Test:	Time 0.100 (0.216)	Loss 0.0791 (0.1113)	
learning rate = 0.000050
Epoch: [4][0/34]	Time 0.227 (0.658)	Data 0.057 (0.049)	Loss 0.0984 (0.2886)	
Epoch: [4][10/34]	Time 0.563 (0.651)	Data 0.049 (0.049)	Loss 0.1097 (0.2769)	
Epoch: [4][20/34]	Time 0.557 (0.645)	Data 0.049 (0.049)	Loss 0.1171 (0.2661)	
Epoch: [4][30/34]	Time 0.564 (0.640)	Data 0.049 (0.049)	Loss 0.1111 (0.2566)	
Test: [0/9]	Time 0.224 (0.224)	Loss 0.1550 (0.1550)	Prec@1 0.000 (0.000)	Prec@5 0.000 (0.000)
Overall Acc: 	 0.8610933218429337
Mean Acc : 	 0.5
FreqW Acc : 	 0.7414817089224983
Mean IoU : 	 0.4305466609214669
* Test:	Time 0.094 (0.215)	Loss 0.2083 (0.1036)	
learning rate = 0.000050
Epoch: [5][0/34]	Time 0.229 (0.636)	Data 0.056 (0.049)	Loss 0.1198 (0.2533)	
Epoch: [5][10/34]	Time 0.557 (0.632)	Data 0.049 (0.049)	Loss 0.0955 (0.2448)	
Epoch: [5][20/34]	Time 0.564 (0.628)	Data 0.050 (0.049)	Loss 0.1005 (0.2374)	
Epoch: [5][30/34]	Time 0.557 (0.625)	Data 0.048 (0.049)	Loss 0.1741 (0.2304)	
Test: [0/9]	Time 0.226 (0.226)	Loss 0.0834 (0.0834)	Prec@1 0.000 (0.000)	Prec@5 0.000 (0.000)
Overall Acc: 	 0.8605816969230994
Mean Acc : 	 0.5
FreqW Acc : 	 0.7406008570790413
Mean IoU : 	 0.4302908484615497
* Test:	Time 0.095 (0.217)	Loss 0.0879 (0.1067)	
learning rate = 0.000050
Epoch: [6][0/34]	Time 0.226 (0.621)	Data 0.054 (0.049)	Loss 0.1069 (0.2287)	
Epoch: [6][10/34]	Time 0.564 (0.619)	Data 0.049 (0.049)	Loss 0.0992 (0.2234)	
Epoch: [6][20/34]	Time 0.562 (0.616)	Data 0.049 (0.049)	Loss 0.1082 (0.2184)	
Epoch: [6][30/34]	Time 0.560 (0.614)	Data 0.049 (0.049)	Loss 0.0679 (0.2131)	
Test: [0/9]	Time 0.226 (0.226)	Loss 0.1117 (0.1117)	Prec@1 0.000 (0.000)	Prec@5 0.000 (0.000)
Overall Acc: 	 0.8597248134328358
Mean Acc : 	 0.5
FreqW Acc : 	 0.7391267548321243
Mean IoU : 	 0.4298624067164179
* Test:	Time 0.093 (0.214)	Loss 0.0530 (0.0996)	
learning rate = 0.000050
Epoch: [7][0/34]	Time 0.226 (0.611)	Data 0.056 (0.049)	Loss 0.0836 (0.2115)	
Epoch: [7][10/34]	Time 0.560 (0.609)	Data 0.049 (0.049)	Loss 0.0776 (0.2067)	
Epoch: [7][20/34]	Time 0.560 (0.607)	Data 0.049 (0.049)	Loss 0.0664 (0.2027)	
Epoch: [7][30/34]	Time 0.559 (0.605)	Data 0.049 (0.049)	Loss 0.0952 (0.1991)	
Test: [0/9]	Time 0.225 (0.225)	Loss 0.1226 (0.1226)	Prec@1 0.000 (0.000)	Prec@5 0.000 (0.000)
Overall Acc: 	 0.8596912213225862
Mean Acc : 	 0.5
FreqW Acc : 	 0.7390689960191199
Mean IoU : 	 0.4298456106612931
* Test:	Time 0.114 (0.218)	Loss 0.0387 (0.0953)	
learning rate = 0.000050
Epoch: [8][0/34]	Time 0.226 (0.603)	Data 0.055 (0.049)	Loss 0.1171 (0.1979)	
Epoch: [8][10/34]	Time 0.560 (0.602)	Data 0.049 (0.049)	Loss 0.1008 (0.1942)	
Epoch: [8][20/34]	Time 0.561 (0.600)	Data 0.048 (0.049)	Loss 0.0944 (0.1909)	
Epoch: [8][30/34]	Time 0.561 (0.599)	Data 0.048 (0.049)	Loss 0.0655 (0.1875)	
Test: [0/9]	Time 0.227 (0.227)	Loss 0.0791 (0.0791)	Prec@1 0.000 (0.000)	Prec@5 0.000 (0.000)
Overall Acc: 	 0.8592688717059235
Mean Acc : 	 0.5
FreqW Acc : 	 0.7383429938827708
Mean IoU : 	 0.42963443585296174
* Test:	Time 0.092 (0.215)	Loss 0.1139 (0.0970)	
learning rate = 0.000050
Epoch: [9][0/34]	Time 0.226 (0.597)	Data 0.057 (0.049)	Loss 0.1028 (0.1865)	
Epoch: [9][10/34]	Time 0.558 (0.596)	Data 0.048 (0.049)	Loss 0.0978 (0.1839)	
Epoch: [9][20/34]	Time 0.561 (0.595)	Data 0.048 (0.049)	Loss 0.1183 (0.1808)	
Epoch: [9][30/34]	Time 0.557 (0.594)	Data 0.048 (0.049)	Loss 0.1173 (0.1779)	
Test: [0/9]	Time 0.222 (0.222)	Loss 0.0724 (0.0724)	Prec@1 0.000 (0.000)	Prec@5 0.000 (0.000)
Overall Acc: 	 0.860359761252332
Mean Acc : 	 0.5
FreqW Acc : 	 0.7402189187821698
Mean IoU : 	 0.430179880626166
* Test:	Time 0.096 (0.217)	Loss 0.0896 (0.0944)	
learning rate = 0.000050
Epoch: [10][0/34]	Time 0.227 (0.592)	Data 0.056 (0.049)	Loss 0.0637 (0.1770)	
Epoch: [10][10/34]	Time 0.560 (0.591)	Data 0.049 (0.049)	Loss 0.1281 (0.1748)	
Epoch: [10][20/34]	Time 0.558 (0.590)	Data 0.049 (0.049)	Loss 0.0874 (0.1728)	
Epoch: [10][30/34]	Time 0.558 (0.589)	Data 0.048 (0.049)	Loss 0.0638 (0.1708)	
Test: [0/9]	Time 0.226 (0.226)	Loss 0.0946 (0.0946)	Prec@1 0.000 (0.000)	Prec@5 0.000 (0.000)
Overall Acc: 	 0.8597275463502798
Mean Acc : 	 0.5
FreqW Acc : 	 0.7391314539534726
Mean IoU : 	 0.4298637731751399
* Test:	Time 0.097 (0.218)	Loss 0.0695 (0.1010)	
learning rate = 0.000050
Epoch: [11][0/34]	Time 0.226 (0.588)	Data 0.056 (0.049)	Loss 0.0763 (0.1700)	
Epoch: [11][10/34]	Time 0.563 (0.587)	Data 0.049 (0.049)	Loss 0.0784 (0.1681)	
Epoch: [11][20/34]	Time 0.560 (0.587)	Data 0.049 (0.049)	Loss 0.0667 (0.1660)	
Epoch: [11][30/34]	Time 0.561 (0.586)	Data 0.049 (0.049)	Loss 0.0748 (0.1640)	
Test: [0/9]	Time 0.223 (0.223)	Loss 0.1026 (0.1026)	Prec@1 0.000 (0.000)	Prec@5 0.000 (0.000)
Overall Acc: 	 0.8601451133614155
Mean Acc : 	 0.5
FreqW Acc : 	 0.7398496160395224
Mean IoU : 	 0.43007255668070776
* Test:	Time 0.097 (0.218)	Loss 0.0535 (0.0880)	
learning rate = 0.000050
Epoch: [12][0/34]	Time 0.225 (0.585)	Data 0.055 (0.049)	Loss 0.1013 (0.1634)	
Epoch: [12][10/34]	Time 0.562 (0.584)	Data 0.049 (0.049)	Loss 0.0934 (0.1617)	
Epoch: [12][20/34]	Time 0.559 (0.584)	Data 0.050 (0.049)	Loss 0.0603 (0.1597)	
Epoch: [12][30/34]	Time 0.561 (0.583)	Data 0.050 (0.049)	Loss 0.1129 (0.1579)	
Test: [0/9]	Time 0.223 (0.223)	Loss 0.1131 (0.1131)	Prec@1 0.000 (0.000)	Prec@5 0.000 (0.000)
Overall Acc: 	 0.8590378263103429
Mean Acc : 	 0.5
FreqW Acc : 	 0.7379459870319988
Mean IoU : 	 0.42951891315517143
* Test:	Time 0.092 (0.220)	Loss 0.0465 (0.0846)	
learning rate = 0.000050
Epoch: [13][0/34]	Time 0.226 (0.582)	Data 0.056 (0.049)	Loss 0.0638 (0.1573)	
Epoch: [13][10/34]	Time 0.561 (0.581)	Data 0.048 (0.049)	Loss 0.0551 (0.1556)	
Epoch: [13][20/34]	Time 0.563 (0.581)	Data 0.048 (0.049)	Loss 0.0563 (0.1538)	
Epoch: [13][30/34]	Time 0.565 (0.581)	Data 0.049 (0.049)	Loss 0.0851 (0.1523)	
Test: [0/9]	Time 0.224 (0.224)	Loss 0.1047 (0.1047)	Prec@1 0.000 (0.000)	Prec@5 0.000 (0.000)
Overall Acc: 	 0.8602004549396571
Mean Acc : 	 0.5
FreqW Acc : 	 0.7399448226783931
Mean IoU : 	 0.43010022746982857
* Test:	Time 0.092 (0.218)	Loss 0.0680 (0.0840)	
learning rate = 0.000050
Epoch: [14][0/34]	Time 0.231 (0.580)	Data 0.057 (0.049)	Loss 0.1061 (0.1520)	
Epoch: [14][10/34]	Time 0.564 (0.579)	Data 0.051 (0.049)	Loss 0.0676 (0.1505)	
Epoch: [14][20/34]	Time 0.560 (0.579)	Data 0.049 (0.049)	Loss 0.0485 (0.1489)	
Epoch: [14][30/34]	Time 0.556 (0.578)	Data 0.048 (0.049)	Loss 0.0949 (0.1478)	
Test: [0/9]	Time 0.227 (0.227)	Loss 0.0949 (0.0949)	Prec@1 0.000 (0.000)	Prec@5 0.000 (0.000)
Overall Acc: 	 0.8596258590470499
Mean Acc : 	 0.5
FreqW Acc : 	 0.7389566175423785
Mean IoU : 	 0.42981292952352496
* Test:	Time 0.102 (0.215)	Loss 0.1390 (0.1118)	
learning rate = 0.000050
Epoch: [15][0/34]	Time 0.218 (0.577)	Data 0.048 (0.049)	Loss 0.0786 (0.1473)	
Epoch: [15][10/34]	Time 0.562 (0.577)	Data 0.049 (0.049)	Loss 0.1522 (0.1466)	
Epoch: [15][20/34]	Time 0.559 (0.577)	Data 0.048 (0.049)	Loss 0.1035 (0.1453)	
Epoch: [15][30/34]	Time 0.563 (0.576)	Data 0.049 (0.049)	Loss 0.0567 (0.1441)	
Test: [0/9]	Time 0.223 (0.223)	Loss 0.0817 (0.0817)	Prec@1 0.000 (0.000)	Prec@5 0.000 (0.000)
Overall Acc: 	 0.8597551032678404
Mean Acc : 	 0.5
FreqW Acc : 	 0.739178837595095
Mean IoU : 	 0.4298775516339202
* Test:	Time 0.096 (0.215)	Loss 0.0622 (0.0815)	
learning rate = 0.000050
Epoch: [16][0/34]	Time 0.229 (0.576)	Data 0.056 (0.049)	Loss 0.0627 (0.1437)	
Epoch: [16][10/34]	Time 0.559 (0.575)	Data 0.050 (0.049)	Loss 0.1025 (0.1428)	
Epoch: [16][20/34]	Time 0.565 (0.575)	Data 0.050 (0.050)	Loss 0.0803 (0.1417)	
Epoch: [16][30/34]	Time 0.558 (0.575)	Data 0.049 (0.050)	Loss 0.1130 (0.1407)	
Test: [0/9]	Time 0.224 (0.224)	Loss 0.0706 (0.0706)	Prec@1 0.000 (0.000)	Prec@5 0.000 (0.000)
Overall Acc: 	 0.8600329498746502
Mean Acc : 	 0.5
FreqW Acc : 	 0.7396566748700926
Mean IoU : 	 0.4300164749373251
* Test:	Time 0.094 (0.216)	Loss 0.0788 (0.0799)	
learning rate = 0.000050
Epoch: [17][0/34]	Time 0.219 (0.574)	Data 0.048 (0.049)	Loss 0.0789 (0.1403)	
Epoch: [17][10/34]	Time 0.563 (0.574)	Data 0.048 (0.049)	Loss 0.0667 (0.1391)	
Epoch: [17][20/34]	Time 0.560 (0.574)	Data 0.048 (0.049)	Loss 0.0780 (0.1381)	
Epoch: [17][30/34]	Time 0.560 (0.573)	Data 0.048 (0.049)	Loss 0.0842 (0.1371)	
Test: [0/9]	Time 0.223 (0.223)	Loss 0.1296 (0.1296)	Prec@1 0.000 (0.000)	Prec@5 0.000 (0.000)
Overall Acc: 	 0.8601486433797808
Mean Acc : 	 0.5
FreqW Acc : 	 0.7398556887080774
Mean IoU : 	 0.4300743216898904
* Test:	Time 0.097 (0.216)	Loss 0.0489 (0.0840)	
learning rate = 0.000050
Epoch: [18][0/34]	Time 0.222 (0.573)	Data 0.051 (0.049)	Loss 0.0639 (0.1369)	
Epoch: [18][10/34]	Time 0.561 (0.572)	Data 0.050 (0.049)	Loss 0.0701 (0.1360)	
Epoch: [18][20/34]	Time 0.560 (0.572)	Data 0.049 (0.049)	Loss 0.0974 (0.1353)	
Epoch: [18][30/34]	Time 0.556 (0.572)	Data 0.049 (0.049)	Loss 0.0556 (0.1343)	
Test: [0/9]	Time 0.224 (0.224)	Loss 0.0740 (0.0740)	Prec@1 0.000 (0.000)	Prec@5 0.000 (0.000)
Overall Acc: 	 0.859617090936917
Mean Acc : 	 0.5
FreqW Acc : 	 0.7389415430308478
Mean IoU : 	 0.4298085454684585
* Test:	Time 0.094 (0.215)	Loss 0.0935 (0.0744)	
learning rate = 0.000050
Epoch: [19][0/34]	Time 0.223 (0.571)	Data 0.050 (0.049)	Loss 0.0637 (0.1339)	
Epoch: [19][10/34]	Time 0.563 (0.571)	Data 0.049 (0.049)	Loss 0.1699 (0.1331)	
Epoch: [19][20/34]	Time 0.562 (0.571)	Data 0.049 (0.049)	Loss 0.0644 (0.1322)	
Epoch: [19][30/34]	Time 0.564 (0.571)	Data 0.049 (0.049)	Loss 0.0791 (0.1314)	
Test: [0/9]	Time 0.224 (0.224)	Loss 0.0618 (0.0618)	Prec@1 0.000 (0.000)	Prec@5 0.000 (0.000)
Overall Acc: 	 0.8599361590485075
Mean Acc : 	 0.5
FreqW Acc : 	 0.7394901976391
Mean IoU : 	 0.42996807952425375
* Test:	Time 0.103 (0.216)	Loss 0.0327 (0.1018)	
learning rate = 0.000050
Epoch: [20][0/34]	Time 0.222 (0.570)	Data 0.049 (0.049)	Loss 0.1823 (0.1314)	
Epoch: [20][10/34]	Time 0.562 (0.570)	Data 0.049 (0.049)	Loss 0.0984 (0.1306)	
Epoch: [20][20/34]	Time 0.565 (0.570)	Data 0.048 (0.049)	Loss 0.0946 (0.1299)	
Epoch: [20][30/34]	Time 0.565 (0.570)	Data 0.050 (0.049)	Loss 0.0880 (0.1291)	
Test: [0/9]	Time 0.223 (0.223)	Loss 0.0809 (0.0809)	Prec@1 0.000 (0.000)	Prec@5 0.000 (0.000)
Overall Acc: 	 0.8603327736925723
Mean Acc : 	 0.5
FreqW Acc : 	 0.7401724814895548
Mean IoU : 	 0.43016638684628616
* Test:	Time 0.095 (0.215)	Loss 0.0824 (0.0759)	
learning rate = 0.000050
Epoch: [21][0/34]	Time 0.230 (0.569)	Data 0.056 (0.049)	Loss 0.0757 (0.1288)	
Epoch: [21][10/34]	Time 0.559 (0.569)	Data 0.049 (0.049)	Loss 0.0491 (0.1280)	
Epoch: [21][20/34]	Time 0.557 (0.569)	Data 0.048 (0.049)	Loss 0.0802 (0.1274)	
Epoch: [21][30/34]	Time 0.559 (0.569)	Data 0.048 (0.049)	Loss 0.0774 (0.1267)	
Test: [0/9]	Time 0.224 (0.224)	Loss 0.0995 (0.0995)	Prec@1 0.000 (0.000)	Prec@5 0.000 (0.000)
Overall Acc: 	 0.8599809105716535
Mean Acc : 	 0.5
FreqW Acc : 	 0.7395671665476503
Mean IoU : 	 0.42999045528582674
* Test:	Time 0.095 (0.215)	Loss 0.0544 (0.0735)	
learning rate = 0.000050
Epoch: [22][0/34]	Time 0.229 (0.568)	Data 0.056 (0.049)	Loss 0.0770 (0.1265)	
Epoch: [22][10/34]	Time 0.560 (0.568)	Data 0.048 (0.049)	Loss 0.0643 (0.1258)	
Epoch: [22][20/34]	Time 0.564 (0.568)	Data 0.050 (0.049)	Loss 0.0815 (0.1251)	
Epoch: [22][30/34]	Time 0.563 (0.568)	Data 0.049 (0.049)	Loss 0.0667 (0.1244)	
Test: [0/9]	Time 0.226 (0.226)	Loss 0.0719 (0.0719)	Prec@1 0.000 (0.000)	Prec@5 0.000 (0.000)
Overall Acc: 	 0.860007784259853
Mean Acc : 	 0.5
FreqW Acc : 	 0.7396133889875419
Mean IoU : 	 0.4300038921299265
* Test:	Time 0.096 (0.215)	Loss 0.0595 (0.0711)	
learning rate = 0.000050
Epoch: [23][0/34]	Time 0.219 (0.567)	Data 0.049 (0.049)	Loss 0.0848 (0.1242)	
Epoch: [23][10/34]	Time 0.562 (0.567)	Data 0.049 (0.049)	Loss 0.0654 (0.1237)	
Epoch: [23][20/34]	Time 0.559 (0.567)	Data 0.049 (0.049)	Loss 0.0498 (0.1230)	
Epoch: [23][30/34]	Time 0.556 (0.567)	Data 0.048 (0.049)	Loss 0.0541 (0.1223)	
Test: [0/9]	Time 0.223 (0.223)	Loss 0.0839 (0.0839)	Prec@1 0.000 (0.000)	Prec@5 0.000 (0.000)
Overall Acc: 	 0.8598559934701493
Mean Acc : 	 0.5
FreqW Acc : 	 0.7393523295065374
Mean IoU : 	 0.42992799673507465
* Test:	Time 0.094 (0.216)	Loss 0.0550 (0.0708)	
learning rate = 0.000050
Epoch: [24][0/34]	Time 0.229 (0.567)	Data 0.057 (0.049)	Loss 0.1062 (0.1221)	
Epoch: [24][10/34]	Time 0.557 (0.566)	Data 0.049 (0.049)	Loss 0.1343 (0.1216)	
Epoch: [24][20/34]	Time 0.555 (0.566)	Data 0.050 (0.049)	Loss 0.0668 (0.1209)	
Epoch: [24][30/34]	Time 0.564 (0.566)	Data 0.050 (0.049)	Loss 0.0759 (0.1203)	
Test: [0/9]	Time 0.225 (0.225)	Loss 0.0702 (0.0702)	Prec@1 0.000 (0.000)	Prec@5 0.000 (0.000)
Overall Acc: 	 0.8598069148277169
Mean Acc : 	 0.5
FreqW Acc : 	 0.7392679307855567
Mean IoU : 	 0.42990345741385844
* Test:	Time 0.093 (0.216)	Loss 0.0442 (0.0738)	
learning rate = 0.000050
Epoch: [25][0/34]	Time 0.227 (0.566)	Data 0.057 (0.049)	Loss 0.0766 (0.1201)	
Epoch: [25][10/34]	Time 0.554 (0.566)	Data 0.049 (0.049)	Loss 0.0623 (0.1196)	
Epoch: [25][20/34]	Time 0.562 (0.566)	Data 0.049 (0.049)	Loss 0.0714 (0.1191)	
Epoch: [25][30/34]	Time 0.557 (0.566)	Data 0.048 (0.049)	Loss 0.0724 (0.1187)	
Test: [0/9]	Time 0.225 (0.225)	Loss 0.0555 (0.0555)	Prec@1 0.000 (0.000)	Prec@5 0.000 (0.000)
Overall Acc: 	 0.8597409831943796
Mean Acc : 	 0.5
FreqW Acc : 	 0.7391545581840385
Mean IoU : 	 0.4298704915971898
* Test:	Time 0.094 (0.217)	Loss 0.0344 (0.0750)	
learning rate = 0.000050
Epoch: [26][0/34]	Time 0.217 (0.565)	Data 0.048 (0.049)	Loss 0.0674 (0.1186)	
Epoch: [26][10/34]	Time 0.558 (0.565)	Data 0.049 (0.049)	Loss 0.0750 (0.1180)	
Epoch: [26][20/34]	Time 0.565 (0.565)	Data 0.050 (0.050)	Loss 0.0797 (0.1175)	
Epoch: [26][30/34]	Time 0.558 (0.565)	Data 0.050 (0.050)	Loss 0.1023 (0.1170)	
Test: [0/9]	Time 0.223 (0.223)	Loss 0.0744 (0.0744)	Prec@1 0.000 (0.000)	Prec@5 0.000 (0.000)
Overall Acc: 	 0.8596826809555737
Mean Acc : 	 0.5
FreqW Acc : 	 0.7390543119349626
Mean IoU : 	 0.4298413404777868
* Test:	Time 0.092 (0.214)	Loss 0.0412 (0.0747)	
learning rate = 0.000050
Epoch: [27][0/34]	Time 0.226 (0.565)	Data 0.056 (0.050)	Loss 0.0726 (0.1168)	
Epoch: [27][10/34]	Time 0.560 (0.564)	Data 0.050 (0.050)	Loss 0.1001 (0.1164)	
Epoch: [27][20/34]	Time 0.559 (0.564)	Data 0.049 (0.050)	Loss 0.0617 (0.1159)	
Epoch: [27][30/34]	Time 0.566 (0.564)	Data 0.049 (0.050)	Loss 0.0523 (0.1153)	
Test: [0/9]	Time 0.225 (0.225)	Loss 0.0597 (0.0597)	Prec@1 0.000 (0.000)	Prec@5 0.000 (0.000)
Overall Acc: 	 0.860068136186742
Mean Acc : 	 0.5
FreqW Acc : 	 0.7397171988837362
Mean IoU : 	 0.430034068093371
* Test:	Time 0.095 (0.220)	Loss 0.0692 (0.0678)	
learning rate = 0.000050
Epoch: [28][0/34]	Time 0.225 (0.564)	Data 0.056 (0.049)	Loss 0.0608 (0.1152)	
Epoch: [28][10/34]	Time 0.559 (0.564)	Data 0.049 (0.049)	Loss 0.0685 (0.1147)	
Epoch: [28][20/34]	Time 0.562 (0.564)	Data 0.049 (0.049)	Loss 0.0535 (0.1142)	
Epoch: [28][30/34]	Time 0.556 (0.564)	Data 0.048 (0.049)	Loss 0.0682 (0.1138)	
Test: [0/9]	Time 0.223 (0.223)	Loss 0.0848 (0.0848)	Prec@1 0.000 (0.000)	Prec@5 0.000 (0.000)
Overall Acc: 	 0.8600040264983675
Mean Acc : 	 0.5
FreqW Acc : 	 0.7396069255934048
Mean IoU : 	 0.43000201324918375
* Test:	Time 0.092 (0.214)	Loss 0.0435 (0.0688)	
learning rate = 0.000050
Epoch: [29][0/34]	Time 0.218 (0.563)	Data 0.048 (0.049)	Loss 0.0583 (0.1135)	
Epoch: [29][10/34]	Time 0.557 (0.563)	Data 0.048 (0.049)	Loss 0.0558 (0.1130)	
Epoch: [29][20/34]	Time 0.557 (0.563)	Data 0.048 (0.049)	Loss 0.1533 (0.1127)	
Epoch: [29][30/34]	Time 0.563 (0.563)	Data 0.049 (0.049)	Loss 0.0638 (0.1123)	
Test: [0/9]	Time 0.223 (0.223)	Loss 0.0745 (0.0745)	Prec@1 0.000 (0.000)	Prec@5 0.000 (0.000)
Overall Acc: 	 0.8597598858733675
Mean Acc : 	 0.5
FreqW Acc : 	 0.7391870613569859
Mean IoU : 	 0.42987994293668375
* Test:	Time 0.095 (0.216)	Loss 0.0757 (0.0681)	
learning rate = 0.000050
Epoch: [30][0/34]	Time 0.224 (0.563)	Data 0.053 (0.049)	Loss 0.0590 (0.1121)	
Epoch: [30][10/34]	Time 0.560 (0.563)	Data 0.048 (0.049)	Loss 0.0586 (0.1117)	
Epoch: [30][20/34]	Time 0.565 (0.563)	Data 0.050 (0.049)	Loss 0.0668 (0.1113)	
Epoch: [30][30/34]	Time 0.558 (0.563)	Data 0.049 (0.049)	Loss 0.0829 (0.1109)	
Test: [0/9]	Time 0.224 (0.224)	Loss 0.0858 (0.0858)	Prec@1 0.000 (0.000)	Prec@5 0.000 (0.000)
Overall Acc: 	 0.8594158798901003
Mean Acc : 	 0.5
FreqW Acc : 	 0.7385956546072753
Mean IoU : 	 0.42970793994505013
* Test:	Time 0.098 (0.217)	Loss 0.0518 (0.0684)	
learning rate = 0.000050
Epoch: [31][0/34]	Time 0.224 (0.562)	Data 0.049 (0.049)	Loss 0.0672 (0.1108)	
Epoch: [31][10/34]	Time 0.554 (0.562)	Data 0.048 (0.049)	Loss 0.0859 (0.1105)	
Epoch: [31][20/34]	Time 0.562 (0.562)	Data 0.048 (0.049)	Loss 0.0505 (0.1100)	
Epoch: [31][30/34]	Time 0.556 (0.562)	Data 0.049 (0.049)	Loss 0.0680 (0.1097)	
Test: [0/9]	Time 0.224 (0.224)	Loss 0.0639 (0.0639)	Prec@1 0.000 (0.000)	Prec@5 0.000 (0.000)
Overall Acc: 	 0.859208178164354
Mean Acc : 	 0.5
FreqW Acc : 	 0.7382386934245083
Mean IoU : 	 0.429604089082177
* Test:	Time 0.092 (0.221)	Loss 0.1034 (0.0711)	
learning rate = 0.000050
Epoch: [32][0/34]	Time 0.221 (0.562)	Data 0.048 (0.049)	Loss 0.0454 (0.1095)	
Epoch: [32][10/34]	Time 0.562 (0.562)	Data 0.048 (0.049)	Loss 0.0507 (0.1091)	
Epoch: [32][20/34]	Time 0.566 (0.562)	Data 0.049 (0.049)	Loss 0.0613 (0.1088)	
Epoch: [32][30/34]	Time 0.564 (0.562)	Data 0.051 (0.049)	Loss 0.0546 (0.1085)	
Test: [0/9]	Time 0.223 (0.223)	Loss 0.0420 (0.0420)	Prec@1 0.000 (0.000)	Prec@5 0.000 (0.000)
Overall Acc: 	 0.8599879706083838
Mean Acc : 	 0.5
FreqW Acc : 	 0.7395793095911265
Mean IoU : 	 0.4299939853041919
* Test:	Time 0.094 (0.215)	Loss 0.0771 (0.0682)	
learning rate = 0.000050
Epoch: [33][0/34]	Time 0.227 (0.562)	Data 0.056 (0.049)	Loss 0.0589 (0.1084)	
Epoch: [33][10/34]	Time 0.564 (0.562)	Data 0.048 (0.049)	Loss 0.1185 (0.1081)	
Epoch: [33][20/34]	Time 0.561 (0.562)	Data 0.048 (0.049)	Loss 0.0464 (0.1077)	
Epoch: [33][30/34]	Time 0.563 (0.562)	Data 0.048 (0.049)	Loss 0.0534 (0.1073)	
Test: [0/9]	Time 0.227 (0.227)	Loss 0.0690 (0.0690)	Prec@1 0.000 (0.000)	Prec@5 0.000 (0.000)
Overall Acc: 	 0.8595772358908582
Mean Acc : 	 0.5
FreqW Acc : 	 0.7388730244617681
Mean IoU : 	 0.4297886179454291
* Test:	Time 0.093 (0.221)	Loss 0.0917 (0.0671)	
learning rate = 0.000050
Epoch: [34][0/34]	Time 0.227 (0.561)	Data 0.057 (0.049)	Loss 0.0545 (0.1072)	
Epoch: [34][10/34]	Time 0.560 (0.561)	Data 0.050 (0.049)	Loss 0.0964 (0.1069)	
Epoch: [34][20/34]	Time 0.562 (0.561)	Data 0.049 (0.049)	Loss 0.0745 (0.1066)	
Epoch: [34][30/34]	Time 0.563 (0.561)	Data 0.049 (0.049)	Loss 0.0552 (0.1063)	
Test: [0/9]	Time 0.227 (0.227)	Loss 0.0600 (0.0600)	Prec@1 0.000 (0.000)	Prec@5 0.000 (0.000)
Overall Acc: 	 0.8610459512739039
Mean Acc : 	 0.5
FreqW Acc : 	 0.7414001302051821
Mean IoU : 	 0.43052297563695197
* Test:	Time 0.096 (0.215)	Loss 0.0299 (0.0638)	
learning rate = 0.000050
Epoch: [35][0/34]	Time 0.228 (0.561)	Data 0.057 (0.049)	Loss 0.0464 (0.1061)	
Epoch: [35][10/34]	Time 0.562 (0.561)	Data 0.048 (0.049)	Loss 0.0738 (0.1058)	
Epoch: [35][20/34]	Time 0.563 (0.561)	Data 0.048 (0.049)	Loss 0.0864 (0.1055)	
Epoch: [35][30/34]	Time 0.561 (0.561)	Data 0.048 (0.049)	Loss 0.0714 (0.1051)	
Test: [0/9]	Time 0.225 (0.225)	Loss 0.0781 (0.0781)	Prec@1 0.000 (0.000)	Prec@5 0.000 (0.000)
Overall Acc: 	 0.8601734673798974
Mean Acc : 	 0.5
FreqW Acc : 	 0.7398983939843554
Mean IoU : 	 0.4300867336899487
* Test:	Time 0.093 (0.214)	Loss 0.0754 (0.0711)	
learning rate = 0.000050
Epoch: [36][0/34]	Time 0.219 (0.561)	Data 0.048 (0.049)	Loss 0.0802 (0.1051)	
Epoch: [36][10/34]	Time 0.565 (0.561)	Data 0.050 (0.049)	Loss 0.0523 (0.1048)	
Epoch: [36][20/34]	Time 0.561 (0.561)	Data 0.049 (0.049)	Loss 0.0607 (0.1044)	
Epoch: [36][30/34]	Time 0.557 (0.561)	Data 0.048 (0.049)	Loss 0.0696 (0.1041)	
Test: [0/9]	Time 0.223 (0.223)	Loss 0.0685 (0.0685)	Prec@1 0.000 (0.000)	Prec@5 0.000 (0.000)
Overall Acc: 	 0.8604976597116955
Mean Acc : 	 0.5
FreqW Acc : 	 0.7404562223693049
Mean IoU : 	 0.4302488298558477
* Test:	Time 0.095 (0.215)	Loss 0.0396 (0.0626)	
learning rate = 0.000050
Epoch: [37][0/34]	Time 0.219 (0.560)	Data 0.048 (0.049)	Loss 0.0485 (0.1040)	
Epoch: [37][10/34]	Time 0.559 (0.560)	Data 0.049 (0.049)	Loss 0.0527 (0.1037)	
Epoch: [37][20/34]	Time 0.557 (0.560)	Data 0.049 (0.049)	Loss 0.0569 (0.1034)	
Epoch: [37][30/34]	Time 0.555 (0.560)	Data 0.049 (0.049)	Loss 0.0687 (0.1031)	
Test: [0/9]	Time 0.224 (0.224)	Loss 0.0682 (0.0682)	Prec@1 0.000 (0.000)	Prec@5 0.000 (0.000)
Overall Acc: 	 0.8600354550489738
Mean Acc : 	 0.5
FreqW Acc : 	 0.7396609839412955
Mean IoU : 	 0.4300177275244869
* Test:	Time 0.094 (0.215)	Loss 0.0283 (0.0623)	
learning rate = 0.000050
Epoch: [38][0/34]	Time 0.219 (0.560)	Data 0.048 (0.049)	Loss 0.0395 (0.1030)	
Epoch: [38][10/34]	Time 0.561 (0.560)	Data 0.049 (0.049)	Loss 0.0572 (0.1027)	
Epoch: [38][20/34]	Time 0.558 (0.560)	Data 0.049 (0.049)	Loss 0.0696 (0.1024)	
Epoch: [38][30/34]	Time 0.564 (0.560)	Data 0.049 (0.049)	Loss 0.0797 (0.1021)	
Test: [0/9]	Time 0.223 (0.223)	Loss 0.0774 (0.0774)	Prec@1 0.000 (0.000)	Prec@5 0.000 (0.000)
Overall Acc: 	 0.8598797926262244
Mean Acc : 	 0.5
FreqW Acc : 	 0.7393932577669187
Mean IoU : 	 0.4299398963131122
* Test:	Time 0.093 (0.216)	Loss 0.0652 (0.0686)	
learning rate = 0.000050
Epoch: [39][0/34]	Time 0.219 (0.560)	Data 0.048 (0.049)	Loss 0.0764 (0.1021)	
Epoch: [39][10/34]	Time 0.560 (0.560)	Data 0.049 (0.049)	Loss 0.0586 (0.1019)	
Epoch: [39][20/34]	Time 0.559 (0.560)	Data 0.049 (0.049)	Loss 0.0729 (0.1016)	
Epoch: [39][30/34]	Time 0.559 (0.560)	Data 0.048 (0.049)	Loss 0.0496 (0.1014)	
Test: [0/9]	Time 0.224 (0.224)	Loss 0.0514 (0.0514)	Prec@1 0.000 (0.000)	Prec@5 0.000 (0.000)
Overall Acc: 	 0.8604190883351795
Mean Acc : 	 0.5
FreqW Acc : 	 0.7403210075715415
Mean IoU : 	 0.4302095441675898
* Test:	Time 0.094 (0.215)	Loss 0.0504 (0.0648)	
learning rate = 0.000050
Epoch: [40][0/34]	Time 0.218 (0.559)	Data 0.048 (0.049)	Loss 0.0709 (0.1013)	
Epoch: [40][10/34]	Time 0.561 (0.559)	Data 0.049 (0.049)	Loss 0.0726 (0.1011)	
Epoch: [40][20/34]	Time 0.562 (0.559)	Data 0.049 (0.049)	Loss 0.0623 (0.1008)	
Epoch: [40][30/34]	Time 0.560 (0.559)	Data 0.049 (0.049)	Loss 0.0524 (0.1006)	
Test: [0/9]	Time 0.223 (0.223)	Loss 0.0728 (0.0728)	Prec@1 0.000 (0.000)	Prec@5 0.000 (0.000)
Overall Acc: 	 0.8596051344230994
Mean Acc : 	 0.5
FreqW Acc : 	 0.7389209871265547
Mean IoU : 	 0.4298025672115497
* Test:	Time 0.093 (0.215)	Loss 0.0718 (0.0650)	
learning rate = 0.000050
Epoch: [41][0/34]	Time 0.221 (0.559)	Data 0.048 (0.049)	Loss 0.0596 (0.1005)	
Epoch: [41][10/34]	Time 0.564 (0.559)	Data 0.048 (0.049)	Loss 0.0604 (0.1002)	
Epoch: [41][20/34]	Time 0.562 (0.559)	Data 0.048 (0.049)	Loss 0.0864 (0.1000)	
Epoch: [41][30/34]	Time 0.562 (0.559)	Data 0.048 (0.049)	Loss 0.0895 (0.0997)	
Test: [0/9]	Time 0.224 (0.224)	Loss 0.0875 (0.0875)	Prec@1 0.000 (0.000)	Prec@5 0.000 (0.000)
Overall Acc: 	 0.8599962832322762
Mean Acc : 	 0.5
FreqW Acc : 	 0.7395936071733293
Mean IoU : 	 0.4299981416161381
* Test:	Time 0.092 (0.215)	Loss 0.0377 (0.0669)	
learning rate = 0.000050
Epoch: [42][0/34]	Time 0.218 (0.559)	Data 0.048 (0.049)	Loss 0.0579 (0.0997)	
Epoch: [42][10/34]	Time 0.557 (0.559)	Data 0.050 (0.049)	Loss 0.0815 (0.0995)	
Epoch: [42][20/34]	Time 0.558 (0.559)	Data 0.049 (0.049)	Loss 0.0714 (0.0992)	
Epoch: [42][30/34]	Time 0.565 (0.559)	Data 0.049 (0.049)	Loss 0.0376 (0.0990)	
Test: [0/9]	Time 0.224 (0.224)	Loss 0.0501 (0.0501)	Prec@1 0.000 (0.000)	Prec@5 0.000 (0.000)
Overall Acc: 	 0.8597656933229361
Mean Acc : 	 0.5
FreqW Acc : 	 0.739197047415069
Mean IoU : 	 0.42988284666146803
* Test:	Time 0.096 (0.216)	Loss 0.0475 (0.0614)	
learning rate = 0.000050
Epoch: [43][0/34]	Time 0.218 (0.559)	Data 0.048 (0.049)	Loss 0.0599 (0.0989)	
Epoch: [43][10/34]	Time 0.562 (0.559)	Data 0.049 (0.049)	Loss 0.1179 (0.0987)	
Epoch: [43][20/34]	Time 0.558 (0.559)	Data 0.049 (0.049)	Loss 0.0647 (0.0985)	
Epoch: [43][30/34]	Time 0.554 (0.559)	Data 0.049 (0.049)	Loss 0.0740 (0.0982)	
Test: [0/9]	Time 0.225 (0.225)	Loss 0.0667 (0.0667)	Prec@1 0.000 (0.000)	Prec@5 0.000 (0.000)
Overall Acc: 	 0.8602910967015508
Mean Acc : 	 0.5
FreqW Acc : 	 0.740100771063957
Mean IoU : 	 0.4301455483507754
* Test:	Time 0.094 (0.216)	Loss 0.1063 (0.0711)	
learning rate = 0.000050
Epoch: [44][0/34]	Time 0.218 (0.558)	Data 0.048 (0.049)	Loss 0.0909 (0.0982)	
Epoch: [44][10/34]	Time 0.562 (0.558)	Data 0.049 (0.049)	Loss 0.0399 (0.0979)	
Epoch: [44][20/34]	Time 0.557 (0.558)	Data 0.049 (0.049)	Loss 0.0638 (0.0977)	
Epoch: [44][30/34]	Time 0.561 (0.558)	Data 0.048 (0.049)	Loss 0.0961 (0.0975)	
Test: [0/9]	Time 0.223 (0.223)	Loss 0.0420 (0.0420)	Prec@1 0.000 (0.000)	Prec@5 0.000 (0.000)
Overall Acc: 	 0.8600458173609492
Mean Acc : 	 0.5
FreqW Acc : 	 0.7396788079600632
Mean IoU : 	 0.4300229086804746
* Test:	Time 0.094 (0.215)	Loss 0.0832 (0.0674)	
learning rate = 0.000050
Epoch: [45][0/34]	Time 0.218 (0.558)	Data 0.048 (0.049)	Loss 0.0314 (0.0974)	
Epoch: [45][10/34]	Time 0.564 (0.558)	Data 0.048 (0.049)	Loss 0.0685 (0.0972)	
Epoch: [45][20/34]	Time 0.560 (0.558)	Data 0.049 (0.049)	Loss 0.0435 (0.0970)	
Epoch: [45][30/34]	Time 0.561 (0.558)	Data 0.049 (0.049)	Loss 0.1188 (0.0969)	
Test: [0/9]	Time 0.225 (0.225)	Loss 0.0971 (0.0971)	Prec@1 0.000 (0.000)	Prec@5 0.000 (0.000)
Overall Acc: 	 0.8596689024967934
Mean Acc : 	 0.5
FreqW Acc : 	 0.7390306219200413
Mean IoU : 	 0.4298344512483967
* Test:	Time 0.096 (0.217)	Loss 0.0493 (0.0705)	
learning rate = 0.000050
Epoch: [46][0/34]	Time 0.225 (0.558)	Data 0.054 (0.049)	Loss 0.1137 (0.0969)	
Epoch: [46][10/34]	Time 0.564 (0.558)	Data 0.049 (0.049)	Loss 0.0965 (0.0967)	
Epoch: [46][20/34]	Time 0.555 (0.558)	Data 0.048 (0.049)	Loss 0.0757 (0.0966)	
Epoch: [46][30/34]	Time 0.562 (0.558)	Data 0.049 (0.049)	Loss 0.0492 (0.0964)	
Test: [0/9]	Time 0.224 (0.224)	Loss 0.0780 (0.0780)	Prec@1 0.000 (0.000)	Prec@5 0.000 (0.000)
Overall Acc: 	 0.8599280741677355
Mean Acc : 	 0.5
FreqW Acc : 	 0.7394762927418305
Mean IoU : 	 0.42996403708386777
* Test:	Time 0.097 (0.215)	Loss 0.0434 (0.0661)	
learning rate = 0.000050
Epoch: [47][0/34]	Time 0.224 (0.558)	Data 0.052 (0.049)	Loss 0.0912 (0.0964)	
Epoch: [47][10/34]	Time 0.559 (0.558)	Data 0.049 (0.049)	Loss 0.0444 (0.0962)	
Epoch: [47][20/34]	Time 0.564 (0.558)	Data 0.049 (0.049)	Loss 0.0586 (0.0960)	
Epoch: [47][30/34]	Time 0.557 (0.558)	Data 0.048 (0.049)	Loss 0.0722 (0.0958)	
Test: [0/9]	Time 0.223 (0.223)	Loss 0.0675 (0.0675)	Prec@1 0.000 (0.000)	Prec@5 0.000 (0.000)
Overall Acc: 	 0.8599946890304337
Mean Acc : 	 0.5
FreqW Acc : 	 0.7395908651605524
Mean IoU : 	 0.4299973445152169
* Test:	Time 0.093 (0.215)	Loss 0.0435 (0.0626)	
learning rate = 0.000050
Epoch: [48][0/34]	Time 0.227 (0.558)	Data 0.057 (0.049)	Loss 0.0576 (0.0958)	
Epoch: [48][10/34]	Time 0.566 (0.558)	Data 0.049 (0.049)	Loss 0.0347 (0.0956)	
Epoch: [48][20/34]	Time 0.561 (0.558)	Data 0.049 (0.049)	Loss 0.0658 (0.0954)	
Epoch: [48][30/34]	Time 0.567 (0.558)	Data 0.049 (0.049)	Loss 0.0532 (0.0952)	
Test: [0/9]	Time 0.222 (0.222)	Loss 0.0767 (0.0767)	Prec@1 0.000 (0.000)	Prec@5 0.000 (0.000)
Overall Acc: 	 0.8601529704990671
Mean Acc : 	 0.5
FreqW Acc : 	 0.7398631326583691
Mean IoU : 	 0.43007648524953357
* Test:	Time 0.095 (0.214)	Loss 0.0730 (0.0669)	
learning rate = 0.000050
Epoch: [49][0/34]	Time 0.224 (0.557)	Data 0.055 (0.049)	Loss 0.0632 (0.0951)	
Epoch: [49][10/34]	Time 0.564 (0.557)	Data 0.049 (0.049)	Loss 0.0714 (0.0950)	
Epoch: [49][20/34]	Time 0.561 (0.557)	Data 0.049 (0.049)	Loss 0.0561 (0.0947)	
Epoch: [49][30/34]	Time 0.561 (0.557)	Data 0.048 (0.049)	Loss 0.0443 (0.0945)	
Test: [0/9]	Time 0.224 (0.224)	Loss 0.0386 (0.0386)	Prec@1 0.000 (0.000)	Prec@5 0.000 (0.000)
Overall Acc: 	 0.8598397098370453
Mean Acc : 	 0.5
FreqW Acc : 	 0.7393243266126542
Mean IoU : 	 0.42991985491852264
* Test:	Time 0.094 (0.215)	Loss 0.0877 (0.0601)	
learning rate = 0.000050
Epoch: [50][0/34]	Time 0.224 (0.557)	Data 0.054 (0.049)	Loss 0.0877 (0.0945)	
Epoch: [50][10/34]	Time 0.560 (0.557)	Data 0.049 (0.049)	Loss 0.0419 (0.0943)	
Epoch: [50][20/34]	Time 0.560 (0.557)	Data 0.050 (0.049)	Loss 0.0742 (0.0941)	
Epoch: [50][30/34]	Time 0.560 (0.557)	Data 0.050 (0.049)	Loss 0.0945 (0.0939)	
Test: [0/9]	Time 0.224 (0.224)	Loss 0.0583 (0.0583)	Prec@1 0.000 (0.000)	Prec@5 0.000 (0.000)
Overall Acc: 	 0.8599175979842001
Mean Acc : 	 0.5
FreqW Acc : 	 0.7394582753229164
Mean IoU : 	 0.42995879899210004
* Test:	Time 0.093 (0.218)	Loss 0.0433 (0.0619)	
learning rate = 0.000050
Epoch: [51][0/34]	Time 0.218 (0.557)	Data 0.048 (0.049)	Loss 0.0872 (0.0939)	
Epoch: [51][10/34]	Time 0.562 (0.557)	Data 0.049 (0.049)	Loss 0.0725 (0.0937)	
Epoch: [51][20/34]	Time 0.561 (0.557)	Data 0.069 (0.049)	Loss 0.0438 (0.0935)	
Epoch: [51][30/34]	Time 0.563 (0.557)	Data 0.048 (0.049)	Loss 0.0560 (0.0933)	
Test: [0/9]	Time 0.227 (0.227)	Loss 0.0701 (0.0701)	Prec@1 0.000 (0.000)	Prec@5 0.000 (0.000)
Overall Acc: 	 0.8593393582016674
Mean Acc : 	 0.5
FreqW Acc : 	 0.7384641325544536
Mean IoU : 	 0.4296696791008337
* Test:	Time 0.097 (0.216)	Loss 0.0830 (0.0638)	
learning rate = 0.000050
Epoch: [52][0/34]	Time 0.230 (0.557)	Data 0.056 (0.049)	Loss 0.0420 (0.0933)	
Epoch: [52][10/34]	Time 0.558 (0.557)	Data 0.049 (0.049)	Loss 0.0409 (0.0931)	
Epoch: [52][20/34]	Time 0.560 (0.557)	Data 0.049 (0.049)	Loss 0.0646 (0.0930)	
Epoch: [52][30/34]	Time 0.565 (0.557)	Data 0.049 (0.049)	Loss 0.0360 (0.0928)	
Test: [0/9]	Time 0.237 (0.237)	Loss 0.0551 (0.0551)	Prec@1 0.000 (0.000)	Prec@5 0.000 (0.000)
Overall Acc: 	 0.8599465213604828
Mean Acc : 	 0.5
FreqW Acc : 	 0.7395080195999952
Mean IoU : 	 0.4299732606802414
* Test:	Time 0.095 (0.217)	Loss 0.0271 (0.0655)	
learning rate = 0.000050
Epoch: [53][0/34]	Time 0.227 (0.557)	Data 0.056 (0.049)	Loss 0.0614 (0.0927)	
Epoch: [53][10/34]	Time 0.557 (0.557)	Data 0.049 (0.049)	Loss 0.0494 (0.0926)	
Epoch: [53][20/34]	Time 0.562 (0.557)	Data 0.049 (0.049)	Loss 0.0694 (0.0924)	
Epoch: [53][30/34]	Time 0.559 (0.557)	Data 0.048 (0.049)	Loss 0.0529 (0.0922)	
Test: [0/9]	Time 0.224 (0.224)	Loss 0.0458 (0.0458)	Prec@1 0.000 (0.000)	Prec@5 0.000 (0.000)
Overall Acc: 	 0.8601171009576143
Mean Acc : 	 0.5
FreqW Acc : 	 0.7398014273597309
Mean IoU : 	 0.43005855047880714
* Test:	Time 0.103 (0.216)	Loss 0.0278 (0.0606)	
learning rate = 0.000050
Epoch: [54][0/34]	Time 0.226 (0.557)	Data 0.056 (0.049)	Loss 0.0522 (0.0922)	
Epoch: [54][10/34]	Time 0.567 (0.557)	Data 0.049 (0.049)	Loss 0.0763 (0.0920)	
Epoch: [54][20/34]	Time 0.560 (0.557)	Data 0.070 (0.049)	Loss 0.0843 (0.0919)	
Epoch: [54][30/34]	Time 0.558 (0.557)	Data 0.049 (0.049)	Loss 0.0610 (0.0917)	
Test: [0/9]	Time 0.222 (0.222)	Loss 0.0599 (0.0599)	Prec@1 0.000 (0.000)	Prec@5 0.000 (0.000)
Overall Acc: 	 0.8600984260217467
Mean Acc : 	 0.5
FreqW Acc : 	 0.7397693024450861
Mean IoU : 	 0.43004921301087334
* Test:	Time 0.093 (0.217)	Loss 0.0461 (0.0643)	
learning rate = 0.000050
Epoch: [55][0/34]	Time 0.218 (0.556)	Data 0.048 (0.049)	Loss 0.0780 (0.0916)	
Epoch: [55][10/34]	Time 0.559 (0.556)	Data 0.049 (0.049)	Loss 0.0493 (0.0915)	
Epoch: [55][20/34]	Time 0.566 (0.556)	Data 0.049 (0.049)	Loss 0.0601 (0.0913)	
Epoch: [55][30/34]	Time 0.559 (0.557)	Data 0.062 (0.049)	Loss 0.0683 (0.0912)	
Test: [0/9]	Time 0.224 (0.224)	Loss 0.0802 (0.0802)	Prec@1 0.000 (0.000)	Prec@5 0.000 (0.000)
Overall Acc: 	 0.8602185605177238
Mean Acc : 	 0.5
FreqW Acc : 	 0.7399759718591848
Mean IoU : 	 0.4301092802588619
* Test:	Time 0.105 (0.220)	Loss 0.0735 (0.0610)	
learning rate = 0.000050
Epoch: [56][0/34]	Time 0.226 (0.556)	Data 0.056 (0.049)	Loss 0.0471 (0.0911)	
Epoch: [56][10/34]	Time 0.558 (0.556)	Data 0.048 (0.049)	Loss 0.0773 (0.0909)	
Epoch: [56][20/34]	Time 0.563 (0.556)	Data 0.049 (0.049)	Loss 0.0580 (0.0908)	
Epoch: [56][30/34]	Time 0.559 (0.556)	Data 0.049 (0.049)	Loss 0.0576 (0.0906)	
Test: [0/9]	Time 0.226 (0.226)	Loss 0.0622 (0.0622)	Prec@1 0.000 (0.000)	Prec@5 0.000 (0.000)
Overall Acc: 	 0.8599837573606577
Mean Acc : 	 0.5
FreqW Acc : 	 0.7395720629241546
Mean IoU : 	 0.42999187868032884
* Test:	Time 0.094 (0.215)	Loss 0.0474 (0.0625)	
learning rate = 0.000050
Epoch: [57][0/34]	Time 0.224 (0.556)	Data 0.054 (0.049)	Loss 0.0442 (0.0906)	
Epoch: [57][10/34]	Time 0.562 (0.556)	Data 0.069 (0.049)	Loss 0.0778 (0.0904)	
Epoch: [57][20/34]	Time 0.561 (0.556)	Data 0.049 (0.049)	Loss 0.0621 (0.0903)	
Epoch: [57][30/34]	Time 0.564 (0.556)	Data 0.069 (0.049)	Loss 0.0702 (0.0901)	
Test: [0/9]	Time 0.224 (0.224)	Loss 0.0803 (0.0803)	Prec@1 0.000 (0.000)	Prec@5 0.000 (0.000)
Overall Acc: 	 0.8592809420913013
Mean Acc : 	 0.5
FreqW Acc : 	 0.7383637374413143
Mean IoU : 	 0.4296404710456507
* Test:	Time 0.097 (0.216)	Loss 0.0597 (0.0662)	
learning rate = 0.000050
Epoch: [58][0/34]	Time 0.225 (0.556)	Data 0.054 (0.049)	Loss 0.0667 (0.0901)	
Epoch: [58][10/34]	Time 0.559 (0.556)	Data 0.049 (0.049)	Loss 0.0578 (0.0899)	
Epoch: [58][20/34]	Time 0.559 (0.556)	Data 0.049 (0.049)	Loss 0.0912 (0.0898)	
Epoch: [58][30/34]	Time 0.561 (0.556)	Data 0.049 (0.049)	Loss 0.0573 (0.0896)	
Test: [0/9]	Time 0.223 (0.223)	Loss 0.0569 (0.0569)	Prec@1 0.000 (0.000)	Prec@5 0.000 (0.000)
Overall Acc: 	 0.8594340993397271
Mean Acc : 	 0.5
FreqW Acc : 	 0.738626971107888
Mean IoU : 	 0.42971704966986357
* Test:	Time 0.092 (0.216)	Loss 0.0463 (0.0598)	
learning rate = 0.000050
Epoch: [59][0/34]	Time 0.222 (0.556)	Data 0.053 (0.049)	Loss 0.0642 (0.0896)	
Epoch: [59][10/34]	Time 0.564 (0.556)	Data 0.049 (0.049)	Loss 0.0551 (0.0894)	
Epoch: [59][20/34]	Time 0.562 (0.556)	Data 0.049 (0.049)	Loss 0.0742 (0.0893)	
Epoch: [59][30/34]	Time 0.563 (0.556)	Data 0.068 (0.049)	Loss 0.0548 (0.0892)	
Test: [0/9]	Time 0.223 (0.223)	Loss 0.0713 (0.0713)	Prec@1 0.000 (0.000)	Prec@5 0.000 (0.000)
Overall Acc: 	 0.859268530091243
Mean Acc : 	 0.5
FreqW Acc : 	 0.7383424068051655
Mean IoU : 	 0.4296342650456215
* Test:	Time 0.096 (0.220)	Loss 0.0632 (0.0635)	
learning rate = 0.000050
Epoch: [60][0/34]	Time 0.218 (0.556)	Data 0.048 (0.049)	Loss 0.0581 (0.0891)	
Epoch: [60][10/34]	Time 0.562 (0.556)	Data 0.049 (0.049)	Loss 0.0632 (0.0890)	
Epoch: [60][20/34]	Time 0.556 (0.556)	Data 0.048 (0.049)	Loss 0.0654 (0.0888)	
Epoch: [60][30/34]	Time 0.562 (0.556)	Data 0.049 (0.049)	Loss 0.0627 (0.0887)	
Test: [0/9]	Time 0.223 (0.223)	Loss 0.0517 (0.0517)	Prec@1 0.000 (0.000)	Prec@5 0.000 (0.000)
Overall Acc: 	 0.8598656725527635
Mean Acc : 	 0.5
FreqW Acc : 	 0.7393689748346163
Mean IoU : 	 0.42993283627638174
* Test:	Time 0.092 (0.213)	Loss 0.0718 (0.0605)	
learning rate = 0.000050
Epoch: [61][0/34]	Time 0.220 (0.556)	Data 0.048 (0.049)	Loss 0.0396 (0.0887)	
Epoch: [61][10/34]	Time 0.564 (0.556)	Data 0.048 (0.049)	Loss 0.0553 (0.0885)	
Epoch: [61][20/34]	Time 0.560 (0.556)	Data 0.048 (0.049)	Loss 0.0677 (0.0884)	
Epoch: [61][30/34]	Time 0.560 (0.556)	Data 0.048 (0.049)	Loss 0.0610 (0.0883)	
Test: [0/9]	Time 0.222 (0.222)	Loss 0.0529 (0.0529)	Prec@1 0.000 (0.000)	Prec@5 0.000 (0.000)
Overall Acc: 	 0.8601714176918144
Mean Acc : 	 0.5
FreqW Acc : 	 0.7398948678139458
Mean IoU : 	 0.4300857088459072
* Test:	Time 0.096 (0.214)	Loss 0.0349 (0.0602)	
learning rate = 0.000050
Epoch: [62][0/34]	Time 0.218 (0.556)	Data 0.048 (0.049)	Loss 0.0947 (0.0882)	
Epoch: [62][10/34]	Time 0.564 (0.556)	Data 0.050 (0.049)	Loss 0.0437 (0.0881)	
Epoch: [62][20/34]	Time 0.559 (0.556)	Data 0.049 (0.049)	Loss 0.0718 (0.0880)	
Epoch: [62][30/34]	Time 0.562 (0.556)	Data 0.050 (0.049)	Loss 0.0504 (0.0878)	
Test: [0/9]	Time 0.223 (0.223)	Loss 0.0619 (0.0619)	Prec@1 0.000 (0.000)	Prec@5 0.000 (0.000)
Overall Acc: 	 0.8604760241152635
Mean Acc : 	 0.5
FreqW Acc : 	 0.7404189880772115
Mean IoU : 	 0.43023801205763174
* Test:	Time 0.094 (0.214)	Loss 0.0187 (0.0613)	
learning rate = 0.000050
Epoch: [63][0/34]	Time 0.219 (0.555)	Data 0.048 (0.049)	Loss 0.0552 (0.0878)	
Epoch: [63][10/34]	Time 0.561 (0.555)	Data 0.049 (0.049)	Loss 0.0608 (0.0876)	
Epoch: [63][20/34]	Time 0.558 (0.555)	Data 0.048 (0.049)	Loss 0.0660 (0.0875)	
Epoch: [63][30/34]	Time 0.559 (0.555)	Data 0.048 (0.049)	Loss 0.0746 (0.0874)	
Test: [0/9]	Time 0.224 (0.224)	Loss 0.0923 (0.0923)	Prec@1 0.000 (0.000)	Prec@5 0.000 (0.000)
Overall Acc: 	 0.8599268215805737
Mean Acc : 	 0.5
FreqW Acc : 	 0.7394741384736677
Mean IoU : 	 0.4299634107902868
* Test:	Time 0.094 (0.214)	Loss 0.0604 (0.0653)	
learning rate = 0.000050
Epoch: [64][0/34]	Time 0.220 (0.555)	Data 0.048 (0.049)	Loss 0.0642 (0.0874)	
Epoch: [64][10/34]	Time 0.564 (0.555)	Data 0.049 (0.049)	Loss 0.0870 (0.0873)	
Epoch: [64][20/34]	Time 0.563 (0.555)	Data 0.049 (0.049)	Loss 0.0620 (0.0872)	
Epoch: [64][30/34]	Time 0.560 (0.555)	Data 0.050 (0.049)	Loss 0.0642 (0.0871)	
Test: [0/9]	Time 0.227 (0.227)	Loss 0.0579 (0.0579)	Prec@1 0.000 (0.000)	Prec@5 0.000 (0.000)
Overall Acc: 	 0.8599475462045243
Mean Acc : 	 0.5
FreqW Acc : 	 0.7395097822231824
Mean IoU : 	 0.42997377310226215
* Test:	Time 0.094 (0.215)	Loss 0.0265 (0.0630)	
learning rate = 0.000050
Epoch: [65][0/34]	Time 0.232 (0.555)	Data 0.057 (0.049)	Loss 0.0533 (0.0871)	
Epoch: [65][10/34]	Time 0.557 (0.555)	Data 0.048 (0.049)	Loss 0.1060 (0.0870)	
Epoch: [65][20/34]	Time 0.553 (0.555)	Data 0.048 (0.049)	Loss 0.0715 (0.0869)	
Epoch: [65][30/34]	Time 0.562 (0.555)	Data 0.049 (0.049)	Loss 0.0566 (0.0867)	
Test: [0/9]	Time 0.224 (0.224)	Loss 0.0443 (0.0443)	Prec@1 0.000 (0.000)	Prec@5 0.000 (0.000)
Overall Acc: 	 0.8598235400755014
Mean Acc : 	 0.5
FreqW Acc : 	 0.7392965200679674
Mean IoU : 	 0.4299117700377507
* Test:	Time 0.095 (0.215)	Loss 0.0456 (0.0591)	
learning rate = 0.000050
Epoch: [66][0/34]	Time 0.226 (0.555)	Data 0.055 (0.049)	Loss 0.0732 (0.0867)	
Epoch: [66][10/34]	Time 0.563 (0.555)	Data 0.049 (0.049)	Loss 0.0713 (0.0866)	
Epoch: [66][20/34]	Time 0.560 (0.555)	Data 0.049 (0.049)	Loss 0.0668 (0.0865)	
Epoch: [66][30/34]	Time 0.560 (0.555)	Data 0.048 (0.049)	Loss 0.0572 (0.0864)	
Test: [0/9]	Time 0.224 (0.224)	Loss 0.0525 (0.0525)	Prec@1 0.000 (0.000)	Prec@5 0.000 (0.000)
Overall Acc: 	 0.8600384157095382
Mean Acc : 	 0.5
FreqW Acc : 	 0.7396660764961724
Mean IoU : 	 0.4300192078547691
* Test:	Time 0.098 (0.215)	Loss 0.0747 (0.0667)	
learning rate = 0.000050
Epoch: [67][0/34]	Time 0.226 (0.555)	Data 0.056 (0.049)	Loss 0.0516 (0.0863)	
Epoch: [67][10/34]	Time 0.560 (0.555)	Data 0.048 (0.049)	Loss 0.0664 (0.0863)	
Epoch: [67][20/34]	Time 0.559 (0.555)	Data 0.048 (0.049)	Loss 0.0577 (0.0861)	
Epoch: [67][30/34]	Time 0.559 (0.555)	Data 0.048 (0.049)	Loss 0.0949 (0.0860)	
Test: [0/9]	Time 0.224 (0.224)	Loss 0.0546 (0.0546)	Prec@1 0.000 (0.000)	Prec@5 0.000 (0.000)
Overall Acc: 	 0.8599437884430388
Mean Acc : 	 0.5
FreqW Acc : 	 0.7395033192817658
Mean IoU : 	 0.4299718942215194
* Test:	Time 0.094 (0.216)	Loss 0.0331 (0.0642)	
learning rate = 0.000050
Epoch: [68][0/34]	Time 0.227 (0.555)	Data 0.057 (0.049)	Loss 0.0804 (0.0860)	
Epoch: [68][10/34]	Time 0.555 (0.555)	Data 0.049 (0.049)	Loss 0.0429 (0.0859)	
Epoch: [68][20/34]	Time 0.564 (0.555)	Data 0.049 (0.049)	Loss 0.0338 (0.0858)	
Epoch: [68][30/34]	Time 0.558 (0.555)	Data 0.049 (0.049)	Loss 0.0791 (0.0857)	
Test: [0/9]	Time 0.223 (0.223)	Loss 0.0856 (0.0856)	Prec@1 0.000 (0.000)	Prec@5 0.000 (0.000)
Overall Acc: 	 0.8597587471577659
Mean Acc : 	 0.5
FreqW Acc : 	 0.7391851033142912
Mean IoU : 	 0.42987937357888295
* Test:	Time 0.094 (0.216)	Loss 0.0706 (0.0637)	
learning rate = 0.000050
Epoch: [69][0/34]	Time 0.226 (0.555)	Data 0.057 (0.049)	Loss 0.0827 (0.0856)	
Epoch: [69][10/34]	Time 0.562 (0.555)	Data 0.048 (0.049)	Loss 0.0542 (0.0855)	
Epoch: [69][20/34]	Time 0.557 (0.555)	Data 0.049 (0.049)	Loss 0.0462 (0.0854)	
Epoch: [69][30/34]	Time 0.565 (0.555)	Data 0.049 (0.049)	Loss 0.0652 (0.0853)	
Test: [0/9]	Time 0.227 (0.227)	Loss 0.0824 (0.0824)	Prec@1 0.000 (0.000)	Prec@5 0.000 (0.000)
Overall Acc: 	 0.8594590372114039
Mean Acc : 	 0.5
FreqW Acc : 	 0.7386698366443534
Mean IoU : 	 0.42972951860570197
* Test:	Time 0.098 (0.217)	Loss 0.0636 (0.0662)	
learning rate = 0.000050
Epoch: [70][0/34]	Time 0.223 (0.555)	Data 0.053 (0.049)	Loss 0.0929 (0.0853)	
Epoch: [70][10/34]	Time 0.557 (0.555)	Data 0.050 (0.049)	Loss 0.0819 (0.0851)	
Epoch: [70][20/34]	Time 0.562 (0.555)	Data 0.049 (0.049)	Loss 0.0769 (0.0851)	
Epoch: [70][30/34]	Time 0.563 (0.555)	Data 0.049 (0.049)	Loss 0.0606 (0.0850)	
Test: [0/9]	Time 0.224 (0.224)	Loss 0.0670 (0.0670)	Prec@1 0.000 (0.000)	Prec@5 0.000 (0.000)
Overall Acc: 	 0.8601915729579641
Mean Acc : 	 0.5
FreqW Acc : 	 0.7399295421878965
Mean IoU : 	 0.43009578647898206
* Test:	Time 0.094 (0.215)	Loss 0.0816 (0.0652)	
learning rate = 0.000050
Epoch: [71][0/34]	Time 0.220 (0.555)	Data 0.049 (0.049)	Loss 0.0613 (0.0850)	
Epoch: [71][10/34]	Time 0.561 (0.555)	Data 0.048 (0.049)	Loss 0.0549 (0.0849)	
Epoch: [71][20/34]	Time 0.561 (0.555)	Data 0.049 (0.049)	Loss 0.0574 (0.0848)	
Epoch: [71][30/34]	Time 0.552 (0.555)	Data 0.049 (0.049)	Loss 0.0740 (0.0847)	
Test: [0/9]	Time 0.224 (0.224)	Loss 0.0532 (0.0532)	Prec@1 0.000 (0.000)	Prec@5 0.000 (0.000)
Overall Acc: 	 0.8596970287721548
Mean Acc : 	 0.5
FreqW Acc : 	 0.7390789812796712
Mean IoU : 	 0.4298485143860774
* Test:	Time 0.096 (0.217)	Loss 0.0536 (0.0590)	
learning rate = 0.000050
Epoch: [72][0/34]	Time 0.222 (0.555)	Data 0.048 (0.049)	Loss 0.0417 (0.0846)	
Epoch: [72][10/34]	Time 0.557 (0.555)	Data 0.049 (0.049)	Loss 0.0445 (0.0845)	
Epoch: [72][20/34]	Time 0.552 (0.555)	Data 0.049 (0.049)	Loss 0.0752 (0.0845)	
Epoch: [72][30/34]	Time 0.558 (0.555)	Data 0.049 (0.049)	Loss 0.0559 (0.0843)	
Test: [0/9]	Time 0.223 (0.223)	Loss 0.0840 (0.0840)	Prec@1 0.000 (0.000)	Prec@5 0.000 (0.000)
Overall Acc: 	 0.8596615008453825
Mean Acc : 	 0.5
FreqW Acc : 	 0.7390178960357356
Mean IoU : 	 0.42983075042269125
* Test:	Time 0.092 (0.215)	Loss 0.0478 (0.0597)	
learning rate = 0.000050
Epoch: [73][0/34]	Time 0.226 (0.554)	Data 0.056 (0.049)	Loss 0.0839 (0.0843)	
Epoch: [73][10/34]	Time 0.552 (0.554)	Data 0.049 (0.049)	Loss 0.0426 (0.0842)	
Epoch: [73][20/34]	Time 0.561 (0.555)	Data 0.048 (0.049)	Loss 0.0561 (0.0841)	
Epoch: [73][30/34]	Time 0.560 (0.555)	Data 0.049 (0.049)	Loss 0.0652 (0.0840)	
Test: [0/9]	Time 0.224 (0.224)	Loss 0.0579 (0.0579)	Prec@1 0.000 (0.000)	Prec@5 0.000 (0.000)
Overall Acc: 	 0.8594682608077775
Mean Acc : 	 0.5
FreqW Acc : 	 0.7386856913359459
Mean IoU : 	 0.42973413040388875
* Test:	Time 0.095 (0.217)	Loss 0.0320 (0.0607)	
learning rate = 0.000050
Epoch: [74][0/34]	Time 0.225 (0.554)	Data 0.056 (0.049)	Loss 0.0625 (0.0840)	
Epoch: [74][10/34]	Time 0.557 (0.554)	Data 0.049 (0.049)	Loss 0.0518 (0.0839)	
Epoch: [74][20/34]	Time 0.556 (0.554)	Data 0.049 (0.049)	Loss 0.0910 (0.0838)	
Epoch: [74][30/34]	Time 0.559 (0.554)	Data 0.049 (0.049)	Loss 0.0612 (0.0836)	
Test: [0/9]	Time 0.226 (0.226)	Loss 0.0567 (0.0567)	Prec@1 0.000 (0.000)	Prec@5 0.000 (0.000)
Overall Acc: 	 0.860007784259853
Mean Acc : 	 0.5
FreqW Acc : 	 0.7396133889875419
Mean IoU : 	 0.4300038921299265
* Test:	Time 0.095 (0.216)	Loss 0.0256 (0.0616)	
learning rate = 0.000050
Epoch: [75][0/34]	Time 0.223 (0.554)	Data 0.053 (0.049)	Loss 0.0830 (0.0836)	
Epoch: [75][10/34]	Time 0.564 (0.554)	Data 0.048 (0.049)	Loss 0.0450 (0.0835)	
Epoch: [75][20/34]	Time 0.552 (0.554)	Data 0.049 (0.049)	Loss 0.0347 (0.0834)	
Epoch: [75][30/34]	Time 0.567 (0.554)	Data 0.048 (0.049)	Loss 0.0483 (0.0833)	
Test: [0/9]	Time 0.224 (0.224)	Loss 0.0745 (0.0745)	Prec@1 0.000 (0.000)	Prec@5 0.000 (0.000)
Overall Acc: 	 0.8594682608077775
Mean Acc : 	 0.5
FreqW Acc : 	 0.7386856913359459
Mean IoU : 	 0.42973413040388875
* Test:	Time 0.096 (0.215)	Loss 0.0595 (0.0607)	
learning rate = 0.000050
Epoch: [76][0/34]	Time 0.225 (0.554)	Data 0.054 (0.049)	Loss 0.0558 (0.0833)	
Epoch: [76][10/34]	Time 0.562 (0.554)	Data 0.049 (0.049)	Loss 0.0660 (0.0831)	
Epoch: [76][20/34]	Time 0.563 (0.554)	Data 0.049 (0.049)	Loss 0.0471 (0.0830)	
Epoch: [76][30/34]	Time 0.560 (0.554)	Data 0.049 (0.049)	Loss 0.0579 (0.0830)	
Test: [0/9]	Time 0.224 (0.224)	Loss 0.0678 (0.0678)	Prec@1 0.000 (0.000)	Prec@5 0.000 (0.000)
Overall Acc: 	 0.8596901964785447
Mean Acc : 	 0.5
FreqW Acc : 	 0.7390672339213188
Mean IoU : 	 0.42984509823927236
* Test:	Time 0.095 (0.215)	Loss 0.0475 (0.0642)	
learning rate = 0.000050
Epoch: [77][0/34]	Time 0.221 (0.554)	Data 0.050 (0.049)	Loss 0.0434 (0.0829)	
Epoch: [77][10/34]	Time 0.554 (0.554)	Data 0.049 (0.049)	Loss 0.0792 (0.0828)	
Epoch: [77][20/34]	Time 0.561 (0.554)	Data 0.049 (0.049)	Loss 0.0841 (0.0827)	
Epoch: [77][30/34]	Time 0.562 (0.554)	Data 0.049 (0.049)	Loss 0.0538 (0.0826)	
Test: [0/9]	Time 0.226 (0.226)	Loss 0.0523 (0.0523)	Prec@1 0.000 (0.000)	Prec@5 0.000 (0.000)
Overall Acc: 	 0.859237329283757
Mean Acc : 	 0.5
FreqW Acc : 	 0.7382887880346833
Mean IoU : 	 0.4296186646418785
* Test:	Time 0.096 (0.217)	Loss 0.0533 (0.0597)	
learning rate = 0.000050
Epoch: [78][0/34]	Time 0.235 (0.554)	Data 0.055 (0.049)	Loss 0.0537 (0.0826)	
Epoch: [78][10/34]	Time 0.564 (0.554)	Data 0.050 (0.049)	Loss 0.0628 (0.0825)	
Epoch: [78][20/34]	Time 0.557 (0.554)	Data 0.050 (0.049)	Loss 0.0313 (0.0825)	
Epoch: [78][30/34]	Time 0.559 (0.554)	Data 0.049 (0.049)	Loss 0.0837 (0.0823)	
Test: [0/9]	Time 0.224 (0.224)	Loss 0.0611 (0.0611)	Prec@1 0.000 (0.000)	Prec@5 0.000 (0.000)
Overall Acc: 	 0.8598287781672691
Mean Acc : 	 0.5
FreqW Acc : 	 0.7393055277646189
Mean IoU : 	 0.42991438908363455
* Test:	Time 0.107 (0.216)	Loss 0.0530 (0.0593)	
learning rate = 0.000050
Epoch: [79][0/34]	Time 0.226 (0.554)	Data 0.056 (0.049)	Loss 0.0651 (0.0823)	
Epoch: [79][10/34]	Time 0.567 (0.554)	Data 0.049 (0.049)	Loss 0.0707 (0.0822)	
Epoch: [79][20/34]	Time 0.563 (0.554)	Data 0.049 (0.049)	Loss 0.0460 (0.0821)	
Epoch: [79][30/34]	Time 0.563 (0.554)	Data 0.048 (0.049)	Loss 0.0558 (0.0820)	
Test: [0/9]	Time 0.225 (0.225)	Loss 0.0617 (0.0617)	Prec@1 0.000 (0.000)	Prec@5 0.000 (0.000)
Overall Acc: 	 0.8589324951171875
Mean Acc : 	 0.5
FreqW Acc : 	 0.7377650311682373
Mean IoU : 	 0.42946624755859375
* Test:	Time 0.097 (0.217)	Loss 0.0595 (0.0657)	
learning rate = 0.000050
Epoch: [80][0/34]	Time 0.223 (0.554)	Data 0.054 (0.049)	Loss 0.0428 (0.0820)	
Epoch: [80][10/34]	Time 0.562 (0.554)	Data 0.049 (0.049)	Loss 0.0555 (0.0819)	
Epoch: [80][20/34]	Time 0.560 (0.554)	Data 0.049 (0.049)	Loss 0.0576 (0.0818)	
Epoch: [80][30/34]	Time 0.564 (0.554)	Data 0.048 (0.049)	Loss 0.0407 (0.0817)	
Test: [0/9]	Time 0.224 (0.224)	Loss 0.0735 (0.0735)	Prec@1 0.000 (0.000)	Prec@5 0.000 (0.000)
Overall Acc: 	 0.8599443578008396
Mean Acc : 	 0.5
FreqW Acc : 	 0.7395042985134984
Mean IoU : 	 0.4299721789004198
* Test:	Time 0.099 (0.216)	Loss 0.0741 (0.0629)	
learning rate = 0.000050
Epoch: [81][0/34]	Time 0.226 (0.554)	Data 0.057 (0.049)	Loss 0.0470 (0.0817)	
Epoch: [81][10/34]	Time 0.561 (0.554)	Data 0.048 (0.049)	Loss 0.0402 (0.0816)	
Epoch: [81][20/34]	Time 0.560 (0.554)	Data 0.048 (0.049)	Loss 0.0580 (0.0815)	
Epoch: [81][30/34]	Time 0.560 (0.554)	Data 0.048 (0.049)	Loss 0.0442 (0.0814)	
Test: [0/9]	Time 0.228 (0.228)	Loss 0.0368 (0.0368)	Prec@1 0.000 (0.000)	Prec@5 0.000 (0.000)
Overall Acc: 	 0.8597810659835587
Mean Acc : 	 0.5
FreqW Acc : 	 0.7392234814238245
Mean IoU : 	 0.4298905329917794
* Test:	Time 0.096 (0.219)	Loss 0.1518 (0.0596)	
learning rate = 0.000050
Epoch: [82][0/34]	Time 0.224 (0.554)	Data 0.054 (0.049)	Loss 0.0607 (0.0814)	
Epoch: [82][10/34]	Time 0.558 (0.554)	Data 0.050 (0.049)	Loss 0.0435 (0.0813)	
Epoch: [82][20/34]	Time 0.552 (0.554)	Data 0.049 (0.049)	Loss 0.0398 (0.0812)	
Epoch: [82][30/34]	Time 0.561 (0.554)	Data 0.048 (0.049)	Loss 0.0540 (0.0811)	
Test: [0/9]	Time 0.223 (0.223)	Loss 0.0539 (0.0539)	Prec@1 0.000 (0.000)	Prec@5 0.000 (0.000)
Overall Acc: 	 0.8600196269021105
Mean Acc : 	 0.5
FreqW Acc : 	 0.7396337586568454
Mean IoU : 	 0.43000981345105527
* Test:	Time 0.093 (0.216)	Loss 0.1435 (0.0618)	
learning rate = 0.000050
Epoch: [83][0/34]	Time 0.218 (0.554)	Data 0.048 (0.049)	Loss 0.0602 (0.0810)	
Epoch: [83][10/34]	Time 0.561 (0.554)	Data 0.048 (0.049)	Loss 0.0505 (0.0810)	
Epoch: [83][20/34]	Time 0.555 (0.554)	Data 0.049 (0.049)	Loss 0.0694 (0.0809)	
Epoch: [83][30/34]	Time 0.557 (0.554)	Data 0.050 (0.049)	Loss 0.0499 (0.0808)	
Test: [0/9]	Time 0.224 (0.224)	Loss 0.0508 (0.0508)	Prec@1 0.000 (0.000)	Prec@5 0.000 (0.000)
Overall Acc: 	 0.8608259514196596
Mean Acc : 	 0.5
FreqW Acc : 	 0.741021318637562
Mean IoU : 	 0.4304129757098298
* Test:	Time 0.097 (0.218)	Loss 0.0572 (0.0609)	
learning rate = 0.000050
Epoch: [84][0/34]	Time 0.239 (0.554)	Data 0.057 (0.049)	Loss 0.0593 (0.0807)	
Epoch: [84][10/34]	Time 0.560 (0.554)	Data 0.049 (0.049)	Loss 0.0504 (0.0806)	
Epoch: [84][20/34]	Time 0.563 (0.554)	Data 0.049 (0.049)	Loss 0.0604 (0.0805)	
Epoch: [84][30/34]	Time 0.565 (0.554)	Data 0.049 (0.049)	Loss 0.0484 (0.0805)	
Test: [0/9]	Time 0.222 (0.222)	Loss 0.0922 (0.0922)	Prec@1 0.000 (0.000)	Prec@5 0.000 (0.000)
Overall Acc: 	 0.8596618424600629
Mean Acc : 	 0.5
FreqW Acc : 	 0.7390184833818301
Mean IoU : 	 0.42983092123003147
* Test:	Time 0.093 (0.216)	Loss 0.0288 (0.0576)	
learning rate = 0.000050
Epoch: [85][0/34]	Time 0.228 (0.554)	Data 0.057 (0.049)	Loss 0.0468 (0.0804)	
Epoch: [85][10/34]	Time 0.561 (0.554)	Data 0.069 (0.049)	Loss 0.0471 (0.0803)	
Epoch: [85][20/34]	Time 0.559 (0.554)	Data 0.049 (0.049)	Loss 0.0537 (0.0803)	
Epoch: [85][30/34]	Time 0.560 (0.554)	Data 0.049 (0.049)	Loss 0.0699 (0.0802)	
Test: [0/9]	Time 0.224 (0.224)	Loss 0.0332 (0.0332)	Prec@1 0.000 (0.000)	Prec@5 0.000 (0.000)
Overall Acc: 	 0.8604563243353545
Mean Acc : 	 0.5
FreqW Acc : 	 0.7403850860887087
Mean IoU : 	 0.43022816216767723
* Test:	Time 0.093 (0.215)	Loss 0.0370 (0.0593)	
learning rate = 0.000050
Epoch: [86][0/34]	Time 0.227 (0.554)	Data 0.057 (0.049)	Loss 0.0380 (0.0801)	
Epoch: [86][10/34]	Time 0.561 (0.554)	Data 0.048 (0.049)	Loss 0.0657 (0.0800)	
Epoch: [86][20/34]	Time 0.560 (0.554)	Data 0.049 (0.049)	Loss 0.0498 (0.0800)	
Epoch: [86][30/34]	Time 0.561 (0.554)	Data 0.049 (0.049)	Loss 0.0600 (0.0799)	
Test: [0/9]	Time 0.224 (0.224)	Loss 0.0455 (0.0455)	Prec@1 0.000 (0.000)	Prec@5 0.000 (0.000)
Overall Acc: 	 0.8603255997842817
Mean Acc : 	 0.5
FreqW Acc : 	 0.740160137644184
Mean IoU : 	 0.43016279989214085
* Test:	Time 0.094 (0.215)	Loss 0.0785 (0.0623)	
learning rate = 0.000050
Epoch: [87][0/34]	Time 0.230 (0.554)	Data 0.056 (0.049)	Loss 0.0530 (0.0798)	
Epoch: [87][10/34]	Time 0.559 (0.554)	Data 0.049 (0.049)	Loss 0.0446 (0.0798)	
Epoch: [87][20/34]	Time 0.561 (0.554)	Data 0.049 (0.049)	Loss 0.0592 (0.0797)	
Epoch: [87][30/34]	Time 0.559 (0.554)	Data 0.049 (0.049)	Loss 0.0478 (0.0796)	
Test: [0/9]	Time 0.224 (0.224)	Loss 0.0645 (0.0645)	Prec@1 0.000 (0.000)	Prec@5 0.000 (0.000)
Overall Acc: 	 0.859513353945604
Mean Acc : 	 0.5
FreqW Acc : 	 0.7387632056108212
Mean IoU : 	 0.429756676972802
* Test:	Time 0.094 (0.214)	Loss 0.0691 (0.0618)	
learning rate = 0.000050
Epoch: [88][0/34]	Time 0.219 (0.554)	Data 0.048 (0.049)	Loss 0.0439 (0.0795)	
Epoch: [88][10/34]	Time 0.564 (0.554)	Data 0.049 (0.049)	Loss 0.0381 (0.0794)	
Epoch: [88][20/34]	Time 0.557 (0.554)	Data 0.049 (0.049)	Loss 0.0585 (0.0794)	
Epoch: [88][30/34]	Time 0.562 (0.554)	Data 0.052 (0.049)	Loss 0.0455 (0.0793)	
Test: [0/9]	Time 0.224 (0.224)	Loss 0.0581 (0.0581)	Prec@1 0.000 (0.000)	Prec@5 0.000 (0.000)
Overall Acc: 	 0.8599321735439016
Mean Acc : 	 0.5
FreqW Acc : 	 0.7394833430959389
Mean IoU : 	 0.4299660867719508
* Test:	Time 0.099 (0.215)	Loss 0.0655 (0.0633)	
learning rate = 0.000050
Epoch: [89][0/34]	Time 0.227 (0.553)	Data 0.058 (0.049)	Loss 0.0451 (0.0792)	
Epoch: [89][10/34]	Time 0.560 (0.553)	Data 0.049 (0.049)	Loss 0.0462 (0.0792)	
Epoch: [89][20/34]	Time 0.561 (0.554)	Data 0.049 (0.049)	Loss 0.0436 (0.0791)	
Epoch: [89][30/34]	Time 0.559 (0.554)	Data 0.047 (0.049)	Loss 0.0516 (0.0790)	
Test: [0/9]	Time 0.226 (0.226)	Loss 0.0707 (0.0707)	Prec@1 0.000 (0.000)	Prec@5 0.000 (0.000)
Overall Acc: 	 0.859346532109958
Mean Acc : 	 0.5
FreqW Acc : 	 0.7384764622494111
Mean IoU : 	 0.429673266054979
* Test:	Time 0.108 (0.216)	Loss 0.0309 (0.0654)	
learning rate = 0.000050
Epoch: [90][0/34]	Time 0.249 (0.553)	Data 0.077 (0.049)	Loss 0.0567 (0.0790)	
Epoch: [90][10/34]	Time 0.562 (0.553)	Data 0.049 (0.049)	Loss 0.0553 (0.0789)	
Epoch: [90][20/34]	Time 0.559 (0.553)	Data 0.049 (0.049)	Loss 0.0676 (0.0788)	
Epoch: [90][30/34]	Time 0.564 (0.553)	Data 0.049 (0.049)	Loss 0.0616 (0.0787)	
Test: [0/9]	Time 0.226 (0.226)	Loss 0.0477 (0.0477)	Prec@1 0.000 (0.000)	Prec@5 0.000 (0.000)
Overall Acc: 	 0.8591683231182953
Mean Acc : 	 0.5
FreqW Acc : 	 0.7381702074499035
Mean IoU : 	 0.42958416155914764
* Test:	Time 0.092 (0.217)	Loss 0.0293 (0.0636)	
learning rate = 0.000050
Epoch: [91][0/34]	Time 0.231 (0.553)	Data 0.057 (0.049)	Loss 0.0575 (0.0787)	
Epoch: [91][10/34]	Time 0.564 (0.553)	Data 0.048 (0.049)	Loss 0.0522 (0.0786)	
Epoch: [91][20/34]	Time 0.562 (0.553)	Data 0.048 (0.049)	Loss 0.0721 (0.0786)	
Epoch: [91][30/34]	Time 0.556 (0.553)	Data 0.049 (0.049)	Loss 0.0437 (0.0785)	
Test: [0/9]	Time 0.224 (0.224)	Loss 0.0608 (0.0608)	Prec@1 0.000 (0.000)	Prec@5 0.000 (0.000)
Overall Acc: 	 0.8595846375422691
Mean Acc : 	 0.5
FreqW Acc : 	 0.7388857490986741
Mean IoU : 	 0.42979231877113455
* Test:	Time 0.095 (0.216)	Loss 0.0888 (0.0614)	
learning rate = 0.000050
Epoch: [92][0/34]	Time 0.227 (0.553)	Data 0.057 (0.049)	Loss 0.0660 (0.0784)	
Epoch: [92][10/34]	Time 0.560 (0.553)	Data 0.050 (0.049)	Loss 0.0420 (0.0783)	
Epoch: [92][20/34]	Time 0.561 (0.553)	Data 0.049 (0.049)	Loss 0.0598 (0.0783)	
Epoch: [92][30/34]	Time 0.561 (0.553)	Data 0.049 (0.049)	Loss 0.0454 (0.0782)	
Test: [0/9]	Time 0.223 (0.223)	Loss 0.0895 (0.0895)	Prec@1 0.000 (0.000)	Prec@5 0.000 (0.000)
Overall Acc: 	 0.859752028735716
Mean Acc : 	 0.5
FreqW Acc : 	 0.7391735509151794
Mean IoU : 	 0.429876014367858
* Test:	Time 0.094 (0.216)	Loss 0.0852 (0.0611)	
learning rate = 0.000050
Epoch: [93][0/34]	Time 0.225 (0.553)	Data 0.054 (0.049)	Loss 0.0531 (0.0782)	
Epoch: [93][10/34]	Time 0.566 (0.553)	Data 0.049 (0.049)	Loss 0.0463 (0.0781)	
Epoch: [93][20/34]	Time 0.559 (0.553)	Data 0.049 (0.049)	Loss 0.0562 (0.0780)	
Epoch: [93][30/34]	Time 0.558 (0.553)	Data 0.049 (0.049)	Loss 0.0545 (0.0779)	
Test: [0/9]	Time 0.227 (0.227)	Loss 0.0868 (0.0868)	Prec@1 0.000 (0.000)	Prec@5 0.000 (0.000)
Overall Acc: 	 0.859715475964902
Mean Acc : 	 0.5
FreqW Acc : 	 0.7391106996135581
Mean IoU : 	 0.429857737982451
* Test:	Time 0.095 (0.215)	Loss 0.0335 (0.0662)	
learning rate = 0.000050
Epoch: [94][0/34]	Time 0.221 (0.553)	Data 0.048 (0.049)	Loss 0.0493 (0.0779)	
Epoch: [94][10/34]	Time 0.563 (0.553)	Data 0.048 (0.049)	Loss 0.0563 (0.0778)	
Epoch: [94][20/34]	Time 0.559 (0.553)	Data 0.049 (0.049)	Loss 0.0488 (0.0778)	
Epoch: [94][30/34]	Time 0.559 (0.553)	Data 0.049 (0.049)	Loss 0.0711 (0.0777)	
Test: [0/9]	Time 0.223 (0.223)	Loss 0.0638 (0.0638)	Prec@1 0.000 (0.000)	Prec@5 0.000 (0.000)
Overall Acc: 	 0.8596256313039295
Mean Acc : 	 0.5
FreqW Acc : 	 0.7389562259946795
Mean IoU : 	 0.4298128156519648
* Test:	Time 0.096 (0.216)	Loss 0.1210 (0.0637)	
learning rate = 0.000050
Epoch: [95][0/34]	Time 0.223 (0.553)	Data 0.052 (0.049)	Loss 0.0466 (0.0777)	
Epoch: [95][10/34]	Time 0.565 (0.553)	Data 0.049 (0.049)	Loss 0.0586 (0.0776)	
Epoch: [95][20/34]	Time 0.556 (0.553)	Data 0.049 (0.049)	Loss 0.0587 (0.0776)	
Epoch: [95][30/34]	Time 0.562 (0.553)	Data 0.049 (0.049)	Loss 0.0502 (0.0775)	
Test: [0/9]	Time 0.226 (0.226)	Loss 0.0415 (0.0415)	Prec@1 0.000 (0.000)	Prec@5 0.000 (0.000)
Overall Acc: 	 0.860279709545534
Mean Acc : 	 0.5
FreqW Acc : 	 0.7400811786557484
Mean IoU : 	 0.430139854772767
* Test:	Time 0.095 (0.214)	Loss 0.0874 (0.0597)	
learning rate = 0.000050
Epoch: [96][0/34]	Time 0.226 (0.553)	Data 0.057 (0.049)	Loss 0.0520 (0.0775)	
Epoch: [96][10/34]	Time 0.566 (0.553)	Data 0.049 (0.049)	Loss 0.0370 (0.0774)	
Epoch: [96][20/34]	Time 0.562 (0.553)	Data 0.050 (0.049)	Loss 0.0553 (0.0773)	
Epoch: [96][30/34]	Time 0.561 (0.553)	Data 0.059 (0.049)	Loss 0.0497 (0.0772)	
Test: [0/9]	Time 0.223 (0.223)	Loss 0.0921 (0.0921)	Prec@1 0.000 (0.000)	Prec@5 0.000 (0.000)
Overall Acc: 	 0.8598140887360075
Mean Acc : 	 0.5
FreqW Acc : 	 0.739280267188931
Mean IoU : 	 0.42990704436800375
* Test:	Time 0.094 (0.215)	Loss 0.0508 (0.0643)	
learning rate = 0.000050
Epoch: [97][0/34]	Time 0.218 (0.553)	Data 0.048 (0.049)	Loss 0.0510 (0.0772)	
Epoch: [97][10/34]	Time 0.564 (0.553)	Data 0.048 (0.049)	Loss 0.0461 (0.0771)	
Epoch: [97][20/34]	Time 0.562 (0.553)	Data 0.048 (0.049)	Loss 0.0655 (0.0771)	
Epoch: [97][30/34]	Time 0.566 (0.553)	Data 0.048 (0.049)	Loss 0.0379 (0.0770)	
Test: [0/9]	Time 0.225 (0.225)	Loss 0.0850 (0.0850)	Prec@1 0.000 (0.000)	Prec@5 0.000 (0.000)
Overall Acc: 	 0.859929099011777
Mean Acc : 	 0.5
FreqW Acc : 	 0.7394780553272067
Mean IoU : 	 0.4299645495058885
* Test:	Time 0.092 (0.214)	Loss 0.0305 (0.0614)	
learning rate = 0.000050
Epoch: [98][0/34]	Time 0.218 (0.553)	Data 0.048 (0.049)	Loss 0.0591 (0.0770)	
Epoch: [98][10/34]	Time 0.562 (0.553)	Data 0.048 (0.049)	Loss 0.0679 (0.0769)	
Epoch: [98][20/34]	Time 0.567 (0.553)	Data 0.049 (0.049)	Loss 0.0367 (0.0768)	
Epoch: [98][30/34]	Time 0.559 (0.553)	Data 0.048 (0.049)	Loss 0.0529 (0.0767)	
Test: [0/9]	Time 0.223 (0.223)	Loss 0.0625 (0.0625)	Prec@1 0.000 (0.000)	Prec@5 0.000 (0.000)
Overall Acc: 	 0.8594244202571129
Mean Acc : 	 0.5
FreqW Acc : 	 0.7386103341342746
Mean IoU : 	 0.4297122101285564
* Test:	Time 0.097 (0.216)	Loss 0.0609 (0.0618)	
learning rate = 0.000050
Epoch: [99][0/34]	Time 0.225 (0.553)	Data 0.054 (0.049)	Loss 0.0506 (0.0767)	
Epoch: [99][10/34]	Time 0.561 (0.553)	Data 0.049 (0.049)	Loss 0.0610 (0.0766)	
Epoch: [99][20/34]	Time 0.558 (0.553)	Data 0.048 (0.049)	Loss 0.0534 (0.0766)	
Epoch: [99][30/34]	Time 0.564 (0.553)	Data 0.049 (0.049)	Loss 0.0564 (0.0765)	
Test: [0/9]	Time 0.224 (0.224)	Loss 0.0777 (0.0777)	Prec@1 0.000 (0.000)	Prec@5 0.000 (0.000)
Overall Acc: 	 0.8597199169557486
Mean Acc : 	 0.5
FreqW Acc : 	 0.7391183356103992
Mean IoU : 	 0.4298599584778743
* Test:	Time 0.097 (0.218)	Loss 0.1245 (0.0624)	
