start training
learning rate = 0.001000
Epoch: [0][0/34]	Time 6.700 (6.700)	Data 0.068 (0.068)	Loss 6.0290 (6.0290)	
Epoch: [0][10/34]	Time 0.400 (0.958)	Data 0.052 (0.056)	Loss 0.6972 (1.3276)	
Epoch: [0][20/34]	Time 0.388 (0.688)	Data 0.051 (0.054)	Loss 0.4783 (1.0715)	
Epoch: [0][30/34]	Time 0.389 (0.593)	Data 0.050 (0.054)	Loss 0.4520 (0.8984)	
Test: [0/9]	Time 0.219 (0.219)	Loss 0.4171 (0.4171)	Prec@1 0.000 (0.000)	Prec@5 0.000 (0.000)
Overall Acc: 	 0.86229113678434
Mean Acc : 	 0.5
FreqW Acc : 	 0.7435460045768294
Mean IoU : 	 0.43114556839217
Test:	Time 1.425 (0.345)	Loss 0.4593 (0.4512)	
learning rate = 0.001000
Epoch: [1][0/34]	Time 0.225 (0.684)	Data 0.051 (0.053)	Loss 0.5288 (0.8594)	
Epoch: [1][10/34]	Time 0.393 (0.620)	Data 0.055 (0.054)	Loss 0.4091 (0.7701)	
Epoch: [1][20/34]	Time 0.385 (0.577)	Data 0.053 (0.053)	Loss 0.2460 (0.6853)	
Epoch: [1][30/34]	Time 0.394 (0.549)	Data 0.050 (0.053)	Loss 0.2599 (0.6287)	
Test: [0/9]	Time 0.288 (0.288)	Loss 0.2373 (0.2373)	Prec@1 0.000 (0.000)	Prec@5 0.000 (0.000)
Overall Acc: 	 0.8623249566377099
Mean Acc : 	 0.5
FreqW Acc : 	 0.7436043308402283
Mean IoU : 	 0.43116247831885496
Test:	Time 0.086 (0.202)	Loss 0.1785 (0.2864)	
learning rate = 0.001000
Epoch: [2][0/34]	Time 0.196 (0.536)	Data 0.054 (0.053)	Loss 0.4536 (0.6123)	
Epoch: [2][10/34]	Time 0.383 (0.517)	Data 0.052 (0.053)	Loss 0.2901 (0.5656)	
Epoch: [2][20/34]	Time 0.389 (0.503)	Data 0.060 (0.053)	Loss 0.2077 (0.5289)	
Epoch: [2][30/34]	Time 0.392 (0.491)	Data 0.051 (0.053)	Loss 0.1695 (0.4956)	
Test: [0/9]	Time 0.289 (0.289)	Loss 0.1880 (0.1880)	Prec@1 0.000 (0.000)	Prec@5 0.000 (0.000)
Overall Acc: 	 0.8622430829859492
Mean Acc : 	 0.5
FreqW Acc : 	 0.7434631341571145
Mean IoU : 	 0.4311215414929746
Test:	Time 0.084 (0.203)	Loss 0.1836 (0.2056)	
learning rate = 0.001000
Epoch: [3][0/34]	Time 0.197 (0.485)	Data 0.058 (0.052)	Loss 0.1903 (0.4851)	
Epoch: [3][10/34]	Time 0.392 (0.477)	Data 0.050 (0.053)	Loss 0.1474 (0.4579)	
Epoch: [3][20/34]	Time 0.386 (0.470)	Data 0.061 (0.053)	Loss 0.2320 (0.4358)	
Epoch: [3][30/34]	Time 0.397 (0.464)	Data 0.052 (0.052)	Loss 0.1638 (0.4173)	
Test: [0/9]	Time 0.307 (0.307)	Loss 0.1674 (0.1674)	Prec@1 0.000 (0.000)	Prec@5 0.000 (0.000)
Overall Acc: 	 0.8620217166729828
Mean Acc : 	 0.5
FreqW Acc : 	 0.7430814400158362
Mean IoU : 	 0.4310108583364914
Test:	Time 0.089 (0.206)	Loss 0.1780 (0.1714)	
learning rate = 0.001000
Epoch: [4][0/34]	Time 0.209 (0.460)	Data 0.063 (0.052)	Loss 0.2053 (0.4118)	
Epoch: [4][10/34]	Time 0.393 (0.455)	Data 0.051 (0.052)	Loss 0.1481 (0.3944)	
Epoch: [4][20/34]	Time 0.391 (0.452)	Data 0.059 (0.052)	Loss 0.1655 (0.3773)	
Epoch: [4][30/34]	Time 0.399 (0.448)	Data 0.067 (0.053)	Loss 0.1528 (0.3636)	
Test: [0/9]	Time 0.294 (0.294)	Loss 0.1234 (0.1234)	Prec@1 0.000 (0.000)	Prec@5 0.000 (0.000)
Overall Acc: 	 0.8621642838663129
Mean Acc : 	 0.5
FreqW Acc : 	 0.7433272523747122
Mean IoU : 	 0.43108214193315647
Test:	Time 0.083 (0.206)	Loss 0.2921 (0.1340)	
learning rate = 0.001000
Epoch: [5][0/34]	Time 0.195 (0.445)	Data 0.057 (0.052)	Loss 0.1324 (0.3588)	
Epoch: [5][10/34]	Time 0.399 (0.443)	Data 0.052 (0.053)	Loss 0.1772 (0.3478)	
Epoch: [5][20/34]	Time 0.390 (0.440)	Data 0.053 (0.052)	Loss 0.2105 (0.3382)	
Epoch: [5][30/34]	Time 0.387 (0.438)	Data 0.051 (0.052)	Loss 0.1710 (0.3297)	
Test: [0/9]	Time 0.295 (0.295)	Loss 0.1156 (0.1156)	Prec@1 0.000 (0.000)	Prec@5 0.000 (0.000)
Overall Acc: 	 0.862047679388701
Mean Acc : 	 0.5
FreqW Acc : 	 0.7431262015394445
Mean IoU : 	 0.4310238396943505
Test:	Time 0.083 (0.204)	Loss 0.1258 (0.1380)	
learning rate = 0.001000
Epoch: [6][0/34]	Time 0.208 (0.436)	Data 0.057 (0.052)	Loss 0.1164 (0.3260)	
Epoch: [6][10/34]	Time 0.396 (0.434)	Data 0.054 (0.052)	Loss 0.0966 (0.3166)	
Epoch: [6][20/34]	Time 0.394 (0.432)	Data 0.051 (0.052)	Loss 0.0952 (0.3076)	
Epoch: [6][30/34]	Time 0.397 (0.430)	Data 0.050 (0.052)	Loss 0.0799 (0.2987)	
Test: [0/9]	Time 0.287 (0.287)	Loss 0.1560 (0.1560)	Prec@1 0.000 (0.000)	Prec@5 0.000 (0.000)
Overall Acc: 	 0.8615859302122202
Mean Acc : 	 0.5
FreqW Acc : 	 0.7423303151396567
Mean IoU : 	 0.4307929651061101
Test:	Time 0.092 (0.204)	Loss 0.1353 (0.1041)	
learning rate = 0.001000
Epoch: [7][0/34]	Time 0.204 (0.428)	Data 0.064 (0.052)	Loss 0.1083 (0.2958)	
Epoch: [7][10/34]	Time 0.388 (0.427)	Data 0.049 (0.052)	Loss 0.1089 (0.2884)	
Epoch: [7][20/34]	Time 0.393 (0.426)	Data 0.053 (0.052)	Loss 0.1153 (0.2811)	
Epoch: [7][30/34]	Time 0.391 (0.425)	Data 0.053 (0.052)	Loss 0.0691 (0.2741)	
Test: [0/9]	Time 0.289 (0.289)	Loss 0.0577 (0.0577)	Prec@1 0.000 (0.000)	Prec@5 0.000 (0.000)
Overall Acc: 	 0.8614669344318446
Mean Acc : 	 0.5
FreqW Acc : 	 0.7421252791194001
Mean IoU : 	 0.4307334672159223
Test:	Time 0.088 (0.203)	Loss 0.1739 (0.0849)	
learning rate = 0.001000
Epoch: [8][0/34]	Time 0.203 (0.423)	Data 0.061 (0.052)	Loss 0.0803 (0.2717)	
Epoch: [8][10/34]	Time 0.391 (0.422)	Data 0.050 (0.052)	Loss 0.0345 (0.2649)	
Epoch: [8][20/34]	Time 0.387 (0.421)	Data 0.055 (0.052)	Loss 0.0918 (0.2593)	
Epoch: [8][30/34]	Time 0.387 (0.420)	Data 0.052 (0.052)	Loss 0.0803 (0.2536)	
Test: [0/9]	Time 0.294 (0.294)	Loss 0.0751 (0.0751)	Prec@1 0.000 (0.000)	Prec@5 0.000 (0.000)
Overall Acc: 	 0.8619459920854711
Mean Acc : 	 0.5
FreqW Acc : 	 0.742950893272207
Mean IoU : 	 0.43097299604273553
Test:	Time 0.082 (0.201)	Loss 0.0554 (0.0871)	
learning rate = 0.001000
Epoch: [9][0/34]	Time 0.200 (0.419)	Data 0.057 (0.052)	Loss 0.0815 (0.2517)	
Epoch: [9][10/34]	Time 0.393 (0.418)	Data 0.054 (0.052)	Loss 0.1038 (0.2464)	
Epoch: [9][20/34]	Time 0.394 (0.418)	Data 0.051 (0.052)	Loss 0.0827 (0.2416)	
Epoch: [9][30/34]	Time 0.409 (0.417)	Data 0.054 (0.052)	Loss 0.0899 (0.2371)	
Test: [0/9]	Time 0.282 (0.282)	Loss 0.0817 (0.0817)	Prec@1 0.000 (0.000)	Prec@5 0.000 (0.000)
Overall Acc: 	 0.8618226691858092
Mean Acc : 	 0.5
FreqW Acc : 	 0.7427383131225527
Mean IoU : 	 0.4309113345929046
Test:	Time 0.088 (0.207)	Loss 0.0891 (0.0899)	
learning rate = 0.001000
Epoch: [10][0/34]	Time 0.195 (0.416)	Data 0.058 (0.052)	Loss 0.0881 (0.2357)	
Epoch: [10][10/34]	Time 0.392 (0.416)	Data 0.052 (0.052)	Loss 0.0801 (0.2316)	
Epoch: [10][20/34]	Time 0.397 (0.415)	Data 0.049 (0.052)	Loss 0.0608 (0.2276)	
Epoch: [10][30/34]	Time 0.385 (0.414)	Data 0.051 (0.052)	Loss 0.0687 (0.2238)	
Test: [0/9]	Time 0.293 (0.293)	Loss 0.0880 (0.0880)	Prec@1 0.000 (0.000)	Prec@5 0.000 (0.000)
Overall Acc: 	 0.8623743768948228
Mean Acc : 	 0.5
FreqW Acc : 	 0.7436895659247338
Mean IoU : 	 0.4311871884474114
Test:	Time 0.090 (0.204)	Loss 0.0584 (0.0726)	
learning rate = 0.001000
Epoch: [11][0/34]	Time 0.191 (0.413)	Data 0.054 (0.052)	Loss 0.0993 (0.2224)	
Epoch: [11][10/34]	Time 0.389 (0.413)	Data 0.051 (0.052)	Loss 0.0643 (0.2185)	
Epoch: [11][20/34]	Time 0.401 (0.413)	Data 0.049 (0.052)	Loss 0.0602 (0.2149)	
Epoch: [11][30/34]	Time 0.399 (0.412)	Data 0.051 (0.052)	Loss 0.0403 (0.2115)	
Test: [0/9]	Time 0.286 (0.286)	Loss 0.0738 (0.0738)	Prec@1 0.000 (0.000)	Prec@5 0.000 (0.000)
Overall Acc: 	 0.8620619133337221
Mean Acc : 	 0.5
FreqW Acc : 	 0.7431507424205978
Mean IoU : 	 0.43103095666686103
Test:	Time 0.078 (0.197)	Loss 0.0865 (0.0744)	
learning rate = 0.001000
Epoch: [12][0/34]	Time 0.189 (0.411)	Data 0.052 (0.052)	Loss 0.0652 (0.2105)	
Epoch: [12][10/34]	Time 0.369 (0.411)	Data 0.049 (0.052)	Loss 0.1307 (0.2074)	
Epoch: [12][20/34]	Time 0.369 (0.410)	Data 0.049 (0.052)	Loss 0.0547 (0.2040)	
Epoch: [12][30/34]	Time 0.369 (0.409)	Data 0.049 (0.052)	Loss 0.0818 (0.2015)	
Test: [0/9]	Time 0.272 (0.272)	Loss 0.0580 (0.0580)	Prec@1 0.000 (0.000)	Prec@5 0.000 (0.000)
Overall Acc: 	 0.862584128308652
Mean Acc : 	 0.5
FreqW Acc : 	 0.7440513784099971
Mean IoU : 	 0.431292064154326
Test:	Time 0.077 (0.182)	Loss 0.0597 (0.0736)	
learning rate = 0.001000
Epoch: [13][0/34]	Time 0.177 (0.408)	Data 0.048 (0.052)	Loss 0.0905 (0.2005)	
Epoch: [13][10/34]	Time 0.367 (0.407)	Data 0.049 (0.052)	Loss 0.1548 (0.1978)	
Epoch: [13][20/34]	Time 0.368 (0.406)	Data 0.049 (0.052)	Loss 0.0631 (0.1952)	
Epoch: [13][30/34]	Time 0.369 (0.405)	Data 0.050 (0.052)	Loss 0.0860 (0.1928)	
Test: [0/9]	Time 0.268 (0.268)	Loss 0.0649 (0.0649)	Prec@1 0.000 (0.000)	Prec@5 0.000 (0.000)
Overall Acc: 	 0.8622326068024138
Mean Acc : 	 0.5
FreqW Acc : 	 0.7434450682332858
Mean IoU : 	 0.4311163034012069
Test:	Time 0.076 (0.182)	Loss 0.0728 (0.0783)	
learning rate = 0.001000
Epoch: [14][0/34]	Time 0.180 (0.404)	Data 0.049 (0.052)	Loss 0.0731 (0.1920)	
Epoch: [14][10/34]	Time 0.367 (0.404)	Data 0.049 (0.052)	Loss 0.0630 (0.1897)	
Epoch: [14][20/34]	Time 0.366 (0.403)	Data 0.049 (0.051)	Loss 0.0736 (0.1874)	
Epoch: [14][30/34]	Time 0.370 (0.402)	Data 0.069 (0.051)	Loss 0.0922 (0.1855)	
Test: [0/9]	Time 0.267 (0.267)	Loss 0.0717 (0.0717)	Prec@1 0.000 (0.000)	Prec@5 0.000 (0.000)
Overall Acc: 	 0.8621899049673507
Mean Acc : 	 0.5
FreqW Acc : 	 0.7433714322276093
Mean IoU : 	 0.43109495248367535
Test:	Time 0.077 (0.183)	Loss 0.0612 (0.0715)	
learning rate = 0.001000
Epoch: [15][0/34]	Time 0.180 (0.402)	Data 0.049 (0.051)	Loss 0.0560 (0.1847)	
Epoch: [15][10/34]	Time 0.368 (0.401)	Data 0.050 (0.051)	Loss 0.0628 (0.1826)	
Epoch: [15][20/34]	Time 0.368 (0.400)	Data 0.049 (0.051)	Loss 0.1181 (0.1806)	
Epoch: [15][30/34]	Time 0.366 (0.400)	Data 0.049 (0.051)	Loss 0.1214 (0.1785)	
Test: [0/9]	Time 0.260 (0.260)	Loss 0.0678 (0.0678)	Prec@1 0.000 (0.000)	Prec@5 0.000 (0.000)
Overall Acc: 	 0.8623903189132462
Mean Acc : 	 0.5
FreqW Acc : 	 0.7437170621552905
Mean IoU : 	 0.4311951594566231
Test:	Time 0.075 (0.181)	Loss 0.0630 (0.0763)	
learning rate = 0.001000
Epoch: [16][0/34]	Time 0.177 (0.399)	Data 0.048 (0.051)	Loss 0.0941 (0.1780)	
Epoch: [16][10/34]	Time 0.367 (0.399)	Data 0.049 (0.051)	Loss 0.0579 (0.1761)	
Epoch: [16][20/34]	Time 0.365 (0.398)	Data 0.055 (0.051)	Loss 0.0932 (0.1745)	
Epoch: [16][30/34]	Time 0.371 (0.397)	Data 0.049 (0.051)	Loss 0.0677 (0.1726)	
Test: [0/9]	Time 0.270 (0.270)	Loss 0.1066 (0.1066)	Prec@1 0.000 (0.000)	Prec@5 0.000 (0.000)
Overall Acc: 	 0.8627030102174673
Mean Acc : 	 0.5
FreqW Acc : 	 0.7442564838382795
Mean IoU : 	 0.43135150510873366
Test:	Time 0.073 (0.182)	Loss 0.0398 (0.0687)	
learning rate = 0.001000
Epoch: [17][0/34]	Time 0.176 (0.397)	Data 0.049 (0.051)	Loss 0.0754 (0.1722)	
Epoch: [17][10/34]	Time 0.366 (0.396)	Data 0.049 (0.051)	Loss 0.0582 (0.1704)	
Epoch: [17][20/34]	Time 0.367 (0.396)	Data 0.050 (0.051)	Loss 0.0785 (0.1689)	
Epoch: [17][30/34]	Time 0.370 (0.395)	Data 0.049 (0.051)	Loss 0.0571 (0.1674)	
Test: [0/9]	Time 0.261 (0.261)	Loss 0.0485 (0.0485)	Prec@1 0.000 (0.000)	Prec@5 0.000 (0.000)
Overall Acc: 	 0.8623025239403568
Mean Acc : 	 0.5
FreqW Acc : 	 0.7435656427939096
Mean IoU : 	 0.4311512619701784
Test:	Time 0.075 (0.181)	Loss 0.0759 (0.0714)	
learning rate = 0.001000
Epoch: [18][0/34]	Time 0.177 (0.395)	Data 0.048 (0.051)	Loss 0.0600 (0.1669)	
Epoch: [18][10/34]	Time 0.367 (0.394)	Data 0.048 (0.051)	Loss 0.1231 (0.1655)	
Epoch: [18][20/34]	Time 0.367 (0.394)	Data 0.048 (0.051)	Loss 0.1186 (0.1643)	
Epoch: [18][30/34]	Time 0.367 (0.394)	Data 0.050 (0.051)	Loss 0.1325 (0.1628)	
Test: [0/9]	Time 0.270 (0.270)	Loss 0.0798 (0.0798)	Prec@1 0.000 (0.000)	Prec@5 0.000 (0.000)
Overall Acc: 	 0.8623055984724813
Mean Acc : 	 0.5
FreqW Acc : 	 0.7435709451569842
Mean IoU : 	 0.43115279923624067
Test:	Time 0.074 (0.182)	Loss 0.0963 (0.0693)	
learning rate = 0.001000
Epoch: [19][0/34]	Time 0.177 (0.393)	Data 0.048 (0.051)	Loss 0.0491 (0.1623)	
Epoch: [19][10/34]	Time 0.368 (0.393)	Data 0.049 (0.051)	Loss 0.0824 (0.1609)	
Epoch: [19][20/34]	Time 0.369 (0.392)	Data 0.049 (0.051)	Loss 0.0466 (0.1597)	
Epoch: [19][30/34]	Time 0.369 (0.392)	Data 0.048 (0.051)	Loss 0.0653 (0.1584)	
Test: [0/9]	Time 0.268 (0.268)	Loss 0.0546 (0.0546)	Prec@1 0.000 (0.000)	Prec@5 0.000 (0.000)
Overall Acc: 	 0.8618137872041162
Mean Acc : 	 0.5
FreqW Acc : 	 0.7427230038151016
Mean IoU : 	 0.4309068936020581
Test:	Time 0.074 (0.181)	Loss 0.0349 (0.0706)	
learning rate = 0.001000
Epoch: [20][0/34]	Time 0.177 (0.392)	Data 0.049 (0.051)	Loss 0.0603 (0.1580)	
Epoch: [20][10/34]	Time 0.368 (0.391)	Data 0.048 (0.051)	Loss 0.0635 (0.1570)	
Epoch: [20][20/34]	Time 0.369 (0.391)	Data 0.048 (0.051)	Loss 0.0837 (0.1558)	
Epoch: [20][30/34]	Time 0.370 (0.391)	Data 0.048 (0.051)	Loss 0.0742 (0.1546)	
Test: [0/9]	Time 0.268 (0.268)	Loss 0.0558 (0.0558)	Prec@1 0.000 (0.000)	Prec@5 0.000 (0.000)
Overall Acc: 	 0.8619870997186917
Mean Acc : 	 0.5
FreqW Acc : 	 0.7430217600814417
Mean IoU : 	 0.43099354985934585
Test:	Time 0.075 (0.181)	Loss 0.0657 (0.0665)	
learning rate = 0.001000
Epoch: [21][0/34]	Time 0.176 (0.390)	Data 0.048 (0.051)	Loss 0.1353 (0.1543)	
Epoch: [21][10/34]	Time 0.368 (0.390)	Data 0.049 (0.051)	Loss 0.0496 (0.1531)	
Epoch: [21][20/34]	Time 0.367 (0.390)	Data 0.048 (0.050)	Loss 0.0669 (0.1520)	
Epoch: [21][30/34]	Time 0.369 (0.389)	Data 0.049 (0.050)	Loss 0.0946 (0.1511)	
Test: [0/9]	Time 0.269 (0.269)	Loss 0.0767 (0.0767)	Prec@1 0.000 (0.000)	Prec@5 0.000 (0.000)
Overall Acc: 	 0.8620943667283699
Mean Acc : 	 0.5
FreqW Acc : 	 0.7432066971447892
Mean IoU : 	 0.43104718336418496
Test:	Time 0.075 (0.184)	Loss 0.0972 (0.0638)	
learning rate = 0.001000
Epoch: [22][0/34]	Time 0.176 (0.389)	Data 0.048 (0.050)	Loss 0.0591 (0.1507)	
Epoch: [22][10/34]	Time 0.369 (0.389)	Data 0.049 (0.050)	Loss 0.1271 (0.1498)	
Epoch: [22][20/34]	Time 0.368 (0.388)	Data 0.048 (0.050)	Loss 0.0824 (0.1488)	
Epoch: [22][30/34]	Time 0.369 (0.388)	Data 0.048 (0.050)	Loss 0.0460 (0.1478)	
Test: [0/9]	Time 0.270 (0.270)	Loss 0.0927 (0.0927)	Prec@1 0.000 (0.000)	Prec@5 0.000 (0.000)
Overall Acc: 	 0.8629698112829408
Mean Acc : 	 0.5
FreqW Acc : 	 0.7447168951857145
Mean IoU : 	 0.4314849056414704
Test:	Time 0.075 (0.182)	Loss 0.0679 (0.0735)	
learning rate = 0.001000
Epoch: [23][0/34]	Time 0.176 (0.388)	Data 0.048 (0.050)	Loss 0.0846 (0.1474)	
Epoch: [23][10/34]	Time 0.369 (0.387)	Data 0.048 (0.050)	Loss 0.0539 (0.1464)	
Epoch: [23][20/34]	Time 0.367 (0.387)	Data 0.048 (0.050)	Loss 0.0815 (0.1455)	
Epoch: [23][30/34]	Time 0.365 (0.387)	Data 0.049 (0.050)	Loss 0.0665 (0.1447)	
Test: [0/9]	Time 0.266 (0.266)	Loss 0.0792 (0.0792)	Prec@1 0.000 (0.000)	Prec@5 0.000 (0.000)
Overall Acc: 	 0.862055764269473
Mean Acc : 	 0.5
FreqW Acc : 	 0.7431401407102252
Mean IoU : 	 0.4310278821347365
Test:	Time 0.075 (0.182)	Loss 0.1020 (0.0658)	
learning rate = 0.001000
Epoch: [24][0/34]	Time 0.177 (0.387)	Data 0.048 (0.050)	Loss 0.0917 (0.1444)	
Epoch: [24][10/34]	Time 0.367 (0.386)	Data 0.048 (0.050)	Loss 0.0802 (0.1435)	
Epoch: [24][20/34]	Time 0.372 (0.386)	Data 0.048 (0.050)	Loss 0.0716 (0.1426)	
Epoch: [24][30/34]	Time 0.367 (0.386)	Data 0.048 (0.050)	Loss 0.0507 (0.1419)	
Test: [0/9]	Time 0.271 (0.271)	Loss 0.0528 (0.0528)	Prec@1 0.000 (0.000)	Prec@5 0.000 (0.000)
Overall Acc: 	 0.862396923463736
Mean Acc : 	 0.5
FreqW Acc : 	 0.7437284535997168
Mean IoU : 	 0.431198461731868
Test:	Time 0.074 (0.183)	Loss 0.0605 (0.0681)	
learning rate = 0.001000
Epoch: [25][0/34]	Time 0.176 (0.386)	Data 0.048 (0.050)	Loss 0.0830 (0.1416)	
Epoch: [25][10/34]	Time 0.368 (0.385)	Data 0.049 (0.050)	Loss 0.0892 (0.1408)	
Epoch: [25][20/34]	Time 0.368 (0.385)	Data 0.048 (0.050)	Loss 0.1065 (0.1400)	
Epoch: [25][30/34]	Time 0.367 (0.385)	Data 0.048 (0.050)	Loss 0.0714 (0.1392)	
Test: [0/9]	Time 0.268 (0.268)	Loss 0.0558 (0.0558)	Prec@1 0.000 (0.000)	Prec@5 0.000 (0.000)
Overall Acc: 	 0.861953393736882
Mean Acc : 	 0.5
FreqW Acc : 	 0.7429636529745283
Mean IoU : 	 0.430976696868441
Test:	Time 0.074 (0.182)	Loss 0.0547 (0.0620)	
learning rate = 0.001000
Epoch: [26][0/34]	Time 0.176 (0.385)	Data 0.048 (0.050)	Loss 0.0799 (0.1389)	
Epoch: [26][10/34]	Time 0.369 (0.384)	Data 0.049 (0.050)	Loss 0.0672 (0.1381)	
Epoch: [26][20/34]	Time 0.368 (0.384)	Data 0.048 (0.050)	Loss 0.1189 (0.1374)	
Epoch: [26][30/34]	Time 0.368 (0.384)	Data 0.048 (0.050)	Loss 0.1036 (0.1367)	
Test: [0/9]	Time 0.267 (0.267)	Loss 0.0423 (0.0423)	Prec@1 0.000 (0.000)	Prec@5 0.000 (0.000)
Overall Acc: 	 0.8626886624008862
Mean Acc : 	 0.5
FreqW Acc : 	 0.7442317282350301
Mean IoU : 	 0.4313443312004431
Test:	Time 0.074 (0.181)	Loss 0.0669 (0.0670)	
learning rate = 0.001000
Epoch: [27][0/34]	Time 0.177 (0.384)	Data 0.049 (0.050)	Loss 0.0758 (0.1364)	
Epoch: [27][10/34]	Time 0.368 (0.384)	Data 0.049 (0.050)	Loss 0.0903 (0.1357)	
Epoch: [27][20/34]	Time 0.368 (0.383)	Data 0.049 (0.050)	Loss 0.1044 (0.1352)	
Epoch: [27][30/34]	Time 0.368 (0.383)	Data 0.049 (0.050)	Loss 0.0804 (0.1346)	
Test: [0/9]	Time 0.269 (0.269)	Loss 0.0945 (0.0945)	Prec@1 0.000 (0.000)	Prec@5 0.000 (0.000)
Overall Acc: 	 0.8623147081972947
Mean Acc : 	 0.5
FreqW Acc : 	 0.7435866559733856
Mean IoU : 	 0.43115735409864736
Test:	Time 0.075 (0.181)	Loss 0.0818 (0.0721)	
learning rate = 0.001000
Epoch: [28][0/34]	Time 0.177 (0.383)	Data 0.048 (0.050)	Loss 0.1566 (0.1345)	
Epoch: [28][10/34]	Time 0.367 (0.383)	Data 0.069 (0.050)	Loss 0.0841 (0.1339)	
Epoch: [28][20/34]	Time 0.367 (0.383)	Data 0.048 (0.050)	Loss 0.0773 (0.1332)	
Epoch: [28][30/34]	Time 0.370 (0.383)	Data 0.049 (0.050)	Loss 0.0653 (0.1326)	
Test: [0/9]	Time 0.269 (0.269)	Loss 0.0511 (0.0511)	Prec@1 0.000 (0.000)	Prec@5 0.000 (0.000)
Overall Acc: 	 0.8620941389852496
Mean Acc : 	 0.5
FreqW Acc : 	 0.7432063044727187
Mean IoU : 	 0.4310470694926248
Test:	Time 0.076 (0.182)	Loss 0.0646 (0.0641)	
learning rate = 0.001000
Epoch: [29][0/34]	Time 0.181 (0.382)	Data 0.049 (0.050)	Loss 0.0639 (0.1324)	
Epoch: [29][10/34]	Time 0.367 (0.382)	Data 0.049 (0.050)	Loss 0.1136 (0.1318)	
Epoch: [29][20/34]	Time 0.371 (0.382)	Data 0.049 (0.050)	Loss 0.0864 (0.1312)	
Epoch: [29][30/34]	Time 0.372 (0.382)	Data 0.049 (0.050)	Loss 0.0828 (0.1306)	
Test: [0/9]	Time 0.269 (0.269)	Loss 0.0728 (0.0728)	Prec@1 0.000 (0.000)	Prec@5 0.000 (0.000)
Overall Acc: 	 0.8619524827644006
Mean Acc : 	 0.5
FreqW Acc : 	 0.7429620825437143
Mean IoU : 	 0.4309762413822003
Test:	Time 0.073 (0.182)	Loss 0.0240 (0.0614)	
learning rate = 0.001000
Epoch: [30][0/34]	Time 0.179 (0.382)	Data 0.048 (0.050)	Loss 0.0713 (0.1304)	
Epoch: [30][10/34]	Time 0.368 (0.381)	Data 0.048 (0.050)	Loss 0.0496 (0.1298)	
Epoch: [30][20/34]	Time 0.370 (0.381)	Data 0.049 (0.050)	Loss 0.0926 (0.1292)	
Epoch: [30][30/34]	Time 0.369 (0.381)	Data 0.049 (0.050)	Loss 0.0553 (0.1287)	
Test: [0/9]	Time 0.270 (0.270)	Loss 0.0977 (0.0977)	Prec@1 0.000 (0.000)	Prec@5 0.000 (0.000)
Overall Acc: 	 0.8619593150580107
Mean Acc : 	 0.5
FreqW Acc : 	 0.742973860815275
Mean IoU : 	 0.43097965752900536
Test:	Time 0.077 (0.182)	Loss 0.0319 (0.0725)	
learning rate = 0.001000
Epoch: [31][0/34]	Time 0.178 (0.381)	Data 0.049 (0.050)	Loss 0.0597 (0.1285)	
Epoch: [31][10/34]	Time 0.369 (0.381)	Data 0.049 (0.050)	Loss 0.0863 (0.1280)	
Epoch: [31][20/34]	Time 0.367 (0.381)	Data 0.049 (0.050)	Loss 0.0719 (0.1276)	
Epoch: [31][30/34]	Time 0.371 (0.381)	Data 0.049 (0.050)	Loss 0.0631 (0.1271)	
Test: [0/9]	Time 0.268 (0.268)	Loss 0.1129 (0.1129)	Prec@1 0.000 (0.000)	Prec@5 0.000 (0.000)
Overall Acc: 	 0.8620425551684935
Mean Acc : 	 0.5
FreqW Acc : 	 0.7431173669214252
Mean IoU : 	 0.43102127758424674
Test:	Time 0.077 (0.183)	Loss 0.0634 (0.0648)	
learning rate = 0.001000
Epoch: [32][0/34]	Time 0.177 (0.380)	Data 0.049 (0.050)	Loss 0.0736 (0.1269)	
Epoch: [32][10/34]	Time 0.366 (0.380)	Data 0.049 (0.050)	Loss 0.0672 (0.1264)	
Epoch: [32][20/34]	Time 0.367 (0.380)	Data 0.049 (0.050)	Loss 0.0530 (0.1259)	
Epoch: [32][30/34]	Time 0.367 (0.380)	Data 0.049 (0.050)	Loss 0.0660 (0.1255)	
Test: [0/9]	Time 0.270 (0.270)	Loss 0.0361 (0.0361)	Prec@1 0.000 (0.000)	Prec@5 0.000 (0.000)
Overall Acc: 	 0.861709253111882
Mean Acc : 	 0.5
FreqW Acc : 	 0.7425428368986374
Mean IoU : 	 0.430854626555941
Test:	Time 0.074 (0.182)	Loss 0.0810 (0.0752)	
learning rate = 0.001000
Epoch: [33][0/34]	Time 0.177 (0.380)	Data 0.048 (0.050)	Loss 0.0792 (0.1253)	
Epoch: [33][10/34]	Time 0.368 (0.380)	Data 0.049 (0.050)	Loss 0.0653 (0.1247)	
Epoch: [33][20/34]	Time 0.369 (0.379)	Data 0.049 (0.050)	Loss 0.0590 (0.1243)	
Epoch: [33][30/34]	Time 0.364 (0.379)	Data 0.049 (0.050)	Loss 0.0470 (0.1239)	
Test: [0/9]	Time 0.260 (0.260)	Loss 0.0575 (0.0575)	Prec@1 0.000 (0.000)	Prec@5 0.000 (0.000)
Overall Acc: 	 0.8622414887841068
Mean Acc : 	 0.5
FreqW Acc : 	 0.7434603849806329
Mean IoU : 	 0.4311207443920534
Test:	Time 0.077 (0.181)	Loss 0.0324 (0.0623)	
learning rate = 0.001000
Epoch: [34][0/34]	Time 0.178 (0.379)	Data 0.050 (0.050)	Loss 0.1146 (0.1237)	
Epoch: [34][10/34]	Time 0.369 (0.379)	Data 0.049 (0.050)	Loss 0.0491 (0.1232)	
Epoch: [34][20/34]	Time 0.368 (0.379)	Data 0.049 (0.050)	Loss 0.0472 (0.1227)	
Epoch: [34][30/34]	Time 0.371 (0.379)	Data 0.049 (0.050)	Loss 0.1428 (0.1223)	
Test: [0/9]	Time 0.269 (0.269)	Loss 0.0825 (0.0825)	Prec@1 0.000 (0.000)	Prec@5 0.000 (0.000)
Overall Acc: 	 0.861969677369986
Mean Acc : 	 0.5
FreqW Acc : 	 0.7429917247053177
Mean IoU : 	 0.430984838684993
Test:	Time 0.074 (0.182)	Loss 0.0400 (0.0666)	
learning rate = 0.001000
Epoch: [35][0/34]	Time 0.176 (0.379)	Data 0.048 (0.050)	Loss 0.0748 (0.1222)	
Epoch: [35][10/34]	Time 0.369 (0.379)	Data 0.049 (0.050)	Loss 0.0640 (0.1217)	
Epoch: [35][20/34]	Time 0.367 (0.378)	Data 0.049 (0.050)	Loss 0.0431 (0.1213)	
Epoch: [35][30/34]	Time 0.369 (0.378)	Data 0.049 (0.050)	Loss 0.0868 (0.1209)	
Test: [0/9]	Time 0.272 (0.272)	Loss 0.0715 (0.0715)	Prec@1 0.000 (0.000)	Prec@5 0.000 (0.000)
Overall Acc: 	 0.8620875344347598
Mean Acc : 	 0.5
FreqW Acc : 	 0.7431949170278032
Mean IoU : 	 0.4310437672173799
Test:	Time 0.075 (0.182)	Loss 0.0669 (0.0652)	
learning rate = 0.001000
Epoch: [36][0/34]	Time 0.176 (0.378)	Data 0.048 (0.050)	Loss 0.0747 (0.1207)	
Epoch: [36][10/34]	Time 0.369 (0.378)	Data 0.049 (0.050)	Loss 0.0479 (0.1203)	
Epoch: [36][20/34]	Time 0.371 (0.378)	Data 0.049 (0.050)	Loss 0.0661 (0.1200)	
Epoch: [36][30/34]	Time 0.368 (0.378)	Data 0.049 (0.050)	Loss 0.0869 (0.1195)	
Test: [0/9]	Time 0.269 (0.269)	Loss 0.1539 (0.1539)	Prec@1 0.000 (0.000)	Prec@5 0.000 (0.000)
Overall Acc: 	 0.8621079174440298
Mean Acc : 	 0.5
FreqW Acc : 	 0.7432300613196822
Mean IoU : 	 0.4310539587220149
Test:	Time 0.074 (0.181)	Loss 0.0200 (0.0749)	
learning rate = 0.001000
Epoch: [37][0/34]	Time 0.176 (0.378)	Data 0.049 (0.050)	Loss 0.0744 (0.1194)	
Epoch: [37][10/34]	Time 0.369 (0.378)	Data 0.049 (0.050)	Loss 0.0645 (0.1191)	
Epoch: [37][20/34]	Time 0.366 (0.378)	Data 0.049 (0.050)	Loss 0.0641 (0.1188)	
Epoch: [37][30/34]	Time 0.365 (0.377)	Data 0.049 (0.050)	Loss 0.0846 (0.1184)	
Test: [0/9]	Time 0.267 (0.267)	Loss 0.0443 (0.0443)	Prec@1 0.000 (0.000)	Prec@5 0.000 (0.000)
Overall Acc: 	 0.862137182434993
Mean Acc : 	 0.5
FreqW Acc : 	 0.7432805213369484
Mean IoU : 	 0.4310685912174965
Test:	Time 0.075 (0.186)	Loss 0.0711 (0.0623)	
learning rate = 0.001000
Epoch: [38][0/34]	Time 0.177 (0.377)	Data 0.048 (0.050)	Loss 0.0680 (0.1183)	
Epoch: [38][10/34]	Time 0.370 (0.377)	Data 0.049 (0.050)	Loss 0.1275 (0.1180)	
Epoch: [38][20/34]	Time 0.368 (0.377)	Data 0.049 (0.050)	Loss 0.0803 (0.1176)	
Epoch: [38][30/34]	Time 0.369 (0.377)	Data 0.048 (0.050)	Loss 0.0495 (0.1176)	
Test: [0/9]	Time 0.270 (0.270)	Loss 0.0401 (0.0401)	Prec@1 0.000 (0.000)	Prec@5 0.000 (0.000)
Overall Acc: 	 0.8624694596475629
Mean Acc : 	 0.5
FreqW Acc : 	 0.7438535688247592
Mean IoU : 	 0.43123472982378147
Test:	Time 0.077 (0.182)	Loss 0.0650 (0.0950)	
learning rate = 0.001000
Epoch: [39][0/34]	Time 0.177 (0.377)	Data 0.049 (0.050)	Loss 0.0921 (0.1175)	
Epoch: [39][10/34]	Time 0.368 (0.377)	Data 0.049 (0.050)	Loss 0.0800 (0.1173)	
Epoch: [39][20/34]	Time 0.368 (0.377)	Data 0.048 (0.050)	Loss 0.0559 (0.1171)	
Epoch: [39][30/34]	Time 0.368 (0.377)	Data 0.049 (0.050)	Loss 0.0679 (0.1168)	
Test: [0/9]	Time 0.272 (0.272)	Loss 0.0606 (0.0606)	Prec@1 0.000 (0.000)	Prec@5 0.000 (0.000)
Overall Acc: 	 0.8624432691887244
Mean Acc : 	 0.5
FreqW Acc : 	 0.7438083925689345
Mean IoU : 	 0.4312216345943622
Test:	Time 0.073 (0.182)	Loss 0.0193 (0.0657)	
learning rate = 0.001000
Epoch: [40][0/34]	Time 0.177 (0.376)	Data 0.049 (0.050)	Loss 0.0943 (0.1167)	
Epoch: [40][10/34]	Time 0.367 (0.376)	Data 0.049 (0.050)	Loss 0.0756 (0.1164)	
Epoch: [40][20/34]	Time 0.368 (0.376)	Data 0.049 (0.050)	Loss 0.1202 (0.1161)	
Epoch: [40][30/34]	Time 0.369 (0.376)	Data 0.050 (0.050)	Loss 0.0751 (0.1158)	
Test: [0/9]	Time 0.268 (0.268)	Loss 0.0539 (0.0539)	Prec@1 0.000 (0.000)	Prec@5 0.000 (0.000)
Overall Acc: 	 0.862868921080632
Mean Acc : 	 0.5
FreqW Acc : 	 0.7445427749668538
Mean IoU : 	 0.431434460540316
Test:	Time 0.074 (0.182)	Loss 0.0428 (0.0695)	
learning rate = 0.001000
Epoch: [41][0/34]	Time 0.176 (0.376)	Data 0.048 (0.049)	Loss 0.0679 (0.1156)	
Epoch: [41][10/34]	Time 0.367 (0.376)	Data 0.049 (0.050)	Loss 0.0815 (0.1154)	
Epoch: [41][20/34]	Time 0.368 (0.376)	Data 0.049 (0.050)	Loss 0.0784 (0.1152)	
Epoch: [41][30/34]	Time 0.367 (0.376)	Data 0.048 (0.050)	Loss 0.0924 (0.1148)	
Test: [0/9]	Time 0.266 (0.266)	Loss 0.0824 (0.0824)	Prec@1 0.000 (0.000)	Prec@5 0.000 (0.000)
Overall Acc: 	 0.8618595635713037
Mean Acc : 	 0.5
FreqW Acc : 	 0.742801907319318
Mean IoU : 	 0.43092978178565183
Test:	Time 0.074 (0.182)	Loss 0.0736 (0.0659)	
learning rate = 0.001000
Epoch: [42][0/34]	Time 0.177 (0.376)	Data 0.049 (0.050)	Loss 0.0663 (0.1147)	
Epoch: [42][10/34]	Time 0.366 (0.376)	Data 0.049 (0.050)	Loss 0.0777 (0.1145)	
Epoch: [42][20/34]	Time 0.368 (0.376)	Data 0.049 (0.050)	Loss 0.0464 (0.1142)	
Epoch: [42][30/34]	Time 0.369 (0.376)	Data 0.049 (0.050)	Loss 0.0958 (0.1139)	
Test: [0/9]	Time 0.265 (0.265)	Loss 0.0905 (0.0905)	Prec@1 0.000 (0.000)	Prec@5 0.000 (0.000)
Overall Acc: 	 0.8627923993921992
Mean Acc : 	 0.5
FreqW Acc : 	 0.7444107244489482
Mean IoU : 	 0.4313961996960996
Test:	Time 0.074 (0.181)	Loss 0.0367 (0.0632)	
learning rate = 0.001000
Epoch: [43][0/34]	Time 0.176 (0.375)	Data 0.048 (0.050)	Loss 0.0402 (0.1138)	
Epoch: [43][10/34]	Time 0.369 (0.375)	Data 0.049 (0.050)	Loss 0.0680 (0.1135)	
Epoch: [43][20/34]	Time 0.371 (0.375)	Data 0.050 (0.050)	Loss 0.0635 (0.1132)	
Epoch: [43][30/34]	Time 0.371 (0.375)	Data 0.048 (0.050)	Loss 0.0786 (0.1129)	
Test: [0/9]	Time 0.279 (0.279)	Loss 0.0591 (0.0591)	Prec@1 0.000 (0.000)	Prec@5 0.000 (0.000)
Overall Acc: 	 0.8628514987319263
Mean Acc : 	 0.5
FreqW Acc : 	 0.7445127088639315
Mean IoU : 	 0.4314257493659632
Test:	Time 0.074 (0.183)	Loss 0.0490 (0.0698)	
learning rate = 0.001000
Epoch: [44][0/34]	Time 0.181 (0.375)	Data 0.049 (0.050)	Loss 0.0692 (0.1128)	
Epoch: [44][10/34]	Time 0.369 (0.375)	Data 0.049 (0.050)	Loss 0.1053 (0.1125)	
Epoch: [44][20/34]	Time 0.371 (0.375)	Data 0.049 (0.050)	Loss 0.0567 (0.1123)	
Epoch: [44][30/34]	Time 0.370 (0.375)	Data 0.048 (0.050)	Loss 0.0604 (0.1120)	
Test: [0/9]	Time 0.269 (0.269)	Loss 0.0543 (0.0543)	Prec@1 0.000 (0.000)	Prec@5 0.000 (0.000)
Overall Acc: 	 0.8624215197207322
Mean Acc : 	 0.5
FreqW Acc : 	 0.7437708776774173
Mean IoU : 	 0.4312107598603661
Test:	Time 0.074 (0.182)	Loss 0.0291 (0.0649)	
learning rate = 0.001000
Epoch: [45][0/34]	Time 0.178 (0.375)	Data 0.049 (0.050)	Loss 0.0504 (0.1119)	
Epoch: [45][10/34]	Time 0.370 (0.375)	Data 0.049 (0.050)	Loss 0.0550 (0.1117)	
Epoch: [45][20/34]	Time 0.368 (0.375)	Data 0.048 (0.050)	Loss 0.0649 (0.1114)	
Epoch: [45][30/34]	Time 0.367 (0.375)	Data 0.049 (0.050)	Loss 0.0630 (0.1111)	
Test: [0/9]	Time 0.271 (0.271)	Loss 0.0419 (0.0419)	Prec@1 0.000 (0.000)	Prec@5 0.000 (0.000)
Overall Acc: 	 0.8620533729667095
Mean Acc : 	 0.5
FreqW Acc : 	 0.7431360178432808
Mean IoU : 	 0.43102668648335474
Test:	Time 0.078 (0.183)	Loss 0.0583 (0.0599)	
learning rate = 0.001000
Epoch: [46][0/34]	Time 0.175 (0.374)	Data 0.048 (0.050)	Loss 0.0963 (0.1110)	
Epoch: [46][10/34]	Time 0.367 (0.374)	Data 0.048 (0.049)	Loss 0.0504 (0.1108)	
Epoch: [46][20/34]	Time 0.368 (0.374)	Data 0.049 (0.049)	Loss 0.0615 (0.1105)	
Epoch: [46][30/34]	Time 0.369 (0.374)	Data 0.049 (0.049)	Loss 0.0575 (0.1102)	
Test: [0/9]	Time 0.271 (0.271)	Loss 0.0629 (0.0629)	Prec@1 0.000 (0.000)	Prec@5 0.000 (0.000)
Overall Acc: 	 0.8619955262141441
Mean Acc : 	 0.5
FreqW Acc : 	 0.7430362872131991
Mean IoU : 	 0.43099776310707205
Test:	Time 0.075 (0.182)	Loss 0.0637 (0.0626)	
learning rate = 0.001000
Epoch: [47][0/34]	Time 0.178 (0.374)	Data 0.048 (0.049)	Loss 0.0873 (0.1101)	
Epoch: [47][10/34]	Time 0.367 (0.374)	Data 0.049 (0.049)	Loss 0.0631 (0.1098)	
Epoch: [47][20/34]	Time 0.369 (0.374)	Data 0.049 (0.049)	Loss 0.0670 (0.1096)	
Epoch: [47][30/34]	Time 0.368 (0.374)	Data 0.049 (0.049)	Loss 0.0553 (0.1093)	
Test: [0/9]	Time 0.270 (0.270)	Loss 0.0659 (0.0659)	Prec@1 0.000 (0.000)	Prec@5 0.000 (0.000)
Overall Acc: 	 0.8619971204159865
Mean Acc : 	 0.5
FreqW Acc : 	 0.7430390356054528
Mean IoU : 	 0.43099856020799326
Test:	Time 0.076 (0.183)	Loss 0.0701 (0.0626)	
learning rate = 0.001000
Epoch: [48][0/34]	Time 0.178 (0.374)	Data 0.048 (0.049)	Loss 0.0869 (0.1093)	
Epoch: [48][10/34]	Time 0.369 (0.374)	Data 0.050 (0.049)	Loss 0.0662 (0.1089)	
Epoch: [48][20/34]	Time 0.368 (0.374)	Data 0.049 (0.049)	Loss 0.0674 (0.1087)	
Epoch: [48][30/34]	Time 0.370 (0.374)	Data 0.049 (0.049)	Loss 0.0717 (0.1085)	
Test: [0/9]	Time 0.269 (0.269)	Loss 0.0545 (0.0545)	Prec@1 0.000 (0.000)	Prec@5 0.000 (0.000)
Overall Acc: 	 0.8619580624708488
Mean Acc : 	 0.5
FreqW Acc : 	 0.7429717014584998
Mean IoU : 	 0.4309790312354244
Test:	Time 0.076 (0.182)	Loss 0.0454 (0.0693)	
learning rate = 0.001000
Epoch: [49][0/34]	Time 0.177 (0.374)	Data 0.048 (0.049)	Loss 0.0601 (0.1084)	
Epoch: [49][10/34]	Time 0.369 (0.374)	Data 0.049 (0.049)	Loss 0.0481 (0.1082)	
Epoch: [49][20/34]	Time 0.368 (0.374)	Data 0.050 (0.049)	Loss 0.0884 (0.1080)	
Epoch: [49][30/34]	Time 0.367 (0.374)	Data 0.049 (0.049)	Loss 0.0537 (0.1078)	
Test: [0/9]	Time 0.268 (0.268)	Loss 0.0495 (0.0495)	Prec@1 0.000 (0.000)	Prec@5 0.000 (0.000)
Overall Acc: 	 0.8622840767476097
Mean Acc : 	 0.5
FreqW Acc : 	 0.7435338290124776
Mean IoU : 	 0.4311420383738048
Test:	Time 0.074 (0.182)	Loss 0.1008 (0.0645)	
