start training
learning rate = 0.000100
Epoch: [0][0/34]	Time 9.632 (9.632)	Data 0.062 (0.062)	Loss 0.7865 (0.7865)	
Epoch: [0][10/34]	Time 0.557 (1.358)	Data 0.048 (0.052)	Loss 0.5933 (0.7564)	
Epoch: [0][20/34]	Time 0.557 (0.978)	Data 0.049 (0.050)	Loss 0.3969 (0.6510)	
Epoch: [0][30/34]	Time 0.562 (0.842)	Data 0.050 (0.050)	Loss 0.2789 (0.5382)	
Test: [0/9]	Time 0.223 (0.223)	Loss 0.1832 (0.1832)	Prec@1 0.000 (0.000)	Prec@5 0.000 (0.000)
Overall Acc: 	 0.8550124666584071
Mean Acc : 	 0.5
FreqW Acc : 	 0.7310463181412937
Mean IoU : 	 0.42750623332920357
* Test:	Time 2.481 (0.481)	Loss 0.2424 (0.2138)	
learning rate = 0.000100
Epoch: [1][0/34]	Time 0.393 (1.006)	Data 0.050 (0.049)	Loss 0.1758 (0.5027)	
Epoch: [1][10/34]	Time 0.561 (0.906)	Data 0.048 (0.049)	Loss 0.1537 (0.4353)	
Epoch: [1][20/34]	Time 0.561 (0.842)	Data 0.050 (0.049)	Loss 0.1268 (0.3846)	
Epoch: [1][30/34]	Time 0.559 (0.799)	Data 0.049 (0.049)	Loss 0.1398 (0.3506)	
Test: [0/9]	Time 0.227 (0.227)	Loss 0.0958 (0.0958)	Prec@1 0.000 (0.000)	Prec@5 0.000 (0.000)
Overall Acc: 	 0.8543873117930854
Mean Acc : 	 0.5
FreqW Acc : 	 0.7299776785530149
Mean IoU : 	 0.4271936558965427
* Test:	Time 0.095 (0.215)	Loss 0.1848 (0.1402)	
learning rate = 0.000100
Epoch: [2][0/34]	Time 0.218 (0.786)	Data 0.049 (0.061)	Loss 0.1431 (0.3395)	
Epoch: [2][10/34]	Time 0.558 (0.757)	Data 0.049 (0.059)	Loss 0.1240 (0.3137)	
Epoch: [2][20/34]	Time 0.552 (0.735)	Data 0.049 (0.058)	Loss 0.1779 (0.2938)	
Epoch: [2][30/34]	Time 0.560 (0.717)	Data 0.048 (0.057)	Loss 0.1164 (0.2793)	
Test: [0/9]	Time 0.224 (0.224)	Loss 0.1399 (0.1399)	Prec@1 0.000 (0.000)	Prec@5 0.000 (0.000)
Overall Acc: 	 0.8551691539251982
Mean Acc : 	 0.5
FreqW Acc : 	 0.7313142818251394
Mean IoU : 	 0.4275845769625991
* Test:	Time 0.092 (0.215)	Loss 0.1764 (0.1535)	
learning rate = 0.000100
Epoch: [3][0/34]	Time 0.219 (0.707)	Data 0.049 (0.056)	Loss 0.1202 (0.2740)	
Epoch: [3][10/34]	Time 0.559 (0.694)	Data 0.049 (0.056)	Loss 0.1163 (0.2617)	
Epoch: [3][20/34]	Time 0.557 (0.683)	Data 0.050 (0.058)	Loss 0.1080 (0.2508)	
Epoch: [3][30/34]	Time 0.553 (0.674)	Data 0.049 (0.058)	Loss 0.1774 (0.2404)	
Test: [0/9]	Time 0.224 (0.224)	Loss 0.1077 (0.1077)	Prec@1 0.000 (0.000)	Prec@5 0.000 (0.000)
Overall Acc: 	 0.8554739880917678
Mean Acc : 	 0.5
FreqW Acc : 	 0.731835744301634
Mean IoU : 	 0.4277369940458839
* Test:	Time 0.096 (0.215)	Loss 0.1270 (0.1216)	
learning rate = 0.000100
Epoch: [4][0/34]	Time 0.219 (0.667)	Data 0.050 (0.057)	Loss 0.0768 (0.2367)	
Epoch: [4][10/34]	Time 0.557 (0.660)	Data 0.049 (0.057)	Loss 0.0966 (0.2270)	
Epoch: [4][20/34]	Time 0.557 (0.653)	Data 0.049 (0.056)	Loss 0.1068 (0.2195)	
Epoch: [4][30/34]	Time 0.562 (0.648)	Data 0.048 (0.056)	Loss 0.0890 (0.2115)	
Test: [0/9]	Time 0.225 (0.225)	Loss 0.0992 (0.0992)	Prec@1 0.000 (0.000)	Prec@5 0.000 (0.000)
Overall Acc: 	 0.854941752419543
Mean Acc : 	 0.5
FreqW Acc : 	 0.7309254000301991
Mean IoU : 	 0.4274708762097715
* Test:	Time 0.094 (0.214)	Loss 0.1455 (0.1046)	
learning rate = 0.000100
Epoch: [5][0/34]	Time 0.219 (0.643)	Data 0.048 (0.055)	Loss 0.0794 (0.2095)	
Epoch: [5][10/34]	Time 0.561 (0.639)	Data 0.048 (0.055)	Loss 0.1098 (0.2029)	
Epoch: [5][20/34]	Time 0.560 (0.635)	Data 0.049 (0.055)	Loss 0.1000 (0.1981)	
Epoch: [5][30/34]	Time 0.556 (0.631)	Data 0.050 (0.054)	Loss 0.1927 (0.1935)	
Test: [0/9]	Time 0.226 (0.226)	Loss 0.0800 (0.0800)	Prec@1 0.000 (0.000)	Prec@5 0.000 (0.000)
Overall Acc: 	 0.8548911934468284
Mean Acc : 	 0.5
FreqW Acc : 	 0.7308389526329426
Mean IoU : 	 0.4274455967234142
* Test:	Time 0.108 (0.217)	Loss 0.1538 (0.1163)	
learning rate = 0.000100
Epoch: [6][0/34]	Time 0.220 (0.627)	Data 0.049 (0.054)	Loss 0.0915 (0.1916)	
Epoch: [6][10/34]	Time 0.557 (0.624)	Data 0.049 (0.054)	Loss 0.0652 (0.1870)	
Epoch: [6][20/34]	Time 0.556 (0.621)	Data 0.049 (0.054)	Loss 0.0787 (0.1840)	
Epoch: [6][30/34]	Time 0.560 (0.619)	Data 0.048 (0.054)	Loss 0.1300 (0.1841)	
Test: [0/9]	Time 0.224 (0.224)	Loss 0.1355 (0.1355)	Prec@1 0.000 (0.000)	Prec@5 0.000 (0.000)
Overall Acc: 	 0.8542605727466185
Mean Acc : 	 0.5
FreqW Acc : 	 0.7297611261493806
Mean IoU : 	 0.42713028637330924
* Test:	Time 0.093 (0.217)	Loss 0.2134 (0.1388)	
learning rate = 0.000100
Epoch: [7][0/34]	Time 0.219 (0.616)	Data 0.049 (0.053)	Loss 0.1500 (0.1838)	
Epoch: [7][10/34]	Time 0.559 (0.614)	Data 0.049 (0.053)	Loss 0.0855 (0.1810)	
Epoch: [7][20/34]	Time 0.559 (0.612)	Data 0.050 (0.053)	Loss 0.0931 (0.1786)	
Epoch: [7][30/34]	Time 0.555 (0.610)	Data 0.049 (0.053)	Loss 0.1242 (0.1754)	
Test: [0/9]	Time 0.223 (0.223)	Loss 0.2479 (0.2479)	Prec@1 0.000 (0.000)	Prec@5 0.000 (0.000)
Overall Acc: 	 0.8543216079028685
Mean Acc : 	 0.5
FreqW Acc : 	 0.7298654097297426
Mean IoU : 	 0.42716080395143424
* Test:	Time 0.095 (0.217)	Loss 0.1716 (0.1446)	
learning rate = 0.000100
Epoch: [8][0/34]	Time 0.220 (0.607)	Data 0.049 (0.053)	Loss 0.0658 (0.1742)	
Epoch: [8][10/34]	Time 0.561 (0.606)	Data 0.049 (0.053)	Loss 0.0661 (0.1717)	
Epoch: [8][20/34]	Time 0.559 (0.604)	Data 0.048 (0.053)	Loss 0.0973 (0.1690)	
Epoch: [8][30/34]	Time 0.567 (0.603)	Data 0.049 (0.052)	Loss 0.0892 (0.1663)	
Test: [0/9]	Time 0.224 (0.224)	Loss 0.0582 (0.0582)	Prec@1 0.000 (0.000)	Prec@5 0.000 (0.000)
Overall Acc: 	 0.8543856037196829
Mean Acc : 	 0.5
FreqW Acc : 	 0.729974759843447
Mean IoU : 	 0.42719280185984143
* Test:	Time 0.093 (0.215)	Loss 0.1192 (0.0999)	
learning rate = 0.000100
Epoch: [9][0/34]	Time 0.221 (0.601)	Data 0.049 (0.052)	Loss 0.0936 (0.1653)	
Epoch: [9][10/34]	Time 0.559 (0.600)	Data 0.049 (0.052)	Loss 0.0806 (0.1629)	
Epoch: [9][20/34]	Time 0.559 (0.598)	Data 0.049 (0.052)	Loss 0.0662 (0.1603)	
Epoch: [9][30/34]	Time 0.556 (0.597)	Data 0.049 (0.052)	Loss 0.1112 (0.1580)	
Test: [0/9]	Time 0.223 (0.223)	Loss 0.0757 (0.0757)	Prec@1 0.000 (0.000)	Prec@5 0.000 (0.000)
Overall Acc: 	 0.8547692370058885
Mean Acc : 	 0.5
FreqW Acc : 	 0.7306304485316287
Mean IoU : 	 0.42738461850294424
* Test:	Time 0.095 (0.218)	Loss 0.1147 (0.0924)	
learning rate = 0.000100
Epoch: [10][0/34]	Time 0.220 (0.596)	Data 0.049 (0.052)	Loss 0.1043 (0.1572)	
Epoch: [10][10/34]	Time 0.563 (0.594)	Data 0.050 (0.052)	Loss 0.0582 (0.1552)	
Epoch: [10][20/34]	Time 0.554 (0.593)	Data 0.049 (0.052)	Loss 0.1080 (0.1531)	
Epoch: [10][30/34]	Time 0.564 (0.593)	Data 0.049 (0.052)	Loss 0.0465 (0.1510)	
Test: [0/9]	Time 0.226 (0.226)	Loss 0.0765 (0.0765)	Prec@1 0.000 (0.000)	Prec@5 0.000 (0.000)
Overall Acc: 	 0.8549687399793027
Mean Acc : 	 0.5
FreqW Acc : 	 0.7309715463417965
Mean IoU : 	 0.42748436998965134
* Test:	Time 0.092 (0.215)	Loss 0.0612 (0.0880)	
learning rate = 0.000100
Epoch: [11][0/34]	Time 0.217 (0.591)	Data 0.048 (0.052)	Loss 0.0501 (0.1501)	
Epoch: [11][10/34]	Time 0.561 (0.590)	Data 0.049 (0.052)	Loss 0.0781 (0.1481)	
Epoch: [11][20/34]	Time 0.562 (0.590)	Data 0.049 (0.052)	Loss 0.0831 (0.1464)	
Epoch: [11][30/34]	Time 0.563 (0.589)	Data 0.050 (0.052)	Loss 0.1063 (0.1448)	
Test: [0/9]	Time 0.226 (0.226)	Loss 0.1072 (0.1072)	Prec@1 0.000 (0.000)	Prec@5 0.000 (0.000)
Overall Acc: 	 0.8547175393175723
Mean Acc : 	 0.5
FreqW Acc : 	 0.7305420720170858
Mean IoU : 	 0.42735876965878616
* Test:	Time 0.092 (0.215)	Loss 0.0443 (0.0895)	
learning rate = 0.000100
Epoch: [12][0/34]	Time 0.220 (0.588)	Data 0.049 (0.052)	Loss 0.0918 (0.1442)	
Epoch: [12][10/34]	Time 0.563 (0.587)	Data 0.049 (0.052)	Loss 0.0660 (0.1425)	
Epoch: [12][20/34]	Time 0.559 (0.586)	Data 0.049 (0.052)	Loss 0.0954 (0.1410)	
Epoch: [12][30/34]	Time 0.558 (0.586)	Data 0.049 (0.052)	Loss 0.0731 (0.1396)	
Test: [0/9]	Time 0.224 (0.224)	Loss 0.0465 (0.0465)	Prec@1 0.000 (0.000)	Prec@5 0.000 (0.000)
Overall Acc: 	 0.8544862661788712
Mean Acc : 	 0.5
FreqW Acc : 	 0.7301467790883088
Mean IoU : 	 0.4272431330894356
* Test:	Time 0.095 (0.215)	Loss 0.0842 (0.0846)	
learning rate = 0.000100
Epoch: [13][0/34]	Time 0.221 (0.584)	Data 0.049 (0.052)	Loss 0.0920 (0.1391)	
Epoch: [13][10/34]	Time 0.560 (0.584)	Data 0.049 (0.052)	Loss 0.0653 (0.1376)	
Epoch: [13][20/34]	Time 0.557 (0.583)	Data 0.050 (0.052)	Loss 0.0709 (0.1363)	
Epoch: [13][30/34]	Time 0.556 (0.583)	Data 0.050 (0.052)	Loss 0.0691 (0.1348)	
Test: [0/9]	Time 0.225 (0.225)	Loss 0.0879 (0.0879)	Prec@1 0.000 (0.000)	Prec@5 0.000 (0.000)
Overall Acc: 	 0.8558309754328941
Mean Acc : 	 0.5
FreqW Acc : 	 0.732446658510419
Mean IoU : 	 0.42791548771644705
* Test:	Time 0.093 (0.214)	Loss 0.0504 (0.0883)	
learning rate = 0.000100
Epoch: [14][0/34]	Time 0.219 (0.582)	Data 0.049 (0.052)	Loss 0.0611 (0.1343)	
Epoch: [14][10/34]	Time 0.563 (0.581)	Data 0.050 (0.052)	Loss 0.0449 (0.1330)	
Epoch: [14][20/34]	Time 0.558 (0.581)	Data 0.049 (0.052)	Loss 0.0963 (0.1319)	
Epoch: [14][30/34]	Time 0.564 (0.581)	Data 0.049 (0.052)	Loss 0.1145 (0.1307)	
Test: [0/9]	Time 0.224 (0.224)	Loss 0.0771 (0.0771)	Prec@1 0.000 (0.000)	Prec@5 0.000 (0.000)
Overall Acc: 	 0.8544646305824394
Mean Acc : 	 0.5
FreqW Acc : 	 0.7301098049163846
Mean IoU : 	 0.4272323152912197
* Test:	Time 0.092 (0.215)	Loss 0.0718 (0.0871)	
learning rate = 0.000100
Epoch: [15][0/34]	Time 0.220 (0.580)	Data 0.048 (0.052)	Loss 0.0756 (0.1304)	
Epoch: [15][10/34]	Time 0.558 (0.579)	Data 0.050 (0.052)	Loss 0.0943 (0.1296)	
Epoch: [15][20/34]	Time 0.560 (0.579)	Data 0.049 (0.051)	Loss 0.1293 (0.1289)	
Epoch: [15][30/34]	Time 0.551 (0.578)	Data 0.049 (0.051)	Loss 0.0857 (0.1280)	
Test: [0/9]	Time 0.224 (0.224)	Loss 0.1214 (0.1214)	Prec@1 0.000 (0.000)	Prec@5 0.000 (0.000)
Overall Acc: 	 0.8548032846023788
Mean Acc : 	 0.5
FreqW Acc : 	 0.7306886553670153
Mean IoU : 	 0.4274016423011894
* Test:	Time 0.092 (0.214)	Loss 0.0754 (0.0965)	
learning rate = 0.000100
Epoch: [16][0/34]	Time 0.221 (0.578)	Data 0.049 (0.051)	Loss 0.0727 (0.1276)	
Epoch: [16][10/34]	Time 0.558 (0.577)	Data 0.049 (0.051)	Loss 0.0995 (0.1267)	
Epoch: [16][20/34]	Time 0.557 (0.577)	Data 0.049 (0.051)	Loss 0.0687 (0.1257)	
Epoch: [16][30/34]	Time 0.565 (0.577)	Data 0.049 (0.051)	Loss 0.0655 (0.1248)	
Test: [0/9]	Time 0.225 (0.225)	Loss 0.0559 (0.0559)	Prec@1 0.000 (0.000)	Prec@5 0.000 (0.000)
Overall Acc: 	 0.8550485639429805
Mean Acc : 	 0.5
FreqW Acc : 	 0.7311080467009531
Mean IoU : 	 0.4275242819714902
* Test:	Time 0.093 (0.216)	Loss 0.0726 (0.0793)	
learning rate = 0.000100
Epoch: [17][0/34]	Time 0.219 (0.576)	Data 0.048 (0.051)	Loss 0.0975 (0.1245)	
Epoch: [17][10/34]	Time 0.566 (0.575)	Data 0.050 (0.051)	Loss 0.0800 (0.1236)	
Epoch: [17][20/34]	Time 0.561 (0.575)	Data 0.049 (0.051)	Loss 0.0622 (0.1227)	
Epoch: [17][30/34]	Time 0.558 (0.575)	Data 0.048 (0.051)	Loss 0.0739 (0.1219)	
Test: [0/9]	Time 0.224 (0.224)	Loss 0.0618 (0.0618)	Prec@1 0.000 (0.000)	Prec@5 0.000 (0.000)
Overall Acc: 	 0.8545518561975279
Mean Acc : 	 0.5
FreqW Acc : 	 0.7302588749306405
Mean IoU : 	 0.42727592809876397
* Test:	Time 0.095 (0.215)	Loss 0.0650 (0.0816)	
learning rate = 0.000100
Epoch: [18][0/34]	Time 0.221 (0.574)	Data 0.049 (0.051)	Loss 0.1080 (0.1217)	
Epoch: [18][10/34]	Time 0.562 (0.574)	Data 0.049 (0.051)	Loss 0.0693 (0.1206)	
Epoch: [18][20/34]	Time 0.558 (0.574)	Data 0.050 (0.051)	Loss 0.0431 (0.1198)	
Epoch: [18][30/34]	Time 0.564 (0.574)	Data 0.049 (0.051)	Loss 0.0846 (0.1193)	
Test: [0/9]	Time 0.224 (0.224)	Loss 0.0607 (0.0607)	Prec@1 0.000 (0.000)	Prec@5 0.000 (0.000)
Overall Acc: 	 0.8544975394633278
Mean Acc : 	 0.5
FreqW Acc : 	 0.7301660449488815
Mean IoU : 	 0.4272487697316639
* Test:	Time 0.093 (0.214)	Loss 0.0622 (0.0826)	
learning rate = 0.000100
Epoch: [19][0/34]	Time 0.220 (0.573)	Data 0.048 (0.051)	Loss 0.0934 (0.1190)	
Epoch: [19][10/34]	Time 0.558 (0.573)	Data 0.049 (0.051)	Loss 0.0859 (0.1184)	
Epoch: [19][20/34]	Time 0.554 (0.572)	Data 0.049 (0.051)	Loss 0.0403 (0.1175)	
Epoch: [19][30/34]	Time 0.561 (0.572)	Data 0.049 (0.051)	Loss 0.0524 (0.1169)	
Test: [0/9]	Time 0.237 (0.237)	Loss 0.1073 (0.1073)	Prec@1 0.000 (0.000)	Prec@5 0.000 (0.000)
Overall Acc: 	 0.8545827153903335
Mean Acc : 	 0.5
FreqW Acc : 	 0.7303116174439157
Mean IoU : 	 0.42729135769516674
* Test:	Time 0.093 (0.215)	Loss 0.0380 (0.0811)	
learning rate = 0.000100
Epoch: [20][0/34]	Time 0.218 (0.572)	Data 0.048 (0.051)	Loss 0.0666 (0.1166)	
Epoch: [20][10/34]	Time 0.555 (0.571)	Data 0.049 (0.051)	Loss 0.0598 (0.1160)	
Epoch: [20][20/34]	Time 0.559 (0.571)	Data 0.050 (0.051)	Loss 0.0623 (0.1151)	
Epoch: [20][30/34]	Time 0.558 (0.571)	Data 0.049 (0.051)	Loss 0.0647 (0.1146)	
Test: [0/9]	Time 0.224 (0.224)	Loss 0.0640 (0.0640)	Prec@1 0.000 (0.000)	Prec@5 0.000 (0.000)
Overall Acc: 	 0.8538925398641558
Mean Acc : 	 0.5
FreqW Acc : 	 0.7291324696356589
Mean IoU : 	 0.4269462699320779
* Test:	Time 0.094 (0.216)	Loss 0.0770 (0.0776)	
learning rate = 0.000100
Epoch: [21][0/34]	Time 0.219 (0.570)	Data 0.048 (0.051)	Loss 0.0610 (0.1143)	
Epoch: [21][10/34]	Time 0.558 (0.570)	Data 0.050 (0.051)	Loss 0.0648 (0.1136)	
Epoch: [21][20/34]	Time 0.559 (0.570)	Data 0.050 (0.051)	Loss 0.0502 (0.1129)	
Epoch: [21][30/34]	Time 0.554 (0.570)	Data 0.050 (0.051)	Loss 0.0802 (0.1124)	
Test: [0/9]	Time 0.224 (0.224)	Loss 0.0794 (0.0794)	Prec@1 0.000 (0.000)	Prec@5 0.000 (0.000)
Overall Acc: 	 0.8550391126034865
Mean Acc : 	 0.5
FreqW Acc : 	 0.7310918840817577
Mean IoU : 	 0.42751955630174326
* Test:	Time 0.094 (0.216)	Loss 0.0945 (0.0798)	
learning rate = 0.000100
Epoch: [22][0/34]	Time 0.219 (0.570)	Data 0.049 (0.051)	Loss 0.0516 (0.1122)	
Epoch: [22][10/34]	Time 0.562 (0.569)	Data 0.048 (0.051)	Loss 0.0535 (0.1115)	
Epoch: [22][20/34]	Time 0.552 (0.569)	Data 0.050 (0.051)	Loss 0.0580 (0.1110)	
Epoch: [22][30/34]	Time 0.559 (0.569)	Data 0.050 (0.051)	Loss 0.0437 (0.1104)	
Test: [0/9]	Time 0.224 (0.224)	Loss 0.0820 (0.0820)	Prec@1 0.000 (0.000)	Prec@5 0.000 (0.000)
Overall Acc: 	 0.8549229636121152
Mean Acc : 	 0.5
FreqW Acc : 	 0.730893273711322
Mean IoU : 	 0.4274614818060576
* Test:	Time 0.092 (0.214)	Loss 0.0903 (0.0830)	
learning rate = 0.000100
Epoch: [23][0/34]	Time 0.219 (0.569)	Data 0.048 (0.051)	Loss 0.0669 (0.1103)	
Epoch: [23][10/34]	Time 0.555 (0.569)	Data 0.051 (0.051)	Loss 0.0540 (0.1097)	
Epoch: [23][20/34]	Time 0.561 (0.568)	Data 0.051 (0.051)	Loss 0.0560 (0.1091)	
Epoch: [23][30/34]	Time 0.557 (0.568)	Data 0.050 (0.051)	Loss 0.0620 (0.1086)	
Test: [0/9]	Time 0.225 (0.225)	Loss 0.1355 (0.1355)	Prec@1 0.000 (0.000)	Prec@5 0.000 (0.000)
Overall Acc: 	 0.8549169284194263
Mean Acc : 	 0.5
FreqW Acc : 	 0.7308829544981066
Mean IoU : 	 0.4274584642097132
* Test:	Time 0.095 (0.217)	Loss 0.0604 (0.0738)	
learning rate = 0.000100
Epoch: [24][0/34]	Time 0.221 (0.568)	Data 0.048 (0.051)	Loss 0.0756 (0.1084)	
Epoch: [24][10/34]	Time 0.558 (0.568)	Data 0.048 (0.051)	Loss 0.0568 (0.1080)	
Epoch: [24][20/34]	Time 0.560 (0.568)	Data 0.049 (0.051)	Loss 0.0443 (0.1074)	
Epoch: [24][30/34]	Time 0.565 (0.567)	Data 0.049 (0.051)	Loss 0.0647 (0.1069)	
Test: [0/9]	Time 0.224 (0.224)	Loss 0.0444 (0.0444)	Prec@1 0.000 (0.000)	Prec@5 0.000 (0.000)
Overall Acc: 	 0.8550831808972714
Mean Acc : 	 0.5
FreqW Acc : 	 0.7311672462533958
Mean IoU : 	 0.4275415904486357
* Test:	Time 0.094 (0.216)	Loss 0.0491 (0.0830)	
learning rate = 0.000100
Epoch: [25][0/34]	Time 0.220 (0.567)	Data 0.048 (0.051)	Loss 0.0658 (0.1067)	
Epoch: [25][10/34]	Time 0.558 (0.567)	Data 0.049 (0.051)	Loss 0.0728 (0.1062)	
Epoch: [25][20/34]	Time 0.553 (0.567)	Data 0.050 (0.052)	Loss 0.0607 (0.1057)	
Epoch: [25][30/34]	Time 0.560 (0.567)	Data 0.049 (0.051)	Loss 0.0461 (0.1053)	
Test: [0/9]	Time 0.224 (0.224)	Loss 0.0674 (0.0674)	Prec@1 0.000 (0.000)	Prec@5 0.000 (0.000)
Overall Acc: 	 0.8544120219216418
Mean Acc : 	 0.5
FreqW Acc : 	 0.730019903204228
Mean IoU : 	 0.4272060109608209
* Test:	Time 0.094 (0.216)	Loss 0.0591 (0.0770)	
learning rate = 0.000100
Epoch: [26][0/34]	Time 0.218 (0.566)	Data 0.048 (0.051)	Loss 0.0346 (0.1051)	
Epoch: [26][10/34]	Time 0.555 (0.566)	Data 0.049 (0.051)	Loss 0.0658 (0.1047)	
Epoch: [26][20/34]	Time 0.561 (0.566)	Data 0.049 (0.051)	Loss 0.0778 (0.1042)	
Epoch: [26][30/34]	Time 0.561 (0.566)	Data 0.050 (0.051)	Loss 0.0704 (0.1039)	
