start training
learning rate = 0.000050
Epoch: [0][0/67]	Time 7.612 (7.612)	Data 0.028 (0.028)	Loss 0.8808 (0.8808)	
Epoch: [0][10/67]	Time 0.326 (0.973)	Data 0.025 (0.027)	Loss 0.5921 (0.8889)	
Epoch: [0][20/67]	Time 0.325 (0.666)	Data 0.025 (0.026)	Loss 0.3428 (0.6762)	
Epoch: [0][30/67]	Time 0.329 (0.556)	Data 0.025 (0.025)	Loss 0.4619 (0.5662)	
Epoch: [0][40/67]	Time 0.327 (0.500)	Data 0.025 (0.025)	Loss 0.1925 (0.4908)	
Epoch: [0][50/67]	Time 0.331 (0.466)	Data 0.025 (0.025)	Loss 0.2393 (0.4416)	
Epoch: [0][60/67]	Time 0.324 (0.443)	Data 0.024 (0.025)	Loss 0.2261 (0.4113)	
Test: [0/17]	Time 0.138 (0.138)	Loss 0.1927 (0.1927)	Prec@1 0.000 (0.000)	Prec@5 0.000 (0.000)
Test: [10/17]	Time 0.124 (0.128)	Loss 0.2526 (0.1848)	Prec@1 0.000 (0.000)	Prec@5 0.000 (0.000)
Overall Acc: 	 0.862167700013118
Mean Acc : 	 0.5
FreqW Acc : 	 0.7433331429459099
Mean IoU : 	 0.431083850006559
* Test:	Time 2.577 (0.271)	Loss 0.1987 (0.1949)	
learning rate = 0.000050
Epoch: [1][0/67]	Time 0.127 (0.428)	Data 0.025 (0.025)	Loss 0.1302 (0.3884)	
Epoch: [1][10/67]	Time 0.327 (0.415)	Data 0.025 (0.025)	Loss 0.1948 (0.3618)	
Epoch: [1][20/67]	Time 0.325 (0.405)	Data 0.025 (0.025)	Loss 0.2177 (0.3490)	
Epoch: [1][30/67]	Time 0.328 (0.397)	Data 0.025 (0.025)	Loss 0.1838 (0.3310)	
Epoch: [1][40/67]	Time 0.325 (0.391)	Data 0.025 (0.025)	Loss 0.1207 (0.3151)	
Epoch: [1][50/67]	Time 0.330 (0.385)	Data 0.025 (0.025)	Loss 0.2078 (0.3027)	
Epoch: [1][60/67]	Time 0.326 (0.381)	Data 0.025 (0.025)	Loss 0.1147 (0.2905)	
Test: [0/17]	Time 0.125 (0.125)	Loss 0.1967 (0.1967)	Prec@1 0.000 (0.000)	Prec@5 0.000 (0.000)
Test: [10/17]	Time 0.123 (0.125)	Loss 0.1791 (0.1471)	Prec@1 0.000 (0.000)	Prec@5 0.000 (0.000)
Overall Acc: 	 0.8629845007142024
Mean Acc : 	 0.5
FreqW Acc : 	 0.7447422484729412
Mean IoU : 	 0.4314922503571012
* Test:	Time 0.094 (0.123)	Loss 0.0624 (0.1338)	
learning rate = 0.000050
Epoch: [2][0/67]	Time 0.125 (0.376)	Data 0.024 (0.025)	Loss 0.1239 (0.2813)	
Epoch: [2][10/67]	Time 0.332 (0.373)	Data 0.025 (0.025)	Loss 0.1105 (0.2715)	
Epoch: [2][20/67]	Time 0.325 (0.370)	Data 0.024 (0.025)	Loss 0.1019 (0.2618)	
Epoch: [2][30/67]	Time 0.329 (0.367)	Data 0.025 (0.025)	Loss 0.1266 (0.2548)	
Epoch: [2][40/67]	Time 0.329 (0.365)	Data 0.025 (0.025)	Loss 0.1036 (0.2464)	
Epoch: [2][50/67]	Time 0.329 (0.363)	Data 0.025 (0.025)	Loss 0.1201 (0.2393)	
Epoch: [2][60/67]	Time 0.330 (0.361)	Data 0.025 (0.025)	Loss 0.1645 (0.2321)	
Test: [0/17]	Time 0.138 (0.138)	Loss 0.1548 (0.1548)	Prec@1 0.000 (0.000)	Prec@5 0.000 (0.000)
Test: [10/17]	Time 0.127 (0.127)	Loss 0.0876 (0.1135)	Prec@1 0.000 (0.000)	Prec@5 0.000 (0.000)
Overall Acc: 	 0.8618101433141908
Mean Acc : 	 0.5
FreqW Acc : 	 0.7427167231192261
Mean IoU : 	 0.4309050716570954
* Test:	Time 0.094 (0.124)	Loss 0.0640 (0.1150)	
learning rate = 0.000050
Epoch: [3][0/67]	Time 0.126 (0.359)	Data 0.024 (0.025)	Loss 0.1006 (0.2281)	
Epoch: [3][10/67]	Time 0.325 (0.357)	Data 0.024 (0.025)	Loss 0.1283 (0.2225)	
Epoch: [3][20/67]	Time 0.330 (0.356)	Data 0.025 (0.025)	Loss 0.0830 (0.2169)	
Epoch: [3][30/67]	Time 0.330 (0.355)	Data 0.025 (0.025)	Loss 0.0961 (0.2133)	
Epoch: [3][40/67]	Time 0.328 (0.354)	Data 0.025 (0.025)	Loss 0.1491 (0.2105)	
Epoch: [3][50/67]	Time 0.325 (0.353)	Data 0.024 (0.025)	Loss 0.1018 (0.2072)	
Epoch: [3][60/67]	Time 0.326 (0.352)	Data 0.025 (0.025)	Loss 0.1211 (0.2033)	
Test: [0/17]	Time 0.126 (0.126)	Loss 0.1794 (0.1794)	Prec@1 0.000 (0.000)	Prec@5 0.000 (0.000)
Test: [10/17]	Time 0.124 (0.125)	Loss 0.0904 (0.1122)	Prec@1 0.000 (0.000)	Prec@5 0.000 (0.000)
Overall Acc: 	 0.8615402677165929
Mean Acc : 	 0.5
FreqW Acc : 	 0.7422516328971785
Mean IoU : 	 0.43077013385829643
* Test:	Time 0.094 (0.123)	Loss 0.0976 (0.1029)	
learning rate = 0.000050
Epoch: [4][0/67]	Time 0.125 (0.350)	Data 0.024 (0.025)	Loss 0.0721 (0.2007)	
Epoch: [4][10/67]	Time 0.329 (0.349)	Data 0.025 (0.025)	Loss 0.0627 (0.1975)	
Epoch: [4][20/67]	Time 0.325 (0.349)	Data 0.024 (0.025)	Loss 0.1268 (0.1940)	
Epoch: [4][30/67]	Time 0.324 (0.348)	Data 0.024 (0.025)	Loss 0.1358 (0.1911)	
Epoch: [4][40/67]	Time 0.326 (0.347)	Data 0.024 (0.025)	Loss 0.0706 (0.1893)	
Epoch: [4][50/67]	Time 0.327 (0.347)	Data 0.024 (0.025)	Loss 0.0970 (0.1869)	
Epoch: [4][60/67]	Time 0.327 (0.346)	Data 0.024 (0.025)	Loss 0.1340 (0.1842)	
Test: [0/17]	Time 0.134 (0.134)	Loss 0.1919 (0.1919)	Prec@1 0.000 (0.000)	Prec@5 0.000 (0.000)
Test: [10/17]	Time 0.125 (0.126)	Loss 0.0706 (0.1040)	Prec@1 0.000 (0.000)	Prec@5 0.000 (0.000)
Overall Acc: 	 0.8620674930401703
Mean Acc : 	 0.5
FreqW Acc : 	 0.743160362556564
Mean IoU : 	 0.43103374652008514
* Test:	Time 0.093 (0.124)	Loss 0.1074 (0.0976)	
learning rate = 0.000050
Epoch: [5][0/67]	Time 0.123 (0.345)	Data 0.024 (0.025)	Loss 0.1088 (0.1821)	
Epoch: [5][10/67]	Time 0.329 (0.344)	Data 0.025 (0.025)	Loss 0.0851 (0.1796)	
Epoch: [5][20/67]	Time 0.322 (0.344)	Data 0.025 (0.025)	Loss 0.1562 (0.1780)	
Epoch: [5][30/67]	Time 0.332 (0.344)	Data 0.024 (0.025)	Loss 0.1083 (0.1761)	
Epoch: [5][40/67]	Time 0.327 (0.343)	Data 0.024 (0.025)	Loss 0.1072 (0.1740)	
Epoch: [5][50/67]	Time 0.325 (0.343)	Data 0.024 (0.025)	Loss 0.1634 (0.1721)	
Epoch: [5][60/67]	Time 0.331 (0.342)	Data 0.024 (0.025)	Loss 0.0979 (0.1702)	
Test: [0/17]	Time 0.126 (0.126)	Loss 0.0771 (0.0771)	Prec@1 0.000 (0.000)	Prec@5 0.000 (0.000)
Test: [10/17]	Time 0.123 (0.125)	Loss 0.1620 (0.1032)	Prec@1 0.000 (0.000)	Prec@5 0.000 (0.000)
Overall Acc: 	 0.8615592842671409
Mean Acc : 	 0.5
FreqW Acc : 	 0.7422844003069081
Mean IoU : 	 0.43077964213357045
* Test:	Time 0.093 (0.123)	Loss 0.1196 (0.0948)	
learning rate = 0.000050
Epoch: [6][0/67]	Time 0.127 (0.341)	Data 0.024 (0.025)	Loss 0.1015 (0.1691)	
Epoch: [6][10/67]	Time 0.328 (0.341)	Data 0.025 (0.025)	Loss 0.0898 (0.1672)	
Epoch: [6][20/67]	Time 0.326 (0.341)	Data 0.025 (0.025)	Loss 0.1039 (0.1661)	
Epoch: [6][30/67]	Time 0.327 (0.340)	Data 0.024 (0.025)	Loss 0.0579 (0.1644)	
Epoch: [6][40/67]	Time 0.329 (0.340)	Data 0.024 (0.025)	Loss 0.0900 (0.1631)	
Epoch: [6][50/67]	Time 0.323 (0.340)	Data 0.024 (0.025)	Loss 0.1228 (0.1615)	
Epoch: [6][60/67]	Time 0.327 (0.340)	Data 0.025 (0.025)	Loss 0.0915 (0.1600)	
Test: [0/17]	Time 0.137 (0.137)	Loss 0.1462 (0.1462)	Prec@1 0.000 (0.000)	Prec@5 0.000 (0.000)
Test: [10/17]	Time 0.126 (0.127)	Loss 0.1391 (0.1093)	Prec@1 0.000 (0.000)	Prec@5 0.000 (0.000)
Overall Acc: 	 0.8611322659165112
Mean Acc : 	 0.5
FreqW Acc : 	 0.7415487794025049
Mean IoU : 	 0.4305661329582556
* Test:	Time 0.094 (0.124)	Loss 0.0641 (0.0980)	
learning rate = 0.000050
Epoch: [7][0/67]	Time 0.126 (0.339)	Data 0.024 (0.025)	Loss 0.0480 (0.1591)	
Epoch: [7][10/67]	Time 0.324 (0.339)	Data 0.025 (0.025)	Loss 0.0970 (0.1586)	
Epoch: [7][20/67]	Time 0.326 (0.338)	Data 0.025 (0.025)	Loss 0.1190 (0.1574)	
Epoch: [7][30/67]	Time 0.322 (0.338)	Data 0.024 (0.025)	Loss 0.0738 (0.1561)	
Epoch: [7][40/67]	Time 0.330 (0.338)	Data 0.024 (0.025)	Loss 0.0903 (0.1547)	
Epoch: [7][50/67]	Time 0.327 (0.338)	Data 0.024 (0.025)	Loss 0.0896 (0.1536)	
Epoch: [7][60/67]	Time 0.326 (0.338)	Data 0.025 (0.025)	Loss 0.0515 (0.1523)	
Test: [0/17]	Time 0.129 (0.129)	Loss 0.0653 (0.0653)	Prec@1 0.000 (0.000)	Prec@5 0.000 (0.000)
Test: [10/17]	Time 0.124 (0.125)	Loss 0.0905 (0.0865)	Prec@1 0.000 (0.000)	Prec@5 0.000 (0.000)
Overall Acc: 	 0.862689914988048
Mean Acc : 	 0.5
FreqW Acc : 	 0.7442338894220856
Mean IoU : 	 0.431344957494024
* Test:	Time 0.092 (0.124)	Loss 0.1098 (0.0837)	
learning rate = 0.000050
Epoch: [8][0/67]	Time 0.125 (0.337)	Data 0.024 (0.025)	Loss 0.0813 (0.1514)	
Epoch: [8][10/67]	Time 0.327 (0.337)	Data 0.025 (0.025)	Loss 0.1067 (0.1498)	
Epoch: [8][20/67]	Time 0.328 (0.337)	Data 0.024 (0.025)	Loss 0.1299 (0.1489)	
Epoch: [8][30/67]	Time 0.326 (0.336)	Data 0.025 (0.025)	Loss 0.0813 (0.1477)	
Epoch: [8][40/67]	Time 0.328 (0.336)	Data 0.025 (0.025)	Loss 0.0519 (0.1469)	
Epoch: [8][50/67]	Time 0.325 (0.336)	Data 0.025 (0.025)	Loss 0.1320 (0.1467)	
Epoch: [8][60/67]	Time 0.328 (0.336)	Data 0.025 (0.025)	Loss 0.1082 (0.1465)	
Test: [0/17]	Time 0.135 (0.135)	Loss 0.0957 (0.0957)	Prec@1 0.000 (0.000)	Prec@5 0.000 (0.000)
Test: [10/17]	Time 0.122 (0.125)	Loss 0.2355 (0.1361)	Prec@1 0.000 (0.000)	Prec@5 0.000 (0.000)
Overall Acc: 	 0.8624835797210237
Mean Acc : 	 0.5
FreqW Acc : 	 0.7438779252883915
Mean IoU : 	 0.43124178986051187
* Test:	Time 0.093 (0.123)	Loss 0.2583 (0.1418)	
learning rate = 0.000050
Epoch: [9][0/67]	Time 0.126 (0.336)	Data 0.024 (0.025)	Loss 0.0630 (0.1462)	
Epoch: [9][10/67]	Time 0.324 (0.335)	Data 0.025 (0.025)	Loss 0.2894 (0.1517)	
Epoch: [9][20/67]	Time 0.327 (0.335)	Data 0.025 (0.025)	Loss 0.2223 (0.1539)	
Epoch: [9][30/67]	Time 0.330 (0.335)	Data 0.024 (0.025)	Loss 0.1571 (0.1551)	
Epoch: [9][40/67]	Time 0.327 (0.335)	Data 0.025 (0.025)	Loss 0.1332 (0.1549)	
Epoch: [9][50/67]	Time 0.327 (0.335)	Data 0.024 (0.025)	Loss 0.1066 (0.1550)	
Epoch: [9][60/67]	Time 0.328 (0.335)	Data 0.025 (0.025)	Loss 0.1249 (0.1546)	
Test: [0/17]	Time 0.123 (0.123)	Loss 0.1075 (0.1075)	Prec@1 0.000 (0.000)	Prec@5 0.000 (0.000)
Test: [10/17]	Time 0.125 (0.125)	Loss 0.2211 (0.1187)	Prec@1 0.000 (0.000)	Prec@5 0.000 (0.000)
Overall Acc: 	 0.8623177827294193
Mean Acc : 	 0.5
FreqW Acc : 	 0.7435919584113819
Mean IoU : 	 0.43115889136470964
* Test:	Time 0.092 (0.123)	Loss 0.1562 (0.1259)	
learning rate = 0.000050
Epoch: [10][0/67]	Time 0.130 (0.334)	Data 0.024 (0.025)	Loss 0.1584 (0.1543)	
Epoch: [10][10/67]	Time 0.326 (0.334)	Data 0.024 (0.025)	Loss 0.0642 (0.1537)	
Epoch: [10][20/67]	Time 0.331 (0.334)	Data 0.024 (0.025)	Loss 0.1100 (0.1532)	
Epoch: [10][30/67]	Time 0.324 (0.334)	Data 0.024 (0.025)	Loss 0.0902 (0.1526)	
Epoch: [10][40/67]	Time 0.326 (0.334)	Data 0.024 (0.025)	Loss 0.1612 (0.1521)	
Epoch: [10][50/67]	Time 0.328 (0.334)	Data 0.025 (0.025)	Loss 0.0934 (0.1514)	
Epoch: [10][60/67]	Time 0.326 (0.334)	Data 0.024 (0.025)	Loss 0.0515 (0.1507)	
Test: [0/17]	Time 0.134 (0.134)	Loss 0.0677 (0.0677)	Prec@1 0.000 (0.000)	Prec@5 0.000 (0.000)
Test: [10/17]	Time 0.126 (0.126)	Loss 0.0771 (0.1006)	Prec@1 0.000 (0.000)	Prec@5 0.000 (0.000)
Overall Acc: 	 0.8616804436071596
Mean Acc : 	 0.5
FreqW Acc : 	 0.7424931868950313
Mean IoU : 	 0.4308402218035798
* Test:	Time 0.094 (0.124)	Loss 0.0856 (0.0941)	
learning rate = 0.000050
Epoch: [11][0/67]	Time 0.123 (0.333)	Data 0.024 (0.025)	Loss 0.1308 (0.1503)	
Epoch: [11][10/67]	Time 0.332 (0.333)	Data 0.025 (0.025)	Loss 0.0893 (0.1494)	
Epoch: [11][20/67]	Time 0.324 (0.333)	Data 0.025 (0.025)	Loss 0.0683 (0.1487)	
Epoch: [11][30/67]	Time 0.333 (0.333)	Data 0.024 (0.025)	Loss 0.0310 (0.1481)	
Epoch: [11][40/67]	Time 0.325 (0.333)	Data 0.025 (0.025)	Loss 0.0977 (0.1476)	
Epoch: [11][50/67]	Time 0.329 (0.333)	Data 0.025 (0.025)	Loss 0.0719 (0.1470)	
Epoch: [11][60/67]	Time 0.324 (0.333)	Data 0.025 (0.025)	Loss 0.0715 (0.1463)	
Test: [0/17]	Time 0.128 (0.128)	Loss 0.0857 (0.0857)	Prec@1 0.000 (0.000)	Prec@5 0.000 (0.000)
Test: [10/17]	Time 0.123 (0.125)	Loss 0.1303 (0.0921)	Prec@1 0.000 (0.000)	Prec@5 0.000 (0.000)
Overall Acc: 	 0.8622813438301655
Mean Acc : 	 0.5
FreqW Acc : 	 0.7435291159175561
Mean IoU : 	 0.43114067191508276
* Test:	Time 0.095 (0.124)	Loss 0.0635 (0.0900)	
learning rate = 0.000050
Epoch: [12][0/67]	Time 0.124 (0.333)	Data 0.024 (0.025)	Loss 0.1023 (0.1457)	
Epoch: [12][10/67]	Time 0.328 (0.333)	Data 0.025 (0.025)	Loss 0.0654 (0.1451)	
Epoch: [12][20/67]	Time 0.324 (0.332)	Data 0.025 (0.025)	Loss 0.0814 (0.1443)	
Epoch: [12][30/67]	Time 0.329 (0.332)	Data 0.024 (0.025)	Loss 0.0497 (0.1435)	
Epoch: [12][40/67]	Time 0.325 (0.332)	Data 0.024 (0.025)	Loss 0.0866 (0.1430)	
Epoch: [12][50/67]	Time 0.326 (0.332)	Data 0.025 (0.025)	Loss 0.0755 (0.1426)	
Epoch: [12][60/67]	Time 0.328 (0.332)	Data 0.024 (0.025)	Loss 0.0754 (0.1420)	
Test: [0/17]	Time 0.136 (0.136)	Loss 0.0739 (0.0739)	Prec@1 0.000 (0.000)	Prec@5 0.000 (0.000)
Test: [10/17]	Time 0.128 (0.126)	Loss 0.0652 (0.0794)	Prec@1 0.000 (0.000)	Prec@5 0.000 (0.000)
Overall Acc: 	 0.8618570583969799
Mean Acc : 	 0.5
FreqW Acc : 	 0.7427975891086952
Mean IoU : 	 0.43092852919848995
* Test:	Time 0.092 (0.124)	Loss 0.0386 (0.0791)	
learning rate = 0.000050
Epoch: [13][0/67]	Time 0.124 (0.332)	Data 0.024 (0.025)	Loss 0.0840 (0.1415)	
Epoch: [13][10/67]	Time 0.327 (0.332)	Data 0.025 (0.025)	Loss 0.0477 (0.1411)	
Epoch: [13][20/67]	Time 0.323 (0.332)	Data 0.025 (0.025)	Loss 0.0881 (0.1404)	
Epoch: [13][30/67]	Time 0.325 (0.332)	Data 0.025 (0.025)	Loss 0.1022 (0.1399)	
Epoch: [13][40/67]	Time 0.325 (0.332)	Data 0.024 (0.025)	Loss 0.0947 (0.1393)	
Epoch: [13][50/67]	Time 0.324 (0.332)	Data 0.024 (0.025)	Loss 0.1022 (0.1387)	
Epoch: [13][60/67]	Time 0.327 (0.332)	Data 0.025 (0.025)	Loss 0.0390 (0.1380)	
Test: [0/17]	Time 0.128 (0.128)	Loss 0.0577 (0.0577)	Prec@1 0.000 (0.000)	Prec@5 0.000 (0.000)
Test: [10/17]	Time 0.124 (0.125)	Loss 0.0882 (0.0804)	Prec@1 0.000 (0.000)	Prec@5 0.000 (0.000)
Overall Acc: 	 0.8621051845265858
Mean Acc : 	 0.5
FreqW Acc : 	 0.7432253491876185
Mean IoU : 	 0.4310525922632929
* Test:	Time 0.094 (0.123)	Loss 0.0458 (0.0776)	
learning rate = 0.000050
Epoch: [14][0/67]	Time 0.127 (0.331)	Data 0.024 (0.025)	Loss 0.0754 (0.1376)	
Epoch: [14][10/67]	Time 0.325 (0.331)	Data 0.025 (0.025)	Loss 0.1414 (0.1370)	
Epoch: [14][20/67]	Time 0.325 (0.331)	Data 0.025 (0.025)	Loss 0.0575 (0.1364)	
Epoch: [14][30/67]	Time 0.324 (0.331)	Data 0.024 (0.025)	Loss 0.0789 (0.1357)	
Epoch: [14][40/67]	Time 0.327 (0.331)	Data 0.025 (0.025)	Loss 0.1544 (0.1354)	
Epoch: [14][50/67]	Time 0.324 (0.331)	Data 0.025 (0.025)	Loss 0.0573 (0.1349)	
Epoch: [14][60/67]	Time 0.331 (0.331)	Data 0.024 (0.025)	Loss 0.0843 (0.1343)	
Test: [0/17]	Time 0.135 (0.135)	Loss 0.0422 (0.0422)	Prec@1 0.000 (0.000)	Prec@5 0.000 (0.000)
Test: [10/17]	Time 0.130 (0.127)	Loss 0.0787 (0.0759)	Prec@1 0.000 (0.000)	Prec@5 0.000 (0.000)
Overall Acc: 	 0.8623801843443913
Mean Acc : 	 0.5
FreqW Acc : 	 0.7436995823498664
Mean IoU : 	 0.43119009217219567
* Test:	Time 0.092 (0.124)	Loss 0.0598 (0.0748)	
learning rate = 0.000050
Epoch: [15][0/67]	Time 0.127 (0.331)	Data 0.024 (0.025)	Loss 0.0633 (0.1338)	
Epoch: [15][10/67]	Time 0.325 (0.331)	Data 0.025 (0.025)	Loss 0.1082 (0.1334)	
Epoch: [15][20/67]	Time 0.328 (0.331)	Data 0.025 (0.025)	Loss 0.0745 (0.1328)	
Epoch: [15][30/67]	Time 0.329 (0.331)	Data 0.025 (0.025)	Loss 0.0400 (0.1323)	
Epoch: [15][40/67]	Time 0.329 (0.331)	Data 0.024 (0.025)	Loss 0.0814 (0.1317)	
Epoch: [15][50/67]	Time 0.328 (0.331)	Data 0.025 (0.025)	Loss 0.1015 (0.1313)	
Epoch: [15][60/67]	Time 0.325 (0.331)	Data 0.025 (0.025)	Loss 0.0535 (0.1309)	
Test: [0/17]	Time 0.127 (0.127)	Loss 0.1124 (0.1124)	Prec@1 0.000 (0.000)	Prec@5 0.000 (0.000)
Test: [10/17]	Time 0.123 (0.125)	Loss 0.0888 (0.0682)	Prec@1 0.000 (0.000)	Prec@5 0.000 (0.000)
Overall Acc: 	 0.8617834973691115
Mean Acc : 	 0.5
FreqW Acc : 	 0.7426707963377375
Mean IoU : 	 0.43089174868455576
* Test:	Time 0.094 (0.123)	Loss 0.0829 (0.0680)	
learning rate = 0.000050
Epoch: [16][0/67]	Time 0.125 (0.330)	Data 0.024 (0.025)	Loss 0.1134 (0.1305)	
Epoch: [16][10/67]	Time 0.327 (0.330)	Data 0.024 (0.025)	Loss 0.0970 (0.1300)	
Epoch: [16][20/67]	Time 0.328 (0.330)	Data 0.025 (0.025)	Loss 0.0809 (0.1296)	
Epoch: [16][30/67]	Time 0.326 (0.330)	Data 0.024 (0.025)	Loss 0.0924 (0.1291)	
Epoch: [16][40/67]	Time 0.324 (0.330)	Data 0.025 (0.025)	Loss 0.0529 (0.1289)	
Epoch: [16][50/67]	Time 0.327 (0.330)	Data 0.025 (0.025)	Loss 0.0909 (0.1284)	
Epoch: [16][60/67]	Time 0.326 (0.330)	Data 0.025 (0.025)	Loss 0.0845 (0.1279)	
Test: [0/17]	Time 0.136 (0.136)	Loss 0.0892 (0.0892)	Prec@1 0.000 (0.000)	Prec@5 0.000 (0.000)
Test: [10/17]	Time 0.122 (0.127)	Loss 0.0734 (0.0731)	Prec@1 0.000 (0.000)	Prec@5 0.000 (0.000)
Overall Acc: 	 0.8625289006019706
Mean Acc : 	 0.5
FreqW Acc : 	 0.7439561043736441
Mean IoU : 	 0.4312644503009853
* Test:	Time 0.100 (0.125)	Loss 0.0895 (0.0732)	
learning rate = 0.000050
Epoch: [17][0/67]	Time 0.125 (0.330)	Data 0.025 (0.025)	Loss 0.0726 (0.1275)	
Epoch: [17][10/67]	Time 0.329 (0.330)	Data 0.025 (0.025)	Loss 0.0462 (0.1270)	
Epoch: [17][20/67]	Time 0.329 (0.330)	Data 0.024 (0.025)	Loss 0.1528 (0.1266)	
Epoch: [17][30/67]	Time 0.327 (0.330)	Data 0.025 (0.025)	Loss 0.0544 (0.1261)	
Epoch: [17][40/67]	Time 0.325 (0.330)	Data 0.025 (0.025)	Loss 0.0678 (0.1258)	
Epoch: [17][50/67]	Time 0.326 (0.330)	Data 0.025 (0.025)	Loss 0.1118 (0.1254)	
Epoch: [17][60/67]	Time 0.326 (0.330)	Data 0.025 (0.025)	Loss 0.0474 (0.1250)	
Test: [0/17]	Time 0.124 (0.124)	Loss 0.0625 (0.0625)	Prec@1 0.000 (0.000)	Prec@5 0.000 (0.000)
Test: [10/17]	Time 0.124 (0.126)	Loss 0.0587 (0.0573)	Prec@1 0.000 (0.000)	Prec@5 0.000 (0.000)
Overall Acc: 	 0.8618063855527053
Mean Acc : 	 0.5
FreqW Acc : 	 0.742710246179418
Mean IoU : 	 0.43090319277635264
* Test:	Time 0.094 (0.124)	Loss 0.0435 (0.0656)	
learning rate = 0.000050
Epoch: [18][0/67]	Time 0.129 (0.330)	Data 0.025 (0.025)	Loss 0.0835 (0.1247)	
Epoch: [18][10/67]	Time 0.323 (0.330)	Data 0.025 (0.025)	Loss 0.0999 (0.1243)	
Epoch: [18][20/67]	Time 0.328 (0.330)	Data 0.025 (0.025)	Loss 0.0743 (0.1240)	
Epoch: [18][30/67]	Time 0.325 (0.330)	Data 0.025 (0.025)	Loss 0.0432 (0.1236)	
Epoch: [18][40/67]	Time 0.331 (0.330)	Data 0.025 (0.025)	Loss 0.1027 (0.1231)	
Epoch: [18][50/67]	Time 0.325 (0.330)	Data 0.025 (0.025)	Loss 0.0557 (0.1227)	
Epoch: [18][60/67]	Time 0.329 (0.330)	Data 0.024 (0.025)	Loss 0.0435 (0.1223)	
Test: [0/17]	Time 0.136 (0.136)	Loss 0.0865 (0.0865)	Prec@1 0.000 (0.000)	Prec@5 0.000 (0.000)
Test: [10/17]	Time 0.124 (0.126)	Loss 0.0381 (0.0648)	Prec@1 0.000 (0.000)	Prec@5 0.000 (0.000)
Overall Acc: 	 0.8622639214814599
Mean Acc : 	 0.5
FreqW Acc : 	 0.7434990702885853
Mean IoU : 	 0.43113196074072996
* Test:	Time 0.094 (0.124)	Loss 0.0506 (0.0678)	
learning rate = 0.000050
Epoch: [19][0/67]	Time 0.126 (0.329)	Data 0.024 (0.025)	Loss 0.0528 (0.1221)	
Epoch: [19][10/67]	Time 0.324 (0.329)	Data 0.024 (0.025)	Loss 0.0552 (0.1217)	
Epoch: [19][20/67]	Time 0.323 (0.329)	Data 0.025 (0.025)	Loss 0.0714 (0.1214)	
Epoch: [19][30/67]	Time 0.329 (0.329)	Data 0.024 (0.025)	Loss 0.0811 (0.1210)	
Epoch: [19][40/67]	Time 0.327 (0.329)	Data 0.024 (0.025)	Loss 0.1043 (0.1207)	
Epoch: [19][50/67]	Time 0.330 (0.329)	Data 0.025 (0.025)	Loss 0.0448 (0.1204)	
Epoch: [19][60/67]	Time 0.326 (0.329)	Data 0.025 (0.025)	Loss 0.0886 (0.1200)	
Test: [0/17]	Time 0.138 (0.138)	Loss 0.0631 (0.0631)	Prec@1 0.000 (0.000)	Prec@5 0.000 (0.000)
Test: [10/17]	Time 0.128 (0.127)	Loss 0.0590 (0.0668)	Prec@1 0.000 (0.000)	Prec@5 0.000 (0.000)
Overall Acc: 	 0.8617672137360075
Mean Acc : 	 0.5
FreqW Acc : 	 0.7426427306703216
Mean IoU : 	 0.43088360686800375
* Test:	Time 0.093 (0.125)	Loss 0.0455 (0.0683)	
learning rate = 0.000050
Epoch: [20][0/67]	Time 0.125 (0.329)	Data 0.024 (0.025)	Loss 0.0923 (0.1198)	
Epoch: [20][10/67]	Time 0.328 (0.329)	Data 0.025 (0.025)	Loss 0.0824 (0.1194)	
Epoch: [20][20/67]	Time 0.327 (0.329)	Data 0.024 (0.025)	Loss 0.0771 (0.1191)	
Epoch: [20][30/67]	Time 0.325 (0.329)	Data 0.025 (0.025)	Loss 0.0505 (0.1187)	
Epoch: [20][40/67]	Time 0.327 (0.329)	Data 0.025 (0.025)	Loss 0.0549 (0.1184)	
Epoch: [20][50/67]	Time 0.325 (0.329)	Data 0.025 (0.025)	Loss 0.0979 (0.1180)	
Epoch: [20][60/67]	Time 0.327 (0.329)	Data 0.025 (0.025)	Loss 0.1377 (0.1177)	
Test: [0/17]	Time 0.122 (0.122)	Loss 0.0687 (0.0687)	Prec@1 0.000 (0.000)	Prec@5 0.000 (0.000)
Test: [10/17]	Time 0.125 (0.125)	Loss 0.0544 (0.0663)	Prec@1 0.000 (0.000)	Prec@5 0.000 (0.000)
Overall Acc: 	 0.861997462030667
Mean Acc : 	 0.5
FreqW Acc : 	 0.7430396245473111
Mean IoU : 	 0.4309987310153335
* Test:	Time 0.093 (0.123)	Loss 0.0684 (0.0660)	
learning rate = 0.000050
Epoch: [21][0/67]	Time 0.126 (0.329)	Data 0.024 (0.025)	Loss 0.0597 (0.1175)	
Epoch: [21][10/67]	Time 0.327 (0.329)	Data 0.025 (0.025)	Loss 0.0823 (0.1171)	
Epoch: [21][20/67]	Time 0.326 (0.329)	Data 0.025 (0.025)	Loss 0.0760 (0.1168)	
Epoch: [21][30/67]	Time 0.328 (0.329)	Data 0.024 (0.025)	Loss 0.0582 (0.1165)	
Epoch: [21][40/67]	Time 0.327 (0.329)	Data 0.025 (0.025)	Loss 0.0632 (0.1162)	
Epoch: [21][50/67]	Time 0.326 (0.329)	Data 0.025 (0.025)	Loss 0.0764 (0.1160)	
Epoch: [21][60/67]	Time 0.334 (0.329)	Data 0.024 (0.025)	Loss 0.0521 (0.1156)	
Test: [0/17]	Time 0.137 (0.137)	Loss 0.0906 (0.0906)	Prec@1 0.000 (0.000)	Prec@5 0.000 (0.000)
Test: [10/17]	Time 0.127 (0.127)	Loss 0.0488 (0.0602)	Prec@1 0.000 (0.000)	Prec@5 0.000 (0.000)
Overall Acc: 	 0.8619584040855294
Mean Acc : 	 0.5
FreqW Acc : 	 0.7429722903736727
Mean IoU : 	 0.4309792020427647
* Test:	Time 0.096 (0.124)	Loss 0.0516 (0.0605)	
learning rate = 0.000050
Epoch: [22][0/67]	Time 0.125 (0.329)	Data 0.025 (0.025)	Loss 0.0609 (0.1154)	
Epoch: [22][10/67]	Time 0.327 (0.329)	Data 0.025 (0.025)	Loss 0.0555 (0.1151)	
Epoch: [22][20/67]	Time 0.331 (0.329)	Data 0.025 (0.025)	Loss 0.0856 (0.1148)	
Epoch: [22][30/67]	Time 0.326 (0.329)	Data 0.024 (0.025)	Loss 0.0927 (0.1146)	
Epoch: [22][40/67]	Time 0.327 (0.329)	Data 0.024 (0.025)	Loss 0.0457 (0.1142)	
Epoch: [22][50/67]	Time 0.325 (0.329)	Data 0.025 (0.025)	Loss 0.0620 (0.1140)	
Epoch: [22][60/67]	Time 0.326 (0.329)	Data 0.025 (0.025)	Loss 0.0572 (0.1137)	
Test: [0/17]	Time 0.129 (0.129)	Loss 0.0537 (0.0537)	Prec@1 0.000 (0.000)	Prec@5 0.000 (0.000)
Test: [10/17]	Time 0.128 (0.126)	Loss 0.0663 (0.0594)	Prec@1 0.000 (0.000)	Prec@5 0.000 (0.000)
Overall Acc: 	 0.8618963440852379
Mean Acc : 	 0.5
FreqW Acc : 	 0.7428653079474987
Mean IoU : 	 0.4309481720426189
* Test:	Time 0.093 (0.124)	Loss 0.0813 (0.0642)	
learning rate = 0.000050
Epoch: [23][0/67]	Time 0.126 (0.328)	Data 0.024 (0.025)	Loss 0.0941 (0.1135)	
Epoch: [23][10/67]	Time 0.328 (0.328)	Data 0.025 (0.025)	Loss 0.0507 (0.1132)	
Epoch: [23][20/67]	Time 0.331 (0.328)	Data 0.025 (0.025)	Loss 0.0376 (0.1129)	
Epoch: [23][30/67]	Time 0.325 (0.328)	Data 0.035 (0.025)	Loss 0.0491 (0.1126)	
Epoch: [23][40/67]	Time 0.327 (0.328)	Data 0.024 (0.025)	Loss 0.0581 (0.1124)	
Epoch: [23][50/67]	Time 0.324 (0.328)	Data 0.025 (0.025)	Loss 0.0722 (0.1122)	
Epoch: [23][60/67]	Time 0.323 (0.328)	Data 0.025 (0.025)	Loss 0.0773 (0.1119)	
Test: [0/17]	Time 0.138 (0.138)	Loss 0.0583 (0.0583)	Prec@1 0.000 (0.000)	Prec@5 0.000 (0.000)
Test: [10/17]	Time 0.126 (0.126)	Loss 0.0812 (0.0603)	Prec@1 0.000 (0.000)	Prec@5 0.000 (0.000)
Overall Acc: 	 0.8623130001238922
Mean Acc : 	 0.5
FreqW Acc : 	 0.7435837101826678
Mean IoU : 	 0.4311565000619461
* Test:	Time 0.095 (0.124)	Loss 0.0776 (0.0604)	
learning rate = 0.000050
Epoch: [24][0/67]	Time 0.125 (0.328)	Data 0.024 (0.025)	Loss 0.0521 (0.1118)	
Epoch: [24][10/67]	Time 0.332 (0.328)	Data 0.025 (0.025)	Loss 0.0484 (0.1115)	
Epoch: [24][20/67]	Time 0.329 (0.328)	Data 0.025 (0.025)	Loss 0.0649 (0.1113)	
Epoch: [24][30/67]	Time 0.327 (0.328)	Data 0.025 (0.025)	Loss 0.0434 (0.1109)	
Epoch: [24][40/67]	Time 0.331 (0.328)	Data 0.025 (0.025)	Loss 0.0589 (0.1108)	
Epoch: [24][50/67]	Time 0.331 (0.328)	Data 0.025 (0.025)	Loss 0.0866 (0.1105)	
Epoch: [24][60/67]	Time 0.327 (0.328)	Data 0.025 (0.025)	Loss 0.0783 (0.1103)	
Test: [0/17]	Time 0.125 (0.125)	Loss 0.0378 (0.0378)	Prec@1 0.000 (0.000)	Prec@5 0.000 (0.000)
Test: [10/17]	Time 0.127 (0.126)	Loss 0.0650 (0.0733)	Prec@1 0.000 (0.000)	Prec@5 0.000 (0.000)
Overall Acc: 	 0.8628123269152286
Mean Acc : 	 0.5
FreqW Acc : 	 0.7444451114768713
Mean IoU : 	 0.4314061634576143
* Test:	Time 0.094 (0.124)	Loss 0.0457 (0.0667)	
learning rate = 0.000050
Epoch: [25][0/67]	Time 0.126 (0.328)	Data 0.024 (0.025)	Loss 0.0677 (0.1102)	
Epoch: [25][10/67]	Time 0.329 (0.328)	Data 0.024 (0.025)	Loss 0.0382 (0.1100)	
Epoch: [25][20/67]	Time 0.327 (0.328)	Data 0.025 (0.025)	Loss 0.0972 (0.1098)	
Epoch: [25][30/67]	Time 0.329 (0.328)	Data 0.025 (0.025)	Loss 0.0422 (0.1096)	
Epoch: [25][40/67]	Time 0.325 (0.328)	Data 0.025 (0.025)	Loss 0.0639 (0.1093)	
Epoch: [25][50/67]	Time 0.329 (0.328)	Data 0.025 (0.025)	Loss 0.0377 (0.1091)	
Epoch: [25][60/67]	Time 0.326 (0.328)	Data 0.025 (0.025)	Loss 0.0912 (0.1089)	
Test: [0/17]	Time 0.136 (0.136)	Loss 0.0564 (0.0564)	Prec@1 0.000 (0.000)	Prec@5 0.000 (0.000)
Test: [10/17]	Time 0.126 (0.127)	Loss 0.0977 (0.0717)	Prec@1 0.000 (0.000)	Prec@5 0.000 (0.000)
Overall Acc: 	 0.8622312403436917
Mean Acc : 	 0.5
FreqW Acc : 	 0.7434427118246211
Mean IoU : 	 0.43111562017184585
* Test:	Time 0.092 (0.124)	Loss 0.1028 (0.0701)	
learning rate = 0.000050
Epoch: [26][0/67]	Time 0.124 (0.328)	Data 0.024 (0.025)	Loss 0.0791 (0.1087)	
Epoch: [26][10/67]	Time 0.324 (0.328)	Data 0.025 (0.025)	Loss 0.0953 (0.1085)	
Epoch: [26][20/67]	Time 0.325 (0.328)	Data 0.025 (0.025)	Loss 0.0595 (0.1083)	
Epoch: [26][30/67]	Time 0.328 (0.328)	Data 0.025 (0.025)	Loss 0.0633 (0.1081)	
Epoch: [26][40/67]	Time 0.325 (0.328)	Data 0.024 (0.025)	Loss 0.0894 (0.1079)	
Epoch: [26][50/67]	Time 0.326 (0.328)	Data 0.025 (0.025)	Loss 0.0347 (0.1076)	
Epoch: [26][60/67]	Time 0.325 (0.328)	Data 0.025 (0.025)	Loss 0.0959 (0.1074)	
Test: [0/17]	Time 0.129 (0.129)	Loss 0.0647 (0.0647)	Prec@1 0.000 (0.000)	Prec@5 0.000 (0.000)
Test: [10/17]	Time 0.126 (0.125)	Loss 0.0497 (0.0575)	Prec@1 0.000 (0.000)	Prec@5 0.000 (0.000)
Overall Acc: 	 0.8618062716811451
Mean Acc : 	 0.5
FreqW Acc : 	 0.7427100499089557
Mean IoU : 	 0.43090313584057255
* Test:	Time 0.092 (0.123)	Loss 0.0425 (0.0595)	
learning rate = 0.000050
Epoch: [27][0/67]	Time 0.123 (0.328)	Data 0.024 (0.025)	Loss 0.0906 (0.1073)	
Epoch: [27][10/67]	Time 0.327 (0.328)	Data 0.025 (0.025)	Loss 0.1027 (0.1071)	
Epoch: [27][20/67]	Time 0.329 (0.328)	Data 0.025 (0.025)	Loss 0.0747 (0.1068)	
Epoch: [27][30/67]	Time 0.333 (0.328)	Data 0.025 (0.025)	Loss 0.1209 (0.1066)	
Epoch: [27][40/67]	Time 0.327 (0.328)	Data 0.024 (0.025)	Loss 0.0714 (0.1064)	
Epoch: [27][50/67]	Time 0.329 (0.328)	Data 0.025 (0.025)	Loss 0.0785 (0.1063)	
Epoch: [27][60/67]	Time 0.326 (0.328)	Data 0.025 (0.025)	Loss 0.0572 (0.1061)	
Test: [0/17]	Time 0.135 (0.135)	Loss 0.0512 (0.0512)	Prec@1 0.000 (0.000)	Prec@5 0.000 (0.000)
Test: [10/17]	Time 0.124 (0.126)	Loss 0.0593 (0.0510)	Prec@1 0.000 (0.000)	Prec@5 0.000 (0.000)
Overall Acc: 	 0.8621911575545126
Mean Acc : 	 0.5
FreqW Acc : 	 0.7433735921651904
Mean IoU : 	 0.4310955787772563
* Test:	Time 0.092 (0.124)	Loss 0.1107 (0.0602)	
learning rate = 0.000050
Epoch: [28][0/67]	Time 0.125 (0.328)	Data 0.024 (0.025)	Loss 0.0941 (0.1060)	
Epoch: [28][10/67]	Time 0.328 (0.328)	Data 0.025 (0.025)	Loss 0.0767 (0.1059)	
Epoch: [28][20/67]	Time 0.327 (0.328)	Data 0.025 (0.025)	Loss 0.0502 (0.1057)	
Epoch: [28][30/67]	Time 0.327 (0.328)	Data 0.025 (0.025)	Loss 0.0538 (0.1055)	
Epoch: [28][40/67]	Time 0.328 (0.328)	Data 0.025 (0.025)	Loss 0.0432 (0.1053)	
Epoch: [28][50/67]	Time 0.324 (0.328)	Data 0.025 (0.025)	Loss 0.0251 (0.1051)	
Epoch: [28][60/67]	Time 0.328 (0.328)	Data 0.025 (0.025)	Loss 0.0751 (0.1049)	
Test: [0/17]	Time 0.124 (0.124)	Loss 0.0475 (0.0475)	Prec@1 0.000 (0.000)	Prec@5 0.000 (0.000)
Test: [10/17]	Time 0.128 (0.125)	Loss 0.0357 (0.0548)	Prec@1 0.000 (0.000)	Prec@5 0.000 (0.000)
Overall Acc: 	 0.8621803397562966
Mean Acc : 	 0.5
FreqW Acc : 	 0.743354938262283
Mean IoU : 	 0.4310901698781483
* Test:	Time 0.092 (0.123)	Loss 0.0738 (0.0583)	
learning rate = 0.000050
Epoch: [29][0/67]	Time 0.127 (0.327)	Data 0.024 (0.025)	Loss 0.0761 (0.1048)	
Epoch: [29][10/67]	Time 0.327 (0.327)	Data 0.025 (0.025)	Loss 0.0393 (0.1046)	
Epoch: [29][20/67]	Time 0.330 (0.327)	Data 0.025 (0.025)	Loss 0.0681 (0.1045)	
Epoch: [29][30/67]	Time 0.326 (0.327)	Data 0.024 (0.025)	Loss 0.0494 (0.1042)	
Epoch: [29][40/67]	Time 0.330 (0.327)	Data 0.025 (0.025)	Loss 0.0536 (0.1041)	
Epoch: [29][50/67]	Time 0.326 (0.327)	Data 0.025 (0.025)	Loss 0.0534 (0.1038)	
Epoch: [29][60/67]	Time 0.330 (0.327)	Data 0.025 (0.025)	Loss 0.0291 (0.1037)	
Test: [0/17]	Time 0.137 (0.137)	Loss 0.0634 (0.0634)	Prec@1 0.000 (0.000)	Prec@5 0.000 (0.000)
Test: [10/17]	Time 0.124 (0.127)	Loss 0.1010 (0.0637)	Prec@1 0.000 (0.000)	Prec@5 0.000 (0.000)
Overall Acc: 	 0.8625084037211403
Mean Acc : 	 0.5
FreqW Acc : 	 0.7439207464895896
Mean IoU : 	 0.4312542018605702
* Test:	Time 0.095 (0.125)	Loss 0.0435 (0.0595)	
learning rate = 0.000050
Epoch: [30][0/67]	Time 0.125 (0.327)	Data 0.024 (0.025)	Loss 0.0485 (0.1035)	
Epoch: [30][10/67]	Time 0.330 (0.327)	Data 0.025 (0.025)	Loss 0.0431 (0.1034)	
Epoch: [30][20/67]	Time 0.330 (0.327)	Data 0.024 (0.025)	Loss 0.0614 (0.1032)	
Epoch: [30][30/67]	Time 0.331 (0.327)	Data 0.025 (0.025)	Loss 0.0731 (0.1031)	
Epoch: [30][40/67]	Time 0.325 (0.327)	Data 0.024 (0.025)	Loss 0.0506 (0.1029)	
Epoch: [30][50/67]	Time 0.322 (0.327)	Data 0.024 (0.025)	Loss 0.0592 (0.1027)	
Epoch: [30][60/67]	Time 0.324 (0.327)	Data 0.025 (0.025)	Loss 0.0765 (0.1025)	
Test: [0/17]	Time 0.128 (0.128)	Loss 0.0560 (0.0560)	Prec@1 0.000 (0.000)	Prec@5 0.000 (0.000)
Test: [10/17]	Time 0.126 (0.126)	Loss 0.0693 (0.0596)	Prec@1 0.000 (0.000)	Prec@5 0.000 (0.000)
Overall Acc: 	 0.8622347703620569
Mean Acc : 	 0.5
FreqW Acc : 	 0.7434487992213089
Mean IoU : 	 0.43111738518102843
* Test:	Time 0.096 (0.124)	Loss 0.0644 (0.0594)	
learning rate = 0.000050
Epoch: [31][0/67]	Time 0.126 (0.327)	Data 0.024 (0.025)	Loss 0.0528 (0.1024)	
Epoch: [31][10/67]	Time 0.322 (0.327)	Data 0.025 (0.025)	Loss 0.0509 (0.1023)	
Epoch: [31][20/67]	Time 0.327 (0.327)	Data 0.025 (0.025)	Loss 0.0934 (0.1021)	
Epoch: [31][30/67]	Time 0.325 (0.327)	Data 0.025 (0.025)	Loss 0.0805 (0.1020)	
Epoch: [31][40/67]	Time 0.328 (0.327)	Data 0.025 (0.025)	Loss 0.0897 (0.1018)	
Epoch: [31][50/67]	Time 0.330 (0.327)	Data 0.035 (0.025)	Loss 0.0519 (0.1016)	
Epoch: [31][60/67]	Time 0.335 (0.327)	Data 0.025 (0.025)	Loss 0.1183 (0.1016)	
Test: [0/17]	Time 0.137 (0.137)	Loss 0.0824 (0.0824)	Prec@1 0.000 (0.000)	Prec@5 0.000 (0.000)
Test: [10/17]	Time 0.125 (0.126)	Loss 0.0754 (0.0591)	Prec@1 0.000 (0.000)	Prec@5 0.000 (0.000)
Overall Acc: 	 0.8617529797909865
Mean Acc : 	 0.5
FreqW Acc : 	 0.7426181981786444
Mean IoU : 	 0.43087648989549326
* Test:	Time 0.096 (0.124)	Loss 0.0247 (0.0616)	
learning rate = 0.000050
Epoch: [32][0/67]	Time 0.126 (0.327)	Data 0.024 (0.025)	Loss 0.0781 (0.1014)	
Epoch: [32][10/67]	Time 0.326 (0.327)	Data 0.024 (0.025)	Loss 0.0847 (0.1013)	
Epoch: [32][20/67]	Time 0.329 (0.327)	Data 0.025 (0.025)	Loss 0.0321 (0.1011)	
Epoch: [32][30/67]	Time 0.324 (0.327)	Data 0.025 (0.025)	Loss 0.0388 (0.1010)	
Epoch: [32][40/67]	Time 0.329 (0.327)	Data 0.025 (0.025)	Loss 0.0411 (0.1008)	
Epoch: [32][50/67]	Time 0.324 (0.327)	Data 0.024 (0.025)	Loss 0.0395 (0.1006)	
Epoch: [32][60/67]	Time 0.328 (0.327)	Data 0.024 (0.025)	Loss 0.0714 (0.1005)	
Test: [0/17]	Time 0.127 (0.127)	Loss 0.0242 (0.0242)	Prec@1 0.000 (0.000)	Prec@5 0.000 (0.000)
Test: [10/17]	Time 0.127 (0.125)	Loss 0.0690 (0.0554)	Prec@1 0.000 (0.000)	Prec@5 0.000 (0.000)
Overall Acc: 	 0.8623219959771455
Mean Acc : 	 0.5
FreqW Acc : 	 0.7435992247460083
Mean IoU : 	 0.43116099798857277
* Test:	Time 0.092 (0.123)	Loss 0.1064 (0.0590)	
learning rate = 0.000050
Epoch: [33][0/67]	Time 0.126 (0.327)	Data 0.024 (0.025)	Loss 0.1449 (0.1004)	
Epoch: [33][10/67]	Time 0.326 (0.327)	Data 0.024 (0.025)	Loss 0.0719 (0.1003)	
Epoch: [33][20/67]	Time 0.331 (0.327)	Data 0.024 (0.025)	Loss 0.0667 (0.1002)	
Epoch: [33][30/67]	Time 0.326 (0.327)	Data 0.025 (0.025)	Loss 0.0200 (0.1000)	
Epoch: [33][40/67]	Time 0.332 (0.327)	Data 0.025 (0.025)	Loss 0.0382 (0.0998)	
Epoch: [33][50/67]	Time 0.324 (0.327)	Data 0.024 (0.025)	Loss 0.0615 (0.0997)	
Epoch: [33][60/67]	Time 0.331 (0.327)	Data 0.024 (0.025)	Loss 0.0983 (0.0996)	
Test: [0/17]	Time 0.136 (0.136)	Loss 0.0490 (0.0490)	Prec@1 0.000 (0.000)	Prec@5 0.000 (0.000)
Test: [10/17]	Time 0.125 (0.127)	Loss 0.0680 (0.0677)	Prec@1 0.000 (0.000)	Prec@5 0.000 (0.000)
Overall Acc: 	 0.8623784762709888
Mean Acc : 	 0.5
FreqW Acc : 	 0.7436966363354724
Mean IoU : 	 0.4311892381354944
* Test:	Time 0.095 (0.125)	Loss 0.0914 (0.0640)	
learning rate = 0.000050
Epoch: [34][0/67]	Time 0.126 (0.327)	Data 0.024 (0.025)	Loss 0.0837 (0.0995)	
Epoch: [34][10/67]	Time 0.325 (0.327)	Data 0.025 (0.025)	Loss 0.0829 (0.0994)	
Epoch: [34][20/67]	Time 0.327 (0.327)	Data 0.025 (0.025)	Loss 0.0412 (0.0992)	
Epoch: [34][30/67]	Time 0.331 (0.327)	Data 0.025 (0.025)	Loss 0.0401 (0.0991)	
Epoch: [34][40/67]	Time 0.325 (0.327)	Data 0.025 (0.025)	Loss 0.0825 (0.0990)	
Epoch: [34][50/67]	Time 0.328 (0.327)	Data 0.025 (0.025)	Loss 0.1021 (0.0988)	
Epoch: [34][60/67]	Time 0.322 (0.327)	Data 0.025 (0.025)	Loss 0.0482 (0.0986)	
Test: [0/17]	Time 0.123 (0.123)	Loss 0.1257 (0.1257)	Prec@1 0.000 (0.000)	Prec@5 0.000 (0.000)
Test: [10/17]	Time 0.129 (0.128)	Loss 0.0554 (0.0577)	Prec@1 0.000 (0.000)	Prec@5 0.000 (0.000)
Overall Acc: 	 0.8621177103982043
Mean Acc : 	 0.5
FreqW Acc : 	 0.743246946582242
Mean IoU : 	 0.43105885519910214
* Test:	Time 0.093 (0.126)	Loss 0.1021 (0.0597)	
learning rate = 0.000050
Epoch: [35][0/67]	Time 0.128 (0.327)	Data 0.025 (0.025)	Loss 0.0756 (0.0986)	
Epoch: [35][10/67]	Time 0.322 (0.327)	Data 0.025 (0.025)	Loss 0.0751 (0.0985)	
Epoch: [35][20/67]	Time 0.328 (0.327)	Data 0.025 (0.025)	Loss 0.1202 (0.0983)	
Epoch: [35][30/67]	Time 0.324 (0.327)	Data 0.025 (0.025)	Loss 0.0542 (0.0982)	
Epoch: [35][40/67]	Time 0.329 (0.327)	Data 0.025 (0.025)	Loss 0.0804 (0.0980)	
Epoch: [35][50/67]	Time 0.325 (0.327)	Data 0.024 (0.025)	Loss 0.0456 (0.0979)	
Epoch: [35][60/67]	Time 0.328 (0.327)	Data 0.025 (0.025)	Loss 0.1471 (0.0978)	
Test: [0/17]	Time 0.124 (0.124)	Loss 0.0832 (0.0832)	Prec@1 0.000 (0.000)	Prec@5 0.000 (0.000)
Test: [10/17]	Time 0.129 (0.127)	Loss 0.0449 (0.0589)	Prec@1 0.000 (0.000)	Prec@5 0.000 (0.000)
Overall Acc: 	 0.8615849053681787
Mean Acc : 	 0.5
FreqW Acc : 	 0.7423285491582934
Mean IoU : 	 0.43079245268408933
* Test:	Time 0.093 (0.126)	Loss 0.0435 (0.0616)	
learning rate = 0.000050
Epoch: [36][0/67]	Time 0.124 (0.327)	Data 0.024 (0.025)	Loss 0.0504 (0.0978)	
Epoch: [36][10/67]	Time 0.329 (0.327)	Data 0.025 (0.025)	Loss 0.0995 (0.0976)	
Epoch: [36][20/67]	Time 0.324 (0.327)	Data 0.035 (0.025)	Loss 0.0585 (0.0975)	
Epoch: [36][30/67]	Time 0.332 (0.327)	Data 0.024 (0.025)	Loss 0.0414 (0.0974)	
Epoch: [36][40/67]	Time 0.325 (0.327)	Data 0.025 (0.025)	Loss 0.1024 (0.0973)	
Epoch: [36][50/67]	Time 0.327 (0.327)	Data 0.024 (0.025)	Loss 0.0525 (0.0972)	
Epoch: [36][60/67]	Time 0.323 (0.327)	Data 0.025 (0.025)	Loss 0.0503 (0.0970)	
Test: [0/17]	Time 0.124 (0.124)	Loss 0.0661 (0.0661)	Prec@1 0.000 (0.000)	Prec@5 0.000 (0.000)
Test: [10/17]	Time 0.128 (0.127)	Loss 0.0766 (0.0646)	Prec@1 0.000 (0.000)	Prec@5 0.000 (0.000)
Overall Acc: 	 0.8623000187660331
Mean Acc : 	 0.5
FreqW Acc : 	 0.743561322363901
Mean IoU : 	 0.43115000938301656
* Test:	Time 0.094 (0.125)	Loss 0.0432 (0.0604)	
learning rate = 0.000050
Epoch: [37][0/67]	Time 0.127 (0.327)	Data 0.024 (0.025)	Loss 0.1443 (0.0970)	
Epoch: [37][10/67]	Time 0.325 (0.327)	Data 0.025 (0.025)	Loss 0.0765 (0.0969)	
Epoch: [37][20/67]	Time 0.330 (0.327)	Data 0.025 (0.025)	Loss 0.0693 (0.0967)	
Epoch: [37][30/67]	Time 0.328 (0.327)	Data 0.025 (0.025)	Loss 0.0401 (0.0966)	
Epoch: [37][40/67]	Time 0.330 (0.327)	Data 0.025 (0.025)	Loss 0.0679 (0.0965)	
Epoch: [37][50/67]	Time 0.327 (0.327)	Data 0.025 (0.025)	Loss 0.0919 (0.0964)	
Epoch: [37][60/67]	Time 0.329 (0.327)	Data 0.025 (0.025)	Loss 0.0634 (0.0962)	
Test: [0/17]	Time 0.124 (0.124)	Loss 0.0672 (0.0672)	Prec@1 0.000 (0.000)	Prec@5 0.000 (0.000)
Test: [10/17]	Time 0.132 (0.129)	Loss 0.0640 (0.0583)	Prec@1 0.000 (0.000)	Prec@5 0.000 (0.000)
Overall Acc: 	 0.861559398138701
Mean Acc : 	 0.5
FreqW Acc : 	 0.7422845965211207
Mean IoU : 	 0.4307796990693505
* Test:	Time 0.096 (0.126)	Loss 0.0678 (0.0584)	
learning rate = 0.000050
Epoch: [38][0/67]	Time 0.127 (0.327)	Data 0.024 (0.025)	Loss 0.0714 (0.0962)	
Epoch: [38][10/67]	Time 0.324 (0.327)	Data 0.025 (0.025)	Loss 0.0509 (0.0960)	
Epoch: [38][20/67]	Time 0.328 (0.327)	Data 0.025 (0.025)	Loss 0.0773 (0.0959)	
Epoch: [38][30/67]	Time 0.325 (0.327)	Data 0.025 (0.025)	Loss 0.0867 (0.0959)	
Epoch: [38][40/67]	Time 0.327 (0.327)	Data 0.024 (0.025)	Loss 0.0493 (0.0957)	
Epoch: [38][50/67]	Time 0.328 (0.327)	Data 0.024 (0.025)	Loss 0.0560 (0.0957)	
Epoch: [38][60/67]	Time 0.327 (0.327)	Data 0.025 (0.025)	Loss 0.0318 (0.0955)	
Test: [0/17]	Time 0.126 (0.126)	Loss 0.0400 (0.0400)	Prec@1 0.000 (0.000)	Prec@5 0.000 (0.000)
Test: [10/17]	Time 0.131 (0.128)	Loss 0.0697 (0.0553)	Prec@1 0.000 (0.000)	Prec@5 0.000 (0.000)
Overall Acc: 	 0.8616492427996735
Mean Acc : 	 0.5
FreqW Acc : 	 0.7424394176172506
Mean IoU : 	 0.43082462139983674
* Test:	Time 0.095 (0.126)	Loss 0.0595 (0.0582)	
learning rate = 0.000050
Epoch: [39][0/67]	Time 0.128 (0.327)	Data 0.025 (0.025)	Loss 0.0757 (0.0954)	
Epoch: [39][10/67]	Time 0.329 (0.327)	Data 0.024 (0.025)	Loss 0.0873 (0.0953)	
Epoch: [39][20/67]	Time 0.327 (0.327)	Data 0.024 (0.025)	Loss 0.0464 (0.0952)	
Epoch: [39][30/67]	Time 0.324 (0.327)	Data 0.025 (0.025)	Loss 0.0617 (0.0951)	
Epoch: [39][40/67]	Time 0.324 (0.327)	Data 0.024 (0.025)	Loss 0.0563 (0.0950)	
Epoch: [39][50/67]	Time 0.324 (0.327)	Data 0.025 (0.025)	Loss 0.0479 (0.0948)	
Epoch: [39][60/67]	Time 0.328 (0.327)	Data 0.025 (0.025)	Loss 0.0887 (0.0947)	
Test: [0/17]	Time 0.124 (0.124)	Loss 0.0632 (0.0632)	Prec@1 0.000 (0.000)	Prec@5 0.000 (0.000)
Test: [10/17]	Time 0.127 (0.129)	Loss 0.0367 (0.0670)	Prec@1 0.000 (0.000)	Prec@5 0.000 (0.000)
Overall Acc: 	 0.8623838282343167
Mean Acc : 	 0.5
FreqW Acc : 	 0.7437058672000755
Mean IoU : 	 0.43119191411715835
* Test:	Time 0.092 (0.126)	Loss 0.0423 (0.0616)	
learning rate = 0.000050
Epoch: [40][0/67]	Time 0.129 (0.327)	Data 0.024 (0.025)	Loss 0.0488 (0.0947)	
Epoch: [40][10/67]	Time 0.322 (0.327)	Data 0.025 (0.025)	Loss 0.0470 (0.0945)	
Epoch: [40][20/67]	Time 0.330 (0.327)	Data 0.025 (0.025)	Loss 0.0575 (0.0944)	
Epoch: [40][30/67]	Time 0.326 (0.327)	Data 0.024 (0.025)	Loss 0.0726 (0.0943)	
Epoch: [40][40/67]	Time 0.326 (0.327)	Data 0.025 (0.025)	Loss 0.0531 (0.0942)	
Epoch: [40][50/67]	Time 0.323 (0.327)	Data 0.025 (0.025)	Loss 0.0589 (0.0942)	
Epoch: [40][60/67]	Time 0.326 (0.327)	Data 0.025 (0.025)	Loss 0.0679 (0.0941)	
Test: [0/17]	Time 0.124 (0.124)	Loss 0.0646 (0.0646)	Prec@1 0.000 (0.000)	Prec@5 0.000 (0.000)
Test: [10/17]	Time 0.128 (0.128)	Loss 0.0278 (0.0652)	Prec@1 0.000 (0.000)	Prec@5 0.000 (0.000)
Overall Acc: 	 0.862246385261194
Mean Acc : 	 0.5
FreqW Acc : 	 0.7434688288959954
Mean IoU : 	 0.431123192630597
* Test:	Time 0.093 (0.126)	Loss 0.0473 (0.0578)	
learning rate = 0.000050
Epoch: [41][0/67]	Time 0.127 (0.326)	Data 0.024 (0.025)	Loss 0.0644 (0.0940)	
Epoch: [41][10/67]	Time 0.325 (0.326)	Data 0.025 (0.025)	Loss 0.0677 (0.0939)	
Epoch: [41][20/67]	Time 0.331 (0.326)	Data 0.024 (0.025)	Loss 0.0429 (0.0938)	
Epoch: [41][30/67]	Time 0.325 (0.326)	Data 0.024 (0.025)	Loss 0.0458 (0.0937)	
Epoch: [41][40/67]	Time 0.326 (0.326)	Data 0.024 (0.025)	Loss 0.0739 (0.0936)	
Epoch: [41][50/67]	Time 0.325 (0.326)	Data 0.024 (0.025)	Loss 0.0784 (0.0935)	
Epoch: [41][60/67]	Time 0.331 (0.327)	Data 0.024 (0.025)	Loss 0.0442 (0.0934)	
Test: [0/17]	Time 0.124 (0.124)	Loss 0.0703 (0.0703)	Prec@1 0.000 (0.000)	Prec@5 0.000 (0.000)
Test: [10/17]	Time 0.132 (0.129)	Loss 0.1059 (0.0587)	Prec@1 0.000 (0.000)	Prec@5 0.000 (0.000)
Overall Acc: 	 0.86262341399691
Mean Acc : 	 0.5
FreqW Acc : 	 0.7441191543756844
Mean IoU : 	 0.431311706998455
* Test:	Time 0.094 (0.126)	Loss 0.0466 (0.0653)	
learning rate = 0.000050
Epoch: [42][0/67]	Time 0.122 (0.326)	Data 0.024 (0.025)	Loss 0.0979 (0.0934)	
Epoch: [42][10/67]	Time 0.327 (0.326)	Data 0.024 (0.025)	Loss 0.0417 (0.0932)	
Epoch: [42][20/67]	Time 0.325 (0.326)	Data 0.024 (0.025)	Loss 0.0873 (0.0931)	
Epoch: [42][30/67]	Time 0.329 (0.326)	Data 0.024 (0.025)	Loss 0.0399 (0.0930)	
Epoch: [42][40/67]	Time 0.326 (0.326)	Data 0.024 (0.025)	Loss 0.0540 (0.0929)	
Epoch: [42][50/67]	Time 0.331 (0.326)	Data 0.024 (0.025)	Loss 0.0916 (0.0929)	
Epoch: [42][60/67]	Time 0.332 (0.326)	Data 0.024 (0.025)	Loss 0.0876 (0.0928)	
Test: [0/17]	Time 0.123 (0.123)	Loss 0.0669 (0.0669)	Prec@1 0.000 (0.000)	Prec@5 0.000 (0.000)
Test: [10/17]	Time 0.132 (0.128)	Loss 0.0229 (0.0615)	Prec@1 0.000 (0.000)	Prec@5 0.000 (0.000)
Overall Acc: 	 0.8620167063243354
Mean Acc : 	 0.5
FreqW Acc : 	 0.7430728019822554
Mean IoU : 	 0.4310083531621677
* Test:	Time 0.095 (0.127)	Loss 0.0314 (0.0638)	
learning rate = 0.000050
Epoch: [43][0/67]	Time 0.124 (0.326)	Data 0.024 (0.025)	Loss 0.0740 (0.0927)	
Epoch: [43][10/67]	Time 0.327 (0.326)	Data 0.024 (0.025)	Loss 0.0918 (0.0926)	
Epoch: [43][20/67]	Time 0.325 (0.326)	Data 0.024 (0.025)	Loss 0.0842 (0.0925)	
Epoch: [43][30/67]	Time 0.328 (0.326)	Data 0.024 (0.025)	Loss 0.0639 (0.0924)	
Epoch: [43][40/67]	Time 0.326 (0.326)	Data 0.025 (0.025)	Loss 0.0356 (0.0923)	
Epoch: [43][50/67]	Time 0.328 (0.326)	Data 0.024 (0.025)	Loss 0.0459 (0.0922)	
Epoch: [43][60/67]	Time 0.326 (0.326)	Data 0.024 (0.025)	Loss 0.1303 (0.0921)	
Test: [0/17]	Time 0.125 (0.125)	Loss 0.0827 (0.0827)	Prec@1 0.000 (0.000)	Prec@5 0.000 (0.000)
Test: [10/17]	Time 0.130 (0.127)	Loss 0.0619 (0.0615)	Prec@1 0.000 (0.000)	Prec@5 0.000 (0.000)
Overall Acc: 	 0.8621597290039062
Mean Acc : 	 0.5
FreqW Acc : 	 0.7433193983160891
Mean IoU : 	 0.4310798645019531
* Test:	Time 0.095 (0.126)	Loss 0.0909 (0.0624)	
learning rate = 0.000050
Epoch: [44][0/67]	Time 0.124 (0.326)	Data 0.025 (0.025)	Loss 0.0756 (0.0921)	
Epoch: [44][10/67]	Time 0.329 (0.326)	Data 0.024 (0.025)	Loss 0.0714 (0.0920)	
Epoch: [44][20/67]	Time 0.325 (0.326)	Data 0.024 (0.025)	Loss 0.0423 (0.0919)	
Epoch: [44][30/67]	Time 0.332 (0.326)	Data 0.024 (0.025)	Loss 0.0565 (0.0918)	
Epoch: [44][40/67]	Time 0.324 (0.326)	Data 0.024 (0.025)	Loss 0.0404 (0.0917)	
Epoch: [44][50/67]	Time 0.327 (0.326)	Data 0.024 (0.025)	Loss 0.0757 (0.0916)	
Epoch: [44][60/67]	Time 0.326 (0.326)	Data 0.024 (0.025)	Loss 0.0555 (0.0915)	
Test: [0/17]	Time 0.124 (0.124)	Loss 0.0389 (0.0389)	Prec@1 0.000 (0.000)	Prec@5 0.000 (0.000)
Test: [10/17]	Time 0.129 (0.127)	Loss 0.0448 (0.0569)	Prec@1 0.000 (0.000)	Prec@5 0.000 (0.000)
Overall Acc: 	 0.8628478548420009
Mean Acc : 	 0.5
FreqW Acc : 	 0.7445064206054426
Mean IoU : 	 0.43142392742100044
* Test:	Time 0.094 (0.126)	Loss 0.0516 (0.0563)	
learning rate = 0.000050
Epoch: [45][0/67]	Time 0.126 (0.326)	Data 0.024 (0.025)	Loss 0.0840 (0.0915)	
Epoch: [45][10/67]	Time 0.327 (0.326)	Data 0.024 (0.025)	Loss 0.0777 (0.0914)	
Epoch: [45][20/67]	Time 0.326 (0.326)	Data 0.024 (0.025)	Loss 0.0608 (0.0913)	
Epoch: [45][30/67]	Time 0.328 (0.326)	Data 0.024 (0.025)	Loss 0.0667 (0.0912)	
Epoch: [45][40/67]	Time 0.327 (0.326)	Data 0.024 (0.025)	Loss 0.0492 (0.0911)	
Epoch: [45][50/67]	Time 0.324 (0.326)	Data 0.024 (0.025)	Loss 0.0661 (0.0910)	
Epoch: [45][60/67]	Time 0.324 (0.326)	Data 0.024 (0.025)	Loss 0.0567 (0.0909)	
Test: [0/17]	Time 0.124 (0.124)	Loss 0.0502 (0.0502)	Prec@1 0.000 (0.000)	Prec@5 0.000 (0.000)
Test: [10/17]	Time 0.127 (0.128)	Loss 0.0474 (0.0557)	Prec@1 0.000 (0.000)	Prec@5 0.000 (0.000)
Overall Acc: 	 0.8621453811873251
Mean Acc : 	 0.5
FreqW Acc : 	 0.7432946583026381
Mean IoU : 	 0.43107269059366254
* Test:	Time 0.093 (0.126)	Loss 0.0553 (0.0577)	
learning rate = 0.000050
Epoch: [46][0/67]	Time 0.126 (0.326)	Data 0.024 (0.025)	Loss 0.1189 (0.0909)	
Epoch: [46][10/67]	Time 0.323 (0.326)	Data 0.024 (0.025)	Loss 0.0514 (0.0908)	
Epoch: [46][20/67]	Time 0.329 (0.326)	Data 0.024 (0.025)	Loss 0.0405 (0.0907)	
Epoch: [46][30/67]	Time 0.327 (0.326)	Data 0.024 (0.025)	Loss 0.0606 (0.0906)	
Epoch: [46][40/67]	Time 0.332 (0.326)	Data 0.024 (0.025)	Loss 0.0683 (0.0906)	
Epoch: [46][50/67]	Time 0.327 (0.326)	Data 0.024 (0.025)	Loss 0.0446 (0.0905)	
Epoch: [46][60/67]	Time 0.325 (0.326)	Data 0.024 (0.025)	Loss 0.0850 (0.0904)	
Test: [0/17]	Time 0.123 (0.123)	Loss 0.0539 (0.0539)	Prec@1 0.000 (0.000)	Prec@5 0.000 (0.000)
Test: [10/17]	Time 0.128 (0.128)	Loss 0.0847 (0.0524)	Prec@1 0.000 (0.000)	Prec@5 0.000 (0.000)
Overall Acc: 	 0.8623759710966651
Mean Acc : 	 0.5
FreqW Acc : 	 0.7436923155249161
Mean IoU : 	 0.43118798554833254
* Test:	Time 0.095 (0.126)	Loss 0.0533 (0.0565)	
learning rate = 0.000050
Epoch: [47][0/67]	Time 0.126 (0.326)	Data 0.025 (0.025)	Loss 0.0687 (0.0903)	
Epoch: [47][10/67]	Time 0.326 (0.326)	Data 0.024 (0.025)	Loss 0.0525 (0.0902)	
Epoch: [47][20/67]	Time 0.322 (0.326)	Data 0.024 (0.025)	Loss 0.0684 (0.0902)	
Epoch: [47][30/67]	Time 0.324 (0.326)	Data 0.024 (0.025)	Loss 0.0760 (0.0901)	
Epoch: [47][40/67]	Time 0.333 (0.326)	Data 0.024 (0.025)	Loss 0.0916 (0.0900)	
Epoch: [47][50/67]	Time 0.324 (0.326)	Data 0.024 (0.025)	Loss 0.0645 (0.0899)	
Epoch: [47][60/67]	Time 0.328 (0.326)	Data 0.024 (0.025)	Loss 0.0561 (0.0899)	
Test: [0/17]	Time 0.124 (0.124)	Loss 0.0558 (0.0558)	Prec@1 0.000 (0.000)	Prec@5 0.000 (0.000)
Test: [10/17]	Time 0.130 (0.129)	Loss 0.0637 (0.0603)	Prec@1 0.000 (0.000)	Prec@5 0.000 (0.000)
Overall Acc: 	 0.8616563028364039
Mean Acc : 	 0.5
FreqW Acc : 	 0.7424515842177006
Mean IoU : 	 0.43082815141820197
* Test:	Time 0.098 (0.126)	Loss 0.0710 (0.0578)	
learning rate = 0.000050
Epoch: [48][0/67]	Time 0.126 (0.326)	Data 0.024 (0.025)	Loss 0.0473 (0.0898)	
Epoch: [48][10/67]	Time 0.325 (0.326)	Data 0.024 (0.025)	Loss 0.0849 (0.0897)	
Epoch: [48][20/67]	Time 0.325 (0.326)	Data 0.024 (0.025)	Loss 0.0657 (0.0896)	
Epoch: [48][30/67]	Time 0.328 (0.326)	Data 0.024 (0.025)	Loss 0.0745 (0.0896)	
Epoch: [48][40/67]	Time 0.332 (0.326)	Data 0.024 (0.025)	Loss 0.0541 (0.0895)	
Epoch: [48][50/67]	Time 0.328 (0.326)	Data 0.024 (0.025)	Loss 0.0669 (0.0894)	
Epoch: [48][60/67]	Time 0.330 (0.326)	Data 0.024 (0.025)	Loss 0.0805 (0.0893)	
Test: [0/17]	Time 0.125 (0.125)	Loss 0.0451 (0.0451)	Prec@1 0.000 (0.000)	Prec@5 0.000 (0.000)
Test: [10/17]	Time 0.128 (0.128)	Loss 0.0433 (0.0588)	Prec@1 0.000 (0.000)	Prec@5 0.000 (0.000)
Overall Acc: 	 0.8621889939948694
Mean Acc : 	 0.5
FreqW Acc : 	 0.7433698613658849
Mean IoU : 	 0.4310944969974347
* Test:	Time 0.095 (0.127)	Loss 0.0660 (0.0599)	
learning rate = 0.000050
Epoch: [49][0/67]	Time 0.126 (0.326)	Data 0.024 (0.025)	Loss 0.0562 (0.0893)	
Epoch: [49][10/67]	Time 0.332 (0.326)	Data 0.025 (0.025)	Loss 0.0567 (0.0892)	
Epoch: [49][20/67]	Time 0.328 (0.326)	Data 0.025 (0.025)	Loss 0.0445 (0.0891)	
Epoch: [49][30/67]	Time 0.330 (0.326)	Data 0.024 (0.025)	Loss 0.0794 (0.0890)	
Epoch: [49][40/67]	Time 0.326 (0.326)	Data 0.024 (0.025)	Loss 0.0549 (0.0889)	
Epoch: [49][50/67]	Time 0.325 (0.326)	Data 0.024 (0.025)	Loss 0.0587 (0.0889)	
Epoch: [49][60/67]	Time 0.332 (0.326)	Data 0.024 (0.025)	Loss 0.0752 (0.0888)	
Test: [0/17]	Time 0.124 (0.124)	Loss 0.0376 (0.0376)	Prec@1 0.000 (0.000)	Prec@5 0.000 (0.000)
Test: [10/17]	Time 0.129 (0.127)	Loss 0.0480 (0.0613)	Prec@1 0.000 (0.000)	Prec@5 0.000 (0.000)
Overall Acc: 	 0.8619548740671642
Mean Acc : 	 0.5
FreqW Acc : 	 0.7429662049281409
Mean IoU : 	 0.4309774370335821
* Test:	Time 0.094 (0.125)	Loss 0.0638 (0.0599)	
learning rate = 0.000050
Epoch: [50][0/67]	Time 0.125 (0.326)	Data 0.024 (0.025)	Loss 0.0395 (0.0887)	
Epoch: [50][10/67]	Time 0.330 (0.326)	Data 0.024 (0.025)	Loss 0.1342 (0.0887)	
Epoch: [50][20/67]	Time 0.326 (0.326)	Data 0.024 (0.025)	Loss 0.0258 (0.0886)	
Epoch: [50][30/67]	Time 0.331 (0.326)	Data 0.025 (0.025)	Loss 0.0540 (0.0885)	
Epoch: [50][40/67]	Time 0.327 (0.326)	Data 0.025 (0.025)	Loss 0.0738 (0.0884)	
Epoch: [50][50/67]	Time 0.325 (0.326)	Data 0.025 (0.025)	Loss 0.1077 (0.0884)	
Epoch: [50][60/67]	Time 0.332 (0.326)	Data 0.025 (0.025)	Loss 0.0935 (0.0883)	
Test: [0/17]	Time 0.123 (0.123)	Loss 0.0929 (0.0929)	Prec@1 0.000 (0.000)	Prec@5 0.000 (0.000)
Test: [10/17]	Time 0.129 (0.127)	Loss 0.0449 (0.0521)	Prec@1 0.000 (0.000)	Prec@5 0.000 (0.000)
Overall Acc: 	 0.8622047082701726
Mean Acc : 	 0.5
FreqW Acc : 	 0.7433969589632534
Mean IoU : 	 0.4311023541350863
* Test:	Time 0.092 (0.126)	Loss 0.0540 (0.0579)	
learning rate = 0.000050
Epoch: [51][0/67]	Time 0.127 (0.326)	Data 0.024 (0.025)	Loss 0.0583 (0.0883)	
Epoch: [51][10/67]	Time 0.324 (0.326)	Data 0.025 (0.025)	Loss 0.0391 (0.0882)	
Epoch: [51][20/67]	Time 0.328 (0.326)	Data 0.024 (0.025)	Loss 0.0317 (0.0882)	
Epoch: [51][30/67]	Time 0.326 (0.326)	Data 0.025 (0.025)	Loss 0.0697 (0.0881)	
Epoch: [51][40/67]	Time 0.330 (0.326)	Data 0.024 (0.025)	Loss 0.0592 (0.0880)	
Epoch: [51][50/67]	Time 0.324 (0.326)	Data 0.025 (0.025)	Loss 0.0258 (0.0879)	
Epoch: [51][60/67]	Time 0.324 (0.326)	Data 0.025 (0.025)	Loss 0.1467 (0.0879)	
Test: [0/17]	Time 0.125 (0.125)	Loss 0.0760 (0.0760)	Prec@1 0.000 (0.000)	Prec@5 0.000 (0.000)
Test: [10/17]	Time 0.129 (0.127)	Loss 0.0540 (0.0505)	Prec@1 0.000 (0.000)	Prec@5 0.000 (0.000)
Overall Acc: 	 0.8620318512418377
Mean Acc : 	 0.5
FreqW Acc : 	 0.7430989125554298
Mean IoU : 	 0.43101592562091884
* Test:	Time 0.093 (0.127)	Loss 0.0500 (0.0605)	
learning rate = 0.000050
Epoch: [52][0/67]	Time 0.125 (0.326)	Data 0.024 (0.025)	Loss 0.0358 (0.0878)	
Epoch: [52][10/67]	Time 0.325 (0.326)	Data 0.025 (0.025)	Loss 0.0615 (0.0878)	
Epoch: [52][20/67]	Time 0.329 (0.326)	Data 0.025 (0.025)	Loss 0.0730 (0.0878)	
Epoch: [52][30/67]	Time 0.323 (0.326)	Data 0.025 (0.025)	Loss 0.0608 (0.0877)	
Epoch: [52][40/67]	Time 0.333 (0.326)	Data 0.025 (0.025)	Loss 0.0517 (0.0876)	
Epoch: [52][50/67]	Time 0.325 (0.326)	Data 0.025 (0.025)	Loss 0.0465 (0.0875)	
Epoch: [52][60/67]	Time 0.327 (0.326)	Data 0.025 (0.025)	Loss 0.0694 (0.0874)	
Test: [0/17]	Time 0.124 (0.124)	Loss 0.0435 (0.0435)	Prec@1 0.000 (0.000)	Prec@5 0.000 (0.000)
Test: [10/17]	Time 0.128 (0.127)	Loss 0.0652 (0.0529)	Prec@1 0.000 (0.000)	Prec@5 0.000 (0.000)
Overall Acc: 	 0.8627487865846548
Mean Acc : 	 0.5
FreqW Acc : 	 0.7443354687532943
Mean IoU : 	 0.4313743932923274
* Test:	Time 0.093 (0.126)	Loss 0.0198 (0.0553)	
learning rate = 0.000050
Epoch: [53][0/67]	Time 0.125 (0.326)	Data 0.024 (0.025)	Loss 0.0424 (0.0874)	
Epoch: [53][10/67]	Time 0.329 (0.326)	Data 0.025 (0.025)	Loss 0.0681 (0.0873)	
Epoch: [53][20/67]	Time 0.330 (0.326)	Data 0.025 (0.025)	Loss 0.0637 (0.0872)	
Epoch: [53][30/67]	Time 0.333 (0.326)	Data 0.025 (0.025)	Loss 0.0702 (0.0872)	
Epoch: [53][40/67]	Time 0.327 (0.326)	Data 0.025 (0.025)	Loss 0.0701 (0.0872)	
Epoch: [53][50/67]	Time 0.326 (0.326)	Data 0.025 (0.025)	Loss 0.0635 (0.0871)	
Epoch: [53][60/67]	Time 0.327 (0.326)	Data 0.025 (0.025)	Loss 0.0297 (0.0870)	
Test: [0/17]	Time 0.123 (0.123)	Loss 0.0322 (0.0322)	Prec@1 0.000 (0.000)	Prec@5 0.000 (0.000)
Test: [10/17]	Time 0.131 (0.127)	Loss 0.0709 (0.0600)	Prec@1 0.000 (0.000)	Prec@5 0.000 (0.000)
Overall Acc: 	 0.8622513956098414
Mean Acc : 	 0.5
FreqW Acc : 	 0.7434774692311192
Mean IoU : 	 0.4311256978049207
* Test:	Time 0.094 (0.126)	Loss 0.0663 (0.0570)	
learning rate = 0.000050
Epoch: [54][0/67]	Time 0.125 (0.326)	Data 0.024 (0.025)	Loss 0.0521 (0.0869)	
Epoch: [54][10/67]	Time 0.327 (0.326)	Data 0.025 (0.025)	Loss 0.0445 (0.0869)	
Epoch: [54][20/67]	Time 0.324 (0.326)	Data 0.024 (0.025)	Loss 0.0588 (0.0868)	
Epoch: [54][30/67]	Time 0.333 (0.326)	Data 0.024 (0.025)	Loss 0.0655 (0.0867)	
Epoch: [54][40/67]	Time 0.323 (0.326)	Data 0.025 (0.025)	Loss 0.0736 (0.0867)	
Epoch: [54][50/67]	Time 0.330 (0.326)	Data 0.025 (0.025)	Loss 0.0463 (0.0866)	
Epoch: [54][60/67]	Time 0.323 (0.326)	Data 0.024 (0.025)	Loss 0.0665 (0.0865)	
Test: [0/17]	Time 0.124 (0.124)	Loss 0.0327 (0.0327)	Prec@1 0.000 (0.000)	Prec@5 0.000 (0.000)
Test: [10/17]	Time 0.130 (0.128)	Loss 0.0572 (0.0546)	Prec@1 0.000 (0.000)	Prec@5 0.000 (0.000)
Overall Acc: 	 0.862057813957556
Mean Acc : 	 0.5
FreqW Acc : 	 0.7431436746052802
Mean IoU : 	 0.431028906978778
* Test:	Time 0.093 (0.126)	Loss 0.0664 (0.0560)	
learning rate = 0.000050
Epoch: [55][0/67]	Time 0.125 (0.326)	Data 0.024 (0.025)	Loss 0.0777 (0.0865)	
Epoch: [55][10/67]	Time 0.328 (0.326)	Data 0.024 (0.025)	Loss 0.0502 (0.0864)	
Epoch: [55][20/67]	Time 0.324 (0.326)	Data 0.024 (0.025)	Loss 0.0799 (0.0864)	
Epoch: [55][30/67]	Time 0.331 (0.326)	Data 0.025 (0.025)	Loss 0.0681 (0.0863)	
Epoch: [55][40/67]	Time 0.327 (0.326)	Data 0.025 (0.025)	Loss 0.0510 (0.0862)	
Epoch: [55][50/67]	Time 0.327 (0.326)	Data 0.024 (0.025)	Loss 0.0561 (0.0862)	
Epoch: [55][60/67]	Time 0.323 (0.326)	Data 0.025 (0.025)	Loss 0.0518 (0.0861)	
Test: [0/17]	Time 0.125 (0.125)	Loss 0.0717 (0.0717)	Prec@1 0.000 (0.000)	Prec@5 0.000 (0.000)
Test: [10/17]	Time 0.132 (0.129)	Loss 0.0371 (0.0600)	Prec@1 0.000 (0.000)	Prec@5 0.000 (0.000)
Overall Acc: 	 0.8621815923434585
Mean Acc : 	 0.5
FreqW Acc : 	 0.7433570981759017
Mean IoU : 	 0.43109079617172924
* Test:	Time 0.092 (0.126)	Loss 0.1059 (0.0589)	
learning rate = 0.000050
Epoch: [56][0/67]	Time 0.125 (0.326)	Data 0.024 (0.025)	Loss 0.1149 (0.0861)	
Epoch: [56][10/67]	Time 0.330 (0.326)	Data 0.024 (0.025)	Loss 0.0585 (0.0860)	
Epoch: [56][20/67]	Time 0.325 (0.326)	Data 0.024 (0.025)	Loss 0.0462 (0.0860)	
Epoch: [56][30/67]	Time 0.329 (0.326)	Data 0.025 (0.025)	Loss 0.0657 (0.0859)	
Epoch: [56][40/67]	Time 0.331 (0.326)	Data 0.025 (0.025)	Loss 0.0436 (0.0859)	
Epoch: [56][50/67]	Time 0.329 (0.326)	Data 0.025 (0.025)	Loss 0.0510 (0.0858)	
Epoch: [56][60/67]	Time 0.327 (0.326)	Data 0.024 (0.025)	Loss 0.0917 (0.0857)	
Test: [0/17]	Time 0.124 (0.124)	Loss 0.0442 (0.0442)	Prec@1 0.000 (0.000)	Prec@5 0.000 (0.000)
Test: [10/17]	Time 0.130 (0.129)	Loss 0.0649 (0.0607)	Prec@1 0.000 (0.000)	Prec@5 0.000 (0.000)
Overall Acc: 	 0.8625310641616138
Mean Acc : 	 0.5
FreqW Acc : 	 0.743959836643766
Mean IoU : 	 0.4312655320808069
* Test:	Time 0.095 (0.126)	Loss 0.0130 (0.0555)	
learning rate = 0.000050
Epoch: [57][0/67]	Time 0.126 (0.326)	Data 0.024 (0.025)	Loss 0.0341 (0.0857)	
Epoch: [57][10/67]	Time 0.326 (0.326)	Data 0.024 (0.025)	Loss 0.0734 (0.0856)	
Epoch: [57][20/67]	Time 0.327 (0.326)	Data 0.024 (0.025)	Loss 0.0603 (0.0855)	
Epoch: [57][30/67]	Time 0.327 (0.326)	Data 0.024 (0.025)	Loss 0.0786 (0.0855)	
Epoch: [57][40/67]	Time 0.329 (0.326)	Data 0.024 (0.025)	Loss 0.0973 (0.0855)	
Epoch: [57][50/67]	Time 0.332 (0.326)	Data 0.024 (0.025)	Loss 0.0848 (0.0854)	
Epoch: [57][60/67]	Time 0.327 (0.326)	Data 0.024 (0.025)	Loss 0.0715 (0.0853)	
Test: [0/17]	Time 0.124 (0.124)	Loss 0.0515 (0.0515)	Prec@1 0.000 (0.000)	Prec@5 0.000 (0.000)
Test: [10/17]	Time 0.134 (0.129)	Loss 0.0686 (0.0600)	Prec@1 0.000 (0.000)	Prec@5 0.000 (0.000)
Overall Acc: 	 0.8618215304702076
Mean Acc : 	 0.5
FreqW Acc : 	 0.7427363503820109
Mean IoU : 	 0.4309107652351038
* Test:	Time 0.094 (0.126)	Loss 0.0423 (0.0569)	
learning rate = 0.000050
Epoch: [58][0/67]	Time 0.125 (0.326)	Data 0.024 (0.025)	Loss 0.1005 (0.0853)	
Epoch: [58][10/67]	Time 0.325 (0.326)	Data 0.025 (0.025)	Loss 0.0716 (0.0852)	
Epoch: [58][20/67]	Time 0.324 (0.326)	Data 0.024 (0.025)	Loss 0.0639 (0.0852)	
Epoch: [58][30/67]	Time 0.325 (0.326)	Data 0.024 (0.025)	Loss 0.0763 (0.0851)	
Epoch: [58][40/67]	Time 0.326 (0.326)	Data 0.024 (0.025)	Loss 0.0512 (0.0850)	
Epoch: [58][50/67]	Time 0.323 (0.326)	Data 0.024 (0.025)	Loss 0.0735 (0.0850)	
Epoch: [58][60/67]	Time 0.326 (0.326)	Data 0.024 (0.025)	Loss 0.0405 (0.0849)	
Test: [0/17]	Time 0.125 (0.125)	Loss 0.0845 (0.0845)	Prec@1 0.000 (0.000)	Prec@5 0.000 (0.000)
Test: [10/17]	Time 0.133 (0.128)	Loss 0.0319 (0.0504)	Prec@1 0.000 (0.000)	Prec@5 0.000 (0.000)
Overall Acc: 	 0.8620892425081623
Mean Acc : 	 0.5
FreqW Acc : 	 0.7431978620482971
Mean IoU : 	 0.43104462125408116
* Test:	Time 0.094 (0.126)	Loss 0.0691 (0.0566)	
learning rate = 0.000050
Epoch: [59][0/67]	Time 0.127 (0.326)	Data 0.024 (0.025)	Loss 0.0598 (0.0849)	
Epoch: [59][10/67]	Time 0.328 (0.326)	Data 0.025 (0.025)	Loss 0.0589 (0.0848)	
Epoch: [59][20/67]	Time 0.329 (0.326)	Data 0.024 (0.025)	Loss 0.0575 (0.0848)	
Epoch: [59][30/67]	Time 0.324 (0.326)	Data 0.024 (0.025)	Loss 0.0304 (0.0847)	
Epoch: [59][40/67]	Time 0.330 (0.326)	Data 0.025 (0.025)	Loss 0.0713 (0.0847)	
Epoch: [59][50/67]	Time 0.325 (0.326)	Data 0.024 (0.025)	Loss 0.0480 (0.0846)	
Epoch: [59][60/67]	Time 0.328 (0.326)	Data 0.025 (0.025)	Loss 0.1346 (0.0846)	
Test: [0/17]	Time 0.128 (0.128)	Loss 0.0597 (0.0597)	Prec@1 0.000 (0.000)	Prec@5 0.000 (0.000)
Test: [10/17]	Time 0.130 (0.128)	Loss 0.0681 (0.0584)	Prec@1 0.000 (0.000)	Prec@5 0.000 (0.000)
Overall Acc: 	 0.8619212819569146
Mean Acc : 	 0.5
FreqW Acc : 	 0.7429082962902511
Mean IoU : 	 0.4309606409784573
* Test:	Time 0.095 (0.126)	Loss 0.0295 (0.0564)	
learning rate = 0.000050
Epoch: [60][0/67]	Time 0.126 (0.326)	Data 0.024 (0.025)	Loss 0.0708 (0.0846)	
Epoch: [60][10/67]	Time 0.328 (0.326)	Data 0.024 (0.025)	Loss 0.0600 (0.0845)	
Epoch: [60][20/67]	Time 0.332 (0.326)	Data 0.024 (0.025)	Loss 0.0645 (0.0844)	
Epoch: [60][30/67]	Time 0.328 (0.326)	Data 0.025 (0.025)	Loss 0.0583 (0.0844)	
Epoch: [60][40/67]	Time 0.325 (0.326)	Data 0.024 (0.025)	Loss 0.0524 (0.0843)	
Epoch: [60][50/67]	Time 0.328 (0.326)	Data 0.024 (0.025)	Loss 0.0839 (0.0843)	
Epoch: [60][60/67]	Time 0.326 (0.326)	Data 0.024 (0.025)	Loss 0.0793 (0.0842)	
Test: [0/17]	Time 0.127 (0.127)	Loss 0.0831 (0.0831)	Prec@1 0.000 (0.000)	Prec@5 0.000 (0.000)
Test: [10/17]	Time 0.128 (0.170)	Loss 0.0598 (0.0627)	Prec@1 0.000 (0.000)	Prec@5 0.000 (0.000)
Overall Acc: 	 0.8623566129314366
Mean Acc : 	 0.5
FreqW Acc : 	 0.7436589278665796
Mean IoU : 	 0.4311783064657183
* Test:	Time 0.093 (0.152)	Loss 0.0572 (0.0587)	
learning rate = 0.000050
Epoch: [61][0/67]	Time 0.125 (0.326)	Data 0.024 (0.025)	Loss 0.0515 (0.0842)	
Epoch: [61][10/67]	Time 0.325 (0.326)	Data 0.025 (0.025)	Loss 0.0657 (0.0841)	
Epoch: [61][20/67]	Time 0.325 (0.326)	Data 0.025 (0.025)	Loss 0.0656 (0.0841)	
Epoch: [61][30/67]	Time 0.325 (0.326)	Data 0.025 (0.025)	Loss 0.0590 (0.0840)	
Epoch: [61][40/67]	Time 0.332 (0.326)	Data 0.025 (0.025)	Loss 0.0566 (0.0840)	
Epoch: [61][50/67]	Time 0.325 (0.326)	Data 0.025 (0.025)	Loss 0.0602 (0.0839)	
Epoch: [61][60/67]	Time 0.331 (0.326)	Data 0.025 (0.025)	Loss 0.0471 (0.0839)	
Test: [0/17]	Time 0.125 (0.125)	Loss 0.0509 (0.0509)	Prec@1 0.000 (0.000)	Prec@5 0.000 (0.000)
Test: [10/17]	Time 0.129 (0.129)	Loss 0.0560 (0.0533)	Prec@1 0.000 (0.000)	Prec@5 0.000 (0.000)
Overall Acc: 	 0.8619910852232976
Mean Acc : 	 0.5
FreqW Acc : 	 0.7430286310044383
Mean IoU : 	 0.4309955426116488
* Test:	Time 0.093 (0.126)	Loss 0.0348 (0.0547)	
learning rate = 0.000050
Epoch: [62][0/67]	Time 0.137 (0.326)	Data 0.024 (0.025)	Loss 0.0901 (0.0838)	
Epoch: [62][10/67]	Time 0.324 (0.326)	Data 0.025 (0.025)	Loss 0.0676 (0.0838)	
Epoch: [62][20/67]	Time 0.325 (0.326)	Data 0.024 (0.025)	Loss 0.0426 (0.0837)	
Epoch: [62][30/67]	Time 0.324 (0.326)	Data 0.025 (0.025)	Loss 0.0773 (0.0836)	
Epoch: [62][40/67]	Time 0.334 (0.326)	Data 0.024 (0.025)	Loss 0.0650 (0.0836)	
Epoch: [62][50/67]	Time 0.327 (0.326)	Data 0.025 (0.025)	Loss 0.0694 (0.0836)	
Epoch: [62][60/67]	Time 0.324 (0.326)	Data 0.024 (0.025)	Loss 0.0751 (0.0835)	
Test: [0/17]	Time 0.124 (0.124)	Loss 0.0438 (0.0438)	Prec@1 0.000 (0.000)	Prec@5 0.000 (0.000)
Test: [10/17]	Time 0.128 (0.129)	Loss 0.0540 (0.0542)	Prec@1 0.000 (0.000)	Prec@5 0.000 (0.000)
Overall Acc: 	 0.8619282281220849
Mean Acc : 	 0.5
FreqW Acc : 	 0.7429202704336768
Mean IoU : 	 0.43096411406104246
* Test:	Time 0.093 (0.127)	Loss 0.0458 (0.0562)	
learning rate = 0.000050
Epoch: [63][0/67]	Time 0.127 (0.326)	Data 0.024 (0.025)	Loss 0.0330 (0.0835)	
Epoch: [63][10/67]	Time 0.323 (0.326)	Data 0.024 (0.025)	Loss 0.0341 (0.0834)	
Epoch: [63][20/67]	Time 0.329 (0.326)	Data 0.024 (0.025)	Loss 0.0518 (0.0834)	
Epoch: [63][30/67]	Time 0.323 (0.326)	Data 0.024 (0.025)	Loss 0.0776 (0.0833)	
Epoch: [63][40/67]	Time 0.326 (0.326)	Data 0.024 (0.025)	Loss 0.0573 (0.0833)	
Epoch: [63][50/67]	Time 0.328 (0.326)	Data 0.025 (0.025)	Loss 0.0479 (0.0832)	
Epoch: [63][60/67]	Time 0.325 (0.326)	Data 0.024 (0.025)	Loss 0.1318 (0.0832)	
Test: [0/17]	Time 0.125 (0.125)	Loss 0.1058 (0.1058)	Prec@1 0.000 (0.000)	Prec@5 0.000 (0.000)
Test: [10/17]	Time 0.131 (0.128)	Loss 0.0478 (0.0587)	Prec@1 0.000 (0.000)	Prec@5 0.000 (0.000)
Overall Acc: 	 0.8620424412969333
Mean Acc : 	 0.5
FreqW Acc : 	 0.7431171705971767
Mean IoU : 	 0.43102122064846665
* Test:	Time 0.093 (0.126)	Loss 0.0653 (0.0565)	
learning rate = 0.000050
Epoch: [64][0/67]	Time 0.127 (0.326)	Data 0.024 (0.025)	Loss 0.0416 (0.0831)	
Epoch: [64][10/67]	Time 0.324 (0.326)	Data 0.025 (0.025)	Loss 0.0633 (0.0831)	
Epoch: [64][20/67]	Time 0.331 (0.326)	Data 0.025 (0.025)	Loss 0.0557 (0.0830)	
Epoch: [64][30/67]	Time 0.326 (0.326)	Data 0.025 (0.025)	Loss 0.0423 (0.0829)	
Epoch: [64][40/67]	Time 0.329 (0.326)	Data 0.025 (0.025)	Loss 0.0589 (0.0829)	
Epoch: [64][50/67]	Time 0.325 (0.326)	Data 0.025 (0.025)	Loss 0.0713 (0.0829)	
Epoch: [64][60/67]	Time 0.328 (0.326)	Data 0.025 (0.025)	Loss 0.0704 (0.0828)	
Test: [0/17]	Time 0.125 (0.125)	Loss 0.0758 (0.0758)	Prec@1 0.000 (0.000)	Prec@5 0.000 (0.000)
Test: [10/17]	Time 0.130 (0.129)	Loss 0.0361 (0.0652)	Prec@1 0.000 (0.000)	Prec@5 0.000 (0.000)
Overall Acc: 	 0.8622889732246968
Mean Acc : 	 0.5
FreqW Acc : 	 0.7435422733449019
Mean IoU : 	 0.4311444866123484
* Test:	Time 0.094 (0.126)	Loss 0.0313 (0.0598)	
learning rate = 0.000050
Epoch: [65][0/67]	Time 0.124 (0.326)	Data 0.024 (0.025)	Loss 0.0828 (0.0828)	
Epoch: [65][10/67]	Time 0.331 (0.326)	Data 0.025 (0.025)	Loss 0.0716 (0.0828)	
Epoch: [65][20/67]	Time 0.326 (0.326)	Data 0.025 (0.025)	Loss 0.0349 (0.0827)	
Epoch: [65][30/67]	Time 0.328 (0.326)	Data 0.024 (0.025)	Loss 0.0864 (0.0826)	
Epoch: [65][40/67]	Time 0.331 (0.326)	Data 0.024 (0.025)	Loss 0.0677 (0.0826)	
Epoch: [65][50/67]	Time 0.329 (0.326)	Data 0.025 (0.025)	Loss 0.0504 (0.0826)	
Epoch: [65][60/67]	Time 0.333 (0.326)	Data 0.025 (0.025)	Loss 0.0757 (0.0825)	
Test: [0/17]	Time 0.123 (0.123)	Loss 0.0845 (0.0845)	Prec@1 0.000 (0.000)	Prec@5 0.000 (0.000)
Test: [10/17]	Time 0.131 (0.127)	Loss 0.0458 (0.0645)	Prec@1 0.000 (0.000)	Prec@5 0.000 (0.000)
Overall Acc: 	 0.8623815508031133
Mean Acc : 	 0.5
FreqW Acc : 	 0.7437019391655827
Mean IoU : 	 0.43119077540155665
* Test:	Time 0.092 (0.126)	Loss 0.0783 (0.0600)	
learning rate = 0.000050
Epoch: [66][0/67]	Time 0.125 (0.326)	Data 0.024 (0.025)	Loss 0.0916 (0.0825)	
Epoch: [66][10/67]	Time 0.329 (0.326)	Data 0.025 (0.025)	Loss 0.0557 (0.0824)	
Epoch: [66][20/67]	Time 0.325 (0.326)	Data 0.024 (0.025)	Loss 0.0397 (0.0824)	
Epoch: [66][30/67]	Time 0.325 (0.326)	Data 0.024 (0.025)	Loss 0.0677 (0.0823)	
Epoch: [66][40/67]	Time 0.326 (0.326)	Data 0.025 (0.025)	Loss 0.0571 (0.0823)	
Epoch: [66][50/67]	Time 0.327 (0.326)	Data 0.025 (0.025)	Loss 0.0891 (0.0823)	
Epoch: [66][60/67]	Time 0.331 (0.326)	Data 0.024 (0.025)	Loss 0.0830 (0.0822)	
Test: [0/17]	Time 0.124 (0.124)	Loss 0.0533 (0.0533)	Prec@1 0.000 (0.000)	Prec@5 0.000 (0.000)
Test: [10/17]	Time 0.128 (0.129)	Loss 0.0411 (0.0565)	Prec@1 0.000 (0.000)	Prec@5 0.000 (0.000)
Overall Acc: 	 0.8619676276819029
Mean Acc : 	 0.5
FreqW Acc : 	 0.7429881911715677
Mean IoU : 	 0.43098381384095147
* Test:	Time 0.095 (0.127)	Loss 0.0884 (0.0547)	
learning rate = 0.000050
Epoch: [67][0/67]	Time 0.124 (0.326)	Data 0.024 (0.025)	Loss 0.0526 (0.0822)	
Epoch: [67][10/67]	Time 0.329 (0.326)	Data 0.025 (0.025)	Loss 0.0592 (0.0821)	
Epoch: [67][20/67]	Time 0.325 (0.326)	Data 0.025 (0.025)	Loss 0.0895 (0.0821)	
Epoch: [67][30/67]	Time 0.323 (0.326)	Data 0.026 (0.025)	Loss 0.0341 (0.0820)	
Epoch: [67][40/67]	Time 0.330 (0.326)	Data 0.024 (0.025)	Loss 0.0513 (0.0820)	
Epoch: [67][50/67]	Time 0.328 (0.326)	Data 0.025 (0.025)	Loss 0.0641 (0.0820)	
Epoch: [67][60/67]	Time 0.327 (0.326)	Data 0.025 (0.025)	Loss 0.0548 (0.0819)	
Test: [0/17]	Time 0.123 (0.123)	Loss 0.0653 (0.0653)	Prec@1 0.000 (0.000)	Prec@5 0.000 (0.000)
Test: [10/17]	Time 0.141 (0.128)	Loss 0.0984 (0.0628)	Prec@1 0.000 (0.000)	Prec@5 0.000 (0.000)
Overall Acc: 	 0.8618084352407882
Mean Acc : 	 0.5
FreqW Acc : 	 0.7427137790521758
Mean IoU : 	 0.4309042176203941
* Test:	Time 0.094 (0.127)	Loss 0.0262 (0.0568)	
learning rate = 0.000050
Epoch: [68][0/67]	Time 0.125 (0.326)	Data 0.024 (0.025)	Loss 0.0642 (0.0819)	
Epoch: [68][10/67]	Time 0.328 (0.326)	Data 0.025 (0.025)	Loss 0.0588 (0.0819)	
Epoch: [68][20/67]	Time 0.324 (0.326)	Data 0.035 (0.025)	Loss 0.0810 (0.0818)	
Epoch: [68][30/67]	Time 0.329 (0.326)	Data 0.025 (0.025)	Loss 0.0553 (0.0818)	
Epoch: [68][40/67]	Time 0.333 (0.326)	Data 0.025 (0.025)	Loss 0.0693 (0.0817)	
Epoch: [68][50/67]	Time 0.328 (0.326)	Data 0.025 (0.025)	Loss 0.0498 (0.0816)	
Epoch: [68][60/67]	Time 0.326 (0.326)	Data 0.025 (0.025)	Loss 0.0738 (0.0816)	
Test: [0/17]	Time 0.125 (0.125)	Loss 0.1311 (0.1311)	Prec@1 0.000 (0.000)	Prec@5 0.000 (0.000)
Test: [10/17]	Time 0.130 (0.129)	Loss 0.0374 (0.0572)	Prec@1 0.000 (0.000)	Prec@5 0.000 (0.000)
Overall Acc: 	 0.8618578554979012
Mean Acc : 	 0.5
FreqW Acc : 	 0.7427989630834411
Mean IoU : 	 0.4309289277489506
* Test:	Time 0.095 (0.127)	Loss 0.0554 (0.0572)	
learning rate = 0.000050
Epoch: [69][0/67]	Time 0.127 (0.326)	Data 0.024 (0.025)	Loss 0.0480 (0.0816)	
Epoch: [69][10/67]	Time 0.328 (0.326)	Data 0.025 (0.025)	Loss 0.0847 (0.0816)	
Epoch: [69][20/67]	Time 0.328 (0.326)	Data 0.024 (0.025)	Loss 0.0651 (0.0815)	
Epoch: [69][30/67]	Time 0.326 (0.326)	Data 0.025 (0.025)	Loss 0.0779 (0.0815)	
Epoch: [69][40/67]	Time 0.330 (0.326)	Data 0.024 (0.025)	Loss 0.0431 (0.0814)	
Epoch: [69][50/67]	Time 0.328 (0.326)	Data 0.024 (0.025)	Loss 0.0425 (0.0814)	
Epoch: [69][60/67]	Time 0.326 (0.326)	Data 0.024 (0.025)	Loss 0.0577 (0.0814)	
Test: [0/17]	Time 0.127 (0.127)	Loss 0.0406 (0.0406)	Prec@1 0.000 (0.000)	Prec@5 0.000 (0.000)
Test: [10/17]	Time 0.129 (0.128)	Loss 0.0749 (0.0548)	Prec@1 0.000 (0.000)	Prec@5 0.000 (0.000)
Overall Acc: 	 0.8621363853340718
Mean Acc : 	 0.5
FreqW Acc : 	 0.7432791469168991
Mean IoU : 	 0.4310681926670359
* Test:	Time 0.093 (0.126)	Loss 0.1011 (0.0562)	
learning rate = 0.000050
Epoch: [70][0/67]	Time 0.127 (0.326)	Data 0.024 (0.025)	Loss 0.0442 (0.0813)	
Epoch: [70][10/67]	Time 0.326 (0.326)	Data 0.025 (0.025)	Loss 0.0647 (0.0813)	
Epoch: [70][20/67]	Time 0.329 (0.326)	Data 0.024 (0.025)	Loss 0.0337 (0.0812)	
Epoch: [70][30/67]	Time 0.324 (0.326)	Data 0.024 (0.025)	Loss 0.0401 (0.0812)	
Epoch: [70][40/67]	Time 0.329 (0.326)	Data 0.025 (0.025)	Loss 0.0619 (0.0812)	
Epoch: [70][50/67]	Time 0.323 (0.326)	Data 0.025 (0.025)	Loss 0.0448 (0.0811)	
Epoch: [70][60/67]	Time 0.329 (0.326)	Data 0.025 (0.025)	Loss 0.0481 (0.0811)	
Test: [0/17]	Time 0.124 (0.124)	Loss 0.0706 (0.0706)	Prec@1 0.000 (0.000)	Prec@5 0.000 (0.000)
Test: [10/17]	Time 0.131 (0.128)	Loss 0.0412 (0.0601)	Prec@1 0.000 (0.000)	Prec@5 0.000 (0.000)
Overall Acc: 	 0.8619981452600279
Mean Acc : 	 0.5
FreqW Acc : 	 0.7430408024317282
Mean IoU : 	 0.43099907263001397
* Test:	Time 0.094 (0.126)	Loss 0.0607 (0.0538)	
learning rate = 0.000050
Epoch: [71][0/67]	Time 0.127 (0.326)	Data 0.024 (0.025)	Loss 0.0643 (0.0811)	
Epoch: [71][10/67]	Time 0.327 (0.326)	Data 0.025 (0.025)	Loss 0.0532 (0.0810)	
Epoch: [71][20/67]	Time 0.328 (0.326)	Data 0.025 (0.025)	Loss 0.0768 (0.0810)	
Epoch: [71][30/67]	Time 0.324 (0.326)	Data 0.024 (0.025)	Loss 0.0219 (0.0809)	
Epoch: [71][40/67]	Time 0.328 (0.326)	Data 0.024 (0.025)	Loss 0.0883 (0.0809)	
Epoch: [71][50/67]	Time 0.329 (0.326)	Data 0.024 (0.025)	Loss 0.1049 (0.0808)	
Epoch: [71][60/67]	Time 0.327 (0.326)	Data 0.024 (0.025)	Loss 0.0303 (0.0808)	
Test: [0/17]	Time 0.125 (0.125)	Loss 0.0809 (0.0809)	Prec@1 0.000 (0.000)	Prec@5 0.000 (0.000)
Test: [10/17]	Time 0.128 (0.127)	Loss 0.0466 (0.0543)	Prec@1 0.000 (0.000)	Prec@5 0.000 (0.000)
Overall Acc: 	 0.8621563128571013
Mean Acc : 	 0.5
FreqW Acc : 	 0.7433135077993519
Mean IoU : 	 0.43107815642855063
* Test:	Time 0.095 (0.126)	Loss 0.0435 (0.0561)	
learning rate = 0.000050
Epoch: [72][0/67]	Time 0.127 (0.326)	Data 0.024 (0.025)	Loss 0.0407 (0.0808)	
Epoch: [72][10/67]	Time 0.325 (0.326)	Data 0.025 (0.025)	Loss 0.0568 (0.0807)	
Epoch: [72][20/67]	Time 0.328 (0.326)	Data 0.024 (0.025)	Loss 0.0439 (0.0807)	
Epoch: [72][30/67]	Time 0.328 (0.326)	Data 0.025 (0.025)	Loss 0.0550 (0.0806)	
Epoch: [72][40/67]	Time 0.324 (0.326)	Data 0.024 (0.025)	Loss 0.0748 (0.0806)	
Epoch: [72][50/67]	Time 0.322 (0.326)	Data 0.025 (0.025)	Loss 0.0431 (0.0806)	
Epoch: [72][60/67]	Time 0.332 (0.326)	Data 0.025 (0.025)	Loss 0.0602 (0.0805)	
Test: [0/17]	Time 0.123 (0.123)	Loss 0.0522 (0.0522)	Prec@1 0.000 (0.000)	Prec@5 0.000 (0.000)
Test: [10/17]	Time 0.131 (0.129)	Loss 0.0592 (0.0525)	Prec@1 0.000 (0.000)	Prec@5 0.000 (0.000)
Overall Acc: 	 0.8623525135552705
Mean Acc : 	 0.5
FreqW Acc : 	 0.743651857635093
Mean IoU : 	 0.43117625677763527
* Test:	Time 0.093 (0.126)	Loss 0.0370 (0.0549)	
learning rate = 0.000050
Epoch: [73][0/67]	Time 0.126 (0.326)	Data 0.024 (0.025)	Loss 0.0426 (0.0805)	
Epoch: [73][10/67]	Time 0.328 (0.326)	Data 0.025 (0.025)	Loss 0.0651 (0.0805)	
Epoch: [73][20/67]	Time 0.332 (0.326)	Data 0.024 (0.025)	Loss 0.0472 (0.0804)	
Epoch: [73][30/67]	Time 0.327 (0.326)	Data 0.024 (0.025)	Loss 0.0716 (0.0804)	
Epoch: [73][40/67]	Time 0.325 (0.326)	Data 0.024 (0.025)	Loss 0.0420 (0.0804)	
Epoch: [73][50/67]	Time 0.327 (0.326)	Data 0.024 (0.025)	Loss 0.0600 (0.0803)	
Epoch: [73][60/67]	Time 0.325 (0.326)	Data 0.024 (0.025)	Loss 0.0368 (0.0803)	
Test: [0/17]	Time 0.125 (0.125)	Loss 0.0792 (0.0792)	Prec@1 0.000 (0.000)	Prec@5 0.000 (0.000)
Test: [10/17]	Time 0.138 (0.128)	Loss 0.0754 (0.0620)	Prec@1 0.000 (0.000)	Prec@5 0.000 (0.000)
Overall Acc: 	 0.8615111165971898
Mean Acc : 	 0.5
FreqW Acc : 	 0.7422014040205368
Mean IoU : 	 0.4307555582985949
* Test:	Time 0.094 (0.126)	Loss 0.0412 (0.0594)	
learning rate = 0.000050
Epoch: [74][0/67]	Time 0.124 (0.325)	Data 0.024 (0.025)	Loss 0.0884 (0.0803)	
Epoch: [74][10/67]	Time 0.330 (0.325)	Data 0.025 (0.025)	Loss 0.0593 (0.0802)	
Epoch: [74][20/67]	Time 0.323 (0.325)	Data 0.025 (0.025)	Loss 0.1125 (0.0802)	
Epoch: [74][30/67]	Time 0.330 (0.325)	Data 0.025 (0.025)	Loss 0.0251 (0.0802)	
Epoch: [74][40/67]	Time 0.324 (0.325)	Data 0.025 (0.025)	Loss 0.0375 (0.0801)	
Epoch: [74][50/67]	Time 0.331 (0.325)	Data 0.025 (0.025)	Loss 0.0700 (0.0801)	
Epoch: [74][60/67]	Time 0.327 (0.325)	Data 0.024 (0.025)	Loss 0.0728 (0.0800)	
Test: [0/17]	Time 0.124 (0.124)	Loss 0.0667 (0.0667)	Prec@1 0.000 (0.000)	Prec@5 0.000 (0.000)
Test: [10/17]	Time 0.131 (0.129)	Loss 0.0738 (0.0603)	Prec@1 0.000 (0.000)	Prec@5 0.000 (0.000)
Overall Acc: 	 0.8623640145828475
Mean Acc : 	 0.5
FreqW Acc : 	 0.7436716936474457
Mean IoU : 	 0.43118200729142375
* Test:	Time 0.095 (0.126)	Loss 0.1015 (0.0572)	
learning rate = 0.000050
Epoch: [75][0/67]	Time 0.124 (0.325)	Data 0.024 (0.025)	Loss 0.0678 (0.0800)	
Epoch: [75][10/67]	Time 0.327 (0.325)	Data 0.025 (0.025)	Loss 0.0689 (0.0800)	
Epoch: [75][20/67]	Time 0.327 (0.325)	Data 0.025 (0.025)	Loss 0.0638 (0.0799)	
Epoch: [75][30/67]	Time 0.323 (0.325)	Data 0.025 (0.025)	Loss 0.0526 (0.0799)	
Epoch: [75][40/67]	Time 0.326 (0.325)	Data 0.024 (0.025)	Loss 0.0372 (0.0799)	
Epoch: [75][50/67]	Time 0.327 (0.325)	Data 0.024 (0.025)	Loss 0.0765 (0.0798)	
Epoch: [75][60/67]	Time 0.330 (0.325)	Data 0.025 (0.025)	Loss 0.0590 (0.0798)	
Test: [0/17]	Time 0.124 (0.124)	Loss 0.0388 (0.0388)	Prec@1 0.000 (0.000)	Prec@5 0.000 (0.000)
Test: [10/17]	Time 0.129 (0.128)	Loss 0.0676 (0.0592)	Prec@1 0.000 (0.000)	Prec@5 0.000 (0.000)
Overall Acc: 	 0.8620326483427588
Mean Acc : 	 0.5
FreqW Acc : 	 0.7431002868088306
Mean IoU : 	 0.4310163241713794
* Test:	Time 0.092 (0.125)	Loss 0.0539 (0.0572)	
learning rate = 0.000050
Epoch: [76][0/67]	Time 0.127 (0.325)	Data 0.024 (0.025)	Loss 0.0649 (0.0797)	
Epoch: [76][10/67]	Time 0.324 (0.325)	Data 0.025 (0.025)	Loss 0.0527 (0.0797)	
Epoch: [76][20/67]	Time 0.325 (0.325)	Data 0.024 (0.025)	Loss 0.0794 (0.0797)	
Epoch: [76][30/67]	Time 0.327 (0.325)	Data 0.025 (0.025)	Loss 0.0525 (0.0796)	
Epoch: [76][40/67]	Time 0.327 (0.325)	Data 0.024 (0.025)	Loss 0.0575 (0.0796)	
Epoch: [76][50/67]	Time 0.325 (0.325)	Data 0.025 (0.025)	Loss 0.0569 (0.0796)	
Epoch: [76][60/67]	Time 0.324 (0.325)	Data 0.025 (0.025)	Loss 0.0334 (0.0795)	
Test: [0/17]	Time 0.125 (0.125)	Loss 0.0620 (0.0620)	Prec@1 0.000 (0.000)	Prec@5 0.000 (0.000)
Test: [10/17]	Time 0.136 (0.128)	Loss 0.0484 (0.0548)	Prec@1 0.000 (0.000)	Prec@5 0.000 (0.000)
Overall Acc: 	 0.8619168409660681
Mean Acc : 	 0.5
FreqW Acc : 	 0.7429006407409264
Mean IoU : 	 0.43095842048303407
* Test:	Time 0.092 (0.126)	Loss 0.0362 (0.0562)	
learning rate = 0.000050
Epoch: [77][0/67]	Time 0.126 (0.325)	Data 0.024 (0.025)	Loss 0.0559 (0.0795)	
Epoch: [77][10/67]	Time 0.328 (0.325)	Data 0.024 (0.025)	Loss 0.0578 (0.0795)	
Epoch: [77][20/67]	Time 0.327 (0.325)	Data 0.025 (0.025)	Loss 0.0537 (0.0794)	
Epoch: [77][30/67]	Time 0.326 (0.325)	Data 0.025 (0.025)	Loss 0.0460 (0.0794)	
Epoch: [77][40/67]	Time 0.324 (0.325)	Data 0.025 (0.025)	Loss 0.0453 (0.0793)	
Epoch: [77][50/67]	Time 0.326 (0.325)	Data 0.024 (0.025)	Loss 0.0551 (0.0793)	
Epoch: [77][60/67]	Time 0.328 (0.325)	Data 0.025 (0.025)	Loss 0.0635 (0.0792)	
Test: [0/17]	Time 0.124 (0.124)	Loss 0.0352 (0.0352)	Prec@1 0.000 (0.000)	Prec@5 0.000 (0.000)
Test: [10/17]	Time 0.129 (0.128)	Loss 0.0554 (0.0537)	Prec@1 0.000 (0.000)	Prec@5 0.000 (0.000)
Overall Acc: 	 0.8624150290418027
Mean Acc : 	 0.5
FreqW Acc : 	 0.7437596823171734
Mean IoU : 	 0.43120751452090134
* Test:	Time 0.094 (0.126)	Loss 0.1074 (0.0593)	
learning rate = 0.000050
Epoch: [78][0/67]	Time 0.125 (0.325)	Data 0.024 (0.025)	Loss 0.0394 (0.0792)	
Epoch: [78][10/67]	Time 0.328 (0.325)	Data 0.025 (0.025)	Loss 0.0846 (0.0792)	
Epoch: [78][20/67]	Time 0.326 (0.325)	Data 0.025 (0.025)	Loss 0.0617 (0.0792)	
Epoch: [78][30/67]	Time 0.326 (0.325)	Data 0.024 (0.025)	Loss 0.0916 (0.0791)	
Epoch: [78][40/67]	Time 0.327 (0.325)	Data 0.025 (0.025)	Loss 0.0329 (0.0791)	
Epoch: [78][50/67]	Time 0.331 (0.325)	Data 0.025 (0.025)	Loss 0.0628 (0.0791)	
Epoch: [78][60/67]	Time 0.332 (0.325)	Data 0.025 (0.025)	Loss 0.0488 (0.0790)	
Test: [0/17]	Time 0.123 (0.123)	Loss 0.0484 (0.0484)	Prec@1 0.000 (0.000)	Prec@5 0.000 (0.000)
Test: [10/17]	Time 0.129 (0.128)	Loss 0.0439 (0.0553)	Prec@1 0.000 (0.000)	Prec@5 0.000 (0.000)
Overall Acc: 	 0.8624745838677705
Mean Acc : 	 0.5
FreqW Acc : 	 0.7438624078178839
Mean IoU : 	 0.43123729193388527
* Test:	Time 0.094 (0.125)	Loss 0.1170 (0.0583)	
learning rate = 0.000050
Epoch: [79][0/67]	Time 0.127 (0.325)	Data 0.024 (0.025)	Loss 0.0339 (0.0790)	
Epoch: [79][10/67]	Time 0.320 (0.325)	Data 0.024 (0.025)	Loss 0.0405 (0.0789)	
Epoch: [79][20/67]	Time 0.327 (0.325)	Data 0.024 (0.025)	Loss 0.0587 (0.0789)	
Epoch: [79][30/67]	Time 0.326 (0.325)	Data 0.025 (0.025)	Loss 0.0483 (0.0789)	
Epoch: [79][40/67]	Time 0.323 (0.325)	Data 0.024 (0.025)	Loss 0.0607 (0.0788)	
Epoch: [79][50/67]	Time 0.329 (0.325)	Data 0.025 (0.025)	Loss 0.0453 (0.0788)	
Epoch: [79][60/67]	Time 0.324 (0.325)	Data 0.025 (0.025)	Loss 0.0721 (0.0787)	
Test: [0/17]	Time 0.124 (0.124)	Loss 0.0328 (0.0328)	Prec@1 0.000 (0.000)	Prec@5 0.000 (0.000)
Test: [10/17]	Time 0.129 (0.127)	Loss 0.1017 (0.0621)	Prec@1 0.000 (0.000)	Prec@5 0.000 (0.000)
Overall Acc: 	 0.8629994178885845
Mean Acc : 	 0.5
FreqW Acc : 	 0.7447679952760357
Mean IoU : 	 0.43149970894429224
* Test:	Time 0.094 (0.125)	Loss 0.0456 (0.0586)	
learning rate = 0.000050
Epoch: [80][0/67]	Time 0.127 (0.325)	Data 0.025 (0.025)	Loss 0.0385 (0.0787)	
Epoch: [80][10/67]	Time 0.325 (0.325)	Data 0.025 (0.025)	Loss 0.0751 (0.0787)	
Epoch: [80][20/67]	Time 0.328 (0.325)	Data 0.025 (0.025)	Loss 0.0360 (0.0787)	
Epoch: [80][30/67]	Time 0.326 (0.325)	Data 0.025 (0.025)	Loss 0.0759 (0.0787)	
Epoch: [80][40/67]	Time 0.328 (0.325)	Data 0.025 (0.025)	Loss 0.0774 (0.0786)	
Epoch: [80][50/67]	Time 0.326 (0.325)	Data 0.025 (0.025)	Loss 0.0702 (0.0786)	
Epoch: [80][60/67]	Time 0.327 (0.325)	Data 0.025 (0.025)	Loss 0.0593 (0.0785)	
Test: [0/17]	Time 0.124 (0.124)	Loss 0.0515 (0.0515)	Prec@1 0.000 (0.000)	Prec@5 0.000 (0.000)
Test: [10/17]	Time 0.131 (0.127)	Loss 0.0419 (0.0519)	Prec@1 0.000 (0.000)	Prec@5 0.000 (0.000)
Overall Acc: 	 0.8625409709873484
Mean Acc : 	 0.5
FreqW Acc : 	 0.7439769266317978
Mean IoU : 	 0.4312704854936742
* Test:	Time 0.095 (0.125)	Loss 0.0493 (0.0542)	
learning rate = 0.000050
Epoch: [81][0/67]	Time 0.127 (0.325)	Data 0.024 (0.025)	Loss 0.0450 (0.0785)	
Epoch: [81][10/67]	Time 0.326 (0.325)	Data 0.025 (0.025)	Loss 0.0569 (0.0785)	
Epoch: [81][20/67]	Time 0.327 (0.325)	Data 0.025 (0.025)	Loss 0.0816 (0.0784)	
Epoch: [81][30/67]	Time 0.330 (0.325)	Data 0.025 (0.025)	Loss 0.1195 (0.0784)	
Epoch: [81][40/67]	Time 0.328 (0.325)	Data 0.025 (0.025)	Loss 0.0715 (0.0784)	
Epoch: [81][50/67]	Time 0.326 (0.325)	Data 0.025 (0.025)	Loss 0.0598 (0.0783)	
Epoch: [81][60/67]	Time 0.327 (0.325)	Data 0.024 (0.025)	Loss 0.0579 (0.0783)	
Test: [0/17]	Time 0.125 (0.125)	Loss 0.0578 (0.0578)	Prec@1 0.000 (0.000)	Prec@5 0.000 (0.000)
Test: [10/17]	Time 0.128 (0.128)	Loss 0.0566 (0.0582)	Prec@1 0.000 (0.000)	Prec@5 0.000 (0.000)
Overall Acc: 	 0.8625695527489505
Mean Acc : 	 0.5
FreqW Acc : 	 0.7440262333295246
Mean IoU : 	 0.43128477637447526
* Test:	Time 0.094 (0.126)	Loss 0.0576 (0.0560)	
learning rate = 0.000050
Epoch: [82][0/67]	Time 0.124 (0.325)	Data 0.024 (0.025)	Loss 0.0278 (0.0783)	
Epoch: [82][10/67]	Time 0.331 (0.325)	Data 0.025 (0.025)	Loss 0.0581 (0.0782)	
Epoch: [82][20/67]	Time 0.325 (0.325)	Data 0.025 (0.025)	Loss 0.0534 (0.0782)	
Epoch: [82][30/67]	Time 0.324 (0.325)	Data 0.024 (0.025)	Loss 0.0476 (0.0782)	
Epoch: [82][40/67]	Time 0.324 (0.325)	Data 0.025 (0.025)	Loss 0.0473 (0.0781)	
Epoch: [82][50/67]	Time 0.326 (0.325)	Data 0.025 (0.025)	Loss 0.0551 (0.0781)	
Epoch: [82][60/67]	Time 0.325 (0.325)	Data 0.025 (0.025)	Loss 0.0887 (0.0781)	
Test: [0/17]	Time 0.124 (0.124)	Loss 0.0425 (0.0425)	Prec@1 0.000 (0.000)	Prec@5 0.000 (0.000)
Test: [10/17]	Time 0.129 (0.131)	Loss 0.0462 (0.0595)	Prec@1 0.000 (0.000)	Prec@5 0.000 (0.000)
Overall Acc: 	 0.8622658572979828
Mean Acc : 	 0.5
FreqW Acc : 	 0.7435024086618252
Mean IoU : 	 0.4311329286489914
* Test:	Time 0.093 (0.127)	Loss 0.0448 (0.0552)	
learning rate = 0.000050
Epoch: [83][0/67]	Time 0.125 (0.325)	Data 0.024 (0.025)	Loss 0.0687 (0.0780)	
Epoch: [83][10/67]	Time 0.331 (0.325)	Data 0.024 (0.025)	Loss 0.0542 (0.0780)	
Epoch: [83][20/67]	Time 0.325 (0.325)	Data 0.024 (0.025)	Loss 0.0749 (0.0780)	
Epoch: [83][30/67]	Time 0.325 (0.325)	Data 0.025 (0.025)	Loss 0.0788 (0.0780)	
Epoch: [83][40/67]	Time 0.323 (0.325)	Data 0.025 (0.025)	Loss 0.0354 (0.0780)	
Epoch: [83][50/67]	Time 0.329 (0.325)	Data 0.024 (0.025)	Loss 0.0496 (0.0779)	
Epoch: [83][60/67]	Time 0.326 (0.325)	Data 0.025 (0.025)	Loss 0.0457 (0.0779)	
Test: [0/17]	Time 0.126 (0.126)	Loss 0.0480 (0.0480)	Prec@1 0.000 (0.000)	Prec@5 0.000 (0.000)
Test: [10/17]	Time 0.131 (0.128)	Loss 0.0529 (0.0603)	Prec@1 0.000 (0.000)	Prec@5 0.000 (0.000)
Overall Acc: 	 0.8624772029136544
Mean Acc : 	 0.5
FreqW Acc : 	 0.743866925545761
Mean IoU : 	 0.4312386014568272
* Test:	Time 0.092 (0.126)	Loss 0.0506 (0.0554)	
learning rate = 0.000050
Epoch: [84][0/67]	Time 0.126 (0.325)	Data 0.024 (0.025)	Loss 0.1016 (0.0778)	
Epoch: [84][10/67]	Time 0.326 (0.325)	Data 0.025 (0.025)	Loss 0.0414 (0.0778)	
Epoch: [84][20/67]	Time 0.324 (0.325)	Data 0.024 (0.025)	Loss 0.0432 (0.0778)	
Epoch: [84][30/67]	Time 0.327 (0.325)	Data 0.025 (0.025)	Loss 0.0630 (0.0778)	
Epoch: [84][40/67]	Time 0.324 (0.325)	Data 0.024 (0.025)	Loss 0.0554 (0.0777)	
Epoch: [84][50/67]	Time 0.330 (0.325)	Data 0.025 (0.025)	Loss 0.0668 (0.0777)	
Epoch: [84][60/67]	Time 0.328 (0.325)	Data 0.025 (0.025)	Loss 0.0640 (0.0777)	
Test: [0/17]	Time 0.123 (0.123)	Loss 0.0579 (0.0579)	Prec@1 0.000 (0.000)	Prec@5 0.000 (0.000)
Test: [10/17]	Time 0.139 (0.128)	Loss 0.0491 (0.0564)	Prec@1 0.000 (0.000)	Prec@5 0.000 (0.000)
Overall Acc: 	 0.8624333623629897
Mean Acc : 	 0.5
FreqW Acc : 	 0.7437913045167319
Mean IoU : 	 0.43121668118149487
* Test:	Time 0.094 (0.132)	Loss 0.0663 (0.0562)	
learning rate = 0.000050
Epoch: [85][0/67]	Time 0.127 (0.325)	Data 0.024 (0.025)	Loss 0.1080 (0.0776)	
Epoch: [85][10/67]	Time 0.323 (0.325)	Data 0.024 (0.025)	Loss 0.0327 (0.0776)	
Epoch: [85][20/67]	Time 0.329 (0.325)	Data 0.024 (0.025)	Loss 0.0400 (0.0776)	
Epoch: [85][30/67]	Time 0.328 (0.325)	Data 0.025 (0.025)	Loss 0.0470 (0.0775)	
Epoch: [85][40/67]	Time 0.330 (0.325)	Data 0.025 (0.025)	Loss 0.0385 (0.0775)	
Epoch: [85][50/67]	Time 0.330 (0.325)	Data 0.025 (0.025)	Loss 0.0412 (0.0775)	
Epoch: [85][60/67]	Time 0.327 (0.325)	Data 0.025 (0.025)	Loss 0.0511 (0.0774)	
Test: [0/17]	Time 0.125 (0.125)	Loss 0.0798 (0.0798)	Prec@1 0.000 (0.000)	Prec@5 0.000 (0.000)
Test: [10/17]	Time 0.136 (0.128)	Loss 0.0595 (0.0624)	Prec@1 0.000 (0.000)	Prec@5 0.000 (0.000)
Overall Acc: 	 0.8614845845236707
Mean Acc : 	 0.5
FreqW Acc : 	 0.7421556893719216
Mean IoU : 	 0.43074229226183536
* Test:	Time 0.093 (0.126)	Loss 0.0362 (0.0571)	
learning rate = 0.000050
Epoch: [86][0/67]	Time 0.124 (0.325)	Data 0.024 (0.025)	Loss 0.0712 (0.0774)	
Epoch: [86][10/67]	Time 0.328 (0.325)	Data 0.026 (0.025)	Loss 0.0508 (0.0774)	
Epoch: [86][20/67]	Time 0.325 (0.325)	Data 0.025 (0.025)	Loss 0.0278 (0.0773)	
Epoch: [86][30/67]	Time 0.326 (0.325)	Data 0.024 (0.025)	Loss 0.0464 (0.0773)	
Epoch: [86][40/67]	Time 0.330 (0.325)	Data 0.025 (0.025)	Loss 0.0426 (0.0773)	
Epoch: [86][50/67]	Time 0.329 (0.325)	Data 0.025 (0.025)	Loss 0.0390 (0.0772)	
Epoch: [86][60/67]	Time 0.329 (0.325)	Data 0.025 (0.025)	Loss 0.0519 (0.0772)	
Test: [0/17]	Time 0.127 (0.127)	Loss 0.0368 (0.0368)	Prec@1 0.000 (0.000)	Prec@5 0.000 (0.000)
Test: [10/17]	Time 0.134 (0.129)	Loss 0.0600 (0.0450)	Prec@1 0.000 (0.000)	Prec@5 0.000 (0.000)
Overall Acc: 	 0.8618931556815532
Mean Acc : 	 0.5
FreqW Acc : 	 0.7428598118107061
Mean IoU : 	 0.4309465778407766
* Test:	Time 0.094 (0.126)	Loss 0.0780 (0.0568)	
learning rate = 0.000050
Epoch: [87][0/67]	Time 0.125 (0.325)	Data 0.024 (0.025)	Loss 0.0722 (0.0772)	
Epoch: [87][10/67]	Time 0.326 (0.325)	Data 0.025 (0.025)	Loss 0.0793 (0.0772)	
Epoch: [87][20/67]	Time 0.325 (0.325)	Data 0.025 (0.025)	Loss 0.0238 (0.0771)	
Epoch: [87][30/67]	Time 0.328 (0.325)	Data 0.025 (0.025)	Loss 0.1172 (0.0771)	
Epoch: [87][40/67]	Time 0.331 (0.325)	Data 0.025 (0.025)	Loss 0.0781 (0.0771)	
Epoch: [87][50/67]	Time 0.328 (0.325)	Data 0.025 (0.025)	Loss 0.0561 (0.0770)	
Epoch: [87][60/67]	Time 0.327 (0.325)	Data 0.025 (0.025)	Loss 0.0554 (0.0770)	
Test: [0/17]	Time 0.124 (0.124)	Loss 0.0802 (0.0802)	Prec@1 0.000 (0.000)	Prec@5 0.000 (0.000)
Test: [10/17]	Time 0.131 (0.127)	Loss 0.0586 (0.0557)	Prec@1 0.000 (0.000)	Prec@5 0.000 (0.000)
Overall Acc: 	 0.8625300393175723
Mean Acc : 	 0.5
FreqW Acc : 	 0.7439580687251729
Mean IoU : 	 0.43126501965878616
* Test:	Time 0.093 (0.126)	Loss 0.0543 (0.0553)	
learning rate = 0.000050
Epoch: [88][0/67]	Time 0.127 (0.325)	Data 0.024 (0.025)	Loss 0.0678 (0.0769)	
Epoch: [88][10/67]	Time 0.324 (0.325)	Data 0.025 (0.025)	Loss 0.0476 (0.0769)	
Epoch: [88][20/67]	Time 0.333 (0.325)	Data 0.025 (0.025)	Loss 0.0876 (0.0769)	
Epoch: [88][30/67]	Time 0.327 (0.325)	Data 0.025 (0.025)	Loss 0.0948 (0.0769)	
Epoch: [88][40/67]	Time 0.326 (0.325)	Data 0.025 (0.025)	Loss 0.0828 (0.0768)	
Epoch: [88][50/67]	Time 0.327 (0.325)	Data 0.025 (0.025)	Loss 0.0519 (0.0768)	
Epoch: [88][60/67]	Time 0.328 (0.325)	Data 0.025 (0.025)	Loss 0.0532 (0.0768)	
Test: [0/17]	Time 0.123 (0.123)	Loss 0.0278 (0.0278)	Prec@1 0.000 (0.000)	Prec@5 0.000 (0.000)
Test: [10/17]	Time 0.127 (0.127)	Loss 0.0799 (0.0635)	Prec@1 0.000 (0.000)	Prec@5 0.000 (0.000)
Overall Acc: 	 0.8620446048565765
Mean Acc : 	 0.5
FreqW Acc : 	 0.7431209007623312
Mean IoU : 	 0.43102230242828826
* Test:	Time 0.094 (0.125)	Loss 0.0397 (0.0571)	
learning rate = 0.000050
Epoch: [89][0/67]	Time 0.124 (0.325)	Data 0.024 (0.025)	Loss 0.0353 (0.0767)	
Epoch: [89][10/67]	Time 0.326 (0.325)	Data 0.025 (0.025)	Loss 0.0790 (0.0767)	
Epoch: [89][20/67]	Time 0.324 (0.325)	Data 0.025 (0.025)	Loss 0.0702 (0.0767)	
Epoch: [89][30/67]	Time 0.329 (0.325)	Data 0.025 (0.025)	Loss 0.0695 (0.0767)	
Epoch: [89][40/67]	Time 0.331 (0.325)	Data 0.025 (0.025)	Loss 0.0540 (0.0766)	
Epoch: [89][50/67]	Time 0.327 (0.325)	Data 0.024 (0.025)	Loss 0.0481 (0.0766)	
Epoch: [89][60/67]	Time 0.323 (0.325)	Data 0.024 (0.025)	Loss 0.0573 (0.0765)	
Test: [0/17]	Time 0.123 (0.123)	Loss 0.0286 (0.0286)	Prec@1 0.000 (0.000)	Prec@5 0.000 (0.000)
Test: [10/17]	Time 0.130 (0.128)	Loss 0.0356 (0.0571)	Prec@1 0.000 (0.000)	Prec@5 0.000 (0.000)
Overall Acc: 	 0.8622750808943563
Mean Acc : 	 0.5
FreqW Acc : 	 0.7435183151313688
Mean IoU : 	 0.43113754044717817
* Test:	Time 0.093 (0.125)	Loss 0.0530 (0.0550)	
learning rate = 0.000050
Epoch: [90][0/67]	Time 0.125 (0.325)	Data 0.024 (0.025)	Loss 0.0628 (0.0765)	
Epoch: [90][10/67]	Time 0.328 (0.325)	Data 0.025 (0.025)	Loss 0.0378 (0.0765)	
Epoch: [90][20/67]	Time 0.326 (0.325)	Data 0.024 (0.025)	Loss 0.0844 (0.0765)	
Epoch: [90][30/67]	Time 0.327 (0.325)	Data 0.024 (0.025)	Loss 0.1110 (0.0765)	
Epoch: [90][40/67]	Time 0.324 (0.325)	Data 0.024 (0.025)	Loss 0.0833 (0.0764)	
Epoch: [90][50/67]	Time 0.329 (0.325)	Data 0.025 (0.025)	Loss 0.0535 (0.0764)	
Epoch: [90][60/67]	Time 0.323 (0.325)	Data 0.025 (0.025)	Loss 0.0488 (0.0764)	
Test: [0/17]	Time 0.125 (0.125)	Loss 0.0648 (0.0648)	Prec@1 0.000 (0.000)	Prec@5 0.000 (0.000)
Test: [10/17]	Time 0.135 (0.129)	Loss 0.1017 (0.0578)	Prec@1 0.000 (0.000)	Prec@5 0.000 (0.000)
Overall Acc: 	 0.8624529482713387
Mean Acc : 	 0.5
FreqW Acc : 	 0.7438250879819244
Mean IoU : 	 0.43122647413566934
* Test:	Time 0.096 (0.127)	Loss 0.0703 (0.0543)	
learning rate = 0.000050
Epoch: [91][0/67]	Time 0.125 (0.325)	Data 0.024 (0.025)	Loss 0.0581 (0.0763)	
Epoch: [91][10/67]	Time 0.331 (0.325)	Data 0.024 (0.025)	Loss 0.0334 (0.0763)	
Epoch: [91][20/67]	Time 0.326 (0.325)	Data 0.025 (0.025)	Loss 0.0547 (0.0763)	
Epoch: [91][30/67]	Time 0.331 (0.325)	Data 0.025 (0.025)	Loss 0.0191 (0.0762)	
Epoch: [91][40/67]	Time 0.322 (0.325)	Data 0.025 (0.025)	Loss 0.0429 (0.0762)	
Epoch: [91][50/67]	Time 0.327 (0.325)	Data 0.025 (0.025)	Loss 0.0592 (0.0762)	
Epoch: [91][60/67]	Time 0.329 (0.325)	Data 0.025 (0.025)	Loss 0.0519 (0.0761)	
Test: [0/17]	Time 0.125 (0.125)	Loss 0.0717 (0.0717)	Prec@1 0.000 (0.000)	Prec@5 0.000 (0.000)
Test: [10/17]	Time 0.132 (0.128)	Loss 0.0344 (0.0606)	Prec@1 0.000 (0.000)	Prec@5 0.000 (0.000)
Overall Acc: 	 0.8625181966753148
Mean Acc : 	 0.5
FreqW Acc : 	 0.7439376395960371
Mean IoU : 	 0.4312590983376574
* Test:	Time 0.094 (0.126)	Loss 0.0772 (0.0564)	
learning rate = 0.000050
Epoch: [92][0/67]	Time 0.126 (0.325)	Data 0.024 (0.025)	Loss 0.0436 (0.0761)	
Epoch: [92][10/67]	Time 0.327 (0.325)	Data 0.025 (0.025)	Loss 0.0637 (0.0761)	
Epoch: [92][20/67]	Time 0.322 (0.325)	Data 0.024 (0.025)	Loss 0.0458 (0.0760)	
Epoch: [92][30/67]	Time 0.326 (0.325)	Data 0.025 (0.025)	Loss 0.0729 (0.0760)	
Epoch: [92][40/67]	Time 0.331 (0.325)	Data 0.025 (0.025)	Loss 0.0440 (0.0760)	
Epoch: [92][50/67]	Time 0.324 (0.325)	Data 0.025 (0.025)	Loss 0.0528 (0.0760)	
Epoch: [92][60/67]	Time 0.326 (0.325)	Data 0.025 (0.025)	Loss 0.0301 (0.0759)	
Test: [0/17]	Time 0.124 (0.124)	Loss 0.0234 (0.0234)	Prec@1 0.000 (0.000)	Prec@5 0.000 (0.000)
Test: [10/17]	Time 0.129 (0.127)	Loss 0.0711 (0.0518)	Prec@1 0.000 (0.000)	Prec@5 0.000 (0.000)
Overall Acc: 	 0.8623936211884912
Mean Acc : 	 0.5
FreqW Acc : 	 0.7437227578665988
Mean IoU : 	 0.4311968105942456
* Test:	Time 0.094 (0.125)	Loss 0.0412 (0.0558)	
learning rate = 0.000050
Epoch: [93][0/67]	Time 0.124 (0.325)	Data 0.024 (0.025)	Loss 0.0547 (0.0759)	
Epoch: [93][10/67]	Time 0.327 (0.325)	Data 0.024 (0.025)	Loss 0.0364 (0.0759)	
Epoch: [93][20/67]	Time 0.326 (0.325)	Data 0.025 (0.025)	Loss 0.0442 (0.0758)	
Epoch: [93][30/67]	Time 0.326 (0.325)	Data 0.025 (0.025)	Loss 0.0709 (0.0758)	
Epoch: [93][40/67]	Time 0.325 (0.325)	Data 0.025 (0.025)	Loss 0.0934 (0.0758)	
Epoch: [93][50/67]	Time 0.328 (0.325)	Data 0.024 (0.025)	Loss 0.0783 (0.0757)	
Epoch: [93][60/67]	Time 0.325 (0.325)	Data 0.025 (0.025)	Loss 0.0352 (0.0757)	
Test: [0/17]	Time 0.123 (0.123)	Loss 0.0346 (0.0346)	Prec@1 0.000 (0.000)	Prec@5 0.000 (0.000)
Test: [10/17]	Time 0.129 (0.129)	Loss 0.0578 (0.0588)	Prec@1 0.000 (0.000)	Prec@5 0.000 (0.000)
Overall Acc: 	 0.8618010335893773
Mean Acc : 	 0.5
FreqW Acc : 	 0.742701021495719
Mean IoU : 	 0.43090051679468866
* Test:	Time 0.095 (0.127)	Loss 0.0389 (0.0573)	
learning rate = 0.000050
Epoch: [94][0/67]	Time 0.127 (0.325)	Data 0.024 (0.025)	Loss 0.0491 (0.0757)	
Epoch: [94][10/67]	Time 0.328 (0.325)	Data 0.025 (0.025)	Loss 0.0493 (0.0757)	
Epoch: [94][20/67]	Time 0.326 (0.325)	Data 0.025 (0.025)	Loss 0.0497 (0.0756)	
Epoch: [94][30/67]	Time 0.333 (0.325)	Data 0.025 (0.025)	Loss 0.0557 (0.0756)	
Epoch: [94][40/67]	Time 0.324 (0.325)	Data 0.025 (0.025)	Loss 0.0836 (0.0756)	
Epoch: [94][50/67]	Time 0.328 (0.325)	Data 0.025 (0.025)	Loss 0.0718 (0.0755)	
Epoch: [94][60/67]	Time 0.324 (0.325)	Data 0.025 (0.025)	Loss 0.0645 (0.0755)	
Test: [0/17]	Time 0.123 (0.123)	Loss 0.0376 (0.0376)	Prec@1 0.000 (0.000)	Prec@5 0.000 (0.000)
Test: [10/17]	Time 0.127 (0.128)	Loss 0.0974 (0.0631)	Prec@1 0.000 (0.000)	Prec@5 0.000 (0.000)
Overall Acc: 	 0.8622075550591768
Mean Acc : 	 0.5
FreqW Acc : 	 0.7434018680011234
Mean IoU : 	 0.4311037775295884
* Test:	Time 0.097 (0.126)	Loss 0.0405 (0.0592)	
learning rate = 0.000050
Epoch: [95][0/67]	Time 0.124 (0.325)	Data 0.025 (0.025)	Loss 0.0216 (0.0755)	
Epoch: [95][10/67]	Time 0.327 (0.325)	Data 0.025 (0.025)	Loss 0.0472 (0.0755)	
Epoch: [95][20/67]	Time 0.326 (0.325)	Data 0.025 (0.025)	Loss 0.0628 (0.0754)	
Epoch: [95][30/67]	Time 0.327 (0.325)	Data 0.025 (0.025)	Loss 0.0657 (0.0754)	
Epoch: [95][40/67]	Time 0.332 (0.325)	Data 0.025 (0.025)	Loss 0.0623 (0.0754)	
Epoch: [95][50/67]	Time 0.330 (0.325)	Data 0.025 (0.025)	Loss 0.0595 (0.0754)	
Epoch: [95][60/67]	Time 0.327 (0.325)	Data 0.025 (0.025)	Loss 0.0309 (0.0753)	
Test: [0/17]	Time 0.124 (0.124)	Loss 0.0917 (0.0917)	Prec@1 0.000 (0.000)	Prec@5 0.000 (0.000)
Test: [10/17]	Time 0.131 (0.129)	Loss 0.0578 (0.0732)	Prec@1 0.000 (0.000)	Prec@5 0.000 (0.000)
Overall Acc: 	 0.8625660227305854
Mean Acc : 	 0.5
FreqW Acc : 	 0.7440201435692607
Mean IoU : 	 0.4312830113652927
* Test:	Time 0.094 (0.127)	Loss 0.0516 (0.0723)	
learning rate = 0.000050
Epoch: [96][0/67]	Time 0.125 (0.325)	Data 0.024 (0.025)	Loss 0.0739 (0.0753)	
Epoch: [96][10/67]	Time 0.328 (0.325)	Data 0.024 (0.025)	Loss 0.1755 (0.0754)	
Epoch: [96][20/67]	Time 0.325 (0.325)	Data 0.025 (0.025)	Loss 0.1326 (0.0754)	
Epoch: [96][30/67]	Time 0.328 (0.325)	Data 0.024 (0.025)	Loss 0.1199 (0.0753)	
Epoch: [96][40/67]	Time 0.332 (0.325)	Data 0.025 (0.025)	Loss 0.0324 (0.0753)	
Epoch: [96][50/67]	Time 0.325 (0.325)	Data 0.025 (0.025)	Loss 0.0852 (0.0753)	
Epoch: [96][60/67]	Time 0.325 (0.325)	Data 0.035 (0.025)	Loss 0.0748 (0.0753)	
Test: [0/17]	Time 0.125 (0.125)	Loss 0.0305 (0.0305)	Prec@1 0.000 (0.000)	Prec@5 0.000 (0.000)
Test: [10/17]	Time 0.131 (0.128)	Loss 0.1070 (0.0573)	Prec@1 0.000 (0.000)	Prec@5 0.000 (0.000)
Overall Acc: 	 0.8616845429833255
Mean Acc : 	 0.5
FreqW Acc : 	 0.7425002516163826
Mean IoU : 	 0.43084227149166276
* Test:	Time 0.093 (0.126)	Loss 0.0276 (0.0583)	
learning rate = 0.000050
Epoch: [97][0/67]	Time 0.124 (0.325)	Data 0.024 (0.025)	Loss 0.0742 (0.0753)	
Epoch: [97][10/67]	Time 0.325 (0.325)	Data 0.025 (0.025)	Loss 0.0431 (0.0752)	
Epoch: [97][20/67]	Time 0.325 (0.325)	Data 0.024 (0.025)	Loss 0.0404 (0.0752)	
Epoch: [97][30/67]	Time 0.324 (0.325)	Data 0.024 (0.025)	Loss 0.1302 (0.0752)	
Epoch: [97][40/67]	Time 0.326 (0.325)	Data 0.025 (0.025)	Loss 0.0668 (0.0752)	
Epoch: [97][50/67]	Time 0.325 (0.325)	Data 0.025 (0.025)	Loss 0.0638 (0.0751)	
Epoch: [97][60/67]	Time 0.328 (0.325)	Data 0.025 (0.025)	Loss 0.0439 (0.0751)	
Test: [0/17]	Time 0.124 (0.124)	Loss 0.0703 (0.0703)	Prec@1 0.000 (0.000)	Prec@5 0.000 (0.000)
Test: [10/17]	Time 0.130 (0.128)	Loss 0.0268 (0.0521)	Prec@1 0.000 (0.000)	Prec@5 0.000 (0.000)
Overall Acc: 	 0.8623741491517024
Mean Acc : 	 0.5
FreqW Acc : 	 0.7436891731251226
Mean IoU : 	 0.4311870745758512
* Test:	Time 0.094 (0.126)	Loss 0.0863 (0.0558)	
learning rate = 0.000050
Epoch: [98][0/67]	Time 0.122 (0.325)	Data 0.024 (0.025)	Loss 0.0572 (0.0751)	
Epoch: [98][10/67]	Time 0.327 (0.325)	Data 0.024 (0.025)	Loss 0.0488 (0.0751)	
Epoch: [98][20/67]	Time 0.325 (0.325)	Data 0.025 (0.025)	Loss 0.0961 (0.0751)	
Epoch: [98][30/67]	Time 0.327 (0.325)	Data 0.025 (0.025)	Loss 0.0399 (0.0750)	
Epoch: [98][40/67]	Time 0.325 (0.325)	Data 0.025 (0.025)	Loss 0.0436 (0.0750)	
Epoch: [98][50/67]	Time 0.327 (0.325)	Data 0.024 (0.025)	Loss 0.0547 (0.0750)	
Epoch: [98][60/67]	Time 0.328 (0.325)	Data 0.025 (0.025)	Loss 0.0334 (0.0749)	
Test: [0/17]	Time 0.123 (0.123)	Loss 0.0369 (0.0369)	Prec@1 0.000 (0.000)	Prec@5 0.000 (0.000)
Test: [10/17]	Time 0.128 (0.126)	Loss 0.1085 (0.0633)	Prec@1 0.000 (0.000)	Prec@5 0.000 (0.000)
Overall Acc: 	 0.8617245119009445
Mean Acc : 	 0.5
FreqW Acc : 	 0.742569134410921
Mean IoU : 	 0.43086225595047223
* Test:	Time 0.100 (0.128)	Loss 0.0754 (0.0659)	
learning rate = 0.000050
Epoch: [99][0/67]	Time 0.125 (0.325)	Data 0.024 (0.025)	Loss 0.0854 (0.0749)	
Epoch: [99][10/67]	Time 0.324 (0.325)	Data 0.025 (0.025)	Loss 0.0876 (0.0749)	
Epoch: [99][20/67]	Time 0.326 (0.325)	Data 0.025 (0.025)	Loss 0.0746 (0.0749)	
Epoch: [99][30/67]	Time 0.328 (0.325)	Data 0.024 (0.025)	Loss 0.0720 (0.0749)	
Epoch: [99][40/67]	Time 0.327 (0.325)	Data 0.024 (0.025)	Loss 0.0335 (0.0748)	
Epoch: [99][50/67]	Time 0.325 (0.325)	Data 0.025 (0.025)	Loss 0.0628 (0.0748)	
Epoch: [99][60/67]	Time 0.324 (0.325)	Data 0.025 (0.025)	Loss 0.0353 (0.0747)	
Test: [0/17]	Time 0.125 (0.125)	Loss 0.0523 (0.0523)	Prec@1 0.000 (0.000)	Prec@5 0.000 (0.000)
Test: [10/17]	Time 0.128 (0.128)	Loss 0.0529 (0.0463)	Prec@1 0.000 (0.000)	Prec@5 0.000 (0.000)
Overall Acc: 	 0.8625869750976562
Mean Acc : 	 0.5
FreqW Acc : 	 0.7440562896081246
Mean IoU : 	 0.4312934875488281
* Test:	Time 0.093 (0.126)	Loss 0.1002 (0.0547)	
