start training
learning rate = 0.000100
Epoch: [0][0/67]	Time 8.122 (8.122)	Data 0.029 (0.029)	Loss 2.9998 (2.9998)	
Epoch: [0][10/67]	Time 0.326 (1.018)	Data 0.025 (0.027)	Loss 0.6829 (0.9288)	
Epoch: [0][20/67]	Time 0.329 (0.690)	Data 0.025 (0.026)	Loss 0.5469 (0.7603)	
Epoch: [0][30/67]	Time 0.327 (0.572)	Data 0.025 (0.025)	Loss 0.5302 (0.6573)	
Epoch: [0][40/67]	Time 0.330 (0.513)	Data 0.025 (0.025)	Loss 0.2056 (0.5596)	
Epoch: [0][50/67]	Time 0.326 (0.476)	Data 0.025 (0.025)	Loss 0.1871 (0.4980)	
Epoch: [0][60/67]	Time 0.324 (0.452)	Data 0.025 (0.025)	Loss 0.1822 (0.4427)	
Test: [0/17]	Time 0.123 (0.123)	Loss 0.1378 (0.1378)	Prec@1 0.000 (0.000)	Prec@5 0.000 (0.000)
Test: [10/17]	Time 0.136 (0.128)	Loss 0.1163 (0.1692)	Prec@1 0.000 (0.000)	Prec@5 0.000 (0.000)
Overall Acc: 	 0.8623282589129547
Mean Acc : 	 0.5
FreqW Acc : 	 0.7436100261198478
Mean IoU : 	 0.43116412945647736
* Test:	Time 2.605 (0.273)	Loss 0.1926 (0.1680)	
learning rate = 0.000100
Epoch: [1][0/67]	Time 0.127 (0.436)	Data 0.024 (0.025)	Loss 0.1606 (0.4156)	
Epoch: [1][10/67]	Time 0.325 (0.422)	Data 0.025 (0.025)	Loss 0.2660 (0.3876)	
Epoch: [1][20/67]	Time 0.325 (0.411)	Data 0.025 (0.025)	Loss 0.2535 (0.3762)	
Epoch: [1][30/67]	Time 0.328 (0.403)	Data 0.024 (0.025)	Loss 0.1880 (0.3661)	
Epoch: [1][40/67]	Time 0.326 (0.396)	Data 0.025 (0.025)	Loss 0.2238 (0.3534)	
Epoch: [1][50/67]	Time 0.330 (0.390)	Data 0.025 (0.025)	Loss 0.1415 (0.3397)	
Epoch: [1][60/67]	Time 0.327 (0.385)	Data 0.024 (0.025)	Loss 0.2229 (0.3275)	
Test: [0/17]	Time 0.125 (0.125)	Loss 0.1056 (0.1056)	Prec@1 0.000 (0.000)	Prec@5 0.000 (0.000)
Test: [10/17]	Time 0.130 (0.129)	Loss 0.1934 (0.1353)	Prec@1 0.000 (0.000)	Prec@5 0.000 (0.000)
Overall Acc: 	 0.8622600498484142
Mean Acc : 	 0.5
FreqW Acc : 	 0.7434923935645897
Mean IoU : 	 0.4311300249242071
* Test:	Time 0.095 (0.127)	Loss 0.1640 (0.1464)	
learning rate = 0.000100
Epoch: [2][0/67]	Time 0.125 (0.381)	Data 0.024 (0.025)	Loss 0.1280 (0.3188)	
Epoch: [2][10/67]	Time 0.327 (0.377)	Data 0.033 (0.025)	Loss 0.0783 (0.3076)	
Epoch: [2][20/67]	Time 0.324 (0.374)	Data 0.026 (0.025)	Loss 0.1809 (0.2964)	
Epoch: [2][30/67]	Time 0.330 (0.371)	Data 0.025 (0.025)	Loss 0.1204 (0.2867)	
Epoch: [2][40/67]	Time 0.328 (0.368)	Data 0.025 (0.025)	Loss 0.1274 (0.2782)	
Epoch: [2][50/67]	Time 0.330 (0.366)	Data 0.024 (0.025)	Loss 0.1441 (0.2720)	
Epoch: [2][60/67]	Time 0.333 (0.364)	Data 0.025 (0.025)	Loss 0.1338 (0.2681)	
Test: [0/17]	Time 0.124 (0.124)	Loss 0.0980 (0.0980)	Prec@1 0.000 (0.000)	Prec@5 0.000 (0.000)
Test: [10/17]	Time 0.130 (0.128)	Loss 0.1162 (0.1473)	Prec@1 0.000 (0.000)	Prec@5 0.000 (0.000)
Overall Acc: 	 0.8620852570035564
Mean Acc : 	 0.5
FreqW Acc : 	 0.7431909903428879
Mean IoU : 	 0.4310426285017782
* Test:	Time 0.094 (0.126)	Loss 0.1397 (0.1437)	
learning rate = 0.000100
Epoch: [3][0/67]	Time 0.126 (0.362)	Data 0.024 (0.025)	Loss 0.1613 (0.2638)	
Epoch: [3][10/67]	Time 0.327 (0.360)	Data 0.025 (0.025)	Loss 0.0757 (0.2573)	
Epoch: [3][20/67]	Time 0.328 (0.359)	Data 0.025 (0.025)	Loss 0.0842 (0.2503)	
Epoch: [3][30/67]	Time 0.324 (0.358)	Data 0.024 (0.025)	Loss 0.1724 (0.2448)	
Epoch: [3][40/67]	Time 0.329 (0.356)	Data 0.025 (0.025)	Loss 0.1457 (0.2397)	
Epoch: [3][50/67]	Time 0.325 (0.355)	Data 0.024 (0.025)	Loss 0.1534 (0.2360)	
Epoch: [3][60/67]	Time 0.333 (0.354)	Data 0.024 (0.025)	Loss 0.1075 (0.2309)	
Test: [0/17]	Time 0.124 (0.124)	Loss 0.0627 (0.0627)	Prec@1 0.000 (0.000)	Prec@5 0.000 (0.000)
Test: [10/17]	Time 0.129 (0.128)	Loss 0.1363 (0.0971)	Prec@1 0.000 (0.000)	Prec@5 0.000 (0.000)
Overall Acc: 	 0.8621147497376399
Mean Acc : 	 0.5
FreqW Acc : 	 0.7432418417151935
Mean IoU : 	 0.43105737486881995
* Test:	Time 0.092 (0.126)	Loss 0.0696 (0.1001)	
learning rate = 0.000100
Epoch: [4][0/67]	Time 0.129 (0.353)	Data 0.024 (0.025)	Loss 0.0535 (0.2281)	
Epoch: [4][10/67]	Time 0.322 (0.352)	Data 0.025 (0.025)	Loss 0.0754 (0.2237)	
Epoch: [4][20/67]	Time 0.327 (0.351)	Data 0.025 (0.025)	Loss 0.1321 (0.2200)	
Epoch: [4][30/67]	Time 0.330 (0.350)	Data 0.025 (0.025)	Loss 0.1087 (0.2158)	
Epoch: [4][40/67]	Time 0.331 (0.350)	Data 0.024 (0.025)	Loss 0.0833 (0.2121)	
Epoch: [4][50/67]	Time 0.329 (0.349)	Data 0.024 (0.025)	Loss 0.1295 (0.2080)	
Epoch: [4][60/67]	Time 0.326 (0.348)	Data 0.025 (0.025)	Loss 0.0968 (0.2049)	
Test: [0/17]	Time 0.124 (0.124)	Loss 0.0823 (0.0823)	Prec@1 0.000 (0.000)	Prec@5 0.000 (0.000)
Test: [10/17]	Time 0.131 (0.127)	Loss 0.0919 (0.0968)	Prec@1 0.000 (0.000)	Prec@5 0.000 (0.000)
Overall Acc: 	 0.8630373371181204
Mean Acc : 	 0.5
FreqW Acc : 	 0.7448334452599361
Mean IoU : 	 0.4315186685590602
* Test:	Time 0.094 (0.126)	Loss 0.1876 (0.0971)	
learning rate = 0.000100
Epoch: [5][0/67]	Time 0.126 (0.347)	Data 0.024 (0.025)	Loss 0.1285 (0.2028)	
Epoch: [5][10/67]	Time 0.329 (0.347)	Data 0.025 (0.025)	Loss 0.0567 (0.1994)	
Epoch: [5][20/67]	Time 0.326 (0.346)	Data 0.025 (0.025)	Loss 0.1137 (0.1972)	
Epoch: [5][30/67]	Time 0.329 (0.346)	Data 0.025 (0.025)	Loss 0.1349 (0.1946)	
Epoch: [5][40/67]	Time 0.325 (0.345)	Data 0.034 (0.025)	Loss 0.1219 (0.1918)	
Epoch: [5][50/67]	Time 0.329 (0.345)	Data 0.025 (0.025)	Loss 0.0826 (0.1897)	
Epoch: [5][60/67]	Time 0.329 (0.344)	Data 0.025 (0.025)	Loss 0.0764 (0.1875)	
Test: [0/17]	Time 0.125 (0.125)	Loss 0.1083 (0.1083)	Prec@1 0.000 (0.000)	Prec@5 0.000 (0.000)
Test: [10/17]	Time 0.128 (0.129)	Loss 0.0768 (0.1016)	Prec@1 0.000 (0.000)	Prec@5 0.000 (0.000)
Overall Acc: 	 0.8621189629853662
Mean Acc : 	 0.5
FreqW Acc : 	 0.7432491063389631
Mean IoU : 	 0.4310594814926831
* Test:	Time 0.094 (0.126)	Loss 0.0703 (0.0980)	
learning rate = 0.000100
Epoch: [6][0/67]	Time 0.125 (0.343)	Data 0.024 (0.025)	Loss 0.0651 (0.1856)	
Epoch: [6][10/67]	Time 0.326 (0.343)	Data 0.025 (0.025)	Loss 0.0788 (0.1833)	
Epoch: [6][20/67]	Time 0.328 (0.343)	Data 0.024 (0.025)	Loss 0.0543 (0.1817)	
Epoch: [6][30/67]	Time 0.329 (0.342)	Data 0.024 (0.025)	Loss 0.0584 (0.1798)	
Epoch: [6][40/67]	Time 0.330 (0.342)	Data 0.024 (0.025)	Loss 0.1225 (0.1777)	
Epoch: [6][50/67]	Time 0.332 (0.342)	Data 0.025 (0.025)	Loss 0.1179 (0.1755)	
Epoch: [6][60/67]	Time 0.331 (0.341)	Data 0.025 (0.025)	Loss 0.1122 (0.1735)	
Test: [0/17]	Time 0.124 (0.124)	Loss 0.0994 (0.0994)	Prec@1 0.000 (0.000)	Prec@5 0.000 (0.000)
Test: [10/17]	Time 0.128 (0.129)	Loss 0.0302 (0.0789)	Prec@1 0.000 (0.000)	Prec@5 0.000 (0.000)
Overall Acc: 	 0.862242969114389
Mean Acc : 	 0.5
FreqW Acc : 	 0.7434629377871972
Mean IoU : 	 0.4311214845571945
* Test:	Time 0.096 (0.126)	Loss 0.0690 (0.0790)	
learning rate = 0.000100
Epoch: [7][0/67]	Time 0.124 (0.341)	Data 0.024 (0.025)	Loss 0.0673 (0.1722)	
Epoch: [7][10/67]	Time 0.330 (0.340)	Data 0.024 (0.025)	Loss 0.0696 (0.1706)	
Epoch: [7][20/67]	Time 0.328 (0.340)	Data 0.025 (0.025)	Loss 0.0901 (0.1688)	
Epoch: [7][30/67]	Time 0.327 (0.340)	Data 0.024 (0.025)	Loss 0.1036 (0.1669)	
Epoch: [7][40/67]	Time 0.328 (0.340)	Data 0.025 (0.025)	Loss 0.0918 (0.1653)	
Epoch: [7][50/67]	Time 0.327 (0.340)	Data 0.024 (0.025)	Loss 0.0989 (0.1641)	
Epoch: [7][60/67]	Time 0.333 (0.339)	Data 0.025 (0.025)	Loss 0.0898 (0.1627)	
Test: [0/17]	Time 0.124 (0.124)	Loss 0.1676 (0.1676)	Prec@1 0.000 (0.000)	Prec@5 0.000 (0.000)
Test: [10/17]	Time 0.135 (0.128)	Loss 0.0748 (0.0862)	Prec@1 0.000 (0.000)	Prec@5 0.000 (0.000)
Overall Acc: 	 0.8623414680139342
Mean Acc : 	 0.5
FreqW Acc : 	 0.7436328074564271
Mean IoU : 	 0.4311707340069671
* Test:	Time 0.093 (0.126)	Loss 0.0599 (0.0811)	
learning rate = 0.000100
Epoch: [8][0/67]	Time 0.125 (0.339)	Data 0.024 (0.025)	Loss 0.0913 (0.1615)	
Epoch: [8][10/67]	Time 0.328 (0.339)	Data 0.025 (0.025)	Loss 0.1062 (0.1600)	
Epoch: [8][20/67]	Time 0.332 (0.338)	Data 0.025 (0.025)	Loss 0.0795 (0.1586)	
Epoch: [8][30/67]	Time 0.328 (0.338)	Data 0.025 (0.025)	Loss 0.1095 (0.1569)	
Epoch: [8][40/67]	Time 0.320 (0.338)	Data 0.024 (0.025)	Loss 0.0531 (0.1562)	
Epoch: [8][50/67]	Time 0.329 (0.338)	Data 0.025 (0.025)	Loss 0.0834 (0.1551)	
Epoch: [8][60/67]	Time 0.325 (0.338)	Data 0.025 (0.025)	Loss 0.1391 (0.1539)	
Test: [0/17]	Time 0.125 (0.125)	Loss 0.1642 (0.1642)	Prec@1 0.000 (0.000)	Prec@5 0.000 (0.000)
Test: [10/17]	Time 0.128 (0.129)	Loss 0.0601 (0.0735)	Prec@1 0.000 (0.000)	Prec@5 0.000 (0.000)
Overall Acc: 	 0.8621519857378148
Mean Acc : 	 0.5
FreqW Acc : 	 0.7433060465116572
Mean IoU : 	 0.4310759928689074
* Test:	Time 0.106 (0.127)	Loss 0.0970 (0.0738)	
learning rate = 0.000100
Epoch: [9][0/67]	Time 0.125 (0.337)	Data 0.024 (0.025)	Loss 0.0575 (0.1529)	
Epoch: [9][10/67]	Time 0.326 (0.337)	Data 0.024 (0.025)	Loss 0.0849 (0.1517)	
Epoch: [9][20/67]	Time 0.329 (0.337)	Data 0.025 (0.025)	Loss 0.1247 (0.1507)	
Epoch: [9][30/67]	Time 0.328 (0.337)	Data 0.025 (0.025)	Loss 0.1105 (0.1495)	
Epoch: [9][40/67]	Time 0.328 (0.337)	Data 0.025 (0.025)	Loss 0.0934 (0.1484)	
Epoch: [9][50/67]	Time 0.326 (0.337)	Data 0.024 (0.025)	Loss 0.2808 (0.1476)	
Epoch: [9][60/67]	Time 0.330 (0.336)	Data 0.024 (0.025)	Loss 0.0750 (0.1465)	
Test: [0/17]	Time 0.125 (0.125)	Loss 0.0572 (0.0572)	Prec@1 0.000 (0.000)	Prec@5 0.000 (0.000)
Test: [10/17]	Time 0.144 (0.130)	Loss 0.0692 (0.0676)	Prec@1 0.000 (0.000)	Prec@5 0.000 (0.000)
Overall Acc: 	 0.8625421097029501
Mean Acc : 	 0.5
FreqW Acc : 	 0.7439788910108159
Mean IoU : 	 0.43127105485147504
* Test:	Time 0.095 (0.127)	Loss 0.0962 (0.0724)	
learning rate = 0.000100
Epoch: [10][0/67]	Time 0.126 (0.336)	Data 0.024 (0.025)	Loss 0.1342 (0.1457)	
Epoch: [10][10/67]	Time 0.333 (0.336)	Data 0.025 (0.025)	Loss 0.0730 (0.1445)	
Epoch: [10][20/67]	Time 0.325 (0.336)	Data 0.035 (0.025)	Loss 0.1178 (0.1434)	
Epoch: [10][30/67]	Time 0.327 (0.336)	Data 0.025 (0.026)	Loss 0.0991 (0.1425)	
Epoch: [10][40/67]	Time 0.326 (0.336)	Data 0.025 (0.026)	Loss 0.0566 (0.1418)	
Epoch: [10][50/67]	Time 0.328 (0.336)	Data 0.025 (0.026)	Loss 0.0981 (0.1408)	
Epoch: [10][60/67]	Time 0.328 (0.336)	Data 0.025 (0.026)	Loss 0.0628 (0.1399)	
Test: [0/17]	Time 0.124 (0.124)	Loss 0.0819 (0.0819)	Prec@1 0.000 (0.000)	Prec@5 0.000 (0.000)
Test: [10/17]	Time 0.130 (0.128)	Loss 0.0675 (0.0632)	Prec@1 0.000 (0.000)	Prec@5 0.000 (0.000)
Overall Acc: 	 0.8623296253716768
Mean Acc : 	 0.5
FreqW Acc : 	 0.7436123827936565
Mean IoU : 	 0.4311648126858384
* Test:	Time 0.095 (0.125)	Loss 0.0427 (0.0675)	
learning rate = 0.000100
Epoch: [11][0/67]	Time 0.126 (0.336)	Data 0.024 (0.026)	Loss 0.0546 (0.1393)	
Epoch: [11][10/67]	Time 0.330 (0.335)	Data 0.025 (0.025)	Loss 0.0872 (0.1385)	
Epoch: [11][20/67]	Time 0.327 (0.335)	Data 0.024 (0.025)	Loss 0.0782 (0.1379)	
Epoch: [11][30/67]	Time 0.332 (0.335)	Data 0.024 (0.025)	Loss 0.0301 (0.1369)	
Epoch: [11][40/67]	Time 0.328 (0.335)	Data 0.025 (0.025)	Loss 0.0552 (0.1362)	
Epoch: [11][50/67]	Time 0.327 (0.335)	Data 0.024 (0.025)	Loss 0.0322 (0.1354)	
Epoch: [11][60/67]	Time 0.329 (0.335)	Data 0.024 (0.025)	Loss 0.0716 (0.1349)	
Test: [0/17]	Time 0.124 (0.124)	Loss 0.0478 (0.0478)	Prec@1 0.000 (0.000)	Prec@5 0.000 (0.000)
Test: [10/17]	Time 0.132 (0.128)	Loss 0.0797 (0.0660)	Prec@1 0.000 (0.000)	Prec@5 0.000 (0.000)
Overall Acc: 	 0.8625991593545942
Mean Acc : 	 0.5
FreqW Acc : 	 0.7440773097192526
Mean IoU : 	 0.4312995796772971
* Test:	Time 0.093 (0.126)	Loss 0.0697 (0.0702)	
learning rate = 0.000100
Epoch: [12][0/67]	Time 0.125 (0.335)	Data 0.024 (0.025)	Loss 0.0615 (0.1344)	
Epoch: [12][10/67]	Time 0.333 (0.335)	Data 0.025 (0.025)	Loss 0.0539 (0.1337)	
Epoch: [12][20/67]	Time 0.329 (0.335)	Data 0.025 (0.025)	Loss 0.0691 (0.1332)	
Epoch: [12][30/67]	Time 0.331 (0.334)	Data 0.025 (0.025)	Loss 0.0579 (0.1325)	
Epoch: [12][40/67]	Time 0.329 (0.334)	Data 0.025 (0.025)	Loss 0.0307 (0.1319)	
Epoch: [12][50/67]	Time 0.330 (0.334)	Data 0.024 (0.025)	Loss 0.1020 (0.1312)	
Epoch: [12][60/67]	Time 0.325 (0.334)	Data 0.024 (0.025)	Loss 0.0627 (0.1304)	
Test: [0/17]	Time 0.124 (0.124)	Loss 0.0928 (0.0928)	Prec@1 0.000 (0.000)	Prec@5 0.000 (0.000)
Test: [10/17]	Time 0.129 (0.128)	Loss 0.0506 (0.0714)	Prec@1 0.000 (0.000)	Prec@5 0.000 (0.000)
Overall Acc: 	 0.8626124823271338
Mean Acc : 	 0.5
FreqW Acc : 	 0.7441002946665798
Mean IoU : 	 0.4313062411635669
* Test:	Time 0.095 (0.126)	Loss 0.0352 (0.0687)	
learning rate = 0.000100
Epoch: [13][0/67]	Time 0.126 (0.334)	Data 0.024 (0.025)	Loss 0.0551 (0.1298)	
Epoch: [13][10/67]	Time 0.327 (0.334)	Data 0.024 (0.025)	Loss 0.1724 (0.1291)	
Epoch: [13][20/67]	Time 0.327 (0.334)	Data 0.024 (0.025)	Loss 0.1138 (0.1285)	
Epoch: [13][30/67]	Time 0.329 (0.334)	Data 0.025 (0.025)	Loss 0.1015 (0.1278)	
Epoch: [13][40/67]	Time 0.331 (0.334)	Data 0.024 (0.025)	Loss 0.1130 (0.1274)	
Epoch: [13][50/67]	Time 0.328 (0.334)	Data 0.024 (0.025)	Loss 0.0775 (0.1270)	
Epoch: [13][60/67]	Time 0.331 (0.334)	Data 0.025 (0.025)	Loss 0.1243 (0.1266)	
Test: [0/17]	Time 0.124 (0.124)	Loss 0.0801 (0.0801)	Prec@1 0.000 (0.000)	Prec@5 0.000 (0.000)
Test: [10/17]	Time 0.129 (0.128)	Loss 0.0498 (0.0622)	Prec@1 0.000 (0.000)	Prec@5 0.000 (0.000)
Overall Acc: 	 0.8622756502521571
Mean Acc : 	 0.5
FreqW Acc : 	 0.7435192970177804
Mean IoU : 	 0.43113782512607857
* Test:	Time 0.095 (0.127)	Loss 0.1276 (0.0665)	
learning rate = 0.000100
Epoch: [14][0/67]	Time 0.127 (0.333)	Data 0.025 (0.025)	Loss 0.0451 (0.1262)	
Epoch: [14][10/67]	Time 0.327 (0.333)	Data 0.025 (0.025)	Loss 0.0895 (0.1256)	
Epoch: [14][20/67]	Time 0.328 (0.333)	Data 0.025 (0.025)	Loss 0.0367 (0.1250)	
Epoch: [14][30/67]	Time 0.330 (0.333)	Data 0.025 (0.025)	Loss 0.0863 (0.1245)	
Epoch: [14][40/67]	Time 0.328 (0.333)	Data 0.025 (0.025)	Loss 0.1340 (0.1242)	
Epoch: [14][50/67]	Time 0.326 (0.333)	Data 0.024 (0.025)	Loss 0.0466 (0.1236)	
Epoch: [14][60/67]	Time 0.331 (0.333)	Data 0.025 (0.025)	Loss 0.0641 (0.1230)	
Test: [0/17]	Time 0.124 (0.124)	Loss 0.0836 (0.0836)	Prec@1 0.000 (0.000)	Prec@5 0.000 (0.000)
Test: [10/17]	Time 0.130 (0.127)	Loss 0.0685 (0.0674)	Prec@1 0.000 (0.000)	Prec@5 0.000 (0.000)
Overall Acc: 	 0.8624516956841768
Mean Acc : 	 0.5
FreqW Acc : 	 0.7438229273885119
Mean IoU : 	 0.4312258478420884
* Test:	Time 0.095 (0.126)	Loss 0.0951 (0.0667)	
learning rate = 0.000100
Epoch: [15][0/67]	Time 0.126 (0.333)	Data 0.024 (0.025)	Loss 0.0607 (0.1228)	
Epoch: [15][10/67]	Time 0.329 (0.333)	Data 0.025 (0.025)	Loss 0.0453 (0.1223)	
Epoch: [15][20/67]	Time 0.325 (0.333)	Data 0.025 (0.025)	Loss 0.1678 (0.1219)	
Epoch: [15][30/67]	Time 0.326 (0.333)	Data 0.024 (0.025)	Loss 0.0566 (0.1213)	
Epoch: [15][40/67]	Time 0.325 (0.333)	Data 0.025 (0.025)	Loss 0.0617 (0.1209)	
Epoch: [15][50/67]	Time 0.332 (0.333)	Data 0.025 (0.025)	Loss 0.1019 (0.1204)	
Epoch: [15][60/67]	Time 0.328 (0.332)	Data 0.024 (0.025)	Loss 0.0814 (0.1199)	
Test: [0/17]	Time 0.123 (0.123)	Loss 0.1197 (0.1197)	Prec@1 0.000 (0.000)	Prec@5 0.000 (0.000)
Test: [10/17]	Time 0.128 (0.127)	Loss 0.0414 (0.0692)	Prec@1 0.000 (0.000)	Prec@5 0.000 (0.000)
Overall Acc: 	 0.8616662096621385
Mean Acc : 	 0.5
FreqW Acc : 	 0.7424686568735164
Mean IoU : 	 0.43083310483106924
* Test:	Time 0.094 (0.125)	Loss 0.0670 (0.0691)	
learning rate = 0.000100
Epoch: [16][0/67]	Time 0.124 (0.332)	Data 0.024 (0.025)	Loss 0.0549 (0.1196)	
Epoch: [16][10/67]	Time 0.324 (0.332)	Data 0.025 (0.025)	Loss 0.0760 (0.1191)	
Epoch: [16][20/67]	Time 0.328 (0.332)	Data 0.025 (0.025)	Loss 0.0712 (0.1188)	
Epoch: [16][30/67]	Time 0.326 (0.332)	Data 0.025 (0.025)	Loss 0.1045 (0.1186)	
Epoch: [16][40/67]	Time 0.330 (0.332)	Data 0.025 (0.025)	Loss 0.0498 (0.1182)	
Epoch: [16][50/67]	Time 0.328 (0.332)	Data 0.025 (0.025)	Loss 0.0367 (0.1178)	
Epoch: [16][60/67]	Time 0.329 (0.332)	Data 0.025 (0.025)	Loss 0.0779 (0.1173)	
Test: [0/17]	Time 0.126 (0.126)	Loss 0.0479 (0.0479)	Prec@1 0.000 (0.000)	Prec@5 0.000 (0.000)
Test: [10/17]	Time 0.130 (0.128)	Loss 0.0360 (0.0562)	Prec@1 0.000 (0.000)	Prec@5 0.000 (0.000)
Overall Acc: 	 0.8625856086389342
Mean Acc : 	 0.5
FreqW Acc : 	 0.7440539322310006
Mean IoU : 	 0.4312928043194671
* Test:	Time 0.094 (0.126)	Loss 0.0564 (0.0605)	
learning rate = 0.000100
Epoch: [17][0/67]	Time 0.127 (0.332)	Data 0.024 (0.025)	Loss 0.0585 (0.1170)	
Epoch: [17][10/67]	Time 0.325 (0.332)	Data 0.025 (0.025)	Loss 0.0655 (0.1166)	
Epoch: [17][20/67]	Time 0.326 (0.332)	Data 0.025 (0.025)	Loss 0.0456 (0.1162)	
Epoch: [17][30/67]	Time 0.324 (0.332)	Data 0.025 (0.025)	Loss 0.0592 (0.1157)	
Epoch: [17][40/67]	Time 0.328 (0.332)	Data 0.025 (0.025)	Loss 0.0635 (0.1154)	
Epoch: [17][50/67]	Time 0.329 (0.332)	Data 0.035 (0.025)	Loss 0.0664 (0.1150)	
Epoch: [17][60/67]	Time 0.326 (0.332)	Data 0.025 (0.025)	Loss 0.1122 (0.1146)	
Test: [0/17]	Time 0.123 (0.123)	Loss 0.0869 (0.0869)	Prec@1 0.000 (0.000)	Prec@5 0.000 (0.000)
Test: [10/17]	Time 0.131 (0.128)	Loss 0.0732 (0.0711)	Prec@1 0.000 (0.000)	Prec@5 0.000 (0.000)
Overall Acc: 	 0.8625287867304104
Mean Acc : 	 0.5
FreqW Acc : 	 0.7439559079386339
Mean IoU : 	 0.4312643933652052
* Test:	Time 0.095 (0.126)	Loss 0.0928 (0.0679)	
learning rate = 0.000100
Epoch: [18][0/67]	Time 0.126 (0.331)	Data 0.024 (0.025)	Loss 0.1642 (0.1145)	
Epoch: [18][10/67]	Time 0.330 (0.331)	Data 0.024 (0.025)	Loss 0.0446 (0.1141)	
Epoch: [18][20/67]	Time 0.325 (0.331)	Data 0.025 (0.025)	Loss 0.0860 (0.1138)	
Epoch: [18][30/67]	Time 0.332 (0.331)	Data 0.025 (0.025)	Loss 0.0614 (0.1135)	
Epoch: [18][40/67]	Time 0.322 (0.331)	Data 0.025 (0.025)	Loss 0.0717 (0.1132)	
Epoch: [18][50/67]	Time 0.332 (0.331)	Data 0.025 (0.025)	Loss 0.0758 (0.1129)	
Epoch: [18][60/67]	Time 0.326 (0.331)	Data 0.025 (0.025)	Loss 0.0483 (0.1125)	
Test: [0/17]	Time 0.125 (0.125)	Loss 0.0208 (0.0208)	Prec@1 0.000 (0.000)	Prec@5 0.000 (0.000)
Test: [10/17]	Time 0.130 (0.128)	Loss 0.0742 (0.0622)	Prec@1 0.000 (0.000)	Prec@5 0.000 (0.000)
Overall Acc: 	 0.8616205471665112
Mean Acc : 	 0.5
FreqW Acc : 	 0.7423899672995181
Mean IoU : 	 0.4308102735832556
* Test:	Time 0.094 (0.126)	Loss 0.1122 (0.0632)	
learning rate = 0.000100
Epoch: [19][0/67]	Time 0.124 (0.331)	Data 0.024 (0.025)	Loss 0.0556 (0.1121)	
Epoch: [19][10/67]	Time 0.326 (0.331)	Data 0.025 (0.025)	Loss 0.0446 (0.1118)	
Epoch: [19][20/67]	Time 0.328 (0.331)	Data 0.024 (0.025)	Loss 0.0731 (0.1114)	
Epoch: [19][30/67]	Time 0.328 (0.331)	Data 0.024 (0.025)	Loss 0.0667 (0.1111)	
Epoch: [19][40/67]	Time 0.330 (0.331)	Data 0.024 (0.025)	Loss 0.0543 (0.1108)	
Epoch: [19][50/67]	Time 0.328 (0.331)	Data 0.025 (0.025)	Loss 0.0475 (0.1105)	
Epoch: [19][60/67]	Time 0.331 (0.331)	Data 0.024 (0.025)	Loss 0.0668 (0.1101)	
Test: [0/17]	Time 0.126 (0.126)	Loss 0.0559 (0.0559)	Prec@1 0.000 (0.000)	Prec@5 0.000 (0.000)
Test: [10/17]	Time 0.130 (0.128)	Loss 0.1055 (0.0613)	Prec@1 0.000 (0.000)	Prec@5 0.000 (0.000)
Overall Acc: 	 0.8621305778845033
Mean Acc : 	 0.5
FreqW Acc : 	 0.7432691333234677
Mean IoU : 	 0.43106528894225166
* Test:	Time 0.096 (0.126)	Loss 0.0682 (0.0646)	
learning rate = 0.000100
Epoch: [20][0/67]	Time 0.126 (0.331)	Data 0.024 (0.025)	Loss 0.0655 (0.1100)	
Epoch: [20][10/67]	Time 0.328 (0.331)	Data 0.024 (0.025)	Loss 0.0785 (0.1097)	
Epoch: [20][20/67]	Time 0.334 (0.331)	Data 0.025 (0.025)	Loss 0.0997 (0.1095)	
Epoch: [20][30/67]	Time 0.326 (0.331)	Data 0.025 (0.025)	Loss 0.0536 (0.1093)	
Epoch: [20][40/67]	Time 0.333 (0.331)	Data 0.025 (0.025)	Loss 0.0813 (0.1090)	
Epoch: [20][50/67]	Time 0.328 (0.331)	Data 0.025 (0.025)	Loss 0.0942 (0.1088)	
Epoch: [20][60/67]	Time 0.323 (0.331)	Data 0.025 (0.025)	Loss 0.0868 (0.1085)	
Test: [0/17]	Time 0.125 (0.125)	Loss 0.0438 (0.0438)	Prec@1 0.000 (0.000)	Prec@5 0.000 (0.000)
Test: [10/17]	Time 0.128 (0.128)	Loss 0.0647 (0.0594)	Prec@1 0.000 (0.000)	Prec@5 0.000 (0.000)
Overall Acc: 	 0.8627596043828708
Mean Acc : 	 0.5
FreqW Acc : 	 0.7443541349548878
Mean IoU : 	 0.4313798021914354
* Test:	Time 0.092 (0.126)	Loss 0.0745 (0.0599)	
learning rate = 0.000100
Epoch: [21][0/67]	Time 0.127 (0.331)	Data 0.024 (0.025)	Loss 0.1161 (0.1084)	
Epoch: [21][10/67]	Time 0.327 (0.331)	Data 0.025 (0.025)	Loss 0.0524 (0.1081)	
Epoch: [21][20/67]	Time 0.327 (0.330)	Data 0.024 (0.025)	Loss 0.0351 (0.1077)	
Epoch: [21][30/67]	Time 0.330 (0.330)	Data 0.025 (0.025)	Loss 0.0760 (0.1074)	
Epoch: [21][40/67]	Time 0.327 (0.330)	Data 0.024 (0.025)	Loss 0.0715 (0.1072)	
Epoch: [21][50/67]	Time 0.330 (0.330)	Data 0.024 (0.025)	Loss 0.0712 (0.1068)	
Epoch: [21][60/67]	Time 0.327 (0.330)	Data 0.024 (0.025)	Loss 0.0508 (0.1066)	
Test: [0/17]	Time 0.125 (0.125)	Loss 0.0629 (0.0629)	Prec@1 0.000 (0.000)	Prec@5 0.000 (0.000)
Test: [10/17]	Time 0.131 (0.128)	Loss 0.0333 (0.0631)	Prec@1 0.000 (0.000)	Prec@5 0.000 (0.000)
Overall Acc: 	 0.8622022030958488
Mean Acc : 	 0.5
FreqW Acc : 	 0.7433926390233353
Mean IoU : 	 0.4311011015479244
* Test:	Time 0.094 (0.126)	Loss 0.0563 (0.0605)	
learning rate = 0.000100
Epoch: [22][0/67]	Time 0.125 (0.330)	Data 0.024 (0.025)	Loss 0.0596 (0.1065)	
Epoch: [22][10/67]	Time 0.328 (0.330)	Data 0.026 (0.025)	Loss 0.0950 (0.1062)	
Epoch: [22][20/67]	Time 0.327 (0.330)	Data 0.026 (0.025)	Loss 0.0425 (0.1059)	
Epoch: [22][30/67]	Time 0.331 (0.330)	Data 0.024 (0.025)	Loss 0.0706 (0.1057)	
Epoch: [22][40/67]	Time 0.332 (0.330)	Data 0.025 (0.025)	Loss 0.1024 (0.1055)	
Epoch: [22][50/67]	Time 0.328 (0.330)	Data 0.025 (0.025)	Loss 0.0508 (0.1054)	
Epoch: [22][60/67]	Time 0.330 (0.330)	Data 0.024 (0.025)	Loss 0.0705 (0.1051)	
Test: [0/17]	Time 0.123 (0.123)	Loss 0.0334 (0.0334)	Prec@1 0.000 (0.000)	Prec@5 0.000 (0.000)
Test: [10/17]	Time 0.130 (0.128)	Loss 0.0981 (0.0549)	Prec@1 0.000 (0.000)	Prec@5 0.000 (0.000)
Overall Acc: 	 0.8621380934074744
Mean Acc : 	 0.5
FreqW Acc : 	 0.743282092104275
Mean IoU : 	 0.4310690467037372
* Test:	Time 0.096 (0.125)	Loss 0.0632 (0.0597)	
learning rate = 0.000100
Epoch: [23][0/67]	Time 0.126 (0.330)	Data 0.024 (0.025)	Loss 0.0906 (0.1049)	
Epoch: [23][10/67]	Time 0.329 (0.330)	Data 0.025 (0.025)	Loss 0.0478 (0.1046)	
Epoch: [23][20/67]	Time 0.326 (0.330)	Data 0.025 (0.025)	Loss 0.1164 (0.1044)	
Epoch: [23][30/67]	Time 0.328 (0.330)	Data 0.024 (0.025)	Loss 0.0518 (0.1040)	
Epoch: [23][40/67]	Time 0.332 (0.330)	Data 0.025 (0.025)	Loss 0.0468 (0.1038)	
Epoch: [23][50/67]	Time 0.326 (0.330)	Data 0.025 (0.025)	Loss 0.0601 (0.1036)	
Epoch: [23][60/67]	Time 0.329 (0.330)	Data 0.025 (0.025)	Loss 0.0647 (0.1034)	
Test: [0/17]	Time 0.125 (0.125)	Loss 0.0620 (0.0620)	Prec@1 0.000 (0.000)	Prec@5 0.000 (0.000)
Test: [10/17]	Time 0.129 (0.129)	Loss 0.0872 (0.0648)	Prec@1 0.000 (0.000)	Prec@5 0.000 (0.000)
Overall Acc: 	 0.8622007227655667
Mean Acc : 	 0.5
FreqW Acc : 	 0.7433900863374656
Mean IoU : 	 0.43110036138278335
* Test:	Time 0.093 (0.126)	Loss 0.0880 (0.0663)	
learning rate = 0.000100
Epoch: [24][0/67]	Time 0.128 (0.330)	Data 0.024 (0.025)	Loss 0.0721 (0.1033)	
Epoch: [24][10/67]	Time 0.326 (0.330)	Data 0.025 (0.025)	Loss 0.0771 (0.1031)	
Epoch: [24][20/67]	Time 0.323 (0.330)	Data 0.024 (0.025)	Loss 0.0812 (0.1029)	
Epoch: [24][30/67]	Time 0.331 (0.330)	Data 0.025 (0.025)	Loss 0.1070 (0.1027)	
Epoch: [24][40/67]	Time 0.332 (0.330)	Data 0.024 (0.025)	Loss 0.0518 (0.1025)	
Epoch: [24][50/67]	Time 0.329 (0.330)	Data 0.024 (0.025)	Loss 0.0514 (0.1023)	
Epoch: [24][60/67]	Time 0.327 (0.330)	Data 0.024 (0.025)	Loss 0.0603 (0.1021)	
Test: [0/17]	Time 0.124 (0.124)	Loss 0.0591 (0.0591)	Prec@1 0.000 (0.000)	Prec@5 0.000 (0.000)
Test: [10/17]	Time 0.132 (0.127)	Loss 0.0716 (0.0558)	Prec@1 0.000 (0.000)	Prec@5 0.000 (0.000)
Overall Acc: 	 0.8624136625830807
Mean Acc : 	 0.5
FreqW Acc : 	 0.7437573254099638
Mean IoU : 	 0.43120683129154036
* Test:	Time 0.092 (0.125)	Loss 0.0396 (0.0579)	
learning rate = 0.000100
Epoch: [25][0/67]	Time 0.125 (0.330)	Data 0.024 (0.025)	Loss 0.0777 (0.1020)	
Epoch: [25][10/67]	Time 0.329 (0.330)	Data 0.025 (0.025)	Loss 0.1362 (0.1018)	
Epoch: [25][20/67]	Time 0.326 (0.330)	Data 0.025 (0.025)	Loss 0.0616 (0.1016)	
Epoch: [25][30/67]	Time 0.328 (0.330)	Data 0.024 (0.025)	Loss 0.0570 (0.1014)	
Epoch: [25][40/67]	Time 0.327 (0.330)	Data 0.024 (0.025)	Loss 0.1451 (0.1013)	
Epoch: [25][50/67]	Time 0.328 (0.330)	Data 0.024 (0.025)	Loss 0.0772 (0.1011)	
Epoch: [25][60/67]	Time 0.323 (0.330)	Data 0.025 (0.025)	Loss 0.0382 (0.1009)	
Test: [0/17]	Time 0.123 (0.123)	Loss 0.0447 (0.0447)	Prec@1 0.000 (0.000)	Prec@5 0.000 (0.000)
Test: [10/17]	Time 0.135 (0.128)	Loss 0.0808 (0.0603)	Prec@1 0.000 (0.000)	Prec@5 0.000 (0.000)
Overall Acc: 	 0.8621691803434002
Mean Acc : 	 0.5
FreqW Acc : 	 0.7433356955340105
Mean IoU : 	 0.4310845901717001
* Test:	Time 0.096 (0.126)	Loss 0.0690 (0.0621)	
learning rate = 0.000100
Epoch: [26][0/67]	Time 0.124 (0.329)	Data 0.024 (0.025)	Loss 0.0718 (0.1007)	
Epoch: [26][10/67]	Time 0.328 (0.329)	Data 0.025 (0.025)	Loss 0.0611 (0.1006)	
Epoch: [26][20/67]	Time 0.325 (0.329)	Data 0.024 (0.025)	Loss 0.0466 (0.1004)	
Epoch: [26][30/67]	Time 0.331 (0.329)	Data 0.024 (0.025)	Loss 0.0745 (0.1003)	
Epoch: [26][40/67]	Time 0.327 (0.329)	Data 0.024 (0.025)	Loss 0.0408 (0.1001)	
Epoch: [26][50/67]	Time 0.324 (0.329)	Data 0.024 (0.025)	Loss 0.0531 (0.0999)	
Epoch: [26][60/67]	Time 0.334 (0.329)	Data 0.024 (0.025)	Loss 0.0474 (0.0998)	
Test: [0/17]	Time 0.124 (0.124)	Loss 0.0890 (0.0890)	Prec@1 0.000 (0.000)	Prec@5 0.000 (0.000)
Test: [10/17]	Time 0.131 (0.129)	Loss 0.0544 (0.0602)	Prec@1 0.000 (0.000)	Prec@5 0.000 (0.000)
Overall Acc: 	 0.8623624203810051
Mean Acc : 	 0.5
FreqW Acc : 	 0.7436689440853853
Mean IoU : 	 0.43118121019050254
* Test:	Time 0.094 (0.126)	Loss 0.0855 (0.0633)	
learning rate = 0.000100
Epoch: [27][0/67]	Time 0.124 (0.329)	Data 0.024 (0.025)	Loss 0.0595 (0.0996)	
Epoch: [27][10/67]	Time 0.330 (0.329)	Data 0.025 (0.025)	Loss 0.0955 (0.0995)	
Epoch: [27][20/67]	Time 0.330 (0.329)	Data 0.024 (0.025)	Loss 0.0564 (0.0994)	
Epoch: [27][30/67]	Time 0.327 (0.329)	Data 0.024 (0.025)	Loss 0.0300 (0.0992)	
Epoch: [27][40/67]	Time 0.330 (0.329)	Data 0.024 (0.025)	Loss 0.0826 (0.0990)	
Epoch: [27][50/67]	Time 0.325 (0.329)	Data 0.024 (0.025)	Loss 0.0518 (0.0988)	
Epoch: [27][60/67]	Time 0.331 (0.329)	Data 0.024 (0.025)	Loss 0.0718 (0.0986)	
Test: [0/17]	Time 0.124 (0.124)	Loss 0.0685 (0.0685)	Prec@1 0.000 (0.000)	Prec@5 0.000 (0.000)
Test: [10/17]	Time 0.142 (0.129)	Loss 0.0540 (0.0625)	Prec@1 0.000 (0.000)	Prec@5 0.000 (0.000)
Overall Acc: 	 0.8626425444190182
Mean Acc : 	 0.5
FreqW Acc : 	 0.7441521594417179
Mean IoU : 	 0.4313212722095091
* Test:	Time 0.092 (0.126)	Loss 0.0491 (0.0585)	
learning rate = 0.000100
Epoch: [28][0/67]	Time 0.126 (0.329)	Data 0.024 (0.025)	Loss 0.0943 (0.0985)	
Epoch: [28][10/67]	Time 0.325 (0.329)	Data 0.024 (0.025)	Loss 0.0364 (0.0984)	
Epoch: [28][20/67]	Time 0.332 (0.329)	Data 0.024 (0.025)	Loss 0.0679 (0.0982)	
Epoch: [28][30/67]	Time 0.330 (0.329)	Data 0.024 (0.025)	Loss 0.1068 (0.0981)	
Epoch: [28][40/67]	Time 0.329 (0.329)	Data 0.024 (0.025)	Loss 0.0837 (0.0979)	
Epoch: [28][50/67]	Time 0.328 (0.329)	Data 0.024 (0.025)	Loss 0.0562 (0.0978)	
Epoch: [28][60/67]	Time 0.329 (0.329)	Data 0.025 (0.025)	Loss 0.0652 (0.0977)	
Test: [0/17]	Time 0.125 (0.125)	Loss 0.0398 (0.0398)	Prec@1 0.000 (0.000)	Prec@5 0.000 (0.000)
Test: [10/17]	Time 0.134 (0.128)	Loss 0.0351 (0.0583)	Prec@1 0.000 (0.000)	Prec@5 0.000 (0.000)
Overall Acc: 	 0.8616757748731926
Mean Acc : 	 0.5
FreqW Acc : 	 0.7424851410033169
Mean IoU : 	 0.4308378874365963
* Test:	Time 0.093 (0.126)	Loss 0.0943 (0.0611)	
learning rate = 0.000100
Epoch: [29][0/67]	Time 0.126 (0.329)	Data 0.024 (0.025)	Loss 0.0570 (0.0976)	
Epoch: [29][10/67]	Time 0.328 (0.329)	Data 0.025 (0.025)	Loss 0.0651 (0.0974)	
Epoch: [29][20/67]	Time 0.323 (0.329)	Data 0.024 (0.025)	Loss 0.0906 (0.0972)	
Epoch: [29][30/67]	Time 0.328 (0.329)	Data 0.024 (0.025)	Loss 0.1183 (0.0971)	
Epoch: [29][40/67]	Time 0.324 (0.329)	Data 0.024 (0.025)	Loss 0.0391 (0.0969)	
Epoch: [29][50/67]	Time 0.330 (0.329)	Data 0.025 (0.025)	Loss 0.0569 (0.0968)	
Epoch: [29][60/67]	Time 0.327 (0.329)	Data 0.025 (0.025)	Loss 0.0692 (0.0967)	
Test: [0/17]	Time 0.125 (0.125)	Loss 0.1200 (0.1200)	Prec@1 0.000 (0.000)	Prec@5 0.000 (0.000)
Test: [10/17]	Time 0.130 (0.128)	Loss 0.0490 (0.0633)	Prec@1 0.000 (0.000)	Prec@5 0.000 (0.000)
Overall Acc: 	 0.8622073273160564
Mean Acc : 	 0.5
FreqW Acc : 	 0.7434014752774972
Mean IoU : 	 0.4311036636580282
* Test:	Time 0.094 (0.125)	Loss 0.0643 (0.0608)	
learning rate = 0.000100
Epoch: [30][0/67]	Time 0.125 (0.329)	Data 0.024 (0.025)	Loss 0.0563 (0.0966)	
Epoch: [30][10/67]	Time 0.330 (0.329)	Data 0.024 (0.025)	Loss 0.0507 (0.0965)	
Epoch: [30][20/67]	Time 0.327 (0.329)	Data 0.025 (0.025)	Loss 0.1135 (0.0964)	
Epoch: [30][30/67]	Time 0.323 (0.329)	Data 0.025 (0.025)	Loss 0.0394 (0.0962)	
Epoch: [30][40/67]	Time 0.327 (0.329)	Data 0.025 (0.025)	Loss 0.0660 (0.0960)	
Epoch: [30][50/67]	Time 0.329 (0.329)	Data 0.025 (0.025)	Loss 0.0710 (0.0959)	
Epoch: [30][60/67]	Time 0.326 (0.329)	Data 0.025 (0.025)	Loss 0.0648 (0.0958)	
Test: [0/17]	Time 0.124 (0.124)	Loss 0.0412 (0.0412)	Prec@1 0.000 (0.000)	Prec@5 0.000 (0.000)
Test: [10/17]	Time 0.131 (0.128)	Loss 0.0430 (0.0691)	Prec@1 0.000 (0.000)	Prec@5 0.000 (0.000)
Overall Acc: 	 0.861919460011952
Mean Acc : 	 0.5
FreqW Acc : 	 0.7429051555472949
Mean IoU : 	 0.430959730005976
* Test:	Time 0.098 (0.127)	Loss 0.0453 (0.0627)	
learning rate = 0.000100
Epoch: [31][0/67]	Time 0.128 (0.329)	Data 0.024 (0.025)	Loss 0.1190 (0.0957)	
Epoch: [31][10/67]	Time 0.329 (0.329)	Data 0.025 (0.025)	Loss 0.0498 (0.0956)	
Epoch: [31][20/67]	Time 0.332 (0.329)	Data 0.024 (0.025)	Loss 0.0287 (0.0954)	
Epoch: [31][30/67]	Time 0.328 (0.329)	Data 0.024 (0.025)	Loss 0.0366 (0.0952)	
Epoch: [31][40/67]	Time 0.321 (0.329)	Data 0.025 (0.025)	Loss 0.0466 (0.0951)	
Epoch: [31][50/67]	Time 0.328 (0.329)	Data 0.025 (0.025)	Loss 0.0682 (0.0951)	
Epoch: [31][60/67]	Time 0.330 (0.329)	Data 0.025 (0.025)	Loss 0.0403 (0.0949)	
Test: [0/17]	Time 0.124 (0.124)	Loss 0.0338 (0.0338)	Prec@1 0.000 (0.000)	Prec@5 0.000 (0.000)
Test: [10/17]	Time 0.130 (0.127)	Loss 0.0670 (0.0604)	Prec@1 0.000 (0.000)	Prec@5 0.000 (0.000)
Overall Acc: 	 0.8623471615919426
Mean Acc : 	 0.5
FreqW Acc : 	 0.74364262710568
Mean IoU : 	 0.4311735807959713
* Test:	Time 0.095 (0.126)	Loss 0.0591 (0.0581)	
learning rate = 0.000100
Epoch: [32][0/67]	Time 0.124 (0.329)	Data 0.024 (0.025)	Loss 0.0514 (0.0948)	
Epoch: [32][10/67]	Time 0.326 (0.329)	Data 0.024 (0.025)	Loss 0.0450 (0.0946)	
Epoch: [32][20/67]	Time 0.330 (0.329)	Data 0.025 (0.025)	Loss 0.0353 (0.0944)	
Epoch: [32][30/67]	Time 0.327 (0.329)	Data 0.025 (0.025)	Loss 0.0721 (0.0943)	
Epoch: [32][40/67]	Time 0.331 (0.329)	Data 0.025 (0.025)	Loss 0.0620 (0.0941)	
Epoch: [32][50/67]	Time 0.323 (0.329)	Data 0.025 (0.025)	Loss 0.1540 (0.0941)	
Epoch: [32][60/67]	Time 0.327 (0.329)	Data 0.025 (0.025)	Loss 0.0784 (0.0940)	
Test: [0/17]	Time 0.124 (0.124)	Loss 0.0490 (0.0490)	Prec@1 0.000 (0.000)	Prec@5 0.000 (0.000)
Test: [10/17]	Time 0.130 (0.129)	Loss 0.0628 (0.0612)	Prec@1 0.000 (0.000)	Prec@5 0.000 (0.000)
Overall Acc: 	 0.8619666028378615
Mean Acc : 	 0.5
FreqW Acc : 	 0.7429864244078437
Mean IoU : 	 0.43098330141893076
* Test:	Time 0.093 (0.126)	Loss 0.0586 (0.0587)	
learning rate = 0.000100
Epoch: [33][0/67]	Time 0.126 (0.328)	Data 0.024 (0.025)	Loss 0.0714 (0.0939)	
Epoch: [33][10/67]	Time 0.327 (0.328)	Data 0.025 (0.025)	Loss 0.0848 (0.0938)	
Epoch: [33][20/67]	Time 0.324 (0.328)	Data 0.025 (0.025)	Loss 0.0391 (0.0937)	
Epoch: [33][30/67]	Time 0.326 (0.328)	Data 0.025 (0.025)	Loss 0.0830 (0.0936)	
Epoch: [33][40/67]	Time 0.332 (0.328)	Data 0.025 (0.025)	Loss 0.0379 (0.0934)	
Epoch: [33][50/67]	Time 0.332 (0.328)	Data 0.025 (0.025)	Loss 0.0583 (0.0933)	
Epoch: [33][60/67]	Time 0.326 (0.328)	Data 0.025 (0.025)	Loss 0.0487 (0.0932)	
Test: [0/17]	Time 0.123 (0.123)	Loss 0.0915 (0.0915)	Prec@1 0.000 (0.000)	Prec@5 0.000 (0.000)
Test: [10/17]	Time 0.129 (0.128)	Loss 0.0673 (0.0637)	Prec@1 0.000 (0.000)	Prec@5 0.000 (0.000)
Overall Acc: 	 0.8620380003060868
Mean Acc : 	 0.5
FreqW Acc : 	 0.7431095139717169
Mean IoU : 	 0.4310190001530434
* Test:	Time 0.095 (0.126)	Loss 0.0361 (0.0571)	
learning rate = 0.000100
Epoch: [34][0/67]	Time 0.126 (0.328)	Data 0.024 (0.025)	Loss 0.0416 (0.0931)	
Epoch: [34][10/67]	Time 0.330 (0.328)	Data 0.025 (0.025)	Loss 0.0524 (0.0929)	
Epoch: [34][20/67]	Time 0.324 (0.328)	Data 0.025 (0.025)	Loss 0.0579 (0.0929)	
Epoch: [34][30/67]	Time 0.329 (0.328)	Data 0.025 (0.025)	Loss 0.0605 (0.0927)	
Epoch: [34][40/67]	Time 0.327 (0.328)	Data 0.025 (0.025)	Loss 0.0437 (0.0926)	
Epoch: [34][50/67]	Time 0.330 (0.328)	Data 0.025 (0.025)	Loss 0.0573 (0.0925)	
Epoch: [34][60/67]	Time 0.325 (0.328)	Data 0.025 (0.025)	Loss 0.1031 (0.0923)	
Test: [0/17]	Time 0.124 (0.124)	Loss 0.1283 (0.1283)	Prec@1 0.000 (0.000)	Prec@5 0.000 (0.000)
Test: [10/17]	Time 0.129 (0.127)	Loss 0.0729 (0.0557)	Prec@1 0.000 (0.000)	Prec@5 0.000 (0.000)
Overall Acc: 	 0.8624818716476212
Mean Acc : 	 0.5
FreqW Acc : 	 0.7438749789207838
Mean IoU : 	 0.4312409358238106
* Test:	Time 0.095 (0.126)	Loss 0.0512 (0.0581)	
learning rate = 0.000100
Epoch: [35][0/67]	Time 0.124 (0.328)	Data 0.024 (0.025)	Loss 0.0947 (0.0923)	
Epoch: [35][10/67]	Time 0.331 (0.328)	Data 0.024 (0.025)	Loss 0.0470 (0.0922)	
Epoch: [35][20/67]	Time 0.327 (0.328)	Data 0.025 (0.025)	Loss 0.0262 (0.0921)	
Epoch: [35][30/67]	Time 0.329 (0.328)	Data 0.025 (0.025)	Loss 0.0336 (0.0919)	
Epoch: [35][40/67]	Time 0.326 (0.328)	Data 0.025 (0.025)	Loss 0.0845 (0.0918)	
Epoch: [35][50/67]	Time 0.328 (0.328)	Data 0.025 (0.025)	Loss 0.0951 (0.0917)	
Epoch: [35][60/67]	Time 0.328 (0.328)	Data 0.025 (0.025)	Loss 0.0812 (0.0916)	
Test: [0/17]	Time 0.124 (0.124)	Loss 0.0541 (0.0541)	Prec@1 0.000 (0.000)	Prec@5 0.000 (0.000)
Test: [10/17]	Time 0.130 (0.128)	Loss 0.0454 (0.0539)	Prec@1 0.000 (0.000)	Prec@5 0.000 (0.000)
Overall Acc: 	 0.8628913537779851
Mean Acc : 	 0.5
FreqW Acc : 	 0.7445814884248039
Mean IoU : 	 0.43144567688899255
* Test:	Time 0.097 (0.127)	Loss 0.0936 (0.0566)	
learning rate = 0.000100
Epoch: [36][0/67]	Time 0.125 (0.328)	Data 0.024 (0.025)	Loss 0.0762 (0.0915)	
Epoch: [36][10/67]	Time 0.327 (0.328)	Data 0.025 (0.025)	Loss 0.0788 (0.0914)	
Epoch: [36][20/67]	Time 0.328 (0.328)	Data 0.025 (0.025)	Loss 0.0670 (0.0913)	
Epoch: [36][30/67]	Time 0.326 (0.328)	Data 0.025 (0.025)	Loss 0.0977 (0.0912)	
Epoch: [36][40/67]	Time 0.328 (0.328)	Data 0.024 (0.025)	Loss 0.1613 (0.0911)	
Epoch: [36][50/67]	Time 0.327 (0.328)	Data 0.025 (0.025)	Loss 0.0748 (0.0910)	
Epoch: [36][60/67]	Time 0.328 (0.328)	Data 0.025 (0.025)	Loss 0.0662 (0.0909)	
Test: [0/17]	Time 0.126 (0.126)	Loss 0.0824 (0.0824)	Prec@1 0.000 (0.000)	Prec@5 0.000 (0.000)
Test: [10/17]	Time 0.130 (0.130)	Loss 0.0517 (0.0642)	Prec@1 0.000 (0.000)	Prec@5 0.000 (0.000)
Overall Acc: 	 0.861888259204466
Mean Acc : 	 0.5
FreqW Acc : 	 0.7428513713545047
Mean IoU : 	 0.430944129602233
* Test:	Time 0.093 (0.127)	Loss 0.0291 (0.0622)	
learning rate = 0.000100
Epoch: [37][0/67]	Time 0.125 (0.328)	Data 0.024 (0.025)	Loss 0.0743 (0.0908)	
Epoch: [37][10/67]	Time 0.332 (0.328)	Data 0.025 (0.025)	Loss 0.0743 (0.0908)	
Epoch: [37][20/67]	Time 0.328 (0.328)	Data 0.025 (0.025)	Loss 0.0497 (0.0906)	
Epoch: [37][30/67]	Time 0.330 (0.328)	Data 0.024 (0.025)	Loss 0.1141 (0.0905)	
Epoch: [37][40/67]	Time 0.322 (0.328)	Data 0.024 (0.025)	Loss 0.0506 (0.0904)	
Epoch: [37][50/67]	Time 0.331 (0.328)	Data 0.025 (0.025)	Loss 0.0557 (0.0903)	
Epoch: [37][60/67]	Time 0.326 (0.328)	Data 0.024 (0.025)	Loss 0.0792 (0.0902)	
Test: [0/17]	Time 0.125 (0.125)	Loss 0.0526 (0.0526)	Prec@1 0.000 (0.000)	Prec@5 0.000 (0.000)
Test: [10/17]	Time 0.131 (0.128)	Loss 0.0492 (0.0557)	Prec@1 0.000 (0.000)	Prec@5 0.000 (0.000)
Overall Acc: 	 0.8624356397941931
Mean Acc : 	 0.5
FreqW Acc : 	 0.7437952327872193
Mean IoU : 	 0.43121781989709657
* Test:	Time 0.093 (0.126)	Loss 0.0746 (0.0589)	
learning rate = 0.000100
Epoch: [38][0/67]	Time 0.124 (0.328)	Data 0.024 (0.025)	Loss 0.0766 (0.0902)	
Epoch: [38][10/67]	Time 0.329 (0.328)	Data 0.026 (0.025)	Loss 0.0554 (0.0901)	
Epoch: [38][20/67]	Time 0.327 (0.328)	Data 0.025 (0.025)	Loss 0.1072 (0.0899)	
Epoch: [38][30/67]	Time 0.327 (0.328)	Data 0.025 (0.025)	Loss 0.0567 (0.0898)	
Epoch: [38][40/67]	Time 0.322 (0.328)	Data 0.035 (0.025)	Loss 0.0515 (0.0897)	
Epoch: [38][50/67]	Time 0.331 (0.328)	Data 0.025 (0.025)	Loss 0.0888 (0.0896)	
Epoch: [38][60/67]	Time 0.329 (0.328)	Data 0.025 (0.025)	Loss 0.1427 (0.0895)	
Test: [0/17]	Time 0.126 (0.126)	Loss 0.0714 (0.0714)	Prec@1 0.000 (0.000)	Prec@5 0.000 (0.000)
Test: [10/17]	Time 0.128 (0.128)	Loss 0.0462 (0.0681)	Prec@1 0.000 (0.000)	Prec@5 0.000 (0.000)
Overall Acc: 	 0.8617922654792444
Mean Acc : 	 0.5
FreqW Acc : 	 0.7426859088398484
Mean IoU : 	 0.4308961327396222
* Test:	Time 0.095 (0.126)	Loss 0.0581 (0.0622)	
learning rate = 0.000100
Epoch: [39][0/67]	Time 0.127 (0.328)	Data 0.024 (0.025)	Loss 0.1093 (0.0895)	
Epoch: [39][10/67]	Time 0.328 (0.328)	Data 0.025 (0.025)	Loss 0.0745 (0.0894)	
Epoch: [39][20/67]	Time 0.323 (0.328)	Data 0.024 (0.025)	Loss 0.0515 (0.0893)	
Epoch: [39][30/67]	Time 0.329 (0.328)	Data 0.025 (0.025)	Loss 0.0319 (0.0892)	
Epoch: [39][40/67]	Time 0.327 (0.328)	Data 0.025 (0.025)	Loss 0.0679 (0.0891)	
Epoch: [39][50/67]	Time 0.329 (0.328)	Data 0.024 (0.025)	Loss 0.0566 (0.0891)	
Epoch: [39][60/67]	Time 0.329 (0.328)	Data 0.025 (0.025)	Loss 0.0433 (0.0890)	
Test: [0/17]	Time 0.124 (0.124)	Loss 0.0805 (0.0805)	Prec@1 0.000 (0.000)	Prec@5 0.000 (0.000)
Test: [10/17]	Time 0.130 (0.128)	Loss 0.0887 (0.0616)	Prec@1 0.000 (0.000)	Prec@5 0.000 (0.000)
Overall Acc: 	 0.8617882799746385
Mean Acc : 	 0.5
FreqW Acc : 	 0.7426790395016458
Mean IoU : 	 0.43089413998731924
* Test:	Time 0.092 (0.126)	Loss 0.0641 (0.0628)	
learning rate = 0.000100
Epoch: [40][0/67]	Time 0.124 (0.328)	Data 0.024 (0.025)	Loss 0.0799 (0.0889)	
Epoch: [40][10/67]	Time 0.329 (0.328)	Data 0.025 (0.025)	Loss 0.0471 (0.0888)	
Epoch: [40][20/67]	Time 0.327 (0.328)	Data 0.025 (0.025)	Loss 0.0298 (0.0887)	
Epoch: [40][30/67]	Time 0.320 (0.328)	Data 0.024 (0.025)	Loss 0.0746 (0.0887)	
Epoch: [40][40/67]	Time 0.327 (0.328)	Data 0.024 (0.025)	Loss 0.0612 (0.0886)	
Epoch: [40][50/67]	Time 0.328 (0.328)	Data 0.025 (0.025)	Loss 0.0749 (0.0885)	
Epoch: [40][60/67]	Time 0.330 (0.328)	Data 0.024 (0.025)	Loss 0.0688 (0.0884)	
Test: [0/17]	Time 0.124 (0.124)	Loss 0.0390 (0.0390)	Prec@1 0.000 (0.000)	Prec@5 0.000 (0.000)
Test: [10/17]	Time 0.130 (0.129)	Loss 0.0404 (0.0586)	Prec@1 0.000 (0.000)	Prec@5 0.000 (0.000)
Overall Acc: 	 0.8621903604535914
Mean Acc : 	 0.5
FreqW Acc : 	 0.7433722176590939
Mean IoU : 	 0.4310951802267957
* Test:	Time 0.094 (0.126)	Loss 0.0604 (0.0574)	
learning rate = 0.000100
Epoch: [41][0/67]	Time 0.126 (0.328)	Data 0.024 (0.025)	Loss 0.0475 (0.0883)	
Epoch: [41][10/67]	Time 0.329 (0.328)	Data 0.024 (0.025)	Loss 0.0707 (0.0883)	
Epoch: [41][20/67]	Time 0.328 (0.328)	Data 0.024 (0.025)	Loss 0.0953 (0.0882)	
Epoch: [41][30/67]	Time 0.328 (0.328)	Data 0.024 (0.025)	Loss 0.0588 (0.0881)	
Epoch: [41][40/67]	Time 0.329 (0.328)	Data 0.024 (0.025)	Loss 0.0349 (0.0880)	
Epoch: [41][50/67]	Time 0.327 (0.328)	Data 0.024 (0.025)	Loss 0.0720 (0.0879)	
Epoch: [41][60/67]	Time 0.328 (0.328)	Data 0.024 (0.025)	Loss 0.1421 (0.0878)	
Test: [0/17]	Time 0.125 (0.125)	Loss 0.0396 (0.0396)	Prec@1 0.000 (0.000)	Prec@5 0.000 (0.000)
Test: [10/17]	Time 0.132 (0.128)	Loss 0.0440 (0.0559)	Prec@1 0.000 (0.000)	Prec@5 0.000 (0.000)
Overall Acc: 	 0.8625070372624184
Mean Acc : 	 0.5
FreqW Acc : 	 0.7439183893271948
Mean IoU : 	 0.4312535186312092
* Test:	Time 0.092 (0.125)	Loss 0.0807 (0.0559)	
learning rate = 0.000100
Epoch: [42][0/67]	Time 0.124 (0.328)	Data 0.024 (0.025)	Loss 0.0645 (0.0878)	
Epoch: [42][10/67]	Time 0.331 (0.328)	Data 0.025 (0.025)	Loss 0.0531 (0.0876)	
Epoch: [42][20/67]	Time 0.329 (0.328)	Data 0.025 (0.025)	Loss 0.0734 (0.0876)	
Epoch: [42][30/67]	Time 0.325 (0.328)	Data 0.024 (0.025)	Loss 0.0691 (0.0875)	
Epoch: [42][40/67]	Time 0.328 (0.328)	Data 0.024 (0.025)	Loss 0.0330 (0.0874)	
Epoch: [42][50/67]	Time 0.323 (0.328)	Data 0.025 (0.025)	Loss 0.0399 (0.0874)	
Epoch: [42][60/67]	Time 0.332 (0.328)	Data 0.024 (0.025)	Loss 0.0596 (0.0873)	
Test: [0/17]	Time 0.124 (0.124)	Loss 0.0433 (0.0433)	Prec@1 0.000 (0.000)	Prec@5 0.000 (0.000)
Test: [10/17]	Time 0.128 (0.128)	Loss 0.0717 (0.0627)	Prec@1 0.000 (0.000)	Prec@5 0.000 (0.000)
Overall Acc: 	 0.8620520065079874
Mean Acc : 	 0.5
FreqW Acc : 	 0.7431336619244472
Mean IoU : 	 0.4310260032539937
* Test:	Time 0.092 (0.126)	Loss 0.0488 (0.0563)	
learning rate = 0.000100
Epoch: [43][0/67]	Time 0.128 (0.328)	Data 0.024 (0.025)	Loss 0.1066 (0.0873)	
Epoch: [43][10/67]	Time 0.330 (0.328)	Data 0.024 (0.025)	Loss 0.0874 (0.0872)	
Epoch: [43][20/67]	Time 0.326 (0.328)	Data 0.024 (0.025)	Loss 0.0786 (0.0871)	
Epoch: [43][30/67]	Time 0.329 (0.328)	Data 0.024 (0.025)	Loss 0.0619 (0.0871)	
Epoch: [43][40/67]	Time 0.327 (0.328)	Data 0.024 (0.025)	Loss 0.0725 (0.0870)	
Epoch: [43][50/67]	Time 0.332 (0.328)	Data 0.024 (0.025)	Loss 0.0550 (0.0869)	
Epoch: [43][60/67]	Time 0.327 (0.328)	Data 0.024 (0.025)	Loss 0.0461 (0.0868)	
Test: [0/17]	Time 0.124 (0.124)	Loss 0.0437 (0.0437)	Prec@1 0.000 (0.000)	Prec@5 0.000 (0.000)
Test: [10/17]	Time 0.135 (0.128)	Loss 0.0547 (0.0573)	Prec@1 0.000 (0.000)	Prec@5 0.000 (0.000)
Overall Acc: 	 0.8623760849682253
Mean Acc : 	 0.5
FreqW Acc : 	 0.7436925119251236
Mean IoU : 	 0.43118804248411263
* Test:	Time 0.093 (0.125)	Loss 0.0557 (0.0593)	
learning rate = 0.000100
Epoch: [44][0/67]	Time 0.127 (0.328)	Data 0.024 (0.025)	Loss 0.0426 (0.0867)	
Epoch: [44][10/67]	Time 0.330 (0.328)	Data 0.025 (0.025)	Loss 0.0458 (0.0866)	
Epoch: [44][20/67]	Time 0.330 (0.328)	Data 0.025 (0.025)	Loss 0.0962 (0.0866)	
Epoch: [44][30/67]	Time 0.334 (0.328)	Data 0.024 (0.025)	Loss 0.0815 (0.0865)	
Epoch: [44][40/67]	Time 0.329 (0.328)	Data 0.025 (0.025)	Loss 0.0350 (0.0864)	
Epoch: [44][50/67]	Time 0.330 (0.328)	Data 0.024 (0.025)	Loss 0.0667 (0.0864)	
Epoch: [44][60/67]	Time 0.327 (0.328)	Data 0.025 (0.025)	Loss 0.0451 (0.0863)	
Test: [0/17]	Time 0.127 (0.127)	Loss 0.0479 (0.0479)	Prec@1 0.000 (0.000)	Prec@5 0.000 (0.000)
Test: [10/17]	Time 0.129 (0.129)	Loss 0.0751 (0.0559)	Prec@1 0.000 (0.000)	Prec@5 0.000 (0.000)
Overall Acc: 	 0.8615636113864272
Mean Acc : 	 0.5
FreqW Acc : 	 0.7422918564652226
Mean IoU : 	 0.4307818056932136
* Test:	Time 0.094 (0.126)	Loss 0.0810 (0.0603)	
learning rate = 0.000100
Epoch: [45][0/67]	Time 0.123 (0.327)	Data 0.024 (0.025)	Loss 0.0552 (0.0863)	
Epoch: [45][10/67]	Time 0.330 (0.327)	Data 0.024 (0.025)	Loss 0.0807 (0.0862)	
Epoch: [45][20/67]	Time 0.333 (0.327)	Data 0.024 (0.025)	Loss 0.0667 (0.0861)	
Epoch: [45][30/67]	Time 0.327 (0.327)	Data 0.024 (0.025)	Loss 0.0684 (0.0861)	
Epoch: [45][40/67]	Time 0.326 (0.327)	Data 0.025 (0.025)	Loss 0.0468 (0.0860)	
Epoch: [45][50/67]	Time 0.325 (0.327)	Data 0.025 (0.025)	Loss 0.0288 (0.0859)	
Epoch: [45][60/67]	Time 0.333 (0.327)	Data 0.024 (0.025)	Loss 0.0561 (0.0859)	
Test: [0/17]	Time 0.124 (0.124)	Loss 0.0499 (0.0499)	Prec@1 0.000 (0.000)	Prec@5 0.000 (0.000)
Test: [10/17]	Time 0.142 (0.130)	Loss 0.0533 (0.0518)	Prec@1 0.000 (0.000)	Prec@5 0.000 (0.000)
Overall Acc: 	 0.8621212404165695
Mean Acc : 	 0.5
FreqW Acc : 	 0.7432530331774043
Mean IoU : 	 0.43106062020828473
* Test:	Time 0.094 (0.126)	Loss 0.0908 (0.0579)	
learning rate = 0.000100
Epoch: [46][0/67]	Time 0.126 (0.327)	Data 0.024 (0.025)	Loss 0.0989 (0.0859)	
Epoch: [46][10/67]	Time 0.330 (0.327)	Data 0.024 (0.025)	Loss 0.0785 (0.0858)	
Epoch: [46][20/67]	Time 0.328 (0.327)	Data 0.024 (0.025)	Loss 0.1117 (0.0858)	
Epoch: [46][30/67]	Time 0.325 (0.327)	Data 0.024 (0.025)	Loss 0.0630 (0.0857)	
Epoch: [46][40/67]	Time 0.330 (0.327)	Data 0.024 (0.025)	Loss 0.0297 (0.0857)	
Epoch: [46][50/67]	Time 0.331 (0.327)	Data 0.024 (0.025)	Loss 0.0662 (0.0856)	
Epoch: [46][60/67]	Time 0.328 (0.327)	Data 0.024 (0.025)	Loss 0.0770 (0.0856)	
Test: [0/17]	Time 0.124 (0.124)	Loss 0.0266 (0.0266)	Prec@1 0.000 (0.000)	Prec@5 0.000 (0.000)
Test: [10/17]	Time 0.131 (0.128)	Loss 0.0708 (0.0496)	Prec@1 0.000 (0.000)	Prec@5 0.000 (0.000)
Overall Acc: 	 0.862045629700618
Mean Acc : 	 0.5
FreqW Acc : 	 0.743122667685935
Mean IoU : 	 0.431022814850309
* Test:	Time 0.095 (0.126)	Loss 0.0307 (0.0560)	
learning rate = 0.000100
Epoch: [47][0/67]	Time 0.128 (0.327)	Data 0.024 (0.025)	Loss 0.0576 (0.0855)	
Epoch: [47][10/67]	Time 0.326 (0.327)	Data 0.024 (0.025)	Loss 0.0659 (0.0854)	
Epoch: [47][20/67]	Time 0.333 (0.327)	Data 0.024 (0.025)	Loss 0.0774 (0.0854)	
Epoch: [47][30/67]	Time 0.329 (0.327)	Data 0.024 (0.025)	Loss 0.0201 (0.0853)	
Epoch: [47][40/67]	Time 0.331 (0.327)	Data 0.024 (0.025)	Loss 0.0858 (0.0853)	
Epoch: [47][50/67]	Time 0.328 (0.327)	Data 0.024 (0.025)	Loss 0.0911 (0.0852)	
Epoch: [47][60/67]	Time 0.327 (0.327)	Data 0.024 (0.025)	Loss 0.1086 (0.0851)	
Test: [0/17]	Time 0.123 (0.123)	Loss 0.0474 (0.0474)	Prec@1 0.000 (0.000)	Prec@5 0.000 (0.000)
Test: [10/17]	Time 0.143 (0.128)	Loss 0.0427 (0.0663)	Prec@1 0.000 (0.000)	Prec@5 0.000 (0.000)
Overall Acc: 	 0.8620414164528918
Mean Acc : 	 0.5
FreqW Acc : 	 0.743115403680108
Mean IoU : 	 0.4310207082264459
* Test:	Time 0.098 (0.126)	Loss 0.0529 (0.0636)	
learning rate = 0.000100
Epoch: [48][0/67]	Time 0.127 (0.327)	Data 0.025 (0.025)	Loss 0.0368 (0.0851)	
Epoch: [48][10/67]	Time 0.331 (0.327)	Data 0.024 (0.025)	Loss 0.0746 (0.0850)	
Epoch: [48][20/67]	Time 0.327 (0.327)	Data 0.024 (0.025)	Loss 0.0580 (0.0850)	
Epoch: [48][30/67]	Time 0.322 (0.327)	Data 0.024 (0.025)	Loss 0.0766 (0.0849)	
Epoch: [48][40/67]	Time 0.324 (0.327)	Data 0.025 (0.025)	Loss 0.0672 (0.0849)	
Epoch: [48][50/67]	Time 0.328 (0.327)	Data 0.024 (0.025)	Loss 0.0509 (0.0848)	
Epoch: [48][60/67]	Time 0.325 (0.327)	Data 0.024 (0.025)	Loss 0.0249 (0.0847)	
Test: [0/17]	Time 0.125 (0.125)	Loss 0.0407 (0.0407)	Prec@1 0.000 (0.000)	Prec@5 0.000 (0.000)
Test: [10/17]	Time 0.130 (0.128)	Loss 0.0470 (0.0553)	Prec@1 0.000 (0.000)	Prec@5 0.000 (0.000)
Overall Acc: 	 0.8618593358281833
Mean Acc : 	 0.5
FreqW Acc : 	 0.7428015147541972
Mean IoU : 	 0.43092966791409165
* Test:	Time 0.094 (0.126)	Loss 0.0404 (0.0576)	
learning rate = 0.000100
Epoch: [49][0/67]	Time 0.126 (0.327)	Data 0.024 (0.025)	Loss 0.0492 (0.0846)	
Epoch: [49][10/67]	Time 0.325 (0.327)	Data 0.024 (0.025)	Loss 0.1188 (0.0846)	
Epoch: [49][20/67]	Time 0.329 (0.327)	Data 0.024 (0.025)	Loss 0.0238 (0.0845)	
Epoch: [49][30/67]	Time 0.329 (0.327)	Data 0.024 (0.025)	Loss 0.0750 (0.0845)	
Epoch: [49][40/67]	Time 0.333 (0.327)	Data 0.024 (0.025)	Loss 0.0466 (0.0844)	
Epoch: [49][50/67]	Time 0.329 (0.327)	Data 0.024 (0.025)	Loss 0.0468 (0.0843)	
Epoch: [49][60/67]	Time 0.326 (0.327)	Data 0.025 (0.025)	Loss 0.0771 (0.0842)	
Test: [0/17]	Time 0.124 (0.124)	Loss 0.0897 (0.0897)	Prec@1 0.000 (0.000)	Prec@5 0.000 (0.000)
Test: [10/17]	Time 0.129 (0.128)	Loss 0.0583 (0.0580)	Prec@1 0.000 (0.000)	Prec@5 0.000 (0.000)
Overall Acc: 	 0.8623533106561917
Mean Acc : 	 0.5
FreqW Acc : 	 0.7436532323996943
Mean IoU : 	 0.43117665532809585
* Test:	Time 0.094 (0.126)	Loss 0.0732 (0.0620)	
learning rate = 0.000100
Epoch: [50][0/67]	Time 0.124 (0.327)	Data 0.024 (0.025)	Loss 0.0514 (0.0842)	
Epoch: [50][10/67]	Time 0.327 (0.327)	Data 0.025 (0.025)	Loss 0.0313 (0.0841)	
Epoch: [50][20/67]	Time 0.328 (0.327)	Data 0.024 (0.025)	Loss 0.0456 (0.0841)	
Epoch: [50][30/67]	Time 0.328 (0.327)	Data 0.025 (0.025)	Loss 0.0668 (0.0840)	
Epoch: [50][40/67]	Time 0.319 (0.327)	Data 0.034 (0.025)	Loss 0.0644 (0.0839)	
Epoch: [50][50/67]	Time 0.329 (0.327)	Data 0.025 (0.025)	Loss 0.0464 (0.0839)	
Epoch: [50][60/67]	Time 0.328 (0.327)	Data 0.025 (0.025)	Loss 0.0633 (0.0838)	
Test: [0/17]	Time 0.124 (0.124)	Loss 0.0766 (0.0766)	Prec@1 0.000 (0.000)	Prec@5 0.000 (0.000)
Test: [10/17]	Time 0.134 (0.128)	Loss 0.0234 (0.0585)	Prec@1 0.000 (0.000)	Prec@5 0.000 (0.000)
Overall Acc: 	 0.8618126484885145
Mean Acc : 	 0.5
FreqW Acc : 	 0.7427210410947878
Mean IoU : 	 0.43090632424425723
* Test:	Time 0.093 (0.125)	Loss 0.0411 (0.0577)	
learning rate = 0.000100
Epoch: [51][0/67]	Time 0.123 (0.327)	Data 0.024 (0.025)	Loss 0.0727 (0.0838)	
Epoch: [51][10/67]	Time 0.327 (0.327)	Data 0.024 (0.025)	Loss 0.0464 (0.0837)	
Epoch: [51][20/67]	Time 0.329 (0.327)	Data 0.025 (0.025)	Loss 0.0703 (0.0837)	
Epoch: [51][30/67]	Time 0.330 (0.327)	Data 0.025 (0.025)	Loss 0.0447 (0.0836)	
Epoch: [51][40/67]	Time 0.327 (0.327)	Data 0.024 (0.025)	Loss 0.0573 (0.0835)	
Epoch: [51][50/67]	Time 0.326 (0.327)	Data 0.025 (0.025)	Loss 0.0473 (0.0835)	
Epoch: [51][60/67]	Time 0.328 (0.327)	Data 0.025 (0.025)	Loss 0.0530 (0.0834)	
Test: [0/17]	Time 0.124 (0.124)	Loss 0.0602 (0.0602)	Prec@1 0.000 (0.000)	Prec@5 0.000 (0.000)
Test: [10/17]	Time 0.129 (0.128)	Loss 0.0406 (0.0569)	Prec@1 0.000 (0.000)	Prec@5 0.000 (0.000)
Overall Acc: 	 0.8619627312048158
Mean Acc : 	 0.5
FreqW Acc : 	 0.7429797499860655
Mean IoU : 	 0.4309813656024079
* Test:	Time 0.093 (0.127)	Loss 0.0655 (0.0562)	
learning rate = 0.000100
Epoch: [52][0/67]	Time 0.126 (0.327)	Data 0.024 (0.025)	Loss 0.0543 (0.0834)	
Epoch: [52][10/67]	Time 0.327 (0.327)	Data 0.024 (0.025)	Loss 0.1013 (0.0834)	
Epoch: [52][20/67]	Time 0.329 (0.327)	Data 0.024 (0.025)	Loss 0.0464 (0.0833)	
Epoch: [52][30/67]	Time 0.333 (0.327)	Data 0.025 (0.025)	Loss 0.0623 (0.0833)	
Epoch: [52][40/67]	Time 0.327 (0.327)	Data 0.024 (0.025)	Loss 0.0840 (0.0832)	
Epoch: [52][50/67]	Time 0.325 (0.327)	Data 0.025 (0.025)	Loss 0.0820 (0.0831)	
Epoch: [52][60/67]	Time 0.329 (0.327)	Data 0.025 (0.025)	Loss 0.0442 (0.0831)	
Test: [0/17]	Time 0.125 (0.125)	Loss 0.0346 (0.0346)	Prec@1 0.000 (0.000)	Prec@5 0.000 (0.000)
Test: [10/17]	Time 0.134 (0.128)	Loss 0.0420 (0.0617)	Prec@1 0.000 (0.000)	Prec@5 0.000 (0.000)
Overall Acc: 	 0.8626465299236241
Mean Acc : 	 0.5
FreqW Acc : 	 0.7441590355892701
Mean IoU : 	 0.43132326496181206
* Test:	Time 0.093 (0.126)	Loss 0.0706 (0.0565)	
learning rate = 0.000100
Epoch: [53][0/67]	Time 0.125 (0.327)	Data 0.024 (0.025)	Loss 0.0524 (0.0830)	
Epoch: [53][10/67]	Time 0.332 (0.327)	Data 0.024 (0.025)	Loss 0.0694 (0.0830)	
Epoch: [53][20/67]	Time 0.328 (0.327)	Data 0.025 (0.025)	Loss 0.0576 (0.0829)	
Epoch: [53][30/67]	Time 0.328 (0.327)	Data 0.025 (0.025)	Loss 0.0819 (0.0829)	
Epoch: [53][40/67]	Time 0.329 (0.327)	Data 0.025 (0.025)	Loss 0.0764 (0.0828)	
Epoch: [53][50/67]	Time 0.330 (0.327)	Data 0.025 (0.025)	Loss 0.0573 (0.0827)	
Epoch: [53][60/67]	Time 0.328 (0.327)	Data 0.024 (0.025)	Loss 0.0492 (0.0827)	
Test: [0/17]	Time 0.124 (0.124)	Loss 0.0409 (0.0409)	Prec@1 0.000 (0.000)	Prec@5 0.000 (0.000)
Test: [10/17]	Time 0.131 (0.128)	Loss 0.0954 (0.0546)	Prec@1 0.000 (0.000)	Prec@5 0.000 (0.000)
Overall Acc: 	 0.8613817585048391
Mean Acc : 	 0.5
FreqW Acc : 	 0.741978533884889
Mean IoU : 	 0.43069087925241956
* Test:	Time 0.092 (0.126)	Loss 0.0866 (0.0565)	
learning rate = 0.000100
Epoch: [54][0/67]	Time 0.124 (0.327)	Data 0.024 (0.025)	Loss 0.0402 (0.0826)	
Epoch: [54][10/67]	Time 0.330 (0.327)	Data 0.025 (0.025)	Loss 0.0442 (0.0826)	
Epoch: [54][20/67]	Time 0.322 (0.327)	Data 0.025 (0.025)	Loss 0.0970 (0.0825)	
Epoch: [54][30/67]	Time 0.327 (0.327)	Data 0.024 (0.025)	Loss 0.0636 (0.0825)	
Epoch: [54][40/67]	Time 0.322 (0.327)	Data 0.025 (0.025)	Loss 0.0655 (0.0824)	
Epoch: [54][50/67]	Time 0.332 (0.327)	Data 0.025 (0.025)	Loss 0.0522 (0.0824)	
Epoch: [54][60/67]	Time 0.324 (0.327)	Data 0.025 (0.025)	Loss 0.2052 (0.0823)	
Test: [0/17]	Time 0.125 (0.125)	Loss 0.0386 (0.0386)	Prec@1 0.000 (0.000)	Prec@5 0.000 (0.000)
Test: [10/17]	Time 0.130 (0.128)	Loss 0.0558 (0.0666)	Prec@1 0.000 (0.000)	Prec@5 0.000 (0.000)
Overall Acc: 	 0.8618238079014109
Mean Acc : 	 0.5
FreqW Acc : 	 0.742740275865688
Mean IoU : 	 0.43091190395070544
* Test:	Time 0.095 (0.125)	Loss 0.0219 (0.0616)	
learning rate = 0.000100
Epoch: [55][0/67]	Time 0.126 (0.327)	Data 0.024 (0.025)	Loss 0.0428 (0.0823)	
Epoch: [55][10/67]	Time 0.329 (0.327)	Data 0.025 (0.025)	Loss 0.0589 (0.0822)	
Epoch: [55][20/67]	Time 0.323 (0.327)	Data 0.025 (0.025)	Loss 0.0723 (0.0822)	
Epoch: [55][30/67]	Time 0.330 (0.327)	Data 0.024 (0.025)	Loss 0.0827 (0.0822)	
Epoch: [55][40/67]	Time 0.327 (0.327)	Data 0.025 (0.025)	Loss 0.0598 (0.0821)	
Epoch: [55][50/67]	Time 0.328 (0.327)	Data 0.024 (0.025)	Loss 0.0461 (0.0820)	
Epoch: [55][60/67]	Time 0.327 (0.327)	Data 0.025 (0.025)	Loss 0.1098 (0.0820)	
Test: [0/17]	Time 0.124 (0.124)	Loss 0.0956 (0.0956)	Prec@1 0.000 (0.000)	Prec@5 0.000 (0.000)
Test: [10/17]	Time 0.130 (0.130)	Loss 0.0222 (0.0562)	Prec@1 0.000 (0.000)	Prec@5 0.000 (0.000)
Overall Acc: 	 0.861990743608617
Mean Acc : 	 0.5
FreqW Acc : 	 0.7430280420669366
Mean IoU : 	 0.4309953718043085
* Test:	Time 0.095 (0.127)	Loss 0.0627 (0.0591)	
learning rate = 0.000100
Epoch: [56][0/67]	Time 0.125 (0.327)	Data 0.024 (0.025)	Loss 0.0532 (0.0820)	
Epoch: [56][10/67]	Time 0.327 (0.327)	Data 0.025 (0.025)	Loss 0.0630 (0.0819)	
Epoch: [56][20/67]	Time 0.330 (0.327)	Data 0.025 (0.025)	Loss 0.0292 (0.0819)	
Epoch: [56][30/67]	Time 0.325 (0.327)	Data 0.025 (0.025)	Loss 0.0597 (0.0819)	
Epoch: [56][40/67]	Time 0.331 (0.327)	Data 0.025 (0.025)	Loss 0.0612 (0.0819)	
Epoch: [56][50/67]	Time 0.326 (0.327)	Data 0.025 (0.025)	Loss 0.0860 (0.0818)	
Epoch: [56][60/67]	Time 0.330 (0.327)	Data 0.024 (0.025)	Loss 0.0829 (0.0818)	
Test: [0/17]	Time 0.124 (0.124)	Loss 0.0652 (0.0652)	Prec@1 0.000 (0.000)	Prec@5 0.000 (0.000)
Test: [10/17]	Time 0.136 (0.129)	Loss 0.1027 (0.0662)	Prec@1 0.000 (0.000)	Prec@5 0.000 (0.000)
Overall Acc: 	 0.8623790456287896
Mean Acc : 	 0.5
FreqW Acc : 	 0.743697618339622
Mean IoU : 	 0.4311895228143948
* Test:	Time 0.102 (0.128)	Loss 0.0572 (0.0631)	
learning rate = 0.000100
Epoch: [57][0/67]	Time 0.137 (0.327)	Data 0.035 (0.025)	Loss 0.0605 (0.0818)	
Epoch: [57][10/67]	Time 0.332 (0.327)	Data 0.025 (0.025)	Loss 0.0565 (0.0818)	
Epoch: [57][20/67]	Time 0.329 (0.327)	Data 0.025 (0.025)	Loss 0.0708 (0.0817)	
Epoch: [57][30/67]	Time 0.329 (0.327)	Data 0.025 (0.025)	Loss 0.0407 (0.0816)	
Epoch: [57][40/67]	Time 0.324 (0.327)	Data 0.024 (0.025)	Loss 0.0709 (0.0816)	
Epoch: [57][50/67]	Time 0.331 (0.327)	Data 0.025 (0.025)	Loss 0.0802 (0.0816)	
Epoch: [57][60/67]	Time 0.318 (0.327)	Data 0.025 (0.025)	Loss 0.0536 (0.0815)	
Test: [0/17]	Time 0.124 (0.124)	Loss 0.0462 (0.0462)	Prec@1 0.000 (0.000)	Prec@5 0.000 (0.000)
Test: [10/17]	Time 0.128 (0.127)	Loss 0.0629 (0.0514)	Prec@1 0.000 (0.000)	Prec@5 0.000 (0.000)
Overall Acc: 	 0.8619267477918027
Mean Acc : 	 0.5
FreqW Acc : 	 0.7429177185589538
Mean IoU : 	 0.43096337389590134
* Test:	Time 0.094 (0.126)	Loss 0.0336 (0.0559)	
learning rate = 0.000100
Epoch: [58][0/67]	Time 0.126 (0.327)	Data 0.024 (0.025)	Loss 0.0696 (0.0815)	
Epoch: [58][10/67]	Time 0.329 (0.327)	Data 0.025 (0.025)	Loss 0.0741 (0.0814)	
Epoch: [58][20/67]	Time 0.327 (0.327)	Data 0.024 (0.025)	Loss 0.0595 (0.0814)	
Epoch: [58][30/67]	Time 0.325 (0.327)	Data 0.024 (0.025)	Loss 0.0484 (0.0813)	
Epoch: [58][40/67]	Time 0.326 (0.327)	Data 0.024 (0.025)	Loss 0.0949 (0.0813)	
Epoch: [58][50/67]	Time 0.329 (0.327)	Data 0.024 (0.025)	Loss 0.0510 (0.0812)	
Epoch: [58][60/67]	Time 0.327 (0.327)	Data 0.024 (0.025)	Loss 0.0575 (0.0812)	
Test: [0/17]	Time 0.123 (0.123)	Loss 0.0695 (0.0695)	Prec@1 0.000 (0.000)	Prec@5 0.000 (0.000)
Test: [10/17]	Time 0.128 (0.128)	Loss 0.0492 (0.0509)	Prec@1 0.000 (0.000)	Prec@5 0.000 (0.000)
Overall Acc: 	 0.8628127824014692
Mean Acc : 	 0.5
FreqW Acc : 	 0.744445897475365
Mean IoU : 	 0.4314063912007346
* Test:	Time 0.094 (0.126)	Loss 0.0471 (0.0545)	
learning rate = 0.000100
Epoch: [59][0/67]	Time 0.124 (0.327)	Data 0.024 (0.025)	Loss 0.0238 (0.0812)	
Epoch: [59][10/67]	Time 0.328 (0.327)	Data 0.024 (0.025)	Loss 0.0302 (0.0811)	
Epoch: [59][20/67]	Time 0.324 (0.327)	Data 0.025 (0.025)	Loss 0.0551 (0.0811)	
Epoch: [59][30/67]	Time 0.332 (0.327)	Data 0.035 (0.025)	Loss 0.0731 (0.0811)	
Epoch: [59][40/67]	Time 0.328 (0.327)	Data 0.024 (0.025)	Loss 0.0334 (0.0810)	
Epoch: [59][50/67]	Time 0.328 (0.327)	Data 0.024 (0.025)	Loss 0.0732 (0.0810)	
Epoch: [59][60/67]	Time 0.325 (0.327)	Data 0.024 (0.025)	Loss 0.0523 (0.0809)	
Test: [0/17]	Time 0.127 (0.127)	Loss 0.0744 (0.0744)	Prec@1 0.000 (0.000)	Prec@5 0.000 (0.000)
Test: [10/17]	Time 0.129 (0.129)	Loss 0.0441 (0.0588)	Prec@1 0.000 (0.000)	Prec@5 0.000 (0.000)
Overall Acc: 	 0.862316188527577
Mean Acc : 	 0.5
FreqW Acc : 	 0.7435892089967276
Mean IoU : 	 0.4311580942637885
* Test:	Time 0.094 (0.126)	Loss 0.0466 (0.0556)	
learning rate = 0.000100
Epoch: [60][0/67]	Time 0.125 (0.327)	Data 0.024 (0.025)	Loss 0.0867 (0.0809)	
Epoch: [60][10/67]	Time 0.328 (0.327)	Data 0.025 (0.025)	Loss 0.0588 (0.0808)	
Epoch: [60][20/67]	Time 0.325 (0.327)	Data 0.025 (0.025)	Loss 0.0519 (0.0808)	
Epoch: [60][30/67]	Time 0.326 (0.327)	Data 0.024 (0.025)	Loss 0.0625 (0.0807)	
Epoch: [60][40/67]	Time 0.329 (0.327)	Data 0.025 (0.025)	Loss 0.0679 (0.0807)	
Epoch: [60][50/67]	Time 0.329 (0.327)	Data 0.024 (0.025)	Loss 0.0640 (0.0807)	
Epoch: [60][60/67]	Time 0.327 (0.327)	Data 0.025 (0.025)	Loss 0.1268 (0.0806)	
Test: [0/17]	Time 0.122 (0.122)	Loss 0.1162 (0.1162)	Prec@1 0.000 (0.000)	Prec@5 0.000 (0.000)
Test: [10/17]	Time 0.128 (0.127)	Loss 0.0852 (0.0594)	Prec@1 0.000 (0.000)	Prec@5 0.000 (0.000)
Overall Acc: 	 0.8626874098137244
Mean Acc : 	 0.5
FreqW Acc : 	 0.7442295670511129
Mean IoU : 	 0.4313437049068622
* Test:	Time 0.094 (0.125)	Loss 0.0448 (0.0608)	
learning rate = 0.000100
Epoch: [61][0/67]	Time 0.125 (0.327)	Data 0.024 (0.025)	Loss 0.0816 (0.0806)	
Epoch: [61][10/67]	Time 0.334 (0.327)	Data 0.024 (0.025)	Loss 0.0532 (0.0805)	
Epoch: [61][20/67]	Time 0.327 (0.327)	Data 0.024 (0.025)	Loss 0.0526 (0.0805)	
Epoch: [61][30/67]	Time 0.322 (0.327)	Data 0.024 (0.025)	Loss 0.0946 (0.0804)	
Epoch: [61][40/67]	Time 0.329 (0.327)	Data 0.024 (0.025)	Loss 0.0729 (0.0804)	
Epoch: [61][50/67]	Time 0.323 (0.327)	Data 0.025 (0.025)	Loss 0.0540 (0.0803)	
Epoch: [61][60/67]	Time 0.328 (0.327)	Data 0.025 (0.025)	Loss 0.0726 (0.0803)	
Test: [0/17]	Time 0.124 (0.124)	Loss 0.0283 (0.0283)	Prec@1 0.000 (0.000)	Prec@5 0.000 (0.000)
Test: [10/17]	Time 0.146 (0.129)	Loss 0.0793 (0.0550)	Prec@1 0.000 (0.000)	Prec@5 0.000 (0.000)
Overall Acc: 	 0.862304004270639
Mean Acc : 	 0.5
FreqW Acc : 	 0.7435681957811783
Mean IoU : 	 0.4311520021353195
* Test:	Time 0.092 (0.126)	Loss 0.0674 (0.0567)	
learning rate = 0.000100
Epoch: [62][0/67]	Time 0.125 (0.327)	Data 0.024 (0.025)	Loss 0.0421 (0.0803)	
Epoch: [62][10/67]	Time 0.328 (0.327)	Data 0.025 (0.025)	Loss 0.0962 (0.0802)	
Epoch: [62][20/67]	Time 0.324 (0.327)	Data 0.025 (0.025)	Loss 0.0508 (0.0802)	
Epoch: [62][30/67]	Time 0.337 (0.327)	Data 0.024 (0.025)	Loss 0.0429 (0.0801)	
Epoch: [62][40/67]	Time 0.325 (0.327)	Data 0.025 (0.025)	Loss 0.1066 (0.0801)	
Epoch: [62][50/67]	Time 0.329 (0.327)	Data 0.025 (0.025)	Loss 0.0712 (0.0801)	
Epoch: [62][60/67]	Time 0.324 (0.327)	Data 0.025 (0.025)	Loss 0.0524 (0.0800)	
Test: [0/17]	Time 0.124 (0.124)	Loss 0.0834 (0.0834)	Prec@1 0.000 (0.000)	Prec@5 0.000 (0.000)
Test: [10/17]	Time 0.129 (0.128)	Loss 0.0238 (0.0560)	Prec@1 0.000 (0.000)	Prec@5 0.000 (0.000)
Overall Acc: 	 0.8623045736284398
Mean Acc : 	 0.5
FreqW Acc : 	 0.7435691777005254
Mean IoU : 	 0.4311522868142199
* Test:	Time 0.095 (0.126)	Loss 0.0642 (0.0567)	
learning rate = 0.000100
Epoch: [63][0/67]	Time 0.124 (0.327)	Data 0.024 (0.025)	Loss 0.1284 (0.0800)	
Epoch: [63][10/67]	Time 0.330 (0.327)	Data 0.025 (0.025)	Loss 0.0389 (0.0800)	
Epoch: [63][20/67]	Time 0.326 (0.327)	Data 0.025 (0.025)	Loss 0.0334 (0.0799)	
Epoch: [63][30/67]	Time 0.331 (0.327)	Data 0.025 (0.025)	Loss 0.0983 (0.0799)	
Epoch: [63][40/67]	Time 0.324 (0.327)	Data 0.025 (0.025)	Loss 0.0390 (0.0798)	
Epoch: [63][50/67]	Time 0.329 (0.327)	Data 0.035 (0.025)	Loss 0.0462 (0.0797)	
Epoch: [63][60/67]	Time 0.325 (0.327)	Data 0.025 (0.025)	Loss 0.0514 (0.0797)	
Test: [0/17]	Time 0.124 (0.124)	Loss 0.0601 (0.0601)	Prec@1 0.000 (0.000)	Prec@5 0.000 (0.000)
Test: [10/17]	Time 0.126 (0.128)	Loss 0.0703 (0.0556)	Prec@1 0.000 (0.000)	Prec@5 0.000 (0.000)
Overall Acc: 	 0.8625507639415229
Mean Acc : 	 0.5
FreqW Acc : 	 0.7439938203761047
Mean IoU : 	 0.43127538197076143
* Test:	Time 0.095 (0.125)	Loss 0.0440 (0.0548)	
learning rate = 0.000100
Epoch: [64][0/67]	Time 0.125 (0.327)	Data 0.025 (0.025)	Loss 0.0730 (0.0797)	
Epoch: [64][10/67]	Time 0.329 (0.327)	Data 0.024 (0.025)	Loss 0.0799 (0.0796)	
Epoch: [64][20/67]	Time 0.325 (0.327)	Data 0.025 (0.025)	Loss 0.0521 (0.0796)	
Epoch: [64][30/67]	Time 0.328 (0.327)	Data 0.025 (0.025)	Loss 0.0959 (0.0795)	
Epoch: [64][40/67]	Time 0.325 (0.327)	Data 0.025 (0.025)	Loss 0.0377 (0.0795)	
Epoch: [64][50/67]	Time 0.329 (0.327)	Data 0.024 (0.025)	Loss 0.0608 (0.0794)	
Epoch: [64][60/67]	Time 0.326 (0.327)	Data 0.024 (0.025)	Loss 0.0940 (0.0794)	
Test: [0/17]	Time 0.123 (0.123)	Loss 0.0726 (0.0726)	Prec@1 0.000 (0.000)	Prec@5 0.000 (0.000)
Test: [10/17]	Time 0.131 (0.127)	Loss 0.0615 (0.0598)	Prec@1 0.000 (0.000)	Prec@5 0.000 (0.000)
Overall Acc: 	 0.8618295014794193
Mean Acc : 	 0.5
FreqW Acc : 	 0.7427500896202643
Mean IoU : 	 0.43091475073970964
* Test:	Time 0.094 (0.125)	Loss 0.0484 (0.0574)	
learning rate = 0.000100
Epoch: [65][0/67]	Time 0.124 (0.327)	Data 0.024 (0.025)	Loss 0.0865 (0.0794)	
Epoch: [65][10/67]	Time 0.331 (0.327)	Data 0.024 (0.025)	Loss 0.0806 (0.0794)	
Epoch: [65][20/67]	Time 0.326 (0.327)	Data 0.024 (0.025)	Loss 0.0539 (0.0793)	
Epoch: [65][30/67]	Time 0.326 (0.327)	Data 0.025 (0.025)	Loss 0.0216 (0.0792)	
Epoch: [65][40/67]	Time 0.324 (0.327)	Data 0.024 (0.025)	Loss 0.1268 (0.0792)	
Epoch: [65][50/67]	Time 0.327 (0.327)	Data 0.025 (0.025)	Loss 0.0322 (0.0792)	
Epoch: [65][60/67]	Time 0.328 (0.327)	Data 0.024 (0.025)	Loss 0.0755 (0.0791)	
Test: [0/17]	Time 0.124 (0.124)	Loss 0.0702 (0.0702)	Prec@1 0.000 (0.000)	Prec@5 0.000 (0.000)
Test: [10/17]	Time 0.128 (0.127)	Loss 0.0938 (0.0536)	Prec@1 0.000 (0.000)	Prec@5 0.000 (0.000)
Overall Acc: 	 0.8631073681276236
Mean Acc : 	 0.5
FreqW Acc : 	 0.7449543289161931
Mean IoU : 	 0.4315536840638118
* Test:	Time 0.094 (0.125)	Loss 0.0434 (0.0571)	
learning rate = 0.000100
Epoch: [66][0/67]	Time 0.125 (0.327)	Data 0.025 (0.025)	Loss 0.0859 (0.0791)	
Epoch: [66][10/67]	Time 0.328 (0.327)	Data 0.025 (0.025)	Loss 0.0854 (0.0791)	
Epoch: [66][20/67]	Time 0.323 (0.327)	Data 0.025 (0.025)	Loss 0.0693 (0.0790)	
Epoch: [66][30/67]	Time 0.329 (0.327)	Data 0.024 (0.025)	Loss 0.0860 (0.0790)	
Epoch: [66][40/67]	Time 0.325 (0.327)	Data 0.025 (0.025)	Loss 0.0542 (0.0789)	
Epoch: [66][50/67]	Time 0.326 (0.327)	Data 0.024 (0.025)	Loss 0.0499 (0.0789)	
Epoch: [66][60/67]	Time 0.326 (0.327)	Data 0.025 (0.025)	Loss 0.0515 (0.0788)	
Test: [0/17]	Time 0.124 (0.124)	Loss 0.0388 (0.0388)	Prec@1 0.000 (0.000)	Prec@5 0.000 (0.000)
Test: [10/17]	Time 0.134 (0.128)	Loss 0.0617 (0.0497)	Prec@1 0.000 (0.000)	Prec@5 0.000 (0.000)
Overall Acc: 	 0.8618128762316348
Mean Acc : 	 0.5
FreqW Acc : 	 0.7427214336386432
Mean IoU : 	 0.4309064381158174
* Test:	Time 0.093 (0.126)	Loss 0.0650 (0.0548)	
learning rate = 0.000100
Epoch: [67][0/67]	Time 0.124 (0.327)	Data 0.024 (0.025)	Loss 0.0416 (0.0788)	
Epoch: [67][10/67]	Time 0.331 (0.327)	Data 0.025 (0.025)	Loss 0.0588 (0.0788)	
Epoch: [67][20/67]	Time 0.323 (0.327)	Data 0.025 (0.025)	Loss 0.0813 (0.0787)	
Epoch: [67][30/67]	Time 0.329 (0.327)	Data 0.024 (0.025)	Loss 0.0266 (0.0787)	
Epoch: [67][40/67]	Time 0.326 (0.327)	Data 0.025 (0.025)	Loss 0.0666 (0.0786)	
Epoch: [67][50/67]	Time 0.331 (0.327)	Data 0.025 (0.025)	Loss 0.0463 (0.0786)	
Epoch: [67][60/67]	Time 0.324 (0.327)	Data 0.025 (0.025)	Loss 0.0537 (0.0785)	
Test: [0/17]	Time 0.123 (0.123)	Loss 0.0705 (0.0705)	Prec@1 0.000 (0.000)	Prec@5 0.000 (0.000)
Test: [10/17]	Time 0.129 (0.130)	Loss 0.0299 (0.0474)	Prec@1 0.000 (0.000)	Prec@5 0.000 (0.000)
Overall Acc: 	 0.8623845114636777
Mean Acc : 	 0.5
FreqW Acc : 	 0.743707045612446
Mean IoU : 	 0.43119225573183884
* Test:	Time 0.096 (0.127)	Loss 0.0321 (0.0553)	
learning rate = 0.000100
Epoch: [68][0/67]	Time 0.125 (0.327)	Data 0.024 (0.025)	Loss 0.0854 (0.0785)	
Epoch: [68][10/67]	Time 0.326 (0.327)	Data 0.024 (0.025)	Loss 0.0790 (0.0785)	
Epoch: [68][20/67]	Time 0.326 (0.327)	Data 0.025 (0.025)	Loss 0.0525 (0.0784)	
Epoch: [68][30/67]	Time 0.326 (0.327)	Data 0.027 (0.025)	Loss 0.0675 (0.0784)	
Epoch: [68][40/67]	Time 0.327 (0.327)	Data 0.024 (0.025)	Loss 0.0394 (0.0784)	
Epoch: [68][50/67]	Time 0.328 (0.327)	Data 0.024 (0.025)	Loss 0.0585 (0.0783)	
Epoch: [68][60/67]	Time 0.325 (0.327)	Data 0.024 (0.025)	Loss 0.0284 (0.0783)	
Test: [0/17]	Time 0.124 (0.124)	Loss 0.0344 (0.0344)	Prec@1 0.000 (0.000)	Prec@5 0.000 (0.000)
Test: [10/17]	Time 0.128 (0.127)	Loss 0.0465 (0.0566)	Prec@1 0.000 (0.000)	Prec@5 0.000 (0.000)
Overall Acc: 	 0.8620311680124767
Mean Acc : 	 0.5
FreqW Acc : 	 0.7430977346249549
Mean IoU : 	 0.43101558400623835
* Test:	Time 0.094 (0.125)	Loss 0.0314 (0.0571)	
learning rate = 0.000100
Epoch: [69][0/67]	Time 0.125 (0.327)	Data 0.024 (0.025)	Loss 0.0994 (0.0783)	
Epoch: [69][10/67]	Time 0.326 (0.327)	Data 0.025 (0.025)	Loss 0.0555 (0.0783)	
Epoch: [69][20/67]	Time 0.323 (0.327)	Data 0.024 (0.025)	Loss 0.0616 (0.0782)	
Epoch: [69][30/67]	Time 0.328 (0.327)	Data 0.024 (0.025)	Loss 0.0732 (0.0782)	
Epoch: [69][40/67]	Time 0.323 (0.327)	Data 0.024 (0.025)	Loss 0.0728 (0.0782)	
Epoch: [69][50/67]	Time 0.332 (0.327)	Data 0.025 (0.025)	Loss 0.0601 (0.0781)	
Epoch: [69][60/67]	Time 0.324 (0.327)	Data 0.024 (0.025)	Loss 0.0905 (0.0781)	
Test: [0/17]	Time 0.124 (0.124)	Loss 0.0359 (0.0359)	Prec@1 0.000 (0.000)	Prec@5 0.000 (0.000)
Test: [10/17]	Time 0.127 (0.128)	Loss 0.0346 (0.0524)	Prec@1 0.000 (0.000)	Prec@5 0.000 (0.000)
Overall Acc: 	 0.8617413648918494
Mean Acc : 	 0.5
FreqW Acc : 	 0.7425981799656675
Mean IoU : 	 0.4308706824459247
* Test:	Time 0.092 (0.126)	Loss 0.0956 (0.0552)	
learning rate = 0.000100
Epoch: [70][0/67]	Time 0.123 (0.326)	Data 0.024 (0.025)	Loss 0.0521 (0.0781)	
Epoch: [70][10/67]	Time 0.331 (0.326)	Data 0.025 (0.025)	Loss 0.0448 (0.0780)	
Epoch: [70][20/67]	Time 0.325 (0.326)	Data 0.026 (0.025)	Loss 0.0820 (0.0780)	
Epoch: [70][30/67]	Time 0.328 (0.326)	Data 0.025 (0.025)	Loss 0.0478 (0.0779)	
Epoch: [70][40/67]	Time 0.324 (0.326)	Data 0.024 (0.025)	Loss 0.0274 (0.0779)	
Epoch: [70][50/67]	Time 0.326 (0.326)	Data 0.025 (0.025)	Loss 0.0414 (0.0778)	
Epoch: [70][60/67]	Time 0.326 (0.326)	Data 0.025 (0.025)	Loss 0.0306 (0.0778)	
Test: [0/17]	Time 0.124 (0.124)	Loss 0.0630 (0.0630)	Prec@1 0.000 (0.000)	Prec@5 0.000 (0.000)
Test: [10/17]	Time 0.129 (0.130)	Loss 0.0442 (0.0568)	Prec@1 0.000 (0.000)	Prec@5 0.000 (0.000)
Overall Acc: 	 0.8623718717204991
Mean Acc : 	 0.5
FreqW Acc : 	 0.743685245134717
Mean IoU : 	 0.43118593586024956
* Test:	Time 0.092 (0.126)	Loss 0.0940 (0.0633)	
learning rate = 0.000100
Epoch: [71][0/67]	Time 0.124 (0.326)	Data 0.024 (0.025)	Loss 0.0372 (0.0778)	
Epoch: [71][10/67]	Time 0.325 (0.326)	Data 0.024 (0.025)	Loss 0.1699 (0.0778)	
Epoch: [71][20/67]	Time 0.329 (0.326)	Data 0.025 (0.025)	Loss 0.0654 (0.0777)	
Epoch: [71][30/67]	Time 0.328 (0.326)	Data 0.024 (0.025)	Loss 0.0935 (0.0777)	
Epoch: [71][40/67]	Time 0.331 (0.326)	Data 0.025 (0.025)	Loss 0.0314 (0.0777)	
Epoch: [71][50/67]	Time 0.328 (0.326)	Data 0.025 (0.025)	Loss 0.0649 (0.0776)	
Epoch: [71][60/67]	Time 0.325 (0.326)	Data 0.024 (0.025)	Loss 0.1014 (0.0776)	
Test: [0/17]	Time 0.125 (0.125)	Loss 0.0660 (0.0660)	Prec@1 0.000 (0.000)	Prec@5 0.000 (0.000)
Test: [10/17]	Time 0.130 (0.128)	Loss 0.0479 (0.0587)	Prec@1 0.000 (0.000)	Prec@5 0.000 (0.000)
Overall Acc: 	 0.8623363437937267
Mean Acc : 	 0.5
FreqW Acc : 	 0.7436239698275324
Mean IoU : 	 0.43116817189686335
* Test:	Time 0.093 (0.126)	Loss 0.0409 (0.0538)	
learning rate = 0.000100
Epoch: [72][0/67]	Time 0.125 (0.326)	Data 0.025 (0.025)	Loss 0.0666 (0.0776)	
Epoch: [72][10/67]	Time 0.328 (0.326)	Data 0.025 (0.025)	Loss 0.0468 (0.0776)	
Epoch: [72][20/67]	Time 0.324 (0.326)	Data 0.025 (0.025)	Loss 0.0512 (0.0775)	
Epoch: [72][30/67]	Time 0.332 (0.326)	Data 0.035 (0.025)	Loss 0.0452 (0.0775)	
Epoch: [72][40/67]	Time 0.325 (0.326)	Data 0.025 (0.025)	Loss 0.0287 (0.0775)	
Epoch: [72][50/67]	Time 0.331 (0.326)	Data 0.024 (0.025)	Loss 0.0510 (0.0775)	
Epoch: [72][60/67]	Time 0.326 (0.326)	Data 0.025 (0.025)	Loss 0.0240 (0.0774)	
Test: [0/17]	Time 0.123 (0.123)	Loss 0.0570 (0.0570)	Prec@1 0.000 (0.000)	Prec@5 0.000 (0.000)
Test: [10/17]	Time 0.128 (0.127)	Loss 0.0474 (0.0568)	Prec@1 0.000 (0.000)	Prec@5 0.000 (0.000)
Overall Acc: 	 0.8627512917589786
Mean Acc : 	 0.5
FreqW Acc : 	 0.7443397914317862
Mean IoU : 	 0.4313756458794893
* Test:	Time 0.092 (0.125)	Loss 0.0448 (0.0575)	
learning rate = 0.000100
Epoch: [73][0/67]	Time 0.124 (0.326)	Data 0.024 (0.025)	Loss 0.0829 (0.0774)	
Epoch: [73][10/67]	Time 0.329 (0.326)	Data 0.025 (0.025)	Loss 0.1331 (0.0774)	
Epoch: [73][20/67]	Time 0.326 (0.326)	Data 0.025 (0.025)	Loss 0.0880 (0.0774)	
Epoch: [73][30/67]	Time 0.327 (0.326)	Data 0.025 (0.025)	Loss 0.0399 (0.0773)	
Epoch: [73][40/67]	Time 0.330 (0.326)	Data 0.025 (0.025)	Loss 0.0538 (0.0773)	
Epoch: [73][50/67]	Time 0.329 (0.326)	Data 0.024 (0.025)	Loss 0.0280 (0.0772)	
Epoch: [73][60/67]	Time 0.326 (0.326)	Data 0.025 (0.025)	Loss 0.0400 (0.0772)	
Test: [0/17]	Time 0.123 (0.123)	Loss 0.0574 (0.0574)	Prec@1 0.000 (0.000)	Prec@5 0.000 (0.000)
Test: [10/17]	Time 0.129 (0.130)	Loss 0.0803 (0.0590)	Prec@1 0.000 (0.000)	Prec@5 0.000 (0.000)
Overall Acc: 	 0.8614300400463503
Mean Acc : 	 0.5
FreqW Acc : 	 0.7420617138942566
Mean IoU : 	 0.43071502002317513
* Test:	Time 0.094 (0.127)	Loss 0.0645 (0.0571)	
learning rate = 0.000100
Epoch: [74][0/67]	Time 0.129 (0.326)	Data 0.026 (0.025)	Loss 0.0929 (0.0772)	
Epoch: [74][10/67]	Time 0.328 (0.326)	Data 0.025 (0.025)	Loss 0.0594 (0.0772)	
Epoch: [74][20/67]	Time 0.327 (0.326)	Data 0.025 (0.025)	Loss 0.0658 (0.0772)	
Epoch: [74][30/67]	Time 0.323 (0.326)	Data 0.025 (0.025)	Loss 0.0490 (0.0772)	
Epoch: [74][40/67]	Time 0.327 (0.326)	Data 0.025 (0.025)	Loss 0.0346 (0.0771)	
Epoch: [74][50/67]	Time 0.325 (0.326)	Data 0.025 (0.025)	Loss 0.0618 (0.0771)	
Epoch: [74][60/67]	Time 0.323 (0.326)	Data 0.025 (0.025)	Loss 0.0467 (0.0770)	
Test: [0/17]	Time 0.124 (0.124)	Loss 0.1146 (0.1146)	Prec@1 0.000 (0.000)	Prec@5 0.000 (0.000)
Test: [10/17]	Time 0.131 (0.129)	Loss 0.0382 (0.0591)	Prec@1 0.000 (0.000)	Prec@5 0.000 (0.000)
Overall Acc: 	 0.8621550602699394
Mean Acc : 	 0.5
FreqW Acc : 	 0.7433113479490628
Mean IoU : 	 0.4310775301349697
* Test:	Time 0.094 (0.126)	Loss 0.0871 (0.0573)	
learning rate = 0.000100
Epoch: [75][0/67]	Time 0.126 (0.326)	Data 0.024 (0.025)	Loss 0.0646 (0.0770)	
Epoch: [75][10/67]	Time 0.328 (0.326)	Data 0.025 (0.025)	Loss 0.0326 (0.0770)	
Epoch: [75][20/67]	Time 0.325 (0.326)	Data 0.025 (0.025)	Loss 0.0413 (0.0769)	
Epoch: [75][30/67]	Time 0.321 (0.326)	Data 0.035 (0.025)	Loss 0.0806 (0.0769)	
Epoch: [75][40/67]	Time 0.327 (0.326)	Data 0.025 (0.025)	Loss 0.0693 (0.0769)	
Epoch: [75][50/67]	Time 0.329 (0.326)	Data 0.024 (0.025)	Loss 0.0742 (0.0768)	
Epoch: [75][60/67]	Time 0.324 (0.326)	Data 0.024 (0.025)	Loss 0.0619 (0.0768)	
Test: [0/17]	Time 0.124 (0.124)	Loss 0.0290 (0.0290)	Prec@1 0.000 (0.000)	Prec@5 0.000 (0.000)
Test: [10/17]	Time 0.131 (0.128)	Loss 0.0716 (0.0558)	Prec@1 0.000 (0.000)	Prec@5 0.000 (0.000)
Overall Acc: 	 0.8626284243455574
Mean Acc : 	 0.5
FreqW Acc : 	 0.7441277984888991
Mean IoU : 	 0.4313142121727787
* Test:	Time 0.094 (0.126)	Loss 0.0660 (0.0554)	
learning rate = 0.000100
Epoch: [76][0/67]	Time 0.126 (0.326)	Data 0.025 (0.025)	Loss 0.0547 (0.0768)	
Epoch: [76][10/67]	Time 0.330 (0.326)	Data 0.024 (0.025)	Loss 0.0901 (0.0768)	
Epoch: [76][20/67]	Time 0.326 (0.326)	Data 0.025 (0.025)	Loss 0.0348 (0.0767)	
Epoch: [76][30/67]	Time 0.326 (0.326)	Data 0.024 (0.025)	Loss 0.0318 (0.0767)	
Epoch: [76][40/67]	Time 0.329 (0.326)	Data 0.025 (0.025)	Loss 0.0450 (0.0767)	
Epoch: [76][50/67]	Time 0.327 (0.326)	Data 0.025 (0.025)	Loss 0.0481 (0.0766)	
Epoch: [76][60/67]	Time 0.327 (0.326)	Data 0.025 (0.025)	Loss 0.0461 (0.0766)	
Test: [0/17]	Time 0.124 (0.124)	Loss 0.0311 (0.0311)	Prec@1 0.000 (0.000)	Prec@5 0.000 (0.000)
Test: [10/17]	Time 0.128 (0.128)	Loss 0.0698 (0.0488)	Prec@1 0.000 (0.000)	Prec@5 0.000 (0.000)
Overall Acc: 	 0.862228735169368
Mean Acc : 	 0.5
FreqW Acc : 	 0.7434383917517682
Mean IoU : 	 0.431114367584684
* Test:	Time 0.094 (0.126)	Loss 0.0572 (0.0534)	
learning rate = 0.000100
Epoch: [77][0/67]	Time 0.125 (0.326)	Data 0.024 (0.025)	Loss 0.0761 (0.0766)	
Epoch: [77][10/67]	Time 0.326 (0.326)	Data 0.025 (0.025)	Loss 0.0632 (0.0766)	
Epoch: [77][20/67]	Time 0.324 (0.326)	Data 0.025 (0.025)	Loss 0.0523 (0.0765)	
Epoch: [77][30/67]	Time 0.329 (0.326)	Data 0.024 (0.025)	Loss 0.0872 (0.0765)	
Epoch: [77][40/67]	Time 0.322 (0.326)	Data 0.025 (0.025)	Loss 0.0462 (0.0765)	
Epoch: [77][50/67]	Time 0.334 (0.326)	Data 0.025 (0.025)	Loss 0.0386 (0.0764)	
Epoch: [77][60/67]	Time 0.327 (0.326)	Data 0.024 (0.025)	Loss 0.0680 (0.0764)	
Test: [0/17]	Time 0.125 (0.125)	Loss 0.0631 (0.0631)	Prec@1 0.000 (0.000)	Prec@5 0.000 (0.000)
Test: [10/17]	Time 0.129 (0.127)	Loss 0.0662 (0.0587)	Prec@1 0.000 (0.000)	Prec@5 0.000 (0.000)
Overall Acc: 	 0.861876758176889
Mean Acc : 	 0.5
FreqW Acc : 	 0.7428315462855036
Mean IoU : 	 0.4309383790884445
* Test:	Time 0.092 (0.125)	Loss 0.0688 (0.0559)	
learning rate = 0.000100
Epoch: [78][0/67]	Time 0.125 (0.326)	Data 0.024 (0.025)	Loss 0.0622 (0.0764)	
Epoch: [78][10/67]	Time 0.329 (0.326)	Data 0.025 (0.025)	Loss 0.0760 (0.0764)	
Epoch: [78][20/67]	Time 0.324 (0.326)	Data 0.025 (0.025)	Loss 0.0333 (0.0763)	
Epoch: [78][30/67]	Time 0.333 (0.326)	Data 0.035 (0.025)	Loss 0.0759 (0.0763)	
Epoch: [78][40/67]	Time 0.325 (0.326)	Data 0.025 (0.025)	Loss 0.0753 (0.0763)	
Epoch: [78][50/67]	Time 0.329 (0.326)	Data 0.025 (0.025)	Loss 0.0631 (0.0762)	
Epoch: [78][60/67]	Time 0.327 (0.326)	Data 0.025 (0.025)	Loss 0.0651 (0.0762)	
Test: [0/17]	Time 0.123 (0.123)	Loss 0.0738 (0.0738)	Prec@1 0.000 (0.000)	Prec@5 0.000 (0.000)
Test: [10/17]	Time 0.128 (0.127)	Loss 0.0793 (0.0527)	Prec@1 0.000 (0.000)	Prec@5 0.000 (0.000)
Overall Acc: 	 0.8621341079028685
Mean Acc : 	 0.5
FreqW Acc : 	 0.7432752200094749
Mean IoU : 	 0.43106705395143424
* Test:	Time 0.092 (0.125)	Loss 0.0486 (0.0540)	
learning rate = 0.000100
Epoch: [79][0/67]	Time 0.125 (0.326)	Data 0.024 (0.025)	Loss 0.0801 (0.0762)	
Epoch: [79][10/67]	Time 0.328 (0.326)	Data 0.025 (0.025)	Loss 0.0516 (0.0761)	
Epoch: [79][20/67]	Time 0.326 (0.326)	Data 0.025 (0.025)	Loss 0.0632 (0.0761)	
Epoch: [79][30/67]	Time 0.327 (0.326)	Data 0.024 (0.025)	Loss 0.0360 (0.0761)	
Epoch: [79][40/67]	Time 0.328 (0.326)	Data 0.025 (0.025)	Loss 0.0365 (0.0760)	
Epoch: [79][50/67]	Time 0.328 (0.326)	Data 0.025 (0.025)	Loss 0.1008 (0.0760)	
Epoch: [79][60/67]	Time 0.325 (0.326)	Data 0.025 (0.025)	Loss 0.0355 (0.0760)	
Test: [0/17]	Time 0.124 (0.124)	Loss 0.0816 (0.0816)	Prec@1 0.000 (0.000)	Prec@5 0.000 (0.000)
Test: [10/17]	Time 0.128 (0.131)	Loss 0.0470 (0.0594)	Prec@1 0.000 (0.000)	Prec@5 0.000 (0.000)
Overall Acc: 	 0.8627106396119986
Mean Acc : 	 0.5
FreqW Acc : 	 0.7442696476997437
Mean IoU : 	 0.4313553198059993
* Test:	Time 0.093 (0.127)	Loss 0.0427 (0.0549)	
learning rate = 0.000100
Epoch: [80][0/67]	Time 0.124 (0.326)	Data 0.024 (0.025)	Loss 0.0482 (0.0760)	
Epoch: [80][10/67]	Time 0.328 (0.326)	Data 0.025 (0.025)	Loss 0.0472 (0.0759)	
Epoch: [80][20/67]	Time 0.325 (0.326)	Data 0.025 (0.025)	Loss 0.0733 (0.0759)	
Epoch: [80][30/67]	Time 0.329 (0.326)	Data 0.025 (0.025)	Loss 0.0585 (0.0759)	
Epoch: [80][40/67]	Time 0.323 (0.326)	Data 0.024 (0.025)	Loss 0.0563 (0.0759)	
Epoch: [80][50/67]	Time 0.332 (0.326)	Data 0.024 (0.025)	Loss 0.0667 (0.0758)	
Epoch: [80][60/67]	Time 0.328 (0.326)	Data 0.025 (0.025)	Loss 0.0571 (0.0758)	
Test: [0/17]	Time 0.127 (0.127)	Loss 0.0568 (0.0568)	Prec@1 0.000 (0.000)	Prec@5 0.000 (0.000)
Test: [10/17]	Time 0.130 (0.128)	Loss 0.0836 (0.0525)	Prec@1 0.000 (0.000)	Prec@5 0.000 (0.000)
Overall Acc: 	 0.8617719963415346
Mean Acc : 	 0.5
FreqW Acc : 	 0.7426509736784739
Mean IoU : 	 0.4308859981707673
* Test:	Time 0.093 (0.126)	Loss 0.0439 (0.0547)	
learning rate = 0.000100
Epoch: [81][0/67]	Time 0.124 (0.326)	Data 0.024 (0.025)	Loss 0.0337 (0.0758)	
Epoch: [81][10/67]	Time 0.326 (0.326)	Data 0.025 (0.025)	Loss 0.0544 (0.0758)	
Epoch: [81][20/67]	Time 0.325 (0.326)	Data 0.024 (0.025)	Loss 0.0744 (0.0757)	
Epoch: [81][30/67]	Time 0.331 (0.326)	Data 0.024 (0.025)	Loss 0.0608 (0.0757)	
Epoch: [81][40/67]	Time 0.322 (0.326)	Data 0.025 (0.025)	Loss 0.0503 (0.0757)	
Epoch: [81][50/67]	Time 0.328 (0.326)	Data 0.024 (0.025)	Loss 0.0536 (0.0757)	
Epoch: [81][60/67]	Time 0.329 (0.326)	Data 0.025 (0.025)	Loss 0.0694 (0.0757)	
Test: [0/17]	Time 0.124 (0.124)	Loss 0.0664 (0.0664)	Prec@1 0.000 (0.000)	Prec@5 0.000 (0.000)
Test: [10/17]	Time 0.130 (0.127)	Loss 0.0660 (0.0495)	Prec@1 0.000 (0.000)	Prec@5 0.000 (0.000)
Overall Acc: 	 0.8614602160097947
Mean Acc : 	 0.5
FreqW Acc : 	 0.7421137037676422
Mean IoU : 	 0.43073010800489736
* Test:	Time 0.094 (0.125)	Loss 0.0737 (0.0566)	
learning rate = 0.000100
Epoch: [82][0/67]	Time 0.124 (0.326)	Data 0.024 (0.025)	Loss 0.0520 (0.0756)	
Epoch: [82][10/67]	Time 0.332 (0.326)	Data 0.025 (0.025)	Loss 0.0604 (0.0756)	
Epoch: [82][20/67]	Time 0.325 (0.326)	Data 0.025 (0.025)	Loss 0.0534 (0.0756)	
Epoch: [82][30/67]	Time 0.328 (0.326)	Data 0.036 (0.025)	Loss 0.0414 (0.0756)	
Epoch: [82][40/67]	Time 0.324 (0.326)	Data 0.024 (0.025)	Loss 0.0658 (0.0756)	
Epoch: [82][50/67]	Time 0.333 (0.326)	Data 0.025 (0.025)	Loss 0.0388 (0.0755)	
Epoch: [82][60/67]	Time 0.323 (0.326)	Data 0.024 (0.025)	Loss 0.0661 (0.0755)	
Test: [0/17]	Time 0.123 (0.123)	Loss 0.0443 (0.0443)	Prec@1 0.000 (0.000)	Prec@5 0.000 (0.000)
Test: [10/17]	Time 0.134 (0.128)	Loss 0.0176 (0.0536)	Prec@1 0.000 (0.000)	Prec@5 0.000 (0.000)
Overall Acc: 	 0.8619900603792561
Mean Acc : 	 0.5
FreqW Acc : 	 0.7430268641926335
Mean IoU : 	 0.43099503018962804
* Test:	Time 0.093 (0.126)	Loss 0.0767 (0.0540)	
learning rate = 0.000100
Epoch: [83][0/67]	Time 0.124 (0.326)	Data 0.024 (0.025)	Loss 0.0449 (0.0755)	
Epoch: [83][10/67]	Time 0.331 (0.326)	Data 0.025 (0.025)	Loss 0.0648 (0.0754)	
Epoch: [83][20/67]	Time 0.324 (0.326)	Data 0.025 (0.025)	Loss 0.1034 (0.0754)	
Epoch: [83][30/67]	Time 0.327 (0.326)	Data 0.025 (0.025)	Loss 0.0524 (0.0754)	
Epoch: [83][40/67]	Time 0.327 (0.326)	Data 0.025 (0.025)	Loss 0.0562 (0.0754)	
Epoch: [83][50/67]	Time 0.329 (0.326)	Data 0.024 (0.025)	Loss 0.0483 (0.0754)	
Epoch: [83][60/67]	Time 0.327 (0.326)	Data 0.024 (0.025)	Loss 0.0504 (0.0753)	
Test: [0/17]	Time 0.126 (0.126)	Loss 0.0450 (0.0450)	Prec@1 0.000 (0.000)	Prec@5 0.000 (0.000)
Test: [10/17]	Time 0.131 (0.128)	Loss 0.0444 (0.0504)	Prec@1 0.000 (0.000)	Prec@5 0.000 (0.000)
Overall Acc: 	 0.8624766335558536
Mean Acc : 	 0.5
FreqW Acc : 	 0.7438659434298381
Mean IoU : 	 0.4312383167779268
* Test:	Time 0.093 (0.126)	Loss 0.0604 (0.0544)	
learning rate = 0.000100
Epoch: [84][0/67]	Time 0.123 (0.326)	Data 0.024 (0.025)	Loss 0.0394 (0.0753)	
Epoch: [84][10/67]	Time 0.327 (0.326)	Data 0.025 (0.025)	Loss 0.0473 (0.0753)	
Epoch: [84][20/67]	Time 0.320 (0.326)	Data 0.025 (0.025)	Loss 0.0319 (0.0752)	
Epoch: [84][30/67]	Time 0.327 (0.326)	Data 0.024 (0.025)	Loss 0.0274 (0.0752)	
Epoch: [84][40/67]	Time 0.326 (0.326)	Data 0.025 (0.025)	Loss 0.0968 (0.0752)	
Epoch: [84][50/67]	Time 0.326 (0.326)	Data 0.024 (0.025)	Loss 0.0580 (0.0751)	
Epoch: [84][60/67]	Time 0.326 (0.326)	Data 0.025 (0.025)	Loss 0.0627 (0.0751)	
Test: [0/17]	Time 0.124 (0.124)	Loss 0.0377 (0.0377)	Prec@1 0.000 (0.000)	Prec@5 0.000 (0.000)
Test: [10/17]	Time 0.132 (0.127)	Loss 0.0289 (0.0532)	Prec@1 0.000 (0.000)	Prec@5 0.000 (0.000)
Overall Acc: 	 0.8626510847860308
Mean Acc : 	 0.5
FreqW Acc : 	 0.7441668940825157
Mean IoU : 	 0.4313255423930154
* Test:	Time 0.092 (0.125)	Loss 0.0814 (0.0554)	
learning rate = 0.000100
Epoch: [85][0/67]	Time 0.126 (0.326)	Data 0.024 (0.025)	Loss 0.0734 (0.0751)	
Epoch: [85][10/67]	Time 0.329 (0.326)	Data 0.025 (0.025)	Loss 0.0735 (0.0751)	
Epoch: [85][20/67]	Time 0.323 (0.326)	Data 0.024 (0.025)	Loss 0.0434 (0.0750)	
Epoch: [85][30/67]	Time 0.330 (0.326)	Data 0.024 (0.025)	Loss 0.0538 (0.0750)	
Epoch: [85][40/67]	Time 0.324 (0.326)	Data 0.025 (0.025)	Loss 0.1844 (0.0750)	
Epoch: [85][50/67]	Time 0.327 (0.326)	Data 0.024 (0.025)	Loss 0.0485 (0.0750)	
Epoch: [85][60/67]	Time 0.327 (0.326)	Data 0.024 (0.025)	Loss 0.0458 (0.0750)	
Test: [0/17]	Time 0.126 (0.126)	Loss 0.0298 (0.0298)	Prec@1 0.000 (0.000)	Prec@5 0.000 (0.000)
Test: [10/17]	Time 0.130 (0.129)	Loss 0.0492 (0.0503)	Prec@1 0.000 (0.000)	Prec@5 0.000 (0.000)
Overall Acc: 	 0.8615482387258045
Mean Acc : 	 0.5
FreqW Acc : 	 0.742265367651536
Mean IoU : 	 0.4307741193629023
* Test:	Time 0.092 (0.126)	Loss 0.0504 (0.0551)	
learning rate = 0.000100
Epoch: [86][0/67]	Time 0.125 (0.326)	Data 0.024 (0.025)	Loss 0.0491 (0.0749)	
Epoch: [86][10/67]	Time 0.329 (0.326)	Data 0.025 (0.025)	Loss 0.0408 (0.0749)	
Epoch: [86][20/67]	Time 0.329 (0.326)	Data 0.025 (0.025)	Loss 0.0523 (0.0749)	
Epoch: [86][30/67]	Time 0.333 (0.326)	Data 0.025 (0.025)	Loss 0.0603 (0.0748)	
Epoch: [86][40/67]	Time 0.328 (0.326)	Data 0.025 (0.025)	Loss 0.0492 (0.0748)	
Epoch: [86][50/67]	Time 0.325 (0.326)	Data 0.024 (0.025)	Loss 0.0639 (0.0748)	
Epoch: [86][60/67]	Time 0.325 (0.326)	Data 0.024 (0.025)	Loss 0.0731 (0.0748)	
Test: [0/17]	Time 0.123 (0.123)	Loss 0.0405 (0.0405)	Prec@1 0.000 (0.000)	Prec@5 0.000 (0.000)
Test: [10/17]	Time 0.131 (0.128)	Loss 0.0762 (0.0524)	Prec@1 0.000 (0.000)	Prec@5 0.000 (0.000)
Overall Acc: 	 0.8619216235715952
Mean Acc : 	 0.5
FreqW Acc : 	 0.7429088851802946
Mean IoU : 	 0.4309608117857976
* Test:	Time 0.094 (0.126)	Loss 0.0689 (0.0547)	
learning rate = 0.000100
Epoch: [87][0/67]	Time 0.125 (0.326)	Data 0.024 (0.025)	Loss 0.0476 (0.0747)	
Epoch: [87][10/67]	Time 0.327 (0.326)	Data 0.025 (0.025)	Loss 0.0442 (0.0747)	
Epoch: [87][20/67]	Time 0.326 (0.326)	Data 0.024 (0.025)	Loss 0.0548 (0.0747)	
Epoch: [87][30/67]	Time 0.328 (0.326)	Data 0.025 (0.025)	Loss 0.0371 (0.0746)	
Epoch: [87][40/67]	Time 0.323 (0.326)	Data 0.025 (0.025)	Loss 0.0751 (0.0746)	
Epoch: [87][50/67]	Time 0.333 (0.326)	Data 0.024 (0.025)	Loss 0.0760 (0.0746)	
Epoch: [87][60/67]	Time 0.325 (0.326)	Data 0.024 (0.025)	Loss 0.0874 (0.0745)	
Test: [0/17]	Time 0.124 (0.124)	Loss 0.0475 (0.0475)	Prec@1 0.000 (0.000)	Prec@5 0.000 (0.000)
Test: [10/17]	Time 0.131 (0.127)	Loss 0.0374 (0.0497)	Prec@1 0.000 (0.000)	Prec@5 0.000 (0.000)
Overall Acc: 	 0.8615133940283932
Mean Acc : 	 0.5
FreqW Acc : 	 0.7422053280903215
Mean IoU : 	 0.4307566970141966
* Test:	Time 0.094 (0.126)	Loss 0.0679 (0.0539)	
learning rate = 0.000100
Epoch: [88][0/67]	Time 0.126 (0.326)	Data 0.024 (0.025)	Loss 0.0616 (0.0746)	
Epoch: [88][10/67]	Time 0.330 (0.326)	Data 0.025 (0.025)	Loss 0.0510 (0.0745)	
Epoch: [88][20/67]	Time 0.325 (0.326)	Data 0.024 (0.025)	Loss 0.0651 (0.0745)	
Epoch: [88][30/67]	Time 0.329 (0.326)	Data 0.025 (0.025)	Loss 0.0428 (0.0744)	
Epoch: [88][40/67]	Time 0.327 (0.326)	Data 0.025 (0.025)	Loss 0.0361 (0.0744)	
Epoch: [88][50/67]	Time 0.327 (0.326)	Data 0.025 (0.025)	Loss 0.0547 (0.0744)	
Epoch: [88][60/67]	Time 0.328 (0.326)	Data 0.025 (0.025)	Loss 0.0415 (0.0744)	
Test: [0/17]	Time 0.123 (0.123)	Loss 0.0467 (0.0467)	Prec@1 0.000 (0.000)	Prec@5 0.000 (0.000)
Test: [10/17]	Time 0.141 (0.129)	Loss 0.0827 (0.0579)	Prec@1 0.000 (0.000)	Prec@5 0.000 (0.000)
Overall Acc: 	 0.8619999672049907
Mean Acc : 	 0.5
FreqW Acc : 	 0.7430439434614051
Mean IoU : 	 0.43099998360249536
* Test:	Time 0.092 (0.126)	Loss 0.0296 (0.0533)	
learning rate = 0.000100
Epoch: [89][0/67]	Time 0.124 (0.326)	Data 0.024 (0.025)	Loss 0.0730 (0.0744)	
Epoch: [89][10/67]	Time 0.327 (0.326)	Data 0.025 (0.025)	Loss 0.0629 (0.0744)	
Epoch: [89][20/67]	Time 0.321 (0.326)	Data 0.024 (0.025)	Loss 0.0469 (0.0743)	
Epoch: [89][30/67]	Time 0.327 (0.326)	Data 0.024 (0.025)	Loss 0.0479 (0.0743)	
Epoch: [89][40/67]	Time 0.329 (0.326)	Data 0.025 (0.025)	Loss 0.0575 (0.0743)	
Epoch: [89][50/67]	Time 0.326 (0.326)	Data 0.025 (0.025)	Loss 0.0412 (0.0742)	
Epoch: [89][60/67]	Time 0.327 (0.326)	Data 0.025 (0.025)	Loss 0.0732 (0.0742)	
Test: [0/17]	Time 0.124 (0.124)	Loss 0.0459 (0.0459)	Prec@1 0.000 (0.000)	Prec@5 0.000 (0.000)
Test: [10/17]	Time 0.135 (0.127)	Loss 0.0342 (0.0601)	Prec@1 0.000 (0.000)	Prec@5 0.000 (0.000)
Overall Acc: 	 0.8622072134444962
Mean Acc : 	 0.5
FreqW Acc : 	 0.7434012789157232
Mean IoU : 	 0.4311036067222481
* Test:	Time 0.095 (0.125)	Loss 0.0625 (0.0563)	
learning rate = 0.000100
Epoch: [90][0/67]	Time 0.124 (0.326)	Data 0.024 (0.025)	Loss 0.0552 (0.0742)	
Epoch: [90][10/67]	Time 0.328 (0.326)	Data 0.025 (0.025)	Loss 0.0437 (0.0742)	
Epoch: [90][20/67]	Time 0.326 (0.326)	Data 0.024 (0.025)	Loss 0.0547 (0.0741)	
Epoch: [90][30/67]	Time 0.327 (0.326)	Data 0.025 (0.025)	Loss 0.0454 (0.0741)	
Epoch: [90][40/67]	Time 0.328 (0.326)	Data 0.025 (0.025)	Loss 0.0575 (0.0741)	
Epoch: [90][50/67]	Time 0.329 (0.326)	Data 0.025 (0.025)	Loss 0.0769 (0.0741)	
Epoch: [90][60/67]	Time 0.326 (0.326)	Data 0.025 (0.025)	Loss 0.0528 (0.0740)	
Test: [0/17]	Time 0.125 (0.125)	Loss 0.0655 (0.0655)	Prec@1 0.000 (0.000)	Prec@5 0.000 (0.000)
Test: [10/17]	Time 0.130 (0.128)	Loss 0.0418 (0.0583)	Prec@1 0.000 (0.000)	Prec@5 0.000 (0.000)
Overall Acc: 	 0.863009324714319
Mean Acc : 	 0.5
FreqW Acc : 	 0.7447850945438649
Mean IoU : 	 0.4315046623571595
* Test:	Time 0.093 (0.126)	Loss 0.0250 (0.0576)	
learning rate = 0.000100
Epoch: [91][0/67]	Time 0.124 (0.326)	Data 0.024 (0.025)	Loss 0.0452 (0.0740)	
Epoch: [91][10/67]	Time 0.334 (0.326)	Data 0.025 (0.025)	Loss 0.0380 (0.0740)	
Epoch: [91][20/67]	Time 0.328 (0.326)	Data 0.024 (0.025)	Loss 0.0306 (0.0740)	
Epoch: [91][30/67]	Time 0.329 (0.326)	Data 0.025 (0.025)	Loss 0.0354 (0.0739)	
Epoch: [91][40/67]	Time 0.328 (0.326)	Data 0.025 (0.025)	Loss 0.0689 (0.0739)	
Epoch: [91][50/67]	Time 0.326 (0.326)	Data 0.025 (0.025)	Loss 0.0687 (0.0739)	
Epoch: [91][60/67]	Time 0.330 (0.326)	Data 0.025 (0.025)	Loss 0.0552 (0.0739)	
Test: [0/17]	Time 0.123 (0.123)	Loss 0.0308 (0.0308)	Prec@1 0.000 (0.000)	Prec@5 0.000 (0.000)
Test: [10/17]	Time 0.140 (0.128)	Loss 0.0241 (0.0559)	Prec@1 0.000 (0.000)	Prec@5 0.000 (0.000)
Overall Acc: 	 0.8620950499577309
Mean Acc : 	 0.5
FreqW Acc : 	 0.7432078751616226
Mean IoU : 	 0.43104752497886545
* Test:	Time 0.095 (0.128)	Loss 0.0779 (0.0574)	
learning rate = 0.000100
Epoch: [92][0/67]	Time 0.123 (0.326)	Data 0.024 (0.025)	Loss 0.1034 (0.0739)	
Epoch: [92][10/67]	Time 0.326 (0.326)	Data 0.024 (0.025)	Loss 0.0481 (0.0738)	
Epoch: [92][20/67]	Time 0.325 (0.326)	Data 0.025 (0.025)	Loss 0.0334 (0.0738)	
Epoch: [92][30/67]	Time 0.328 (0.326)	Data 0.026 (0.025)	Loss 0.0512 (0.0738)	
Epoch: [92][40/67]	Time 0.325 (0.326)	Data 0.024 (0.025)	Loss 0.0966 (0.0737)	
Epoch: [92][50/67]	Time 0.329 (0.326)	Data 0.025 (0.025)	Loss 0.0715 (0.0737)	
Epoch: [92][60/67]	Time 0.326 (0.326)	Data 0.025 (0.025)	Loss 0.0708 (0.0737)	
Test: [0/17]	Time 0.123 (0.123)	Loss 0.0879 (0.0879)	Prec@1 0.000 (0.000)	Prec@5 0.000 (0.000)
Test: [10/17]	Time 0.140 (0.128)	Loss 0.0741 (0.0523)	Prec@1 0.000 (0.000)	Prec@5 0.000 (0.000)
Overall Acc: 	 0.8624183313170476
Mean Acc : 	 0.5
FreqW Acc : 	 0.7437653781916809
Mean IoU : 	 0.4312091656585238
* Test:	Time 0.094 (0.126)	Loss 0.0391 (0.0538)	
learning rate = 0.000100
Epoch: [93][0/67]	Time 0.124 (0.326)	Data 0.024 (0.025)	Loss 0.0828 (0.0737)	
Epoch: [93][10/67]	Time 0.327 (0.326)	Data 0.025 (0.025)	Loss 0.0798 (0.0736)	
Epoch: [93][20/67]	Time 0.324 (0.326)	Data 0.025 (0.025)	Loss 0.0153 (0.0736)	
Epoch: [93][30/67]	Time 0.328 (0.326)	Data 0.024 (0.025)	Loss 0.0750 (0.0736)	
Epoch: [93][40/67]	Time 0.328 (0.326)	Data 0.025 (0.025)	Loss 0.0815 (0.0736)	
Epoch: [93][50/67]	Time 0.328 (0.326)	Data 0.025 (0.025)	Loss 0.0467 (0.0735)	
Epoch: [93][60/67]	Time 0.325 (0.326)	Data 0.025 (0.025)	Loss 0.0629 (0.0735)	
Test: [0/17]	Time 0.123 (0.123)	Loss 0.0771 (0.0771)	Prec@1 0.000 (0.000)	Prec@5 0.000 (0.000)
Test: [10/17]	Time 0.129 (0.128)	Loss 0.0727 (0.0711)	Prec@1 0.000 (0.000)	Prec@5 0.000 (0.000)
Overall Acc: 	 0.8612145950545126
Mean Acc : 	 0.5
FreqW Acc : 	 0.7416905787349081
Mean IoU : 	 0.4306072975272563
* Test:	Time 0.094 (0.125)	Loss 0.0628 (0.0644)	
learning rate = 0.000100
Epoch: [94][0/67]	Time 0.126 (0.326)	Data 0.024 (0.025)	Loss 0.1261 (0.0735)	
Epoch: [94][10/67]	Time 0.330 (0.326)	Data 0.025 (0.025)	Loss 0.0495 (0.0735)	
Epoch: [94][20/67]	Time 0.328 (0.326)	Data 0.025 (0.025)	Loss 0.0417 (0.0735)	
Epoch: [94][30/67]	Time 0.328 (0.326)	Data 0.025 (0.025)	Loss 0.0355 (0.0734)	
Epoch: [94][40/67]	Time 0.327 (0.326)	Data 0.024 (0.025)	Loss 0.0349 (0.0734)	
Epoch: [94][50/67]	Time 0.327 (0.326)	Data 0.025 (0.025)	Loss 0.0876 (0.0734)	
Epoch: [94][60/67]	Time 0.329 (0.326)	Data 0.024 (0.025)	Loss 0.0568 (0.0734)	
Test: [0/17]	Time 0.125 (0.125)	Loss 0.0475 (0.0475)	Prec@1 0.000 (0.000)	Prec@5 0.000 (0.000)
Test: [10/17]	Time 0.132 (0.128)	Loss 0.0444 (0.0558)	Prec@1 0.000 (0.000)	Prec@5 0.000 (0.000)
Overall Acc: 	 0.861831323424382
Mean Acc : 	 0.5
FreqW Acc : 	 0.7427532300354217
Mean IoU : 	 0.430915661712191
* Test:	Time 0.092 (0.126)	Loss 0.0649 (0.0552)	
learning rate = 0.000100
Epoch: [95][0/67]	Time 0.124 (0.326)	Data 0.025 (0.025)	Loss 0.0719 (0.0734)	
Epoch: [95][10/67]	Time 0.328 (0.326)	Data 0.024 (0.025)	Loss 0.0408 (0.0734)	
Epoch: [95][20/67]	Time 0.321 (0.326)	Data 0.025 (0.025)	Loss 0.0521 (0.0734)	
Epoch: [95][30/67]	Time 0.329 (0.326)	Data 0.024 (0.025)	Loss 0.0842 (0.0734)	
Epoch: [95][40/67]	Time 0.326 (0.326)	Data 0.024 (0.025)	Loss 0.0636 (0.0733)	
Epoch: [95][50/67]	Time 0.328 (0.326)	Data 0.025 (0.025)	Loss 0.0574 (0.0733)	
Epoch: [95][60/67]	Time 0.325 (0.326)	Data 0.024 (0.025)	Loss 0.0336 (0.0733)	
Test: [0/17]	Time 0.123 (0.123)	Loss 0.0399 (0.0399)	Prec@1 0.000 (0.000)	Prec@5 0.000 (0.000)
Test: [10/17]	Time 0.140 (0.129)	Loss 0.0416 (0.0498)	Prec@1 0.000 (0.000)	Prec@5 0.000 (0.000)
Overall Acc: 	 0.8627268093735424
Mean Acc : 	 0.5
FreqW Acc : 	 0.7442975476118525
Mean IoU : 	 0.4313634046867712
* Test:	Time 0.092 (0.126)	Loss 0.0886 (0.0524)	
learning rate = 0.000100
Epoch: [96][0/67]	Time 0.123 (0.326)	Data 0.024 (0.025)	Loss 0.0338 (0.0733)	
Epoch: [96][10/67]	Time 0.327 (0.326)	Data 0.025 (0.025)	Loss 0.0341 (0.0732)	
Epoch: [96][20/67]	Time 0.324 (0.326)	Data 0.025 (0.025)	Loss 0.0535 (0.0732)	
Epoch: [96][30/67]	Time 0.332 (0.326)	Data 0.025 (0.025)	Loss 0.0613 (0.0732)	
Epoch: [96][40/67]	Time 0.328 (0.326)	Data 0.025 (0.025)	Loss 0.0523 (0.0732)	
Epoch: [96][50/67]	Time 0.331 (0.326)	Data 0.024 (0.025)	Loss 0.0884 (0.0731)	
Epoch: [96][60/67]	Time 0.327 (0.326)	Data 0.024 (0.025)	Loss 0.0512 (0.0731)	
Test: [0/17]	Time 0.124 (0.124)	Loss 0.0409 (0.0409)	Prec@1 0.000 (0.000)	Prec@5 0.000 (0.000)
Test: [10/17]	Time 0.129 (0.128)	Loss 0.0369 (0.0517)	Prec@1 0.000 (0.000)	Prec@5 0.000 (0.000)
Overall Acc: 	 0.8619424620671059
Mean Acc : 	 0.5
FreqW Acc : 	 0.7429448079143043
Mean IoU : 	 0.43097123103355295
* Test:	Time 0.094 (0.126)	Loss 0.0582 (0.0528)	
learning rate = 0.000100
Epoch: [97][0/67]	Time 0.124 (0.326)	Data 0.024 (0.025)	Loss 0.0610 (0.0731)	
Epoch: [97][10/67]	Time 0.331 (0.326)	Data 0.024 (0.025)	Loss 0.0666 (0.0731)	
Epoch: [97][20/67]	Time 0.326 (0.326)	Data 0.025 (0.025)	Loss 0.0287 (0.0731)	
Epoch: [97][30/67]	Time 0.329 (0.326)	Data 0.025 (0.025)	Loss 0.0315 (0.0730)	
Epoch: [97][40/67]	Time 0.329 (0.326)	Data 0.025 (0.025)	Loss 0.0444 (0.0730)	
Epoch: [97][50/67]	Time 0.331 (0.326)	Data 0.024 (0.025)	Loss 0.0568 (0.0730)	
Epoch: [97][60/67]	Time 0.330 (0.326)	Data 0.024 (0.025)	Loss 0.0427 (0.0729)	
Test: [0/17]	Time 0.124 (0.124)	Loss 0.0292 (0.0292)	Prec@1 0.000 (0.000)	Prec@5 0.000 (0.000)
Test: [10/17]	Time 0.131 (0.128)	Loss 0.0360 (0.0523)	Prec@1 0.000 (0.000)	Prec@5 0.000 (0.000)
Overall Acc: 	 0.8622289629124883
Mean Acc : 	 0.5
FreqW Acc : 	 0.7434387844851451
Mean IoU : 	 0.43111448145624415
* Test:	Time 0.092 (0.125)	Loss 0.0631 (0.0553)	
learning rate = 0.000100
Epoch: [98][0/67]	Time 0.124 (0.326)	Data 0.024 (0.025)	Loss 0.0360 (0.0729)	
Epoch: [98][10/67]	Time 0.329 (0.326)	Data 0.025 (0.025)	Loss 0.0737 (0.0729)	
Epoch: [98][20/67]	Time 0.326 (0.326)	Data 0.025 (0.025)	Loss 0.0562 (0.0729)	
Epoch: [98][30/67]	Time 0.331 (0.326)	Data 0.025 (0.025)	Loss 0.1014 (0.0729)	
Epoch: [98][40/67]	Time 0.326 (0.326)	Data 0.024 (0.025)	Loss 0.0283 (0.0729)	
Epoch: [98][50/67]	Time 0.332 (0.326)	Data 0.024 (0.025)	Loss 0.0330 (0.0728)	
Epoch: [98][60/67]	Time 0.318 (0.326)	Data 0.024 (0.025)	Loss 0.0568 (0.0728)	
Test: [0/17]	Time 0.124 (0.124)	Loss 0.0699 (0.0699)	Prec@1 0.000 (0.000)	Prec@5 0.000 (0.000)
Test: [10/17]	Time 0.131 (0.128)	Loss 0.0329 (0.0509)	Prec@1 0.000 (0.000)	Prec@5 0.000 (0.000)
Overall Acc: 	 0.8621505054075327
Mean Acc : 	 0.5
FreqW Acc : 	 0.743303493974464
Mean IoU : 	 0.43107525270376634
* Test:	Time 0.092 (0.125)	Loss 0.1391 (0.0550)	
learning rate = 0.000100
Epoch: [99][0/67]	Time 0.125 (0.326)	Data 0.024 (0.025)	Loss 0.0433 (0.0728)	
Epoch: [99][10/67]	Time 0.331 (0.326)	Data 0.024 (0.025)	Loss 0.0456 (0.0728)	
Epoch: [99][20/67]	Time 0.328 (0.326)	Data 0.025 (0.025)	Loss 0.0554 (0.0728)	
Epoch: [99][30/67]	Time 0.330 (0.326)	Data 0.024 (0.025)	Loss 0.0670 (0.0727)	
Epoch: [99][40/67]	Time 0.326 (0.326)	Data 0.024 (0.025)	Loss 0.0933 (0.0727)	
Epoch: [99][50/67]	Time 0.326 (0.326)	Data 0.024 (0.025)	Loss 0.0744 (0.0727)	
Epoch: [99][60/67]	Time 0.328 (0.326)	Data 0.024 (0.025)	Loss 0.0439 (0.0727)	
Test: [0/17]	Time 0.124 (0.124)	Loss 0.0625 (0.0625)	Prec@1 0.000 (0.000)	Prec@5 0.000 (0.000)
Test: [10/17]	Time 0.131 (0.128)	Loss 0.0685 (0.0591)	Prec@1 0.000 (0.000)	Prec@5 0.000 (0.000)
Overall Acc: 	 0.8621056400128265
Mean Acc : 	 0.5
FreqW Acc : 	 0.7432261345419252
Mean IoU : 	 0.43105282000641326
* Test:	Time 0.093 (0.125)	Loss 0.0924 (0.0578)	
