start training
learning rate = 0.000100
Epoch: [0][0/34]	Time 9.003 (9.003)	Data 0.071 (0.071)	Loss 3.4641 (3.4641)	
Epoch: [0][10/34]	Time 0.575 (1.314)	Data 0.049 (0.053)	Loss 0.6449 (1.1155)	
Epoch: [0][20/34]	Time 0.576 (0.961)	Data 0.052 (0.054)	Loss 0.5262 (0.8505)	
Epoch: [0][30/34]	Time 0.592 (0.839)	Data 0.054 (0.053)	Loss 0.4523 (0.7498)	
Test: [0/9]	Time 0.254 (0.254)	Loss 0.5240 (0.5240)	Prec@1 0.000 (0.000)	Prec@5 0.000 (0.000)
Overall Acc: 	 0.8618725449291628
Mean Acc : 	 0.5
FreqW Acc : 	 0.7428242837026717
Mean IoU : 	 0.4309362724645814
* Test:	Time 2.698 (0.521)	Loss 0.4663 (0.4787)	
learning rate = 0.000100
Epoch: [1][0/34]	Time 0.398 (1.011)	Data 0.049 (0.052)	Loss 0.4542 (0.7207)	
Epoch: [1][10/34]	Time 0.579 (0.909)	Data 0.056 (0.051)	Loss 0.2194 (0.6312)	
Epoch: [1][20/34]	Time 0.577 (0.848)	Data 0.049 (0.051)	Loss 0.1263 (0.5553)	
Epoch: [1][30/34]	Time 0.566 (0.804)	Data 0.048 (0.051)	Loss 0.1741 (0.4969)	
Test: [0/9]	Time 0.411 (0.411)	Loss 0.1658 (0.1658)	Prec@1 0.000 (0.000)	Prec@5 0.000 (0.000)
Overall Acc: 	 0.8621449257010845
Mean Acc : 	 0.5
FreqW Acc : 	 0.7432938729121285
Mean IoU : 	 0.43107246285054224
* Test:	Time 0.096 (0.231)	Loss 0.1247 (0.1364)	
learning rate = 0.000100
Epoch: [2][0/34]	Time 0.234 (0.784)	Data 0.057 (0.050)	Loss 0.0972 (0.4784)	
Epoch: [2][10/34]	Time 0.553 (0.757)	Data 0.048 (0.050)	Loss 0.0730 (0.4347)	
Epoch: [2][20/34]	Time 0.563 (0.734)	Data 0.048 (0.050)	Loss 0.1229 (0.4021)	
Epoch: [2][30/34]	Time 0.572 (0.719)	Data 0.051 (0.050)	Loss 0.1072 (0.3723)	
Test: [0/9]	Time 0.402 (0.402)	Loss 0.0976 (0.0976)	Prec@1 0.000 (0.000)	Prec@5 0.000 (0.000)
Overall Acc: 	 0.8624293768583838
Mean Acc : 	 0.5
FreqW Acc : 	 0.7437844300683403
Mean IoU : 	 0.4312146884291919
* Test:	Time 0.094 (0.235)	Loss 0.0583 (0.1102)	
learning rate = 0.000100
Epoch: [3][0/34]	Time 0.262 (0.709)	Data 0.049 (0.050)	Loss 0.1172 (0.3641)	
Epoch: [3][10/34]	Time 0.557 (0.696)	Data 0.049 (0.050)	Loss 0.1473 (0.3431)	
Epoch: [3][20/34]	Time 0.571 (0.687)	Data 0.059 (0.050)	Loss 0.1159 (0.3233)	
Epoch: [3][30/34]	Time 0.557 (0.679)	Data 0.048 (0.050)	Loss 0.0968 (0.3062)	
Test: [0/9]	Time 0.400 (0.400)	Loss 0.0919 (0.0919)	Prec@1 0.000 (0.000)	Prec@5 0.000 (0.000)
Overall Acc: 	 0.862443041445604
Mean Acc : 	 0.5
FreqW Acc : 	 0.7438079997379439
Mean IoU : 	 0.431221520722802
* Test:	Time 0.102 (0.236)	Loss 0.1178 (0.0955)	
learning rate = 0.000100
Epoch: [4][0/34]	Time 0.228 (0.673)	Data 0.055 (0.050)	Loss 0.0686 (0.3009)	
Epoch: [4][10/34]	Time 0.569 (0.667)	Data 0.049 (0.050)	Loss 0.0618 (0.2877)	
Epoch: [4][20/34]	Time 0.658 (0.662)	Data 0.048 (0.050)	Loss 0.0757 (0.2755)	
Epoch: [4][30/34]	Time 0.562 (0.658)	Data 0.048 (0.050)	Loss 0.1310 (0.2651)	
Test: [0/9]	Time 0.398 (0.398)	Loss 0.1512 (0.1512)	Prec@1 0.000 (0.000)	Prec@5 0.000 (0.000)
Overall Acc: 	 0.8618641184337104
Mean Acc : 	 0.5
FreqW Acc : 	 0.7428097586435167
Mean IoU : 	 0.4309320592168552
* Test:	Time 0.107 (0.231)	Loss 0.1990 (0.1676)	
learning rate = 0.000100
Epoch: [5][0/34]	Time 0.223 (0.653)	Data 0.051 (0.050)	Loss 0.2017 (0.2618)	
Epoch: [5][10/34]	Time 0.557 (0.648)	Data 0.049 (0.050)	Loss 0.2232 (0.2580)	
Epoch: [5][20/34]	Time 0.561 (0.643)	Data 0.048 (0.050)	Loss 0.1399 (0.2531)	
Epoch: [5][30/34]	Time 0.603 (0.639)	Data 0.049 (0.050)	Loss 0.1253 (0.2473)	
Test: [0/9]	Time 0.402 (0.402)	Loss 0.1073 (0.1073)	Prec@1 0.000 (0.000)	Prec@5 0.000 (0.000)
Overall Acc: 	 0.8619036318650887
Mean Acc : 	 0.5
FreqW Acc : 	 0.7428778706222303
Mean IoU : 	 0.43095181593254434
* Test:	Time 0.095 (0.230)	Loss 0.0892 (0.1003)	
learning rate = 0.000100
Epoch: [6][0/34]	Time 0.223 (0.636)	Data 0.049 (0.050)	Loss 0.1079 (0.2451)	
Epoch: [6][10/34]	Time 0.587 (0.633)	Data 0.048 (0.050)	Loss 0.0899 (0.2385)	
Epoch: [6][20/34]	Time 0.606 (0.631)	Data 0.053 (0.050)	Loss 0.0739 (0.2321)	
Epoch: [6][30/34]	Time 0.572 (0.628)	Data 0.050 (0.050)	Loss 0.0794 (0.2263)	
Test: [0/9]	Time 0.402 (0.402)	Loss 0.0868 (0.0868)	Prec@1 0.000 (0.000)	Prec@5 0.000 (0.000)
Overall Acc: 	 0.8622310126005713
Mean Acc : 	 0.5
FreqW Acc : 	 0.7434423190902066
Mean IoU : 	 0.43111550630028567
* Test:	Time 0.092 (0.230)	Loss 0.0813 (0.0862)	
learning rate = 0.000100
Epoch: [7][0/34]	Time 0.222 (0.626)	Data 0.048 (0.050)	Loss 0.0810 (0.2244)	
Epoch: [7][10/34]	Time 0.582 (0.623)	Data 0.048 (0.050)	Loss 0.0661 (0.2192)	
Epoch: [7][20/34]	Time 0.593 (0.621)	Data 0.053 (0.050)	Loss 0.0630 (0.2145)	
Epoch: [7][30/34]	Time 0.575 (0.620)	Data 0.057 (0.050)	Loss 0.1066 (0.2101)	
Test: [0/9]	Time 0.417 (0.417)	Loss 0.0772 (0.0772)	Prec@1 0.000 (0.000)	Prec@5 0.000 (0.000)
Overall Acc: 	 0.8625041904734142
Mean Acc : 	 0.5
FreqW Acc : 	 0.7439134785841995
Mean IoU : 	 0.4312520952367071
* Test:	Time 0.102 (0.248)	Loss 0.1981 (0.0839)	
learning rate = 0.000100
Epoch: [8][0/34]	Time 0.236 (0.618)	Data 0.056 (0.050)	Loss 0.0736 (0.2085)	
Epoch: [8][10/34]	Time 0.582 (0.616)	Data 0.055 (0.050)	Loss 0.0666 (0.2039)	
Epoch: [8][20/34]	Time 0.562 (0.614)	Data 0.048 (0.050)	Loss 0.0801 (0.2000)	
Epoch: [8][30/34]	Time 0.579 (0.613)	Data 0.048 (0.050)	Loss 0.0711 (0.1964)	
Test: [0/9]	Time 0.404 (0.404)	Loss 0.0799 (0.0799)	Prec@1 0.000 (0.000)	Prec@5 0.000 (0.000)
Overall Acc: 	 0.8624244803812966
Mean Acc : 	 0.5
FreqW Acc : 	 0.7437759843609495
Mean IoU : 	 0.4312122401906483
* Test:	Time 0.100 (0.240)	Loss 0.1184 (0.0820)	
learning rate = 0.000100
Epoch: [9][0/34]	Time 0.218 (0.611)	Data 0.048 (0.050)	Loss 0.0715 (0.1951)	
Epoch: [9][10/34]	Time 0.580 (0.610)	Data 0.048 (0.050)	Loss 0.0727 (0.1920)	
Epoch: [9][20/34]	Time 0.582 (0.608)	Data 0.050 (0.050)	Loss 0.0766 (0.1886)	
Epoch: [9][30/34]	Time 0.577 (0.608)	Data 0.053 (0.050)	Loss 0.0532 (0.1853)	
Test: [0/9]	Time 0.423 (0.423)	Loss 0.0484 (0.0484)	Prec@1 0.000 (0.000)	Prec@5 0.000 (0.000)
Overall Acc: 	 0.8619436007827076
Mean Acc : 	 0.5
FreqW Acc : 	 0.7429467709302596
Mean IoU : 	 0.4309718003913538
* Test:	Time 0.092 (0.236)	Loss 0.0544 (0.0767)	
learning rate = 0.000100
Epoch: [10][0/34]	Time 0.219 (0.606)	Data 0.048 (0.050)	Loss 0.0739 (0.1844)	
Epoch: [10][10/34]	Time 0.579 (0.605)	Data 0.048 (0.050)	Loss 0.0588 (0.1815)	
Epoch: [10][20/34]	Time 0.561 (0.604)	Data 0.049 (0.050)	Loss 0.1245 (0.1788)	
Epoch: [10][30/34]	Time 0.560 (0.603)	Data 0.049 (0.050)	Loss 0.0890 (0.1761)	
Test: [0/9]	Time 0.401 (0.401)	Loss 0.0720 (0.0720)	Prec@1 0.000 (0.000)	Prec@5 0.000 (0.000)
Overall Acc: 	 0.8623341802340835
Mean Acc : 	 0.5
FreqW Acc : 	 0.7436202383999888
Mean IoU : 	 0.43116709011704174
* Test:	Time 0.096 (0.235)	Loss 0.0471 (0.0747)	
learning rate = 0.000100
Epoch: [11][0/34]	Time 0.222 (0.602)	Data 0.051 (0.050)	Loss 0.0675 (0.1751)	
Epoch: [11][10/34]	Time 0.607 (0.601)	Data 0.051 (0.050)	Loss 0.0571 (0.1724)	
Epoch: [11][20/34]	Time 0.560 (0.601)	Data 0.051 (0.050)	Loss 0.1068 (0.1705)	
Epoch: [11][30/34]	Time 0.559 (0.600)	Data 0.049 (0.050)	Loss 0.0682 (0.1683)	
Test: [0/9]	Time 0.439 (0.439)	Loss 0.0902 (0.0902)	Prec@1 0.000 (0.000)	Prec@5 0.000 (0.000)
Overall Acc: 	 0.8624616025099113
Mean Acc : 	 0.5
FreqW Acc : 	 0.7438400158039643
Mean IoU : 	 0.43123080125495566
* Test:	Time 0.094 (0.236)	Loss 0.1390 (0.0796)	
learning rate = 0.000100
Epoch: [12][0/34]	Time 0.220 (0.598)	Data 0.048 (0.050)	Loss 0.0513 (0.1675)	
Epoch: [12][10/34]	Time 0.564 (0.598)	Data 0.049 (0.050)	Loss 0.0727 (0.1656)	
Epoch: [12][20/34]	Time 0.592 (0.597)	Data 0.048 (0.050)	Loss 0.0762 (0.1634)	
Epoch: [12][30/34]	Time 0.564 (0.597)	Data 0.049 (0.050)	Loss 0.0710 (0.1616)	
Test: [0/9]	Time 0.423 (0.423)	Loss 0.0892 (0.0892)	Prec@1 0.000 (0.000)	Prec@5 0.000 (0.000)
Overall Acc: 	 0.8624121822527985
Mean Acc : 	 0.5
FreqW Acc : 	 0.7437547720980341
Mean IoU : 	 0.43120609112639924
* Test:	Time 0.095 (0.239)	Loss 0.0679 (0.0767)	
learning rate = 0.000100
Epoch: [13][0/34]	Time 0.224 (0.595)	Data 0.049 (0.050)	Loss 0.0873 (0.1610)	
Epoch: [13][10/34]	Time 0.580 (0.595)	Data 0.053 (0.050)	Loss 0.0886 (0.1590)	
Epoch: [13][20/34]	Time 0.600 (0.594)	Data 0.048 (0.050)	Loss 0.0810 (0.1574)	
Epoch: [13][30/34]	Time 0.587 (0.594)	Data 0.053 (0.050)	Loss 0.0515 (0.1556)	
Test: [0/9]	Time 0.401 (0.401)	Loss 0.0523 (0.0523)	Prec@1 0.000 (0.000)	Prec@5 0.000 (0.000)
Overall Acc: 	 0.8610024523379197
Mean Acc : 	 0.5
FreqW Acc : 	 0.7413252229319117
Mean IoU : 	 0.43050122616895986
* Test:	Time 0.102 (0.234)	Loss 0.0691 (0.0701)	
learning rate = 0.000100
Epoch: [14][0/34]	Time 0.241 (0.593)	Data 0.057 (0.050)	Loss 0.0703 (0.1550)	
Epoch: [14][10/34]	Time 0.580 (0.593)	Data 0.050 (0.050)	Loss 0.0759 (0.1534)	
Epoch: [14][20/34]	Time 0.581 (0.593)	Data 0.055 (0.050)	Loss 0.0424 (0.1519)	
Epoch: [14][30/34]	Time 0.576 (0.592)	Data 0.048 (0.050)	Loss 0.0575 (0.1503)	
Test: [0/9]	Time 0.433 (0.433)	Loss 0.0668 (0.0668)	Prec@1 0.000 (0.000)	Prec@5 0.000 (0.000)
Overall Acc: 	 0.8623851946930388
Mean Acc : 	 0.5
FreqW Acc : 	 0.7437082240257503
Mean IoU : 	 0.4311925973465194
* Test:	Time 0.098 (0.243)	Loss 0.0426 (0.0723)	
learning rate = 0.000100
Epoch: [15][0/34]	Time 0.223 (0.591)	Data 0.049 (0.050)	Loss 0.0657 (0.1498)	
Epoch: [15][10/34]	Time 0.560 (0.591)	Data 0.048 (0.050)	Loss 0.0937 (0.1482)	
Epoch: [15][20/34]	Time 0.565 (0.591)	Data 0.053 (0.050)	Loss 0.0902 (0.1468)	
Epoch: [15][30/34]	Time 0.581 (0.590)	Data 0.048 (0.050)	Loss 0.0900 (0.1457)	
Test: [0/9]	Time 0.403 (0.403)	Loss 0.0754 (0.0754)	Prec@1 0.000 (0.000)	Prec@5 0.000 (0.000)
Overall Acc: 	 0.8619128554614622
Mean Acc : 	 0.5
FreqW Acc : 	 0.7428937704097315
Mean IoU : 	 0.4309564277307311
* Test:	Time 0.095 (0.237)	Loss 0.1081 (0.0733)	
learning rate = 0.000100
Epoch: [16][0/34]	Time 0.221 (0.590)	Data 0.050 (0.050)	Loss 0.0763 (0.1452)	
Epoch: [16][10/34]	Time 0.592 (0.589)	Data 0.056 (0.050)	Loss 0.0686 (0.1440)	
Epoch: [16][20/34]	Time 0.583 (0.589)	Data 0.057 (0.050)	Loss 0.0827 (0.1427)	
Epoch: [16][30/34]	Time 0.608 (0.589)	Data 0.049 (0.050)	Loss 0.0459 (0.1416)	
Test: [0/9]	Time 0.437 (0.437)	Loss 0.0651 (0.0651)	Prec@1 0.000 (0.000)	Prec@5 0.000 (0.000)
Overall Acc: 	 0.8616474208547108
Mean Acc : 	 0.5
FreqW Acc : 	 0.7424362778655751
Mean IoU : 	 0.4308237104273554
* Test:	Time 0.112 (0.252)	Loss 0.0412 (0.0634)	
learning rate = 0.000100
Epoch: [17][0/34]	Time 0.250 (0.588)	Data 0.066 (0.050)	Loss 0.0638 (0.1411)	
Epoch: [17][10/34]	Time 0.587 (0.588)	Data 0.048 (0.050)	Loss 0.0648 (0.1398)	
Epoch: [17][20/34]	Time 0.556 (0.588)	Data 0.048 (0.050)	Loss 0.0713 (0.1388)	
Epoch: [17][30/34]	Time 0.591 (0.588)	Data 0.057 (0.050)	Loss 0.0681 (0.1376)	
Test: [0/9]	Time 0.437 (0.437)	Loss 0.0986 (0.0986)	Prec@1 0.000 (0.000)	Prec@5 0.000 (0.000)
Overall Acc: 	 0.862146633774487
Mean Acc : 	 0.5
FreqW Acc : 	 0.7432968181286793
Mean IoU : 	 0.4310733168872435
* Test:	Time 0.103 (0.243)	Loss 0.0624 (0.0643)	
learning rate = 0.000100
Epoch: [18][0/34]	Time 0.220 (0.587)	Data 0.049 (0.050)	Loss 0.1108 (0.1373)	
Epoch: [18][10/34]	Time 0.604 (0.587)	Data 0.049 (0.050)	Loss 0.0641 (0.1362)	
Epoch: [18][20/34]	Time 0.563 (0.587)	Data 0.049 (0.050)	Loss 0.0720 (0.1353)	
Epoch: [18][30/34]	Time 0.589 (0.587)	Data 0.063 (0.050)	Loss 0.0572 (0.1343)	
Test: [0/9]	Time 0.427 (0.427)	Loss 0.0723 (0.0723)	Prec@1 0.000 (0.000)	Prec@5 0.000 (0.000)
Overall Acc: 	 0.8616872759007695
Mean Acc : 	 0.5
FreqW Acc : 	 0.7425049614492889
Mean IoU : 	 0.4308436379503848
* Test:	Time 0.098 (0.242)	Loss 0.0690 (0.0718)	
learning rate = 0.000100
Epoch: [19][0/34]	Time 0.221 (0.586)	Data 0.048 (0.050)	Loss 0.0624 (0.1340)	
Epoch: [19][10/34]	Time 0.580 (0.586)	Data 0.048 (0.050)	Loss 0.0703 (0.1331)	
Epoch: [19][20/34]	Time 0.583 (0.586)	Data 0.056 (0.050)	Loss 0.0629 (0.1322)	
Epoch: [19][30/34]	Time 0.580 (0.586)	Data 0.048 (0.050)	Loss 0.0720 (0.1314)	
Test: [0/9]	Time 0.414 (0.414)	Loss 0.1046 (0.1046)	Prec@1 0.000 (0.000)	Prec@5 0.000 (0.000)
Overall Acc: 	 0.8623289421423158
Mean Acc : 	 0.5
FreqW Acc : 	 0.7436112044562855
Mean IoU : 	 0.4311644710711579
* Test:	Time 0.101 (0.252)	Loss 0.0561 (0.0663)	
learning rate = 0.000100
Epoch: [20][0/34]	Time 0.235 (0.585)	Data 0.058 (0.050)	Loss 0.0665 (0.1311)	
Epoch: [20][10/34]	Time 0.570 (0.585)	Data 0.049 (0.050)	Loss 0.0503 (0.1302)	
Epoch: [20][20/34]	Time 0.608 (0.585)	Data 0.048 (0.050)	Loss 0.0713 (0.1294)	
Epoch: [20][30/34]	Time 0.569 (0.585)	Data 0.049 (0.050)	Loss 0.0904 (0.1286)	
Test: [0/9]	Time 0.418 (0.418)	Loss 0.0680 (0.0680)	Prec@1 0.000 (0.000)	Prec@5 0.000 (0.000)
Overall Acc: 	 0.8622675653713853
Mean Acc : 	 0.5
FreqW Acc : 	 0.7435053542914962
Mean IoU : 	 0.43113378268569263
* Test:	Time 0.096 (0.240)	Loss 0.0817 (0.0691)	
learning rate = 0.000100
Epoch: [21][0/34]	Time 0.227 (0.584)	Data 0.055 (0.050)	Loss 0.0586 (0.1283)	
Epoch: [21][10/34]	Time 0.575 (0.584)	Data 0.048 (0.050)	Loss 0.0703 (0.1276)	
Epoch: [21][20/34]	Time 0.563 (0.584)	Data 0.048 (0.050)	Loss 0.0675 (0.1266)	
Epoch: [21][30/34]	Time 0.566 (0.584)	Data 0.048 (0.050)	Loss 0.0791 (0.1260)	
Test: [0/9]	Time 0.404 (0.404)	Loss 0.0728 (0.0728)	Prec@1 0.000 (0.000)	Prec@5 0.000 (0.000)
Overall Acc: 	 0.8621605261048274
Mean Acc : 	 0.5
FreqW Acc : 	 0.7433207727733527
Mean IoU : 	 0.4310802630524137
* Test:	Time 0.105 (0.232)	Loss 0.0636 (0.0630)	
learning rate = 0.000100
Epoch: [22][0/34]	Time 0.242 (0.583)	Data 0.058 (0.050)	Loss 0.1064 (0.1258)	
Epoch: [22][10/34]	Time 0.565 (0.583)	Data 0.049 (0.050)	Loss 0.0774 (0.1251)	
Epoch: [22][20/34]	Time 0.566 (0.583)	Data 0.053 (0.050)	Loss 0.0708 (0.1242)	
Epoch: [22][30/34]	Time 0.564 (0.582)	Data 0.049 (0.050)	Loss 0.0802 (0.1235)	
Test: [0/9]	Time 0.417 (0.417)	Loss 0.0510 (0.0510)	Prec@1 0.000 (0.000)	Prec@5 0.000 (0.000)
Overall Acc: 	 0.861756054323111
Mean Acc : 	 0.5
FreqW Acc : 	 0.7426234971625366
Mean IoU : 	 0.4308780271615555
* Test:	Time 0.092 (0.238)	Loss 0.0497 (0.0615)	
learning rate = 0.000100
Epoch: [23][0/34]	Time 0.220 (0.582)	Data 0.048 (0.050)	Loss 0.0841 (0.1233)	
Epoch: [23][10/34]	Time 0.635 (0.582)	Data 0.059 (0.050)	Loss 0.0965 (0.1227)	
Epoch: [23][20/34]	Time 0.587 (0.582)	Data 0.049 (0.050)	Loss 0.0659 (0.1220)	
Epoch: [23][30/34]	Time 0.623 (0.582)	Data 0.049 (0.050)	Loss 0.0731 (0.1213)	
Test: [0/9]	Time 0.405 (0.405)	Loss 0.0874 (0.0874)	Prec@1 0.000 (0.000)	Prec@5 0.000 (0.000)
Overall Acc: 	 0.8617029901760728
Mean Acc : 	 0.5
FreqW Acc : 	 0.742532043278385
Mean IoU : 	 0.4308514950880364
* Test:	Time 0.092 (0.238)	Loss 0.0760 (0.0660)	
learning rate = 0.000100
Epoch: [24][0/34]	Time 0.220 (0.582)	Data 0.048 (0.050)	Loss 0.0634 (0.1210)	
Epoch: [24][10/34]	Time 0.564 (0.582)	Data 0.049 (0.050)	Loss 0.0664 (0.1204)	
Epoch: [24][20/34]	Time 0.626 (0.582)	Data 0.048 (0.050)	Loss 0.0777 (0.1198)	
Epoch: [24][30/34]	Time 0.615 (0.582)	Data 0.049 (0.050)	Loss 0.0400 (0.1192)	
Test: [0/9]	Time 0.481 (0.481)	Loss 0.0289 (0.0289)	Prec@1 0.000 (0.000)	Prec@5 0.000 (0.000)
Overall Acc: 	 0.8622651740686217
Mean Acc : 	 0.5
FreqW Acc : 	 0.7435012304115904
Mean IoU : 	 0.43113258703431084
* Test:	Time 0.096 (0.248)	Loss 0.0651 (0.0673)	
learning rate = 0.000100
Epoch: [25][0/34]	Time 0.220 (0.581)	Data 0.048 (0.050)	Loss 0.0631 (0.1190)	
Epoch: [25][10/34]	Time 0.643 (0.581)	Data 0.048 (0.050)	Loss 0.0473 (0.1183)	
Epoch: [25][20/34]	Time 0.561 (0.581)	Data 0.048 (0.050)	Loss 0.0836 (0.1178)	
Epoch: [25][30/34]	Time 0.562 (0.581)	Data 0.048 (0.050)	Loss 0.0736 (0.1172)	
Test: [0/9]	Time 0.402 (0.402)	Loss 0.0637 (0.0637)	Prec@1 0.000 (0.000)	Prec@5 0.000 (0.000)
Overall Acc: 	 0.8616802158640392
Mean Acc : 	 0.5
FreqW Acc : 	 0.7424927944114972
Mean IoU : 	 0.4308401079320196
* Test:	Time 0.091 (0.232)	Loss 0.0613 (0.0622)	
learning rate = 0.000100
Epoch: [26][0/34]	Time 0.218 (0.580)	Data 0.048 (0.050)	Loss 0.0930 (0.1171)	
Epoch: [26][10/34]	Time 0.610 (0.580)	Data 0.050 (0.050)	Loss 0.0696 (0.1165)	
Epoch: [26][20/34]	Time 0.599 (0.580)	Data 0.048 (0.050)	Loss 0.0887 (0.1160)	
Epoch: [26][30/34]	Time 0.566 (0.580)	Data 0.048 (0.050)	Loss 0.0759 (0.1155)	
Test: [0/9]	Time 0.399 (0.399)	Loss 0.0676 (0.0676)	Prec@1 0.000 (0.000)	Prec@5 0.000 (0.000)
Overall Acc: 	 0.8621057538843867
Mean Acc : 	 0.5
FreqW Acc : 	 0.7432263308805668
Mean IoU : 	 0.43105287694219335
* Test:	Time 0.094 (0.233)	Loss 0.0911 (0.0687)	
learning rate = 0.000100
Epoch: [27][0/34]	Time 0.222 (0.580)	Data 0.048 (0.050)	Loss 0.0552 (0.1153)	
Epoch: [27][10/34]	Time 0.574 (0.580)	Data 0.049 (0.050)	Loss 0.0605 (0.1148)	
Epoch: [27][20/34]	Time 0.566 (0.580)	Data 0.054 (0.050)	Loss 0.0807 (0.1143)	
Epoch: [27][30/34]	Time 0.570 (0.579)	Data 0.048 (0.050)	Loss 0.0671 (0.1138)	
Test: [0/9]	Time 0.413 (0.413)	Loss 0.0577 (0.0577)	Prec@1 0.000 (0.000)	Prec@5 0.000 (0.000)
Overall Acc: 	 0.8622993355366722
Mean Acc : 	 0.5
FreqW Acc : 	 0.7435601440669863
Mean IoU : 	 0.4311496677683361
* Test:	Time 0.100 (0.241)	Loss 0.0554 (0.0631)	
learning rate = 0.000100
Epoch: [28][0/34]	Time 0.251 (0.579)	Data 0.056 (0.050)	Loss 0.0409 (0.1136)	
Epoch: [28][10/34]	Time 0.566 (0.579)	Data 0.048 (0.050)	Loss 0.0762 (0.1131)	
Epoch: [28][20/34]	Time 0.570 (0.579)	Data 0.048 (0.050)	Loss 0.0484 (0.1127)	
Epoch: [28][30/34]	Time 0.567 (0.579)	Data 0.049 (0.050)	Loss 0.0775 (0.1123)	
Test: [0/9]	Time 0.407 (0.407)	Loss 0.0636 (0.0636)	Prec@1 0.000 (0.000)	Prec@5 0.000 (0.000)
Overall Acc: 	 0.8622710953897504
Mean Acc : 	 0.5
FreqW Acc : 	 0.7435114419446401
Mean IoU : 	 0.4311355476948752
* Test:	Time 0.093 (0.232)	Loss 0.0741 (0.0633)	
learning rate = 0.000100
Epoch: [29][0/34]	Time 0.240 (0.578)	Data 0.069 (0.050)	Loss 0.0891 (0.1122)	
Epoch: [29][10/34]	Time 0.562 (0.578)	Data 0.048 (0.050)	Loss 0.0837 (0.1119)	
Epoch: [29][20/34]	Time 0.558 (0.578)	Data 0.049 (0.050)	Loss 0.0733 (0.1115)	
Epoch: [29][30/34]	Time 0.559 (0.578)	Data 0.049 (0.050)	Loss 0.1117 (0.1111)	
Test: [0/9]	Time 0.411 (0.411)	Loss 0.0748 (0.0748)	Prec@1 0.000 (0.000)	Prec@5 0.000 (0.000)
Overall Acc: 	 0.8624207226198111
Mean Acc : 	 0.5
FreqW Acc : 	 0.743769502804077
Mean IoU : 	 0.43121036130990553
* Test:	Time 0.092 (0.232)	Loss 0.0534 (0.0726)	
learning rate = 0.000100
Epoch: [30][0/34]	Time 0.220 (0.577)	Data 0.048 (0.050)	Loss 0.0678 (0.1109)	
Epoch: [30][10/34]	Time 0.565 (0.577)	Data 0.052 (0.050)	Loss 0.0625 (0.1106)	
Epoch: [30][20/34]	Time 0.578 (0.577)	Data 0.055 (0.050)	Loss 0.0609 (0.1102)	
Epoch: [30][30/34]	Time 0.558 (0.577)	Data 0.048 (0.050)	Loss 0.0451 (0.1098)	
Test: [0/9]	Time 0.401 (0.401)	Loss 0.0464 (0.0464)	Prec@1 0.000 (0.000)	Prec@5 0.000 (0.000)
Overall Acc: 	 0.8620214889298624
Mean Acc : 	 0.5
FreqW Acc : 	 0.7430810473768569
Mean IoU : 	 0.4310107444649312
* Test:	Time 0.105 (0.238)	Loss 0.0993 (0.0617)	
learning rate = 0.000100
Epoch: [31][0/34]	Time 0.242 (0.577)	Data 0.056 (0.050)	Loss 0.0684 (0.1097)	
Epoch: [31][10/34]	Time 0.581 (0.577)	Data 0.056 (0.050)	Loss 0.0534 (0.1093)	
Epoch: [31][20/34]	Time 0.562 (0.577)	Data 0.048 (0.050)	Loss 0.0703 (0.1088)	
Epoch: [31][30/34]	Time 0.564 (0.577)	Data 0.049 (0.050)	Loss 0.0694 (0.1085)	
Test: [0/9]	Time 0.400 (0.400)	Loss 0.0894 (0.0894)	Prec@1 0.000 (0.000)	Prec@5 0.000 (0.000)
Overall Acc: 	 0.8623296253716768
Mean Acc : 	 0.5
FreqW Acc : 	 0.7436123827936565
Mean IoU : 	 0.4311648126858384
* Test:	Time 0.092 (0.228)	Loss 0.0769 (0.0649)	
learning rate = 0.000100
Epoch: [32][0/34]	Time 0.219 (0.576)	Data 0.048 (0.050)	Loss 0.0710 (0.1083)	
Epoch: [32][10/34]	Time 0.578 (0.576)	Data 0.049 (0.050)	Loss 0.1305 (0.1081)	
Epoch: [32][20/34]	Time 0.559 (0.576)	Data 0.048 (0.050)	Loss 0.0532 (0.1076)	
Epoch: [32][30/34]	Time 0.577 (0.576)	Data 0.060 (0.050)	Loss 0.0597 (0.1073)	
Test: [0/9]	Time 0.417 (0.417)	Loss 0.0554 (0.0554)	Prec@1 0.000 (0.000)	Prec@5 0.000 (0.000)
Overall Acc: 	 0.8619414372230644
Mean Acc : 	 0.5
FreqW Acc : 	 0.7429430412021618
Mean IoU : 	 0.4309707186115322
* Test:	Time 0.094 (0.234)	Loss 0.1100 (0.0613)	
learning rate = 0.000100
Epoch: [33][0/34]	Time 0.222 (0.575)	Data 0.048 (0.050)	Loss 0.0566 (0.1071)	
Epoch: [33][10/34]	Time 0.560 (0.575)	Data 0.048 (0.050)	Loss 0.0926 (0.1067)	
Epoch: [33][20/34]	Time 0.563 (0.575)	Data 0.049 (0.050)	Loss 0.0639 (0.1064)	
Epoch: [33][30/34]	Time 0.586 (0.575)	Data 0.054 (0.050)	Loss 0.0674 (0.1062)	
Test: [0/9]	Time 0.412 (0.412)	Loss 0.0657 (0.0657)	Prec@1 0.000 (0.000)	Prec@5 0.000 (0.000)
Overall Acc: 	 0.8619958678288246
Mean Acc : 	 0.5
FreqW Acc : 	 0.7430368761539685
Mean IoU : 	 0.4309979339144123
* Test:	Time 0.094 (0.236)	Loss 0.0334 (0.0638)	
learning rate = 0.000100
Epoch: [34][0/34]	Time 0.224 (0.575)	Data 0.050 (0.050)	Loss 0.0614 (0.1060)	
Epoch: [34][10/34]	Time 0.576 (0.575)	Data 0.048 (0.050)	Loss 0.0454 (0.1057)	
Epoch: [34][20/34]	Time 0.577 (0.575)	Data 0.054 (0.050)	Loss 0.0541 (0.1055)	
Epoch: [34][30/34]	Time 0.563 (0.575)	Data 0.049 (0.050)	Loss 0.0623 (0.1051)	
Test: [0/9]	Time 0.416 (0.416)	Loss 0.0812 (0.0812)	Prec@1 0.000 (0.000)	Prec@5 0.000 (0.000)
Overall Acc: 	 0.8619290252230061
Mean Acc : 	 0.5
FreqW Acc : 	 0.7429216445218815
Mean IoU : 	 0.43096451261150304
* Test:	Time 0.094 (0.231)	Loss 0.0474 (0.0579)	
learning rate = 0.000100
Epoch: [35][0/34]	Time 0.231 (0.574)	Data 0.051 (0.050)	Loss 0.1116 (0.1050)	
Epoch: [35][10/34]	Time 0.590 (0.574)	Data 0.057 (0.050)	Loss 0.0706 (0.1046)	
Epoch: [35][20/34]	Time 0.580 (0.574)	Data 0.058 (0.050)	Loss 0.0648 (0.1043)	
Epoch: [35][30/34]	Time 0.570 (0.574)	Data 0.051 (0.050)	Loss 0.0743 (0.1040)	
Test: [0/9]	Time 0.428 (0.428)	Loss 0.0512 (0.0512)	Prec@1 0.000 (0.000)	Prec@5 0.000 (0.000)
Overall Acc: 	 0.8626026893729595
Mean Acc : 	 0.5
FreqW Acc : 	 0.7440833997134624
Mean IoU : 	 0.43130134468647974
* Test:	Time 0.092 (0.237)	Loss 0.0433 (0.0592)	
learning rate = 0.000100
Epoch: [36][0/34]	Time 0.218 (0.574)	Data 0.048 (0.050)	Loss 0.0531 (0.1038)	
Epoch: [36][10/34]	Time 0.565 (0.574)	Data 0.048 (0.050)	Loss 0.0742 (0.1035)	
Epoch: [36][20/34]	Time 0.562 (0.574)	Data 0.048 (0.050)	Loss 0.0509 (0.1033)	
