start training
learning rate = 0.000050
Epoch: [0][0/67]	Time 8.031 (8.031)	Data 0.029 (0.029)	Loss 3.7293 (3.7293)	
Epoch: [0][10/67]	Time 0.331 (1.012)	Data 0.024 (0.026)	Loss 0.4543 (1.0083)	
Epoch: [0][20/67]	Time 0.328 (0.686)	Data 0.024 (0.025)	Loss 0.2430 (0.6898)	
Epoch: [0][30/67]	Time 0.331 (0.571)	Data 0.024 (0.025)	Loss 0.4218 (0.5855)	
Epoch: [0][40/67]	Time 0.328 (0.511)	Data 0.024 (0.025)	Loss 0.3183 (0.5178)	
Epoch: [0][50/67]	Time 0.328 (0.475)	Data 0.024 (0.025)	Loss 0.1534 (0.4579)	
Epoch: [0][60/67]	Time 0.331 (0.451)	Data 0.024 (0.025)	Loss 0.1704 (0.4097)	
Test: [0/17]	Time 0.124 (0.124)	Loss 0.2139 (0.2139)	Prec@1 0.000 (0.000)	Prec@5 0.000 (0.000)
Test: [10/17]	Time 0.128 (0.128)	Loss 0.1542 (0.1811)	Prec@1 0.000 (0.000)	Prec@5 0.000 (0.000)
Overall Acc: 	 0.8437973705690298
Mean Acc : 	 0.5
FreqW Acc : 	 0.7119940025792086
Mean IoU : 	 0.4218986852845149
* Test:	Time 2.596 (0.273)	Loss 0.1258 (0.1872)	
learning rate = 0.000050
Epoch: [1][0/67]	Time 0.127 (0.435)	Data 0.025 (0.025)	Loss 0.2183 (0.3858)	
Epoch: [1][10/67]	Time 0.333 (0.422)	Data 0.024 (0.025)	Loss 0.2631 (0.3619)	
Epoch: [1][20/67]	Time 0.324 (0.411)	Data 0.024 (0.025)	Loss 0.3425 (0.3499)	
Epoch: [1][30/67]	Time 0.331 (0.402)	Data 0.024 (0.025)	Loss 0.2986 (0.3437)	
Epoch: [1][40/67]	Time 0.325 (0.395)	Data 0.025 (0.025)	Loss 0.2031 (0.3356)	
Epoch: [1][50/67]	Time 0.325 (0.390)	Data 0.025 (0.025)	Loss 0.2025 (0.3223)	
Epoch: [1][60/67]	Time 0.330 (0.385)	Data 0.025 (0.025)	Loss 0.1824 (0.3099)	
Test: [0/17]	Time 0.124 (0.124)	Loss 0.1435 (0.1435)	Prec@1 0.000 (0.000)	Prec@5 0.000 (0.000)
Test: [10/17]	Time 0.131 (0.132)	Loss 0.1514 (0.1573)	Prec@1 0.000 (0.000)	Prec@5 0.000 (0.000)
Overall Acc: 	 0.8448602477116371
Mean Acc : 	 0.5
FreqW Acc : 	 0.7137888381633689
Mean IoU : 	 0.4224301238558186
* Test:	Time 0.095 (0.128)	Loss 0.1200 (0.1586)	
learning rate = 0.000050
Epoch: [2][0/67]	Time 0.126 (0.381)	Data 0.024 (0.025)	Loss 0.1692 (0.3013)	
Epoch: [2][10/67]	Time 0.324 (0.377)	Data 0.025 (0.025)	Loss 0.2045 (0.2921)	
Epoch: [2][20/67]	Time 0.328 (0.374)	Data 0.024 (0.025)	Loss 0.0408 (0.2816)	
Epoch: [2][30/67]	Time 0.327 (0.371)	Data 0.025 (0.025)	Loss 0.1161 (0.2726)	
Epoch: [2][40/67]	Time 0.330 (0.369)	Data 0.025 (0.025)	Loss 0.0776 (0.2645)	
Epoch: [2][50/67]	Time 0.327 (0.366)	Data 0.025 (0.025)	Loss 0.1644 (0.2567)	
Epoch: [2][60/67]	Time 0.329 (0.364)	Data 0.025 (0.025)	Loss 0.2079 (0.2501)	
Test: [0/17]	Time 0.126 (0.126)	Loss 0.1547 (0.1547)	Prec@1 0.000 (0.000)	Prec@5 0.000 (0.000)
Test: [10/17]	Time 0.136 (0.129)	Loss 0.1201 (0.1227)	Prec@1 0.000 (0.000)	Prec@5 0.000 (0.000)
Overall Acc: 	 0.8440986747172341
Mean Acc : 	 0.5
FreqW Acc : 	 0.712502572659391
Mean IoU : 	 0.42204933735861705
* Test:	Time 0.093 (0.127)	Loss 0.1803 (0.1309)	
learning rate = 0.000050
Epoch: [3][0/67]	Time 0.128 (0.362)	Data 0.024 (0.025)	Loss 0.1326 (0.2462)	
Epoch: [3][10/67]	Time 0.331 (0.361)	Data 0.025 (0.025)	Loss 0.0713 (0.2400)	
Epoch: [3][20/67]	Time 0.331 (0.359)	Data 0.024 (0.025)	Loss 0.2809 (0.2355)	
Epoch: [3][30/67]	Time 0.328 (0.358)	Data 0.025 (0.025)	Loss 0.1175 (0.2298)	
Epoch: [3][40/67]	Time 0.330 (0.357)	Data 0.025 (0.025)	Loss 0.1049 (0.2258)	
Epoch: [3][50/67]	Time 0.329 (0.356)	Data 0.025 (0.025)	Loss 0.0809 (0.2208)	
Epoch: [3][60/67]	Time 0.330 (0.355)	Data 0.025 (0.025)	Loss 0.0979 (0.2165)	
Test: [0/17]	Time 0.125 (0.125)	Loss 0.0674 (0.0674)	Prec@1 0.000 (0.000)	Prec@5 0.000 (0.000)
Test: [10/17]	Time 0.130 (0.128)	Loss 0.1170 (0.0951)	Prec@1 0.000 (0.000)	Prec@5 0.000 (0.000)
Overall Acc: 	 0.8442674323694029
Mean Acc : 	 0.5
FreqW Acc : 	 0.7127874973596243
Mean IoU : 	 0.42213371618470147
* Test:	Time 0.096 (0.126)	Loss 0.0624 (0.0990)	
learning rate = 0.000050
Epoch: [4][0/67]	Time 0.127 (0.353)	Data 0.024 (0.025)	Loss 0.0786 (0.2131)	
Epoch: [4][10/67]	Time 0.331 (0.352)	Data 0.025 (0.025)	Loss 0.1260 (0.2089)	
Epoch: [4][20/67]	Time 0.331 (0.351)	Data 0.031 (0.025)	Loss 0.0862 (0.2048)	
Epoch: [4][30/67]	Time 0.331 (0.351)	Data 0.025 (0.025)	Loss 0.1053 (0.2017)	
Epoch: [4][40/67]	Time 0.326 (0.350)	Data 0.025 (0.025)	Loss 0.1242 (0.1986)	
Epoch: [4][50/67]	Time 0.329 (0.349)	Data 0.024 (0.025)	Loss 0.0761 (0.1953)	
Epoch: [4][60/67]	Time 0.328 (0.349)	Data 0.025 (0.025)	Loss 0.1157 (0.1924)	
Test: [0/17]	Time 0.126 (0.126)	Loss 0.1225 (0.1225)	Prec@1 0.000 (0.000)	Prec@5 0.000 (0.000)
Test: [10/17]	Time 0.130 (0.129)	Loss 0.1114 (0.1021)	Prec@1 0.000 (0.000)	Prec@5 0.000 (0.000)
Overall Acc: 	 0.8442017284791861
Mean Acc : 	 0.5
FreqW Acc : 	 0.7126765583672454
Mean IoU : 	 0.42210086423959303
* Test:	Time 0.095 (0.127)	Loss 0.0921 (0.1024)	
learning rate = 0.000050
Epoch: [5][0/67]	Time 0.128 (0.348)	Data 0.025 (0.025)	Loss 0.1060 (0.1908)	
Epoch: [5][10/67]	Time 0.328 (0.347)	Data 0.024 (0.025)	Loss 0.0913 (0.1879)	
Epoch: [5][20/67]	Time 0.330 (0.347)	Data 0.024 (0.025)	Loss 0.0538 (0.1850)	
Epoch: [5][30/67]	Time 0.325 (0.346)	Data 0.025 (0.025)	Loss 0.1091 (0.1822)	
Epoch: [5][40/67]	Time 0.328 (0.346)	Data 0.025 (0.025)	Loss 0.0514 (0.1798)	
Epoch: [5][50/67]	Time 0.322 (0.345)	Data 0.025 (0.025)	Loss 0.1142 (0.1776)	
Epoch: [5][60/67]	Time 0.328 (0.345)	Data 0.025 (0.025)	Loss 0.0932 (0.1755)	
Test: [0/17]	Time 0.124 (0.124)	Loss 0.0786 (0.0786)	Prec@1 0.000 (0.000)	Prec@5 0.000 (0.000)
Test: [10/17]	Time 0.129 (0.129)	Loss 0.1053 (0.0968)	Prec@1 0.000 (0.000)	Prec@5 0.000 (0.000)
Overall Acc: 	 0.8446411588298741
Mean Acc : 	 0.5
FreqW Acc : 	 0.7134186871894727
Mean IoU : 	 0.42232057941493706
* Test:	Time 0.096 (0.126)	Loss 0.1390 (0.0949)	
learning rate = 0.000050
Epoch: [6][0/67]	Time 0.128 (0.344)	Data 0.025 (0.025)	Loss 0.0935 (0.1746)	
Epoch: [6][10/67]	Time 0.330 (0.344)	Data 0.024 (0.025)	Loss 0.1039 (0.1725)	
Epoch: [6][20/67]	Time 0.331 (0.343)	Data 0.025 (0.025)	Loss 0.1114 (0.1704)	
Epoch: [6][30/67]	Time 0.332 (0.343)	Data 0.025 (0.025)	Loss 0.1183 (0.1687)	
Epoch: [6][40/67]	Time 0.329 (0.343)	Data 0.024 (0.025)	Loss 0.1122 (0.1669)	
Epoch: [6][50/67]	Time 0.332 (0.342)	Data 0.025 (0.025)	Loss 0.0685 (0.1651)	
Epoch: [6][60/67]	Time 0.330 (0.342)	Data 0.035 (0.025)	Loss 0.1041 (0.1637)	
Test: [0/17]	Time 0.128 (0.128)	Loss 0.0793 (0.0793)	Prec@1 0.000 (0.000)	Prec@5 0.000 (0.000)
Test: [10/17]	Time 0.129 (0.132)	Loss 0.0840 (0.1024)	Prec@1 0.000 (0.000)	Prec@5 0.000 (0.000)
Overall Acc: 	 0.844480372186917
Mean Acc : 	 0.5
FreqW Acc : 	 0.7131470990089538
Mean IoU : 	 0.4222401860934585
* Test:	Time 0.092 (0.129)	Loss 0.0697 (0.0984)	
learning rate = 0.000050
Epoch: [7][0/67]	Time 0.129 (0.341)	Data 0.024 (0.025)	Loss 0.0484 (0.1627)	
Epoch: [7][10/67]	Time 0.324 (0.341)	Data 0.025 (0.025)	Loss 0.1192 (0.1611)	
Epoch: [7][20/67]	Time 0.328 (0.341)	Data 0.024 (0.025)	Loss 0.0660 (0.1596)	
Epoch: [7][30/67]	Time 0.332 (0.341)	Data 0.025 (0.025)	Loss 0.0445 (0.1580)	
Epoch: [7][40/67]	Time 0.326 (0.340)	Data 0.025 (0.025)	Loss 0.0766 (0.1566)	
Epoch: [7][50/67]	Time 0.327 (0.340)	Data 0.025 (0.025)	Loss 0.0495 (0.1553)	
Epoch: [7][60/67]	Time 0.331 (0.340)	Data 0.025 (0.025)	Loss 0.0818 (0.1542)	
Test: [0/17]	Time 0.124 (0.124)	Loss 0.0755 (0.0755)	Prec@1 0.000 (0.000)	Prec@5 0.000 (0.000)
Test: [10/17]	Time 0.132 (0.129)	Loss 0.0868 (0.0768)	Prec@1 0.000 (0.000)	Prec@5 0.000 (0.000)
Overall Acc: 	 0.843869337395056
Mean Acc : 	 0.5
FreqW Acc : 	 0.7121154585955708
Mean IoU : 	 0.421934668697528
* Test:	Time 0.094 (0.127)	Loss 0.0650 (0.0810)	
learning rate = 0.000050
Epoch: [8][0/67]	Time 0.126 (0.339)	Data 0.024 (0.025)	Loss 0.0616 (0.1531)	
Epoch: [8][10/67]	Time 0.325 (0.339)	Data 0.024 (0.025)	Loss 0.2038 (0.1519)	
Epoch: [8][20/67]	Time 0.332 (0.339)	Data 0.025 (0.025)	Loss 0.0681 (0.1508)	
Epoch: [8][30/67]	Time 0.326 (0.339)	Data 0.025 (0.025)	Loss 0.0610 (0.1496)	
Epoch: [8][40/67]	Time 0.327 (0.339)	Data 0.025 (0.025)	Loss 0.0479 (0.1484)	
Epoch: [8][50/67]	Time 0.332 (0.339)	Data 0.025 (0.025)	Loss 0.0834 (0.1472)	
Epoch: [8][60/67]	Time 0.327 (0.338)	Data 0.025 (0.025)	Loss 0.0762 (0.1464)	
Test: [0/17]	Time 0.124 (0.124)	Loss 0.1057 (0.1057)	Prec@1 0.000 (0.000)	Prec@5 0.000 (0.000)
Test: [10/17]	Time 0.138 (0.129)	Loss 0.1237 (0.0838)	Prec@1 0.000 (0.000)	Prec@5 0.000 (0.000)
Overall Acc: 	 0.8435815839625117
Mean Acc : 	 0.5
FreqW Acc : 	 0.7116298888007002
Mean IoU : 	 0.42179079198125585
* Test:	Time 0.094 (0.126)	Loss 0.0558 (0.0819)	
learning rate = 0.000050
Epoch: [9][0/67]	Time 0.126 (0.338)	Data 0.024 (0.025)	Loss 0.0401 (0.1454)	
Epoch: [9][10/67]	Time 0.327 (0.338)	Data 0.024 (0.025)	Loss 0.0859 (0.1445)	
Epoch: [9][20/67]	Time 0.326 (0.338)	Data 0.025 (0.025)	Loss 0.2810 (0.1437)	
Epoch: [9][30/67]	Time 0.330 (0.337)	Data 0.025 (0.025)	Loss 0.1655 (0.1428)	
Epoch: [9][40/67]	Time 0.333 (0.337)	Data 0.025 (0.025)	Loss 0.0844 (0.1417)	
Epoch: [9][50/67]	Time 0.328 (0.337)	Data 0.026 (0.025)	Loss 0.0593 (0.1410)	
Epoch: [9][60/67]	Time 0.328 (0.337)	Data 0.025 (0.025)	Loss 0.0866 (0.1402)	
Test: [0/17]	Time 0.124 (0.124)	Loss 0.1031 (0.1031)	Prec@1 0.000 (0.000)	Prec@5 0.000 (0.000)
Test: [10/17]	Time 0.133 (0.128)	Loss 0.0920 (0.0819)	Prec@1 0.000 (0.000)	Prec@5 0.000 (0.000)
Overall Acc: 	 0.8442137988645639
Mean Acc : 	 0.5
FreqW Acc : 	 0.7126969381933385
Mean IoU : 	 0.42210689943228197
* Test:	Time 0.095 (0.127)	Loss 0.1051 (0.0786)	
learning rate = 0.000050
Epoch: [10][0/67]	Time 0.125 (0.337)	Data 0.024 (0.025)	Loss 0.0501 (0.1395)	
Epoch: [10][10/67]	Time 0.331 (0.337)	Data 0.025 (0.025)	Loss 0.0733 (0.1387)	
Epoch: [10][20/67]	Time 0.327 (0.337)	Data 0.024 (0.025)	Loss 0.0621 (0.1376)	
Epoch: [10][30/67]	Time 0.330 (0.336)	Data 0.025 (0.025)	Loss 0.0443 (0.1367)	
Epoch: [10][40/67]	Time 0.331 (0.336)	Data 0.025 (0.025)	Loss 0.0710 (0.1360)	
Epoch: [10][50/67]	Time 0.327 (0.336)	Data 0.024 (0.025)	Loss 0.0882 (0.1353)	
Epoch: [10][60/67]	Time 0.329 (0.336)	Data 0.025 (0.025)	Loss 0.1122 (0.1345)	
Test: [0/17]	Time 0.124 (0.124)	Loss 0.0435 (0.0435)	Prec@1 0.000 (0.000)	Prec@5 0.000 (0.000)
Test: [10/17]	Time 0.132 (0.130)	Loss 0.0800 (0.0788)	Prec@1 0.000 (0.000)	Prec@5 0.000 (0.000)
Overall Acc: 	 0.844504740700793
Mean Acc : 	 0.5
FreqW Acc : 	 0.7131882570661136
Mean IoU : 	 0.4222523703503965
* Test:	Time 0.093 (0.127)	Loss 0.0417 (0.0797)	
learning rate = 0.000050
Epoch: [11][0/67]	Time 0.127 (0.336)	Data 0.024 (0.025)	Loss 0.0750 (0.1340)	
Epoch: [11][10/67]	Time 0.328 (0.336)	Data 0.024 (0.025)	Loss 0.0834 (0.1333)	
Epoch: [11][20/67]	Time 0.328 (0.336)	Data 0.025 (0.025)	Loss 0.1125 (0.1326)	
Epoch: [11][30/67]	Time 0.330 (0.335)	Data 0.024 (0.025)	Loss 0.0831 (0.1320)	
Epoch: [11][40/67]	Time 0.329 (0.335)	Data 0.025 (0.025)	Loss 0.1447 (0.1313)	
Epoch: [11][50/67]	Time 0.323 (0.335)	Data 0.025 (0.025)	Loss 0.0455 (0.1306)	
Epoch: [11][60/67]	Time 0.329 (0.335)	Data 0.025 (0.025)	Loss 0.0881 (0.1299)	
Test: [0/17]	Time 0.125 (0.125)	Loss 0.0554 (0.0554)	Prec@1 0.000 (0.000)	Prec@5 0.000 (0.000)
Test: [10/17]	Time 0.131 (0.129)	Loss 0.0465 (0.0710)	Prec@1 0.000 (0.000)	Prec@5 0.000 (0.000)
Overall Acc: 	 0.8439715940560868
Mean Acc : 	 0.5
FreqW Acc : 	 0.7122880515735721
Mean IoU : 	 0.4219857970280434
* Test:	Time 0.096 (0.126)	Loss 0.1132 (0.0769)	
learning rate = 0.000050
Epoch: [12][0/67]	Time 0.125 (0.335)	Data 0.024 (0.025)	Loss 0.0825 (0.1295)	
Epoch: [12][10/67]	Time 0.329 (0.335)	Data 0.024 (0.025)	Loss 0.0580 (0.1289)	
Epoch: [12][20/67]	Time 0.332 (0.335)	Data 0.024 (0.025)	Loss 0.0717 (0.1284)	
Epoch: [12][30/67]	Time 0.327 (0.335)	Data 0.025 (0.025)	Loss 0.0312 (0.1276)	
Epoch: [12][40/67]	Time 0.331 (0.335)	Data 0.025 (0.025)	Loss 0.0868 (0.1269)	
Epoch: [12][50/67]	Time 0.333 (0.335)	Data 0.025 (0.025)	Loss 0.0467 (0.1263)	
Epoch: [12][60/67]	Time 0.325 (0.334)	Data 0.024 (0.025)	Loss 0.0687 (0.1258)	
Test: [0/17]	Time 0.125 (0.125)	Loss 0.0869 (0.0869)	Prec@1 0.000 (0.000)	Prec@5 0.000 (0.000)
Test: [10/17]	Time 0.132 (0.129)	Loss 0.0572 (0.0763)	Prec@1 0.000 (0.000)	Prec@5 0.000 (0.000)
Overall Acc: 	 0.8442438609564482
Mean Acc : 	 0.5
FreqW Acc : 	 0.7127476967626507
Mean IoU : 	 0.4221219304782241
* Test:	Time 0.094 (0.126)	Loss 0.1304 (0.0756)	
learning rate = 0.000050
Epoch: [13][0/67]	Time 0.126 (0.334)	Data 0.024 (0.025)	Loss 0.0761 (0.1254)	
Epoch: [13][10/67]	Time 0.326 (0.334)	Data 0.025 (0.025)	Loss 0.1095 (0.1249)	
Epoch: [13][20/67]	Time 0.330 (0.334)	Data 0.025 (0.025)	Loss 0.0696 (0.1242)	
Epoch: [13][30/67]	Time 0.326 (0.334)	Data 0.025 (0.025)	Loss 0.0584 (0.1235)	
Epoch: [13][40/67]	Time 0.332 (0.334)	Data 0.025 (0.025)	Loss 0.0596 (0.1228)	
Epoch: [13][50/67]	Time 0.324 (0.334)	Data 0.025 (0.025)	Loss 0.0678 (0.1223)	
Epoch: [13][60/67]	Time 0.328 (0.334)	Data 0.024 (0.025)	Loss 0.1578 (0.1219)	
Test: [0/17]	Time 0.124 (0.124)	Loss 0.0499 (0.0499)	Prec@1 0.000 (0.000)	Prec@5 0.000 (0.000)
Test: [10/17]	Time 0.130 (0.128)	Loss 0.0871 (0.0730)	Prec@1 0.000 (0.000)	Prec@5 0.000 (0.000)
Overall Acc: 	 0.8441617595615671
Mean Acc : 	 0.5
FreqW Acc : 	 0.7126090763060811
Mean IoU : 	 0.42208087978078357
* Test:	Time 0.095 (0.126)	Loss 0.0946 (0.0734)	
learning rate = 0.000050
Epoch: [14][0/67]	Time 0.127 (0.334)	Data 0.024 (0.025)	Loss 0.0402 (0.1214)	
Epoch: [14][10/67]	Time 0.323 (0.334)	Data 0.025 (0.025)	Loss 0.1093 (0.1208)	
Epoch: [14][20/67]	Time 0.329 (0.334)	Data 0.025 (0.025)	Loss 0.0740 (0.1203)	
Epoch: [14][30/67]	Time 0.333 (0.333)	Data 0.024 (0.025)	Loss 0.0460 (0.1198)	
Epoch: [14][40/67]	Time 0.325 (0.333)	Data 0.035 (0.025)	Loss 0.0678 (0.1193)	
Epoch: [14][50/67]	Time 0.324 (0.333)	Data 0.025 (0.025)	Loss 0.0547 (0.1188)	
Epoch: [14][60/67]	Time 0.331 (0.333)	Data 0.025 (0.025)	Loss 0.0457 (0.1185)	
Test: [0/17]	Time 0.126 (0.126)	Loss 0.0440 (0.0440)	Prec@1 0.000 (0.000)	Prec@5 0.000 (0.000)
Test: [10/17]	Time 0.129 (0.131)	Loss 0.0488 (0.0645)	Prec@1 0.000 (0.000)	Prec@5 0.000 (0.000)
Overall Acc: 	 0.8441171219099813
Mean Acc : 	 0.5
FreqW Acc : 	 0.7125337155015903
Mean IoU : 	 0.42205856095499067
* Test:	Time 0.097 (0.128)	Loss 0.0949 (0.0767)	
learning rate = 0.000050
Epoch: [15][0/67]	Time 0.126 (0.333)	Data 0.024 (0.025)	Loss 0.0435 (0.1182)	
Epoch: [15][10/67]	Time 0.324 (0.333)	Data 0.025 (0.025)	Loss 0.0709 (0.1179)	
Epoch: [15][20/67]	Time 0.324 (0.333)	Data 0.035 (0.025)	Loss 0.0652 (0.1172)	
Epoch: [15][30/67]	Time 0.333 (0.333)	Data 0.025 (0.025)	Loss 0.1093 (0.1168)	
Epoch: [15][40/67]	Time 0.331 (0.333)	Data 0.025 (0.025)	Loss 0.0805 (0.1164)	
Epoch: [15][50/67]	Time 0.330 (0.333)	Data 0.025 (0.025)	Loss 0.0690 (0.1159)	
Epoch: [15][60/67]	Time 0.323 (0.333)	Data 0.025 (0.025)	Loss 0.0634 (0.1156)	
Test: [0/17]	Time 0.124 (0.124)	Loss 0.0737 (0.0737)	Prec@1 0.000 (0.000)	Prec@5 0.000 (0.000)
Test: [10/17]	Time 0.129 (0.128)	Loss 0.0841 (0.0820)	Prec@1 0.000 (0.000)	Prec@5 0.000 (0.000)
Overall Acc: 	 0.8437486335412779
Mean Acc : 	 0.5
FreqW Acc : 	 0.7119117566027737
Mean IoU : 	 0.42187431677063897
* Test:	Time 0.092 (0.126)	Loss 0.0835 (0.0792)	
learning rate = 0.000050
Epoch: [16][0/67]	Time 0.126 (0.333)	Data 0.024 (0.025)	Loss 0.0877 (0.1153)	
Epoch: [16][10/67]	Time 0.335 (0.333)	Data 0.035 (0.025)	Loss 0.0824 (0.1150)	
Epoch: [16][20/67]	Time 0.329 (0.333)	Data 0.025 (0.025)	Loss 0.0963 (0.1146)	
Epoch: [16][30/67]	Time 0.327 (0.333)	Data 0.025 (0.025)	Loss 0.0963 (0.1141)	
Epoch: [16][40/67]	Time 0.321 (0.333)	Data 0.025 (0.025)	Loss 0.0684 (0.1137)	
Epoch: [16][50/67]	Time 0.328 (0.332)	Data 0.025 (0.025)	Loss 0.0544 (0.1133)	
Epoch: [16][60/67]	Time 0.331 (0.332)	Data 0.025 (0.025)	Loss 0.0574 (0.1129)	
Test: [0/17]	Time 0.124 (0.124)	Loss 0.1070 (0.1070)	Prec@1 0.000 (0.000)	Prec@5 0.000 (0.000)
Test: [10/17]	Time 0.131 (0.129)	Loss 0.0908 (0.0782)	Prec@1 0.000 (0.000)	Prec@5 0.000 (0.000)
Overall Acc: 	 0.8438565837803171
Mean Acc : 	 0.5
FreqW Acc : 	 0.7120939339893874
Mean IoU : 	 0.42192829189015857
* Test:	Time 0.093 (0.126)	Loss 0.0793 (0.0749)	
learning rate = 0.000050
Epoch: [17][0/67]	Time 0.126 (0.332)	Data 0.024 (0.025)	Loss 0.0590 (0.1127)	
Epoch: [17][10/67]	Time 0.328 (0.332)	Data 0.024 (0.025)	Loss 0.0456 (0.1123)	
Epoch: [17][20/67]	Time 0.331 (0.332)	Data 0.025 (0.025)	Loss 0.1217 (0.1121)	
Epoch: [17][30/67]	Time 0.333 (0.332)	Data 0.025 (0.025)	Loss 0.0731 (0.1118)	
Epoch: [17][40/67]	Time 0.327 (0.332)	Data 0.025 (0.025)	Loss 0.0349 (0.1114)	
Epoch: [17][50/67]	Time 0.327 (0.332)	Data 0.025 (0.025)	Loss 0.0512 (0.1111)	
Epoch: [17][60/67]	Time 0.330 (0.332)	Data 0.025 (0.025)	Loss 0.0931 (0.1107)	
Test: [0/17]	Time 0.123 (0.123)	Loss 0.0692 (0.0692)	Prec@1 0.000 (0.000)	Prec@5 0.000 (0.000)
Test: [10/17]	Time 0.130 (0.129)	Loss 0.0830 (0.0732)	Prec@1 0.000 (0.000)	Prec@5 0.000 (0.000)
Overall Acc: 	 0.8437305279632112
Mean Acc : 	 0.5
FreqW Acc : 	 0.7118812038170792
Mean IoU : 	 0.4218652639816056
* Test:	Time 0.093 (0.127)	Loss 0.0643 (0.0738)	
learning rate = 0.000050
Epoch: [18][0/67]	Time 0.136 (0.332)	Data 0.024 (0.025)	Loss 0.0943 (0.1104)	
Epoch: [18][10/67]	Time 0.329 (0.332)	Data 0.025 (0.025)	Loss 0.0659 (0.1100)	
Epoch: [18][20/67]	Time 0.330 (0.332)	Data 0.025 (0.025)	Loss 0.0392 (0.1096)	
Epoch: [18][30/67]	Time 0.333 (0.332)	Data 0.025 (0.025)	Loss 0.0737 (0.1094)	
Epoch: [18][40/67]	Time 0.329 (0.332)	Data 0.025 (0.025)	Loss 0.0554 (0.1090)	
Epoch: [18][50/67]	Time 0.332 (0.332)	Data 0.025 (0.025)	Loss 0.1131 (0.1087)	
Epoch: [18][60/67]	Time 0.327 (0.332)	Data 0.025 (0.025)	Loss 0.0559 (0.1084)	
Test: [0/17]	Time 0.125 (0.125)	Loss 0.0539 (0.0539)	Prec@1 0.000 (0.000)	Prec@5 0.000 (0.000)
Test: [10/17]	Time 0.129 (0.129)	Loss 0.0558 (0.0691)	Prec@1 0.000 (0.000)	Prec@5 0.000 (0.000)
Overall Acc: 	 0.8439769460194146
Mean Acc : 	 0.5
FreqW Acc : 	 0.7122970854122579
Mean IoU : 	 0.4219884730097073
* Test:	Time 0.096 (0.127)	Loss 0.0547 (0.0691)	
learning rate = 0.000050
Epoch: [19][0/67]	Time 0.127 (0.332)	Data 0.024 (0.025)	Loss 0.0619 (0.1081)	
Epoch: [19][10/67]	Time 0.328 (0.332)	Data 0.025 (0.025)	Loss 0.0632 (0.1078)	
Epoch: [19][20/67]	Time 0.327 (0.332)	Data 0.025 (0.025)	Loss 0.0652 (0.1076)	
Epoch: [19][30/67]	Time 0.325 (0.332)	Data 0.025 (0.025)	Loss 0.0535 (0.1072)	
Epoch: [19][40/67]	Time 0.327 (0.332)	Data 0.024 (0.025)	Loss 0.0679 (0.1070)	
Epoch: [19][50/67]	Time 0.328 (0.332)	Data 0.025 (0.025)	Loss 0.0467 (0.1068)	
Epoch: [19][60/67]	Time 0.328 (0.332)	Data 0.025 (0.025)	Loss 0.0385 (0.1064)	
Test: [0/17]	Time 0.125 (0.125)	Loss 0.0935 (0.0935)	Prec@1 0.000 (0.000)	Prec@5 0.000 (0.000)
Test: [10/17]	Time 0.130 (0.128)	Loss 0.0455 (0.0780)	Prec@1 0.000 (0.000)	Prec@5 0.000 (0.000)
Overall Acc: 	 0.8439302586797458
Mean Acc : 	 0.5
FreqW Acc : 	 0.7122182815152627
Mean IoU : 	 0.4219651293398729
* Test:	Time 0.092 (0.126)	Loss 0.0909 (0.0797)	
learning rate = 0.000050
Epoch: [20][0/67]	Time 0.125 (0.331)	Data 0.024 (0.025)	Loss 0.1170 (0.1063)	
Epoch: [20][10/67]	Time 0.327 (0.331)	Data 0.024 (0.025)	Loss 0.0873 (0.1061)	
Epoch: [20][20/67]	Time 0.323 (0.331)	Data 0.025 (0.025)	Loss 0.0750 (0.1058)	
Epoch: [20][30/67]	Time 0.328 (0.331)	Data 0.025 (0.025)	Loss 0.0470 (0.1054)	
Epoch: [20][40/67]	Time 0.328 (0.331)	Data 0.024 (0.025)	Loss 0.0799 (0.1052)	
Epoch: [20][50/67]	Time 0.329 (0.331)	Data 0.025 (0.025)	Loss 0.0934 (0.1049)	
Epoch: [20][60/67]	Time 0.326 (0.331)	Data 0.025 (0.025)	Loss 0.0445 (0.1047)	
Test: [0/17]	Time 0.125 (0.125)	Loss 0.1019 (0.1019)	Prec@1 0.000 (0.000)	Prec@5 0.000 (0.000)
Test: [10/17]	Time 0.132 (0.129)	Loss 0.1009 (0.0865)	Prec@1 0.000 (0.000)	Prec@5 0.000 (0.000)
Overall Acc: 	 0.8451513034194263
Mean Acc : 	 0.5
FreqW Acc : 	 0.7142807256715552
Mean IoU : 	 0.4225756517097132
* Test:	Time 0.094 (0.128)	Loss 0.0933 (0.0812)	
learning rate = 0.000050
Epoch: [21][0/67]	Time 0.125 (0.331)	Data 0.024 (0.025)	Loss 0.1159 (0.1046)	
Epoch: [21][10/67]	Time 0.333 (0.331)	Data 0.025 (0.025)	Loss 0.0668 (0.1044)	
Epoch: [21][20/67]	Time 0.326 (0.331)	Data 0.025 (0.025)	Loss 0.0448 (0.1041)	
Epoch: [21][30/67]	Time 0.330 (0.331)	Data 0.024 (0.025)	Loss 0.0524 (0.1039)	
Epoch: [21][40/67]	Time 0.329 (0.331)	Data 0.025 (0.025)	Loss 0.0603 (0.1036)	
Epoch: [21][50/67]	Time 0.327 (0.331)	Data 0.025 (0.025)	Loss 0.0631 (0.1033)	
Epoch: [21][60/67]	Time 0.329 (0.331)	Data 0.024 (0.025)	Loss 0.0662 (0.1031)	
Test: [0/17]	Time 0.125 (0.125)	Loss 0.0856 (0.0856)	Prec@1 0.000 (0.000)	Prec@5 0.000 (0.000)
Test: [10/17]	Time 0.129 (0.128)	Loss 0.0531 (0.0712)	Prec@1 0.000 (0.000)	Prec@5 0.000 (0.000)
Overall Acc: 	 0.8445992540957322
Mean Acc : 	 0.5
FreqW Acc : 	 0.7133479000190672
Mean IoU : 	 0.4222996270478661
* Test:	Time 0.096 (0.127)	Loss 0.0650 (0.0679)	
learning rate = 0.000050
Epoch: [22][0/67]	Time 0.130 (0.331)	Data 0.025 (0.025)	Loss 0.0781 (0.1029)	
Epoch: [22][10/67]	Time 0.333 (0.331)	Data 0.025 (0.025)	Loss 0.0531 (0.1027)	
Epoch: [22][20/67]	Time 0.329 (0.331)	Data 0.024 (0.025)	Loss 0.0545 (0.1024)	
Epoch: [22][30/67]	Time 0.334 (0.331)	Data 0.025 (0.025)	Loss 0.1035 (0.1021)	
Epoch: [22][40/67]	Time 0.325 (0.331)	Data 0.025 (0.025)	Loss 0.1352 (0.1020)	
Epoch: [22][50/67]	Time 0.328 (0.331)	Data 0.025 (0.025)	Loss 0.0794 (0.1018)	
Epoch: [22][60/67]	Time 0.333 (0.331)	Data 0.025 (0.025)	Loss 0.0489 (0.1015)	
Test: [0/17]	Time 0.126 (0.126)	Loss 0.0846 (0.0846)	Prec@1 0.000 (0.000)	Prec@5 0.000 (0.000)
Test: [10/17]	Time 0.129 (0.130)	Loss 0.0532 (0.0621)	Prec@1 0.000 (0.000)	Prec@5 0.000 (0.000)
Overall Acc: 	 0.8447273596009212
Mean Acc : 	 0.5
FreqW Acc : 	 0.7135643120583439
Mean IoU : 	 0.4223636798004606
* Test:	Time 0.093 (0.127)	Loss 0.0664 (0.0664)	
learning rate = 0.000050
Epoch: [23][0/67]	Time 0.126 (0.331)	Data 0.024 (0.025)	Loss 0.0649 (0.1013)	
Epoch: [23][10/67]	Time 0.327 (0.331)	Data 0.025 (0.025)	Loss 0.0500 (0.1011)	
Epoch: [23][20/67]	Time 0.324 (0.331)	Data 0.036 (0.025)	Loss 0.0546 (0.1013)	
Epoch: [23][30/67]	Time 0.328 (0.331)	Data 0.025 (0.025)	Loss 0.1185 (0.1011)	
Epoch: [23][40/67]	Time 0.330 (0.331)	Data 0.025 (0.025)	Loss 0.0813 (0.1011)	
Epoch: [23][50/67]	Time 0.329 (0.331)	Data 0.025 (0.025)	Loss 0.1226 (0.1009)	
Epoch: [23][60/67]	Time 0.331 (0.331)	Data 0.025 (0.025)	Loss 0.0968 (0.1007)	
Test: [0/17]	Time 0.123 (0.123)	Loss 0.0848 (0.0848)	Prec@1 0.000 (0.000)	Prec@5 0.000 (0.000)
Test: [10/17]	Time 0.130 (0.128)	Loss 0.0922 (0.0843)	Prec@1 0.000 (0.000)	Prec@5 0.000 (0.000)
Overall Acc: 	 0.8438482711564249
Mean Acc : 	 0.5
FreqW Acc : 	 0.7120799047336872
Mean IoU : 	 0.42192413557821246
* Test:	Time 0.093 (0.126)	Loss 0.0353 (0.0818)	
learning rate = 0.000050
Epoch: [24][0/67]	Time 0.126 (0.331)	Data 0.024 (0.025)	Loss 0.0918 (0.1007)	
Epoch: [24][10/67]	Time 0.331 (0.331)	Data 0.025 (0.025)	Loss 0.0585 (0.1005)	
Epoch: [24][20/67]	Time 0.329 (0.331)	Data 0.024 (0.025)	Loss 0.0482 (0.1003)	
Epoch: [24][30/67]	Time 0.332 (0.331)	Data 0.025 (0.025)	Loss 0.1008 (0.1001)	
Epoch: [24][40/67]	Time 0.328 (0.331)	Data 0.025 (0.025)	Loss 0.0639 (0.1000)	
Epoch: [24][50/67]	Time 0.331 (0.331)	Data 0.025 (0.025)	Loss 0.1060 (0.0997)	
Epoch: [24][60/67]	Time 0.330 (0.331)	Data 0.024 (0.025)	Loss 0.0605 (0.0997)	
Test: [0/17]	Time 0.127 (0.127)	Loss 0.0896 (0.0896)	Prec@1 0.000 (0.000)	Prec@5 0.000 (0.000)
Test: [10/17]	Time 0.131 (0.129)	Loss 0.0650 (0.0667)	Prec@1 0.000 (0.000)	Prec@5 0.000 (0.000)
Overall Acc: 	 0.8433533853559352
Mean Acc : 	 0.5
FreqW Acc : 	 0.7112449325913165
Mean IoU : 	 0.4216766926779676
* Test:	Time 0.096 (0.127)	Loss 0.1051 (0.0704)	
learning rate = 0.000050
Epoch: [25][0/67]	Time 0.128 (0.331)	Data 0.025 (0.025)	Loss 0.0521 (0.0996)	
Epoch: [25][10/67]	Time 0.327 (0.331)	Data 0.025 (0.025)	Loss 0.0847 (0.0994)	
Epoch: [25][20/67]	Time 0.330 (0.331)	Data 0.024 (0.025)	Loss 0.1446 (0.0993)	
Epoch: [25][30/67]	Time 0.323 (0.331)	Data 0.026 (0.025)	Loss 0.0832 (0.0993)	
Epoch: [25][40/67]	Time 0.327 (0.331)	Data 0.025 (0.025)	Loss 0.0571 (0.0991)	
Epoch: [25][50/67]	Time 0.335 (0.331)	Data 0.024 (0.025)	Loss 0.0377 (0.0989)	
Epoch: [25][60/67]	Time 0.325 (0.331)	Data 0.025 (0.025)	Loss 0.0677 (0.0987)	
Test: [0/17]	Time 0.123 (0.123)	Loss 0.1001 (0.1001)	Prec@1 0.000 (0.000)	Prec@5 0.000 (0.000)
Test: [10/17]	Time 0.130 (0.129)	Loss 0.0647 (0.0751)	Prec@1 0.000 (0.000)	Prec@5 0.000 (0.000)
Overall Acc: 	 0.8437764182019589
Mean Acc : 	 0.5
FreqW Acc : 	 0.7119586439137271
Mean IoU : 	 0.42188820910097946
* Test:	Time 0.094 (0.126)	Loss 0.0397 (0.0717)	
learning rate = 0.000050
Epoch: [26][0/67]	Time 0.127 (0.330)	Data 0.024 (0.025)	Loss 0.0507 (0.0985)	
Epoch: [26][10/67]	Time 0.330 (0.330)	Data 0.025 (0.025)	Loss 0.0497 (0.0983)	
Epoch: [26][20/67]	Time 0.331 (0.330)	Data 0.025 (0.025)	Loss 0.0415 (0.0981)	
Epoch: [26][30/67]	Time 0.332 (0.330)	Data 0.035 (0.025)	Loss 0.0795 (0.0979)	
Epoch: [26][40/67]	Time 0.329 (0.330)	Data 0.025 (0.025)	Loss 0.0736 (0.0978)	
Epoch: [26][50/67]	Time 0.329 (0.330)	Data 0.024 (0.025)	Loss 0.0824 (0.0977)	
Epoch: [26][60/67]	Time 0.332 (0.330)	Data 0.024 (0.025)	Loss 0.0740 (0.0975)	
Test: [0/17]	Time 0.126 (0.126)	Loss 0.0845 (0.0845)	Prec@1 0.000 (0.000)	Prec@5 0.000 (0.000)
Test: [10/17]	Time 0.134 (0.129)	Loss 0.0576 (0.0708)	Prec@1 0.000 (0.000)	Prec@5 0.000 (0.000)
Overall Acc: 	 0.8439021324043843
Mean Acc : 	 0.5
FreqW Acc : 	 0.712170809076667
Mean IoU : 	 0.42195106620219214
* Test:	Time 0.094 (0.127)	Loss 0.1385 (0.0725)	
learning rate = 0.000050
Epoch: [27][0/67]	Time 0.127 (0.330)	Data 0.024 (0.025)	Loss 0.0821 (0.0974)	
Epoch: [27][10/67]	Time 0.329 (0.330)	Data 0.025 (0.025)	Loss 0.1160 (0.0972)	
Epoch: [27][20/67]	Time 0.324 (0.330)	Data 0.024 (0.025)	Loss 0.0612 (0.0971)	
Epoch: [27][30/67]	Time 0.322 (0.330)	Data 0.024 (0.025)	Loss 0.0427 (0.0968)	
Epoch: [27][40/67]	Time 0.328 (0.330)	Data 0.024 (0.025)	Loss 0.0496 (0.0967)	
Epoch: [27][50/67]	Time 0.331 (0.330)	Data 0.025 (0.025)	Loss 0.0549 (0.0966)	
Epoch: [27][60/67]	Time 0.328 (0.330)	Data 0.025 (0.025)	Loss 0.0383 (0.0965)	
Test: [0/17]	Time 0.135 (0.135)	Loss 0.0587 (0.0587)	Prec@1 0.000 (0.000)	Prec@5 0.000 (0.000)
Test: [10/17]	Time 0.140 (0.132)	Loss 0.1304 (0.0738)	Prec@1 0.000 (0.000)	Prec@5 0.000 (0.000)
Overall Acc: 	 0.8437362215412196
Mean Acc : 	 0.5
FreqW Acc : 	 0.711890811540654
Mean IoU : 	 0.4218681107706098
* Test:	Time 0.094 (0.128)	Loss 0.0383 (0.0729)	
learning rate = 0.000050
Epoch: [28][0/67]	Time 0.129 (0.330)	Data 0.024 (0.025)	Loss 0.0590 (0.0964)	
Epoch: [28][10/67]	Time 0.328 (0.330)	Data 0.025 (0.025)	Loss 0.0481 (0.0962)	
Epoch: [28][20/67]	Time 0.324 (0.330)	Data 0.025 (0.025)	Loss 0.0595 (0.0961)	
Epoch: [28][30/67]	Time 0.332 (0.330)	Data 0.025 (0.025)	Loss 0.0403 (0.0958)	
Epoch: [28][40/67]	Time 0.329 (0.330)	Data 0.024 (0.025)	Loss 0.0697 (0.0957)	
Epoch: [28][50/67]	Time 0.325 (0.330)	Data 0.024 (0.025)	Loss 0.0772 (0.0956)	
Epoch: [28][60/67]	Time 0.332 (0.330)	Data 0.024 (0.025)	Loss 0.1116 (0.0954)	
Test: [0/17]	Time 0.125 (0.125)	Loss 0.0484 (0.0484)	Prec@1 0.000 (0.000)	Prec@5 0.000 (0.000)
Test: [10/17]	Time 0.128 (0.129)	Loss 0.0839 (0.0661)	Prec@1 0.000 (0.000)	Prec@5 0.000 (0.000)
Overall Acc: 	 0.8442200618003731
Mean Acc : 	 0.5
FreqW Acc : 	 0.7127075127462258
Mean IoU : 	 0.42211003090018656
* Test:	Time 0.094 (0.127)	Loss 0.0894 (0.0729)	
learning rate = 0.000050
Epoch: [29][0/67]	Time 0.127 (0.330)	Data 0.024 (0.025)	Loss 0.0707 (0.0953)	
Epoch: [29][10/67]	Time 0.333 (0.330)	Data 0.025 (0.025)	Loss 0.0559 (0.0952)	
Epoch: [29][20/67]	Time 0.327 (0.330)	Data 0.024 (0.025)	Loss 0.0618 (0.0951)	
Epoch: [29][30/67]	Time 0.323 (0.330)	Data 0.024 (0.025)	Loss 0.0904 (0.0950)	
Epoch: [29][40/67]	Time 0.324 (0.330)	Data 0.025 (0.025)	Loss 0.1083 (0.0949)	
Epoch: [29][50/67]	Time 0.328 (0.330)	Data 0.025 (0.025)	Loss 0.0455 (0.0947)	
Epoch: [29][60/67]	Time 0.328 (0.330)	Data 0.024 (0.025)	Loss 0.0768 (0.0945)	
Test: [0/17]	Time 0.125 (0.125)	Loss 0.0844 (0.0844)	Prec@1 0.000 (0.000)	Prec@5 0.000 (0.000)
Test: [10/17]	Time 0.129 (0.128)	Loss 0.0660 (0.0676)	Prec@1 0.000 (0.000)	Prec@5 0.000 (0.000)
Overall Acc: 	 0.84431286712191
Mean Acc : 	 0.5
FreqW Acc : 	 0.7128642175876201
Mean IoU : 	 0.422156433560955
* Test:	Time 0.094 (0.126)	Loss 0.0506 (0.0713)	
learning rate = 0.000050
Epoch: [30][0/67]	Time 0.125 (0.330)	Data 0.024 (0.025)	Loss 0.0827 (0.0945)	
Epoch: [30][10/67]	Time 0.325 (0.330)	Data 0.024 (0.025)	Loss 0.0979 (0.0944)	
Epoch: [30][20/67]	Time 0.329 (0.330)	Data 0.025 (0.025)	Loss 0.0561 (0.0942)	
Epoch: [30][30/67]	Time 0.330 (0.330)	Data 0.025 (0.025)	Loss 0.0284 (0.0941)	
Epoch: [30][40/67]	Time 0.327 (0.330)	Data 0.025 (0.025)	Loss 0.0635 (0.0939)	
Epoch: [30][50/67]	Time 0.333 (0.330)	Data 0.028 (0.025)	Loss 0.0840 (0.0938)	
Epoch: [30][60/67]	Time 0.330 (0.330)	Data 0.024 (0.025)	Loss 0.0526 (0.0936)	
Test: [0/17]	Time 0.126 (0.126)	Loss 0.1101 (0.1101)	Prec@1 0.000 (0.000)	Prec@5 0.000 (0.000)
Test: [10/17]	Time 0.128 (0.130)	Loss 0.0584 (0.0741)	Prec@1 0.000 (0.000)	Prec@5 0.000 (0.000)
Overall Acc: 	 0.8446389952702309
Mean Acc : 	 0.5
FreqW Acc : 	 0.7134150323311051
Mean IoU : 	 0.42231949763511545
* Test:	Time 0.095 (0.127)	Loss 0.0761 (0.0678)	
learning rate = 0.000050
Epoch: [31][0/67]	Time 0.126 (0.330)	Data 0.024 (0.025)	Loss 0.0728 (0.0936)	
Epoch: [31][10/67]	Time 0.331 (0.330)	Data 0.025 (0.025)	Loss 0.0363 (0.0934)	
Epoch: [31][20/67]	Time 0.329 (0.330)	Data 0.024 (0.025)	Loss 0.0757 (0.0932)	
Epoch: [31][30/67]	Time 0.329 (0.330)	Data 0.025 (0.025)	Loss 0.0529 (0.0931)	
Epoch: [31][40/67]	Time 0.333 (0.330)	Data 0.024 (0.025)	Loss 0.0395 (0.0930)	
Epoch: [31][50/67]	Time 0.328 (0.330)	Data 0.024 (0.025)	Loss 0.0658 (0.0928)	
Epoch: [31][60/67]	Time 0.333 (0.330)	Data 0.025 (0.025)	Loss 0.0569 (0.0927)	
Test: [0/17]	Time 0.124 (0.124)	Loss 0.0454 (0.0454)	Prec@1 0.000 (0.000)	Prec@5 0.000 (0.000)
Test: [10/17]	Time 0.133 (0.129)	Loss 0.0476 (0.0795)	Prec@1 0.000 (0.000)	Prec@5 0.000 (0.000)
Overall Acc: 	 0.8438892649180854
Mean Acc : 	 0.5
FreqW Acc : 	 0.7121490914439864
Mean IoU : 	 0.4219446324590427
* Test:	Time 0.095 (0.126)	Loss 0.0809 (0.0763)	
learning rate = 0.000050
Epoch: [32][0/67]	Time 0.126 (0.330)	Data 0.025 (0.025)	Loss 0.0549 (0.0926)	
Epoch: [32][10/67]	Time 0.325 (0.330)	Data 0.024 (0.025)	Loss 0.0606 (0.0925)	
Epoch: [32][20/67]	Time 0.328 (0.330)	Data 0.025 (0.025)	Loss 0.0766 (0.0924)	
Epoch: [32][30/67]	Time 0.331 (0.330)	Data 0.025 (0.025)	Loss 0.1187 (0.0923)	
Epoch: [32][40/67]	Time 0.331 (0.330)	Data 0.025 (0.025)	Loss 0.0479 (0.0922)	
Epoch: [32][50/67]	Time 0.325 (0.330)	Data 0.025 (0.025)	Loss 0.0516 (0.0921)	
Epoch: [32][60/67]	Time 0.329 (0.330)	Data 0.025 (0.025)	Loss 0.0460 (0.0919)	
Test: [0/17]	Time 0.124 (0.124)	Loss 0.0849 (0.0849)	Prec@1 0.000 (0.000)	Prec@5 0.000 (0.000)
Test: [10/17]	Time 0.130 (0.128)	Loss 0.0628 (0.0765)	Prec@1 0.000 (0.000)	Prec@5 0.000 (0.000)
Overall Acc: 	 0.8445828565910681
Mean Acc : 	 0.5
FreqW Acc : 	 0.7133202016475287
Mean IoU : 	 0.42229142829553407
* Test:	Time 0.093 (0.126)	Loss 0.0436 (0.0686)	
learning rate = 0.000050
Epoch: [33][0/67]	Time 0.127 (0.329)	Data 0.024 (0.025)	Loss 0.0569 (0.0918)	
Epoch: [33][10/67]	Time 0.331 (0.329)	Data 0.025 (0.025)	Loss 0.0708 (0.0917)	
Epoch: [33][20/67]	Time 0.330 (0.329)	Data 0.024 (0.025)	Loss 0.0467 (0.0915)	
Epoch: [33][30/67]	Time 0.334 (0.329)	Data 0.025 (0.025)	Loss 0.0784 (0.0915)	
Epoch: [33][40/67]	Time 0.325 (0.329)	Data 0.025 (0.025)	Loss 0.0476 (0.0914)	
Epoch: [33][50/67]	Time 0.323 (0.329)	Data 0.025 (0.025)	Loss 0.0307 (0.0913)	
Epoch: [33][60/67]	Time 0.332 (0.329)	Data 0.025 (0.025)	Loss 0.0494 (0.0911)	
Test: [0/17]	Time 0.127 (0.127)	Loss 0.0602 (0.0602)	Prec@1 0.000 (0.000)	Prec@5 0.000 (0.000)
Test: [10/17]	Time 0.128 (0.128)	Loss 0.0992 (0.0684)	Prec@1 0.000 (0.000)	Prec@5 0.000 (0.000)
Overall Acc: 	 0.8438919978355294
Mean Acc : 	 0.5
FreqW Acc : 	 0.7121537040108411
Mean IoU : 	 0.4219459989177647
* Test:	Time 0.096 (0.126)	Loss 0.0906 (0.0668)	
learning rate = 0.000050
Epoch: [34][0/67]	Time 0.127 (0.329)	Data 0.024 (0.025)	Loss 0.0405 (0.0911)	
Epoch: [34][10/67]	Time 0.330 (0.329)	Data 0.025 (0.025)	Loss 0.0667 (0.0909)	
Epoch: [34][20/67]	Time 0.329 (0.329)	Data 0.025 (0.025)	Loss 0.0618 (0.0908)	
Epoch: [34][30/67]	Time 0.330 (0.329)	Data 0.025 (0.025)	Loss 0.0889 (0.0907)	
Epoch: [34][40/67]	Time 0.330 (0.329)	Data 0.025 (0.025)	Loss 0.0827 (0.0906)	
Epoch: [34][50/67]	Time 0.327 (0.329)	Data 0.025 (0.025)	Loss 0.0856 (0.0905)	
Epoch: [34][60/67]	Time 0.328 (0.329)	Data 0.024 (0.025)	Loss 0.0649 (0.0904)	
Test: [0/17]	Time 0.124 (0.124)	Loss 0.0521 (0.0521)	Prec@1 0.000 (0.000)	Prec@5 0.000 (0.000)
Test: [10/17]	Time 0.147 (0.130)	Loss 0.0616 (0.0748)	Prec@1 0.000 (0.000)	Prec@5 0.000 (0.000)
Overall Acc: 	 0.8434824018336055
Mean Acc : 	 0.5
FreqW Acc : 	 0.7114625622029879
Mean IoU : 	 0.4217412009168027
* Test:	Time 0.093 (0.127)	Loss 0.0693 (0.0747)	
learning rate = 0.000050
Epoch: [35][0/67]	Time 0.125 (0.329)	Data 0.024 (0.025)	Loss 0.0645 (0.0903)	
Epoch: [35][10/67]	Time 0.329 (0.329)	Data 0.025 (0.025)	Loss 0.0526 (0.0902)	
Epoch: [35][20/67]	Time 0.326 (0.329)	Data 0.025 (0.025)	Loss 0.1131 (0.0902)	
Epoch: [35][30/67]	Time 0.327 (0.329)	Data 0.025 (0.025)	Loss 0.1002 (0.0902)	
Epoch: [35][40/67]	Time 0.327 (0.329)	Data 0.025 (0.025)	Loss 0.0468 (0.0901)	
Epoch: [35][50/67]	Time 0.330 (0.329)	Data 0.025 (0.025)	Loss 0.0510 (0.0900)	
Epoch: [35][60/67]	Time 0.330 (0.329)	Data 0.024 (0.025)	Loss 0.0717 (0.0899)	
Test: [0/17]	Time 0.123 (0.123)	Loss 0.0740 (0.0740)	Prec@1 0.000 (0.000)	Prec@5 0.000 (0.000)
Test: [10/17]	Time 0.129 (0.130)	Loss 0.0687 (0.0715)	Prec@1 0.000 (0.000)	Prec@5 0.000 (0.000)
Overall Acc: 	 0.843680196733617
Mean Acc : 	 0.5
FreqW Acc : 	 0.7117962743604748
Mean IoU : 	 0.4218400983668085
* Test:	Time 0.093 (0.127)	Loss 0.0570 (0.0702)	
learning rate = 0.000050
Epoch: [36][0/67]	Time 0.128 (0.329)	Data 0.024 (0.025)	Loss 0.1066 (0.0898)	
Epoch: [36][10/67]	Time 0.330 (0.329)	Data 0.024 (0.025)	Loss 0.0648 (0.0897)	
Epoch: [36][20/67]	Time 0.331 (0.329)	Data 0.024 (0.025)	Loss 0.0632 (0.0896)	
Epoch: [36][30/67]	Time 0.330 (0.329)	Data 0.024 (0.025)	Loss 0.0466 (0.0895)	
Epoch: [36][40/67]	Time 0.325 (0.329)	Data 0.025 (0.025)	Loss 0.0709 (0.0895)	
Epoch: [36][50/67]	Time 0.325 (0.329)	Data 0.025 (0.025)	Loss 0.0772 (0.0894)	
Epoch: [36][60/67]	Time 0.327 (0.329)	Data 0.025 (0.025)	Loss 0.0685 (0.0892)	
Test: [0/17]	Time 0.126 (0.126)	Loss 0.1279 (0.1279)	Prec@1 0.000 (0.000)	Prec@5 0.000 (0.000)
Test: [10/17]	Time 0.128 (0.128)	Loss 0.0866 (0.0715)	Prec@1 0.000 (0.000)	Prec@5 0.000 (0.000)
Overall Acc: 	 0.8445850201507112
Mean Acc : 	 0.5
FreqW Acc : 	 0.7133238562629773
Mean IoU : 	 0.4222925100753556
* Test:	Time 0.094 (0.126)	Loss 0.0538 (0.0718)	
learning rate = 0.000050
Epoch: [37][0/67]	Time 0.124 (0.329)	Data 0.024 (0.025)	Loss 0.0908 (0.0892)	
Epoch: [37][10/67]	Time 0.329 (0.329)	Data 0.025 (0.025)	Loss 0.0701 (0.0891)	
Epoch: [37][20/67]	Time 0.335 (0.329)	Data 0.025 (0.025)	Loss 0.0541 (0.0890)	
Epoch: [37][30/67]	Time 0.332 (0.329)	Data 0.025 (0.025)	Loss 0.0524 (0.0889)	
Epoch: [37][40/67]	Time 0.330 (0.329)	Data 0.024 (0.025)	Loss 0.0693 (0.0888)	
Epoch: [37][50/67]	Time 0.326 (0.329)	Data 0.024 (0.025)	Loss 0.0836 (0.0887)	
Epoch: [37][60/67]	Time 0.332 (0.329)	Data 0.025 (0.025)	Loss 0.0852 (0.0886)	
Test: [0/17]	Time 0.124 (0.124)	Loss 0.0593 (0.0593)	Prec@1 0.000 (0.000)	Prec@5 0.000 (0.000)
Test: [10/17]	Time 0.130 (0.129)	Loss 0.0331 (0.0684)	Prec@1 0.000 (0.000)	Prec@5 0.000 (0.000)
Overall Acc: 	 0.8445201133614155
Mean Acc : 	 0.5
FreqW Acc : 	 0.7132142218719781
Mean IoU : 	 0.42226005668070776
* Test:	Time 0.094 (0.126)	Loss 0.0812 (0.0668)	
learning rate = 0.000050
Epoch: [38][0/67]	Time 0.126 (0.329)	Data 0.024 (0.025)	Loss 0.0638 (0.0885)	
Epoch: [38][10/67]	Time 0.329 (0.329)	Data 0.024 (0.025)	Loss 0.0638 (0.0884)	
Epoch: [38][20/67]	Time 0.326 (0.329)	Data 0.024 (0.025)	Loss 0.0965 (0.0884)	
Epoch: [38][30/67]	Time 0.325 (0.329)	Data 0.024 (0.025)	Loss 0.0436 (0.0882)	
Epoch: [38][40/67]	Time 0.330 (0.329)	Data 0.024 (0.025)	Loss 0.0508 (0.0881)	
Epoch: [38][50/67]	Time 0.329 (0.329)	Data 0.025 (0.025)	Loss 0.0498 (0.0880)	
Epoch: [38][60/67]	Time 0.332 (0.329)	Data 0.024 (0.025)	Loss 0.0473 (0.0879)	
Test: [0/17]	Time 0.125 (0.125)	Loss 0.0448 (0.0448)	Prec@1 0.000 (0.000)	Prec@5 0.000 (0.000)
Test: [10/17]	Time 0.130 (0.129)	Loss 0.0325 (0.0634)	Prec@1 0.000 (0.000)	Prec@5 0.000 (0.000)
Overall Acc: 	 0.8436284990453008
Mean Acc : 	 0.5
FreqW Acc : 	 0.7117090444014271
Mean IoU : 	 0.4218142495226504
* Test:	Time 0.093 (0.126)	Loss 0.0773 (0.0664)	
learning rate = 0.000050
Epoch: [39][0/67]	Time 0.127 (0.329)	Data 0.024 (0.025)	Loss 0.0334 (0.0878)	
Epoch: [39][10/67]	Time 0.328 (0.329)	Data 0.024 (0.025)	Loss 0.0458 (0.0877)	
Epoch: [39][20/67]	Time 0.330 (0.329)	Data 0.024 (0.025)	Loss 0.0733 (0.0877)	
Epoch: [39][30/67]	Time 0.329 (0.329)	Data 0.024 (0.025)	Loss 0.0780 (0.0876)	
Epoch: [39][40/67]	Time 0.331 (0.329)	Data 0.024 (0.025)	Loss 0.0687 (0.0875)	
Epoch: [39][50/67]	Time 0.333 (0.329)	Data 0.024 (0.025)	Loss 0.0514 (0.0874)	
Epoch: [39][60/67]	Time 0.328 (0.329)	Data 0.024 (0.025)	Loss 0.0686 (0.0873)	
Test: [0/17]	Time 0.125 (0.125)	Loss 0.0529 (0.0529)	Prec@1 0.000 (0.000)	Prec@5 0.000 (0.000)
Test: [10/17]	Time 0.127 (0.128)	Loss 0.0693 (0.0681)	Prec@1 0.000 (0.000)	Prec@5 0.000 (0.000)
Overall Acc: 	 0.8437693581652286
Mean Acc : 	 0.5
FreqW Acc : 	 0.7119467297785618
Mean IoU : 	 0.4218846790826143
* Test:	Time 0.096 (0.126)	Loss 0.0335 (0.0681)	
learning rate = 0.000050
Epoch: [40][0/67]	Time 0.125 (0.329)	Data 0.025 (0.025)	Loss 0.0402 (0.0872)	
Epoch: [40][10/67]	Time 0.331 (0.329)	Data 0.024 (0.025)	Loss 0.1071 (0.0871)	
Epoch: [40][20/67]	Time 0.326 (0.329)	Data 0.024 (0.025)	Loss 0.0566 (0.0870)	
Epoch: [40][30/67]	Time 0.331 (0.329)	Data 0.024 (0.025)	Loss 0.0856 (0.0869)	
Epoch: [40][40/67]	Time 0.330 (0.329)	Data 0.024 (0.025)	Loss 0.0489 (0.0868)	
Epoch: [40][50/67]	Time 0.325 (0.329)	Data 0.024 (0.025)	Loss 0.0512 (0.0868)	
Epoch: [40][60/67]	Time 0.325 (0.329)	Data 0.024 (0.025)	Loss 0.0732 (0.0867)	
Test: [0/17]	Time 0.124 (0.124)	Loss 0.0660 (0.0660)	Prec@1 0.000 (0.000)	Prec@5 0.000 (0.000)
Test: [10/17]	Time 0.136 (0.129)	Loss 0.0362 (0.0734)	Prec@1 0.000 (0.000)	Prec@5 0.000 (0.000)
Overall Acc: 	 0.8439517804046175
Mean Acc : 	 0.5
FreqW Acc : 	 0.7122546076481236
Mean IoU : 	 0.42197589020230875
* Test:	Time 0.092 (0.126)	Loss 0.0638 (0.0684)	
learning rate = 0.000050
Epoch: [41][0/67]	Time 0.126 (0.329)	Data 0.024 (0.025)	Loss 0.0299 (0.0866)	
Epoch: [41][10/67]	Time 0.326 (0.329)	Data 0.025 (0.025)	Loss 0.0704 (0.0866)	
Epoch: [41][20/67]	Time 0.329 (0.329)	Data 0.024 (0.025)	Loss 0.0593 (0.0865)	
Epoch: [41][30/67]	Time 0.330 (0.329)	Data 0.024 (0.025)	Loss 0.1027 (0.0865)	
Epoch: [41][40/67]	Time 0.324 (0.329)	Data 0.025 (0.025)	Loss 0.0473 (0.0863)	
Epoch: [41][50/67]	Time 0.330 (0.329)	Data 0.024 (0.025)	Loss 0.0615 (0.0862)	
Epoch: [41][60/67]	Time 0.332 (0.329)	Data 0.024 (0.025)	Loss 0.0784 (0.0861)	
Test: [0/17]	Time 0.125 (0.125)	Loss 0.0656 (0.0656)	Prec@1 0.000 (0.000)	Prec@5 0.000 (0.000)
Test: [10/17]	Time 0.130 (0.128)	Loss 0.0841 (0.0721)	Prec@1 0.000 (0.000)	Prec@5 0.000 (0.000)
Overall Acc: 	 0.8438812939088736
Mean Acc : 	 0.5
FreqW Acc : 	 0.7121356382093147
Mean IoU : 	 0.4219406469544368
* Test:	Time 0.095 (0.126)	Loss 0.0547 (0.0698)	
learning rate = 0.000050
Epoch: [42][0/67]	Time 0.128 (0.329)	Data 0.025 (0.025)	Loss 0.0540 (0.0861)	
Epoch: [42][10/67]	Time 0.328 (0.329)	Data 0.024 (0.025)	Loss 0.0971 (0.0860)	
Epoch: [42][20/67]	Time 0.328 (0.329)	Data 0.024 (0.025)	Loss 0.0266 (0.0859)	
Epoch: [42][30/67]	Time 0.327 (0.329)	Data 0.024 (0.025)	Loss 0.0280 (0.0858)	
Epoch: [42][40/67]	Time 0.331 (0.329)	Data 0.024 (0.025)	Loss 0.0665 (0.0857)	
Epoch: [42][50/67]	Time 0.326 (0.329)	Data 0.024 (0.025)	Loss 0.0709 (0.0856)	
Epoch: [42][60/67]	Time 0.331 (0.329)	Data 0.024 (0.025)	Loss 0.0412 (0.0856)	
Test: [0/17]	Time 0.123 (0.123)	Loss 0.1374 (0.1374)	Prec@1 0.000 (0.000)	Prec@5 0.000 (0.000)
Test: [10/17]	Time 0.141 (0.129)	Loss 0.0470 (0.0715)	Prec@1 0.000 (0.000)	Prec@5 0.000 (0.000)
Overall Acc: 	 0.8447108482246968
Mean Acc : 	 0.5
FreqW Acc : 	 0.7135364171084867
Mean IoU : 	 0.4223554241123484
* Test:	Time 0.095 (0.126)	Loss 0.0719 (0.0707)	
learning rate = 0.000050
Epoch: [43][0/67]	Time 0.127 (0.329)	Data 0.024 (0.025)	Loss 0.0620 (0.0856)	
Epoch: [43][10/67]	Time 0.331 (0.329)	Data 0.024 (0.025)	Loss 0.0607 (0.0855)	
Epoch: [43][20/67]	Time 0.326 (0.329)	Data 0.024 (0.025)	Loss 0.0402 (0.0854)	
Epoch: [43][30/67]	Time 0.328 (0.329)	Data 0.025 (0.025)	Loss 0.0367 (0.0853)	
Epoch: [43][40/67]	Time 0.325 (0.329)	Data 0.024 (0.025)	Loss 0.0745 (0.0852)	
Epoch: [43][50/67]	Time 0.329 (0.329)	Data 0.025 (0.025)	Loss 0.0740 (0.0852)	
Epoch: [43][60/67]	Time 0.326 (0.329)	Data 0.024 (0.025)	Loss 0.0362 (0.0851)	
Test: [0/17]	Time 0.125 (0.125)	Loss 0.0466 (0.0466)	Prec@1 0.000 (0.000)	Prec@5 0.000 (0.000)
Test: [10/17]	Time 0.130 (0.130)	Loss 0.0709 (0.0658)	Prec@1 0.000 (0.000)	Prec@5 0.000 (0.000)
Overall Acc: 	 0.8442119769196013
Mean Acc : 	 0.5
FreqW Acc : 	 0.7126938619745014
Mean IoU : 	 0.42210598845980063
* Test:	Time 0.094 (0.127)	Loss 0.0240 (0.0647)	
learning rate = 0.000050
Epoch: [44][0/67]	Time 0.124 (0.329)	Data 0.024 (0.025)	Loss 0.0414 (0.0850)	
Epoch: [44][10/67]	Time 0.325 (0.329)	Data 0.024 (0.025)	Loss 0.0442 (0.0849)	
Epoch: [44][20/67]	Time 0.325 (0.329)	Data 0.024 (0.025)	Loss 0.1105 (0.0849)	
Epoch: [44][30/67]	Time 0.329 (0.329)	Data 0.024 (0.025)	Loss 0.0501 (0.0848)	
Epoch: [44][40/67]	Time 0.328 (0.329)	Data 0.024 (0.025)	Loss 0.1119 (0.0848)	
Epoch: [44][50/67]	Time 0.328 (0.329)	Data 0.024 (0.025)	Loss 0.0383 (0.0847)	
Epoch: [44][60/67]	Time 0.327 (0.329)	Data 0.024 (0.025)	Loss 0.0637 (0.0846)	
Test: [0/17]	Time 0.125 (0.125)	Loss 0.1024 (0.1024)	Prec@1 0.000 (0.000)	Prec@5 0.000 (0.000)
Test: [10/17]	Time 0.130 (0.131)	Loss 0.0347 (0.0714)	Prec@1 0.000 (0.000)	Prec@5 0.000 (0.000)
Overall Acc: 	 0.844279616626341
Mean Acc : 	 0.5
FreqW Acc : 	 0.7128080710507213
Mean IoU : 	 0.4221398083131705
* Test:	Time 0.095 (0.128)	Loss 0.0534 (0.0668)	
learning rate = 0.000050
Epoch: [45][0/67]	Time 0.125 (0.328)	Data 0.024 (0.025)	Loss 0.0616 (0.0845)	
Epoch: [45][10/67]	Time 0.328 (0.328)	Data 0.024 (0.025)	Loss 0.0492 (0.0844)	
Epoch: [45][20/67]	Time 0.329 (0.328)	Data 0.024 (0.025)	Loss 0.0610 (0.0844)	
Epoch: [45][30/67]	Time 0.330 (0.328)	Data 0.025 (0.025)	Loss 0.0672 (0.0843)	
Epoch: [45][40/67]	Time 0.329 (0.328)	Data 0.025 (0.025)	Loss 0.0542 (0.0842)	
Epoch: [45][50/67]	Time 0.331 (0.328)	Data 0.025 (0.025)	Loss 0.0482 (0.0841)	
Epoch: [45][60/67]	Time 0.333 (0.328)	Data 0.025 (0.025)	Loss 0.0282 (0.0841)	
Test: [0/17]	Time 0.124 (0.124)	Loss 0.0709 (0.0709)	Prec@1 0.000 (0.000)	Prec@5 0.000 (0.000)
Test: [10/17]	Time 0.131 (0.128)	Loss 0.0213 (0.0645)	Prec@1 0.000 (0.000)	Prec@5 0.000 (0.000)
Overall Acc: 	 0.8437743685138759
Mean Acc : 	 0.5
FreqW Acc : 	 0.71195518496099
Mean IoU : 	 0.42188718425693794
* Test:	Time 0.096 (0.126)	Loss 0.0402 (0.0675)	
learning rate = 0.000050
Epoch: [46][0/67]	Time 0.127 (0.328)	Data 0.025 (0.025)	Loss 0.0714 (0.0840)	
Epoch: [46][10/67]	Time 0.328 (0.328)	Data 0.024 (0.025)	Loss 0.0563 (0.0840)	
Epoch: [46][20/67]	Time 0.323 (0.328)	Data 0.025 (0.025)	Loss 0.0548 (0.0839)	
Epoch: [46][30/67]	Time 0.330 (0.328)	Data 0.025 (0.025)	Loss 0.0640 (0.0839)	
Epoch: [46][40/67]	Time 0.329 (0.328)	Data 0.024 (0.025)	Loss 0.0350 (0.0838)	
Epoch: [46][50/67]	Time 0.328 (0.328)	Data 0.025 (0.025)	Loss 0.0506 (0.0837)	
Epoch: [46][60/67]	Time 0.328 (0.328)	Data 0.025 (0.025)	Loss 0.0532 (0.0837)	
Test: [0/17]	Time 0.124 (0.124)	Loss 0.0856 (0.0856)	Prec@1 0.000 (0.000)	Prec@5 0.000 (0.000)
Test: [10/17]	Time 0.149 (0.131)	Loss 0.0668 (0.0759)	Prec@1 0.000 (0.000)	Prec@5 0.000 (0.000)
Overall Acc: 	 0.8443876807369403
Mean Acc : 	 0.5
FreqW Acc : 	 0.712990555380309
Mean IoU : 	 0.42219384036847013
* Test:	Time 0.095 (0.129)	Loss 0.1192 (0.0715)	
learning rate = 0.000050
Epoch: [47][0/67]	Time 0.127 (0.328)	Data 0.024 (0.025)	Loss 0.0374 (0.0836)	
Epoch: [47][10/67]	Time 0.327 (0.328)	Data 0.025 (0.025)	Loss 0.1121 (0.0836)	
Epoch: [47][20/67]	Time 0.335 (0.328)	Data 0.025 (0.025)	Loss 0.0611 (0.0836)	
Epoch: [47][30/67]	Time 0.327 (0.328)	Data 0.025 (0.025)	Loss 0.0633 (0.0836)	
Epoch: [47][40/67]	Time 0.332 (0.328)	Data 0.025 (0.025)	Loss 0.0482 (0.0835)	
Epoch: [47][50/67]	Time 0.328 (0.328)	Data 0.025 (0.025)	Loss 0.0927 (0.0834)	
Epoch: [47][60/67]	Time 0.329 (0.328)	Data 0.025 (0.025)	Loss 0.0370 (0.0833)	
Test: [0/17]	Time 0.127 (0.127)	Loss 0.1048 (0.1048)	Prec@1 0.000 (0.000)	Prec@5 0.000 (0.000)
Test: [10/17]	Time 0.129 (0.128)	Loss 0.0694 (0.0670)	Prec@1 0.000 (0.000)	Prec@5 0.000 (0.000)
Overall Acc: 	 0.8440263662765275
Mean Acc : 	 0.5
FreqW Acc : 	 0.7123805069699589
Mean IoU : 	 0.42201318313826375
* Test:	Time 0.094 (0.127)	Loss 0.0509 (0.0655)	
learning rate = 0.000050
Epoch: [48][0/67]	Time 0.125 (0.328)	Data 0.024 (0.025)	Loss 0.0579 (0.0833)	
Epoch: [48][10/67]	Time 0.328 (0.328)	Data 0.025 (0.025)	Loss 0.0592 (0.0832)	
Epoch: [48][20/67]	Time 0.334 (0.328)	Data 0.025 (0.025)	Loss 0.0882 (0.0832)	
Epoch: [48][30/67]	Time 0.328 (0.328)	Data 0.025 (0.025)	Loss 0.0259 (0.0831)	
Epoch: [48][40/67]	Time 0.330 (0.328)	Data 0.025 (0.025)	Loss 0.0794 (0.0830)	
Epoch: [48][50/67]	Time 0.328 (0.328)	Data 0.025 (0.025)	Loss 0.0669 (0.0829)	
Epoch: [48][60/67]	Time 0.328 (0.328)	Data 0.025 (0.025)	Loss 0.0691 (0.0828)	
Test: [0/17]	Time 0.125 (0.125)	Loss 0.0566 (0.0566)	Prec@1 0.000 (0.000)	Prec@5 0.000 (0.000)
Test: [10/17]	Time 0.129 (0.128)	Loss 0.0488 (0.0620)	Prec@1 0.000 (0.000)	Prec@5 0.000 (0.000)
Overall Acc: 	 0.844368436443272
Mean Acc : 	 0.5
FreqW Acc : 	 0.7129580564616558
Mean IoU : 	 0.422184218221636
* Test:	Time 0.093 (0.126)	Loss 0.0699 (0.0640)	
learning rate = 0.000050
Epoch: [49][0/67]	Time 0.129 (0.328)	Data 0.024 (0.025)	Loss 0.0748 (0.0828)	
Epoch: [49][10/67]	Time 0.327 (0.328)	Data 0.025 (0.025)	Loss 0.0228 (0.0827)	
Epoch: [49][20/67]	Time 0.331 (0.328)	Data 0.025 (0.025)	Loss 0.0585 (0.0826)	
Epoch: [49][30/67]	Time 0.327 (0.328)	Data 0.024 (0.025)	Loss 0.0662 (0.0825)	
Epoch: [49][40/67]	Time 0.327 (0.328)	Data 0.025 (0.025)	Loss 0.0598 (0.0825)	
Epoch: [49][50/67]	Time 0.325 (0.328)	Data 0.025 (0.025)	Loss 0.0795 (0.0824)	
Epoch: [49][60/67]	Time 0.326 (0.328)	Data 0.025 (0.025)	Loss 0.0302 (0.0824)	
Test: [0/17]	Time 0.126 (0.126)	Loss 0.0279 (0.0279)	Prec@1 0.000 (0.000)	Prec@5 0.000 (0.000)
Test: [10/17]	Time 0.132 (0.128)	Loss 0.0541 (0.0655)	Prec@1 0.000 (0.000)	Prec@5 0.000 (0.000)
Overall Acc: 	 0.843960890129431
Mean Acc : 	 0.5
FreqW Acc : 	 0.7122699840680615
Mean IoU : 	 0.4219804450647155
* Test:	Time 0.095 (0.126)	Loss 0.0665 (0.0687)	
learning rate = 0.000050
Epoch: [50][0/67]	Time 0.125 (0.328)	Data 0.025 (0.025)	Loss 0.0534 (0.0823)	
Epoch: [50][10/67]	Time 0.329 (0.328)	Data 0.024 (0.025)	Loss 0.0630 (0.0823)	
Epoch: [50][20/67]	Time 0.329 (0.328)	Data 0.024 (0.025)	Loss 0.0470 (0.0822)	
Epoch: [50][30/67]	Time 0.329 (0.328)	Data 0.025 (0.025)	Loss 0.0579 (0.0821)	
Epoch: [50][40/67]	Time 0.328 (0.328)	Data 0.025 (0.025)	Loss 0.0448 (0.0820)	
Epoch: [50][50/67]	Time 0.329 (0.328)	Data 0.025 (0.025)	Loss 0.1100 (0.0820)	
Epoch: [50][60/67]	Time 0.329 (0.328)	Data 0.024 (0.025)	Loss 0.0526 (0.0820)	
Test: [0/17]	Time 0.125 (0.125)	Loss 0.0708 (0.0708)	Prec@1 0.000 (0.000)	Prec@5 0.000 (0.000)
Test: [10/17]	Time 0.129 (0.128)	Loss 0.0715 (0.0708)	Prec@1 0.000 (0.000)	Prec@5 0.000 (0.000)
Overall Acc: 	 0.8440708900565532
Mean Acc : 	 0.5
FreqW Acc : 	 0.712455667440862
Mean IoU : 	 0.4220354450282766
* Test:	Time 0.096 (0.126)	Loss 0.0661 (0.0697)	
learning rate = 0.000050
Epoch: [51][0/67]	Time 0.128 (0.328)	Data 0.024 (0.025)	Loss 0.0397 (0.0819)	
Epoch: [51][10/67]	Time 0.328 (0.328)	Data 0.025 (0.025)	Loss 0.0861 (0.0819)	
Epoch: [51][20/67]	Time 0.323 (0.328)	Data 0.025 (0.025)	Loss 0.0408 (0.0818)	
Epoch: [51][30/67]	Time 0.331 (0.328)	Data 0.025 (0.025)	Loss 0.0469 (0.0817)	
Epoch: [51][40/67]	Time 0.329 (0.328)	Data 0.025 (0.025)	Loss 0.0468 (0.0817)	
Epoch: [51][50/67]	Time 0.334 (0.328)	Data 0.025 (0.025)	Loss 0.0493 (0.0816)	
Epoch: [51][60/67]	Time 0.330 (0.328)	Data 0.025 (0.025)	Loss 0.0614 (0.0816)	
Test: [0/17]	Time 0.125 (0.125)	Loss 0.1098 (0.1098)	Prec@1 0.000 (0.000)	Prec@5 0.000 (0.000)
Test: [10/17]	Time 0.132 (0.128)	Loss 0.0453 (0.0740)	Prec@1 0.000 (0.000)	Prec@5 0.000 (0.000)
Overall Acc: 	 0.8444517904253148
Mean Acc : 	 0.5
FreqW Acc : 	 0.7130988263525199
Mean IoU : 	 0.4222258952126574
* Test:	Time 0.095 (0.127)	Loss 0.0472 (0.0669)	
learning rate = 0.000050
Epoch: [52][0/67]	Time 0.126 (0.328)	Data 0.024 (0.025)	Loss 0.0536 (0.0816)	
Epoch: [52][10/67]	Time 0.328 (0.328)	Data 0.025 (0.025)	Loss 0.0411 (0.0815)	
Epoch: [52][20/67]	Time 0.331 (0.328)	Data 0.024 (0.025)	Loss 0.0732 (0.0815)	
Epoch: [52][30/67]	Time 0.331 (0.328)	Data 0.025 (0.025)	Loss 0.0545 (0.0814)	
Epoch: [52][40/67]	Time 0.329 (0.328)	Data 0.025 (0.025)	Loss 0.0871 (0.0814)	
Epoch: [52][50/67]	Time 0.324 (0.328)	Data 0.025 (0.025)	Loss 0.0577 (0.0814)	
Epoch: [52][60/67]	Time 0.332 (0.328)	Data 0.025 (0.025)	Loss 0.0560 (0.0813)	
Test: [0/17]	Time 0.125 (0.125)	Loss 0.0334 (0.0334)	Prec@1 0.000 (0.000)	Prec@5 0.000 (0.000)
Test: [10/17]	Time 0.131 (0.128)	Loss 0.0756 (0.0623)	Prec@1 0.000 (0.000)	Prec@5 0.000 (0.000)
Overall Acc: 	 0.8443991817645172
Mean Acc : 	 0.5
FreqW Acc : 	 0.7130099781645862
Mean IoU : 	 0.4221995908822586
* Test:	Time 0.092 (0.126)	Loss 0.0669 (0.0646)	
learning rate = 0.000050
Epoch: [53][0/67]	Time 0.128 (0.328)	Data 0.024 (0.025)	Loss 0.0405 (0.0812)	
Epoch: [53][10/67]	Time 0.333 (0.328)	Data 0.025 (0.025)	Loss 0.0742 (0.0812)	
Epoch: [53][20/67]	Time 0.328 (0.328)	Data 0.025 (0.025)	Loss 0.0554 (0.0811)	
Epoch: [53][30/67]	Time 0.329 (0.328)	Data 0.025 (0.025)	Loss 0.0598 (0.0811)	
Epoch: [53][40/67]	Time 0.326 (0.328)	Data 0.025 (0.025)	Loss 0.0981 (0.0810)	
Epoch: [53][50/67]	Time 0.332 (0.328)	Data 0.025 (0.025)	Loss 0.0761 (0.0809)	
Epoch: [53][60/67]	Time 0.336 (0.328)	Data 0.024 (0.025)	Loss 0.0426 (0.0809)	
Test: [0/17]	Time 0.123 (0.123)	Loss 0.0847 (0.0847)	Prec@1 0.000 (0.000)	Prec@5 0.000 (0.000)
Test: [10/17]	Time 0.130 (0.129)	Loss 0.0351 (0.0662)	Prec@1 0.000 (0.000)	Prec@5 0.000 (0.000)
Overall Acc: 	 0.8442673184978429
Mean Acc : 	 0.5
FreqW Acc : 	 0.712787305083538
Mean IoU : 	 0.42213365924892143
* Test:	Time 0.097 (0.127)	Loss 0.0770 (0.0671)	
learning rate = 0.000050
Epoch: [54][0/67]	Time 0.125 (0.328)	Data 0.025 (0.025)	Loss 0.0418 (0.0808)	
Epoch: [54][10/67]	Time 0.326 (0.328)	Data 0.025 (0.025)	Loss 0.0928 (0.0808)	
Epoch: [54][20/67]	Time 0.335 (0.328)	Data 0.025 (0.025)	Loss 0.0666 (0.0807)	
Epoch: [54][30/67]	Time 0.325 (0.328)	Data 0.025 (0.025)	Loss 0.1161 (0.0807)	
Epoch: [54][40/67]	Time 0.327 (0.328)	Data 0.024 (0.025)	Loss 0.0717 (0.0806)	
Epoch: [54][50/67]	Time 0.331 (0.328)	Data 0.024 (0.025)	Loss 0.0522 (0.0806)	
Epoch: [54][60/67]	Time 0.330 (0.328)	Data 0.025 (0.025)	Loss 0.0403 (0.0805)	
Test: [0/17]	Time 0.123 (0.123)	Loss 0.0718 (0.0718)	Prec@1 0.000 (0.000)	Prec@5 0.000 (0.000)
Test: [10/17]	Time 0.131 (0.129)	Loss 0.0632 (0.0682)	Prec@1 0.000 (0.000)	Prec@5 0.000 (0.000)
Overall Acc: 	 0.8436817909354595
Mean Acc : 	 0.5
FreqW Acc : 	 0.7117989643560644
Mean IoU : 	 0.42184089546772974
* Test:	Time 0.094 (0.127)	Loss 0.0485 (0.0660)	
learning rate = 0.000050
Epoch: [55][0/67]	Time 0.126 (0.328)	Data 0.024 (0.025)	Loss 0.0364 (0.0805)	
Epoch: [55][10/67]	Time 0.333 (0.328)	Data 0.031 (0.025)	Loss 0.0881 (0.0804)	
Epoch: [55][20/67]	Time 0.328 (0.328)	Data 0.025 (0.025)	Loss 0.0513 (0.0804)	
Epoch: [55][30/67]	Time 0.331 (0.328)	Data 0.025 (0.025)	Loss 0.0448 (0.0803)	
Epoch: [55][40/67]	Time 0.328 (0.328)	Data 0.025 (0.025)	Loss 0.0988 (0.0803)	
Epoch: [55][50/67]	Time 0.331 (0.328)	Data 0.025 (0.025)	Loss 0.1416 (0.0803)	
Epoch: [55][60/67]	Time 0.330 (0.328)	Data 0.025 (0.025)	Loss 0.0643 (0.0802)	
Test: [0/17]	Time 0.124 (0.124)	Loss 0.0811 (0.0811)	Prec@1 0.000 (0.000)	Prec@5 0.000 (0.000)
Test: [10/17]	Time 0.130 (0.128)	Loss 0.0895 (0.0659)	Prec@1 0.000 (0.000)	Prec@5 0.000 (0.000)
Overall Acc: 	 0.8446448027197995
Mean Acc : 	 0.5
FreqW Acc : 	 0.7134248427615689
Mean IoU : 	 0.42232240135989974
* Test:	Time 0.093 (0.126)	Loss 0.0719 (0.0667)	
learning rate = 0.000050
Epoch: [56][0/67]	Time 0.127 (0.328)	Data 0.025 (0.025)	Loss 0.0487 (0.0802)	
Epoch: [56][10/67]	Time 0.327 (0.328)	Data 0.025 (0.025)	Loss 0.0662 (0.0801)	
Epoch: [56][20/67]	Time 0.329 (0.328)	Data 0.024 (0.025)	Loss 0.1234 (0.0801)	
Epoch: [56][30/67]	Time 0.328 (0.328)	Data 0.025 (0.025)	Loss 0.0578 (0.0800)	
Epoch: [56][40/67]	Time 0.325 (0.328)	Data 0.024 (0.025)	Loss 0.0513 (0.0800)	
Epoch: [56][50/67]	Time 0.323 (0.328)	Data 0.025 (0.025)	Loss 0.0455 (0.0799)	
Epoch: [56][60/67]	Time 0.328 (0.328)	Data 0.024 (0.025)	Loss 0.0674 (0.0799)	
Test: [0/17]	Time 0.125 (0.125)	Loss 0.0850 (0.0850)	Prec@1 0.000 (0.000)	Prec@5 0.000 (0.000)
Test: [10/17]	Time 0.130 (0.128)	Loss 0.0696 (0.0678)	Prec@1 0.000 (0.000)	Prec@5 0.000 (0.000)
Overall Acc: 	 0.8440064387534981
Mean Acc : 	 0.5
FreqW Acc : 	 0.7123468686573624
Mean IoU : 	 0.42200321937674906
* Test:	Time 0.095 (0.126)	Loss 0.1054 (0.0658)	
learning rate = 0.000050
Epoch: [57][0/67]	Time 0.126 (0.328)	Data 0.024 (0.025)	Loss 0.0409 (0.0798)	
Epoch: [57][10/67]	Time 0.332 (0.328)	Data 0.025 (0.025)	Loss 0.0658 (0.0798)	
Epoch: [57][20/67]	Time 0.326 (0.328)	Data 0.025 (0.025)	Loss 0.0732 (0.0797)	
Epoch: [57][30/67]	Time 0.328 (0.328)	Data 0.025 (0.025)	Loss 0.0855 (0.0797)	
Epoch: [57][40/67]	Time 0.328 (0.328)	Data 0.025 (0.025)	Loss 0.0725 (0.0797)	
Epoch: [57][50/67]	Time 0.329 (0.328)	Data 0.024 (0.025)	Loss 0.0396 (0.0796)	
Epoch: [57][60/67]	Time 0.325 (0.328)	Data 0.025 (0.025)	Loss 0.0686 (0.0795)	
Test: [0/17]	Time 0.125 (0.125)	Loss 0.0663 (0.0663)	Prec@1 0.000 (0.000)	Prec@5 0.000 (0.000)
Test: [10/17]	Time 0.130 (0.128)	Loss 0.0753 (0.0667)	Prec@1 0.000 (0.000)	Prec@5 0.000 (0.000)
Overall Acc: 	 0.8438529398903918
Mean Acc : 	 0.5
FreqW Acc : 	 0.7120877841616572
Mean IoU : 	 0.4219264699451959
* Test:	Time 0.095 (0.126)	Loss 0.0649 (0.0652)	
learning rate = 0.000050
Epoch: [58][0/67]	Time 0.123 (0.328)	Data 0.024 (0.025)	Loss 0.0662 (0.0795)	
Epoch: [58][10/67]	Time 0.329 (0.328)	Data 0.025 (0.025)	Loss 0.0195 (0.0795)	
Epoch: [58][20/67]	Time 0.334 (0.328)	Data 0.025 (0.025)	Loss 0.0524 (0.0795)	
Epoch: [58][30/67]	Time 0.327 (0.328)	Data 0.025 (0.025)	Loss 0.0490 (0.0794)	
Epoch: [58][40/67]	Time 0.328 (0.328)	Data 0.025 (0.025)	Loss 0.0533 (0.0794)	
Epoch: [58][50/67]	Time 0.328 (0.328)	Data 0.025 (0.025)	Loss 0.0377 (0.0793)	
Epoch: [58][60/67]	Time 0.331 (0.328)	Data 0.025 (0.025)	Loss 0.0711 (0.0792)	
Test: [0/17]	Time 0.124 (0.124)	Loss 0.0680 (0.0680)	Prec@1 0.000 (0.000)	Prec@5 0.000 (0.000)
Test: [10/17]	Time 0.131 (0.129)	Loss 0.1194 (0.0734)	Prec@1 0.000 (0.000)	Prec@5 0.000 (0.000)
Overall Acc: 	 0.8447499061698345
Mean Acc : 	 0.5
FreqW Acc : 	 0.7136024039739441
Mean IoU : 	 0.42237495308491724
* Test:	Time 0.103 (0.127)	Loss 0.0657 (0.0705)	
learning rate = 0.000050
Epoch: [59][0/67]	Time 0.135 (0.328)	Data 0.034 (0.025)	Loss 0.0521 (0.0792)	
Epoch: [59][10/67]	Time 0.331 (0.328)	Data 0.025 (0.025)	Loss 0.0623 (0.0792)	
Epoch: [59][20/67]	Time 0.334 (0.328)	Data 0.024 (0.025)	Loss 0.0729 (0.0792)	
Epoch: [59][30/67]	Time 0.332 (0.328)	Data 0.025 (0.025)	Loss 0.0578 (0.0791)	
Epoch: [59][40/67]	Time 0.330 (0.328)	Data 0.025 (0.025)	Loss 0.0661 (0.0791)	
Epoch: [59][50/67]	Time 0.331 (0.328)	Data 0.025 (0.025)	Loss 0.0531 (0.0790)	
Epoch: [59][60/67]	Time 0.336 (0.328)	Data 0.024 (0.025)	Loss 0.0600 (0.0790)	
Test: [0/17]	Time 0.126 (0.126)	Loss 0.0625 (0.0625)	Prec@1 0.000 (0.000)	Prec@5 0.000 (0.000)
Test: [10/17]	Time 0.130 (0.128)	Loss 0.0781 (0.0714)	Prec@1 0.000 (0.000)	Prec@5 0.000 (0.000)
Overall Acc: 	 0.8443527221679688
Mean Acc : 	 0.5
FreqW Acc : 	 0.712931519432459
Mean IoU : 	 0.4221763610839844
* Test:	Time 0.093 (0.126)	Loss 0.0477 (0.0657)	
learning rate = 0.000050
Epoch: [60][0/67]	Time 0.127 (0.328)	Data 0.024 (0.025)	Loss 0.0511 (0.0790)	
Epoch: [60][10/67]	Time 0.333 (0.328)	Data 0.024 (0.025)	Loss 0.0797 (0.0789)	
Epoch: [60][20/67]	Time 0.329 (0.328)	Data 0.025 (0.025)	Loss 0.0708 (0.0789)	
Epoch: [60][30/67]	Time 0.332 (0.328)	Data 0.025 (0.025)	Loss 0.0716 (0.0788)	
Epoch: [60][40/67]	Time 0.328 (0.328)	Data 0.024 (0.025)	Loss 0.0544 (0.0788)	
Epoch: [60][50/67]	Time 0.330 (0.328)	Data 0.024 (0.025)	Loss 0.0478 (0.0787)	
Epoch: [60][60/67]	Time 0.323 (0.328)	Data 0.025 (0.025)	Loss 0.0823 (0.0787)	
Test: [0/17]	Time 0.126 (0.126)	Loss 0.0875 (0.0875)	Prec@1 0.000 (0.000)	Prec@5 0.000 (0.000)
Test: [10/17]	Time 0.129 (0.129)	Loss 0.0429 (0.0679)	Prec@1 0.000 (0.000)	Prec@5 0.000 (0.000)
Overall Acc: 	 0.8442973805897271
Mean Acc : 	 0.5
FreqW Acc : 	 0.7128380668706745
Mean IoU : 	 0.42214869029486357
* Test:	Time 0.094 (0.126)	Loss 0.0305 (0.0674)	
learning rate = 0.000050
Epoch: [61][0/67]	Time 0.126 (0.328)	Data 0.024 (0.025)	Loss 0.0502 (0.0787)	
Epoch: [61][10/67]	Time 0.327 (0.328)	Data 0.025 (0.025)	Loss 0.0354 (0.0786)	
Epoch: [61][20/67]	Time 0.331 (0.328)	Data 0.025 (0.025)	Loss 0.0481 (0.0786)	
Epoch: [61][30/67]	Time 0.332 (0.328)	Data 0.025 (0.025)	Loss 0.0453 (0.0785)	
Epoch: [61][40/67]	Time 0.333 (0.328)	Data 0.026 (0.025)	Loss 0.1076 (0.0785)	
Epoch: [61][50/67]	Time 0.328 (0.328)	Data 0.025 (0.025)	Loss 0.0777 (0.0784)	
Epoch: [61][60/67]	Time 0.326 (0.328)	Data 0.024 (0.025)	Loss 0.0557 (0.0784)	
Test: [0/17]	Time 0.124 (0.124)	Loss 0.0920 (0.0920)	Prec@1 0.000 (0.000)	Prec@5 0.000 (0.000)
Test: [10/17]	Time 0.130 (0.128)	Loss 0.0742 (0.0747)	Prec@1 0.000 (0.000)	Prec@5 0.000 (0.000)
Overall Acc: 	 0.844100610533757
Mean Acc : 	 0.5
FreqW Acc : 	 0.7125058407034612
Mean IoU : 	 0.4220503052668785
* Test:	Time 0.094 (0.126)	Loss 0.0498 (0.0688)	
learning rate = 0.000050
Epoch: [62][0/67]	Time 0.127 (0.328)	Data 0.024 (0.025)	Loss 0.0716 (0.0784)	
Epoch: [62][10/67]	Time 0.328 (0.328)	Data 0.035 (0.025)	Loss 0.0315 (0.0783)	
Epoch: [62][20/67]	Time 0.324 (0.328)	Data 0.025 (0.025)	Loss 0.0575 (0.0783)	
Epoch: [62][30/67]	Time 0.327 (0.328)	Data 0.025 (0.025)	Loss 0.0457 (0.0782)	
Epoch: [62][40/67]	Time 0.327 (0.328)	Data 0.025 (0.025)	Loss 0.0295 (0.0782)	
Epoch: [62][50/67]	Time 0.329 (0.328)	Data 0.025 (0.025)	Loss 0.0399 (0.0781)	
Epoch: [62][60/67]	Time 0.329 (0.328)	Data 0.025 (0.025)	Loss 0.0495 (0.0781)	
Test: [0/17]	Time 0.124 (0.124)	Loss 0.0509 (0.0509)	Prec@1 0.000 (0.000)	Prec@5 0.000 (0.000)
Test: [10/17]	Time 0.130 (0.131)	Loss 0.0773 (0.0622)	Prec@1 0.000 (0.000)	Prec@5 0.000 (0.000)
Overall Acc: 	 0.8441234987173507
Mean Acc : 	 0.5
FreqW Acc : 	 0.7125444810868212
Mean IoU : 	 0.42206174935867535
* Test:	Time 0.093 (0.127)	Loss 0.0746 (0.0656)	
learning rate = 0.000050
Epoch: [63][0/67]	Time 0.126 (0.328)	Data 0.024 (0.025)	Loss 0.0509 (0.0781)	
Epoch: [63][10/67]	Time 0.323 (0.328)	Data 0.025 (0.025)	Loss 0.0585 (0.0780)	
Epoch: [63][20/67]	Time 0.327 (0.328)	Data 0.025 (0.025)	Loss 0.0573 (0.0780)	
Epoch: [63][30/67]	Time 0.332 (0.328)	Data 0.025 (0.025)	Loss 0.0663 (0.0779)	
Epoch: [63][40/67]	Time 0.324 (0.328)	Data 0.025 (0.025)	Loss 0.1005 (0.0779)	
Epoch: [63][50/67]	Time 0.329 (0.328)	Data 0.025 (0.025)	Loss 0.0517 (0.0779)	
Epoch: [63][60/67]	Time 0.324 (0.328)	Data 0.025 (0.025)	Loss 0.0527 (0.0778)	
Test: [0/17]	Time 0.124 (0.124)	Loss 0.0904 (0.0904)	Prec@1 0.000 (0.000)	Prec@5 0.000 (0.000)
Test: [10/17]	Time 0.129 (0.129)	Loss 0.0683 (0.0674)	Prec@1 0.000 (0.000)	Prec@5 0.000 (0.000)
Overall Acc: 	 0.8434164702002682
Mean Acc : 	 0.5
FreqW Acc : 	 0.7113513422050799
Mean IoU : 	 0.4217082351001341
* Test:	Time 0.095 (0.126)	Loss 0.0680 (0.0652)	
learning rate = 0.000050
Epoch: [64][0/67]	Time 0.126 (0.328)	Data 0.024 (0.025)	Loss 0.0413 (0.0778)	
Epoch: [64][10/67]	Time 0.330 (0.328)	Data 0.024 (0.025)	Loss 0.0336 (0.0777)	
Epoch: [64][20/67]	Time 0.329 (0.328)	Data 0.025 (0.025)	Loss 0.0494 (0.0776)	
Epoch: [64][30/67]	Time 0.330 (0.328)	Data 0.024 (0.025)	Loss 0.0585 (0.0776)	
Epoch: [64][40/67]	Time 0.330 (0.328)	Data 0.025 (0.025)	Loss 0.0457 (0.0776)	
Epoch: [64][50/67]	Time 0.325 (0.328)	Data 0.025 (0.025)	Loss 0.0537 (0.0775)	
Epoch: [64][60/67]	Time 0.332 (0.328)	Data 0.035 (0.025)	Loss 0.0929 (0.0775)	
Test: [0/17]	Time 0.124 (0.124)	Loss 0.0490 (0.0490)	Prec@1 0.000 (0.000)	Prec@5 0.000 (0.000)
Test: [10/17]	Time 0.132 (0.132)	Loss 0.0942 (0.0612)	Prec@1 0.000 (0.000)	Prec@5 0.000 (0.000)
Overall Acc: 	 0.8437192546787546
Mean Acc : 	 0.5
FreqW Acc : 	 0.7118621807156732
Mean IoU : 	 0.4218596273393773
* Test:	Time 0.094 (0.128)	Loss 0.0738 (0.0660)	
learning rate = 0.000050
Epoch: [65][0/67]	Time 0.126 (0.328)	Data 0.024 (0.025)	Loss 0.0632 (0.0775)	
Epoch: [65][10/67]	Time 0.330 (0.328)	Data 0.024 (0.025)	Loss 0.0307 (0.0774)	
Epoch: [65][20/67]	Time 0.326 (0.328)	Data 0.026 (0.025)	Loss 0.0590 (0.0774)	
Epoch: [65][30/67]	Time 0.329 (0.328)	Data 0.025 (0.025)	Loss 0.0376 (0.0774)	
Epoch: [65][40/67]	Time 0.332 (0.328)	Data 0.024 (0.025)	Loss 0.0451 (0.0773)	
Epoch: [65][50/67]	Time 0.329 (0.328)	Data 0.025 (0.025)	Loss 0.0438 (0.0773)	
Epoch: [65][60/67]	Time 0.329 (0.328)	Data 0.025 (0.025)	Loss 0.0794 (0.0772)	
Test: [0/17]	Time 0.126 (0.126)	Loss 0.0770 (0.0770)	Prec@1 0.000 (0.000)	Prec@5 0.000 (0.000)
Test: [10/17]	Time 0.129 (0.129)	Loss 0.0340 (0.0590)	Prec@1 0.000 (0.000)	Prec@5 0.000 (0.000)
Overall Acc: 	 0.8440374118178638
Mean Acc : 	 0.5
FreqW Acc : 	 0.7123991525481983
Mean IoU : 	 0.4220187059089319
* Test:	Time 0.092 (0.126)	Loss 0.0837 (0.0655)	
learning rate = 0.000050
Epoch: [66][0/67]	Time 0.126 (0.328)	Data 0.024 (0.025)	Loss 0.0468 (0.0772)	
Epoch: [66][10/67]	Time 0.328 (0.328)	Data 0.024 (0.025)	Loss 0.0366 (0.0772)	
Epoch: [66][20/67]	Time 0.329 (0.328)	Data 0.025 (0.025)	Loss 0.0460 (0.0771)	
Epoch: [66][30/67]	Time 0.329 (0.328)	Data 0.025 (0.025)	Loss 0.0919 (0.0771)	
Epoch: [66][40/67]	Time 0.330 (0.328)	Data 0.024 (0.025)	Loss 0.0423 (0.0770)	
Epoch: [66][50/67]	Time 0.328 (0.328)	Data 0.025 (0.025)	Loss 0.0452 (0.0770)	
Epoch: [66][60/67]	Time 0.324 (0.328)	Data 0.024 (0.025)	Loss 0.0783 (0.0769)	
Test: [0/17]	Time 0.125 (0.125)	Loss 0.0549 (0.0549)	Prec@1 0.000 (0.000)	Prec@5 0.000 (0.000)
Test: [10/17]	Time 0.129 (0.128)	Loss 0.0730 (0.0596)	Prec@1 0.000 (0.000)	Prec@5 0.000 (0.000)
Overall Acc: 	 0.8447215521513526
Mean Acc : 	 0.5
FreqW Acc : 	 0.7135545006689903
Mean IoU : 	 0.4223607760756763
* Test:	Time 0.094 (0.127)	Loss 0.0570 (0.0651)	
learning rate = 0.000050
Epoch: [67][0/67]	Time 0.127 (0.328)	Data 0.024 (0.025)	Loss 0.0545 (0.0769)	
Epoch: [67][10/67]	Time 0.329 (0.328)	Data 0.025 (0.025)	Loss 0.0358 (0.0768)	
Epoch: [67][20/67]	Time 0.328 (0.328)	Data 0.025 (0.025)	Loss 0.0546 (0.0768)	
Epoch: [67][30/67]	Time 0.330 (0.328)	Data 0.025 (0.025)	Loss 0.0394 (0.0767)	
Epoch: [67][40/67]	Time 0.329 (0.328)	Data 0.025 (0.025)	Loss 0.0877 (0.0767)	
Epoch: [67][50/67]	Time 0.322 (0.328)	Data 0.035 (0.025)	Loss 0.0573 (0.0767)	
Epoch: [67][60/67]	Time 0.326 (0.328)	Data 0.025 (0.025)	Loss 0.1287 (0.0766)	
Test: [0/17]	Time 0.124 (0.124)	Loss 0.0524 (0.0524)	Prec@1 0.000 (0.000)	Prec@5 0.000 (0.000)
Test: [10/17]	Time 0.143 (0.129)	Loss 0.0679 (0.0657)	Prec@1 0.000 (0.000)	Prec@5 0.000 (0.000)
Overall Acc: 	 0.8437907660185401
Mean Acc : 	 0.5
FreqW Acc : 	 0.7119828568181547
Mean IoU : 	 0.42189538300927004
* Test:	Time 0.093 (0.126)	Loss 0.0507 (0.0663)	
learning rate = 0.000050
Epoch: [68][0/67]	Time 0.126 (0.328)	Data 0.024 (0.025)	Loss 0.0365 (0.0766)	
Epoch: [68][10/67]	Time 0.327 (0.328)	Data 0.024 (0.025)	Loss 0.0547 (0.0766)	
Epoch: [68][20/67]	Time 0.332 (0.328)	Data 0.025 (0.025)	Loss 0.0849 (0.0765)	
Epoch: [68][30/67]	Time 0.330 (0.328)	Data 0.025 (0.025)	Loss 0.1127 (0.0765)	
Epoch: [68][40/67]	Time 0.328 (0.328)	Data 0.025 (0.025)	Loss 0.0487 (0.0764)	
Epoch: [68][50/67]	Time 0.333 (0.328)	Data 0.025 (0.025)	Loss 0.0578 (0.0764)	
Epoch: [68][60/67]	Time 0.330 (0.328)	Data 0.025 (0.025)	Loss 0.0736 (0.0764)	
Test: [0/17]	Time 0.125 (0.125)	Loss 0.0592 (0.0592)	Prec@1 0.000 (0.000)	Prec@5 0.000 (0.000)
Test: [10/17]	Time 0.129 (0.128)	Loss 0.0677 (0.0657)	Prec@1 0.000 (0.000)	Prec@5 0.000 (0.000)
Overall Acc: 	 0.8440973082585121
Mean Acc : 	 0.5
FreqW Acc : 	 0.7125002658092657
Mean IoU : 	 0.4220486541292561
* Test:	Time 0.094 (0.126)	Loss 0.0403 (0.0655)	
learning rate = 0.000050
Epoch: [69][0/67]	Time 0.127 (0.327)	Data 0.024 (0.025)	Loss 0.0564 (0.0763)	
Epoch: [69][10/67]	Time 0.328 (0.327)	Data 0.025 (0.025)	Loss 0.0547 (0.0763)	
Epoch: [69][20/67]	Time 0.325 (0.327)	Data 0.025 (0.025)	Loss 0.0662 (0.0762)	
Epoch: [69][30/67]	Time 0.329 (0.327)	Data 0.025 (0.025)	Loss 0.0662 (0.0762)	
Epoch: [69][40/67]	Time 0.328 (0.327)	Data 0.025 (0.025)	Loss 0.0496 (0.0761)	
Epoch: [69][50/67]	Time 0.330 (0.327)	Data 0.024 (0.025)	Loss 0.0525 (0.0761)	
Epoch: [69][60/67]	Time 0.327 (0.327)	Data 0.025 (0.025)	Loss 0.0601 (0.0761)	
Test: [0/17]	Time 0.124 (0.124)	Loss 0.0581 (0.0581)	Prec@1 0.000 (0.000)	Prec@5 0.000 (0.000)
Test: [10/17]	Time 0.130 (0.127)	Loss 0.0878 (0.0666)	Prec@1 0.000 (0.000)	Prec@5 0.000 (0.000)
Overall Acc: 	 0.8437200517796758
Mean Acc : 	 0.5
FreqW Acc : 	 0.7118635257750988
Mean IoU : 	 0.4218600258898379
* Test:	Time 0.094 (0.125)	Loss 0.0463 (0.0655)	
learning rate = 0.000050
Epoch: [70][0/67]	Time 0.124 (0.327)	Data 0.024 (0.025)	Loss 0.0763 (0.0760)	
Epoch: [70][10/67]	Time 0.326 (0.327)	Data 0.025 (0.025)	Loss 0.0653 (0.0760)	
Epoch: [70][20/67]	Time 0.333 (0.327)	Data 0.025 (0.025)	Loss 0.0457 (0.0760)	
Epoch: [70][30/67]	Time 0.325 (0.327)	Data 0.025 (0.025)	Loss 0.0593 (0.0759)	
Epoch: [70][40/67]	Time 0.326 (0.327)	Data 0.025 (0.025)	Loss 0.0458 (0.0759)	
Epoch: [70][50/67]	Time 0.331 (0.327)	Data 0.025 (0.025)	Loss 0.0405 (0.0758)	
Epoch: [70][60/67]	Time 0.330 (0.327)	Data 0.025 (0.025)	Loss 0.0226 (0.0758)	
Test: [0/17]	Time 0.125 (0.125)	Loss 0.0694 (0.0694)	Prec@1 0.000 (0.000)	Prec@5 0.000 (0.000)
Test: [10/17]	Time 0.128 (0.128)	Loss 0.0632 (0.0655)	Prec@1 0.000 (0.000)	Prec@5 0.000 (0.000)
Overall Acc: 	 0.8440970805153918
Mean Acc : 	 0.5
FreqW Acc : 	 0.7124998813346078
Mean IoU : 	 0.4220485402576959
* Test:	Time 0.094 (0.126)	Loss 0.0909 (0.0681)	
learning rate = 0.000050
Epoch: [71][0/67]	Time 0.125 (0.327)	Data 0.024 (0.025)	Loss 0.0945 (0.0758)	
Epoch: [71][10/67]	Time 0.330 (0.327)	Data 0.025 (0.025)	Loss 0.0307 (0.0757)	
Epoch: [71][20/67]	Time 0.326 (0.327)	Data 0.025 (0.025)	Loss 0.0506 (0.0756)	
Epoch: [71][30/67]	Time 0.327 (0.327)	Data 0.025 (0.025)	Loss 0.0317 (0.0756)	
Epoch: [71][40/67]	Time 0.327 (0.327)	Data 0.024 (0.025)	Loss 0.0467 (0.0756)	
Epoch: [71][50/67]	Time 0.328 (0.327)	Data 0.025 (0.025)	Loss 0.0767 (0.0755)	
Epoch: [71][60/67]	Time 0.330 (0.327)	Data 0.024 (0.025)	Loss 0.0392 (0.0755)	
Test: [0/17]	Time 0.124 (0.124)	Loss 0.0709 (0.0709)	Prec@1 0.000 (0.000)	Prec@5 0.000 (0.000)
Test: [10/17]	Time 0.132 (0.128)	Loss 0.0427 (0.0685)	Prec@1 0.000 (0.000)	Prec@5 0.000 (0.000)
Overall Acc: 	 0.8441997926626632
Mean Acc : 	 0.5
FreqW Acc : 	 0.7126732899316836
Mean IoU : 	 0.4220998963313316
* Test:	Time 0.097 (0.126)	Loss 0.0498 (0.0667)	
learning rate = 0.000050
Epoch: [72][0/67]	Time 0.125 (0.327)	Data 0.025 (0.025)	Loss 0.0514 (0.0755)	
Epoch: [72][10/67]	Time 0.328 (0.327)	Data 0.024 (0.025)	Loss 0.0690 (0.0754)	
Epoch: [72][20/67]	Time 0.332 (0.327)	Data 0.024 (0.025)	Loss 0.0348 (0.0753)	
Epoch: [72][30/67]	Time 0.326 (0.327)	Data 0.024 (0.025)	Loss 0.0813 (0.0753)	
Epoch: [72][40/67]	Time 0.329 (0.327)	Data 0.024 (0.025)	Loss 0.0468 (0.0753)	
Epoch: [72][50/67]	Time 0.328 (0.327)	Data 0.024 (0.025)	Loss 0.0752 (0.0752)	
Epoch: [72][60/67]	Time 0.329 (0.327)	Data 0.025 (0.025)	Loss 0.0464 (0.0752)	
Test: [0/17]	Time 0.125 (0.125)	Loss 0.0629 (0.0629)	Prec@1 0.000 (0.000)	Prec@5 0.000 (0.000)
Test: [10/17]	Time 0.130 (0.129)	Loss 0.0918 (0.0746)	Prec@1 0.000 (0.000)	Prec@5 0.000 (0.000)
Overall Acc: 	 0.8448315520784748
Mean Acc : 	 0.5
FreqW Acc : 	 0.7137403513873247
Mean IoU : 	 0.4224157760392374
* Test:	Time 0.096 (0.127)	Loss 0.0388 (0.0695)	
learning rate = 0.000050
Epoch: [73][0/67]	Time 0.125 (0.327)	Data 0.024 (0.025)	Loss 0.0329 (0.0752)	
Epoch: [73][10/67]	Time 0.332 (0.327)	Data 0.025 (0.025)	Loss 0.0790 (0.0752)	
Epoch: [73][20/67]	Time 0.326 (0.327)	Data 0.025 (0.025)	Loss 0.0486 (0.0751)	
Epoch: [73][30/67]	Time 0.329 (0.327)	Data 0.025 (0.025)	Loss 0.0857 (0.0751)	
Epoch: [73][40/67]	Time 0.331 (0.327)	Data 0.025 (0.025)	Loss 0.0530 (0.0751)	
Epoch: [73][50/67]	Time 0.329 (0.327)	Data 0.025 (0.025)	Loss 0.0620 (0.0751)	
Epoch: [73][60/67]	Time 0.328 (0.327)	Data 0.025 (0.025)	Loss 0.0673 (0.0750)	
Test: [0/17]	Time 0.125 (0.125)	Loss 0.0992 (0.0992)	Prec@1 0.000 (0.000)	Prec@5 0.000 (0.000)
Test: [10/17]	Time 0.132 (0.128)	Loss 0.0656 (0.0647)	Prec@1 0.000 (0.000)	Prec@5 0.000 (0.000)
Overall Acc: 	 0.8445753410680971
Mean Acc : 	 0.5
FreqW Acc : 	 0.7133075067402925
Mean IoU : 	 0.42228767053404853
* Test:	Time 0.093 (0.126)	Loss 0.0894 (0.0650)	
learning rate = 0.000050
Epoch: [74][0/67]	Time 0.125 (0.327)	Data 0.024 (0.025)	Loss 0.0665 (0.0750)	
Epoch: [74][10/67]	Time 0.327 (0.327)	Data 0.025 (0.025)	Loss 0.0706 (0.0750)	
Epoch: [74][20/67]	Time 0.331 (0.327)	Data 0.024 (0.025)	Loss 0.1080 (0.0749)	
Epoch: [74][30/67]	Time 0.327 (0.327)	Data 0.025 (0.025)	Loss 0.0569 (0.0749)	
Epoch: [74][40/67]	Time 0.329 (0.327)	Data 0.026 (0.025)	Loss 0.0401 (0.0749)	
Epoch: [74][50/67]	Time 0.327 (0.327)	Data 0.025 (0.025)	Loss 0.1235 (0.0748)	
Epoch: [74][60/67]	Time 0.329 (0.327)	Data 0.025 (0.025)	Loss 0.0947 (0.0748)	
Test: [0/17]	Time 0.126 (0.126)	Loss 0.0921 (0.0921)	Prec@1 0.000 (0.000)	Prec@5 0.000 (0.000)
Test: [10/17]	Time 0.131 (0.129)	Loss 0.0291 (0.0584)	Prec@1 0.000 (0.000)	Prec@5 0.000 (0.000)
Overall Acc: 	 0.8444765005538712
Mean Acc : 	 0.5
FreqW Acc : 	 0.7131405599877125
Mean IoU : 	 0.4222382502769356
* Test:	Time 0.093 (0.126)	Loss 0.0684 (0.0664)	
learning rate = 0.000050
Epoch: [75][0/67]	Time 0.125 (0.327)	Data 0.024 (0.025)	Loss 0.0562 (0.0748)	
Epoch: [75][10/67]	Time 0.329 (0.327)	Data 0.024 (0.025)	Loss 0.0382 (0.0747)	
Epoch: [75][20/67]	Time 0.328 (0.327)	Data 0.025 (0.025)	Loss 0.0613 (0.0747)	
Epoch: [75][30/67]	Time 0.330 (0.327)	Data 0.025 (0.025)	Loss 0.0686 (0.0747)	
Epoch: [75][40/67]	Time 0.333 (0.327)	Data 0.025 (0.025)	Loss 0.0677 (0.0746)	
Epoch: [75][50/67]	Time 0.331 (0.327)	Data 0.025 (0.025)	Loss 0.0290 (0.0746)	
Epoch: [75][60/67]	Time 0.330 (0.327)	Data 0.025 (0.025)	Loss 0.0350 (0.0745)	
Test: [0/17]	Time 0.124 (0.124)	Loss 0.0636 (0.0636)	Prec@1 0.000 (0.000)	Prec@5 0.000 (0.000)
Test: [10/17]	Time 0.129 (0.128)	Loss 0.0542 (0.0625)	Prec@1 0.000 (0.000)	Prec@5 0.000 (0.000)
Overall Acc: 	 0.8443825565167328
Mean Acc : 	 0.5
FreqW Acc : 	 0.7129819017497334
Mean IoU : 	 0.4221912782583664
* Test:	Time 0.094 (0.126)	Loss 0.1029 (0.0660)	
learning rate = 0.000050
Epoch: [76][0/67]	Time 0.128 (0.327)	Data 0.024 (0.025)	Loss 0.0300 (0.0745)	
Epoch: [76][10/67]	Time 0.325 (0.327)	Data 0.025 (0.025)	Loss 0.0473 (0.0745)	
Epoch: [76][20/67]	Time 0.327 (0.327)	Data 0.025 (0.025)	Loss 0.0695 (0.0744)	
Epoch: [76][30/67]	Time 0.328 (0.327)	Data 0.024 (0.025)	Loss 0.0497 (0.0744)	
Epoch: [76][40/67]	Time 0.330 (0.327)	Data 0.025 (0.025)	Loss 0.0329 (0.0744)	
Epoch: [76][50/67]	Time 0.329 (0.327)	Data 0.025 (0.025)	Loss 0.0696 (0.0743)	
Epoch: [76][60/67]	Time 0.328 (0.327)	Data 0.025 (0.025)	Loss 0.0689 (0.0743)	
Test: [0/17]	Time 0.125 (0.125)	Loss 0.0580 (0.0580)	Prec@1 0.000 (0.000)	Prec@5 0.000 (0.000)
Test: [10/17]	Time 0.129 (0.129)	Loss 0.0657 (0.0655)	Prec@1 0.000 (0.000)	Prec@5 0.000 (0.000)
Overall Acc: 	 0.8441016353777985
Mean Acc : 	 0.5
FreqW Acc : 	 0.7125075708474738
Mean IoU : 	 0.42205081768889924
* Test:	Time 0.094 (0.126)	Loss 0.0575 (0.0643)	
learning rate = 0.000050
Epoch: [77][0/67]	Time 0.124 (0.327)	Data 0.024 (0.025)	Loss 0.0341 (0.0743)	
Epoch: [77][10/67]	Time 0.334 (0.327)	Data 0.025 (0.025)	Loss 0.0568 (0.0742)	
Epoch: [77][20/67]	Time 0.329 (0.327)	Data 0.025 (0.025)	Loss 0.0567 (0.0742)	
Epoch: [77][30/67]	Time 0.328 (0.327)	Data 0.025 (0.025)	Loss 0.0586 (0.0741)	
Epoch: [77][40/67]	Time 0.328 (0.327)	Data 0.025 (0.025)	Loss 0.0679 (0.0741)	
Epoch: [77][50/67]	Time 0.328 (0.327)	Data 0.025 (0.025)	Loss 0.0562 (0.0740)	
Epoch: [77][60/67]	Time 0.332 (0.327)	Data 0.025 (0.025)	Loss 0.0474 (0.0740)	
Test: [0/17]	Time 0.123 (0.123)	Loss 0.0885 (0.0885)	Prec@1 0.000 (0.000)	Prec@5 0.000 (0.000)
Test: [10/17]	Time 0.131 (0.129)	Loss 0.0603 (0.0641)	Prec@1 0.000 (0.000)	Prec@5 0.000 (0.000)
Overall Acc: 	 0.8442341818738339
Mean Acc : 	 0.5
FreqW Acc : 	 0.7127313538441817
Mean IoU : 	 0.42211709093691696
* Test:	Time 0.094 (0.127)	Loss 0.0866 (0.0663)	
learning rate = 0.000050
Epoch: [78][0/67]	Time 0.126 (0.327)	Data 0.024 (0.025)	Loss 0.0433 (0.0740)	
Epoch: [78][10/67]	Time 0.326 (0.327)	Data 0.025 (0.025)	Loss 0.0706 (0.0739)	
Epoch: [78][20/67]	Time 0.329 (0.327)	Data 0.025 (0.025)	Loss 0.0418 (0.0739)	
Epoch: [78][30/67]	Time 0.326 (0.327)	Data 0.025 (0.025)	Loss 0.0880 (0.0739)	
Epoch: [78][40/67]	Time 0.329 (0.327)	Data 0.025 (0.025)	Loss 0.0421 (0.0738)	
Epoch: [78][50/67]	Time 0.321 (0.327)	Data 0.025 (0.025)	Loss 0.0729 (0.0738)	
Epoch: [78][60/67]	Time 0.326 (0.327)	Data 0.025 (0.025)	Loss 0.0232 (0.0738)	
Test: [0/17]	Time 0.123 (0.123)	Loss 0.0720 (0.0720)	Prec@1 0.000 (0.000)	Prec@5 0.000 (0.000)
Test: [10/17]	Time 0.134 (0.129)	Loss 0.0489 (0.0685)	Prec@1 0.000 (0.000)	Prec@5 0.000 (0.000)
Overall Acc: 	 0.8443667283698694
Mean Acc : 	 0.5
FreqW Acc : 	 0.7129551719780367
Mean IoU : 	 0.4221833641849347
* Test:	Time 0.093 (0.126)	Loss 0.0667 (0.0661)	
learning rate = 0.000050
Epoch: [79][0/67]	Time 0.127 (0.327)	Data 0.024 (0.025)	Loss 0.0502 (0.0738)	
Epoch: [79][10/67]	Time 0.333 (0.327)	Data 0.025 (0.025)	Loss 0.0729 (0.0737)	
Epoch: [79][20/67]	Time 0.327 (0.327)	Data 0.025 (0.025)	Loss 0.0488 (0.0737)	
Epoch: [79][30/67]	Time 0.328 (0.327)	Data 0.025 (0.025)	Loss 0.0251 (0.0736)	
Epoch: [79][40/67]	Time 0.327 (0.327)	Data 0.025 (0.025)	Loss 0.0413 (0.0736)	
Epoch: [79][50/67]	Time 0.330 (0.327)	Data 0.025 (0.025)	Loss 0.0615 (0.0736)	
Epoch: [79][60/67]	Time 0.323 (0.327)	Data 0.025 (0.025)	Loss 0.0302 (0.0735)	
Test: [0/17]	Time 0.124 (0.124)	Loss 0.0545 (0.0545)	Prec@1 0.000 (0.000)	Prec@5 0.000 (0.000)
Test: [10/17]	Time 0.128 (0.127)	Loss 0.0693 (0.0736)	Prec@1 0.000 (0.000)	Prec@5 0.000 (0.000)
Overall Acc: 	 0.8442066249562733
Mean Acc : 	 0.5
FreqW Acc : 	 0.7126848256200619
Mean IoU : 	 0.42210331247813665
* Test:	Time 0.094 (0.126)	Loss 0.0845 (0.0709)	
learning rate = 0.000050
Epoch: [80][0/67]	Time 0.127 (0.327)	Data 0.024 (0.025)	Loss 0.0656 (0.0735)	
Epoch: [80][10/67]	Time 0.329 (0.327)	Data 0.025 (0.025)	Loss 0.0286 (0.0735)	
Epoch: [80][20/67]	Time 0.328 (0.327)	Data 0.025 (0.025)	Loss 0.0589 (0.0735)	
Epoch: [80][30/67]	Time 0.328 (0.327)	Data 0.024 (0.025)	Loss 0.0788 (0.0735)	
Epoch: [80][40/67]	Time 0.334 (0.327)	Data 0.025 (0.025)	Loss 0.0343 (0.0734)	
Epoch: [80][50/67]	Time 0.327 (0.327)	Data 0.025 (0.025)	Loss 0.0474 (0.0734)	
Epoch: [80][60/67]	Time 0.327 (0.327)	Data 0.025 (0.025)	Loss 0.0210 (0.0734)	
Test: [0/17]	Time 0.124 (0.124)	Loss 0.0680 (0.0680)	Prec@1 0.000 (0.000)	Prec@5 0.000 (0.000)
Test: [10/17]	Time 0.131 (0.130)	Loss 0.0645 (0.0765)	Prec@1 0.000 (0.000)	Prec@5 0.000 (0.000)
Overall Acc: 	 0.8440086023131413
Mean Acc : 	 0.5
FreqW Acc : 	 0.7123505207785824
Mean IoU : 	 0.42200430115657067
* Test:	Time 0.094 (0.127)	Loss 0.0621 (0.0678)	
learning rate = 0.000050
Epoch: [81][0/67]	Time 0.125 (0.327)	Data 0.024 (0.025)	Loss 0.0627 (0.0733)	
Epoch: [81][10/67]	Time 0.332 (0.327)	Data 0.025 (0.025)	Loss 0.0350 (0.0733)	
Epoch: [81][20/67]	Time 0.329 (0.327)	Data 0.025 (0.025)	Loss 0.0574 (0.0733)	
Epoch: [81][30/67]	Time 0.328 (0.327)	Data 0.025 (0.025)	Loss 0.0433 (0.0732)	
Epoch: [81][40/67]	Time 0.329 (0.327)	Data 0.024 (0.025)	Loss 0.0435 (0.0732)	
Epoch: [81][50/67]	Time 0.331 (0.327)	Data 0.025 (0.025)	Loss 0.0587 (0.0732)	
Epoch: [81][60/67]	Time 0.331 (0.327)	Data 0.025 (0.025)	Loss 0.0485 (0.0731)	
Test: [0/17]	Time 0.126 (0.126)	Loss 0.0517 (0.0517)	Prec@1 0.000 (0.000)	Prec@5 0.000 (0.000)
Test: [10/17]	Time 0.130 (0.128)	Loss 0.0696 (0.0619)	Prec@1 0.000 (0.000)	Prec@5 0.000 (0.000)
Overall Acc: 	 0.8439031572484258
Mean Acc : 	 0.5
FreqW Acc : 	 0.7121725388138612
Mean IoU : 	 0.4219515786242129
* Test:	Time 0.095 (0.126)	Loss 0.0467 (0.0632)	
learning rate = 0.000050
Epoch: [82][0/67]	Time 0.125 (0.327)	Data 0.024 (0.025)	Loss 0.0461 (0.0731)	
Epoch: [82][10/67]	Time 0.328 (0.327)	Data 0.025 (0.025)	Loss 0.0686 (0.0730)	
Epoch: [82][20/67]	Time 0.335 (0.327)	Data 0.024 (0.025)	Loss 0.0372 (0.0730)	
Epoch: [82][30/67]	Time 0.328 (0.327)	Data 0.025 (0.025)	Loss 0.0591 (0.0730)	
Epoch: [82][40/67]	Time 0.330 (0.327)	Data 0.024 (0.025)	Loss 0.0209 (0.0729)	
Epoch: [82][50/67]	Time 0.324 (0.327)	Data 0.025 (0.025)	Loss 0.0595 (0.0729)	
Epoch: [82][60/67]	Time 0.328 (0.327)	Data 0.024 (0.025)	Loss 0.0513 (0.0729)	
Test: [0/17]	Time 0.124 (0.124)	Loss 0.0442 (0.0442)	Prec@1 0.000 (0.000)	Prec@5 0.000 (0.000)
Test: [10/17]	Time 0.130 (0.128)	Loss 0.0377 (0.0669)	Prec@1 0.000 (0.000)	Prec@5 0.000 (0.000)
Overall Acc: 	 0.8443234571770056
Mean Acc : 	 0.5
FreqW Acc : 	 0.7128821003393309
Mean IoU : 	 0.4221617285885028
* Test:	Time 0.093 (0.126)	Loss 0.0435 (0.0645)	
learning rate = 0.000050
Epoch: [83][0/67]	Time 0.126 (0.327)	Data 0.025 (0.025)	Loss 0.0371 (0.0728)	
Epoch: [83][10/67]	Time 0.330 (0.327)	Data 0.024 (0.025)	Loss 0.0394 (0.0728)	
Epoch: [83][20/67]	Time 0.328 (0.327)	Data 0.025 (0.025)	Loss 0.0406 (0.0728)	
Epoch: [83][30/67]	Time 0.329 (0.327)	Data 0.025 (0.025)	Loss 0.0407 (0.0727)	
Epoch: [83][40/67]	Time 0.326 (0.327)	Data 0.025 (0.025)	Loss 0.0417 (0.0727)	
Epoch: [83][50/67]	Time 0.325 (0.327)	Data 0.025 (0.025)	Loss 0.0458 (0.0727)	
Epoch: [83][60/67]	Time 0.328 (0.327)	Data 0.025 (0.025)	Loss 0.0307 (0.0726)	
Test: [0/17]	Time 0.125 (0.125)	Loss 0.0427 (0.0427)	Prec@1 0.000 (0.000)	Prec@5 0.000 (0.000)
Test: [10/17]	Time 0.131 (0.129)	Loss 0.0453 (0.0592)	Prec@1 0.000 (0.000)	Prec@5 0.000 (0.000)
Overall Acc: 	 0.844355568956973
Mean Acc : 	 0.5
FreqW Acc : 	 0.7129363268286535
Mean IoU : 	 0.4221777844784865
* Test:	Time 0.097 (0.127)	Loss 0.0622 (0.0647)	
learning rate = 0.000050
Epoch: [84][0/67]	Time 0.126 (0.327)	Data 0.025 (0.025)	Loss 0.0676 (0.0726)	
Epoch: [84][10/67]	Time 0.328 (0.327)	Data 0.025 (0.025)	Loss 0.0266 (0.0726)	
Epoch: [84][20/67]	Time 0.335 (0.327)	Data 0.025 (0.025)	Loss 0.0439 (0.0725)	
Epoch: [84][30/67]	Time 0.329 (0.327)	Data 0.025 (0.025)	Loss 0.0562 (0.0725)	
Epoch: [84][40/67]	Time 0.333 (0.327)	Data 0.024 (0.025)	Loss 0.0726 (0.0724)	
Epoch: [84][50/67]	Time 0.328 (0.327)	Data 0.024 (0.025)	Loss 0.0547 (0.0724)	
Epoch: [84][60/67]	Time 0.331 (0.327)	Data 0.025 (0.025)	Loss 0.0497 (0.0724)	
Test: [0/17]	Time 0.123 (0.123)	Loss 0.0942 (0.0942)	Prec@1 0.000 (0.000)	Prec@5 0.000 (0.000)
Test: [10/17]	Time 0.142 (0.129)	Loss 0.0528 (0.0661)	Prec@1 0.000 (0.000)	Prec@5 0.000 (0.000)
Overall Acc: 	 0.8441958071580574
Mean Acc : 	 0.5
FreqW Acc : 	 0.7126665608232441
Mean IoU : 	 0.4220979035790287
* Test:	Time 0.093 (0.127)	Loss 0.0641 (0.0645)	
learning rate = 0.000050
Epoch: [85][0/67]	Time 0.126 (0.327)	Data 0.024 (0.025)	Loss 0.0417 (0.0723)	
Epoch: [85][10/67]	Time 0.334 (0.327)	Data 0.025 (0.025)	Loss 0.0631 (0.0723)	
Epoch: [85][20/67]	Time 0.326 (0.327)	Data 0.025 (0.025)	Loss 0.0273 (0.0723)	
Epoch: [85][30/67]	Time 0.329 (0.327)	Data 0.025 (0.025)	Loss 0.0607 (0.0722)	
Epoch: [85][40/67]	Time 0.326 (0.327)	Data 0.025 (0.025)	Loss 0.0266 (0.0722)	
Epoch: [85][50/67]	Time 0.327 (0.327)	Data 0.024 (0.025)	Loss 0.0563 (0.0722)	
Epoch: [85][60/67]	Time 0.331 (0.327)	Data 0.024 (0.025)	Loss 0.0399 (0.0721)	
Test: [0/17]	Time 0.126 (0.126)	Loss 0.0636 (0.0636)	Prec@1 0.000 (0.000)	Prec@5 0.000 (0.000)
Test: [10/17]	Time 0.129 (0.129)	Loss 0.0496 (0.0654)	Prec@1 0.000 (0.000)	Prec@5 0.000 (0.000)
Overall Acc: 	 0.8444722873061451
Mean Acc : 	 0.5
FreqW Acc : 	 0.7131334440280724
Mean IoU : 	 0.42223614365307255
* Test:	Time 0.099 (0.127)	Loss 0.0678 (0.0646)	
learning rate = 0.000050
Epoch: [86][0/67]	Time 0.125 (0.327)	Data 0.024 (0.025)	Loss 0.0753 (0.0721)	
Epoch: [86][10/67]	Time 0.331 (0.327)	Data 0.024 (0.025)	Loss 0.0437 (0.0720)	
Epoch: [86][20/67]	Time 0.327 (0.327)	Data 0.025 (0.025)	Loss 0.0790 (0.0720)	
Epoch: [86][30/67]	Time 0.326 (0.327)	Data 0.024 (0.025)	Loss 0.0593 (0.0720)	
Epoch: [86][40/67]	Time 0.330 (0.327)	Data 0.025 (0.025)	Loss 0.0689 (0.0720)	
Epoch: [86][50/67]	Time 0.329 (0.327)	Data 0.024 (0.025)	Loss 0.0380 (0.0719)	
Epoch: [86][60/67]	Time 0.330 (0.327)	Data 0.024 (0.025)	Loss 0.0588 (0.0719)	
Test: [0/17]	Time 0.123 (0.123)	Loss 0.0926 (0.0926)	Prec@1 0.000 (0.000)	Prec@5 0.000 (0.000)
Test: [10/17]	Time 0.144 (0.129)	Loss 0.0968 (0.0699)	Prec@1 0.000 (0.000)	Prec@5 0.000 (0.000)
Overall Acc: 	 0.8436659627885961
Mean Acc : 	 0.5
FreqW Acc : 	 0.7117722567680088
Mean IoU : 	 0.42183298139429803
* Test:	Time 0.094 (0.127)	Loss 0.0925 (0.0669)	
learning rate = 0.000050
Epoch: [87][0/67]	Time 0.126 (0.327)	Data 0.024 (0.025)	Loss 0.0379 (0.0718)	
Epoch: [87][10/67]	Time 0.330 (0.327)	Data 0.025 (0.025)	Loss 0.0749 (0.0718)	
Epoch: [87][20/67]	Time 0.327 (0.327)	Data 0.025 (0.025)	Loss 0.0464 (0.0718)	
Epoch: [87][30/67]	Time 0.330 (0.327)	Data 0.025 (0.025)	Loss 0.0439 (0.0717)	
Epoch: [87][40/67]	Time 0.326 (0.327)	Data 0.024 (0.025)	Loss 0.0433 (0.0717)	
Epoch: [87][50/67]	Time 0.325 (0.327)	Data 0.025 (0.025)	Loss 0.0585 (0.0717)	
Epoch: [87][60/67]	Time 0.322 (0.327)	Data 0.024 (0.025)	Loss 0.0546 (0.0716)	
Test: [0/17]	Time 0.124 (0.124)	Loss 0.0496 (0.0496)	Prec@1 0.000 (0.000)	Prec@5 0.000 (0.000)
Test: [10/17]	Time 0.132 (0.128)	Loss 0.0677 (0.0647)	Prec@1 0.000 (0.000)	Prec@5 0.000 (0.000)
Overall Acc: 	 0.8444224115627915
Mean Acc : 	 0.5
FreqW Acc : 	 0.7130492091495204
Mean IoU : 	 0.42221120578139576
* Test:	Time 0.094 (0.127)	Loss 0.0456 (0.0662)	
learning rate = 0.000050
Epoch: [88][0/67]	Time 0.128 (0.327)	Data 0.024 (0.025)	Loss 0.0810 (0.0716)	
Epoch: [88][10/67]	Time 0.328 (0.327)	Data 0.025 (0.025)	Loss 0.0161 (0.0716)	
Epoch: [88][20/67]	Time 0.331 (0.327)	Data 0.025 (0.025)	Loss 0.0375 (0.0715)	
Epoch: [88][30/67]	Time 0.330 (0.327)	Data 0.027 (0.025)	Loss 0.0428 (0.0715)	
Epoch: [88][40/67]	Time 0.331 (0.327)	Data 0.025 (0.025)	Loss 0.0561 (0.0715)	
Epoch: [88][50/67]	Time 0.328 (0.327)	Data 0.025 (0.025)	Loss 0.0671 (0.0714)	
Epoch: [88][60/67]	Time 0.328 (0.327)	Data 0.025 (0.025)	Loss 0.0911 (0.0714)	
Test: [0/17]	Time 0.125 (0.125)	Loss 0.0974 (0.0974)	Prec@1 0.000 (0.000)	Prec@5 0.000 (0.000)
Test: [10/17]	Time 0.129 (0.128)	Loss 0.0512 (0.0690)	Prec@1 0.000 (0.000)	Prec@5 0.000 (0.000)
Overall Acc: 	 0.8447636846286147
Mean Acc : 	 0.5
FreqW Acc : 	 0.7136256828673136
Mean IoU : 	 0.42238184231430737
* Test:	Time 0.092 (0.126)	Loss 0.0438 (0.0655)	
learning rate = 0.000050
Epoch: [89][0/67]	Time 0.134 (0.327)	Data 0.030 (0.025)	Loss 0.0583 (0.0714)	
Epoch: [89][10/67]	Time 0.334 (0.327)	Data 0.025 (0.025)	Loss 0.0377 (0.0713)	
Epoch: [89][20/67]	Time 0.330 (0.327)	Data 0.025 (0.025)	Loss 0.0643 (0.0713)	
Epoch: [89][30/67]	Time 0.330 (0.327)	Data 0.025 (0.025)	Loss 0.0454 (0.0713)	
Epoch: [89][40/67]	Time 0.330 (0.327)	Data 0.024 (0.025)	Loss 0.0647 (0.0712)	
Epoch: [89][50/67]	Time 0.329 (0.327)	Data 0.035 (0.025)	Loss 0.0304 (0.0712)	
Epoch: [89][60/67]	Time 0.324 (0.327)	Data 0.025 (0.025)	Loss 0.0614 (0.0712)	
Test: [0/17]	Time 0.126 (0.126)	Loss 0.0644 (0.0644)	Prec@1 0.000 (0.000)	Prec@5 0.000 (0.000)
Test: [10/17]	Time 0.130 (0.128)	Loss 0.0442 (0.0595)	Prec@1 0.000 (0.000)	Prec@5 0.000 (0.000)
Overall Acc: 	 0.8435412734302122
Mean Acc : 	 0.5
FreqW Acc : 	 0.7115618799802641
Mean IoU : 	 0.4217706367151061
* Test:	Time 0.094 (0.126)	Loss 0.0767 (0.0630)	
learning rate = 0.000050
Epoch: [90][0/67]	Time 0.125 (0.327)	Data 0.024 (0.025)	Loss 0.0371 (0.0712)	
Epoch: [90][10/67]	Time 0.324 (0.327)	Data 0.025 (0.025)	Loss 0.0394 (0.0711)	
Epoch: [90][20/67]	Time 0.332 (0.327)	Data 0.025 (0.025)	Loss 0.0430 (0.0711)	
Epoch: [90][30/67]	Time 0.328 (0.327)	Data 0.025 (0.025)	Loss 0.0503 (0.0711)	
Epoch: [90][40/67]	Time 0.329 (0.327)	Data 0.024 (0.025)	Loss 0.0641 (0.0710)	
Epoch: [90][50/67]	Time 0.330 (0.327)	Data 0.025 (0.025)	Loss 0.0378 (0.0710)	
Epoch: [90][60/67]	Time 0.330 (0.327)	Data 0.024 (0.025)	Loss 0.0547 (0.0710)	
Test: [0/17]	Time 0.123 (0.123)	Loss 0.0299 (0.0299)	Prec@1 0.000 (0.000)	Prec@5 0.000 (0.000)
Test: [10/17]	Time 0.131 (0.128)	Loss 0.0458 (0.0682)	Prec@1 0.000 (0.000)	Prec@5 0.000 (0.000)
Overall Acc: 	 0.8438623912298857
Mean Acc : 	 0.5
FreqW Acc : 	 0.7121037353322207
Mean IoU : 	 0.42193119561494286
* Test:	Time 0.095 (0.126)	Loss 0.0543 (0.0673)	
learning rate = 0.000050
Epoch: [91][0/67]	Time 0.129 (0.327)	Data 0.024 (0.025)	Loss 0.0548 (0.0710)	
Epoch: [91][10/67]	Time 0.327 (0.327)	Data 0.025 (0.025)	Loss 0.0485 (0.0709)	
Epoch: [91][20/67]	Time 0.332 (0.327)	Data 0.025 (0.025)	Loss 0.0474 (0.0709)	
Epoch: [91][30/67]	Time 0.334 (0.327)	Data 0.024 (0.025)	Loss 0.0484 (0.0709)	
Epoch: [91][40/67]	Time 0.325 (0.327)	Data 0.024 (0.025)	Loss 0.0405 (0.0708)	
Epoch: [91][50/67]	Time 0.331 (0.327)	Data 0.024 (0.025)	Loss 0.0998 (0.0708)	
Epoch: [91][60/67]	Time 0.326 (0.327)	Data 0.024 (0.025)	Loss 0.0658 (0.0708)	
Test: [0/17]	Time 0.123 (0.123)	Loss 0.1026 (0.1026)	Prec@1 0.000 (0.000)	Prec@5 0.000 (0.000)
Test: [10/17]	Time 0.138 (0.128)	Loss 0.0663 (0.0743)	Prec@1 0.000 (0.000)	Prec@5 0.000 (0.000)
Overall Acc: 	 0.843867287706973
Mean Acc : 	 0.5
FreqW Acc : 	 0.712111999261923
Mean IoU : 	 0.4219336438534865
* Test:	Time 0.094 (0.126)	Loss 0.0415 (0.0672)	
learning rate = 0.000050
Epoch: [92][0/67]	Time 0.125 (0.327)	Data 0.024 (0.025)	Loss 0.0799 (0.0708)	
Epoch: [92][10/67]	Time 0.325 (0.327)	Data 0.025 (0.025)	Loss 0.0750 (0.0708)	
Epoch: [92][20/67]	Time 0.332 (0.327)	Data 0.024 (0.025)	Loss 0.0529 (0.0707)	
Epoch: [92][30/67]	Time 0.331 (0.327)	Data 0.024 (0.025)	Loss 0.0460 (0.0707)	
Epoch: [92][40/67]	Time 0.327 (0.327)	Data 0.024 (0.025)	Loss 0.0397 (0.0707)	
Epoch: [92][50/67]	Time 0.333 (0.327)	Data 0.024 (0.025)	Loss 0.0702 (0.0706)	
Epoch: [92][60/67]	Time 0.324 (0.327)	Data 0.024 (0.025)	Loss 0.0686 (0.0706)	
Test: [0/17]	Time 0.124 (0.124)	Loss 0.0633 (0.0633)	Prec@1 0.000 (0.000)	Prec@5 0.000 (0.000)
Test: [10/17]	Time 0.131 (0.129)	Loss 0.1190 (0.0664)	Prec@1 0.000 (0.000)	Prec@5 0.000 (0.000)
Overall Acc: 	 0.8443564799294543
Mean Acc : 	 0.5
FreqW Acc : 	 0.7129378651988589
Mean IoU : 	 0.42217823996472714
* Test:	Time 0.094 (0.126)	Loss 0.0732 (0.0652)	
learning rate = 0.000050
Epoch: [93][0/67]	Time 0.123 (0.327)	Data 0.024 (0.025)	Loss 0.0717 (0.0706)	
Epoch: [93][10/67]	Time 0.330 (0.327)	Data 0.025 (0.025)	Loss 0.0563 (0.0705)	
Epoch: [93][20/67]	Time 0.333 (0.327)	Data 0.025 (0.025)	Loss 0.0591 (0.0705)	
Epoch: [93][30/67]	Time 0.328 (0.327)	Data 0.025 (0.025)	Loss 0.0230 (0.0705)	
Epoch: [93][40/67]	Time 0.329 (0.327)	Data 0.025 (0.025)	Loss 0.0375 (0.0704)	
Epoch: [93][50/67]	Time 0.321 (0.327)	Data 0.025 (0.025)	Loss 0.0532 (0.0704)	
Epoch: [93][60/67]	Time 0.328 (0.327)	Data 0.024 (0.025)	Loss 0.0402 (0.0704)	
Test: [0/17]	Time 0.125 (0.125)	Loss 0.0303 (0.0303)	Prec@1 0.000 (0.000)	Prec@5 0.000 (0.000)
Test: [10/17]	Time 0.137 (0.130)	Loss 0.0482 (0.0670)	Prec@1 0.000 (0.000)	Prec@5 0.000 (0.000)
Overall Acc: 	 0.8441274842219566
Mean Acc : 	 0.5
FreqW Acc : 	 0.7125512096188896
Mean IoU : 	 0.4220637421109783
* Test:	Time 0.093 (0.127)	Loss 0.0444 (0.0643)	
learning rate = 0.000050
Epoch: [94][0/67]	Time 0.125 (0.327)	Data 0.025 (0.025)	Loss 0.0516 (0.0703)	
Epoch: [94][10/67]	Time 0.330 (0.327)	Data 0.024 (0.025)	Loss 0.0398 (0.0703)	
Epoch: [94][20/67]	Time 0.325 (0.327)	Data 0.024 (0.025)	Loss 0.0320 (0.0703)	
Epoch: [94][30/67]	Time 0.332 (0.327)	Data 0.024 (0.025)	Loss 0.0540 (0.0703)	
Epoch: [94][40/67]	Time 0.327 (0.327)	Data 0.025 (0.025)	Loss 0.0333 (0.0702)	
Epoch: [94][50/67]	Time 0.330 (0.327)	Data 0.025 (0.025)	Loss 0.0581 (0.0702)	
Epoch: [94][60/67]	Time 0.333 (0.327)	Data 0.025 (0.025)	Loss 0.0580 (0.0701)	
Test: [0/17]	Time 0.125 (0.125)	Loss 0.0712 (0.0712)	Prec@1 0.000 (0.000)	Prec@5 0.000 (0.000)
Test: [10/17]	Time 0.129 (0.128)	Loss 0.0489 (0.0690)	Prec@1 0.000 (0.000)	Prec@5 0.000 (0.000)
Overall Acc: 	 0.843952805248659
Mean Acc : 	 0.5
FreqW Acc : 	 0.712256337487081
Mean IoU : 	 0.4219764026243295
* Test:	Time 0.093 (0.126)	Loss 0.0491 (0.0643)	
learning rate = 0.000050
Epoch: [95][0/67]	Time 0.127 (0.327)	Data 0.024 (0.025)	Loss 0.0486 (0.0701)	
Epoch: [95][10/67]	Time 0.328 (0.327)	Data 0.025 (0.025)	Loss 0.0396 (0.0701)	
Epoch: [95][20/67]	Time 0.329 (0.327)	Data 0.025 (0.025)	Loss 0.0567 (0.0701)	
Epoch: [95][30/67]	Time 0.325 (0.327)	Data 0.025 (0.025)	Loss 0.0405 (0.0700)	
Epoch: [95][40/67]	Time 0.328 (0.327)	Data 0.025 (0.025)	Loss 0.0399 (0.0700)	
Epoch: [95][50/67]	Time 0.328 (0.327)	Data 0.025 (0.025)	Loss 0.0641 (0.0700)	
Epoch: [95][60/67]	Time 0.329 (0.327)	Data 0.024 (0.025)	Loss 0.0463 (0.0699)	
Test: [0/17]	Time 0.124 (0.124)	Loss 0.1096 (0.1096)	Prec@1 0.000 (0.000)	Prec@5 0.000 (0.000)
Test: [10/17]	Time 0.131 (0.129)	Loss 0.0610 (0.0649)	Prec@1 0.000 (0.000)	Prec@5 0.000 (0.000)
Overall Acc: 	 0.8443617180212221
Mean Acc : 	 0.5
FreqW Acc : 	 0.7129467108597497
Mean IoU : 	 0.42218085901061103
* Test:	Time 0.094 (0.127)	Loss 0.1043 (0.0661)	
learning rate = 0.000050
Epoch: [96][0/67]	Time 0.128 (0.327)	Data 0.025 (0.025)	Loss 0.0443 (0.0699)	
Epoch: [96][10/67]	Time 0.327 (0.327)	Data 0.024 (0.025)	Loss 0.0540 (0.0699)	
Epoch: [96][20/67]	Time 0.327 (0.327)	Data 0.024 (0.025)	Loss 0.0383 (0.0698)	
Epoch: [96][30/67]	Time 0.331 (0.327)	Data 0.024 (0.025)	Loss 0.0476 (0.0698)	
Epoch: [96][40/67]	Time 0.327 (0.327)	Data 0.024 (0.025)	Loss 0.0413 (0.0698)	
Epoch: [96][50/67]	Time 0.328 (0.327)	Data 0.024 (0.025)	Loss 0.0449 (0.0697)	
Epoch: [96][60/67]	Time 0.333 (0.327)	Data 0.024 (0.025)	Loss 0.0564 (0.0697)	
Test: [0/17]	Time 0.125 (0.125)	Loss 0.0652 (0.0652)	Prec@1 0.000 (0.000)	Prec@5 0.000 (0.000)
Test: [10/17]	Time 0.128 (0.156)	Loss 0.0751 (0.0750)	Prec@1 0.000 (0.000)	Prec@5 0.000 (0.000)
Overall Acc: 	 0.8444238918930737
Mean Acc : 	 0.5
FreqW Acc : 	 0.7130517091998453
Mean IoU : 	 0.4222119459465368
* Test:	Time 0.095 (0.144)	Loss 0.0363 (0.0650)	
learning rate = 0.000050
Epoch: [97][0/67]	Time 0.126 (0.327)	Data 0.024 (0.025)	Loss 0.0536 (0.0697)	
Epoch: [97][10/67]	Time 0.326 (0.327)	Data 0.025 (0.025)	Loss 0.0593 (0.0697)	
Epoch: [97][20/67]	Time 0.331 (0.327)	Data 0.025 (0.025)	Loss 0.0448 (0.0696)	
Epoch: [97][30/67]	Time 0.329 (0.327)	Data 0.025 (0.025)	Loss 0.0390 (0.0696)	
Epoch: [97][40/67]	Time 0.328 (0.327)	Data 0.025 (0.025)	Loss 0.0599 (0.0696)	
Epoch: [97][50/67]	Time 0.329 (0.327)	Data 0.025 (0.025)	Loss 0.0442 (0.0695)	
Epoch: [97][60/67]	Time 0.330 (0.327)	Data 0.025 (0.025)	Loss 0.0444 (0.0695)	
Test: [0/17]	Time 0.125 (0.125)	Loss 0.0803 (0.0803)	Prec@1 0.000 (0.000)	Prec@5 0.000 (0.000)
Test: [10/17]	Time 0.129 (0.129)	Loss 0.0950 (0.0639)	Prec@1 0.000 (0.000)	Prec@5 0.000 (0.000)
Overall Acc: 	 0.8445927634168027
Mean Acc : 	 0.5
FreqW Acc : 	 0.7133369360160312
Mean IoU : 	 0.42229638170840134
* Test:	Time 0.095 (0.129)	Loss 0.0737 (0.0640)	
learning rate = 0.000050
Epoch: [98][0/67]	Time 0.126 (0.327)	Data 0.024 (0.025)	Loss 0.0776 (0.0695)	
Epoch: [98][10/67]	Time 0.332 (0.327)	Data 0.024 (0.025)	Loss 0.0284 (0.0694)	
Epoch: [98][20/67]	Time 0.324 (0.327)	Data 0.024 (0.025)	Loss 0.0530 (0.0694)	
Epoch: [98][30/67]	Time 0.333 (0.327)	Data 0.024 (0.025)	Loss 0.0311 (0.0694)	
Epoch: [98][40/67]	Time 0.325 (0.327)	Data 0.024 (0.025)	Loss 0.0522 (0.0693)	
Epoch: [98][50/67]	Time 0.327 (0.327)	Data 0.024 (0.025)	Loss 0.0265 (0.0693)	
Epoch: [98][60/67]	Time 0.327 (0.327)	Data 0.024 (0.025)	Loss 0.0799 (0.0693)	
Test: [0/17]	Time 0.125 (0.125)	Loss 0.0452 (0.0452)	Prec@1 0.000 (0.000)	Prec@5 0.000 (0.000)
Test: [10/17]	Time 0.132 (0.130)	Loss 0.0582 (0.0715)	Prec@1 0.000 (0.000)	Prec@5 0.000 (0.000)
Overall Acc: 	 0.8438806106795126
Mean Acc : 	 0.5
FreqW Acc : 	 0.7121344850808271
Mean IoU : 	 0.4219403053397563
* Test:	Time 0.094 (0.128)	Loss 0.0264 (0.0674)	
learning rate = 0.000050
Epoch: [99][0/67]	Time 0.126 (0.327)	Data 0.024 (0.025)	Loss 0.0229 (0.0693)	
Epoch: [99][10/67]	Time 0.326 (0.327)	Data 0.024 (0.025)	Loss 0.0540 (0.0692)	
Epoch: [99][20/67]	Time 0.329 (0.327)	Data 0.024 (0.025)	Loss 0.0617 (0.0692)	
Epoch: [99][30/67]	Time 0.326 (0.327)	Data 0.024 (0.025)	Loss 0.0356 (0.0692)	
Epoch: [99][40/67]	Time 0.331 (0.327)	Data 0.024 (0.025)	Loss 0.0356 (0.0692)	
Epoch: [99][50/67]	Time 0.327 (0.327)	Data 0.024 (0.025)	Loss 0.0396 (0.0691)	
Epoch: [99][60/67]	Time 0.328 (0.327)	Data 0.024 (0.025)	Loss 0.0402 (0.0691)	
Test: [0/17]	Time 0.126 (0.126)	Loss 0.0530 (0.0530)	Prec@1 0.000 (0.000)	Prec@5 0.000 (0.000)
Test: [10/17]	Time 0.129 (0.128)	Loss 0.0777 (0.0637)	Prec@1 0.000 (0.000)	Prec@5 0.000 (0.000)
Overall Acc: 	 0.8438221945691464
Mean Acc : 	 0.5
FreqW Acc : 	 0.7120358960474904
Mean IoU : 	 0.4219110972845732
* Test:	Time 0.095 (0.127)	Loss 0.0577 (0.0645)	
