start training
learning rate = 0.000050
Epoch: [0][0/34]	Time 9.192 (9.192)	Data 0.071 (0.071)	Loss 0.7485 (0.7485)	
Epoch: [0][10/34]	Time 0.645 (1.393)	Data 0.053 (0.056)	Loss 0.4773 (0.5979)	
Epoch: [0][20/34]	Time 0.645 (1.038)	Data 0.053 (0.056)	Loss 0.4190 (0.4961)	
Epoch: [0][30/34]	Time 0.650 (0.913)	Data 0.062 (0.055)	Loss 0.4119 (0.4607)	
Test: [0/9]	Time 0.269 (0.269)	Loss 0.3745 (0.3745)	Prec@1 0.000 (0.000)	Prec@5 0.000 (0.000)
Overall Acc: 	 0.8616614270566115
Mean Acc : 	 0.5
FreqW Acc : 	 0.7424604148772362
Mean IoU : 	 0.43083071352830576
* Test:	Time 3.085 (0.581)	Loss 0.4019 (0.4006)	
learning rate = 0.000050
Epoch: [1][0/34]	Time 0.467 (1.107)	Data 0.059 (0.054)	Loss 0.4122 (0.4559)	
Epoch: [1][10/34]	Time 0.613 (0.996)	Data 0.050 (0.054)	Loss 0.2760 (0.4192)	
Epoch: [1][20/34]	Time 0.612 (0.926)	Data 0.050 (0.053)	Loss 0.1735 (0.3803)	
Epoch: [1][30/34]	Time 0.615 (0.878)	Data 0.050 (0.052)	Loss 0.1915 (0.3508)	
Test: [0/9]	Time 0.228 (0.228)	Loss 0.1505 (0.1505)	Prec@1 0.000 (0.000)	Prec@5 0.000 (0.000)
Overall Acc: 	 0.8623607123076026
Mean Acc : 	 0.5
FreqW Acc : 	 0.7436659981316757
Mean IoU : 	 0.4311803561538013
* Test:	Time 0.093 (0.216)	Loss 0.1384 (0.1683)	
learning rate = 0.000050
Epoch: [2][0/34]	Time 0.222 (0.856)	Data 0.049 (0.052)	Loss 0.1703 (0.3407)	
Epoch: [2][10/34]	Time 0.559 (0.820)	Data 0.049 (0.052)	Loss 0.0794 (0.3186)	
Epoch: [2][20/34]	Time 0.558 (0.791)	Data 0.049 (0.051)	Loss 0.1929 (0.3021)	
Epoch: [2][30/34]	Time 0.563 (0.768)	Data 0.049 (0.051)	Loss 0.1300 (0.2853)	
Test: [0/9]	Time 0.226 (0.226)	Loss 0.1443 (0.1443)	Prec@1 0.000 (0.000)	Prec@5 0.000 (0.000)
Overall Acc: 	 0.8616911475338153
Mean Acc : 	 0.5
FreqW Acc : 	 0.7425116337381433
Mean IoU : 	 0.43084557376690763
* Test:	Time 0.095 (0.219)	Loss 0.1584 (0.1470)	
learning rate = 0.000050
Epoch: [3][0/34]	Time 0.224 (0.756)	Data 0.049 (0.051)	Loss 0.1630 (0.2813)	
Epoch: [3][10/34]	Time 0.573 (0.739)	Data 0.048 (0.051)	Loss 0.1684 (0.2682)	
Epoch: [3][20/34]	Time 0.559 (0.724)	Data 0.049 (0.052)	Loss 0.2056 (0.2566)	
Epoch: [3][30/34]	Time 0.564 (0.712)	Data 0.049 (0.052)	Loss 0.1132 (0.2460)	
Test: [0/9]	Time 0.226 (0.226)	Loss 0.0978 (0.0978)	Prec@1 0.000 (0.000)	Prec@5 0.000 (0.000)
Overall Acc: 	 0.8629472647140275
Mean Acc : 	 0.5
FreqW Acc : 	 0.7446779816774218
Mean IoU : 	 0.43147363235701375
* Test:	Time 0.094 (0.216)	Loss 0.1078 (0.1119)	
learning rate = 0.000050
Epoch: [4][0/34]	Time 0.221 (0.705)	Data 0.049 (0.052)	Loss 0.1197 (0.2430)	
Epoch: [4][10/34]	Time 0.571 (0.695)	Data 0.049 (0.052)	Loss 0.1151 (0.2343)	
Epoch: [4][20/34]	Time 0.565 (0.687)	Data 0.049 (0.052)	Loss 0.1265 (0.2275)	
Epoch: [4][30/34]	Time 0.566 (0.679)	Data 0.049 (0.052)	Loss 0.1093 (0.2196)	
Test: [0/9]	Time 0.226 (0.226)	Loss 0.0657 (0.0657)	Prec@1 0.000 (0.000)	Prec@5 0.000 (0.000)
Overall Acc: 	 0.861893041809993
Mean Acc : 	 0.5
FreqW Acc : 	 0.7428596155204824
Mean IoU : 	 0.4309465209049965
* Test:	Time 0.093 (0.217)	Loss 0.1117 (0.0997)	
learning rate = 0.000050
Epoch: [5][0/34]	Time 0.220 (0.674)	Data 0.048 (0.052)	Loss 0.1092 (0.2172)	
Epoch: [5][10/34]	Time 0.562 (0.668)	Data 0.049 (0.051)	Loss 0.1194 (0.2109)	
Epoch: [5][20/34]	Time 0.566 (0.663)	Data 0.049 (0.051)	Loss 0.1230 (0.2050)	
Epoch: [5][30/34]	Time 0.559 (0.658)	Data 0.048 (0.051)	Loss 0.0898 (0.2005)	
Test: [0/9]	Time 0.226 (0.226)	Loss 0.0791 (0.0791)	Prec@1 0.000 (0.000)	Prec@5 0.000 (0.000)
Overall Acc: 	 0.8617039011485541
Mean Acc : 	 0.5
FreqW Acc : 	 0.7425336132546371
Mean IoU : 	 0.43085195057427705
* Test:	Time 0.093 (0.216)	Loss 0.1181 (0.1006)	
learning rate = 0.000050
Epoch: [6][0/34]	Time 0.222 (0.654)	Data 0.049 (0.051)	Loss 0.0923 (0.1986)	
Epoch: [6][10/34]	Time 0.563 (0.649)	Data 0.049 (0.051)	Loss 0.1100 (0.1932)	
Epoch: [6][20/34]	Time 0.569 (0.646)	Data 0.048 (0.051)	Loss 0.1097 (0.1892)	
Epoch: [6][30/34]	Time 0.564 (0.642)	Data 0.049 (0.051)	Loss 0.1132 (0.1856)	
Test: [0/9]	Time 0.225 (0.225)	Loss 0.0688 (0.0688)	Prec@1 0.000 (0.000)	Prec@5 0.000 (0.000)
Overall Acc: 	 0.862055764269473
Mean Acc : 	 0.5
FreqW Acc : 	 0.7431401407102252
Mean IoU : 	 0.4310278821347365
* Test:	Time 0.092 (0.216)	Loss 0.0930 (0.0928)	
learning rate = 0.000050
Epoch: [7][0/34]	Time 0.222 (0.639)	Data 0.048 (0.051)	Loss 0.1575 (0.1845)	
Epoch: [7][10/34]	Time 0.564 (0.636)	Data 0.049 (0.050)	Loss 0.1152 (0.1814)	
Epoch: [7][20/34]	Time 0.566 (0.633)	Data 0.049 (0.050)	Loss 0.1408 (0.1785)	
Epoch: [7][30/34]	Time 0.561 (0.631)	Data 0.050 (0.050)	Loss 0.0737 (0.1754)	
Test: [0/9]	Time 0.230 (0.230)	Loss 0.1462 (0.1462)	Prec@1 0.000 (0.000)	Prec@5 0.000 (0.000)
Overall Acc: 	 0.8620927725265275
Mean Acc : 	 0.5
FreqW Acc : 	 0.7432039484424751
Mean IoU : 	 0.43104638626326375
* Test:	Time 0.094 (0.217)	Loss 0.0643 (0.1031)	
learning rate = 0.000050
Epoch: [8][0/34]	Time 0.223 (0.628)	Data 0.049 (0.050)	Loss 0.1198 (0.1743)	
Epoch: [8][10/34]	Time 0.565 (0.626)	Data 0.049 (0.050)	Loss 0.1319 (0.1717)	
Epoch: [8][20/34]	Time 0.565 (0.624)	Data 0.049 (0.050)	Loss 0.0682 (0.1690)	
Epoch: [8][30/34]	Time 0.563 (0.622)	Data 0.048 (0.050)	Loss 0.0750 (0.1665)	
Test: [0/9]	Time 0.225 (0.225)	Loss 0.1070 (0.1070)	Prec@1 0.000 (0.000)	Prec@5 0.000 (0.000)
Overall Acc: 	 0.8620690872420126
Mean Acc : 	 0.5
FreqW Acc : 	 0.7431631111782767
Mean IoU : 	 0.4310345436210063
* Test:	Time 0.092 (0.215)	Loss 0.0326 (0.0864)	
learning rate = 0.000050
Epoch: [9][0/34]	Time 0.220 (0.620)	Data 0.048 (0.050)	Loss 0.1013 (0.1657)	
Epoch: [9][10/34]	Time 0.573 (0.618)	Data 0.049 (0.050)	Loss 0.0974 (0.1631)	
Epoch: [9][20/34]	Time 0.566 (0.617)	Data 0.049 (0.052)	Loss 0.0579 (0.1606)	
Epoch: [9][30/34]	Time 0.562 (0.615)	Data 0.048 (0.052)	Loss 0.1138 (0.1588)	
Test: [0/9]	Time 0.227 (0.227)	Loss 0.0938 (0.0938)	Prec@1 0.000 (0.000)	Prec@5 0.000 (0.000)
Overall Acc: 	 0.8621983314628032
Mean Acc : 	 0.5
FreqW Acc : 	 0.7433859627772419
Mean IoU : 	 0.4310991657314016
* Test:	Time 0.092 (0.216)	Loss 0.0858 (0.0896)	
learning rate = 0.000050
Epoch: [10][0/34]	Time 0.219 (0.613)	Data 0.048 (0.051)	Loss 0.1004 (0.1582)	
Epoch: [10][10/34]	Time 0.562 (0.612)	Data 0.049 (0.051)	Loss 0.0999 (0.1567)	
Epoch: [10][20/34]	Time 0.562 (0.611)	Data 0.049 (0.051)	Loss 0.0694 (0.1550)	
Epoch: [10][30/34]	Time 0.564 (0.609)	Data 0.049 (0.051)	Loss 0.0947 (0.1532)	
Test: [0/9]	Time 0.228 (0.228)	Loss 0.0747 (0.0747)	Prec@1 0.000 (0.000)	Prec@5 0.000 (0.000)
Overall Acc: 	 0.8623957847481343
Mean Acc : 	 0.5
FreqW Acc : 	 0.7437264895513503
Mean IoU : 	 0.43119789237406714
* Test:	Time 0.091 (0.218)	Loss 0.0733 (0.0767)	
learning rate = 0.000050
Epoch: [11][0/34]	Time 0.222 (0.608)	Data 0.049 (0.051)	Loss 0.1092 (0.1525)	
Epoch: [11][10/34]	Time 0.565 (0.607)	Data 0.050 (0.051)	Loss 0.1004 (0.1506)	
Epoch: [11][20/34]	Time 0.564 (0.606)	Data 0.048 (0.051)	Loss 0.0582 (0.1488)	
Epoch: [11][30/34]	Time 0.566 (0.605)	Data 0.048 (0.051)	Loss 0.0623 (0.1473)	
Test: [0/9]	Time 0.226 (0.226)	Loss 0.0707 (0.0707)	Prec@1 0.000 (0.000)	Prec@5 0.000 (0.000)
Overall Acc: 	 0.8623498945093867
Mean Acc : 	 0.5
FreqW Acc : 	 0.7436473405603504
Mean IoU : 	 0.43117494725469335
* Test:	Time 0.092 (0.215)	Loss 0.0829 (0.0832)	
learning rate = 0.000050
Epoch: [12][0/34]	Time 0.220 (0.603)	Data 0.048 (0.051)	Loss 0.0910 (0.1468)	
Epoch: [12][10/34]	Time 0.562 (0.602)	Data 0.048 (0.051)	Loss 0.1077 (0.1454)	
Epoch: [12][20/34]	Time 0.567 (0.601)	Data 0.049 (0.051)	Loss 0.0644 (0.1441)	
Epoch: [12][30/34]	Time 0.562 (0.600)	Data 0.049 (0.051)	Loss 0.0655 (0.1429)	
Test: [0/9]	Time 0.228 (0.228)	Loss 0.0927 (0.0927)	Prec@1 0.000 (0.000)	Prec@5 0.000 (0.000)
Overall Acc: 	 0.8619180935532299
Mean Acc : 	 0.5
FreqW Acc : 	 0.7429027999944344
Mean IoU : 	 0.43095904677661495
* Test:	Time 0.093 (0.218)	Loss 0.0593 (0.0768)	
learning rate = 0.000050
Epoch: [13][0/34]	Time 0.221 (0.599)	Data 0.048 (0.051)	Loss 0.0823 (0.1424)	
Epoch: [13][10/34]	Time 0.563 (0.598)	Data 0.048 (0.051)	Loss 0.0884 (0.1411)	
Epoch: [13][20/34]	Time 0.554 (0.598)	Data 0.049 (0.051)	Loss 0.0597 (0.1400)	
Epoch: [13][30/34]	Time 0.559 (0.597)	Data 0.049 (0.051)	Loss 0.0660 (0.1387)	
Test: [0/9]	Time 0.225 (0.225)	Loss 0.0615 (0.0615)	Prec@1 0.000 (0.000)	Prec@5 0.000 (0.000)
Overall Acc: 	 0.862104615168785
Mean Acc : 	 0.5
FreqW Acc : 	 0.7432243674953188
Mean IoU : 	 0.4310523075843925
* Test:	Time 0.092 (0.216)	Loss 0.0625 (0.0745)	
learning rate = 0.000050
Epoch: [14][0/34]	Time 0.221 (0.596)	Data 0.048 (0.051)	Loss 0.0541 (0.1382)	
Epoch: [14][10/34]	Time 0.561 (0.595)	Data 0.049 (0.051)	Loss 0.0806 (0.1369)	
Epoch: [14][20/34]	Time 0.564 (0.594)	Data 0.049 (0.051)	Loss 0.0779 (0.1361)	
Epoch: [14][30/34]	Time 0.561 (0.594)	Data 0.049 (0.051)	Loss 0.0516 (0.1350)	
Test: [0/9]	Time 0.228 (0.228)	Loss 0.0817 (0.0817)	Prec@1 0.000 (0.000)	Prec@5 0.000 (0.000)
Overall Acc: 	 0.8617781454057836
Mean Acc : 	 0.5
FreqW Acc : 	 0.7426615718990318
Mean IoU : 	 0.4308890727028918
* Test:	Time 0.093 (0.216)	Loss 0.0562 (0.0781)	
learning rate = 0.000050
Epoch: [15][0/34]	Time 0.219 (0.593)	Data 0.048 (0.051)	Loss 0.0732 (0.1345)	
Epoch: [15][10/34]	Time 0.570 (0.592)	Data 0.050 (0.050)	Loss 0.0967 (0.1334)	
Epoch: [15][20/34]	Time 0.567 (0.592)	Data 0.050 (0.051)	Loss 0.0851 (0.1324)	
Epoch: [15][30/34]	Time 0.561 (0.591)	Data 0.050 (0.051)	Loss 0.0560 (0.1313)	
Test: [0/9]	Time 0.226 (0.226)	Loss 0.0505 (0.0505)	Prec@1 0.000 (0.000)	Prec@5 0.000 (0.000)
Overall Acc: 	 0.862409107720674
Mean Acc : 	 0.5
FreqW Acc : 	 0.7437494690795692
Mean IoU : 	 0.431204553860337
* Test:	Time 0.093 (0.217)	Loss 0.0814 (0.0730)	
learning rate = 0.000050
Epoch: [16][0/34]	Time 0.220 (0.590)	Data 0.049 (0.051)	Loss 0.0507 (0.1311)	
Epoch: [16][10/34]	Time 0.563 (0.590)	Data 0.048 (0.051)	Loss 0.1127 (0.1303)	
Epoch: [16][20/34]	Time 0.562 (0.589)	Data 0.048 (0.051)	Loss 0.0555 (0.1293)	
Epoch: [16][30/34]	Time 0.565 (0.589)	Data 0.048 (0.051)	Loss 0.0959 (0.1286)	
Test: [0/9]	Time 0.234 (0.234)	Loss 0.0899 (0.0899)	Prec@1 0.000 (0.000)	Prec@5 0.000 (0.000)
Overall Acc: 	 0.8618716339566814
Mean Acc : 	 0.5
FreqW Acc : 	 0.7428227134191598
Mean IoU : 	 0.4309358169783407
* Test:	Time 0.091 (0.218)	Loss 0.0359 (0.0747)	
learning rate = 0.000050
Epoch: [17][0/34]	Time 0.220 (0.588)	Data 0.048 (0.051)	Loss 0.0941 (0.1282)	
Epoch: [17][10/34]	Time 0.565 (0.587)	Data 0.049 (0.051)	Loss 0.1144 (0.1275)	
Epoch: [17][20/34]	Time 0.563 (0.587)	Data 0.048 (0.051)	Loss 0.1125 (0.1268)	
Epoch: [17][30/34]	Time 0.563 (0.587)	Data 0.049 (0.050)	Loss 0.0790 (0.1260)	
Test: [0/9]	Time 0.227 (0.227)	Loss 0.0831 (0.0831)	Prec@1 0.000 (0.000)	Prec@5 0.000 (0.000)
Overall Acc: 	 0.8627329584377915
Mean Acc : 	 0.5
FreqW Acc : 	 0.7443081575748242
Mean IoU : 	 0.43136647921889576
* Test:	Time 0.091 (0.215)	Loss 0.0402 (0.0665)	
learning rate = 0.000050
Epoch: [18][0/34]	Time 0.220 (0.586)	Data 0.048 (0.050)	Loss 0.0674 (0.1256)	
Epoch: [18][10/34]	Time 0.561 (0.585)	Data 0.049 (0.050)	Loss 0.0797 (0.1248)	
Epoch: [18][20/34]	Time 0.565 (0.585)	Data 0.050 (0.050)	Loss 0.0638 (0.1241)	
Epoch: [18][30/34]	Time 0.560 (0.585)	Data 0.050 (0.050)	Loss 0.0629 (0.1233)	
Test: [0/9]	Time 0.228 (0.228)	Loss 0.0914 (0.0914)	Prec@1 0.000 (0.000)	Prec@5 0.000 (0.000)
Overall Acc: 	 0.8621269339945778
Mean Acc : 	 0.5
FreqW Acc : 	 0.7432628503188912
Mean IoU : 	 0.4310634669972889
* Test:	Time 0.091 (0.217)	Loss 0.0468 (0.0714)	
learning rate = 0.000050
Epoch: [19][0/34]	Time 0.220 (0.584)	Data 0.048 (0.050)	Loss 0.0901 (0.1230)	
Epoch: [19][10/34]	Time 0.564 (0.584)	Data 0.050 (0.050)	Loss 0.0890 (0.1222)	
Epoch: [19][20/34]	Time 0.564 (0.583)	Data 0.050 (0.050)	Loss 0.0526 (0.1214)	
Epoch: [19][30/34]	Time 0.560 (0.583)	Data 0.049 (0.050)	Loss 0.0877 (0.1208)	
Test: [0/9]	Time 0.229 (0.229)	Loss 0.0800 (0.0800)	Prec@1 0.000 (0.000)	Prec@5 0.000 (0.000)
Overall Acc: 	 0.8620610023612407
Mean Acc : 	 0.5
FreqW Acc : 	 0.7431491717920671
Mean IoU : 	 0.43103050118062036
* Test:	Time 0.092 (0.218)	Loss 0.0352 (0.0642)	
learning rate = 0.000050
Epoch: [20][0/34]	Time 0.220 (0.582)	Data 0.048 (0.050)	Loss 0.0725 (0.1205)	
Epoch: [20][10/34]	Time 0.562 (0.582)	Data 0.050 (0.050)	Loss 0.0812 (0.1199)	
Epoch: [20][20/34]	Time 0.579 (0.582)	Data 0.049 (0.050)	Loss 0.0980 (0.1192)	
Epoch: [20][30/34]	Time 0.561 (0.582)	Data 0.049 (0.050)	Loss 0.1021 (0.1186)	
Test: [0/9]	Time 0.226 (0.226)	Loss 0.0819 (0.0819)	Prec@1 0.000 (0.000)	Prec@5 0.000 (0.000)
Overall Acc: 	 0.8617320274239155
Mean Acc : 	 0.5
FreqW Acc : 	 0.7425820870881319
Mean IoU : 	 0.43086601371195776
* Test:	Time 0.094 (0.215)	Loss 0.0504 (0.0696)	
learning rate = 0.000050
Epoch: [21][0/34]	Time 0.221 (0.581)	Data 0.049 (0.050)	Loss 0.0987 (0.1185)	
Epoch: [21][10/34]	Time 0.561 (0.581)	Data 0.049 (0.050)	Loss 0.0716 (0.1179)	
Epoch: [21][20/34]	Time 0.563 (0.580)	Data 0.049 (0.050)	Loss 0.0746 (0.1172)	
Epoch: [21][30/34]	Time 0.561 (0.580)	Data 0.049 (0.050)	Loss 0.0760 (0.1166)	
Test: [0/9]	Time 0.226 (0.226)	Loss 0.0539 (0.0539)	Prec@1 0.000 (0.000)	Prec@5 0.000 (0.000)
Overall Acc: 	 0.862213134765625
Mean Acc : 	 0.5
FreqW Acc : 	 0.7434114897623658
Mean IoU : 	 0.4311065673828125
* Test:	Time 0.093 (0.216)	Loss 0.0514 (0.0665)	
learning rate = 0.000050
Epoch: [22][0/34]	Time 0.222 (0.580)	Data 0.049 (0.050)	Loss 0.0690 (0.1164)	
Epoch: [22][10/34]	Time 0.564 (0.579)	Data 0.049 (0.050)	Loss 0.0707 (0.1159)	
Epoch: [22][20/34]	Time 0.569 (0.579)	Data 0.048 (0.050)	Loss 0.0893 (0.1153)	
Epoch: [22][30/34]	Time 0.561 (0.579)	Data 0.049 (0.050)	Loss 0.0676 (0.1148)	
Test: [0/9]	Time 0.228 (0.228)	Loss 0.0866 (0.0866)	Prec@1 0.000 (0.000)	Prec@5 0.000 (0.000)
Overall Acc: 	 0.8620637352786847
Mean Acc : 	 0.5
FreqW Acc : 	 0.7431538836826382
Mean IoU : 	 0.43103186763934237
* Test:	Time 0.092 (0.216)	Loss 0.0331 (0.0678)	
learning rate = 0.000050
Epoch: [23][0/34]	Time 0.219 (0.578)	Data 0.048 (0.050)	Loss 0.0619 (0.1146)	
Epoch: [23][10/34]	Time 0.564 (0.578)	Data 0.049 (0.050)	Loss 0.0754 (0.1141)	
Epoch: [23][20/34]	Time 0.561 (0.578)	Data 0.049 (0.050)	Loss 0.0595 (0.1135)	
Epoch: [23][30/34]	Time 0.564 (0.578)	Data 0.049 (0.050)	Loss 0.0887 (0.1130)	
Test: [0/9]	Time 0.226 (0.226)	Loss 0.0483 (0.0483)	Prec@1 0.000 (0.000)	Prec@5 0.000 (0.000)
Overall Acc: 	 0.8623698220324161
Mean Acc : 	 0.5
FreqW Acc : 	 0.7436817099522209
Mean IoU : 	 0.43118491101620804
* Test:	Time 0.091 (0.216)	Loss 0.0349 (0.0632)	
learning rate = 0.000050
Epoch: [24][0/34]	Time 0.223 (0.577)	Data 0.048 (0.050)	Loss 0.0751 (0.1129)	
Epoch: [24][10/34]	Time 0.566 (0.577)	Data 0.048 (0.050)	Loss 0.0817 (0.1123)	
Epoch: [24][20/34]	Time 0.560 (0.577)	Data 0.048 (0.050)	Loss 0.0845 (0.1118)	
Epoch: [24][30/34]	Time 0.561 (0.577)	Data 0.048 (0.050)	Loss 0.0746 (0.1114)	
Test: [0/9]	Time 0.235 (0.235)	Loss 0.0588 (0.0588)	Prec@1 0.000 (0.000)	Prec@5 0.000 (0.000)
Overall Acc: 	 0.8618072965251866
Mean Acc : 	 0.5
FreqW Acc : 	 0.7427118163440509
Mean IoU : 	 0.4309036482625933
* Test:	Time 0.092 (0.216)	Loss 0.0779 (0.0629)	
learning rate = 0.000050
Epoch: [25][0/34]	Time 0.222 (0.576)	Data 0.049 (0.050)	Loss 0.0743 (0.1113)	
Epoch: [25][10/34]	Time 0.564 (0.576)	Data 0.049 (0.050)	Loss 0.0569 (0.1107)	
Epoch: [25][20/34]	Time 0.566 (0.576)	Data 0.049 (0.050)	Loss 0.0767 (0.1102)	
Epoch: [25][30/34]	Time 0.561 (0.576)	Data 0.049 (0.050)	Loss 0.0549 (0.1098)	
Test: [0/9]	Time 0.227 (0.227)	Loss 0.0480 (0.0480)	Prec@1 0.000 (0.000)	Prec@5 0.000 (0.000)
Overall Acc: 	 0.8622581140318913
Mean Acc : 	 0.5
FreqW Acc : 	 0.7434890552138341
Mean IoU : 	 0.43112905701594567
* Test:	Time 0.094 (0.221)	Loss 0.1356 (0.0610)	
learning rate = 0.000050
Epoch: [26][0/34]	Time 0.222 (0.575)	Data 0.049 (0.050)	Loss 0.0633 (0.1097)	
Epoch: [26][10/34]	Time 0.562 (0.575)	Data 0.048 (0.050)	Loss 0.0715 (0.1093)	
Epoch: [26][20/34]	Time 0.562 (0.575)	Data 0.047 (0.050)	Loss 0.0631 (0.1089)	
Epoch: [26][30/34]	Time 0.573 (0.575)	Data 0.049 (0.050)	Loss 0.0404 (0.1084)	
Test: [0/9]	Time 0.224 (0.224)	Loss 0.0640 (0.0640)	Prec@1 0.000 (0.000)	Prec@5 0.000 (0.000)
Overall Acc: 	 0.8631324198708605
Mean Acc : 	 0.5
FreqW Acc : 	 0.7449975742321275
Mean IoU : 	 0.43156620993543027
* Test:	Time 0.092 (0.216)	Loss 0.0506 (0.0652)	
learning rate = 0.000050
Epoch: [27][0/34]	Time 0.220 (0.574)	Data 0.048 (0.050)	Loss 0.0849 (0.1083)	
Epoch: [27][10/34]	Time 0.567 (0.574)	Data 0.049 (0.050)	Loss 0.0550 (0.1079)	
Epoch: [27][20/34]	Time 0.560 (0.574)	Data 0.049 (0.050)	Loss 0.0728 (0.1076)	
Epoch: [27][30/34]	Time 0.561 (0.574)	Data 0.049 (0.050)	Loss 0.0547 (0.1070)	
Test: [0/9]	Time 0.225 (0.225)	Loss 0.0502 (0.0502)	Prec@1 0.000 (0.000)	Prec@5 0.000 (0.000)
Overall Acc: 	 0.8623018407109958
Mean Acc : 	 0.5
FreqW Acc : 	 0.7435644644935716
Mean IoU : 	 0.4311509203554979
* Test:	Time 0.092 (0.216)	Loss 0.0286 (0.0636)	
learning rate = 0.000050
Epoch: [28][0/34]	Time 0.221 (0.574)	Data 0.048 (0.050)	Loss 0.0619 (0.1069)	
Epoch: [28][10/34]	Time 0.564 (0.574)	Data 0.049 (0.050)	Loss 0.0595 (0.1065)	
Epoch: [28][20/34]	Time 0.567 (0.573)	Data 0.049 (0.050)	Loss 0.0820 (0.1060)	
Epoch: [28][30/34]	Time 0.559 (0.573)	Data 0.049 (0.050)	Loss 0.0564 (0.1057)	
Test: [0/9]	Time 0.226 (0.226)	Loss 0.0836 (0.0836)	Prec@1 0.000 (0.000)	Prec@5 0.000 (0.000)
Overall Acc: 	 0.8622453604171525
Mean Acc : 	 0.5
FreqW Acc : 	 0.7434670615609053
Mean IoU : 	 0.43112268020857625
* Test:	Time 0.092 (0.215)	Loss 0.0699 (0.0661)	
learning rate = 0.000050
Epoch: [29][0/34]	Time 0.221 (0.573)	Data 0.048 (0.050)	Loss 0.0864 (0.1056)	
Epoch: [29][10/34]	Time 0.562 (0.573)	Data 0.050 (0.050)	Loss 0.0710 (0.1056)	
Epoch: [29][20/34]	Time 0.568 (0.573)	Data 0.049 (0.050)	Loss 0.1232 (0.1054)	
Epoch: [29][30/34]	Time 0.564 (0.573)	Data 0.049 (0.050)	Loss 0.0996 (0.1053)	
Test: [0/9]	Time 0.228 (0.228)	Loss 0.0384 (0.0384)	Prec@1 0.000 (0.000)	Prec@5 0.000 (0.000)
Overall Acc: 	 0.8611022038246269
Mean Acc : 	 0.5
FreqW Acc : 	 0.7414970054316292
Mean IoU : 	 0.43055110191231344
* Test:	Time 0.092 (0.217)	Loss 0.0799 (0.0761)	
learning rate = 0.000050
Epoch: [30][0/34]	Time 0.222 (0.572)	Data 0.048 (0.050)	Loss 0.0812 (0.1052)	
Epoch: [30][10/34]	Time 0.568 (0.572)	Data 0.049 (0.050)	Loss 0.0745 (0.1049)	
Epoch: [30][20/34]	Time 0.561 (0.572)	Data 0.049 (0.050)	Loss 0.1210 (0.1046)	
Epoch: [30][30/34]	Time 0.565 (0.572)	Data 0.049 (0.050)	Loss 0.0729 (0.1043)	
Test: [0/9]	Time 0.225 (0.225)	Loss 0.0977 (0.0977)	Prec@1 0.000 (0.000)	Prec@5 0.000 (0.000)
Overall Acc: 	 0.8620925447834071
Mean Acc : 	 0.5
FreqW Acc : 	 0.7432035557711308
Mean IoU : 	 0.43104627239170357
* Test:	Time 0.092 (0.218)	Loss 0.0718 (0.0689)	
learning rate = 0.000050
Epoch: [31][0/34]	Time 0.223 (0.572)	Data 0.048 (0.050)	Loss 0.0775 (0.1043)	
Epoch: [31][10/34]	Time 0.564 (0.571)	Data 0.049 (0.050)	Loss 0.0753 (0.1040)	
Epoch: [31][20/34]	Time 0.561 (0.571)	Data 0.048 (0.050)	Loss 0.0646 (0.1036)	
Epoch: [31][30/34]	Time 0.566 (0.571)	Data 0.048 (0.050)	Loss 0.0779 (0.1034)	
Test: [0/9]	Time 0.229 (0.229)	Loss 0.0749 (0.0749)	Prec@1 0.000 (0.000)	Prec@5 0.000 (0.000)
Overall Acc: 	 0.8625212712074394
Mean Acc : 	 0.5
FreqW Acc : 	 0.7439429432852972
Mean IoU : 	 0.4312606356037197
* Test:	Time 0.092 (0.218)	Loss 0.0950 (0.0641)	
learning rate = 0.000050
Epoch: [32][0/34]	Time 0.219 (0.571)	Data 0.048 (0.050)	Loss 0.0614 (0.1033)	
Epoch: [32][10/34]	Time 0.562 (0.571)	Data 0.048 (0.050)	Loss 0.0698 (0.1030)	
Epoch: [32][20/34]	Time 0.568 (0.571)	Data 0.049 (0.050)	Loss 0.0552 (0.1027)	
Epoch: [32][30/34]	Time 0.562 (0.571)	Data 0.049 (0.050)	Loss 0.0686 (0.1024)	
Test: [0/9]	Time 0.225 (0.225)	Loss 0.0695 (0.0695)	Prec@1 0.000 (0.000)	Prec@5 0.000 (0.000)
Overall Acc: 	 0.8622642630961403
Mean Acc : 	 0.5
FreqW Acc : 	 0.74349965941273
Mean IoU : 	 0.4311321315480702
* Test:	Time 0.092 (0.216)	Loss 0.0458 (0.0608)	
learning rate = 0.000050
Epoch: [33][0/34]	Time 0.220 (0.570)	Data 0.048 (0.050)	Loss 0.0618 (0.1023)	
Epoch: [33][10/34]	Time 0.564 (0.570)	Data 0.050 (0.050)	Loss 0.1031 (0.1020)	
Epoch: [33][20/34]	Time 0.558 (0.570)	Data 0.050 (0.050)	Loss 0.0788 (0.1017)	
Epoch: [33][30/34]	Time 0.567 (0.570)	Data 0.049 (0.050)	Loss 0.0933 (0.1014)	
Test: [0/9]	Time 0.227 (0.227)	Loss 0.0516 (0.0516)	Prec@1 0.000 (0.000)	Prec@5 0.000 (0.000)
Overall Acc: 	 0.8619892632783349
Mean Acc : 	 0.5
FreqW Acc : 	 0.7430254900071266
Mean IoU : 	 0.43099463163916746
* Test:	Time 0.092 (0.216)	Loss 0.0580 (0.0613)	
learning rate = 0.000050
Epoch: [34][0/34]	Time 0.222 (0.570)	Data 0.049 (0.050)	Loss 0.1027 (0.1013)	
Epoch: [34][10/34]	Time 0.563 (0.570)	Data 0.048 (0.050)	Loss 0.0471 (0.1010)	
Epoch: [34][20/34]	Time 0.564 (0.570)	Data 0.048 (0.050)	Loss 0.0899 (0.1008)	
Epoch: [34][30/34]	Time 0.560 (0.570)	Data 0.048 (0.050)	Loss 0.0401 (0.1005)	
Test: [0/9]	Time 0.229 (0.229)	Loss 0.0648 (0.0648)	Prec@1 0.000 (0.000)	Prec@5 0.000 (0.000)
Overall Acc: 	 0.8621492528203708
Mean Acc : 	 0.5
FreqW Acc : 	 0.7433013341387237
Mean IoU : 	 0.4310746264101854
* Test:	Time 0.092 (0.215)	Loss 0.0232 (0.0601)	
learning rate = 0.000050
Epoch: [35][0/34]	Time 0.221 (0.569)	Data 0.048 (0.050)	Loss 0.0398 (0.1003)	
Epoch: [35][10/34]	Time 0.564 (0.569)	Data 0.049 (0.050)	Loss 0.0844 (0.1001)	
Epoch: [35][20/34]	Time 0.566 (0.569)	Data 0.050 (0.050)	Loss 0.0599 (0.0998)	
Epoch: [35][30/34]	Time 0.562 (0.569)	Data 0.050 (0.050)	Loss 0.1165 (0.0995)	
Test: [0/9]	Time 0.227 (0.227)	Loss 0.0454 (0.0454)	Prec@1 0.000 (0.000)	Prec@5 0.000 (0.000)
Overall Acc: 	 0.8622476378483559
Mean Acc : 	 0.5
FreqW Acc : 	 0.7434709889750695
Mean IoU : 	 0.43112381892417795
* Test:	Time 0.092 (0.215)	Loss 0.0749 (0.0583)	
learning rate = 0.000050
Epoch: [36][0/34]	Time 0.219 (0.569)	Data 0.048 (0.050)	Loss 0.0453 (0.0994)	
Epoch: [36][10/34]	Time 0.567 (0.569)	Data 0.049 (0.050)	Loss 0.0415 (0.0992)	
Epoch: [36][20/34]	Time 0.565 (0.569)	Data 0.049 (0.050)	Loss 0.0735 (0.0989)	
Epoch: [36][30/34]	Time 0.562 (0.569)	Data 0.049 (0.050)	Loss 0.1003 (0.0987)	
Test: [0/9]	Time 0.227 (0.227)	Loss 0.0608 (0.0608)	Prec@1 0.000 (0.000)	Prec@5 0.000 (0.000)
Overall Acc: 	 0.8623413541423741
Mean Acc : 	 0.5
FreqW Acc : 	 0.7436326110641035
Mean IoU : 	 0.43117067707118706
* Test:	Time 0.094 (0.216)	Loss 0.0403 (0.0612)	
learning rate = 0.000050
Epoch: [37][0/34]	Time 0.222 (0.568)	Data 0.049 (0.050)	Loss 0.0739 (0.0986)	
Epoch: [37][10/34]	Time 0.564 (0.568)	Data 0.049 (0.050)	Loss 0.0523 (0.0983)	
Epoch: [37][20/34]	Time 0.566 (0.568)	Data 0.049 (0.050)	Loss 0.0439 (0.0980)	
Epoch: [37][30/34]	Time 0.560 (0.568)	Data 0.048 (0.050)	Loss 0.0721 (0.0978)	
Test: [0/9]	Time 0.226 (0.226)	Loss 0.0612 (0.0612)	Prec@1 0.000 (0.000)	Prec@5 0.000 (0.000)
Overall Acc: 	 0.8619927932967001
Mean Acc : 	 0.5
FreqW Acc : 	 0.7430315756954475
Mean IoU : 	 0.43099639664835004
* Test:	Time 0.095 (0.216)	Loss 0.0370 (0.0594)	
learning rate = 0.000050
Epoch: [38][0/34]	Time 0.222 (0.568)	Data 0.049 (0.050)	Loss 0.0688 (0.0977)	
Epoch: [38][10/34]	Time 0.562 (0.568)	Data 0.049 (0.050)	Loss 0.0587 (0.0975)	
Epoch: [38][20/34]	Time 0.565 (0.568)	Data 0.048 (0.050)	Loss 0.0633 (0.0972)	
Epoch: [38][30/34]	Time 0.559 (0.568)	Data 0.049 (0.050)	Loss 0.0784 (0.0970)	
Test: [0/9]	Time 0.228 (0.228)	Loss 0.0433 (0.0433)	Prec@1 0.000 (0.000)	Prec@5 0.000 (0.000)
Overall Acc: 	 0.8623846253352379
Mean Acc : 	 0.5
FreqW Acc : 	 0.7437072420145986
Mean IoU : 	 0.4311923126676189
* Test:	Time 0.095 (0.217)	Loss 0.0715 (0.0629)	
learning rate = 0.000050
Epoch: [39][0/34]	Time 0.222 (0.567)	Data 0.048 (0.050)	Loss 0.0493 (0.0969)	
Epoch: [39][10/34]	Time 0.566 (0.567)	Data 0.049 (0.050)	Loss 0.0608 (0.0967)	
Epoch: [39][20/34]	Time 0.568 (0.567)	Data 0.049 (0.050)	Loss 0.0576 (0.0965)	
Epoch: [39][30/34]	Time 0.561 (0.567)	Data 0.049 (0.050)	Loss 0.1000 (0.0963)	
Test: [0/9]	Time 0.227 (0.227)	Loss 0.0628 (0.0628)	Prec@1 0.000 (0.000)	Prec@5 0.000 (0.000)
Overall Acc: 	 0.8623272340689132
Mean Acc : 	 0.5
FreqW Acc : 	 0.7436082586169422
Mean IoU : 	 0.4311636170344566
* Test:	Time 0.092 (0.216)	Loss 0.0574 (0.0618)	
learning rate = 0.000050
Epoch: [40][0/34]	Time 0.223 (0.567)	Data 0.049 (0.050)	Loss 0.0472 (0.0961)	
Epoch: [40][10/34]	Time 0.568 (0.567)	Data 0.050 (0.050)	Loss 0.0881 (0.0960)	
Epoch: [40][20/34]	Time 0.568 (0.567)	Data 0.048 (0.050)	Loss 0.0378 (0.0957)	
Epoch: [40][30/34]	Time 0.559 (0.567)	Data 0.049 (0.050)	Loss 0.0602 (0.0955)	
Test: [0/9]	Time 0.228 (0.228)	Loss 0.0637 (0.0637)	Prec@1 0.000 (0.000)	Prec@5 0.000 (0.000)
Overall Acc: 	 0.8619851639021688
Mean Acc : 	 0.5
FreqW Acc : 	 0.7430184227874489
Mean IoU : 	 0.4309925819510844
* Test:	Time 0.093 (0.216)	Loss 0.0516 (0.0574)	
learning rate = 0.000050
Epoch: [41][0/34]	Time 0.220 (0.567)	Data 0.048 (0.050)	Loss 0.0586 (0.0954)	
Epoch: [41][10/34]	Time 0.564 (0.567)	Data 0.049 (0.050)	Loss 0.0656 (0.0951)	
Epoch: [41][20/34]	Time 0.566 (0.567)	Data 0.049 (0.050)	Loss 0.0577 (0.0950)	
Epoch: [41][30/34]	Time 0.562 (0.567)	Data 0.049 (0.050)	Loss 0.0754 (0.0949)	
Test: [0/9]	Time 0.231 (0.231)	Loss 0.0910 (0.0910)	Prec@1 0.000 (0.000)	Prec@5 0.000 (0.000)
Overall Acc: 	 0.8622539007841651
Mean Acc : 	 0.5
FreqW Acc : 	 0.7434817894175088
Mean IoU : 	 0.43112695039208254
* Test:	Time 0.092 (0.217)	Loss 0.0601 (0.0610)	
learning rate = 0.000050
Epoch: [42][0/34]	Time 0.220 (0.566)	Data 0.048 (0.050)	Loss 0.0674 (0.0948)	
Epoch: [42][10/34]	Time 0.565 (0.566)	Data 0.049 (0.050)	Loss 0.0505 (0.0946)	
Epoch: [42][20/34]	Time 0.562 (0.566)	Data 0.049 (0.050)	Loss 0.0715 (0.0944)	
Epoch: [42][30/34]	Time 0.561 (0.566)	Data 0.049 (0.050)	Loss 0.0682 (0.0942)	
Test: [0/9]	Time 0.225 (0.225)	Loss 0.0631 (0.0631)	Prec@1 0.000 (0.000)	Prec@5 0.000 (0.000)
Overall Acc: 	 0.8620541700676306
Mean Acc : 	 0.5
FreqW Acc : 	 0.7431373921309914
Mean IoU : 	 0.4310270850338153
* Test:	Time 0.092 (0.217)	Loss 0.0416 (0.0638)	
learning rate = 0.000050
Epoch: [43][0/34]	Time 0.219 (0.566)	Data 0.048 (0.050)	Loss 0.0972 (0.0942)	
Epoch: [43][10/34]	Time 0.568 (0.566)	Data 0.049 (0.050)	Loss 0.0367 (0.0940)	
Epoch: [43][20/34]	Time 0.567 (0.566)	Data 0.049 (0.050)	Loss 0.0640 (0.0938)	
Epoch: [43][30/34]	Time 0.564 (0.566)	Data 0.050 (0.050)	Loss 0.0645 (0.0936)	
Test: [0/9]	Time 0.226 (0.226)	Loss 0.0715 (0.0715)	Prec@1 0.000 (0.000)	Prec@5 0.000 (0.000)
Overall Acc: 	 0.86191137513118
Mean Acc : 	 0.5
FreqW Acc : 	 0.7428912185805217
Mean IoU : 	 0.43095568756559
* Test:	Time 0.092 (0.219)	Loss 0.0602 (0.0591)	
learning rate = 0.000050
Epoch: [44][0/34]	Time 0.221 (0.566)	Data 0.048 (0.050)	Loss 0.0749 (0.0935)	
Epoch: [44][10/34]	Time 0.566 (0.566)	Data 0.049 (0.050)	Loss 0.0821 (0.0934)	
Epoch: [44][20/34]	Time 0.563 (0.566)	Data 0.049 (0.050)	Loss 0.0680 (0.0932)	
Epoch: [44][30/34]	Time 0.563 (0.566)	Data 0.048 (0.050)	Loss 0.0810 (0.0931)	
Test: [0/9]	Time 0.225 (0.225)	Loss 0.0440 (0.0440)	Prec@1 0.000 (0.000)	Prec@5 0.000 (0.000)
Overall Acc: 	 0.8624137764546409
Mean Acc : 	 0.5
FreqW Acc : 	 0.7437575218187553
Mean IoU : 	 0.43120688822732045
* Test:	Time 0.095 (0.218)	Loss 0.0756 (0.0590)	
learning rate = 0.000050
Epoch: [45][0/34]	Time 0.222 (0.565)	Data 0.048 (0.050)	Loss 0.1088 (0.0930)	
Epoch: [45][10/34]	Time 0.564 (0.565)	Data 0.049 (0.050)	Loss 0.0459 (0.0928)	
Epoch: [45][20/34]	Time 0.565 (0.565)	Data 0.049 (0.050)	Loss 0.0897 (0.0926)	
Epoch: [45][30/34]	Time 0.561 (0.565)	Data 0.049 (0.050)	Loss 0.0625 (0.0925)	
Test: [0/9]	Time 0.224 (0.224)	Loss 0.0702 (0.0702)	Prec@1 0.000 (0.000)	Prec@5 0.000 (0.000)
Overall Acc: 	 0.8617339632404384
Mean Acc : 	 0.5
FreqW Acc : 	 0.7425854234020732
Mean IoU : 	 0.4308669816202192
* Test:	Time 0.094 (0.216)	Loss 0.0674 (0.0579)	
learning rate = 0.000050
Epoch: [46][0/34]	Time 0.223 (0.565)	Data 0.048 (0.050)	Loss 0.0736 (0.0924)	
Epoch: [46][10/34]	Time 0.562 (0.565)	Data 0.049 (0.050)	Loss 0.0787 (0.0922)	
Epoch: [46][20/34]	Time 0.566 (0.565)	Data 0.048 (0.050)	Loss 0.0495 (0.0920)	
Epoch: [46][30/34]	Time 0.566 (0.565)	Data 0.049 (0.050)	Loss 0.0545 (0.0918)	
Test: [0/9]	Time 0.226 (0.226)	Loss 0.0654 (0.0654)	Prec@1 0.000 (0.000)	Prec@5 0.000 (0.000)
Overall Acc: 	 0.8613255059541162
Mean Acc : 	 0.5
FreqW Acc : 	 0.7418816272071143
Mean IoU : 	 0.4306627529770581
* Test:	Time 0.093 (0.216)	Loss 0.1193 (0.0582)	
learning rate = 0.000050
Epoch: [47][0/34]	Time 0.221 (0.565)	Data 0.048 (0.050)	Loss 0.0683 (0.0918)	
Epoch: [47][10/34]	Time 0.561 (0.565)	Data 0.048 (0.050)	Loss 0.0486 (0.0916)	
Epoch: [47][20/34]	Time 0.560 (0.565)	Data 0.049 (0.050)	Loss 0.1029 (0.0914)	
Epoch: [47][30/34]	Time 0.567 (0.565)	Data 0.049 (0.050)	Loss 0.0378 (0.0913)	
Test: [0/9]	Time 0.227 (0.227)	Loss 0.0770 (0.0770)	Prec@1 0.000 (0.000)	Prec@5 0.000 (0.000)
Overall Acc: 	 0.8622073273160564
Mean Acc : 	 0.5
FreqW Acc : 	 0.7434014752774972
Mean IoU : 	 0.4311036636580282
* Test:	Time 0.092 (0.217)	Loss 0.0517 (0.0615)	
learning rate = 0.000050
Epoch: [48][0/34]	Time 0.222 (0.565)	Data 0.049 (0.050)	Loss 0.0660 (0.0912)	
Epoch: [48][10/34]	Time 0.565 (0.565)	Data 0.049 (0.050)	Loss 0.0485 (0.0911)	
Epoch: [48][20/34]	Time 0.562 (0.565)	Data 0.049 (0.050)	Loss 0.0731 (0.0909)	
Epoch: [48][30/34]	Time 0.565 (0.565)	Data 0.049 (0.050)	Loss 0.0672 (0.0907)	
Test: [0/9]	Time 0.226 (0.226)	Loss 0.0663 (0.0663)	Prec@1 0.000 (0.000)	Prec@5 0.000 (0.000)
Overall Acc: 	 0.8620534868382695
Mean Acc : 	 0.5
FreqW Acc : 	 0.7431362141700185
Mean IoU : 	 0.4310267434191348
* Test:	Time 0.092 (0.216)	Loss 0.0670 (0.0578)	
learning rate = 0.000050
Epoch: [49][0/34]	Time 0.222 (0.564)	Data 0.048 (0.050)	Loss 0.0666 (0.0906)	
Epoch: [49][10/34]	Time 0.574 (0.564)	Data 0.049 (0.050)	Loss 0.0560 (0.0905)	
Epoch: [49][20/34]	Time 0.562 (0.564)	Data 0.049 (0.050)	Loss 0.0677 (0.0903)	
Epoch: [49][30/34]	Time 0.565 (0.564)	Data 0.049 (0.050)	Loss 0.0610 (0.0901)	
Test: [0/9]	Time 0.225 (0.225)	Loss 0.0773 (0.0773)	Prec@1 0.000 (0.000)	Prec@5 0.000 (0.000)
Overall Acc: 	 0.8625031656293727
Mean Acc : 	 0.5
FreqW Acc : 	 0.7439117107206891
Mean IoU : 	 0.43125158281468634
* Test:	Time 0.092 (0.219)	Loss 0.0586 (0.0566)	
learning rate = 0.000050
Epoch: [50][0/34]	Time 0.221 (0.564)	Data 0.049 (0.050)	Loss 0.0530 (0.0901)	
Epoch: [50][10/34]	Time 0.564 (0.564)	Data 0.048 (0.050)	Loss 0.0692 (0.0899)	
Epoch: [50][20/34]	Time 0.565 (0.564)	Data 0.049 (0.050)	Loss 0.0691 (0.0898)	
Epoch: [50][30/34]	Time 0.561 (0.564)	Data 0.049 (0.050)	Loss 0.0686 (0.0896)	
Test: [0/9]	Time 0.228 (0.228)	Loss 0.0574 (0.0574)	Prec@1 0.000 (0.000)	Prec@5 0.000 (0.000)
Overall Acc: 	 0.8623465922341418
Mean Acc : 	 0.5
FreqW Acc : 	 0.7436416451378371
Mean IoU : 	 0.4311732961170709
* Test:	Time 0.092 (0.218)	Loss 0.0774 (0.0566)	
learning rate = 0.000050
Epoch: [51][0/34]	Time 0.221 (0.564)	Data 0.049 (0.050)	Loss 0.0678 (0.0895)	
Epoch: [51][10/34]	Time 0.562 (0.564)	Data 0.049 (0.050)	Loss 0.0699 (0.0894)	
Epoch: [51][20/34]	Time 0.564 (0.564)	Data 0.049 (0.050)	Loss 0.0769 (0.0892)	
Epoch: [51][30/34]	Time 0.558 (0.564)	Data 0.050 (0.050)	Loss 0.0768 (0.0891)	
Test: [0/9]	Time 0.226 (0.226)	Loss 0.0477 (0.0477)	Prec@1 0.000 (0.000)	Prec@5 0.000 (0.000)
Overall Acc: 	 0.8619986007462687
Mean Acc : 	 0.5
FreqW Acc : 	 0.7430415876885251
Mean IoU : 	 0.43099930037313433
* Test:	Time 0.093 (0.216)	Loss 0.1044 (0.0593)	
learning rate = 0.000050
Epoch: [52][0/34]	Time 0.222 (0.564)	Data 0.048 (0.050)	Loss 0.0440 (0.0890)	
Epoch: [52][10/34]	Time 0.563 (0.564)	Data 0.049 (0.050)	Loss 0.0632 (0.0889)	
Epoch: [52][20/34]	Time 0.569 (0.564)	Data 0.049 (0.050)	Loss 0.1024 (0.0888)	
Epoch: [52][30/34]	Time 0.564 (0.564)	Data 0.050 (0.050)	Loss 0.0697 (0.0887)	
Test: [0/9]	Time 0.226 (0.226)	Loss 0.0433 (0.0433)	Prec@1 0.000 (0.000)	Prec@5 0.000 (0.000)
Overall Acc: 	 0.8621648532241138
Mean Acc : 	 0.5
FreqW Acc : 	 0.7433282341349577
Mean IoU : 	 0.4310824266120569
* Test:	Time 0.092 (0.216)	Loss 0.0329 (0.0584)	
learning rate = 0.000050
Epoch: [53][0/34]	Time 0.222 (0.563)	Data 0.048 (0.050)	Loss 0.1017 (0.0886)	
Epoch: [53][10/34]	Time 0.564 (0.563)	Data 0.048 (0.050)	Loss 0.0468 (0.0884)	
Epoch: [53][20/34]	Time 0.567 (0.563)	Data 0.049 (0.050)	Loss 0.0618 (0.0883)	
Epoch: [53][30/34]	Time 0.561 (0.563)	Data 0.050 (0.050)	Loss 0.0607 (0.0882)	
Test: [0/9]	Time 0.227 (0.227)	Loss 0.0699 (0.0699)	Prec@1 0.000 (0.000)	Prec@5 0.000 (0.000)
Overall Acc: 	 0.8628739314292794
Mean Acc : 	 0.5
FreqW Acc : 	 0.7445514215402207
Mean IoU : 	 0.4314369657146397
* Test:	Time 0.091 (0.217)	Loss 0.0569 (0.0591)	
learning rate = 0.000050
Epoch: [54][0/34]	Time 0.221 (0.563)	Data 0.048 (0.050)	Loss 0.0563 (0.0882)	
Epoch: [54][10/34]	Time 0.564 (0.563)	Data 0.049 (0.050)	Loss 0.1157 (0.0881)	
Epoch: [54][20/34]	Time 0.569 (0.563)	Data 0.049 (0.050)	Loss 0.0373 (0.0879)	
Epoch: [54][30/34]	Time 0.561 (0.563)	Data 0.049 (0.050)	Loss 0.0497 (0.0878)	
Test: [0/9]	Time 0.225 (0.225)	Loss 0.0611 (0.0611)	Prec@1 0.000 (0.000)	Prec@5 0.000 (0.000)
Overall Acc: 	 0.8624516956841768
Mean Acc : 	 0.5
FreqW Acc : 	 0.7438229273885119
Mean IoU : 	 0.4312258478420884
* Test:	Time 0.092 (0.215)	Loss 0.0781 (0.0573)	
learning rate = 0.000050
Epoch: [55][0/34]	Time 0.220 (0.563)	Data 0.048 (0.050)	Loss 0.0695 (0.0878)	
Epoch: [55][10/34]	Time 0.563 (0.563)	Data 0.049 (0.050)	Loss 0.0685 (0.0876)	
Epoch: [55][20/34]	Time 0.559 (0.563)	Data 0.050 (0.050)	Loss 0.0508 (0.0875)	
Epoch: [55][30/34]	Time 0.563 (0.563)	Data 0.049 (0.050)	Loss 0.0448 (0.0874)	
Test: [0/9]	Time 0.228 (0.228)	Loss 0.0519 (0.0519)	Prec@1 0.000 (0.000)	Prec@5 0.000 (0.000)
Overall Acc: 	 0.8624302878308652
Mean Acc : 	 0.5
FreqW Acc : 	 0.743786001368029
Mean IoU : 	 0.4312151439154326
* Test:	Time 0.092 (0.215)	Loss 0.0525 (0.0563)	
learning rate = 0.000050
Epoch: [56][0/34]	Time 0.222 (0.563)	Data 0.048 (0.050)	Loss 0.0534 (0.0873)	
Epoch: [56][10/34]	Time 0.567 (0.563)	Data 0.049 (0.050)	Loss 0.0616 (0.0872)	
Epoch: [56][20/34]	Time 0.561 (0.563)	Data 0.049 (0.050)	Loss 0.0531 (0.0871)	
Epoch: [56][30/34]	Time 0.564 (0.563)	Data 0.049 (0.050)	Loss 0.0578 (0.0869)	
Test: [0/9]	Time 0.225 (0.225)	Loss 0.0437 (0.0437)	Prec@1 0.000 (0.000)	Prec@5 0.000 (0.000)
Overall Acc: 	 0.8626588280521222
Mean Acc : 	 0.5
FreqW Acc : 	 0.7441802536162611
Mean IoU : 	 0.4313294140260611
* Test:	Time 0.095 (0.216)	Loss 0.0446 (0.0573)	
learning rate = 0.000050
Epoch: [57][0/34]	Time 0.223 (0.562)	Data 0.049 (0.050)	Loss 0.0750 (0.0869)	
Epoch: [57][10/34]	Time 0.564 (0.562)	Data 0.049 (0.050)	Loss 0.0468 (0.0867)	
Epoch: [57][20/34]	Time 0.562 (0.562)	Data 0.049 (0.050)	Loss 0.0500 (0.0866)	
Epoch: [57][30/34]	Time 0.564 (0.563)	Data 0.049 (0.050)	Loss 0.0557 (0.0865)	
Test: [0/9]	Time 0.225 (0.225)	Loss 0.0583 (0.0583)	Prec@1 0.000 (0.000)	Prec@5 0.000 (0.000)
Overall Acc: 	 0.8627261261441814
Mean Acc : 	 0.5
FreqW Acc : 	 0.7442963687317461
Mean IoU : 	 0.4313630630720907
* Test:	Time 0.093 (0.217)	Loss 0.0865 (0.0552)	
learning rate = 0.000050
Epoch: [58][0/34]	Time 0.224 (0.562)	Data 0.049 (0.050)	Loss 0.0486 (0.0864)	
Epoch: [58][10/34]	Time 0.563 (0.562)	Data 0.048 (0.050)	Loss 0.0491 (0.0863)	
Epoch: [58][20/34]	Time 0.563 (0.562)	Data 0.049 (0.050)	Loss 0.0588 (0.0861)	
Epoch: [58][30/34]	Time 0.562 (0.562)	Data 0.048 (0.050)	Loss 0.0485 (0.0860)	
Test: [0/9]	Time 0.227 (0.227)	Loss 0.0630 (0.0630)	Prec@1 0.000 (0.000)	Prec@5 0.000 (0.000)
Overall Acc: 	 0.8625826479783699
Mean Acc : 	 0.5
FreqW Acc : 	 0.7440488245933764
Mean IoU : 	 0.43129132398918496
* Test:	Time 0.093 (0.216)	Loss 0.0420 (0.0595)	
learning rate = 0.000050
Epoch: [59][0/34]	Time 0.221 (0.562)	Data 0.048 (0.050)	Loss 0.0723 (0.0860)	
Epoch: [59][10/34]	Time 0.568 (0.562)	Data 0.049 (0.050)	Loss 0.0640 (0.0859)	
Epoch: [59][20/34]	Time 0.560 (0.562)	Data 0.049 (0.050)	Loss 0.0618 (0.0857)	
Epoch: [59][30/34]	Time 0.564 (0.562)	Data 0.049 (0.050)	Loss 0.0822 (0.0856)	
Test: [0/9]	Time 0.226 (0.226)	Loss 0.0505 (0.0505)	Prec@1 0.000 (0.000)	Prec@5 0.000 (0.000)
Overall Acc: 	 0.8616470792400304
Mean Acc : 	 0.5
FreqW Acc : 	 0.7424356891628752
Mean IoU : 	 0.4308235396200152
* Test:	Time 0.105 (0.218)	Loss 0.0314 (0.0561)	
learning rate = 0.000050
Epoch: [60][0/34]	Time 0.222 (0.562)	Data 0.049 (0.050)	Loss 0.0482 (0.0856)	
Epoch: [60][10/34]	Time 0.564 (0.562)	Data 0.049 (0.050)	Loss 0.0442 (0.0855)	
Epoch: [60][20/34]	Time 0.560 (0.562)	Data 0.049 (0.050)	Loss 0.0559 (0.0854)	
Epoch: [60][30/34]	Time 0.555 (0.562)	Data 0.049 (0.050)	Loss 0.0631 (0.0852)	
Test: [0/9]	Time 0.226 (0.226)	Loss 0.0483 (0.0483)	Prec@1 0.000 (0.000)	Prec@5 0.000 (0.000)
Overall Acc: 	 0.8624583002346665
Mean Acc : 	 0.5
FreqW Acc : 	 0.7438343196436702
Mean IoU : 	 0.43122915011733326
* Test:	Time 0.093 (0.215)	Loss 0.0977 (0.0575)	
learning rate = 0.000050
Epoch: [61][0/34]	Time 0.220 (0.562)	Data 0.048 (0.050)	Loss 0.0605 (0.0852)	
Epoch: [61][10/34]	Time 0.562 (0.562)	Data 0.049 (0.050)	Loss 0.0541 (0.0850)	
Epoch: [61][20/34]	Time 0.564 (0.562)	Data 0.049 (0.050)	Loss 0.0794 (0.0849)	
Epoch: [61][30/34]	Time 0.569 (0.562)	Data 0.049 (0.050)	Loss 0.0630 (0.0848)	
Test: [0/9]	Time 0.225 (0.225)	Loss 0.0559 (0.0559)	Prec@1 0.000 (0.000)	Prec@5 0.000 (0.000)
Overall Acc: 	 0.8620376586914062
Mean Acc : 	 0.5
FreqW Acc : 	 0.7431089250021614
Mean IoU : 	 0.4310188293457031
* Test:	Time 0.092 (0.217)	Loss 0.0777 (0.0561)	
learning rate = 0.000050
Epoch: [62][0/34]	Time 0.221 (0.562)	Data 0.049 (0.050)	Loss 0.0788 (0.0848)	
Epoch: [62][10/34]	Time 0.563 (0.562)	Data 0.049 (0.050)	Loss 0.0710 (0.0846)	
Epoch: [62][20/34]	Time 0.564 (0.562)	Data 0.048 (0.050)	Loss 0.0643 (0.0845)	
Epoch: [62][30/34]	Time 0.558 (0.562)	Data 0.048 (0.050)	Loss 0.0876 (0.0843)	
Test: [0/9]	Time 0.227 (0.227)	Loss 0.0716 (0.0716)	Prec@1 0.000 (0.000)	Prec@5 0.000 (0.000)
Overall Acc: 	 0.8621419650405201
Mean Acc : 	 0.5
FreqW Acc : 	 0.7432887678839294
Mean IoU : 	 0.43107098252026005
* Test:	Time 0.092 (0.216)	Loss 0.0896 (0.0653)	
learning rate = 0.000050
Epoch: [63][0/34]	Time 0.230 (0.562)	Data 0.049 (0.050)	Loss 0.0769 (0.0844)	
Epoch: [63][10/34]	Time 0.559 (0.562)	Data 0.048 (0.050)	Loss 0.0907 (0.0842)	
Epoch: [63][20/34]	Time 0.579 (0.562)	Data 0.049 (0.050)	Loss 0.0483 (0.0841)	
Epoch: [63][30/34]	Time 0.563 (0.562)	Data 0.048 (0.050)	Loss 0.0723 (0.0840)	
Test: [0/9]	Time 0.225 (0.225)	Loss 0.0406 (0.0406)	Prec@1 0.000 (0.000)	Prec@5 0.000 (0.000)
Overall Acc: 	 0.8626805775201143
Mean Acc : 	 0.5
FreqW Acc : 	 0.7442177788304379
Mean IoU : 	 0.43134028876005714
* Test:	Time 0.092 (0.216)	Loss 0.0650 (0.0553)	
learning rate = 0.000050
Epoch: [64][0/34]	Time 0.220 (0.561)	Data 0.048 (0.050)	Loss 0.0616 (0.0840)	
Epoch: [64][10/34]	Time 0.560 (0.561)	Data 0.049 (0.050)	Loss 0.0746 (0.0839)	
Epoch: [64][20/34]	Time 0.564 (0.561)	Data 0.049 (0.050)	Loss 0.0582 (0.0837)	
Epoch: [64][30/34]	Time 0.567 (0.561)	Data 0.049 (0.050)	Loss 0.0351 (0.0836)	
Test: [0/9]	Time 0.227 (0.227)	Loss 0.0818 (0.0818)	Prec@1 0.000 (0.000)	Prec@5 0.000 (0.000)
Overall Acc: 	 0.8623339524909631
Mean Acc : 	 0.5
FreqW Acc : 	 0.7436198456186867
Mean IoU : 	 0.43116697624548156
* Test:	Time 0.092 (0.216)	Loss 0.0204 (0.0569)	
learning rate = 0.000050
Epoch: [65][0/34]	Time 0.221 (0.561)	Data 0.048 (0.050)	Loss 0.0570 (0.0836)	
Epoch: [65][10/34]	Time 0.561 (0.561)	Data 0.049 (0.050)	Loss 0.0619 (0.0834)	
Epoch: [65][20/34]	Time 0.565 (0.561)	Data 0.049 (0.050)	Loss 0.0489 (0.0833)	
Epoch: [65][30/34]	Time 0.559 (0.561)	Data 0.049 (0.050)	Loss 0.0501 (0.0832)	
Test: [0/9]	Time 0.226 (0.226)	Loss 0.0503 (0.0503)	Prec@1 0.000 (0.000)	Prec@5 0.000 (0.000)
Overall Acc: 	 0.8619810645260028
Mean Acc : 	 0.5
FreqW Acc : 	 0.743011355601381
Mean IoU : 	 0.4309905322630014
* Test:	Time 0.094 (0.214)	Loss 0.0370 (0.0584)	
learning rate = 0.000050
Epoch: [66][0/34]	Time 0.222 (0.561)	Data 0.049 (0.050)	Loss 0.0682 (0.0832)	
Epoch: [66][10/34]	Time 0.567 (0.561)	Data 0.050 (0.050)	Loss 0.0769 (0.0831)	
Epoch: [66][20/34]	Time 0.554 (0.561)	Data 0.048 (0.050)	Loss 0.0917 (0.0830)	
Epoch: [66][30/34]	Time 0.561 (0.561)	Data 0.049 (0.050)	Loss 0.0581 (0.0829)	
Test: [0/9]	Time 0.225 (0.225)	Loss 0.0694 (0.0694)	Prec@1 0.000 (0.000)	Prec@5 0.000 (0.000)
Overall Acc: 	 0.8627303393919077
Mean Acc : 	 0.5
FreqW Acc : 	 0.7443036385072762
Mean IoU : 	 0.43136516969595384
* Test:	Time 0.092 (0.216)	Loss 0.0705 (0.0580)	
learning rate = 0.000050
Epoch: [67][0/34]	Time 0.221 (0.561)	Data 0.048 (0.050)	Loss 0.0538 (0.0829)	
Epoch: [67][10/34]	Time 0.563 (0.561)	Data 0.050 (0.050)	Loss 0.0745 (0.0828)	
Epoch: [67][20/34]	Time 0.569 (0.561)	Data 0.049 (0.050)	Loss 0.0584 (0.0827)	
Epoch: [67][30/34]	Time 0.560 (0.561)	Data 0.049 (0.050)	Loss 0.0480 (0.0825)	
Test: [0/9]	Time 0.228 (0.228)	Loss 0.0589 (0.0589)	Prec@1 0.000 (0.000)	Prec@5 0.000 (0.000)
Overall Acc: 	 0.8626843352815998
Mean Acc : 	 0.5
FreqW Acc : 	 0.7442242623402557
Mean IoU : 	 0.4313421676407999
* Test:	Time 0.091 (0.219)	Loss 0.0941 (0.0586)	
learning rate = 0.000050
Epoch: [68][0/34]	Time 0.223 (0.561)	Data 0.048 (0.050)	Loss 0.0537 (0.0825)	
Epoch: [68][10/34]	Time 0.564 (0.561)	Data 0.049 (0.050)	Loss 0.0776 (0.0824)	
Epoch: [68][20/34]	Time 0.567 (0.561)	Data 0.049 (0.050)	Loss 0.0617 (0.0823)	
Epoch: [68][30/34]	Time 0.563 (0.561)	Data 0.049 (0.050)	Loss 0.0644 (0.0822)	
Test: [0/9]	Time 0.226 (0.226)	Loss 0.0626 (0.0626)	Prec@1 0.000 (0.000)	Prec@5 0.000 (0.000)
Overall Acc: 	 0.8618284766353778
Mean Acc : 	 0.5
FreqW Acc : 	 0.7427483231396559
Mean IoU : 	 0.4309142383176889
* Test:	Time 0.093 (0.216)	Loss 0.0367 (0.0550)	
learning rate = 0.000050
Epoch: [69][0/34]	Time 0.220 (0.561)	Data 0.048 (0.050)	Loss 0.0340 (0.0822)	
Epoch: [69][10/34]	Time 0.564 (0.561)	Data 0.049 (0.050)	Loss 0.0614 (0.0821)	
Epoch: [69][20/34]	Time 0.567 (0.561)	Data 0.049 (0.050)	Loss 0.0603 (0.0820)	
Epoch: [69][30/34]	Time 0.564 (0.561)	Data 0.048 (0.050)	Loss 0.0478 (0.0819)	
Test: [0/9]	Time 0.226 (0.226)	Loss 0.0716 (0.0716)	Prec@1 0.000 (0.000)	Prec@5 0.000 (0.000)
Overall Acc: 	 0.8616737251851097
Mean Acc : 	 0.5
FreqW Acc : 	 0.7424816086743838
Mean IoU : 	 0.4308368625925548
* Test:	Time 0.092 (0.217)	Loss 0.0442 (0.0610)	
learning rate = 0.000050
Epoch: [70][0/34]	Time 0.221 (0.561)	Data 0.049 (0.050)	Loss 0.0496 (0.0818)	
Epoch: [70][10/34]	Time 0.569 (0.561)	Data 0.049 (0.050)	Loss 0.0537 (0.0818)	
Epoch: [70][20/34]	Time 0.567 (0.561)	Data 0.048 (0.050)	Loss 0.0411 (0.0817)	
Epoch: [70][30/34]	Time 0.562 (0.561)	Data 0.048 (0.050)	Loss 0.0407 (0.0815)	
Test: [0/9]	Time 0.225 (0.225)	Loss 0.0757 (0.0757)	Prec@1 0.000 (0.000)	Prec@5 0.000 (0.000)
Overall Acc: 	 0.8621872859214669
Mean Acc : 	 0.5
FreqW Acc : 	 0.7433669160046252
Mean IoU : 	 0.43109364296073344
* Test:	Time 0.091 (0.217)	Loss 0.0298 (0.0534)	
learning rate = 0.000050
Epoch: [71][0/34]	Time 0.223 (0.560)	Data 0.048 (0.050)	Loss 0.0407 (0.0815)	
Epoch: [71][10/34]	Time 0.563 (0.560)	Data 0.049 (0.050)	Loss 0.0586 (0.0814)	
Epoch: [71][20/34]	Time 0.561 (0.560)	Data 0.049 (0.050)	Loss 0.0743 (0.0813)	
Epoch: [71][30/34]	Time 0.561 (0.560)	Data 0.049 (0.050)	Loss 0.0673 (0.0812)	
Test: [0/9]	Time 0.227 (0.227)	Loss 0.0541 (0.0541)	Prec@1 0.000 (0.000)	Prec@5 0.000 (0.000)
Overall Acc: 	 0.8617057230935168
Mean Acc : 	 0.5
FreqW Acc : 	 0.7425367532121206
Mean IoU : 	 0.4308528615467584
* Test:	Time 0.095 (0.216)	Loss 0.0641 (0.0581)	
learning rate = 0.000050
Epoch: [72][0/34]	Time 0.223 (0.560)	Data 0.049 (0.050)	Loss 0.0711 (0.0812)	
Epoch: [72][10/34]	Time 0.564 (0.560)	Data 0.048 (0.050)	Loss 0.0366 (0.0811)	
Epoch: [72][20/34]	Time 0.564 (0.560)	Data 0.048 (0.050)	Loss 0.0691 (0.0810)	
Epoch: [72][30/34]	Time 0.578 (0.560)	Data 0.049 (0.050)	Loss 0.0560 (0.0809)	
Test: [0/9]	Time 0.227 (0.227)	Loss 0.0562 (0.0562)	Prec@1 0.000 (0.000)	Prec@5 0.000 (0.000)
Overall Acc: 	 0.8613392844128964
Mean Acc : 	 0.5
FreqW Acc : 	 0.7419053628729205
Mean IoU : 	 0.4306696422064482
* Test:	Time 0.092 (0.216)	Loss 0.0401 (0.0576)	
learning rate = 0.000050
Epoch: [73][0/34]	Time 0.221 (0.560)	Data 0.048 (0.050)	Loss 0.0556 (0.0809)	
Epoch: [73][10/34]	Time 0.566 (0.560)	Data 0.048 (0.050)	Loss 0.0753 (0.0808)	
Epoch: [73][20/34]	Time 0.560 (0.560)	Data 0.049 (0.050)	Loss 0.0889 (0.0807)	
Epoch: [73][30/34]	Time 0.565 (0.560)	Data 0.049 (0.050)	Loss 0.0312 (0.0806)	
Test: [0/9]	Time 0.226 (0.226)	Loss 0.0533 (0.0533)	Prec@1 0.000 (0.000)	Prec@5 0.000 (0.000)
Overall Acc: 	 0.8622135902518657
Mean Acc : 	 0.5
FreqW Acc : 	 0.7434122752150122
Mean IoU : 	 0.43110679512593286
* Test:	Time 0.092 (0.215)	Loss 0.0266 (0.0597)	
learning rate = 0.000050
Epoch: [74][0/34]	Time 0.221 (0.560)	Data 0.048 (0.050)	Loss 0.0521 (0.0806)	
Epoch: [74][10/34]	Time 0.558 (0.560)	Data 0.050 (0.050)	Loss 0.0599 (0.0805)	
Epoch: [74][20/34]	Time 0.559 (0.560)	Data 0.049 (0.050)	Loss 0.0630 (0.0804)	
Epoch: [74][30/34]	Time 0.566 (0.560)	Data 0.049 (0.050)	Loss 0.0570 (0.0803)	
Test: [0/9]	Time 0.226 (0.226)	Loss 0.0663 (0.0663)	Prec@1 0.000 (0.000)	Prec@5 0.000 (0.000)
Overall Acc: 	 0.8620985799760961
Mean Acc : 	 0.5
FreqW Acc : 	 0.7432139615968013
Mean IoU : 	 0.43104928998804803
* Test:	Time 0.092 (0.214)	Loss 0.0779 (0.0566)	
learning rate = 0.000050
Epoch: [75][0/34]	Time 0.218 (0.560)	Data 0.048 (0.050)	Loss 0.0695 (0.0803)	
Epoch: [75][10/34]	Time 0.564 (0.560)	Data 0.049 (0.050)	Loss 0.0750 (0.0802)	
Epoch: [75][20/34]	Time 0.562 (0.560)	Data 0.048 (0.050)	Loss 0.0649 (0.0801)	
Epoch: [75][30/34]	Time 0.576 (0.560)	Data 0.050 (0.050)	Loss 0.0679 (0.0800)	
Test: [0/9]	Time 0.227 (0.227)	Loss 0.0553 (0.0553)	Prec@1 0.000 (0.000)	Prec@5 0.000 (0.000)
Overall Acc: 	 0.8625282173726097
Mean Acc : 	 0.5
FreqW Acc : 	 0.7439549257639718
Mean IoU : 	 0.4312641086863048
* Test:	Time 0.093 (0.216)	Loss 0.0873 (0.0548)	
learning rate = 0.000050
Epoch: [76][0/34]	Time 0.221 (0.560)	Data 0.049 (0.050)	Loss 0.0541 (0.0800)	
Epoch: [76][10/34]	Time 0.568 (0.560)	Data 0.048 (0.050)	Loss 0.0602 (0.0799)	
Epoch: [76][20/34]	Time 0.566 (0.560)	Data 0.048 (0.050)	Loss 0.0440 (0.0798)	
Epoch: [76][30/34]	Time 0.566 (0.560)	Data 0.048 (0.050)	Loss 0.0594 (0.0797)	
Test: [0/9]	Time 0.226 (0.226)	Loss 0.0534 (0.0534)	Prec@1 0.000 (0.000)	Prec@5 0.000 (0.000)
Overall Acc: 	 0.8624227723078941
Mean Acc : 	 0.5
FreqW Acc : 	 0.7437730381952338
Mean IoU : 	 0.43121138615394705
* Test:	Time 0.093 (0.215)	Loss 0.0654 (0.0584)	
learning rate = 0.000050
Epoch: [77][0/34]	Time 0.233 (0.560)	Data 0.049 (0.050)	Loss 0.0525 (0.0797)	
Epoch: [77][10/34]	Time 0.559 (0.560)	Data 0.049 (0.050)	Loss 0.0516 (0.0796)	
Epoch: [77][20/34]	Time 0.565 (0.560)	Data 0.049 (0.050)	Loss 0.0573 (0.0795)	
Epoch: [77][30/34]	Time 0.560 (0.560)	Data 0.049 (0.050)	Loss 0.0879 (0.0794)	
Test: [0/9]	Time 0.228 (0.228)	Loss 0.0633 (0.0633)	Prec@1 0.000 (0.000)	Prec@5 0.000 (0.000)
Overall Acc: 	 0.8618809714246152
Mean Acc : 	 0.5
FreqW Acc : 	 0.7428388089038384
Mean IoU : 	 0.4309404857123076
* Test:	Time 0.093 (0.216)	Loss 0.1041 (0.0561)	
learning rate = 0.000050
Epoch: [78][0/34]	Time 0.220 (0.560)	Data 0.048 (0.050)	Loss 0.0497 (0.0794)	
Epoch: [78][10/34]	Time 0.567 (0.560)	Data 0.049 (0.050)	Loss 0.0468 (0.0793)	
Epoch: [78][20/34]	Time 0.568 (0.560)	Data 0.050 (0.050)	Loss 0.0452 (0.0792)	
Epoch: [78][30/34]	Time 0.560 (0.560)	Data 0.049 (0.050)	Loss 0.0460 (0.0791)	
Test: [0/9]	Time 0.226 (0.226)	Loss 0.0484 (0.0484)	Prec@1 0.000 (0.000)	Prec@5 0.000 (0.000)
Overall Acc: 	 0.8625089730789413
Mean Acc : 	 0.5
FreqW Acc : 	 0.7439217286416898
Mean IoU : 	 0.4312544865394706
* Test:	Time 0.092 (0.223)	Loss 0.0365 (0.0564)	
learning rate = 0.000050
Epoch: [79][0/34]	Time 0.222 (0.559)	Data 0.048 (0.050)	Loss 0.0762 (0.0791)	
Epoch: [79][10/34]	Time 0.562 (0.560)	Data 0.049 (0.050)	Loss 0.0558 (0.0790)	
Epoch: [79][20/34]	Time 0.559 (0.560)	Data 0.049 (0.050)	Loss 0.0450 (0.0789)	
Epoch: [79][30/34]	Time 0.563 (0.560)	Data 0.049 (0.050)	Loss 0.0651 (0.0788)	
Test: [0/9]	Time 0.228 (0.228)	Loss 0.1062 (0.1062)	Prec@1 0.000 (0.000)	Prec@5 0.000 (0.000)
Overall Acc: 	 0.8624691180328825
Mean Acc : 	 0.5
FreqW Acc : 	 0.7438529795604182
Mean IoU : 	 0.43123455901644125
* Test:	Time 0.092 (0.216)	Loss 0.0319 (0.0576)	
learning rate = 0.000050
Epoch: [80][0/34]	Time 0.222 (0.559)	Data 0.049 (0.050)	Loss 0.0625 (0.0788)	
Epoch: [80][10/34]	Time 0.565 (0.560)	Data 0.050 (0.050)	Loss 0.0570 (0.0787)	
Epoch: [80][20/34]	Time 0.566 (0.560)	Data 0.049 (0.050)	Loss 0.0611 (0.0786)	
Epoch: [80][30/34]	Time 0.561 (0.560)	Data 0.049 (0.050)	Loss 0.0445 (0.0785)	
Test: [0/9]	Time 0.226 (0.226)	Loss 0.0562 (0.0562)	Prec@1 0.000 (0.000)	Prec@5 0.000 (0.000)
Overall Acc: 	 0.862726467758862
Mean Acc : 	 0.5
FreqW Acc : 	 0.7442969581716827
Mean IoU : 	 0.431363233879431
* Test:	Time 0.092 (0.217)	Loss 0.0616 (0.0582)	
learning rate = 0.000050
Epoch: [81][0/34]	Time 0.221 (0.559)	Data 0.048 (0.050)	Loss 0.0391 (0.0785)	
Epoch: [81][10/34]	Time 0.561 (0.559)	Data 0.049 (0.050)	Loss 0.0479 (0.0784)	
Epoch: [81][20/34]	Time 0.558 (0.559)	Data 0.049 (0.050)	Loss 0.0531 (0.0783)	
Epoch: [81][30/34]	Time 0.562 (0.559)	Data 0.049 (0.050)	Loss 0.0390 (0.0782)	
Test: [0/9]	Time 0.225 (0.225)	Loss 0.0430 (0.0430)	Prec@1 0.000 (0.000)	Prec@5 0.000 (0.000)
Overall Acc: 	 0.862047679388701
Mean Acc : 	 0.5
FreqW Acc : 	 0.7431262015394445
Mean IoU : 	 0.4310238396943505
* Test:	Time 0.091 (0.215)	Loss 0.0777 (0.0592)	
learning rate = 0.000050
Epoch: [82][0/34]	Time 0.222 (0.559)	Data 0.048 (0.050)	Loss 0.0415 (0.0782)	
Epoch: [82][10/34]	Time 0.564 (0.559)	Data 0.049 (0.050)	Loss 0.0569 (0.0781)	
Epoch: [82][20/34]	Time 0.559 (0.559)	Data 0.050 (0.050)	Loss 0.0738 (0.0781)	
Epoch: [82][30/34]	Time 0.562 (0.559)	Data 0.049 (0.050)	Loss 0.0774 (0.0780)	
Test: [0/9]	Time 0.227 (0.227)	Loss 0.0585 (0.0585)	Prec@1 0.000 (0.000)	Prec@5 0.000 (0.000)
Overall Acc: 	 0.8624346149501516
Mean Acc : 	 0.5
FreqW Acc : 	 0.7437934650642163
Mean IoU : 	 0.4312173074750758
* Test:	Time 0.099 (0.216)	Loss 0.0990 (0.0586)	
learning rate = 0.000050
Epoch: [83][0/34]	Time 0.223 (0.559)	Data 0.048 (0.050)	Loss 0.0632 (0.0780)	
Epoch: [83][10/34]	Time 0.569 (0.559)	Data 0.049 (0.050)	Loss 0.0570 (0.0779)	
Epoch: [83][20/34]	Time 0.563 (0.559)	Data 0.049 (0.050)	Loss 0.0644 (0.0778)	
Epoch: [83][30/34]	Time 0.565 (0.559)	Data 0.049 (0.050)	Loss 0.0632 (0.0777)	
Test: [0/9]	Time 0.225 (0.225)	Loss 0.0505 (0.0505)	Prec@1 0.000 (0.000)	Prec@5 0.000 (0.000)
Overall Acc: 	 0.8620238802326259
Mean Acc : 	 0.5
FreqW Acc : 	 0.7430851700913126
Mean IoU : 	 0.43101194011631294
* Test:	Time 0.092 (0.215)	Loss 0.0818 (0.0583)	
learning rate = 0.000050
Epoch: [84][0/34]	Time 0.227 (0.559)	Data 0.049 (0.050)	Loss 0.0477 (0.0777)	
Epoch: [84][10/34]	Time 0.561 (0.559)	Data 0.049 (0.050)	Loss 0.0709 (0.0776)	
Epoch: [84][20/34]	Time 0.564 (0.559)	Data 0.049 (0.050)	Loss 0.0533 (0.0776)	
Epoch: [84][30/34]	Time 0.565 (0.559)	Data 0.049 (0.050)	Loss 0.0470 (0.0775)	
Test: [0/9]	Time 0.225 (0.225)	Loss 0.0512 (0.0512)	Prec@1 0.000 (0.000)	Prec@5 0.000 (0.000)
Overall Acc: 	 0.8625933519050256
Mean Acc : 	 0.5
FreqW Acc : 	 0.7440672907507474
Mean IoU : 	 0.4312966759525128
* Test:	Time 0.093 (0.216)	Loss 0.0613 (0.0588)	
learning rate = 0.000050
Epoch: [85][0/34]	Time 0.221 (0.559)	Data 0.049 (0.050)	Loss 0.0474 (0.0775)	
Epoch: [85][10/34]	Time 0.562 (0.559)	Data 0.049 (0.050)	Loss 0.0480 (0.0774)	
Epoch: [85][20/34]	Time 0.565 (0.559)	Data 0.049 (0.050)	Loss 0.0623 (0.0773)	
Epoch: [85][30/34]	Time 0.566 (0.559)	Data 0.048 (0.050)	Loss 0.0567 (0.0772)	
Test: [0/9]	Time 0.226 (0.226)	Loss 0.0589 (0.0589)	Prec@1 0.000 (0.000)	Prec@5 0.000 (0.000)
Overall Acc: 	 0.8620577000859958
Mean Acc : 	 0.5
FreqW Acc : 	 0.7431434782775567
Mean IoU : 	 0.4310288500429979
* Test:	Time 0.094 (0.216)	Loss 0.0312 (0.0546)	
learning rate = 0.000050
Epoch: [86][0/34]	Time 0.224 (0.559)	Data 0.049 (0.050)	Loss 0.0566 (0.0772)	
Epoch: [86][10/34]	Time 0.569 (0.559)	Data 0.049 (0.050)	Loss 0.0419 (0.0771)	
Epoch: [86][20/34]	Time 0.562 (0.559)	Data 0.048 (0.050)	Loss 0.0627 (0.0770)	
Epoch: [86][30/34]	Time 0.567 (0.559)	Data 0.048 (0.050)	Loss 0.0454 (0.0769)	
Test: [0/9]	Time 0.227 (0.227)	Loss 0.0656 (0.0656)	Prec@1 0.000 (0.000)	Prec@5 0.000 (0.000)
Overall Acc: 	 0.8615818308360541
Mean Acc : 	 0.5
FreqW Acc : 	 0.742323251226807
Mean IoU : 	 0.43079091541802705
* Test:	Time 0.093 (0.217)	Loss 0.0230 (0.0584)	
learning rate = 0.000050
Epoch: [87][0/34]	Time 0.222 (0.559)	Data 0.048 (0.050)	Loss 0.0495 (0.0769)	
Epoch: [87][10/34]	Time 0.566 (0.559)	Data 0.048 (0.050)	Loss 0.0440 (0.0768)	
Epoch: [87][20/34]	Time 0.561 (0.559)	Data 0.049 (0.050)	Loss 0.0565 (0.0768)	
Epoch: [87][30/34]	Time 0.556 (0.559)	Data 0.049 (0.050)	Loss 0.0643 (0.0767)	
Test: [0/9]	Time 0.226 (0.226)	Loss 0.0717 (0.0717)	Prec@1 0.000 (0.000)	Prec@5 0.000 (0.000)
Overall Acc: 	 0.8620298015537546
Mean Acc : 	 0.5
FreqW Acc : 	 0.7430953787668056
Mean IoU : 	 0.4310149007768773
* Test:	Time 0.093 (0.217)	Loss 0.0226 (0.0563)	
learning rate = 0.000050
Epoch: [88][0/34]	Time 0.222 (0.559)	Data 0.049 (0.050)	Loss 0.0622 (0.0767)	
Epoch: [88][10/34]	Time 0.559 (0.559)	Data 0.048 (0.050)	Loss 0.0658 (0.0766)	
Epoch: [88][20/34]	Time 0.562 (0.559)	Data 0.049 (0.050)	Loss 0.0502 (0.0765)	
Epoch: [88][30/34]	Time 0.561 (0.559)	Data 0.049 (0.050)	Loss 0.0479 (0.0764)	
Test: [0/9]	Time 0.224 (0.224)	Loss 0.0914 (0.0914)	Prec@1 0.000 (0.000)	Prec@5 0.000 (0.000)
Overall Acc: 	 0.8625547494461288
Mean Acc : 	 0.5
FreqW Acc : 	 0.744000695792074
Mean IoU : 	 0.4312773747230644
* Test:	Time 0.093 (0.215)	Loss 0.0244 (0.0560)	
learning rate = 0.000050
Epoch: [89][0/34]	Time 0.223 (0.559)	Data 0.049 (0.050)	Loss 0.0517 (0.0764)	
Epoch: [89][10/34]	Time 0.559 (0.559)	Data 0.049 (0.050)	Loss 0.0571 (0.0763)	
Epoch: [89][20/34]	Time 0.562 (0.559)	Data 0.050 (0.050)	Loss 0.0809 (0.0763)	
Epoch: [89][30/34]	Time 0.567 (0.559)	Data 0.050 (0.050)	Loss 0.0570 (0.0762)	
Test: [0/9]	Time 0.225 (0.225)	Loss 0.0649 (0.0649)	Prec@1 0.000 (0.000)	Prec@5 0.000 (0.000)
Overall Acc: 	 0.8621355882331506
Mean Acc : 	 0.5
FreqW Acc : 	 0.7432777724981207
Mean IoU : 	 0.4310677941165753
* Test:	Time 0.095 (0.216)	Loss 0.0862 (0.0560)	
learning rate = 0.000050
Epoch: [90][0/34]	Time 0.225 (0.559)	Data 0.050 (0.050)	Loss 0.0654 (0.0762)	
Epoch: [90][10/34]	Time 0.562 (0.559)	Data 0.048 (0.050)	Loss 0.0526 (0.0761)	
Epoch: [90][20/34]	Time 0.551 (0.559)	Data 0.049 (0.050)	Loss 0.0636 (0.0760)	
Epoch: [90][30/34]	Time 0.563 (0.559)	Data 0.049 (0.050)	Loss 0.0395 (0.0759)	
Test: [0/9]	Time 0.225 (0.225)	Loss 0.0553 (0.0553)	Prec@1 0.000 (0.000)	Prec@5 0.000 (0.000)
Overall Acc: 	 0.8618013752040579
Mean Acc : 	 0.5
FreqW Acc : 	 0.7427016103036053
Mean IoU : 	 0.43090068760202893
* Test:	Time 0.092 (0.215)	Loss 0.0843 (0.0561)	
learning rate = 0.000050
Epoch: [91][0/34]	Time 0.219 (0.559)	Data 0.048 (0.050)	Loss 0.0545 (0.0759)	
Epoch: [91][10/34]	Time 0.567 (0.559)	Data 0.049 (0.050)	Loss 0.0491 (0.0758)	
Epoch: [91][20/34]	Time 0.565 (0.559)	Data 0.049 (0.050)	Loss 0.0456 (0.0757)	
Epoch: [91][30/34]	Time 0.561 (0.559)	Data 0.049 (0.050)	Loss 0.0574 (0.0757)	
Test: [0/9]	Time 0.226 (0.226)	Loss 0.0463 (0.0463)	Prec@1 0.000 (0.000)	Prec@5 0.000 (0.000)
Overall Acc: 	 0.862016478581215
Mean Acc : 	 0.5
FreqW Acc : 	 0.7430724093455583
Mean IoU : 	 0.4310082392906075
* Test:	Time 0.095 (0.219)	Loss 0.0252 (0.0569)	
learning rate = 0.000050
Epoch: [92][0/34]	Time 0.222 (0.558)	Data 0.049 (0.050)	Loss 0.0352 (0.0756)	
Epoch: [92][10/34]	Time 0.563 (0.558)	Data 0.050 (0.050)	Loss 0.0476 (0.0756)	
Epoch: [92][20/34]	Time 0.568 (0.558)	Data 0.048 (0.050)	Loss 0.0597 (0.0755)	
Epoch: [92][30/34]	Time 0.562 (0.558)	Data 0.049 (0.050)	Loss 0.0673 (0.0754)	
Test: [0/9]	Time 0.226 (0.226)	Loss 0.0539 (0.0539)	Prec@1 0.000 (0.000)	Prec@5 0.000 (0.000)
Overall Acc: 	 0.8620635075355644
Mean Acc : 	 0.5
FreqW Acc : 	 0.7431534910245201
Mean IoU : 	 0.4310317537677822
* Test:	Time 0.092 (0.216)	Loss 0.0358 (0.0585)	
learning rate = 0.000050
Epoch: [93][0/34]	Time 0.221 (0.558)	Data 0.049 (0.050)	Loss 0.0332 (0.0754)	
Epoch: [93][10/34]	Time 0.564 (0.558)	Data 0.049 (0.050)	Loss 0.0266 (0.0753)	
Epoch: [93][20/34]	Time 0.555 (0.558)	Data 0.049 (0.050)	Loss 0.0610 (0.0752)	
Epoch: [93][30/34]	Time 0.560 (0.558)	Data 0.049 (0.050)	Loss 0.0555 (0.0752)	
Test: [0/9]	Time 0.226 (0.226)	Loss 0.0508 (0.0508)	Prec@1 0.000 (0.000)	Prec@5 0.000 (0.000)
Overall Acc: 	 0.862218600600513
Mean Acc : 	 0.5
FreqW Acc : 	 0.743420915221507
Mean IoU : 	 0.4311093003002565
* Test:	Time 0.092 (0.216)	Loss 0.0352 (0.0558)	
learning rate = 0.000050
Epoch: [94][0/34]	Time 0.220 (0.558)	Data 0.048 (0.050)	Loss 0.0452 (0.0751)	
Epoch: [94][10/34]	Time 0.563 (0.558)	Data 0.049 (0.050)	Loss 0.0593 (0.0750)	
Epoch: [94][20/34]	Time 0.566 (0.558)	Data 0.049 (0.050)	Loss 0.0314 (0.0750)	
Epoch: [94][30/34]	Time 0.559 (0.558)	Data 0.049 (0.050)	Loss 0.0697 (0.0749)	
Test: [0/9]	Time 0.226 (0.226)	Loss 0.0416 (0.0416)	Prec@1 0.000 (0.000)	Prec@5 0.000 (0.000)
Overall Acc: 	 0.8623276895551539
Mean Acc : 	 0.5
FreqW Acc : 	 0.7436090441735299
Mean IoU : 	 0.43116384477757697
* Test:	Time 0.094 (0.216)	Loss 0.0394 (0.0567)	
learning rate = 0.000050
Epoch: [95][0/34]	Time 0.222 (0.558)	Data 0.048 (0.050)	Loss 0.0502 (0.0749)	
Epoch: [95][10/34]	Time 0.561 (0.558)	Data 0.049 (0.050)	Loss 0.0505 (0.0748)	
Epoch: [95][20/34]	Time 0.564 (0.558)	Data 0.050 (0.050)	Loss 0.0414 (0.0747)	
Epoch: [95][30/34]	Time 0.562 (0.558)	Data 0.049 (0.050)	Loss 0.0530 (0.0747)	
Test: [0/9]	Time 0.226 (0.226)	Loss 0.0565 (0.0565)	Prec@1 0.000 (0.000)	Prec@5 0.000 (0.000)
Overall Acc: 	 0.8622278241968867
Mean Acc : 	 0.5
FreqW Acc : 	 0.7434368208192974
Mean IoU : 	 0.43111391209844335
* Test:	Time 0.093 (0.215)	Loss 0.0454 (0.0550)	
learning rate = 0.000050
Epoch: [96][0/34]	Time 0.222 (0.558)	Data 0.048 (0.050)	Loss 0.0387 (0.0746)	
Epoch: [96][10/34]	Time 0.564 (0.558)	Data 0.049 (0.050)	Loss 0.0501 (0.0746)	
Epoch: [96][20/34]	Time 0.566 (0.558)	Data 0.049 (0.050)	Loss 0.0451 (0.0745)	
Epoch: [96][30/34]	Time 0.565 (0.558)	Data 0.049 (0.050)	Loss 0.0767 (0.0744)	
Test: [0/9]	Time 0.230 (0.230)	Loss 0.0613 (0.0613)	Prec@1 0.000 (0.000)	Prec@5 0.000 (0.000)
Overall Acc: 	 0.8618626381034282
Mean Acc : 	 0.5
FreqW Acc : 	 0.7428072069586009
Mean IoU : 	 0.4309313190517141
* Test:	Time 0.092 (0.216)	Loss 0.0832 (0.0580)	
learning rate = 0.000050
Epoch: [97][0/34]	Time 0.222 (0.558)	Data 0.048 (0.050)	Loss 0.0488 (0.0744)	
Epoch: [97][10/34]	Time 0.565 (0.558)	Data 0.049 (0.050)	Loss 0.0608 (0.0743)	
Epoch: [97][20/34]	Time 0.561 (0.558)	Data 0.050 (0.050)	Loss 0.0390 (0.0743)	
Epoch: [97][30/34]	Time 0.564 (0.558)	Data 0.049 (0.050)	Loss 0.0401 (0.0742)	
Test: [0/9]	Time 0.226 (0.226)	Loss 0.0577 (0.0577)	Prec@1 0.000 (0.000)	Prec@5 0.000 (0.000)
Overall Acc: 	 0.8622353397198578
Mean Acc : 	 0.5
FreqW Acc : 	 0.7434497810618186
Mean IoU : 	 0.4311176698599289
* Test:	Time 0.093 (0.215)	Loss 0.0669 (0.0572)	
learning rate = 0.000050
Epoch: [98][0/34]	Time 0.221 (0.558)	Data 0.048 (0.050)	Loss 0.0534 (0.0742)	
Epoch: [98][10/34]	Time 0.567 (0.558)	Data 0.049 (0.050)	Loss 0.0900 (0.0741)	
Epoch: [98][20/34]	Time 0.563 (0.558)	Data 0.049 (0.050)	Loss 0.0649 (0.0740)	
Epoch: [98][30/34]	Time 0.568 (0.558)	Data 0.049 (0.050)	Loss 0.0318 (0.0740)	
Test: [0/9]	Time 0.247 (0.247)	Loss 0.0891 (0.0891)	Prec@1 0.000 (0.000)	Prec@5 0.000 (0.000)
Overall Acc: 	 0.8622312403436917
Mean Acc : 	 0.5
FreqW Acc : 	 0.7434427118246211
Mean IoU : 	 0.43111562017184585
* Test:	Time 0.092 (0.218)	Loss 0.1636 (0.0687)	
learning rate = 0.000050
Epoch: [99][0/34]	Time 0.221 (0.558)	Data 0.048 (0.050)	Loss 0.0798 (0.0740)	
Epoch: [99][10/34]	Time 0.567 (0.558)	Data 0.048 (0.050)	Loss 0.0447 (0.0739)	
Epoch: [99][20/34]	Time 0.562 (0.558)	Data 0.049 (0.050)	Loss 0.0541 (0.0739)	
Epoch: [99][30/34]	Time 0.568 (0.558)	Data 0.049 (0.050)	Loss 0.0586 (0.0738)	
Test: [0/9]	Time 0.225 (0.225)	Loss 0.0349 (0.0349)	Prec@1 0.000 (0.000)	Prec@5 0.000 (0.000)
Overall Acc: 	 0.8621047290403452
Mean Acc : 	 0.5
FreqW Acc : 	 0.743224563833727
Mean IoU : 	 0.4310523645201726
* Test:	Time 0.093 (0.216)	Loss 0.0244 (0.0594)	
