start training
learning rate = 0.000050
Epoch: [0][0/67]	Time 7.855 (7.855)	Data 0.027 (0.027)	Loss 6.2715 (6.2715)	
Epoch: [0][10/67]	Time 0.327 (0.994)	Data 0.024 (0.026)	Loss 1.6540 (2.2775)	
Epoch: [0][20/67]	Time 0.326 (0.677)	Data 0.024 (0.025)	Loss 0.7382 (1.6121)	
Epoch: [0][30/67]	Time 0.328 (0.564)	Data 0.024 (0.025)	Loss 0.4243 (1.2587)	
Epoch: [0][40/67]	Time 0.325 (0.506)	Data 0.025 (0.025)	Loss 0.4123 (1.0364)	
Epoch: [0][50/67]	Time 0.326 (0.471)	Data 0.025 (0.025)	Loss 0.2094 (0.8842)	
Epoch: [0][60/67]	Time 0.323 (0.447)	Data 0.025 (0.025)	Loss 0.2144 (0.7723)	
Test: [0/17]	Time 0.125 (0.125)	Loss 0.1344 (0.1344)	Prec@1 0.000 (0.000)	Prec@5 0.000 (0.000)
Test: [10/17]	Time 0.130 (0.128)	Loss 0.1394 (0.1979)	Prec@1 0.000 (0.000)	Prec@5 0.000 (0.000)
Overall Acc: 	 0.8600889746822528
Mean Acc : 	 0.5
FreqW Acc : 	 0.7397530443699688
Mean IoU : 	 0.4300444873411264
* Test:	Time 2.574 (0.272)	Loss 0.2550 (0.1926)	
learning rate = 0.000050
Epoch: [1][0/67]	Time 0.128 (0.432)	Data 0.026 (0.025)	Loss 0.1562 (0.7124)	
Epoch: [1][10/67]	Time 0.325 (0.418)	Data 0.025 (0.025)	Loss 0.1163 (0.6420)	
Epoch: [1][20/67]	Time 0.326 (0.408)	Data 0.024 (0.025)	Loss 0.1082 (0.5872)	
Epoch: [1][30/67]	Time 0.327 (0.400)	Data 0.025 (0.025)	Loss 0.1186 (0.5451)	
Epoch: [1][40/67]	Time 0.327 (0.393)	Data 0.025 (0.025)	Loss 0.3663 (0.5186)	
Epoch: [1][50/67]	Time 0.327 (0.387)	Data 0.025 (0.025)	Loss 0.2131 (0.4953)	
Epoch: [1][60/67]	Time 0.326 (0.382)	Data 0.024 (0.025)	Loss 0.5358 (0.4727)	
Test: [0/17]	Time 0.123 (0.123)	Loss 0.1566 (0.1566)	Prec@1 0.000 (0.000)	Prec@5 0.000 (0.000)
Test: [10/17]	Time 0.129 (0.127)	Loss 0.1806 (0.1946)	Prec@1 0.000 (0.000)	Prec@5 0.000 (0.000)
Overall Acc: 	 0.8600160968837454
Mean Acc : 	 0.5
FreqW Acc : 	 0.7396276868991517
Mean IoU : 	 0.4300080484418727
* Test:	Time 0.094 (0.125)	Loss 0.1864 (0.1883)	
learning rate = 0.000050
Epoch: [2][0/67]	Time 0.124 (0.378)	Data 0.025 (0.025)	Loss 0.1448 (0.4619)	
Epoch: [2][10/67]	Time 0.326 (0.375)	Data 0.025 (0.025)	Loss 0.1997 (0.4455)	
Epoch: [2][20/67]	Time 0.329 (0.371)	Data 0.025 (0.025)	Loss 0.1243 (0.4261)	
Epoch: [2][30/67]	Time 0.327 (0.369)	Data 0.025 (0.025)	Loss 0.2796 (0.4137)	
Epoch: [2][40/67]	Time 0.327 (0.366)	Data 0.025 (0.025)	Loss 0.2500 (0.4052)	
Epoch: [2][50/67]	Time 0.325 (0.364)	Data 0.025 (0.025)	Loss 0.1558 (0.3922)	
Epoch: [2][60/67]	Time 0.329 (0.362)	Data 0.025 (0.025)	Loss 0.1792 (0.3809)	
Test: [0/17]	Time 0.123 (0.123)	Loss 0.1168 (0.1168)	Prec@1 0.000 (0.000)	Prec@5 0.000 (0.000)
Test: [10/17]	Time 0.131 (0.128)	Loss 0.2628 (0.1596)	Prec@1 0.000 (0.000)	Prec@5 0.000 (0.000)
Overall Acc: 	 0.8600313556728079
Mean Acc : 	 0.5
FreqW Acc : 	 0.7396539327404077
Mean IoU : 	 0.43001567783640393
* Test:	Time 0.093 (0.126)	Loss 0.0515 (0.1537)	
learning rate = 0.000050
Epoch: [3][0/67]	Time 0.125 (0.360)	Data 0.024 (0.025)	Loss 0.1424 (0.3730)	
Epoch: [3][10/67]	Time 0.327 (0.359)	Data 0.025 (0.025)	Loss 0.1596 (0.3623)	
Epoch: [3][20/67]	Time 0.326 (0.357)	Data 0.025 (0.025)	Loss 0.1719 (0.3527)	
Epoch: [3][30/67]	Time 0.331 (0.356)	Data 0.025 (0.025)	Loss 0.1329 (0.3449)	
Epoch: [3][40/67]	Time 0.324 (0.355)	Data 0.024 (0.025)	Loss 0.1049 (0.3361)	
Epoch: [3][50/67]	Time 0.328 (0.354)	Data 0.025 (0.025)	Loss 0.2585 (0.3292)	
Epoch: [3][60/67]	Time 0.324 (0.353)	Data 0.025 (0.025)	Loss 0.1132 (0.3224)	
Test: [0/17]	Time 0.124 (0.124)	Loss 0.1494 (0.1494)	Prec@1 0.000 (0.000)	Prec@5 0.000 (0.000)
Test: [10/17]	Time 0.130 (0.128)	Loss 0.1337 (0.1712)	Prec@1 0.000 (0.000)	Prec@5 0.000 (0.000)
Overall Acc: 	 0.8597233331025537
Mean Acc : 	 0.5
FreqW Acc : 	 0.7391242094809645
Mean IoU : 	 0.42986166655127683
* Test:	Time 0.096 (0.126)	Loss 0.1605 (0.1578)	
learning rate = 0.000050
Epoch: [4][0/67]	Time 0.124 (0.351)	Data 0.024 (0.025)	Loss 0.1868 (0.3181)	
Epoch: [4][10/67]	Time 0.328 (0.350)	Data 0.024 (0.025)	Loss 0.1379 (0.3122)	
Epoch: [4][20/67]	Time 0.326 (0.350)	Data 0.025 (0.025)	Loss 0.1023 (0.3054)	
Epoch: [4][30/67]	Time 0.330 (0.349)	Data 0.024 (0.025)	Loss 0.1444 (0.2993)	
Epoch: [4][40/67]	Time 0.324 (0.348)	Data 0.025 (0.025)	Loss 0.1019 (0.2935)	
Epoch: [4][50/67]	Time 0.332 (0.347)	Data 0.025 (0.025)	Loss 0.0851 (0.2874)	
Epoch: [4][60/67]	Time 0.328 (0.347)	Data 0.025 (0.025)	Loss 0.1233 (0.2819)	
Test: [0/17]	Time 0.125 (0.125)	Loss 0.1352 (0.1352)	Prec@1 0.000 (0.000)	Prec@5 0.000 (0.000)
Test: [10/17]	Time 0.129 (0.144)	Loss 0.0878 (0.1087)	Prec@1 0.000 (0.000)	Prec@5 0.000 (0.000)
Overall Acc: 	 0.8594762318169893
Mean Acc : 	 0.5
FreqW Acc : 	 0.7386993930583311
Mean IoU : 	 0.42973811590849464
* Test:	Time 0.094 (0.137)	Loss 0.0935 (0.1081)	
learning rate = 0.000050
Epoch: [5][0/67]	Time 0.124 (0.346)	Data 0.024 (0.025)	Loss 0.1098 (0.2783)	
Epoch: [5][10/67]	Time 0.328 (0.345)	Data 0.024 (0.025)	Loss 0.1033 (0.2733)	
Epoch: [5][20/67]	Time 0.326 (0.345)	Data 0.025 (0.025)	Loss 0.1032 (0.2685)	
Epoch: [5][30/67]	Time 0.328 (0.344)	Data 0.025 (0.025)	Loss 0.1161 (0.2643)	
Epoch: [5][40/67]	Time 0.327 (0.344)	Data 0.025 (0.025)	Loss 0.1387 (0.2601)	
Epoch: [5][50/67]	Time 0.327 (0.343)	Data 0.025 (0.025)	Loss 0.0802 (0.2564)	
Epoch: [5][60/67]	Time 0.326 (0.343)	Data 0.025 (0.025)	Loss 0.1369 (0.2527)	
Test: [0/17]	Time 0.124 (0.124)	Loss 0.1116 (0.1116)	Prec@1 0.000 (0.000)	Prec@5 0.000 (0.000)
Test: [10/17]	Time 0.130 (0.128)	Loss 0.1010 (0.0951)	Prec@1 0.000 (0.000)	Prec@5 0.000 (0.000)
Overall Acc: 	 0.8600388711957789
Mean Acc : 	 0.5
FreqW Acc : 	 0.7396668599677096
Mean IoU : 	 0.43001943559788947
* Test:	Time 0.093 (0.126)	Loss 0.0776 (0.0994)	
learning rate = 0.000050
Epoch: [6][0/67]	Time 0.124 (0.342)	Data 0.024 (0.025)	Loss 0.0827 (0.2499)	
Epoch: [6][10/67]	Time 0.333 (0.342)	Data 0.025 (0.025)	Loss 0.1248 (0.2466)	
Epoch: [6][20/67]	Time 0.323 (0.342)	Data 0.025 (0.025)	Loss 0.0950 (0.2435)	
Epoch: [6][30/67]	Time 0.329 (0.341)	Data 0.034 (0.025)	Loss 0.0751 (0.2405)	
Epoch: [6][40/67]	Time 0.327 (0.341)	Data 0.025 (0.025)	Loss 0.1209 (0.2373)	
Epoch: [6][50/67]	Time 0.327 (0.341)	Data 0.025 (0.025)	Loss 0.0947 (0.2341)	
Epoch: [6][60/67]	Time 0.330 (0.340)	Data 0.025 (0.025)	Loss 0.0722 (0.2305)	
Test: [0/17]	Time 0.124 (0.124)	Loss 0.0897 (0.0897)	Prec@1 0.000 (0.000)	Prec@5 0.000 (0.000)
Test: [10/17]	Time 0.130 (0.129)	Loss 0.1414 (0.0961)	Prec@1 0.000 (0.000)	Prec@5 0.000 (0.000)
Overall Acc: 	 0.8596203932121619
Mean Acc : 	 0.5
FreqW Acc : 	 0.7389472204262318
Mean IoU : 	 0.42981019660608094
* Test:	Time 0.094 (0.126)	Loss 0.0879 (0.0912)	
learning rate = 0.000050
Epoch: [7][0/67]	Time 0.124 (0.340)	Data 0.024 (0.025)	Loss 0.0780 (0.2282)	
Epoch: [7][10/67]	Time 0.327 (0.339)	Data 0.025 (0.025)	Loss 0.1112 (0.2252)	
Epoch: [7][20/67]	Time 0.325 (0.339)	Data 0.025 (0.025)	Loss 0.1320 (0.2226)	
Epoch: [7][30/67]	Time 0.331 (0.339)	Data 0.024 (0.025)	Loss 0.1340 (0.2204)	
Epoch: [7][40/67]	Time 0.324 (0.339)	Data 0.025 (0.025)	Loss 0.0942 (0.2179)	
Epoch: [7][50/67]	Time 0.332 (0.338)	Data 0.025 (0.025)	Loss 0.0898 (0.2156)	
Epoch: [7][60/67]	Time 0.326 (0.338)	Data 0.024 (0.025)	Loss 0.0759 (0.2136)	
Test: [0/17]	Time 0.125 (0.125)	Loss 0.1199 (0.1199)	Prec@1 0.000 (0.000)	Prec@5 0.000 (0.000)
Test: [10/17]	Time 0.130 (0.128)	Loss 0.0908 (0.0964)	Prec@1 0.000 (0.000)	Prec@5 0.000 (0.000)
Overall Acc: 	 0.8602834673070195
Mean Acc : 	 0.5
FreqW Acc : 	 0.7400876441217877
Mean IoU : 	 0.4301417336535098
* Test:	Time 0.093 (0.126)	Loss 0.1376 (0.0964)	
learning rate = 0.000050
Epoch: [8][0/67]	Time 0.125 (0.338)	Data 0.024 (0.025)	Loss 0.1227 (0.2124)	
Epoch: [8][10/67]	Time 0.325 (0.337)	Data 0.024 (0.025)	Loss 0.0868 (0.2101)	
Epoch: [8][20/67]	Time 0.328 (0.337)	Data 0.025 (0.025)	Loss 0.0865 (0.2078)	
Epoch: [8][30/67]	Time 0.330 (0.337)	Data 0.025 (0.025)	Loss 0.1296 (0.2059)	
Epoch: [8][40/67]	Time 0.325 (0.337)	Data 0.025 (0.025)	Loss 0.1035 (0.2040)	
Epoch: [8][50/67]	Time 0.329 (0.337)	Data 0.025 (0.025)	Loss 0.0734 (0.2024)	
Epoch: [8][60/67]	Time 0.328 (0.337)	Data 0.025 (0.025)	Loss 0.0238 (0.2006)	
Test: [0/17]	Time 0.126 (0.126)	Loss 0.0547 (0.0547)	Prec@1 0.000 (0.000)	Prec@5 0.000 (0.000)
Test: [10/17]	Time 0.132 (0.128)	Loss 0.0983 (0.0864)	Prec@1 0.000 (0.000)	Prec@5 0.000 (0.000)
Overall Acc: 	 0.8593984575413945
Mean Acc : 	 0.5
FreqW Acc : 	 0.7385657088245281
Mean IoU : 	 0.4296992287706973
* Test:	Time 0.094 (0.127)	Loss 0.1370 (0.0879)	
learning rate = 0.000050
Epoch: [9][0/67]	Time 0.125 (0.336)	Data 0.024 (0.025)	Loss 0.0884 (0.1992)	
Epoch: [9][10/67]	Time 0.332 (0.336)	Data 0.025 (0.025)	Loss 0.0824 (0.1976)	
Epoch: [9][20/67]	Time 0.328 (0.336)	Data 0.025 (0.025)	Loss 0.0921 (0.1958)	
Epoch: [9][30/67]	Time 0.327 (0.336)	Data 0.025 (0.025)	Loss 0.1030 (0.1940)	
Epoch: [9][40/67]	Time 0.324 (0.336)	Data 0.025 (0.025)	Loss 0.0759 (0.1923)	
Epoch: [9][50/67]	Time 0.331 (0.336)	Data 0.024 (0.025)	Loss 0.0607 (0.1905)	
Epoch: [9][60/67]	Time 0.325 (0.335)	Data 0.025 (0.025)	Loss 0.0933 (0.1890)	
Test: [0/17]	Time 0.124 (0.124)	Loss 0.0828 (0.0828)	Prec@1 0.000 (0.000)	Prec@5 0.000 (0.000)
Test: [10/17]	Time 0.135 (0.128)	Loss 0.1079 (0.0938)	Prec@1 0.000 (0.000)	Prec@5 0.000 (0.000)
Overall Acc: 	 0.8597383641484958
Mean Acc : 	 0.5
FreqW Acc : 	 0.7391500547887315
Mean IoU : 	 0.4298691820742479
* Test:	Time 0.094 (0.126)	Loss 0.0385 (0.0827)	
learning rate = 0.000050
Epoch: [10][0/67]	Time 0.126 (0.335)	Data 0.024 (0.025)	Loss 0.0777 (0.1879)	
Epoch: [10][10/67]	Time 0.325 (0.335)	Data 0.025 (0.025)	Loss 0.0867 (0.1864)	
Epoch: [10][20/67]	Time 0.327 (0.335)	Data 0.025 (0.025)	Loss 0.0702 (0.1846)	
Epoch: [10][30/67]	Time 0.329 (0.335)	Data 0.025 (0.025)	Loss 0.0481 (0.1832)	
Epoch: [10][40/67]	Time 0.325 (0.335)	Data 0.024 (0.025)	Loss 0.0704 (0.1817)	
Epoch: [10][50/67]	Time 0.328 (0.334)	Data 0.025 (0.025)	Loss 0.1058 (0.1803)	
Epoch: [10][60/67]	Time 0.328 (0.334)	Data 0.024 (0.025)	Loss 0.0734 (0.1790)	
Test: [0/17]	Time 0.124 (0.124)	Loss 0.0708 (0.0708)	Prec@1 0.000 (0.000)	Prec@5 0.000 (0.000)
Test: [10/17]	Time 0.132 (0.128)	Loss 0.0463 (0.0949)	Prec@1 0.000 (0.000)	Prec@5 0.000 (0.000)
Overall Acc: 	 0.8602967902795592
Mean Acc : 	 0.5
FreqW Acc : 	 0.7401105673653119
Mean IoU : 	 0.4301483951397796
* Test:	Time 0.094 (0.126)	Loss 0.0789 (0.0845)	
learning rate = 0.000050
Epoch: [11][0/67]	Time 0.128 (0.334)	Data 0.024 (0.025)	Loss 0.0584 (0.1785)	
Epoch: [11][10/67]	Time 0.325 (0.334)	Data 0.025 (0.025)	Loss 0.0555 (0.1774)	
Epoch: [11][20/67]	Time 0.332 (0.334)	Data 0.025 (0.025)	Loss 0.1067 (0.1764)	
Epoch: [11][30/67]	Time 0.325 (0.334)	Data 0.025 (0.025)	Loss 0.0868 (0.1753)	
Epoch: [11][40/67]	Time 0.331 (0.334)	Data 0.025 (0.025)	Loss 0.1344 (0.1744)	
Epoch: [11][50/67]	Time 0.326 (0.334)	Data 0.025 (0.025)	Loss 0.0782 (0.1733)	
Epoch: [11][60/67]	Time 0.324 (0.334)	Data 0.025 (0.025)	Loss 0.0645 (0.1723)	
Test: [0/17]	Time 0.124 (0.124)	Loss 0.0958 (0.0958)	Prec@1 0.000 (0.000)	Prec@5 0.000 (0.000)
Test: [10/17]	Time 0.128 (0.128)	Loss 0.0773 (0.0912)	Prec@1 0.000 (0.000)	Prec@5 0.000 (0.000)
Overall Acc: 	 0.8598996062776936
Mean Acc : 	 0.5
FreqW Acc : 	 0.7394273328765324
Mean IoU : 	 0.4299498031388468
* Test:	Time 0.093 (0.126)	Loss 0.0855 (0.0883)	
learning rate = 0.000050
Epoch: [12][0/67]	Time 0.127 (0.333)	Data 0.024 (0.025)	Loss 0.1134 (0.1714)	
Epoch: [12][10/67]	Time 0.326 (0.333)	Data 0.025 (0.025)	Loss 0.1082 (0.1703)	
Epoch: [12][20/67]	Time 0.328 (0.333)	Data 0.025 (0.025)	Loss 0.0556 (0.1692)	
Epoch: [12][30/67]	Time 0.326 (0.333)	Data 0.024 (0.025)	Loss 0.0729 (0.1680)	
Epoch: [12][40/67]	Time 0.326 (0.333)	Data 0.024 (0.025)	Loss 0.0539 (0.1674)	
Epoch: [12][50/67]	Time 0.324 (0.333)	Data 0.024 (0.025)	Loss 0.0631 (0.1663)	
Epoch: [12][60/67]	Time 0.326 (0.333)	Data 0.025 (0.025)	Loss 0.0735 (0.1653)	
Test: [0/17]	Time 0.123 (0.123)	Loss 0.0846 (0.0846)	Prec@1 0.000 (0.000)	Prec@5 0.000 (0.000)
Test: [10/17]	Time 0.127 (0.130)	Loss 0.0927 (0.0743)	Prec@1 0.000 (0.000)	Prec@5 0.000 (0.000)
Overall Acc: 	 0.8600639229390159
Mean Acc : 	 0.5
FreqW Acc : 	 0.7397099515412495
Mean IoU : 	 0.43003196146950795
* Test:	Time 0.093 (0.127)	Loss 0.0831 (0.0805)	
learning rate = 0.000050
Epoch: [13][0/67]	Time 0.128 (0.333)	Data 0.024 (0.025)	Loss 0.0893 (0.1647)	
Epoch: [13][10/67]	Time 0.326 (0.332)	Data 0.025 (0.025)	Loss 0.0785 (0.1637)	
Epoch: [13][20/67]	Time 0.329 (0.332)	Data 0.025 (0.025)	Loss 0.1492 (0.1630)	
Epoch: [13][30/67]	Time 0.328 (0.332)	Data 0.025 (0.025)	Loss 0.0834 (0.1621)	
Epoch: [13][40/67]	Time 0.328 (0.332)	Data 0.025 (0.025)	Loss 0.0523 (0.1612)	
Epoch: [13][50/67]	Time 0.326 (0.332)	Data 0.025 (0.025)	Loss 0.0770 (0.1603)	
Epoch: [13][60/67]	Time 0.329 (0.332)	Data 0.025 (0.025)	Loss 0.0534 (0.1593)	
Test: [0/17]	Time 0.123 (0.123)	Loss 0.1166 (0.1166)	Prec@1 0.000 (0.000)	Prec@5 0.000 (0.000)
Test: [10/17]	Time 0.128 (0.128)	Loss 0.0681 (0.0803)	Prec@1 0.000 (0.000)	Prec@5 0.000 (0.000)
Overall Acc: 	 0.8602862002244637
Mean Acc : 	 0.5
FreqW Acc : 	 0.740092346296646
Mean IoU : 	 0.43014310011223184
* Test:	Time 0.093 (0.126)	Loss 0.0744 (0.0846)	
learning rate = 0.000050
Epoch: [14][0/67]	Time 0.127 (0.332)	Data 0.024 (0.025)	Loss 0.0845 (0.1589)	
Epoch: [14][10/67]	Time 0.327 (0.332)	Data 0.025 (0.025)	Loss 0.0597 (0.1582)	
Epoch: [14][20/67]	Time 0.328 (0.332)	Data 0.025 (0.025)	Loss 0.0984 (0.1576)	
Epoch: [14][30/67]	Time 0.329 (0.332)	Data 0.025 (0.025)	Loss 0.1065 (0.1569)	
Epoch: [14][40/67]	Time 0.323 (0.332)	Data 0.024 (0.025)	Loss 0.1305 (0.1566)	
Epoch: [14][50/67]	Time 0.328 (0.332)	Data 0.024 (0.025)	Loss 0.1448 (0.1562)	
Epoch: [14][60/67]	Time 0.323 (0.332)	Data 0.025 (0.025)	Loss 0.0800 (0.1557)	
Test: [0/17]	Time 0.124 (0.124)	Loss 0.1589 (0.1589)	Prec@1 0.000 (0.000)	Prec@5 0.000 (0.000)
Test: [10/17]	Time 0.134 (0.128)	Loss 0.1026 (0.1350)	Prec@1 0.000 (0.000)	Prec@5 0.000 (0.000)
Overall Acc: 	 0.859602173762535
Mean Acc : 	 0.5
FreqW Acc : 	 0.7389158971372755
Mean IoU : 	 0.4298010868812675
* Test:	Time 0.094 (0.126)	Loss 0.1276 (0.1326)	
learning rate = 0.000050
Epoch: [15][0/67]	Time 0.127 (0.331)	Data 0.024 (0.025)	Loss 0.1726 (0.1553)	
Epoch: [15][10/67]	Time 0.333 (0.331)	Data 0.024 (0.025)	Loss 0.0785 (0.1554)	
Epoch: [15][20/67]	Time 0.327 (0.331)	Data 0.025 (0.025)	Loss 0.0538 (0.1549)	
Epoch: [15][30/67]	Time 0.330 (0.331)	Data 0.025 (0.025)	Loss 0.0652 (0.1542)	
Epoch: [15][40/67]	Time 0.321 (0.331)	Data 0.025 (0.025)	Loss 0.1409 (0.1538)	
Epoch: [15][50/67]	Time 0.326 (0.331)	Data 0.025 (0.025)	Loss 0.1039 (0.1535)	
Epoch: [15][60/67]	Time 0.324 (0.331)	Data 0.024 (0.025)	Loss 0.0867 (0.1529)	
Test: [0/17]	Time 0.125 (0.125)	Loss 0.0491 (0.0491)	Prec@1 0.000 (0.000)	Prec@5 0.000 (0.000)
Test: [10/17]	Time 0.129 (0.128)	Loss 0.0933 (0.0835)	Prec@1 0.000 (0.000)	Prec@5 0.000 (0.000)
Overall Acc: 	 0.8601366868659631
Mean Acc : 	 0.5
FreqW Acc : 	 0.7398351200927559
Mean IoU : 	 0.43006834343298156
* Test:	Time 0.094 (0.126)	Loss 0.1517 (0.0869)	
learning rate = 0.000050
Epoch: [16][0/67]	Time 0.124 (0.331)	Data 0.024 (0.025)	Loss 0.1362 (0.1527)	
Epoch: [16][10/67]	Time 0.325 (0.331)	Data 0.025 (0.025)	Loss 0.1458 (0.1523)	
Epoch: [16][20/67]	Time 0.324 (0.331)	Data 0.024 (0.025)	Loss 0.1035 (0.1515)	
Epoch: [16][30/67]	Time 0.329 (0.331)	Data 0.035 (0.025)	Loss 0.0899 (0.1509)	
Epoch: [16][40/67]	Time 0.323 (0.331)	Data 0.031 (0.025)	Loss 0.1216 (0.1504)	
Epoch: [16][50/67]	Time 0.325 (0.331)	Data 0.025 (0.025)	Loss 0.0645 (0.1497)	
Epoch: [16][60/67]	Time 0.325 (0.331)	Data 0.025 (0.025)	Loss 0.0842 (0.1491)	
Test: [0/17]	Time 0.126 (0.126)	Loss 0.0389 (0.0389)	Prec@1 0.000 (0.000)	Prec@5 0.000 (0.000)
Test: [10/17]	Time 0.130 (0.129)	Loss 0.0572 (0.0798)	Prec@1 0.000 (0.000)	Prec@5 0.000 (0.000)
Overall Acc: 	 0.8599177118557603
Mean Acc : 	 0.5
FreqW Acc : 	 0.7394584711632464
Mean IoU : 	 0.42995885592788013
* Test:	Time 0.098 (0.127)	Loss 0.1336 (0.0765)	
learning rate = 0.000050
Epoch: [17][0/67]	Time 0.125 (0.331)	Data 0.025 (0.025)	Loss 0.0763 (0.1486)	
Epoch: [17][10/67]	Time 0.327 (0.331)	Data 0.025 (0.025)	Loss 0.0457 (0.1479)	
Epoch: [17][20/67]	Time 0.327 (0.331)	Data 0.025 (0.025)	Loss 0.0579 (0.1474)	
Epoch: [17][30/67]	Time 0.331 (0.331)	Data 0.025 (0.025)	Loss 0.0504 (0.1467)	
Epoch: [17][40/67]	Time 0.328 (0.331)	Data 0.025 (0.025)	Loss 0.0327 (0.1461)	
Epoch: [17][50/67]	Time 0.330 (0.330)	Data 0.024 (0.025)	Loss 0.0601 (0.1457)	
Epoch: [17][60/67]	Time 0.326 (0.330)	Data 0.025 (0.025)	Loss 0.0905 (0.1452)	
Test: [0/17]	Time 0.122 (0.122)	Loss 0.0693 (0.0693)	Prec@1 0.000 (0.000)	Prec@5 0.000 (0.000)
Test: [10/17]	Time 0.133 (0.128)	Loss 0.0248 (0.0723)	Prec@1 0.000 (0.000)	Prec@5 0.000 (0.000)
Overall Acc: 	 0.8605143988310401
Mean Acc : 	 0.5
FreqW Acc : 	 0.7404850305955463
Mean IoU : 	 0.43025719941552004
* Test:	Time 0.093 (0.126)	Loss 0.0710 (0.0782)	
learning rate = 0.000050
Epoch: [18][0/67]	Time 0.129 (0.330)	Data 0.028 (0.025)	Loss 0.0740 (0.1448)	
Epoch: [18][10/67]	Time 0.327 (0.330)	Data 0.025 (0.025)	Loss 0.0808 (0.1442)	
Epoch: [18][20/67]	Time 0.327 (0.330)	Data 0.035 (0.025)	Loss 0.2678 (0.1438)	
Epoch: [18][30/67]	Time 0.324 (0.330)	Data 0.024 (0.025)	Loss 0.1169 (0.1433)	
Epoch: [18][40/67]	Time 0.332 (0.330)	Data 0.025 (0.025)	Loss 0.1047 (0.1430)	
Epoch: [18][50/67]	Time 0.324 (0.330)	Data 0.024 (0.025)	Loss 0.1059 (0.1424)	
Epoch: [18][60/67]	Time 0.326 (0.330)	Data 0.024 (0.025)	Loss 0.0667 (0.1418)	
Test: [0/17]	Time 0.124 (0.124)	Loss 0.1353 (0.1353)	Prec@1 0.000 (0.000)	Prec@5 0.000 (0.000)
Test: [10/17]	Time 0.135 (0.129)	Loss 0.0754 (0.0852)	Prec@1 0.000 (0.000)	Prec@5 0.000 (0.000)
Overall Acc: 	 0.8604969764823345
Mean Acc : 	 0.5
FreqW Acc : 	 0.7404550465352393
Mean IoU : 	 0.43024848824116724
* Test:	Time 0.092 (0.126)	Loss 0.0606 (0.0763)	
learning rate = 0.000050
Epoch: [19][0/67]	Time 0.127 (0.330)	Data 0.024 (0.025)	Loss 0.0857 (0.1414)	
Epoch: [19][10/67]	Time 0.329 (0.330)	Data 0.025 (0.025)	Loss 0.0665 (0.1408)	
Epoch: [19][20/67]	Time 0.325 (0.330)	Data 0.024 (0.025)	Loss 0.1177 (0.1404)	
Epoch: [19][30/67]	Time 0.325 (0.330)	Data 0.035 (0.025)	Loss 0.0803 (0.1399)	
Epoch: [19][40/67]	Time 0.326 (0.330)	Data 0.025 (0.025)	Loss 0.1411 (0.1394)	
Epoch: [19][50/67]	Time 0.327 (0.330)	Data 0.025 (0.025)	Loss 0.0771 (0.1389)	
Epoch: [19][60/67]	Time 0.325 (0.330)	Data 0.025 (0.025)	Loss 0.0988 (0.1384)	
Test: [0/17]	Time 0.125 (0.125)	Loss 0.0639 (0.0639)	Prec@1 0.000 (0.000)	Prec@5 0.000 (0.000)
Test: [10/17]	Time 0.132 (0.128)	Loss 0.0853 (0.0767)	Prec@1 0.000 (0.000)	Prec@5 0.000 (0.000)
Overall Acc: 	 0.8599851238193796
Mean Acc : 	 0.5
FreqW Acc : 	 0.7395744131906338
Mean IoU : 	 0.4299925619096898
* Test:	Time 0.094 (0.126)	Loss 0.0649 (0.0783)	
learning rate = 0.000050
Epoch: [20][0/67]	Time 0.125 (0.330)	Data 0.024 (0.025)	Loss 0.0490 (0.1381)	
Epoch: [20][10/67]	Time 0.329 (0.330)	Data 0.024 (0.025)	Loss 0.0580 (0.1377)	
Epoch: [20][20/67]	Time 0.330 (0.330)	Data 0.025 (0.025)	Loss 0.0662 (0.1373)	
Epoch: [20][30/67]	Time 0.331 (0.330)	Data 0.025 (0.025)	Loss 0.0617 (0.1368)	
Epoch: [20][40/67]	Time 0.327 (0.330)	Data 0.025 (0.025)	Loss 0.0709 (0.1364)	
Epoch: [20][50/67]	Time 0.329 (0.330)	Data 0.025 (0.025)	Loss 0.1657 (0.1363)	
Epoch: [20][60/67]	Time 0.329 (0.330)	Data 0.024 (0.025)	Loss 0.0677 (0.1359)	
Test: [0/17]	Time 0.124 (0.124)	Loss 0.0510 (0.0510)	Prec@1 0.000 (0.000)	Prec@5 0.000 (0.000)
Test: [10/17]	Time 0.130 (0.129)	Loss 0.0887 (0.0731)	Prec@1 0.000 (0.000)	Prec@5 0.000 (0.000)
Overall Acc: 	 0.8603440469770289
Mean Acc : 	 0.5
FreqW Acc : 	 0.7401918791688121
Mean IoU : 	 0.43017202348851447
* Test:	Time 0.104 (0.128)	Loss 0.1402 (0.0791)	
learning rate = 0.000050
Epoch: [21][0/67]	Time 0.126 (0.329)	Data 0.024 (0.025)	Loss 0.0705 (0.1356)	
Epoch: [21][10/67]	Time 0.325 (0.329)	Data 0.025 (0.025)	Loss 0.1015 (0.1355)	
Epoch: [21][20/67]	Time 0.326 (0.329)	Data 0.025 (0.025)	Loss 0.0991 (0.1350)	
Epoch: [21][30/67]	Time 0.324 (0.329)	Data 0.025 (0.025)	Loss 0.0818 (0.1346)	
Epoch: [21][40/67]	Time 0.324 (0.329)	Data 0.025 (0.025)	Loss 0.0699 (0.1342)	
Epoch: [21][50/67]	Time 0.328 (0.329)	Data 0.025 (0.025)	Loss 0.0848 (0.1337)	
Epoch: [21][60/67]	Time 0.325 (0.329)	Data 0.024 (0.025)	Loss 0.1192 (0.1333)	
Test: [0/17]	Time 0.124 (0.124)	Loss 0.1397 (0.1397)	Prec@1 0.000 (0.000)	Prec@5 0.000 (0.000)
Test: [10/17]	Time 0.127 (0.127)	Loss 0.0537 (0.0763)	Prec@1 0.000 (0.000)	Prec@5 0.000 (0.000)
Overall Acc: 	 0.8598901549381996
Mean Acc : 	 0.5
FreqW Acc : 	 0.7394110785596409
Mean IoU : 	 0.4299450774690998
* Test:	Time 0.094 (0.125)	Loss 0.0682 (0.0748)	
learning rate = 0.000050
Epoch: [22][0/67]	Time 0.125 (0.329)	Data 0.024 (0.025)	Loss 0.0445 (0.1329)	
Epoch: [22][10/67]	Time 0.328 (0.329)	Data 0.025 (0.025)	Loss 0.0396 (0.1325)	
Epoch: [22][20/67]	Time 0.326 (0.329)	Data 0.025 (0.025)	Loss 0.0669 (0.1322)	
Epoch: [22][30/67]	Time 0.331 (0.329)	Data 0.024 (0.025)	Loss 0.0571 (0.1318)	
Epoch: [22][40/67]	Time 0.327 (0.329)	Data 0.025 (0.025)	Loss 0.0622 (0.1314)	
Epoch: [22][50/67]	Time 0.327 (0.329)	Data 0.025 (0.025)	Loss 0.2150 (0.1311)	
Epoch: [22][60/67]	Time 0.327 (0.329)	Data 0.025 (0.025)	Loss 0.0698 (0.1306)	
Test: [0/17]	Time 0.123 (0.123)	Loss 0.0553 (0.0553)	Prec@1 0.000 (0.000)	Prec@5 0.000 (0.000)
Test: [10/17]	Time 0.132 (0.129)	Loss 0.0436 (0.0708)	Prec@1 0.000 (0.000)	Prec@5 0.000 (0.000)
Overall Acc: 	 0.8595489957439366
Mean Acc : 	 0.5
FreqW Acc : 	 0.7388244760844099
Mean IoU : 	 0.4297744978719683
* Test:	Time 0.094 (0.127)	Loss 0.1311 (0.0761)	
learning rate = 0.000050
Epoch: [23][0/67]	Time 0.125 (0.329)	Data 0.024 (0.025)	Loss 0.0419 (0.1304)	
Epoch: [23][10/67]	Time 0.328 (0.329)	Data 0.025 (0.025)	Loss 0.0722 (0.1300)	
Epoch: [23][20/67]	Time 0.329 (0.329)	Data 0.025 (0.025)	Loss 0.0892 (0.1297)	
Epoch: [23][30/67]	Time 0.328 (0.329)	Data 0.024 (0.025)	Loss 0.0727 (0.1293)	
Epoch: [23][40/67]	Time 0.327 (0.329)	Data 0.024 (0.025)	Loss 0.0540 (0.1289)	
Epoch: [23][50/67]	Time 0.327 (0.329)	Data 0.035 (0.025)	Loss 0.0703 (0.1286)	
Epoch: [23][60/67]	Time 0.325 (0.329)	Data 0.025 (0.025)	Loss 0.0435 (0.1282)	
Test: [0/17]	Time 0.124 (0.124)	Loss 0.0433 (0.0433)	Prec@1 0.000 (0.000)	Prec@5 0.000 (0.000)
Test: [10/17]	Time 0.129 (0.128)	Loss 0.0385 (0.0690)	Prec@1 0.000 (0.000)	Prec@5 0.000 (0.000)
Overall Acc: 	 0.860333912408174
Mean Acc : 	 0.5
FreqW Acc : 	 0.7401744408395556
Mean IoU : 	 0.430166956204087
* Test:	Time 0.095 (0.125)	Loss 0.1190 (0.0671)	
learning rate = 0.000050
Epoch: [24][0/67]	Time 0.128 (0.329)	Data 0.024 (0.025)	Loss 0.0935 (0.1280)	
Epoch: [24][10/67]	Time 0.328 (0.329)	Data 0.025 (0.025)	Loss 0.1336 (0.1277)	
Epoch: [24][20/67]	Time 0.326 (0.329)	Data 0.024 (0.025)	Loss 0.1030 (0.1274)	
Epoch: [24][30/67]	Time 0.330 (0.329)	Data 0.025 (0.025)	Loss 0.0920 (0.1270)	
Epoch: [24][40/67]	Time 0.331 (0.329)	Data 0.025 (0.025)	Loss 0.0687 (0.1267)	
Epoch: [24][50/67]	Time 0.332 (0.329)	Data 0.024 (0.025)	Loss 0.0538 (0.1263)	
Epoch: [24][60/67]	Time 0.328 (0.329)	Data 0.024 (0.025)	Loss 0.0488 (0.1260)	
Test: [0/17]	Time 0.124 (0.124)	Loss 0.0809 (0.0809)	Prec@1 0.000 (0.000)	Prec@5 0.000 (0.000)
Test: [10/17]	Time 0.130 (0.128)	Loss 0.0859 (0.0646)	Prec@1 0.000 (0.000)	Prec@5 0.000 (0.000)
Overall Acc: 	 0.8596486333590835
Mean Acc : 	 0.5
FreqW Acc : 	 0.7389957728361399
Mean IoU : 	 0.42982431667954174
* Test:	Time 0.095 (0.126)	Loss 0.1603 (0.0731)	
learning rate = 0.000050
Epoch: [25][0/67]	Time 0.133 (0.329)	Data 0.031 (0.025)	Loss 0.0641 (0.1257)	
Epoch: [25][10/67]	Time 0.330 (0.329)	Data 0.024 (0.025)	Loss 0.0522 (0.1254)	
Epoch: [25][20/67]	Time 0.332 (0.329)	Data 0.024 (0.025)	Loss 0.0348 (0.1251)	
Epoch: [25][30/67]	Time 0.325 (0.329)	Data 0.025 (0.025)	Loss 0.0529 (0.1249)	
Epoch: [25][40/67]	Time 0.332 (0.329)	Data 0.025 (0.025)	Loss 0.0752 (0.1245)	
Epoch: [25][50/67]	Time 0.324 (0.329)	Data 0.025 (0.025)	Loss 0.0522 (0.1243)	
Epoch: [25][60/67]	Time 0.331 (0.329)	Data 0.025 (0.025)	Loss 0.0961 (0.1240)	
Test: [0/17]	Time 0.124 (0.124)	Loss 0.0545 (0.0545)	Prec@1 0.000 (0.000)	Prec@5 0.000 (0.000)
Test: [10/17]	Time 0.131 (0.128)	Loss 0.0336 (0.0671)	Prec@1 0.000 (0.000)	Prec@5 0.000 (0.000)
Overall Acc: 	 0.8600063039295709
Mean Acc : 	 0.5
FreqW Acc : 	 0.7396108427986015
Mean IoU : 	 0.43000315196478545
* Test:	Time 0.095 (0.126)	Loss 0.0592 (0.0698)	
learning rate = 0.000050
Epoch: [26][0/67]	Time 0.129 (0.329)	Data 0.025 (0.025)	Loss 0.0613 (0.1238)	
Epoch: [26][10/67]	Time 0.326 (0.329)	Data 0.024 (0.025)	Loss 0.0822 (0.1235)	
Epoch: [26][20/67]	Time 0.329 (0.329)	Data 0.025 (0.025)	Loss 0.0853 (0.1232)	
Epoch: [26][30/67]	Time 0.329 (0.329)	Data 0.025 (0.025)	Loss 0.0932 (0.1229)	
Epoch: [26][40/67]	Time 0.327 (0.328)	Data 0.024 (0.025)	Loss 0.0907 (0.1226)	
Epoch: [26][50/67]	Time 0.326 (0.328)	Data 0.025 (0.025)	Loss 0.0534 (0.1223)	
Epoch: [26][60/67]	Time 0.330 (0.328)	Data 0.025 (0.025)	Loss 0.0909 (0.1221)	
Test: [0/17]	Time 0.125 (0.125)	Loss 0.0878 (0.0878)	Prec@1 0.000 (0.000)	Prec@5 0.000 (0.000)
Test: [10/17]	Time 0.132 (0.129)	Loss 0.0629 (0.0687)	Prec@1 0.000 (0.000)	Prec@5 0.000 (0.000)
Overall Acc: 	 0.8598489334334188
Mean Acc : 	 0.5
FreqW Acc : 	 0.739340188326588
Mean IoU : 	 0.4299244667167094
* Test:	Time 0.094 (0.126)	Loss 0.0925 (0.0659)	
learning rate = 0.000050
Epoch: [27][0/67]	Time 0.125 (0.328)	Data 0.024 (0.025)	Loss 0.0450 (0.1218)	
Epoch: [27][10/67]	Time 0.332 (0.328)	Data 0.025 (0.025)	Loss 0.0839 (0.1215)	
Epoch: [27][20/67]	Time 0.329 (0.328)	Data 0.024 (0.025)	Loss 0.0358 (0.1212)	
Epoch: [27][30/67]	Time 0.327 (0.328)	Data 0.025 (0.025)	Loss 0.0875 (0.1210)	
Epoch: [27][40/67]	Time 0.324 (0.328)	Data 0.026 (0.025)	Loss 0.0911 (0.1207)	
Epoch: [27][50/67]	Time 0.327 (0.328)	Data 0.025 (0.025)	Loss 0.0692 (0.1204)	
Epoch: [27][60/67]	Time 0.326 (0.328)	Data 0.035 (0.025)	Loss 0.1962 (0.1202)	
Test: [0/17]	Time 0.124 (0.124)	Loss 0.0604 (0.0604)	Prec@1 0.000 (0.000)	Prec@5 0.000 (0.000)
Test: [10/17]	Time 0.129 (0.128)	Loss 0.0457 (0.0639)	Prec@1 0.000 (0.000)	Prec@5 0.000 (0.000)
Overall Acc: 	 0.8600426289572645
Mean Acc : 	 0.5
FreqW Acc : 	 0.7396733236237228
Mean IoU : 	 0.43002131447863223
* Test:	Time 0.096 (0.126)	Loss 0.1124 (0.0681)	
learning rate = 0.000050
Epoch: [28][0/67]	Time 0.128 (0.328)	Data 0.024 (0.025)	Loss 0.0305 (0.1200)	
Epoch: [28][10/67]	Time 0.331 (0.328)	Data 0.024 (0.025)	Loss 0.0712 (0.1197)	
Epoch: [28][20/67]	Time 0.324 (0.328)	Data 0.034 (0.025)	Loss 0.0682 (0.1196)	
Epoch: [28][30/67]	Time 0.323 (0.328)	Data 0.025 (0.025)	Loss 0.0307 (0.1193)	
Epoch: [28][40/67]	Time 0.327 (0.328)	Data 0.024 (0.025)	Loss 0.0885 (0.1190)	
Epoch: [28][50/67]	Time 0.329 (0.328)	Data 0.024 (0.025)	Loss 0.0571 (0.1187)	
Epoch: [28][60/67]	Time 0.325 (0.328)	Data 0.025 (0.025)	Loss 0.0525 (0.1184)	
Test: [0/17]	Time 0.124 (0.124)	Loss 0.0723 (0.0723)	Prec@1 0.000 (0.000)	Prec@5 0.000 (0.000)
Test: [10/17]	Time 0.131 (0.129)	Loss 0.0468 (0.0642)	Prec@1 0.000 (0.000)	Prec@5 0.000 (0.000)
Overall Acc: 	 0.8597426912677821
Mean Acc : 	 0.5
FreqW Acc : 	 0.7391574951883689
Mean IoU : 	 0.42987134563389107
* Test:	Time 0.093 (0.126)	Loss 0.0317 (0.0659)	
learning rate = 0.000050
Epoch: [29][0/67]	Time 0.126 (0.328)	Data 0.024 (0.025)	Loss 0.0863 (0.1183)	
Epoch: [29][10/67]	Time 0.325 (0.328)	Data 0.025 (0.025)	Loss 0.1324 (0.1180)	
Epoch: [29][20/67]	Time 0.333 (0.328)	Data 0.025 (0.025)	Loss 0.0596 (0.1178)	
Epoch: [29][30/67]	Time 0.327 (0.328)	Data 0.025 (0.025)	Loss 0.0448 (0.1175)	
Epoch: [29][40/67]	Time 0.326 (0.328)	Data 0.025 (0.025)	Loss 0.0974 (0.1173)	
Epoch: [29][50/67]	Time 0.328 (0.328)	Data 0.025 (0.025)	Loss 0.0602 (0.1170)	
Epoch: [29][60/67]	Time 0.326 (0.328)	Data 0.025 (0.025)	Loss 0.0518 (0.1168)	
Test: [0/17]	Time 0.127 (0.127)	Loss 0.0569 (0.0569)	Prec@1 0.000 (0.000)	Prec@5 0.000 (0.000)
Test: [10/17]	Time 0.129 (0.129)	Loss 0.0661 (0.0659)	Prec@1 0.000 (0.000)	Prec@5 0.000 (0.000)
Overall Acc: 	 0.8597560142403218
Mean Acc : 	 0.5
FreqW Acc : 	 0.7391804040224044
Mean IoU : 	 0.4298780071201609
* Test:	Time 0.094 (0.127)	Loss 0.0617 (0.0633)	
learning rate = 0.000050
Epoch: [30][0/67]	Time 0.124 (0.328)	Data 0.024 (0.025)	Loss 0.0504 (0.1166)	
Epoch: [30][10/67]	Time 0.329 (0.328)	Data 0.025 (0.025)	Loss 0.0970 (0.1163)	
Epoch: [30][20/67]	Time 0.333 (0.328)	Data 0.025 (0.025)	Loss 0.0426 (0.1161)	
Epoch: [30][30/67]	Time 0.327 (0.328)	Data 0.025 (0.025)	Loss 0.0749 (0.1159)	
Epoch: [30][40/67]	Time 0.328 (0.328)	Data 0.025 (0.025)	Loss 0.0539 (0.1156)	
Epoch: [30][50/67]	Time 0.330 (0.328)	Data 0.024 (0.025)	Loss 0.0742 (0.1153)	
Epoch: [30][60/67]	Time 0.324 (0.328)	Data 0.025 (0.025)	Loss 0.0349 (0.1151)	
Test: [0/17]	Time 0.124 (0.124)	Loss 0.0678 (0.0678)	Prec@1 0.000 (0.000)	Prec@5 0.000 (0.000)
Test: [10/17]	Time 0.130 (0.129)	Loss 0.0468 (0.0704)	Prec@1 0.000 (0.000)	Prec@5 0.000 (0.000)
Overall Acc: 	 0.8597075049556903
Mean Acc : 	 0.5
FreqW Acc : 	 0.7390969940771382
Mean IoU : 	 0.42985375247784513
* Test:	Time 0.096 (0.126)	Loss 0.0451 (0.0667)	
learning rate = 0.000050
Epoch: [31][0/67]	Time 0.127 (0.328)	Data 0.025 (0.025)	Loss 0.0572 (0.1149)	
Epoch: [31][10/67]	Time 0.327 (0.328)	Data 0.025 (0.025)	Loss 0.0569 (0.1147)	
Epoch: [31][20/67]	Time 0.327 (0.328)	Data 0.025 (0.025)	Loss 0.0687 (0.1145)	
Epoch: [31][30/67]	Time 0.325 (0.328)	Data 0.024 (0.025)	Loss 0.0344 (0.1142)	
Epoch: [31][40/67]	Time 0.332 (0.328)	Data 0.024 (0.025)	Loss 0.0646 (0.1140)	
Epoch: [31][50/67]	Time 0.325 (0.328)	Data 0.025 (0.025)	Loss 0.0532 (0.1138)	
Epoch: [31][60/67]	Time 0.326 (0.328)	Data 0.024 (0.025)	Loss 0.0227 (0.1136)	
Test: [0/17]	Time 0.125 (0.125)	Loss 0.0531 (0.0531)	Prec@1 0.000 (0.000)	Prec@5 0.000 (0.000)
Test: [10/17]	Time 0.137 (0.131)	Loss 0.0823 (0.0759)	Prec@1 0.000 (0.000)	Prec@5 0.000 (0.000)
Overall Acc: 	 0.8594598343123251
Mean Acc : 	 0.5
FreqW Acc : 	 0.7386712067961693
Mean IoU : 	 0.42972991715616254
* Test:	Time 0.095 (0.127)	Loss 0.0564 (0.0679)	
learning rate = 0.000050
Epoch: [32][0/67]	Time 0.127 (0.328)	Data 0.024 (0.025)	Loss 0.0690 (0.1135)	
Epoch: [32][10/67]	Time 0.336 (0.328)	Data 0.025 (0.025)	Loss 0.0450 (0.1133)	
Epoch: [32][20/67]	Time 0.328 (0.328)	Data 0.025 (0.025)	Loss 0.0500 (0.1130)	
Epoch: [32][30/67]	Time 0.329 (0.328)	Data 0.025 (0.025)	Loss 0.0572 (0.1129)	
Epoch: [32][40/67]	Time 0.326 (0.328)	Data 0.025 (0.025)	Loss 0.0787 (0.1127)	
Epoch: [32][50/67]	Time 0.333 (0.328)	Data 0.025 (0.025)	Loss 0.0368 (0.1125)	
Epoch: [32][60/67]	Time 0.326 (0.328)	Data 0.025 (0.025)	Loss 0.0429 (0.1123)	
Test: [0/17]	Time 0.125 (0.125)	Loss 0.0774 (0.0774)	Prec@1 0.000 (0.000)	Prec@5 0.000 (0.000)
Test: [10/17]	Time 0.131 (0.128)	Loss 0.0737 (0.0675)	Prec@1 0.000 (0.000)	Prec@5 0.000 (0.000)
Overall Acc: 	 0.8595443270099696
Mean Acc : 	 0.5
FreqW Acc : 	 0.7388164500950216
Mean IoU : 	 0.4297721635049848
* Test:	Time 0.094 (0.126)	Loss 0.0297 (0.0622)	
learning rate = 0.000050
Epoch: [33][0/67]	Time 0.124 (0.328)	Data 0.024 (0.025)	Loss 0.0434 (0.1121)	
Epoch: [33][10/67]	Time 0.327 (0.328)	Data 0.024 (0.025)	Loss 0.1389 (0.1119)	
Epoch: [33][20/67]	Time 0.324 (0.328)	Data 0.025 (0.025)	Loss 0.0612 (0.1117)	
Epoch: [33][30/67]	Time 0.326 (0.328)	Data 0.025 (0.025)	Loss 0.0349 (0.1115)	
Epoch: [33][40/67]	Time 0.326 (0.328)	Data 0.025 (0.025)	Loss 0.0484 (0.1114)	
Epoch: [33][50/67]	Time 0.329 (0.328)	Data 0.024 (0.025)	Loss 0.0535 (0.1111)	
Epoch: [33][60/67]	Time 0.327 (0.328)	Data 0.025 (0.025)	Loss 0.0509 (0.1109)	
Test: [0/17]	Time 0.124 (0.124)	Loss 0.0898 (0.0898)	Prec@1 0.000 (0.000)	Prec@5 0.000 (0.000)
Test: [10/17]	Time 0.134 (0.129)	Loss 0.0850 (0.0662)	Prec@1 0.000 (0.000)	Prec@5 0.000 (0.000)
Overall Acc: 	 0.8599957138744753
Mean Acc : 	 0.5
FreqW Acc : 	 0.7395926278824684
Mean IoU : 	 0.42999785693723763
* Test:	Time 0.096 (0.127)	Loss 0.0243 (0.0661)	
learning rate = 0.000050
Epoch: [34][0/67]	Time 0.126 (0.328)	Data 0.024 (0.025)	Loss 0.0787 (0.1108)	
Epoch: [34][10/67]	Time 0.330 (0.328)	Data 0.025 (0.025)	Loss 0.0899 (0.1106)	
Epoch: [34][20/67]	Time 0.325 (0.328)	Data 0.025 (0.025)	Loss 0.0787 (0.1104)	
Epoch: [34][30/67]	Time 0.331 (0.328)	Data 0.024 (0.025)	Loss 0.0500 (0.1102)	
Epoch: [34][40/67]	Time 0.330 (0.328)	Data 0.025 (0.025)	Loss 0.0719 (0.1101)	
Epoch: [34][50/67]	Time 0.328 (0.328)	Data 0.025 (0.025)	Loss 0.0591 (0.1099)	
Epoch: [34][60/67]	Time 0.327 (0.328)	Data 0.024 (0.025)	Loss 0.0471 (0.1096)	
Test: [0/17]	Time 0.124 (0.124)	Loss 0.0402 (0.0402)	Prec@1 0.000 (0.000)	Prec@5 0.000 (0.000)
Test: [10/17]	Time 0.132 (0.129)	Loss 0.0379 (0.0626)	Prec@1 0.000 (0.000)	Prec@5 0.000 (0.000)
Overall Acc: 	 0.860051852553638
Mean Acc : 	 0.5
FreqW Acc : 	 0.7396891890809447
Mean IoU : 	 0.430025926276819
* Test:	Time 0.093 (0.127)	Loss 0.0800 (0.0627)	
learning rate = 0.000050
Epoch: [35][0/67]	Time 0.134 (0.328)	Data 0.024 (0.025)	Loss 0.0386 (0.1095)	
Epoch: [35][10/67]	Time 0.326 (0.328)	Data 0.025 (0.025)	Loss 0.0602 (0.1093)	
Epoch: [35][20/67]	Time 0.327 (0.328)	Data 0.025 (0.025)	Loss 0.0763 (0.1092)	
Epoch: [35][30/67]	Time 0.325 (0.328)	Data 0.025 (0.025)	Loss 0.1088 (0.1090)	
Epoch: [35][40/67]	Time 0.329 (0.328)	Data 0.025 (0.025)	Loss 0.0485 (0.1088)	
Epoch: [35][50/67]	Time 0.328 (0.328)	Data 0.024 (0.025)	Loss 0.0941 (0.1086)	
Epoch: [35][60/67]	Time 0.327 (0.328)	Data 0.025 (0.025)	Loss 0.0654 (0.1084)	
Test: [0/17]	Time 0.124 (0.124)	Loss 0.0824 (0.0824)	Prec@1 0.000 (0.000)	Prec@5 0.000 (0.000)
Test: [10/17]	Time 0.128 (0.128)	Loss 0.0651 (0.0648)	Prec@1 0.000 (0.000)	Prec@5 0.000 (0.000)
Overall Acc: 	 0.8602928047749534
Mean Acc : 	 0.5
FreqW Acc : 	 0.740103709947556
Mean IoU : 	 0.4301464023874767
* Test:	Time 0.093 (0.126)	Loss 0.0279 (0.0641)	
learning rate = 0.000050
Epoch: [36][0/67]	Time 0.126 (0.327)	Data 0.025 (0.025)	Loss 0.0557 (0.1083)	
Epoch: [36][10/67]	Time 0.327 (0.327)	Data 0.024 (0.025)	Loss 0.0521 (0.1081)	
Epoch: [36][20/67]	Time 0.324 (0.327)	Data 0.024 (0.025)	Loss 0.0509 (0.1080)	
Epoch: [36][30/67]	Time 0.327 (0.327)	Data 0.035 (0.025)	Loss 0.0741 (0.1078)	
Epoch: [36][40/67]	Time 0.324 (0.327)	Data 0.025 (0.025)	Loss 0.0325 (0.1076)	
Epoch: [36][50/67]	Time 0.328 (0.327)	Data 0.025 (0.025)	Loss 0.0823 (0.1075)	
Epoch: [36][60/67]	Time 0.327 (0.327)	Data 0.025 (0.025)	Loss 0.0263 (0.1073)	
Test: [0/17]	Time 0.125 (0.125)	Loss 0.0804 (0.0804)	Prec@1 0.000 (0.000)	Prec@5 0.000 (0.000)
Test: [10/17]	Time 0.128 (0.132)	Loss 0.0925 (0.0681)	Prec@1 0.000 (0.000)	Prec@5 0.000 (0.000)
Overall Acc: 	 0.8601496682238223
Mean Acc : 	 0.5
FreqW Acc : 	 0.7398574517455516
Mean IoU : 	 0.43007483411191116
* Test:	Time 0.096 (0.128)	Loss 0.0299 (0.0644)	
learning rate = 0.000050
Epoch: [37][0/67]	Time 0.129 (0.327)	Data 0.025 (0.025)	Loss 0.0995 (0.1072)	
Epoch: [37][10/67]	Time 0.324 (0.327)	Data 0.025 (0.025)	Loss 0.0491 (0.1071)	
Epoch: [37][20/67]	Time 0.333 (0.327)	Data 0.025 (0.025)	Loss 0.0552 (0.1069)	
Epoch: [37][30/67]	Time 0.328 (0.327)	Data 0.025 (0.025)	Loss 0.0335 (0.1067)	
Epoch: [37][40/67]	Time 0.332 (0.327)	Data 0.025 (0.025)	Loss 0.0310 (0.1066)	
Epoch: [37][50/67]	Time 0.326 (0.327)	Data 0.025 (0.025)	Loss 0.0736 (0.1064)	
Epoch: [37][60/67]	Time 0.326 (0.327)	Data 0.025 (0.025)	Loss 0.0683 (0.1062)	
Test: [0/17]	Time 0.124 (0.124)	Loss 0.0662 (0.0662)	Prec@1 0.000 (0.000)	Prec@5 0.000 (0.000)
Test: [10/17]	Time 0.132 (0.127)	Loss 0.0420 (0.0637)	Prec@1 0.000 (0.000)	Prec@5 0.000 (0.000)
Overall Acc: 	 0.8592279918158232
Mean Acc : 	 0.5
FreqW Acc : 	 0.7382727419198524
Mean IoU : 	 0.4296139959079116
* Test:	Time 0.094 (0.125)	Loss 0.0316 (0.0615)	
learning rate = 0.000050
Epoch: [38][0/67]	Time 0.126 (0.327)	Data 0.024 (0.025)	Loss 0.1168 (0.1061)	
Epoch: [38][10/67]	Time 0.332 (0.327)	Data 0.024 (0.025)	Loss 0.0859 (0.1060)	
Epoch: [38][20/67]	Time 0.329 (0.327)	Data 0.025 (0.025)	Loss 0.0516 (0.1058)	
Epoch: [38][30/67]	Time 0.325 (0.327)	Data 0.024 (0.025)	Loss 0.1022 (0.1057)	
Epoch: [38][40/67]	Time 0.329 (0.327)	Data 0.025 (0.025)	Loss 0.0710 (0.1056)	
Epoch: [38][50/67]	Time 0.326 (0.327)	Data 0.025 (0.025)	Loss 0.0502 (0.1054)	
Epoch: [38][60/67]	Time 0.329 (0.327)	Data 0.024 (0.025)	Loss 0.0358 (0.1052)	
Test: [0/17]	Time 0.123 (0.123)	Loss 0.0686 (0.0686)	Prec@1 0.000 (0.000)	Prec@5 0.000 (0.000)
Test: [10/17]	Time 0.129 (0.128)	Loss 0.0749 (0.0634)	Prec@1 0.000 (0.000)	Prec@5 0.000 (0.000)
Overall Acc: 	 0.8592981366968867
Mean Acc : 	 0.5
FreqW Acc : 	 0.7383932877307414
Mean IoU : 	 0.42964906834844335
* Test:	Time 0.093 (0.125)	Loss 0.0681 (0.0612)	
learning rate = 0.000050
Epoch: [39][0/67]	Time 0.129 (0.327)	Data 0.024 (0.025)	Loss 0.0567 (0.1051)	
Epoch: [39][10/67]	Time 0.327 (0.327)	Data 0.025 (0.025)	Loss 0.0540 (0.1049)	
Epoch: [39][20/67]	Time 0.328 (0.327)	Data 0.025 (0.025)	Loss 0.0566 (0.1048)	
Epoch: [39][30/67]	Time 0.327 (0.327)	Data 0.024 (0.025)	Loss 0.0356 (0.1046)	
Epoch: [39][40/67]	Time 0.328 (0.327)	Data 0.024 (0.025)	Loss 0.0546 (0.1045)	
Epoch: [39][50/67]	Time 0.330 (0.327)	Data 0.024 (0.025)	Loss 0.0382 (0.1043)	
Epoch: [39][60/67]	Time 0.327 (0.327)	Data 0.024 (0.025)	Loss 0.0790 (0.1042)	
Test: [0/17]	Time 0.124 (0.124)	Loss 0.0716 (0.0716)	Prec@1 0.000 (0.000)	Prec@5 0.000 (0.000)
Test: [10/17]	Time 0.129 (0.128)	Loss 0.0580 (0.0625)	Prec@1 0.000 (0.000)	Prec@5 0.000 (0.000)
Overall Acc: 	 0.8595150620190065
Mean Acc : 	 0.5
FreqW Acc : 	 0.7387661418375366
Mean IoU : 	 0.42975753100950326
* Test:	Time 0.094 (0.126)	Loss 0.0602 (0.0645)	
learning rate = 0.000050
Epoch: [40][0/67]	Time 0.125 (0.327)	Data 0.024 (0.025)	Loss 0.0622 (0.1041)	
Epoch: [40][10/67]	Time 0.331 (0.327)	Data 0.024 (0.025)	Loss 0.0715 (0.1039)	
Epoch: [40][20/67]	Time 0.323 (0.327)	Data 0.024 (0.025)	Loss 0.0875 (0.1038)	
Epoch: [40][30/67]	Time 0.329 (0.327)	Data 0.025 (0.025)	Loss 0.0448 (0.1036)	
Epoch: [40][40/67]	Time 0.324 (0.327)	Data 0.025 (0.025)	Loss 0.0530 (0.1035)	
Epoch: [40][50/67]	Time 0.323 (0.327)	Data 0.025 (0.025)	Loss 0.0302 (0.1033)	
Epoch: [40][60/67]	Time 0.326 (0.327)	Data 0.025 (0.025)	Loss 0.0849 (0.1032)	
Test: [0/17]	Time 0.124 (0.124)	Loss 0.0631 (0.0631)	Prec@1 0.000 (0.000)	Prec@5 0.000 (0.000)
Test: [10/17]	Time 0.129 (0.127)	Loss 0.0744 (0.0586)	Prec@1 0.000 (0.000)	Prec@5 0.000 (0.000)
Overall Acc: 	 0.860201707526819
Mean Acc : 	 0.5
FreqW Acc : 	 0.7399469776320551
Mean IoU : 	 0.4301008537634095
* Test:	Time 0.095 (0.125)	Loss 0.0353 (0.0593)	
learning rate = 0.000050
Epoch: [41][0/67]	Time 0.126 (0.327)	Data 0.024 (0.025)	Loss 0.1157 (0.1031)	
Epoch: [41][10/67]	Time 0.332 (0.327)	Data 0.025 (0.025)	Loss 0.0895 (0.1030)	
Epoch: [41][20/67]	Time 0.329 (0.327)	Data 0.025 (0.025)	Loss 0.0719 (0.1029)	
Epoch: [41][30/67]	Time 0.323 (0.327)	Data 0.025 (0.025)	Loss 0.0727 (0.1027)	
Epoch: [41][40/67]	Time 0.325 (0.327)	Data 0.024 (0.025)	Loss 0.0644 (0.1026)	
Epoch: [41][50/67]	Time 0.329 (0.327)	Data 0.025 (0.025)	Loss 0.0402 (0.1024)	
Epoch: [41][60/67]	Time 0.327 (0.327)	Data 0.025 (0.025)	Loss 0.1109 (0.1023)	
Test: [0/17]	Time 0.124 (0.124)	Loss 0.0848 (0.0848)	Prec@1 0.000 (0.000)	Prec@5 0.000 (0.000)
Test: [10/17]	Time 0.130 (0.131)	Loss 0.0674 (0.0662)	Prec@1 0.000 (0.000)	Prec@5 0.000 (0.000)
Overall Acc: 	 0.8599487987916861
Mean Acc : 	 0.5
FreqW Acc : 	 0.7395119365432637
Mean IoU : 	 0.42997439939584303
* Test:	Time 0.093 (0.128)	Loss 0.0618 (0.0634)	
learning rate = 0.000050
Epoch: [42][0/67]	Time 0.126 (0.327)	Data 0.024 (0.025)	Loss 0.0523 (0.1022)	
Epoch: [42][10/67]	Time 0.329 (0.327)	Data 0.025 (0.025)	Loss 0.0581 (0.1020)	
Epoch: [42][20/67]	Time 0.330 (0.327)	Data 0.024 (0.025)	Loss 0.1148 (0.1019)	
Epoch: [42][30/67]	Time 0.328 (0.327)	Data 0.024 (0.025)	Loss 0.0499 (0.1018)	
Epoch: [42][40/67]	Time 0.332 (0.327)	Data 0.025 (0.025)	Loss 0.0730 (0.1017)	
Epoch: [42][50/67]	Time 0.328 (0.327)	Data 0.025 (0.025)	Loss 0.0557 (0.1015)	
Epoch: [42][60/67]	Time 0.332 (0.327)	Data 0.025 (0.025)	Loss 0.0422 (0.1014)	
Test: [0/17]	Time 0.123 (0.123)	Loss 0.0227 (0.0227)	Prec@1 0.000 (0.000)	Prec@5 0.000 (0.000)
Test: [10/17]	Time 0.129 (0.129)	Loss 0.0547 (0.0594)	Prec@1 0.000 (0.000)	Prec@5 0.000 (0.000)
Overall Acc: 	 0.8589572052457439
Mean Acc : 	 0.5
FreqW Acc : 	 0.737807480443579
Mean IoU : 	 0.42947860262287196
* Test:	Time 0.092 (0.127)	Loss 0.0645 (0.0636)	
learning rate = 0.000050
Epoch: [43][0/67]	Time 0.126 (0.327)	Data 0.024 (0.025)	Loss 0.0657 (0.1013)	
Epoch: [43][10/67]	Time 0.326 (0.327)	Data 0.025 (0.025)	Loss 0.1242 (0.1013)	
Epoch: [43][20/67]	Time 0.327 (0.327)	Data 0.025 (0.025)	Loss 0.0559 (0.1012)	
Epoch: [43][30/67]	Time 0.326 (0.327)	Data 0.024 (0.025)	Loss 0.0639 (0.1010)	
Epoch: [43][40/67]	Time 0.329 (0.327)	Data 0.025 (0.025)	Loss 0.0386 (0.1009)	
Epoch: [43][50/67]	Time 0.327 (0.327)	Data 0.025 (0.025)	Loss 0.0595 (0.1007)	
Epoch: [43][60/67]	Time 0.332 (0.327)	Data 0.024 (0.025)	Loss 0.0473 (0.1006)	
Test: [0/17]	Time 0.124 (0.124)	Loss 0.0365 (0.0365)	Prec@1 0.000 (0.000)	Prec@5 0.000 (0.000)
Test: [10/17]	Time 0.140 (0.128)	Loss 0.0774 (0.0589)	Prec@1 0.000 (0.000)	Prec@5 0.000 (0.000)
Overall Acc: 	 0.8603331153072528
Mean Acc : 	 0.5
FreqW Acc : 	 0.7401730692942827
Mean IoU : 	 0.4301665576536264
* Test:	Time 0.093 (0.126)	Loss 0.0700 (0.0663)	
learning rate = 0.000050
Epoch: [44][0/67]	Time 0.124 (0.327)	Data 0.024 (0.025)	Loss 0.0381 (0.1005)	
Epoch: [44][10/67]	Time 0.328 (0.327)	Data 0.025 (0.025)	Loss 0.0760 (0.1004)	
Epoch: [44][20/67]	Time 0.326 (0.327)	Data 0.024 (0.025)	Loss 0.1426 (0.1003)	
Epoch: [44][30/67]	Time 0.327 (0.327)	Data 0.025 (0.025)	Loss 0.0639 (0.1001)	
Epoch: [44][40/67]	Time 0.325 (0.327)	Data 0.025 (0.025)	Loss 0.0718 (0.1000)	
Epoch: [44][50/67]	Time 0.330 (0.327)	Data 0.025 (0.025)	Loss 0.0511 (0.0999)	
Epoch: [44][60/67]	Time 0.326 (0.327)	Data 0.025 (0.025)	Loss 0.0584 (0.0999)	
Test: [0/17]	Time 0.124 (0.124)	Loss 0.0559 (0.0559)	Prec@1 0.000 (0.000)	Prec@5 0.000 (0.000)
Test: [10/17]	Time 0.130 (0.128)	Loss 0.0508 (0.0543)	Prec@1 0.000 (0.000)	Prec@5 0.000 (0.000)
Overall Acc: 	 0.8600462728471898
Mean Acc : 	 0.5
FreqW Acc : 	 0.7396795914383428
Mean IoU : 	 0.4300231364235949
* Test:	Time 0.096 (0.126)	Loss 0.0808 (0.0618)	
learning rate = 0.000050
Epoch: [45][0/67]	Time 0.125 (0.327)	Data 0.024 (0.025)	Loss 0.0697 (0.0998)	
Epoch: [45][10/67]	Time 0.325 (0.327)	Data 0.025 (0.025)	Loss 0.0369 (0.0997)	
Epoch: [45][20/67]	Time 0.325 (0.327)	Data 0.025 (0.025)	Loss 0.0351 (0.0995)	
Epoch: [45][30/67]	Time 0.329 (0.327)	Data 0.025 (0.025)	Loss 0.0536 (0.0994)	
Epoch: [45][40/67]	Time 0.326 (0.327)	Data 0.024 (0.025)	Loss 0.0965 (0.0993)	
Epoch: [45][50/67]	Time 0.326 (0.327)	Data 0.025 (0.025)	Loss 0.0835 (0.0992)	
Epoch: [45][60/67]	Time 0.324 (0.327)	Data 0.024 (0.025)	Loss 0.0690 (0.0991)	
Test: [0/17]	Time 0.124 (0.124)	Loss 0.0378 (0.0378)	Prec@1 0.000 (0.000)	Prec@5 0.000 (0.000)
Test: [10/17]	Time 0.128 (0.128)	Loss 0.0557 (0.0676)	Prec@1 0.000 (0.000)	Prec@5 0.000 (0.000)
Overall Acc: 	 0.8600969456914646
Mean Acc : 	 0.5
FreqW Acc : 	 0.7397667559877861
Mean IoU : 	 0.4300484728457323
* Test:	Time 0.094 (0.125)	Loss 0.0551 (0.0630)	
learning rate = 0.000050
Epoch: [46][0/67]	Time 0.126 (0.327)	Data 0.024 (0.025)	Loss 0.0553 (0.0990)	
Epoch: [46][10/67]	Time 0.326 (0.327)	Data 0.024 (0.025)	Loss 0.0522 (0.0989)	
Epoch: [46][20/67]	Time 0.324 (0.327)	Data 0.025 (0.025)	Loss 0.0303 (0.0988)	
Epoch: [46][30/67]	Time 0.326 (0.327)	Data 0.025 (0.025)	Loss 0.0593 (0.0986)	
Epoch: [46][40/67]	Time 0.326 (0.327)	Data 0.025 (0.025)	Loss 0.0731 (0.0985)	
Epoch: [46][50/67]	Time 0.329 (0.327)	Data 0.025 (0.025)	Loss 0.0984 (0.0985)	
Epoch: [46][60/67]	Time 0.328 (0.327)	Data 0.025 (0.025)	Loss 0.0595 (0.0984)	
Test: [0/17]	Time 0.123 (0.123)	Loss 0.0479 (0.0479)	Prec@1 0.000 (0.000)	Prec@5 0.000 (0.000)
Test: [10/17]	Time 0.129 (0.128)	Loss 0.0719 (0.0548)	Prec@1 0.000 (0.000)	Prec@5 0.000 (0.000)
Overall Acc: 	 0.8604070179498018
Mean Acc : 	 0.5
FreqW Acc : 	 0.7403002365372705
Mean IoU : 	 0.4302035089749009
* Test:	Time 0.093 (0.126)	Loss 0.1059 (0.0595)	
learning rate = 0.000050
Epoch: [47][0/67]	Time 0.127 (0.327)	Data 0.024 (0.025)	Loss 0.0655 (0.0983)	
Epoch: [47][10/67]	Time 0.325 (0.327)	Data 0.027 (0.025)	Loss 0.0437 (0.0981)	
Epoch: [47][20/67]	Time 0.332 (0.327)	Data 0.025 (0.025)	Loss 0.0567 (0.0980)	
Epoch: [47][30/67]	Time 0.323 (0.327)	Data 0.025 (0.025)	Loss 0.0614 (0.0979)	
Epoch: [47][40/67]	Time 0.328 (0.327)	Data 0.025 (0.025)	Loss 0.0973 (0.0978)	
Epoch: [47][50/67]	Time 0.322 (0.327)	Data 0.025 (0.025)	Loss 0.0657 (0.0977)	
Epoch: [47][60/67]	Time 0.332 (0.327)	Data 0.024 (0.025)	Loss 0.0768 (0.0976)	
Test: [0/17]	Time 0.123 (0.123)	Loss 0.1068 (0.1068)	Prec@1 0.000 (0.000)	Prec@5 0.000 (0.000)
Test: [10/17]	Time 0.131 (0.128)	Loss 0.0904 (0.0666)	Prec@1 0.000 (0.000)	Prec@5 0.000 (0.000)
Overall Acc: 	 0.8592991615409282
Mean Acc : 	 0.5
FreqW Acc : 	 0.7383950490249422
Mean IoU : 	 0.4296495807704641
* Test:	Time 0.092 (0.126)	Loss 0.0664 (0.0627)	
learning rate = 0.000050
Epoch: [48][0/67]	Time 0.124 (0.327)	Data 0.024 (0.025)	Loss 0.1249 (0.0976)	
Epoch: [48][10/67]	Time 0.325 (0.327)	Data 0.024 (0.025)	Loss 0.0566 (0.0974)	
Epoch: [48][20/67]	Time 0.329 (0.327)	Data 0.025 (0.025)	Loss 0.0607 (0.0973)	
Epoch: [48][30/67]	Time 0.329 (0.327)	Data 0.025 (0.025)	Loss 0.0525 (0.0972)	
Epoch: [48][40/67]	Time 0.332 (0.327)	Data 0.024 (0.025)	Loss 0.0321 (0.0971)	
Epoch: [48][50/67]	Time 0.326 (0.327)	Data 0.025 (0.025)	Loss 0.0738 (0.0970)	
Epoch: [48][60/67]	Time 0.327 (0.327)	Data 0.025 (0.025)	Loss 0.0776 (0.0969)	
Test: [0/17]	Time 0.124 (0.124)	Loss 0.0445 (0.0445)	Prec@1 0.000 (0.000)	Prec@5 0.000 (0.000)
Test: [10/17]	Time 0.132 (0.127)	Loss 0.0504 (0.0680)	Prec@1 0.000 (0.000)	Prec@5 0.000 (0.000)
Overall Acc: 	 0.8597595442586871
Mean Acc : 	 0.5
FreqW Acc : 	 0.7391864739439052
Mean IoU : 	 0.42987977212934353
* Test:	Time 0.092 (0.126)	Loss 0.0670 (0.0658)	
learning rate = 0.000050
Epoch: [49][0/67]	Time 0.125 (0.327)	Data 0.024 (0.025)	Loss 0.0430 (0.0968)	
Epoch: [49][10/67]	Time 0.328 (0.327)	Data 0.024 (0.025)	Loss 0.0623 (0.0968)	
Epoch: [49][20/67]	Time 0.324 (0.327)	Data 0.025 (0.025)	Loss 0.0983 (0.0967)	
Epoch: [49][30/67]	Time 0.333 (0.327)	Data 0.025 (0.025)	Loss 0.0268 (0.0966)	
Epoch: [49][40/67]	Time 0.327 (0.327)	Data 0.025 (0.025)	Loss 0.0537 (0.0964)	
Epoch: [49][50/67]	Time 0.329 (0.327)	Data 0.025 (0.025)	Loss 0.0661 (0.0963)	
Epoch: [49][60/67]	Time 0.325 (0.327)	Data 0.025 (0.025)	Loss 0.0879 (0.0962)	
Test: [0/17]	Time 0.123 (0.123)	Loss 0.0953 (0.0953)	Prec@1 0.000 (0.000)	Prec@5 0.000 (0.000)
Test: [10/17]	Time 0.129 (0.128)	Loss 0.0811 (0.0638)	Prec@1 0.000 (0.000)	Prec@5 0.000 (0.000)
Overall Acc: 	 0.8596046789368587
Mean Acc : 	 0.5
FreqW Acc : 	 0.7389202040501398
Mean IoU : 	 0.42980233946842933
* Test:	Time 0.094 (0.126)	Loss 0.0537 (0.0586)	
learning rate = 0.000050
Epoch: [50][0/67]	Time 0.125 (0.327)	Data 0.024 (0.025)	Loss 0.0822 (0.0962)	
Epoch: [50][10/67]	Time 0.332 (0.327)	Data 0.025 (0.025)	Loss 0.0473 (0.0961)	
Epoch: [50][20/67]	Time 0.325 (0.327)	Data 0.025 (0.025)	Loss 0.0246 (0.0960)	
Epoch: [50][30/67]	Time 0.330 (0.327)	Data 0.025 (0.025)	Loss 0.1137 (0.0959)	
Epoch: [50][40/67]	Time 0.324 (0.327)	Data 0.025 (0.025)	Loss 0.0497 (0.0958)	
Epoch: [50][50/67]	Time 0.331 (0.327)	Data 0.025 (0.025)	Loss 0.1852 (0.0957)	
Epoch: [50][60/67]	Time 0.325 (0.327)	Data 0.024 (0.025)	Loss 0.0513 (0.0956)	
Test: [0/17]	Time 0.123 (0.123)	Loss 0.0621 (0.0621)	Prec@1 0.000 (0.000)	Prec@5 0.000 (0.000)
Test: [10/17]	Time 0.132 (0.128)	Loss 0.0933 (0.0532)	Prec@1 0.000 (0.000)	Prec@5 0.000 (0.000)
Overall Acc: 	 0.8605235085558536
Mean Acc : 	 0.5
FreqW Acc : 	 0.7405007087772763
Mean IoU : 	 0.4302617542779268
* Test:	Time 0.095 (0.126)	Loss 0.0547 (0.0616)	
learning rate = 0.000050
Epoch: [51][0/67]	Time 0.125 (0.327)	Data 0.024 (0.025)	Loss 0.0844 (0.0955)	
Epoch: [51][10/67]	Time 0.330 (0.327)	Data 0.025 (0.025)	Loss 0.0563 (0.0954)	
Epoch: [51][20/67]	Time 0.324 (0.327)	Data 0.024 (0.025)	Loss 0.0637 (0.0953)	
Epoch: [51][30/67]	Time 0.330 (0.327)	Data 0.024 (0.025)	Loss 0.0541 (0.0953)	
Epoch: [51][40/67]	Time 0.324 (0.327)	Data 0.024 (0.025)	Loss 0.0293 (0.0952)	
Epoch: [51][50/67]	Time 0.332 (0.327)	Data 0.025 (0.025)	Loss 0.0841 (0.0951)	
Epoch: [51][60/67]	Time 0.325 (0.327)	Data 0.025 (0.025)	Loss 0.0510 (0.0950)	
Test: [0/17]	Time 0.125 (0.125)	Loss 0.0430 (0.0430)	Prec@1 0.000 (0.000)	Prec@5 0.000 (0.000)
Test: [10/17]	Time 0.130 (0.129)	Loss 0.0583 (0.0581)	Prec@1 0.000 (0.000)	Prec@5 0.000 (0.000)
Overall Acc: 	 0.8595634574320778
Mean Acc : 	 0.5
FreqW Acc : 	 0.7388493373525875
Mean IoU : 	 0.4297817287160389
* Test:	Time 0.096 (0.127)	Loss 0.0252 (0.0595)	
learning rate = 0.000050
Epoch: [52][0/67]	Time 0.125 (0.327)	Data 0.024 (0.025)	Loss 0.0672 (0.0949)	
Epoch: [52][10/67]	Time 0.330 (0.327)	Data 0.024 (0.025)	Loss 0.0368 (0.0948)	
Epoch: [52][20/67]	Time 0.325 (0.327)	Data 0.024 (0.025)	Loss 0.1592 (0.0948)	
Epoch: [52][30/67]	Time 0.331 (0.327)	Data 0.025 (0.025)	Loss 0.0703 (0.0947)	
Epoch: [52][40/67]	Time 0.330 (0.327)	Data 0.025 (0.025)	Loss 0.0304 (0.0945)	
Epoch: [52][50/67]	Time 0.327 (0.327)	Data 0.024 (0.025)	Loss 0.0558 (0.0945)	
Epoch: [52][60/67]	Time 0.328 (0.327)	Data 0.025 (0.025)	Loss 0.0512 (0.0944)	
Test: [0/17]	Time 0.125 (0.125)	Loss 0.0675 (0.0675)	Prec@1 0.000 (0.000)	Prec@5 0.000 (0.000)
Test: [10/17]	Time 0.131 (0.129)	Loss 0.0406 (0.0551)	Prec@1 0.000 (0.000)	Prec@5 0.000 (0.000)
Overall Acc: 	 0.8600652893977379
Mean Acc : 	 0.5
FreqW Acc : 	 0.7397123020268146
Mean IoU : 	 0.4300326446988689
* Test:	Time 0.093 (0.126)	Loss 0.1109 (0.0584)	
learning rate = 0.000050
Epoch: [53][0/67]	Time 0.126 (0.327)	Data 0.024 (0.025)	Loss 0.0416 (0.0943)	
Epoch: [53][10/67]	Time 0.327 (0.327)	Data 0.025 (0.025)	Loss 0.0737 (0.0942)	
Epoch: [53][20/67]	Time 0.329 (0.327)	Data 0.025 (0.025)	Loss 0.0645 (0.0941)	
Epoch: [53][30/67]	Time 0.326 (0.327)	Data 0.024 (0.025)	Loss 0.0235 (0.0940)	
Epoch: [53][40/67]	Time 0.324 (0.327)	Data 0.024 (0.025)	Loss 0.0621 (0.0939)	
Epoch: [53][50/67]	Time 0.326 (0.327)	Data 0.024 (0.025)	Loss 0.0932 (0.0938)	
Epoch: [53][60/67]	Time 0.326 (0.327)	Data 0.025 (0.025)	Loss 0.0810 (0.0938)	
Test: [0/17]	Time 0.125 (0.125)	Loss 0.0346 (0.0346)	Prec@1 0.000 (0.000)	Prec@5 0.000 (0.000)
Test: [10/17]	Time 0.133 (0.128)	Loss 0.0509 (0.0594)	Prec@1 0.000 (0.000)	Prec@5 0.000 (0.000)
Overall Acc: 	 0.8595082297253964
Mean Acc : 	 0.5
FreqW Acc : 	 0.7387543969656848
Mean IoU : 	 0.4297541148626982
* Test:	Time 0.094 (0.126)	Loss 0.0377 (0.0604)	
learning rate = 0.000050
Epoch: [54][0/67]	Time 0.127 (0.327)	Data 0.024 (0.025)	Loss 0.1043 (0.0937)	
Epoch: [54][10/67]	Time 0.326 (0.327)	Data 0.025 (0.025)	Loss 0.0454 (0.0936)	
Epoch: [54][20/67]	Time 0.327 (0.327)	Data 0.025 (0.025)	Loss 0.0839 (0.0936)	
Epoch: [54][30/67]	Time 0.332 (0.327)	Data 0.025 (0.025)	Loss 0.1645 (0.0935)	
Epoch: [54][40/67]	Time 0.329 (0.327)	Data 0.025 (0.025)	Loss 0.0695 (0.0934)	
Epoch: [54][50/67]	Time 0.324 (0.327)	Data 0.028 (0.025)	Loss 0.0330 (0.0933)	
Epoch: [54][60/67]	Time 0.331 (0.327)	Data 0.025 (0.025)	Loss 0.0503 (0.0932)	
Test: [0/17]	Time 0.124 (0.124)	Loss 0.0431 (0.0431)	Prec@1 0.000 (0.000)	Prec@5 0.000 (0.000)
Test: [10/17]	Time 0.129 (0.128)	Loss 0.0837 (0.0632)	Prec@1 0.000 (0.000)	Prec@5 0.000 (0.000)
Overall Acc: 	 0.8595952275973647
Mean Acc : 	 0.5
FreqW Acc : 	 0.7389039553081652
Mean IoU : 	 0.42979761379868237
* Test:	Time 0.094 (0.126)	Loss 0.0537 (0.0652)	
learning rate = 0.000050
Epoch: [55][0/67]	Time 0.124 (0.326)	Data 0.024 (0.025)	Loss 0.1507 (0.0932)	
Epoch: [55][10/67]	Time 0.328 (0.326)	Data 0.025 (0.025)	Loss 0.0546 (0.0931)	
Epoch: [55][20/67]	Time 0.325 (0.326)	Data 0.025 (0.025)	Loss 0.0802 (0.0930)	
Epoch: [55][30/67]	Time 0.325 (0.326)	Data 0.025 (0.025)	Loss 0.0284 (0.0929)	
Epoch: [55][40/67]	Time 0.327 (0.326)	Data 0.024 (0.025)	Loss 0.0774 (0.0929)	
Epoch: [55][50/67]	Time 0.327 (0.326)	Data 0.025 (0.025)	Loss 0.0385 (0.0928)	
Epoch: [55][60/67]	Time 0.327 (0.326)	Data 0.025 (0.025)	Loss 0.0361 (0.0926)	
Test: [0/17]	Time 0.124 (0.124)	Loss 0.0680 (0.0680)	Prec@1 0.000 (0.000)	Prec@5 0.000 (0.000)
Test: [10/17]	Time 0.130 (0.128)	Loss 0.0706 (0.0636)	Prec@1 0.000 (0.000)	Prec@5 0.000 (0.000)
Overall Acc: 	 0.8601069663887593
Mean Acc : 	 0.5
FreqW Acc : 	 0.7397839936304743
Mean IoU : 	 0.43005348319437964
* Test:	Time 0.098 (0.126)	Loss 0.0634 (0.0615)	
learning rate = 0.000050
Epoch: [56][0/67]	Time 0.125 (0.326)	Data 0.024 (0.025)	Loss 0.0504 (0.0926)	
Epoch: [56][10/67]	Time 0.327 (0.326)	Data 0.025 (0.025)	Loss 0.0490 (0.0925)	
Epoch: [56][20/67]	Time 0.327 (0.326)	Data 0.024 (0.025)	Loss 0.0805 (0.0925)	
Epoch: [56][30/67]	Time 0.329 (0.326)	Data 0.025 (0.025)	Loss 0.0569 (0.0924)	
Epoch: [56][40/67]	Time 0.327 (0.326)	Data 0.025 (0.025)	Loss 0.0323 (0.0923)	
Epoch: [56][50/67]	Time 0.327 (0.326)	Data 0.025 (0.025)	Loss 0.0529 (0.0922)	
Epoch: [56][60/67]	Time 0.329 (0.326)	Data 0.025 (0.025)	Loss 0.0306 (0.0921)	
Test: [0/17]	Time 0.123 (0.123)	Loss 0.0837 (0.0837)	Prec@1 0.000 (0.000)	Prec@5 0.000 (0.000)
Test: [10/17]	Time 0.130 (0.128)	Loss 0.0538 (0.0670)	Prec@1 0.000 (0.000)	Prec@5 0.000 (0.000)
Overall Acc: 	 0.8601851961505946
Mean Acc : 	 0.5
FreqW Acc : 	 0.739918571676637
Mean IoU : 	 0.4300925980752973
* Test:	Time 0.093 (0.126)	Loss 0.0250 (0.0611)	
learning rate = 0.000050
Epoch: [57][0/67]	Time 0.126 (0.326)	Data 0.024 (0.025)	Loss 0.0337 (0.0921)	
Epoch: [57][10/67]	Time 0.325 (0.326)	Data 0.025 (0.025)	Loss 0.0808 (0.0920)	
Epoch: [57][20/67]	Time 0.328 (0.326)	Data 0.024 (0.025)	Loss 0.0871 (0.0920)	
Epoch: [57][30/67]	Time 0.328 (0.326)	Data 0.025 (0.025)	Loss 0.0591 (0.0919)	
Epoch: [57][40/67]	Time 0.328 (0.326)	Data 0.024 (0.025)	Loss 0.0672 (0.0918)	
Epoch: [57][50/67]	Time 0.327 (0.326)	Data 0.024 (0.025)	Loss 0.0642 (0.0917)	
Epoch: [57][60/67]	Time 0.329 (0.326)	Data 0.024 (0.025)	Loss 0.0530 (0.0916)	
Test: [0/17]	Time 0.126 (0.126)	Loss 0.0788 (0.0788)	Prec@1 0.000 (0.000)	Prec@5 0.000 (0.000)
Test: [10/17]	Time 0.130 (0.128)	Loss 0.0375 (0.0607)	Prec@1 0.000 (0.000)	Prec@5 0.000 (0.000)
Overall Acc: 	 0.8596292751938549
Mean Acc : 	 0.5
FreqW Acc : 	 0.7389624907703123
Mean IoU : 	 0.42981463759692745
* Test:	Time 0.092 (0.126)	Loss 0.0893 (0.0612)	
learning rate = 0.000050
Epoch: [58][0/67]	Time 0.124 (0.326)	Data 0.024 (0.025)	Loss 0.0521 (0.0916)	
Epoch: [58][10/67]	Time 0.324 (0.326)	Data 0.024 (0.025)	Loss 0.0402 (0.0916)	
Epoch: [58][20/67]	Time 0.331 (0.326)	Data 0.024 (0.025)	Loss 0.0312 (0.0915)	
Epoch: [58][30/67]	Time 0.326 (0.326)	Data 0.024 (0.025)	Loss 0.0572 (0.0914)	
Epoch: [58][40/67]	Time 0.328 (0.326)	Data 0.024 (0.025)	Loss 0.0856 (0.0913)	
Epoch: [58][50/67]	Time 0.329 (0.326)	Data 0.024 (0.025)	Loss 0.0469 (0.0912)	
Epoch: [58][60/67]	Time 0.326 (0.326)	Data 0.024 (0.025)	Loss 0.1131 (0.0912)	
Test: [0/17]	Time 0.124 (0.124)	Loss 0.0431 (0.0431)	Prec@1 0.000 (0.000)	Prec@5 0.000 (0.000)
Test: [10/17]	Time 0.134 (0.129)	Loss 0.0639 (0.0597)	Prec@1 0.000 (0.000)	Prec@5 0.000 (0.000)
Overall Acc: 	 0.8600438815444263
Mean Acc : 	 0.5
FreqW Acc : 	 0.7396754781820033
Mean IoU : 	 0.4300219407722132
* Test:	Time 0.093 (0.126)	Loss 0.0470 (0.0611)	
learning rate = 0.000050
Epoch: [59][0/67]	Time 0.125 (0.326)	Data 0.024 (0.025)	Loss 0.0396 (0.0911)	
Epoch: [59][10/67]	Time 0.329 (0.326)	Data 0.024 (0.025)	Loss 0.0603 (0.0911)	
Epoch: [59][20/67]	Time 0.325 (0.326)	Data 0.024 (0.025)	Loss 0.0323 (0.0910)	
Epoch: [59][30/67]	Time 0.330 (0.326)	Data 0.024 (0.025)	Loss 0.0535 (0.0909)	
Epoch: [59][40/67]	Time 0.325 (0.326)	Data 0.024 (0.025)	Loss 0.0630 (0.0908)	
Epoch: [59][50/67]	Time 0.332 (0.326)	Data 0.024 (0.025)	Loss 0.0319 (0.0908)	
Epoch: [59][60/67]	Time 0.327 (0.326)	Data 0.024 (0.025)	Loss 0.0554 (0.0907)	
Test: [0/17]	Time 0.123 (0.123)	Loss 0.0663 (0.0663)	Prec@1 0.000 (0.000)	Prec@5 0.000 (0.000)
Test: [10/17]	Time 0.131 (0.129)	Loss 0.0523 (0.0628)	Prec@1 0.000 (0.000)	Prec@5 0.000 (0.000)
Overall Acc: 	 0.8597585194146455
Mean Acc : 	 0.5
FreqW Acc : 	 0.7391847117060635
Mean IoU : 	 0.42987925970732277
* Test:	Time 0.094 (0.126)	Loss 0.0614 (0.0629)	
learning rate = 0.000050
Epoch: [60][0/67]	Time 0.124 (0.326)	Data 0.024 (0.025)	Loss 0.0573 (0.0907)	
Epoch: [60][10/67]	Time 0.327 (0.326)	Data 0.024 (0.025)	Loss 0.0504 (0.0906)	
Epoch: [60][20/67]	Time 0.326 (0.326)	Data 0.024 (0.025)	Loss 0.0819 (0.0905)	
Epoch: [60][30/67]	Time 0.326 (0.326)	Data 0.024 (0.025)	Loss 0.0249 (0.0904)	
Epoch: [60][40/67]	Time 0.325 (0.326)	Data 0.024 (0.025)	Loss 0.0588 (0.0904)	
Epoch: [60][50/67]	Time 0.332 (0.326)	Data 0.025 (0.025)	Loss 0.0769 (0.0903)	
Epoch: [60][60/67]	Time 0.326 (0.326)	Data 0.024 (0.025)	Loss 0.0610 (0.0902)	
Test: [0/17]	Time 0.123 (0.123)	Loss 0.0451 (0.0451)	Prec@1 0.000 (0.000)	Prec@5 0.000 (0.000)
Test: [10/17]	Time 0.130 (0.129)	Loss 0.0826 (0.0652)	Prec@1 0.000 (0.000)	Prec@5 0.000 (0.000)
Overall Acc: 	 0.8597150204786613
Mean Acc : 	 0.5
FreqW Acc : 	 0.739109916436625
Mean IoU : 	 0.42985751023933066
* Test:	Time 0.095 (0.127)	Loss 0.0525 (0.0586)	
learning rate = 0.000050
Epoch: [61][0/67]	Time 0.125 (0.326)	Data 0.024 (0.025)	Loss 0.0264 (0.0902)	
Epoch: [61][10/67]	Time 0.322 (0.326)	Data 0.024 (0.025)	Loss 0.0715 (0.0901)	
Epoch: [61][20/67]	Time 0.329 (0.326)	Data 0.024 (0.025)	Loss 0.0675 (0.0901)	
Epoch: [61][30/67]	Time 0.329 (0.326)	Data 0.025 (0.025)	Loss 0.0569 (0.0900)	
Epoch: [61][40/67]	Time 0.331 (0.326)	Data 0.024 (0.025)	Loss 0.0409 (0.0899)	
Epoch: [61][50/67]	Time 0.326 (0.326)	Data 0.025 (0.025)	Loss 0.0482 (0.0898)	
Epoch: [61][60/67]	Time 0.326 (0.326)	Data 0.024 (0.025)	Loss 0.0640 (0.0897)	
Test: [0/17]	Time 0.124 (0.124)	Loss 0.0710 (0.0710)	Prec@1 0.000 (0.000)	Prec@5 0.000 (0.000)
Test: [10/17]	Time 0.130 (0.128)	Loss 0.0649 (0.0616)	Prec@1 0.000 (0.000)	Prec@5 0.000 (0.000)
Overall Acc: 	 0.8598916352684818
Mean Acc : 	 0.5
FreqW Acc : 	 0.7394136244047037
Mean IoU : 	 0.4299458176342409
* Test:	Time 0.092 (0.126)	Loss 0.0427 (0.0600)	
learning rate = 0.000050
Epoch: [62][0/67]	Time 0.127 (0.326)	Data 0.024 (0.025)	Loss 0.0346 (0.0897)	
Epoch: [62][10/67]	Time 0.324 (0.326)	Data 0.024 (0.025)	Loss 0.0624 (0.0897)	
Epoch: [62][20/67]	Time 0.326 (0.326)	Data 0.024 (0.025)	Loss 0.0833 (0.0896)	
Epoch: [62][30/67]	Time 0.325 (0.326)	Data 0.024 (0.025)	Loss 0.0668 (0.0895)	
Epoch: [62][40/67]	Time 0.331 (0.326)	Data 0.024 (0.025)	Loss 0.0624 (0.0894)	
Epoch: [62][50/67]	Time 0.327 (0.326)	Data 0.025 (0.025)	Loss 0.0788 (0.0894)	
Epoch: [62][60/67]	Time 0.325 (0.326)	Data 0.024 (0.025)	Loss 0.0492 (0.0893)	
Test: [0/17]	Time 0.124 (0.124)	Loss 0.1117 (0.1117)	Prec@1 0.000 (0.000)	Prec@5 0.000 (0.000)
Test: [10/17]	Time 0.130 (0.128)	Loss 0.0365 (0.0631)	Prec@1 0.000 (0.000)	Prec@5 0.000 (0.000)
Overall Acc: 	 0.8598824116721082
Mean Acc : 	 0.5
FreqW Acc : 	 0.739397761903041
Mean IoU : 	 0.4299412058360541
* Test:	Time 0.100 (0.126)	Loss 0.0371 (0.0604)	
learning rate = 0.000050
Epoch: [63][0/67]	Time 0.125 (0.326)	Data 0.024 (0.025)	Loss 0.0355 (0.0892)	
Epoch: [63][10/67]	Time 0.326 (0.326)	Data 0.024 (0.025)	Loss 0.0678 (0.0892)	
Epoch: [63][20/67]	Time 0.330 (0.326)	Data 0.024 (0.025)	Loss 0.0579 (0.0891)	
Epoch: [63][30/67]	Time 0.330 (0.326)	Data 0.024 (0.025)	Loss 0.0629 (0.0891)	
Epoch: [63][40/67]	Time 0.326 (0.326)	Data 0.024 (0.025)	Loss 0.0463 (0.0890)	
Epoch: [63][50/67]	Time 0.329 (0.326)	Data 0.024 (0.025)	Loss 0.0451 (0.0889)	
Epoch: [63][60/67]	Time 0.328 (0.326)	Data 0.024 (0.025)	Loss 0.0671 (0.0888)	
Test: [0/17]	Time 0.124 (0.124)	Loss 0.0395 (0.0395)	Prec@1 0.000 (0.000)	Prec@5 0.000 (0.000)
Test: [10/17]	Time 0.131 (0.128)	Loss 0.0637 (0.0671)	Prec@1 0.000 (0.000)	Prec@5 0.000 (0.000)
Overall Acc: 	 0.8602956515639576
Mean Acc : 	 0.5
FreqW Acc : 	 0.7401086080998543
Mean IoU : 	 0.4301478257819788
* Test:	Time 0.093 (0.126)	Loss 0.0396 (0.0612)	
learning rate = 0.000050
Epoch: [64][0/67]	Time 0.124 (0.326)	Data 0.024 (0.025)	Loss 0.0479 (0.0888)	
Epoch: [64][10/67]	Time 0.331 (0.326)	Data 0.024 (0.025)	Loss 0.0387 (0.0887)	
Epoch: [64][20/67]	Time 0.329 (0.326)	Data 0.024 (0.025)	Loss 0.0677 (0.0887)	
Epoch: [64][30/67]	Time 0.333 (0.326)	Data 0.024 (0.025)	Loss 0.0755 (0.0886)	
Epoch: [64][40/67]	Time 0.327 (0.326)	Data 0.024 (0.025)	Loss 0.0672 (0.0885)	
Epoch: [64][50/67]	Time 0.324 (0.326)	Data 0.024 (0.025)	Loss 0.0216 (0.0885)	
Epoch: [64][60/67]	Time 0.324 (0.326)	Data 0.024 (0.025)	Loss 0.0505 (0.0884)	
Test: [0/17]	Time 0.125 (0.125)	Loss 0.0651 (0.0651)	Prec@1 0.000 (0.000)	Prec@5 0.000 (0.000)
Test: [10/17]	Time 0.128 (0.128)	Loss 0.0440 (0.0574)	Prec@1 0.000 (0.000)	Prec@5 0.000 (0.000)
Overall Acc: 	 0.8597062523685285
Mean Acc : 	 0.5
FreqW Acc : 	 0.73909484036154
Mean IoU : 	 0.42985312618426424
* Test:	Time 0.095 (0.126)	Loss 0.0650 (0.0594)	
learning rate = 0.000050
Epoch: [65][0/67]	Time 0.126 (0.326)	Data 0.025 (0.025)	Loss 0.0742 (0.0884)	
Epoch: [65][10/67]	Time 0.330 (0.326)	Data 0.024 (0.025)	Loss 0.0539 (0.0883)	
Epoch: [65][20/67]	Time 0.327 (0.326)	Data 0.024 (0.025)	Loss 0.0633 (0.0882)	
Epoch: [65][30/67]	Time 0.325 (0.326)	Data 0.024 (0.025)	Loss 0.0513 (0.0882)	
Epoch: [65][40/67]	Time 0.326 (0.326)	Data 0.024 (0.025)	Loss 0.0399 (0.0881)	
Epoch: [65][50/67]	Time 0.328 (0.326)	Data 0.024 (0.025)	Loss 0.0565 (0.0880)	
Epoch: [65][60/67]	Time 0.327 (0.326)	Data 0.024 (0.025)	Loss 0.0531 (0.0880)	
Test: [0/17]	Time 0.124 (0.124)	Loss 0.1116 (0.1116)	Prec@1 0.000 (0.000)	Prec@5 0.000 (0.000)
Test: [10/17]	Time 0.131 (0.129)	Loss 0.0539 (0.0642)	Prec@1 0.000 (0.000)	Prec@5 0.000 (0.000)
Overall Acc: 	 0.8602806205180153
Mean Acc : 	 0.5
FreqW Acc : 	 0.7400827460388615
Mean IoU : 	 0.4301403102590077
* Test:	Time 0.095 (0.127)	Loss 0.0692 (0.0662)	
learning rate = 0.000050
Epoch: [66][0/67]	Time 0.127 (0.326)	Data 0.024 (0.025)	Loss 0.0827 (0.0879)	
Epoch: [66][10/67]	Time 0.330 (0.326)	Data 0.024 (0.025)	Loss 0.1174 (0.0879)	
Epoch: [66][20/67]	Time 0.328 (0.326)	Data 0.024 (0.025)	Loss 0.0841 (0.0878)	
Epoch: [66][30/67]	Time 0.330 (0.326)	Data 0.024 (0.025)	Loss 0.0608 (0.0878)	
Epoch: [66][40/67]	Time 0.331 (0.326)	Data 0.024 (0.025)	Loss 0.0565 (0.0877)	
Epoch: [66][50/67]	Time 0.326 (0.326)	Data 0.024 (0.025)	Loss 0.0661 (0.0877)	
Epoch: [66][60/67]	Time 0.326 (0.326)	Data 0.024 (0.025)	Loss 0.0407 (0.0876)	
Test: [0/17]	Time 0.124 (0.124)	Loss 0.0692 (0.0692)	Prec@1 0.000 (0.000)	Prec@5 0.000 (0.000)
Test: [10/17]	Time 0.129 (0.128)	Loss 0.0702 (0.0538)	Prec@1 0.000 (0.000)	Prec@5 0.000 (0.000)
Overall Acc: 	 0.8596459004416395
Mean Acc : 	 0.5
FreqW Acc : 	 0.7389910741461171
Mean IoU : 	 0.42982295022081973
* Test:	Time 0.094 (0.127)	Loss 0.0559 (0.0618)	
learning rate = 0.000050
Epoch: [67][0/67]	Time 0.125 (0.326)	Data 0.024 (0.025)	Loss 0.0572 (0.0875)	
Epoch: [67][10/67]	Time 0.330 (0.326)	Data 0.024 (0.025)	Loss 0.0549 (0.0875)	
Epoch: [67][20/67]	Time 0.328 (0.326)	Data 0.024 (0.025)	Loss 0.0417 (0.0874)	
Epoch: [67][30/67]	Time 0.326 (0.326)	Data 0.024 (0.025)	Loss 0.0608 (0.0874)	
Epoch: [67][40/67]	Time 0.325 (0.326)	Data 0.024 (0.025)	Loss 0.0629 (0.0873)	
Epoch: [67][50/67]	Time 0.333 (0.326)	Data 0.025 (0.025)	Loss 0.0810 (0.0872)	
Epoch: [67][60/67]	Time 0.330 (0.326)	Data 0.024 (0.025)	Loss 0.0648 (0.0871)	
Test: [0/17]	Time 0.124 (0.124)	Loss 0.0691 (0.0691)	Prec@1 0.000 (0.000)	Prec@5 0.000 (0.000)
Test: [10/17]	Time 0.129 (0.128)	Loss 0.0698 (0.0614)	Prec@1 0.000 (0.000)	Prec@5 0.000 (0.000)
Overall Acc: 	 0.8596872358179805
Mean Acc : 	 0.5
FreqW Acc : 	 0.73906214342836
Mean IoU : 	 0.4298436179089902
* Test:	Time 0.094 (0.126)	Loss 0.0573 (0.0603)	
learning rate = 0.000050
Epoch: [68][0/67]	Time 0.127 (0.326)	Data 0.024 (0.025)	Loss 0.0498 (0.0871)	
Epoch: [68][10/67]	Time 0.326 (0.326)	Data 0.024 (0.025)	Loss 0.0880 (0.0871)	
Epoch: [68][20/67]	Time 0.335 (0.326)	Data 0.024 (0.025)	Loss 0.0937 (0.0870)	
Epoch: [68][30/67]	Time 0.325 (0.326)	Data 0.024 (0.025)	Loss 0.0306 (0.0869)	
Epoch: [68][40/67]	Time 0.333 (0.326)	Data 0.024 (0.025)	Loss 0.0520 (0.0869)	
Epoch: [68][50/67]	Time 0.323 (0.326)	Data 0.024 (0.025)	Loss 0.0422 (0.0868)	
Epoch: [68][60/67]	Time 0.331 (0.326)	Data 0.024 (0.025)	Loss 0.0516 (0.0867)	
Test: [0/17]	Time 0.124 (0.124)	Loss 0.0346 (0.0346)	Prec@1 0.000 (0.000)	Prec@5 0.000 (0.000)
Test: [10/17]	Time 0.127 (0.128)	Loss 0.0464 (0.0620)	Prec@1 0.000 (0.000)	Prec@5 0.000 (0.000)
Overall Acc: 	 0.8598692025711288
Mean Acc : 	 0.5
FreqW Acc : 	 0.7393750455303089
Mean IoU : 	 0.4299346012855644
* Test:	Time 0.092 (0.126)	Loss 0.1212 (0.0588)	
learning rate = 0.000050
Epoch: [69][0/67]	Time 0.126 (0.326)	Data 0.024 (0.025)	Loss 0.0915 (0.0867)	
Epoch: [69][10/67]	Time 0.326 (0.326)	Data 0.024 (0.025)	Loss 0.0223 (0.0866)	
Epoch: [69][20/67]	Time 0.326 (0.326)	Data 0.024 (0.025)	Loss 0.0432 (0.0865)	
Epoch: [69][30/67]	Time 0.329 (0.326)	Data 0.025 (0.025)	Loss 0.0638 (0.0865)	
Epoch: [69][40/67]	Time 0.325 (0.326)	Data 0.024 (0.025)	Loss 0.0630 (0.0864)	
Epoch: [69][50/67]	Time 0.324 (0.326)	Data 0.024 (0.025)	Loss 0.0635 (0.0864)	
Epoch: [69][60/67]	Time 0.329 (0.326)	Data 0.024 (0.025)	Loss 0.0317 (0.0863)	
Test: [0/17]	Time 0.124 (0.124)	Loss 0.0670 (0.0670)	Prec@1 0.000 (0.000)	Prec@5 0.000 (0.000)
Test: [10/17]	Time 0.137 (0.130)	Loss 0.0326 (0.0517)	Prec@1 0.000 (0.000)	Prec@5 0.000 (0.000)
Overall Acc: 	 0.8597812937266791
Mean Acc : 	 0.5
FreqW Acc : 	 0.7392238730423221
Mean IoU : 	 0.42989064686333955
* Test:	Time 0.093 (0.127)	Loss 0.0812 (0.0589)	
learning rate = 0.000050
Epoch: [70][0/67]	Time 0.127 (0.326)	Data 0.024 (0.025)	Loss 0.0405 (0.0863)	
Epoch: [70][10/67]	Time 0.328 (0.326)	Data 0.024 (0.025)	Loss 0.0669 (0.0862)	
Epoch: [70][20/67]	Time 0.329 (0.326)	Data 0.024 (0.025)	Loss 0.0418 (0.0862)	
Epoch: [70][30/67]	Time 0.326 (0.326)	Data 0.024 (0.025)	Loss 0.0531 (0.0861)	
Epoch: [70][40/67]	Time 0.332 (0.326)	Data 0.024 (0.025)	Loss 0.0889 (0.0860)	
Epoch: [70][50/67]	Time 0.334 (0.326)	Data 0.025 (0.025)	Loss 0.0595 (0.0860)	
Epoch: [70][60/67]	Time 0.328 (0.326)	Data 0.024 (0.025)	Loss 0.0676 (0.0859)	
Test: [0/17]	Time 0.124 (0.124)	Loss 0.0590 (0.0590)	Prec@1 0.000 (0.000)	Prec@5 0.000 (0.000)
Test: [10/17]	Time 0.129 (0.128)	Loss 0.0702 (0.0603)	Prec@1 0.000 (0.000)	Prec@5 0.000 (0.000)
Overall Acc: 	 0.8597822046991604
Mean Acc : 	 0.5
FreqW Acc : 	 0.739225439517349
Mean IoU : 	 0.4298911023495802
* Test:	Time 0.092 (0.127)	Loss 0.0383 (0.0596)	
learning rate = 0.000050
Epoch: [71][0/67]	Time 0.125 (0.326)	Data 0.024 (0.025)	Loss 0.0687 (0.0859)	
Epoch: [71][10/67]	Time 0.326 (0.326)	Data 0.024 (0.025)	Loss 0.0798 (0.0859)	
Epoch: [71][20/67]	Time 0.325 (0.326)	Data 0.025 (0.025)	Loss 0.0319 (0.0858)	
Epoch: [71][30/67]	Time 0.331 (0.326)	Data 0.025 (0.025)	Loss 0.0571 (0.0858)	
Epoch: [71][40/67]	Time 0.322 (0.326)	Data 0.025 (0.025)	Loss 0.0575 (0.0857)	
Epoch: [71][50/67]	Time 0.327 (0.326)	Data 0.025 (0.025)	Loss 0.0637 (0.0856)	
Epoch: [71][60/67]	Time 0.326 (0.326)	Data 0.024 (0.025)	Loss 0.0669 (0.0856)	
Test: [0/17]	Time 0.123 (0.123)	Loss 0.0291 (0.0291)	Prec@1 0.000 (0.000)	Prec@5 0.000 (0.000)
Test: [10/17]	Time 0.140 (0.128)	Loss 0.0654 (0.0638)	Prec@1 0.000 (0.000)	Prec@5 0.000 (0.000)
Overall Acc: 	 0.8597587471577659
Mean Acc : 	 0.5
FreqW Acc : 	 0.7391851033142912
Mean IoU : 	 0.42987937357888295
* Test:	Time 0.093 (0.126)	Loss 0.0752 (0.0686)	
learning rate = 0.000050
Epoch: [72][0/67]	Time 0.125 (0.326)	Data 0.025 (0.025)	Loss 0.0500 (0.0856)	
Epoch: [72][10/67]	Time 0.331 (0.326)	Data 0.025 (0.025)	Loss 0.0635 (0.0856)	
Epoch: [72][20/67]	Time 0.325 (0.326)	Data 0.025 (0.025)	Loss 0.0549 (0.0855)	
Epoch: [72][30/67]	Time 0.328 (0.326)	Data 0.024 (0.025)	Loss 0.0601 (0.0855)	
Epoch: [72][40/67]	Time 0.323 (0.326)	Data 0.025 (0.025)	Loss 0.0478 (0.0854)	
Epoch: [72][50/67]	Time 0.333 (0.326)	Data 0.024 (0.025)	Loss 0.0858 (0.0853)	
Epoch: [72][60/67]	Time 0.326 (0.326)	Data 0.024 (0.025)	Loss 0.0405 (0.0853)	
Test: [0/17]	Time 0.124 (0.124)	Loss 0.0674 (0.0674)	Prec@1 0.000 (0.000)	Prec@5 0.000 (0.000)
Test: [10/17]	Time 0.133 (0.128)	Loss 0.0429 (0.0616)	Prec@1 0.000 (0.000)	Prec@5 0.000 (0.000)
Overall Acc: 	 0.8597989438185051
Mean Acc : 	 0.5
FreqW Acc : 	 0.7392542237914168
Mean IoU : 	 0.42989947190925254
* Test:	Time 0.096 (0.126)	Loss 0.0644 (0.0598)	
learning rate = 0.000050
Epoch: [73][0/67]	Time 0.126 (0.326)	Data 0.025 (0.025)	Loss 0.0419 (0.0852)	
Epoch: [73][10/67]	Time 0.328 (0.326)	Data 0.024 (0.025)	Loss 0.0534 (0.0852)	
Epoch: [73][20/67]	Time 0.325 (0.326)	Data 0.024 (0.025)	Loss 0.0504 (0.0851)	
Epoch: [73][30/67]	Time 0.326 (0.326)	Data 0.024 (0.025)	Loss 0.0466 (0.0851)	
Epoch: [73][40/67]	Time 0.328 (0.326)	Data 0.025 (0.025)	Loss 0.0368 (0.0850)	
Epoch: [73][50/67]	Time 0.329 (0.326)	Data 0.025 (0.025)	Loss 0.0619 (0.0850)	
Epoch: [73][60/67]	Time 0.328 (0.326)	Data 0.025 (0.025)	Loss 0.0513 (0.0849)	
Test: [0/17]	Time 0.124 (0.124)	Loss 0.0508 (0.0508)	Prec@1 0.000 (0.000)	Prec@5 0.000 (0.000)
Test: [10/17]	Time 0.129 (0.128)	Loss 0.0651 (0.0604)	Prec@1 0.000 (0.000)	Prec@5 0.000 (0.000)
Overall Acc: 	 0.8598280949379081
Mean Acc : 	 0.5
FreqW Acc : 	 0.7393043528445523
Mean IoU : 	 0.42991404746895406
* Test:	Time 0.094 (0.126)	Loss 0.0557 (0.0603)	
learning rate = 0.000050
Epoch: [74][0/67]	Time 0.125 (0.326)	Data 0.024 (0.025)	Loss 0.0674 (0.0849)	
Epoch: [74][10/67]	Time 0.328 (0.326)	Data 0.024 (0.025)	Loss 0.0894 (0.0848)	
Epoch: [74][20/67]	Time 0.328 (0.326)	Data 0.025 (0.025)	Loss 0.0865 (0.0848)	
Epoch: [74][30/67]	Time 0.329 (0.326)	Data 0.025 (0.025)	Loss 0.0584 (0.0847)	
Epoch: [74][40/67]	Time 0.326 (0.326)	Data 0.025 (0.025)	Loss 0.0427 (0.0847)	
Epoch: [74][50/67]	Time 0.325 (0.326)	Data 0.025 (0.025)	Loss 0.1072 (0.0846)	
Epoch: [74][60/67]	Time 0.332 (0.326)	Data 0.025 (0.025)	Loss 0.0506 (0.0846)	
Test: [0/17]	Time 0.125 (0.125)	Loss 0.1291 (0.1291)	Prec@1 0.000 (0.000)	Prec@5 0.000 (0.000)
Test: [10/17]	Time 0.129 (0.128)	Loss 0.0527 (0.0625)	Prec@1 0.000 (0.000)	Prec@5 0.000 (0.000)
Overall Acc: 	 0.8599498236357276
Mean Acc : 	 0.5
FreqW Acc : 	 0.739513699171119
Mean IoU : 	 0.4299749118178638
* Test:	Time 0.093 (0.126)	Loss 0.0454 (0.0620)	
learning rate = 0.000050
Epoch: [75][0/67]	Time 0.125 (0.326)	Data 0.025 (0.025)	Loss 0.0640 (0.0845)	
Epoch: [75][10/67]	Time 0.329 (0.326)	Data 0.025 (0.025)	Loss 0.0764 (0.0845)	
Epoch: [75][20/67]	Time 0.323 (0.326)	Data 0.025 (0.025)	Loss 0.0635 (0.0844)	
Epoch: [75][30/67]	Time 0.331 (0.326)	Data 0.025 (0.025)	Loss 0.0543 (0.0843)	
Epoch: [75][40/67]	Time 0.328 (0.326)	Data 0.025 (0.025)	Loss 0.0654 (0.0843)	
Epoch: [75][50/67]	Time 0.332 (0.326)	Data 0.024 (0.025)	Loss 0.0450 (0.0842)	
Epoch: [75][60/67]	Time 0.325 (0.326)	Data 0.024 (0.025)	Loss 0.0441 (0.0842)	
Test: [0/17]	Time 0.124 (0.124)	Loss 0.0362 (0.0362)	Prec@1 0.000 (0.000)	Prec@5 0.000 (0.000)
Test: [10/17]	Time 0.139 (0.128)	Loss 0.0693 (0.0634)	Prec@1 0.000 (0.000)	Prec@5 0.000 (0.000)
Overall Acc: 	 0.8595294098355877
Mean Acc : 	 0.5
FreqW Acc : 	 0.7387908063723136
Mean IoU : 	 0.42976470491779384
* Test:	Time 0.095 (0.126)	Loss 0.1212 (0.0621)	
learning rate = 0.000050
Epoch: [76][0/67]	Time 0.125 (0.326)	Data 0.024 (0.025)	Loss 0.0492 (0.0841)	
Epoch: [76][10/67]	Time 0.323 (0.326)	Data 0.024 (0.025)	Loss 0.0683 (0.0841)	
Epoch: [76][20/67]	Time 0.327 (0.326)	Data 0.024 (0.025)	Loss 0.1096 (0.0840)	
Epoch: [76][30/67]	Time 0.327 (0.326)	Data 0.025 (0.025)	Loss 0.0478 (0.0840)	
Epoch: [76][40/67]	Time 0.326 (0.326)	Data 0.025 (0.025)	Loss 0.0462 (0.0839)	
Epoch: [76][50/67]	Time 0.324 (0.326)	Data 0.025 (0.025)	Loss 0.0774 (0.0839)	
Epoch: [76][60/67]	Time 0.325 (0.326)	Data 0.024 (0.025)	Loss 0.0516 (0.0838)	
Test: [0/17]	Time 0.125 (0.125)	Loss 0.0374 (0.0374)	Prec@1 0.000 (0.000)	Prec@5 0.000 (0.000)
Test: [10/17]	Time 0.128 (0.131)	Loss 0.0907 (0.0594)	Prec@1 0.000 (0.000)	Prec@5 0.000 (0.000)
Overall Acc: 	 0.86036511321566
Mean Acc : 	 0.5
FreqW Acc : 	 0.7402281280385955
Mean IoU : 	 0.43018255660783
* Test:	Time 0.103 (0.128)	Loss 0.0710 (0.0595)	
learning rate = 0.000050
Epoch: [77][0/67]	Time 0.125 (0.326)	Data 0.024 (0.025)	Loss 0.0555 (0.0838)	
Epoch: [77][10/67]	Time 0.330 (0.326)	Data 0.025 (0.025)	Loss 0.0445 (0.0837)	
Epoch: [77][20/67]	Time 0.333 (0.326)	Data 0.025 (0.025)	Loss 0.0326 (0.0837)	
Epoch: [77][30/67]	Time 0.328 (0.326)	Data 0.025 (0.025)	Loss 0.0363 (0.0836)	
Epoch: [77][40/67]	Time 0.326 (0.326)	Data 0.025 (0.025)	Loss 0.0546 (0.0836)	
Epoch: [77][50/67]	Time 0.328 (0.326)	Data 0.025 (0.025)	Loss 0.0512 (0.0835)	
Epoch: [77][60/67]	Time 0.330 (0.326)	Data 0.025 (0.025)	Loss 0.0558 (0.0835)	
Test: [0/17]	Time 0.124 (0.124)	Loss 0.0922 (0.0922)	Prec@1 0.000 (0.000)	Prec@5 0.000 (0.000)
Test: [10/17]	Time 0.130 (0.129)	Loss 0.0613 (0.0697)	Prec@1 0.000 (0.000)	Prec@5 0.000 (0.000)
Overall Acc: 	 0.8597598858733675
Mean Acc : 	 0.5
FreqW Acc : 	 0.7391870613569859
Mean IoU : 	 0.42987994293668375
* Test:	Time 0.094 (0.126)	Loss 0.0296 (0.0711)	
learning rate = 0.000050
Epoch: [78][0/67]	Time 0.123 (0.326)	Data 0.024 (0.025)	Loss 0.0779 (0.0834)	
Epoch: [78][10/67]	Time 0.326 (0.326)	Data 0.025 (0.025)	Loss 0.0807 (0.0834)	
Epoch: [78][20/67]	Time 0.326 (0.326)	Data 0.025 (0.025)	Loss 0.0616 (0.0833)	
Epoch: [78][30/67]	Time 0.331 (0.326)	Data 0.025 (0.025)	Loss 0.0533 (0.0833)	
Epoch: [78][40/67]	Time 0.329 (0.326)	Data 0.035 (0.025)	Loss 0.0321 (0.0832)	
Epoch: [78][50/67]	Time 0.327 (0.326)	Data 0.025 (0.025)	Loss 0.0501 (0.0832)	
Epoch: [78][60/67]	Time 0.329 (0.326)	Data 0.024 (0.025)	Loss 0.0588 (0.0831)	
Test: [0/17]	Time 0.137 (0.137)	Loss 0.0743 (0.0743)	Prec@1 0.000 (0.000)	Prec@5 0.000 (0.000)
Test: [10/17]	Time 0.138 (0.131)	Loss 0.0231 (0.0635)	Prec@1 0.000 (0.000)	Prec@5 0.000 (0.000)
Overall Acc: 	 0.8602488503527286
Mean Acc : 	 0.5
FreqW Acc : 	 0.7400280845331912
Mean IoU : 	 0.4301244251763643
* Test:	Time 0.094 (0.128)	Loss 0.0951 (0.0641)	
learning rate = 0.000050
Epoch: [79][0/67]	Time 0.126 (0.326)	Data 0.024 (0.025)	Loss 0.0640 (0.0831)	
Epoch: [79][10/67]	Time 0.332 (0.326)	Data 0.024 (0.025)	Loss 0.0508 (0.0830)	
Epoch: [79][20/67]	Time 0.330 (0.326)	Data 0.025 (0.025)	Loss 0.0581 (0.0830)	
Epoch: [79][30/67]	Time 0.328 (0.326)	Data 0.025 (0.025)	Loss 0.0527 (0.0829)	
Epoch: [79][40/67]	Time 0.330 (0.326)	Data 0.025 (0.025)	Loss 0.0625 (0.0829)	
Epoch: [79][50/67]	Time 0.332 (0.326)	Data 0.024 (0.025)	Loss 0.0624 (0.0829)	
Epoch: [79][60/67]	Time 0.327 (0.326)	Data 0.025 (0.025)	Loss 0.0843 (0.0828)	
Test: [0/17]	Time 0.124 (0.124)	Loss 0.0636 (0.0636)	Prec@1 0.000 (0.000)	Prec@5 0.000 (0.000)
Test: [10/17]	Time 0.132 (0.129)	Loss 0.0262 (0.0659)	Prec@1 0.000 (0.000)	Prec@5 0.000 (0.000)
Overall Acc: 	 0.8594452587526236
Mean Acc : 	 0.5
FreqW Acc : 	 0.7386461527923641
Mean IoU : 	 0.4297226293763118
* Test:	Time 0.100 (0.128)	Loss 0.1130 (0.0690)	
learning rate = 0.000050
Epoch: [80][0/67]	Time 0.125 (0.326)	Data 0.025 (0.025)	Loss 0.0947 (0.0828)	
Epoch: [80][10/67]	Time 0.328 (0.326)	Data 0.025 (0.025)	Loss 0.0392 (0.0828)	
Epoch: [80][20/67]	Time 0.327 (0.326)	Data 0.025 (0.025)	Loss 0.0474 (0.0827)	
Epoch: [80][30/67]	Time 0.328 (0.326)	Data 0.025 (0.025)	Loss 0.1103 (0.0827)	
Epoch: [80][40/67]	Time 0.325 (0.326)	Data 0.025 (0.025)	Loss 0.0389 (0.0827)	
Epoch: [80][50/67]	Time 0.330 (0.326)	Data 0.025 (0.025)	Loss 0.0809 (0.0826)	
Epoch: [80][60/67]	Time 0.327 (0.326)	Data 0.025 (0.025)	Loss 0.0879 (0.0826)	
Test: [0/17]	Time 0.124 (0.124)	Loss 0.0351 (0.0351)	Prec@1 0.000 (0.000)	Prec@5 0.000 (0.000)
Test: [10/17]	Time 0.131 (0.127)	Loss 0.0458 (0.0617)	Prec@1 0.000 (0.000)	Prec@5 0.000 (0.000)
Overall Acc: 	 0.8595010558171059
Mean Acc : 	 0.5
FreqW Acc : 	 0.7387420649507198
Mean IoU : 	 0.42975052790855295
* Test:	Time 0.094 (0.125)	Loss 0.0376 (0.0596)	
learning rate = 0.000050
Epoch: [81][0/67]	Time 0.127 (0.326)	Data 0.024 (0.025)	Loss 0.0516 (0.0826)	
Epoch: [81][10/67]	Time 0.327 (0.326)	Data 0.025 (0.025)	Loss 0.0409 (0.0825)	
Epoch: [81][20/67]	Time 0.326 (0.326)	Data 0.024 (0.025)	Loss 0.0385 (0.0825)	
Epoch: [81][30/67]	Time 0.327 (0.326)	Data 0.025 (0.025)	Loss 0.0417 (0.0824)	
Epoch: [81][40/67]	Time 0.325 (0.326)	Data 0.025 (0.025)	Loss 0.0472 (0.0824)	
Epoch: [81][50/67]	Time 0.332 (0.326)	Data 0.024 (0.025)	Loss 0.0457 (0.0823)	
Epoch: [81][60/67]	Time 0.330 (0.326)	Data 0.024 (0.025)	Loss 0.0377 (0.0823)	
Test: [0/17]	Time 0.123 (0.123)	Loss 0.0683 (0.0683)	Prec@1 0.000 (0.000)	Prec@5 0.000 (0.000)
Test: [10/17]	Time 0.130 (0.128)	Loss 0.0404 (0.0675)	Prec@1 0.000 (0.000)	Prec@5 0.000 (0.000)
Overall Acc: 	 0.8602384880407533
Mean Acc : 	 0.5
FreqW Acc : 	 0.7400102563066413
Mean IoU : 	 0.43011924402037666
* Test:	Time 0.108 (0.126)	Loss 0.0482 (0.0593)	
learning rate = 0.000050
Epoch: [82][0/67]	Time 0.126 (0.326)	Data 0.025 (0.025)	Loss 0.0595 (0.0823)	
Epoch: [82][10/67]	Time 0.328 (0.326)	Data 0.024 (0.025)	Loss 0.0559 (0.0822)	
Epoch: [82][20/67]	Time 0.325 (0.326)	Data 0.024 (0.025)	Loss 0.0788 (0.0821)	
Epoch: [82][30/67]	Time 0.330 (0.326)	Data 0.024 (0.025)	Loss 0.0688 (0.0821)	
Epoch: [82][40/67]	Time 0.327 (0.326)	Data 0.024 (0.025)	Loss 0.0719 (0.0820)	
Epoch: [82][50/67]	Time 0.327 (0.326)	Data 0.024 (0.025)	Loss 0.0478 (0.0820)	
Epoch: [82][60/67]	Time 0.327 (0.326)	Data 0.024 (0.025)	Loss 0.0561 (0.0819)	
Test: [0/17]	Time 0.123 (0.123)	Loss 0.0581 (0.0581)	Prec@1 0.000 (0.000)	Prec@5 0.000 (0.000)
Test: [10/17]	Time 0.131 (0.128)	Loss 0.0417 (0.0622)	Prec@1 0.000 (0.000)	Prec@5 0.000 (0.000)
Overall Acc: 	 0.85892065247493
Mean Acc : 	 0.5
FreqW Acc : 	 0.7377446872479595
Mean IoU : 	 0.429460326237465
* Test:	Time 0.096 (0.126)	Loss 0.0604 (0.0640)	
learning rate = 0.000050
Epoch: [83][0/67]	Time 0.126 (0.326)	Data 0.024 (0.025)	Loss 0.0451 (0.0819)	
Epoch: [83][10/67]	Time 0.328 (0.326)	Data 0.025 (0.025)	Loss 0.0597 (0.0819)	
Epoch: [83][20/67]	Time 0.326 (0.326)	Data 0.025 (0.025)	Loss 0.0505 (0.0818)	
Epoch: [83][30/67]	Time 0.327 (0.326)	Data 0.024 (0.025)	Loss 0.0461 (0.0818)	
Epoch: [83][40/67]	Time 0.330 (0.326)	Data 0.024 (0.025)	Loss 0.0444 (0.0817)	
Epoch: [83][50/67]	Time 0.326 (0.326)	Data 0.024 (0.025)	Loss 0.0632 (0.0817)	
Epoch: [83][60/67]	Time 0.326 (0.326)	Data 0.024 (0.025)	Loss 0.0527 (0.0816)	
Test: [0/17]	Time 0.123 (0.123)	Loss 0.0510 (0.0510)	Prec@1 0.000 (0.000)	Prec@5 0.000 (0.000)
Test: [10/17]	Time 0.130 (0.128)	Loss 0.0569 (0.0581)	Prec@1 0.000 (0.000)	Prec@5 0.000 (0.000)
Overall Acc: 	 0.8599253412502915
Mean Acc : 	 0.5
FreqW Acc : 	 0.7394715925244303
Mean IoU : 	 0.42996267062514576
* Test:	Time 0.094 (0.125)	Loss 0.1039 (0.0595)	
learning rate = 0.000050
Epoch: [84][0/67]	Time 0.126 (0.326)	Data 0.024 (0.025)	Loss 0.0601 (0.0816)	
Epoch: [84][10/67]	Time 0.328 (0.326)	Data 0.024 (0.025)	Loss 0.0555 (0.0816)	
Epoch: [84][20/67]	Time 0.329 (0.326)	Data 0.024 (0.025)	Loss 0.0555 (0.0815)	
Epoch: [84][30/67]	Time 0.329 (0.326)	Data 0.024 (0.025)	Loss 0.0417 (0.0815)	
Epoch: [84][40/67]	Time 0.331 (0.326)	Data 0.025 (0.025)	Loss 0.0497 (0.0814)	
Epoch: [84][50/67]	Time 0.327 (0.326)	Data 0.024 (0.025)	Loss 0.0574 (0.0814)	
Epoch: [84][60/67]	Time 0.328 (0.326)	Data 0.025 (0.025)	Loss 0.0669 (0.0813)	
Test: [0/17]	Time 0.125 (0.125)	Loss 0.0460 (0.0460)	Prec@1 0.000 (0.000)	Prec@5 0.000 (0.000)
Test: [10/17]	Time 0.130 (0.155)	Loss 0.0631 (0.0574)	Prec@1 0.000 (0.000)	Prec@5 0.000 (0.000)
Overall Acc: 	 0.860237577068272
Mean Acc : 	 0.5
FreqW Acc : 	 0.7400086890002912
Mean IoU : 	 0.430118788534136
* Test:	Time 0.092 (0.142)	Loss 0.0640 (0.0586)	
learning rate = 0.000050
Epoch: [85][0/67]	Time 0.124 (0.326)	Data 0.024 (0.025)	Loss 0.0405 (0.0813)	
Epoch: [85][10/67]	Time 0.331 (0.326)	Data 0.025 (0.025)	Loss 0.0607 (0.0813)	
Epoch: [85][20/67]	Time 0.327 (0.326)	Data 0.024 (0.025)	Loss 0.0717 (0.0812)	
Epoch: [85][30/67]	Time 0.326 (0.326)	Data 0.025 (0.025)	Loss 0.0742 (0.0812)	
Epoch: [85][40/67]	Time 0.330 (0.326)	Data 0.024 (0.025)	Loss 0.0405 (0.0811)	
Epoch: [85][50/67]	Time 0.328 (0.326)	Data 0.024 (0.025)	Loss 0.0275 (0.0811)	
Epoch: [85][60/67]	Time 0.327 (0.326)	Data 0.025 (0.025)	Loss 0.0429 (0.0810)	
Test: [0/17]	Time 0.123 (0.123)	Loss 0.1016 (0.1016)	Prec@1 0.000 (0.000)	Prec@5 0.000 (0.000)
Test: [10/17]	Time 0.131 (0.128)	Loss 0.0273 (0.0588)	Prec@1 0.000 (0.000)	Prec@5 0.000 (0.000)
Overall Acc: 	 0.8601936226460472
Mean Acc : 	 0.5
FreqW Acc : 	 0.7399330684409302
Mean IoU : 	 0.4300968113230236
* Test:	Time 0.096 (0.126)	Loss 0.0922 (0.0607)	
learning rate = 0.000050
Epoch: [86][0/67]	Time 0.128 (0.326)	Data 0.024 (0.025)	Loss 0.0633 (0.0810)	
Epoch: [86][10/67]	Time 0.328 (0.326)	Data 0.024 (0.025)	Loss 0.0869 (0.0809)	
Epoch: [86][20/67]	Time 0.330 (0.326)	Data 0.025 (0.025)	Loss 0.0523 (0.0809)	
Epoch: [86][30/67]	Time 0.327 (0.326)	Data 0.025 (0.025)	Loss 0.0293 (0.0809)	
Epoch: [86][40/67]	Time 0.322 (0.326)	Data 0.025 (0.025)	Loss 0.0551 (0.0808)	
Epoch: [86][50/67]	Time 0.325 (0.326)	Data 0.025 (0.025)	Loss 0.0876 (0.0808)	
Epoch: [86][60/67]	Time 0.332 (0.326)	Data 0.024 (0.025)	Loss 0.0386 (0.0807)	
Test: [0/17]	Time 0.124 (0.124)	Loss 0.0407 (0.0407)	Prec@1 0.000 (0.000)	Prec@5 0.000 (0.000)
Test: [10/17]	Time 0.132 (0.129)	Loss 0.0313 (0.0629)	Prec@1 0.000 (0.000)	Prec@5 0.000 (0.000)
Overall Acc: 	 0.8594893270464086
Mean Acc : 	 0.5
FreqW Acc : 	 0.7387219033066883
Mean IoU : 	 0.4297446635232043
* Test:	Time 0.096 (0.127)	Loss 0.0533 (0.0623)	
learning rate = 0.000050
Epoch: [87][0/67]	Time 0.127 (0.326)	Data 0.024 (0.025)	Loss 0.0693 (0.0807)	
Epoch: [87][10/67]	Time 0.325 (0.326)	Data 0.025 (0.025)	Loss 0.0428 (0.0807)	
Epoch: [87][20/67]	Time 0.329 (0.326)	Data 0.025 (0.025)	Loss 0.0763 (0.0806)	
Epoch: [87][30/67]	Time 0.324 (0.326)	Data 0.025 (0.025)	Loss 0.0529 (0.0806)	
Epoch: [87][40/67]	Time 0.329 (0.326)	Data 0.025 (0.025)	Loss 0.0218 (0.0805)	
Epoch: [87][50/67]	Time 0.328 (0.326)	Data 0.025 (0.025)	Loss 0.0361 (0.0805)	
Epoch: [87][60/67]	Time 0.327 (0.326)	Data 0.025 (0.025)	Loss 0.0621 (0.0804)	
Test: [0/17]	Time 0.125 (0.125)	Loss 0.0960 (0.0960)	Prec@1 0.000 (0.000)	Prec@5 0.000 (0.000)
Test: [10/17]	Time 0.156 (0.130)	Loss 0.0193 (0.0551)	Prec@1 0.000 (0.000)	Prec@5 0.000 (0.000)
Overall Acc: 	 0.8602846060226212
Mean Acc : 	 0.5
FreqW Acc : 	 0.7400896033594967
Mean IoU : 	 0.4301423030113106
* Test:	Time 0.094 (0.128)	Loss 0.0285 (0.0620)	
learning rate = 0.000050
Epoch: [88][0/67]	Time 0.125 (0.326)	Data 0.025 (0.025)	Loss 0.0737 (0.0804)	
Epoch: [88][10/67]	Time 0.330 (0.326)	Data 0.025 (0.025)	Loss 0.0269 (0.0803)	
Epoch: [88][20/67]	Time 0.325 (0.326)	Data 0.025 (0.025)	Loss 0.0993 (0.0803)	
Epoch: [88][30/67]	Time 0.327 (0.326)	Data 0.025 (0.025)	Loss 0.0318 (0.0803)	
Epoch: [88][40/67]	Time 0.328 (0.326)	Data 0.025 (0.025)	Loss 0.0443 (0.0802)	
Epoch: [88][50/67]	Time 0.329 (0.326)	Data 0.025 (0.025)	Loss 0.0424 (0.0802)	
Epoch: [88][60/67]	Time 0.327 (0.326)	Data 0.024 (0.025)	Loss 0.0464 (0.0801)	
Test: [0/17]	Time 0.124 (0.124)	Loss 0.0623 (0.0623)	Prec@1 0.000 (0.000)	Prec@5 0.000 (0.000)
Test: [10/17]	Time 0.128 (0.128)	Loss 0.0712 (0.0599)	Prec@1 0.000 (0.000)	Prec@5 0.000 (0.000)
Overall Acc: 	 0.8599174841126399
Mean Acc : 	 0.5
FreqW Acc : 	 0.7394580794826123
Mean IoU : 	 0.42995874205631995
* Test:	Time 0.096 (0.126)	Loss 0.0729 (0.0584)	
learning rate = 0.000050
Epoch: [89][0/67]	Time 0.125 (0.326)	Data 0.024 (0.025)	Loss 0.0389 (0.0801)	
Epoch: [89][10/67]	Time 0.328 (0.326)	Data 0.025 (0.025)	Loss 0.0418 (0.0800)	
Epoch: [89][20/67]	Time 0.330 (0.326)	Data 0.024 (0.025)	Loss 0.0528 (0.0800)	
Epoch: [89][30/67]	Time 0.334 (0.326)	Data 0.025 (0.025)	Loss 0.0399 (0.0800)	
Epoch: [89][40/67]	Time 0.325 (0.326)	Data 0.025 (0.025)	Loss 0.0213 (0.0799)	
Epoch: [89][50/67]	Time 0.340 (0.326)	Data 0.025 (0.025)	Loss 0.0783 (0.0799)	
Epoch: [89][60/67]	Time 0.322 (0.326)	Data 0.025 (0.025)	Loss 0.0536 (0.0798)	
Test: [0/17]	Time 0.127 (0.127)	Loss 0.0448 (0.0448)	Prec@1 0.000 (0.000)	Prec@5 0.000 (0.000)
Test: [10/17]	Time 0.131 (0.130)	Loss 0.0744 (0.0717)	Prec@1 0.000 (0.000)	Prec@5 0.000 (0.000)
Overall Acc: 	 0.8594236231561917
Mean Acc : 	 0.5
FreqW Acc : 	 0.7386089640389158
Mean IoU : 	 0.42971181157809585
* Test:	Time 0.097 (0.128)	Loss 0.0276 (0.0617)	
learning rate = 0.000050
Epoch: [90][0/67]	Time 0.126 (0.326)	Data 0.024 (0.025)	Loss 0.0327 (0.0798)	
Epoch: [90][10/67]	Time 0.327 (0.326)	Data 0.025 (0.025)	Loss 0.0388 (0.0797)	
Epoch: [90][20/67]	Time 0.327 (0.326)	Data 0.025 (0.025)	Loss 0.0400 (0.0797)	
Epoch: [90][30/67]	Time 0.330 (0.326)	Data 0.025 (0.025)	Loss 0.0505 (0.0796)	
Epoch: [90][40/67]	Time 0.326 (0.326)	Data 0.025 (0.025)	Loss 0.0516 (0.0796)	
Epoch: [90][50/67]	Time 0.330 (0.326)	Data 0.025 (0.025)	Loss 0.0475 (0.0796)	
Epoch: [90][60/67]	Time 0.325 (0.326)	Data 0.025 (0.025)	Loss 0.0473 (0.0795)	
Test: [0/17]	Time 0.123 (0.123)	Loss 0.0502 (0.0502)	Prec@1 0.000 (0.000)	Prec@5 0.000 (0.000)
Test: [10/17]	Time 0.129 (0.128)	Loss 0.0863 (0.0654)	Prec@1 0.000 (0.000)	Prec@5 0.000 (0.000)
Overall Acc: 	 0.8600869249941697
Mean Acc : 	 0.5
FreqW Acc : 	 0.7397495185459265
Mean IoU : 	 0.43004346249708486
* Test:	Time 0.094 (0.125)	Loss 0.0776 (0.0626)	
learning rate = 0.000050
Epoch: [91][0/67]	Time 0.127 (0.326)	Data 0.025 (0.025)	Loss 0.0534 (0.0795)	
Epoch: [91][10/67]	Time 0.328 (0.326)	Data 0.035 (0.025)	Loss 0.0516 (0.0794)	
Epoch: [91][20/67]	Time 0.327 (0.326)	Data 0.025 (0.025)	Loss 0.0795 (0.0794)	
Epoch: [91][30/67]	Time 0.327 (0.326)	Data 0.024 (0.025)	Loss 0.0272 (0.0794)	
Epoch: [91][40/67]	Time 0.325 (0.326)	Data 0.024 (0.025)	Loss 0.0716 (0.0793)	
Epoch: [91][50/67]	Time 0.328 (0.326)	Data 0.025 (0.025)	Loss 0.0647 (0.0793)	
Epoch: [91][60/67]	Time 0.324 (0.326)	Data 0.025 (0.025)	Loss 0.0486 (0.0792)	
Test: [0/17]	Time 0.124 (0.124)	Loss 0.0653 (0.0653)	Prec@1 0.000 (0.000)	Prec@5 0.000 (0.000)
Test: [10/17]	Time 0.138 (0.128)	Loss 0.0584 (0.0614)	Prec@1 0.000 (0.000)	Prec@5 0.000 (0.000)
Overall Acc: 	 0.8598640783509212
Mean Acc : 	 0.5
FreqW Acc : 	 0.7393662332382791
Mean IoU : 	 0.4299320391754606
* Test:	Time 0.094 (0.126)	Loss 0.0623 (0.0599)	
learning rate = 0.000050
Epoch: [92][0/67]	Time 0.127 (0.326)	Data 0.024 (0.025)	Loss 0.0896 (0.0792)	
Epoch: [92][10/67]	Time 0.326 (0.326)	Data 0.025 (0.025)	Loss 0.0549 (0.0792)	
Epoch: [92][20/67]	Time 0.325 (0.326)	Data 0.024 (0.025)	Loss 0.0610 (0.0792)	
Epoch: [92][30/67]	Time 0.331 (0.326)	Data 0.025 (0.025)	Loss 0.0614 (0.0791)	
Epoch: [92][40/67]	Time 0.328 (0.326)	Data 0.025 (0.025)	Loss 0.0773 (0.0791)	
Epoch: [92][50/67]	Time 0.328 (0.326)	Data 0.024 (0.025)	Loss 0.0411 (0.0790)	
Epoch: [92][60/67]	Time 0.325 (0.326)	Data 0.024 (0.025)	Loss 0.0583 (0.0790)	
Test: [0/17]	Time 0.123 (0.123)	Loss 0.1598 (0.1598)	Prec@1 0.000 (0.000)	Prec@5 0.000 (0.000)
Test: [10/17]	Time 0.128 (0.127)	Loss 0.0589 (0.0632)	Prec@1 0.000 (0.000)	Prec@5 0.000 (0.000)
Overall Acc: 	 0.860156956003673
Mean Acc : 	 0.5
FreqW Acc : 	 0.7398699889615047
Mean IoU : 	 0.4300784780018365
* Test:	Time 0.093 (0.126)	Loss 0.0890 (0.0619)	
learning rate = 0.000050
Epoch: [93][0/67]	Time 0.123 (0.326)	Data 0.025 (0.025)	Loss 0.0685 (0.0790)	
Epoch: [93][10/67]	Time 0.328 (0.326)	Data 0.025 (0.025)	Loss 0.0986 (0.0789)	
Epoch: [93][20/67]	Time 0.330 (0.326)	Data 0.024 (0.025)	Loss 0.0656 (0.0789)	
Epoch: [93][30/67]	Time 0.326 (0.326)	Data 0.024 (0.025)	Loss 0.1191 (0.0789)	
Epoch: [93][40/67]	Time 0.326 (0.326)	Data 0.024 (0.025)	Loss 0.0726 (0.0788)	
Epoch: [93][50/67]	Time 0.326 (0.326)	Data 0.024 (0.025)	Loss 0.0836 (0.0788)	
Epoch: [93][60/67]	Time 0.324 (0.326)	Data 0.024 (0.025)	Loss 0.0265 (0.0788)	
Test: [0/17]	Time 0.124 (0.124)	Loss 0.1998 (0.1998)	Prec@1 0.000 (0.000)	Prec@5 0.000 (0.000)
Test: [10/17]	Time 0.131 (0.128)	Loss 0.1487 (0.2045)	Prec@1 0.000 (0.000)	Prec@5 0.000 (0.000)
Overall Acc: 	 0.8596297306800956
Mean Acc : 	 0.5
FreqW Acc : 	 0.7389632738691337
Mean IoU : 	 0.4298148653400478
* Test:	Time 0.095 (0.126)	Loss 0.1902 (0.1989)	
learning rate = 0.000050
Epoch: [94][0/67]	Time 0.124 (0.326)	Data 0.024 (0.025)	Loss 0.1703 (0.0788)	
Epoch: [94][10/67]	Time 0.329 (0.326)	Data 0.024 (0.025)	Loss 0.2475 (0.0791)	
Epoch: [94][20/67]	Time 0.325 (0.326)	Data 0.024 (0.025)	Loss 0.3617 (0.0794)	
Epoch: [94][30/67]	Time 0.325 (0.326)	Data 0.024 (0.025)	Loss 0.3441 (0.0797)	
Epoch: [94][40/67]	Time 0.326 (0.326)	Data 0.024 (0.025)	Loss 0.1436 (0.0798)	
Epoch: [94][50/67]	Time 0.325 (0.326)	Data 0.024 (0.025)	Loss 0.0764 (0.0799)	
Epoch: [94][60/67]	Time 0.331 (0.326)	Data 0.024 (0.025)	Loss 0.1337 (0.0800)	
Test: [0/17]	Time 0.124 (0.124)	Loss 0.1209 (0.1209)	Prec@1 0.000 (0.000)	Prec@5 0.000 (0.000)
Test: [10/17]	Time 0.131 (0.129)	Loss 0.0983 (0.1250)	Prec@1 0.000 (0.000)	Prec@5 0.000 (0.000)
Overall Acc: 	 0.8594434368076609
Mean Acc : 	 0.5
FreqW Acc : 	 0.7386430210717638
Mean IoU : 	 0.42972171840383044
* Test:	Time 0.093 (0.126)	Loss 0.1411 (0.1197)	
learning rate = 0.000050
Epoch: [95][0/67]	Time 0.128 (0.326)	Data 0.024 (0.025)	Loss 0.0903 (0.0800)	
Epoch: [95][10/67]	Time 0.325 (0.326)	Data 0.025 (0.025)	Loss 0.1170 (0.0801)	
Epoch: [95][20/67]	Time 0.332 (0.326)	Data 0.025 (0.025)	Loss 0.1344 (0.0801)	
Epoch: [95][30/67]	Time 0.324 (0.326)	Data 0.025 (0.025)	Loss 0.1182 (0.0801)	
Epoch: [95][40/67]	Time 0.324 (0.326)	Data 0.024 (0.025)	Loss 0.0867 (0.0802)	
Epoch: [95][50/67]	Time 0.327 (0.326)	Data 0.025 (0.025)	Loss 0.0374 (0.0801)	
Epoch: [95][60/67]	Time 0.324 (0.326)	Data 0.024 (0.025)	Loss 0.1408 (0.0802)	
Test: [0/17]	Time 0.124 (0.124)	Loss 0.1134 (0.1134)	Prec@1 0.000 (0.000)	Prec@5 0.000 (0.000)
Test: [10/17]	Time 0.130 (0.128)	Loss 0.0401 (0.0819)	Prec@1 0.000 (0.000)	Prec@5 0.000 (0.000)
Overall Acc: 	 0.8598129500204058
Mean Acc : 	 0.5
FreqW Acc : 	 0.7392783090227929
Mean IoU : 	 0.4299064750102029
* Test:	Time 0.094 (0.125)	Loss 0.1074 (0.0835)	
learning rate = 0.000050
Epoch: [96][0/67]	Time 0.124 (0.326)	Data 0.024 (0.025)	Loss 0.1172 (0.0802)	
Epoch: [96][10/67]	Time 0.321 (0.326)	Data 0.024 (0.025)	Loss 0.1288 (0.0802)	
Epoch: [96][20/67]	Time 0.327 (0.326)	Data 0.024 (0.025)	Loss 0.0931 (0.0802)	
Epoch: [96][30/67]	Time 0.327 (0.326)	Data 0.024 (0.025)	Loss 0.1289 (0.0802)	
Epoch: [96][40/67]	Time 0.322 (0.326)	Data 0.024 (0.025)	Loss 0.0943 (0.0802)	
Epoch: [96][50/67]	Time 0.330 (0.326)	Data 0.024 (0.025)	Loss 0.0629 (0.0802)	
Epoch: [96][60/67]	Time 0.327 (0.326)	Data 0.024 (0.025)	Loss 0.0808 (0.0802)	
Test: [0/17]	Time 0.127 (0.127)	Loss 0.0799 (0.0799)	Prec@1 0.000 (0.000)	Prec@5 0.000 (0.000)
Test: [10/17]	Time 0.131 (0.129)	Loss 0.0551 (0.0642)	Prec@1 0.000 (0.000)	Prec@5 0.000 (0.000)
Overall Acc: 	 0.8602644507564715
Mean Acc : 	 0.5
FreqW Acc : 	 0.7400549252353336
Mean IoU : 	 0.43013222537823576
* Test:	Time 0.095 (0.127)	Loss 0.1636 (0.0719)	
learning rate = 0.000050
Epoch: [97][0/67]	Time 0.125 (0.326)	Data 0.024 (0.025)	Loss 0.0598 (0.0802)	
Epoch: [97][10/67]	Time 0.329 (0.326)	Data 0.025 (0.025)	Loss 0.0982 (0.0801)	
Epoch: [97][20/67]	Time 0.326 (0.326)	Data 0.025 (0.025)	Loss 0.0876 (0.0801)	
Epoch: [97][30/67]	Time 0.326 (0.326)	Data 0.025 (0.025)	Loss 0.0720 (0.0802)	
Epoch: [97][40/67]	Time 0.324 (0.326)	Data 0.025 (0.025)	Loss 0.0470 (0.0802)	
Epoch: [97][50/67]	Time 0.327 (0.326)	Data 0.025 (0.025)	Loss 0.0844 (0.0801)	
Epoch: [97][60/67]	Time 0.328 (0.326)	Data 0.025 (0.025)	Loss 0.0583 (0.0801)	
Test: [0/17]	Time 0.124 (0.124)	Loss 0.0574 (0.0574)	Prec@1 0.000 (0.000)	Prec@5 0.000 (0.000)
Test: [10/17]	Time 0.143 (0.130)	Loss 0.0498 (0.0716)	Prec@1 0.000 (0.000)	Prec@5 0.000 (0.000)
Overall Acc: 	 0.8595517286613806
Mean Acc : 	 0.5
FreqW Acc : 	 0.7388291742447677
Mean IoU : 	 0.4297758643306903
* Test:	Time 0.095 (0.128)	Loss 0.1024 (0.0703)	
learning rate = 0.000050
Epoch: [98][0/67]	Time 0.127 (0.326)	Data 0.024 (0.025)	Loss 0.1047 (0.0801)	
Epoch: [98][10/67]	Time 0.325 (0.326)	Data 0.024 (0.025)	Loss 0.0901 (0.0801)	
Epoch: [98][20/67]	Time 0.324 (0.326)	Data 0.025 (0.025)	Loss 0.0639 (0.0801)	
Epoch: [98][30/67]	Time 0.322 (0.326)	Data 0.025 (0.025)	Loss 0.0372 (0.0801)	
Epoch: [98][40/67]	Time 0.325 (0.326)	Data 0.025 (0.025)	Loss 0.0515 (0.0800)	
Epoch: [98][50/67]	Time 0.328 (0.326)	Data 0.025 (0.025)	Loss 0.0625 (0.0800)	
Epoch: [98][60/67]	Time 0.325 (0.326)	Data 0.025 (0.025)	Loss 0.0933 (0.0800)	
Test: [0/17]	Time 0.124 (0.124)	Loss 0.0588 (0.0588)	Prec@1 0.000 (0.000)	Prec@5 0.000 (0.000)
Test: [10/17]	Time 0.133 (0.129)	Loss 0.0327 (0.0700)	Prec@1 0.000 (0.000)	Prec@5 0.000 (0.000)
Overall Acc: 	 0.8597367699466535
Mean Acc : 	 0.5
FreqW Acc : 	 0.739147313598305
Mean IoU : 	 0.42986838497332674
* Test:	Time 0.093 (0.126)	Loss 0.1253 (0.0716)	
learning rate = 0.000050
Epoch: [99][0/67]	Time 0.124 (0.326)	Data 0.024 (0.025)	Loss 0.0426 (0.0800)	
Epoch: [99][10/67]	Time 0.325 (0.326)	Data 0.025 (0.025)	Loss 0.0741 (0.0800)	
Epoch: [99][20/67]	Time 0.327 (0.326)	Data 0.025 (0.025)	Loss 0.0391 (0.0799)	
Epoch: [99][30/67]	Time 0.329 (0.326)	Data 0.025 (0.025)	Loss 0.1158 (0.0799)	
Epoch: [99][40/67]	Time 0.328 (0.326)	Data 0.025 (0.025)	Loss 0.0823 (0.0799)	
Epoch: [99][50/67]	Time 0.325 (0.326)	Data 0.025 (0.025)	Loss 0.0436 (0.0799)	
Epoch: [99][60/67]	Time 0.328 (0.326)	Data 0.024 (0.025)	Loss 0.0658 (0.0799)	
Test: [0/17]	Time 0.123 (0.123)	Loss 0.0567 (0.0567)	Prec@1 0.000 (0.000)	Prec@5 0.000 (0.000)
Test: [10/17]	Time 0.131 (0.128)	Loss 0.0734 (0.0695)	Prec@1 0.000 (0.000)	Prec@5 0.000 (0.000)
Overall Acc: 	 0.8595764387899371
Mean Acc : 	 0.5
FreqW Acc : 	 0.7388716541227904
Mean IoU : 	 0.42978821939496853
* Test:	Time 0.093 (0.126)	Loss 0.0844 (0.0695)	
