start training
learning rate = 0.000050
Epoch: [0][0/34]	Time 8.742 (8.742)	Data 0.058 (0.058)	Loss 0.9980 (0.9980)	
Epoch: [0][10/34]	Time 0.555 (1.277)	Data 0.050 (0.052)	Loss 0.7599 (0.8439)	
Epoch: [0][20/34]	Time 0.559 (0.936)	Data 0.049 (0.051)	Loss 0.3867 (0.6726)	
Epoch: [0][30/34]	Time 0.560 (0.814)	Data 0.049 (0.050)	Loss 0.2392 (0.5562)	
Test: [0/9]	Time 0.247 (0.247)	Loss 0.2304 (0.2304)	Prec@1 0.000 (0.000)	Prec@5 0.000 (0.000)
Overall Acc: 	 0.8548160382171175
Mean Acc : 	 0.5
FreqW Acc : 	 0.7307104591932084
Mean IoU : 	 0.42740801910855875
* Test:	Time 2.522 (0.483)	Loss 0.3776 (0.2707)	
learning rate = 0.000050
Epoch: [1][0/34]	Time 0.400 (0.983)	Data 0.057 (0.049)	Loss 0.2319 (0.5277)	
Epoch: [1][10/34]	Time 0.564 (0.888)	Data 0.049 (0.050)	Loss 0.2193 (0.4619)	
Epoch: [1][20/34]	Time 0.557 (0.828)	Data 0.049 (0.050)	Loss 0.1564 (0.4107)	
Epoch: [1][30/34]	Time 0.554 (0.787)	Data 0.049 (0.050)	Loss 0.2006 (0.3725)	
Test: [0/9]	Time 0.228 (0.228)	Loss 0.2485 (0.2485)	Prec@1 0.000 (0.000)	Prec@5 0.000 (0.000)
Overall Acc: 	 0.854639309555737
Mean Acc : 	 0.5
FreqW Acc : 	 0.7304083494379068
Mean IoU : 	 0.4273196547778685
* Test:	Time 0.098 (0.211)	Loss 0.2328 (0.1760)	
learning rate = 0.000050
Epoch: [2][0/34]	Time 0.227 (0.768)	Data 0.055 (0.050)	Loss 0.2388 (0.3667)	
Epoch: [2][10/34]	Time 0.562 (0.741)	Data 0.049 (0.050)	Loss 0.1257 (0.3431)	
Epoch: [2][20/34]	Time 0.561 (0.721)	Data 0.048 (0.050)	Loss 0.1220 (0.3218)	
Epoch: [2][30/34]	Time 0.556 (0.705)	Data 0.049 (0.050)	Loss 0.1795 (0.3024)	
Test: [0/9]	Time 0.237 (0.237)	Loss 0.1085 (0.1085)	Prec@1 0.000 (0.000)	Prec@5 0.000 (0.000)
Overall Acc: 	 0.8549822906949627
Mean Acc : 	 0.5
FreqW Acc : 	 0.7309947174020056
Mean IoU : 	 0.42749114534748134
* Test:	Time 0.096 (0.213)	Loss 0.1167 (0.1885)	
learning rate = 0.000050
Epoch: [3][0/34]	Time 0.228 (0.695)	Data 0.054 (0.049)	Loss 0.1444 (0.2967)	
Epoch: [3][10/34]	Time 0.554 (0.683)	Data 0.049 (0.049)	Loss 0.0525 (0.2821)	
Epoch: [3][20/34]	Time 0.559 (0.673)	Data 0.049 (0.049)	Loss 0.1532 (0.2698)	
Epoch: [3][30/34]	Time 0.561 (0.665)	Data 0.049 (0.049)	Loss 0.1402 (0.2614)	
Test: [0/9]	Time 0.228 (0.228)	Loss 0.1139 (0.1139)	Prec@1 0.000 (0.000)	Prec@5 0.000 (0.000)
Overall Acc: 	 0.8552102615584188
Mean Acc : 	 0.5
FreqW Acc : 	 0.7313845914748192
Mean IoU : 	 0.4276051307792094
* Test:	Time 0.094 (0.216)	Loss 0.0894 (0.1491)	
learning rate = 0.000050
Epoch: [4][0/34]	Time 0.228 (0.659)	Data 0.058 (0.049)	Loss 0.1290 (0.2582)	
Epoch: [4][10/34]	Time 0.555 (0.652)	Data 0.049 (0.049)	Loss 0.1203 (0.2512)	
Epoch: [4][20/34]	Time 0.560 (0.646)	Data 0.049 (0.049)	Loss 0.1185 (0.2417)	
Epoch: [4][30/34]	Time 0.554 (0.641)	Data 0.049 (0.049)	Loss 0.1143 (0.2341)	
Test: [0/9]	Time 0.239 (0.239)	Loss 0.0944 (0.0944)	Prec@1 0.000 (0.000)	Prec@5 0.000 (0.000)
Overall Acc: 	 0.855345996458139
Mean Acc : 	 0.5
FreqW Acc : 	 0.7316167736569668
Mean IoU : 	 0.4276729982290695
* Test:	Time 0.097 (0.215)	Loss 0.0322 (0.1262)	
learning rate = 0.000050
Epoch: [5][0/34]	Time 0.225 (0.636)	Data 0.054 (0.049)	Loss 0.1442 (0.2316)	
Epoch: [5][10/34]	Time 0.557 (0.632)	Data 0.048 (0.049)	Loss 0.1109 (0.2249)	
Epoch: [5][20/34]	Time 0.558 (0.628)	Data 0.049 (0.049)	Loss 0.1070 (0.2184)	
Epoch: [5][30/34]	Time 0.561 (0.625)	Data 0.049 (0.049)	Loss 0.0991 (0.2124)	
Test: [0/9]	Time 0.230 (0.230)	Loss 0.0805 (0.0805)	Prec@1 0.000 (0.000)	Prec@5 0.000 (0.000)
Overall Acc: 	 0.8552205099988339
Mean Acc : 	 0.5
FreqW Acc : 	 0.7314021207226656
Mean IoU : 	 0.42761025499941696
* Test:	Time 0.099 (0.213)	Loss 0.1529 (0.1198)	
learning rate = 0.000050
Epoch: [6][0/34]	Time 0.222 (0.621)	Data 0.050 (0.049)	Loss 0.0772 (0.2100)	
Epoch: [6][10/34]	Time 0.557 (0.619)	Data 0.049 (0.049)	Loss 0.0959 (0.2052)	
Epoch: [6][20/34]	Time 0.564 (0.616)	Data 0.049 (0.049)	Loss 0.0726 (0.1999)	
Epoch: [6][30/34]	Time 0.562 (0.614)	Data 0.049 (0.049)	Loss 0.1019 (0.1956)	
Test: [0/9]	Time 0.239 (0.239)	Loss 0.0914 (0.0914)	Prec@1 0.000 (0.000)	Prec@5 0.000 (0.000)
Overall Acc: 	 0.8555363897067397
Mean Acc : 	 0.5
FreqW Acc : 	 0.7319425141124425
Mean IoU : 	 0.42776819485336987
* Test:	Time 0.095 (0.213)	Loss 0.1409 (0.1079)	
learning rate = 0.000050
Epoch: [7][0/34]	Time 0.227 (0.611)	Data 0.054 (0.049)	Loss 0.1223 (0.1940)	
Epoch: [7][10/34]	Time 0.562 (0.609)	Data 0.049 (0.049)	Loss 0.0798 (0.1899)	
Epoch: [7][20/34]	Time 0.560 (0.607)	Data 0.049 (0.049)	Loss 0.1247 (0.1861)	
Epoch: [7][30/34]	Time 0.561 (0.605)	Data 0.049 (0.049)	Loss 0.0769 (0.1823)	
Test: [0/9]	Time 0.227 (0.227)	Loss 0.1972 (0.1972)	Prec@1 0.000 (0.000)	Prec@5 0.000 (0.000)
Overall Acc: 	 0.8540374983602496
Mean Acc : 	 0.5
FreqW Acc : 	 0.7293800486054333
Mean IoU : 	 0.4270187491801248
* Test:	Time 0.095 (0.212)	Loss 0.1067 (0.1069)	
learning rate = 0.000050
Epoch: [8][0/34]	Time 0.224 (0.603)	Data 0.054 (0.049)	Loss 0.1163 (0.1812)	
Epoch: [8][10/34]	Time 0.558 (0.601)	Data 0.049 (0.049)	Loss 0.1254 (0.1781)	
Epoch: [8][20/34]	Time 0.557 (0.600)	Data 0.049 (0.049)	Loss 0.0930 (0.1750)	
Epoch: [8][30/34]	Time 0.554 (0.599)	Data 0.048 (0.049)	Loss 0.0999 (0.1718)	
Test: [0/9]	Time 0.237 (0.237)	Loss 0.1112 (0.1112)	Prec@1 0.000 (0.000)	Prec@5 0.000 (0.000)
Overall Acc: 	 0.854983201667444
Mean Acc : 	 0.5
FreqW Acc : 	 0.7309962751335133
Mean IoU : 	 0.427491600833722
* Test:	Time 0.092 (0.212)	Loss 0.1418 (0.1098)	
learning rate = 0.000050
Epoch: [9][0/34]	Time 0.231 (0.597)	Data 0.057 (0.049)	Loss 0.1053 (0.1709)	
Epoch: [9][10/34]	Time 0.560 (0.596)	Data 0.049 (0.049)	Loss 0.1041 (0.1683)	
Epoch: [9][20/34]	Time 0.559 (0.594)	Data 0.049 (0.049)	Loss 0.0717 (0.1658)	
Epoch: [9][30/34]	Time 0.558 (0.593)	Data 0.049 (0.049)	Loss 0.3402 (0.1662)	
Test: [0/9]	Time 0.228 (0.228)	Loss 0.2243 (0.2243)	Prec@1 0.000 (0.000)	Prec@5 0.000 (0.000)
Overall Acc: 	 0.8546782536293144
Mean Acc : 	 0.5
FreqW Acc : 	 0.7304749172268546
Mean IoU : 	 0.4273391268146572
* Test:	Time 0.098 (0.211)	Loss 0.1530 (0.2424)	
learning rate = 0.000050
Epoch: [10][0/34]	Time 0.221 (0.592)	Data 0.051 (0.049)	Loss 0.3109 (0.1675)	
Epoch: [10][10/34]	Time 0.561 (0.591)	Data 0.049 (0.049)	Loss 0.1894 (0.1681)	
Epoch: [10][20/34]	Time 0.559 (0.590)	Data 0.049 (0.049)	Loss 0.1414 (0.1685)	
Epoch: [10][30/34]	Time 0.562 (0.589)	Data 0.048 (0.049)	Loss 0.1831 (0.1686)	
Test: [0/9]	Time 0.236 (0.236)	Loss 0.0813 (0.0813)	Prec@1 0.000 (0.000)	Prec@5 0.000 (0.000)
Overall Acc: 	 0.8548089781803871
Mean Acc : 	 0.5
FreqW Acc : 	 0.7306983891777976
Mean IoU : 	 0.4274044890901936
* Test:	Time 0.094 (0.211)	Loss 0.1953 (0.1393)	
learning rate = 0.000050
Epoch: [11][0/34]	Time 0.225 (0.588)	Data 0.055 (0.049)	Loss 0.1521 (0.1680)	
Epoch: [11][10/34]	Time 0.561 (0.587)	Data 0.049 (0.049)	Loss 0.1221 (0.1665)	
Epoch: [11][20/34]	Time 0.560 (0.586)	Data 0.049 (0.049)	Loss 0.0810 (0.1648)	
Epoch: [11][30/34]	Time 0.556 (0.586)	Data 0.049 (0.049)	Loss 0.0898 (0.1633)	
Test: [0/9]	Time 0.228 (0.228)	Loss 0.0997 (0.0997)	Prec@1 0.000 (0.000)	Prec@5 0.000 (0.000)
Overall Acc: 	 0.8549145371166628
Mean Acc : 	 0.5
FreqW Acc : 	 0.7308788657733978
Mean IoU : 	 0.4274572685583314
* Test:	Time 0.092 (0.211)	Loss 0.1205 (0.1200)	
learning rate = 0.000050
Epoch: [12][0/34]	Time 0.225 (0.584)	Data 0.054 (0.049)	Loss 0.0916 (0.1627)	
Epoch: [12][10/34]	Time 0.562 (0.584)	Data 0.049 (0.049)	Loss 0.1100 (0.1613)	
Epoch: [12][20/34]	Time 0.561 (0.583)	Data 0.050 (0.049)	Loss 0.0538 (0.1594)	
Epoch: [12][30/34]	Time 0.560 (0.583)	Data 0.049 (0.049)	Loss 0.1331 (0.1578)	
Test: [0/9]	Time 0.238 (0.238)	Loss 0.0799 (0.0799)	Prec@1 0.000 (0.000)	Prec@5 0.000 (0.000)
Overall Acc: 	 0.8541267736634212
Mean Acc : 	 0.5
FreqW Acc : 	 0.7295325454886851
Mean IoU : 	 0.4270633868317106
* Test:	Time 0.094 (0.215)	Loss 0.0853 (0.1032)	
learning rate = 0.000050
Epoch: [13][0/34]	Time 0.225 (0.582)	Data 0.054 (0.049)	Loss 0.0816 (0.1572)	
Epoch: [13][10/34]	Time 0.559 (0.581)	Data 0.049 (0.049)	Loss 0.0919 (0.1555)	
Epoch: [13][20/34]	Time 0.564 (0.581)	Data 0.049 (0.049)	Loss 0.0995 (0.1540)	
Epoch: [13][30/34]	Time 0.562 (0.580)	Data 0.049 (0.049)	Loss 0.0902 (0.1527)	
Test: [0/9]	Time 0.223 (0.223)	Loss 0.0809 (0.0809)	Prec@1 0.000 (0.000)	Prec@5 0.000 (0.000)
Overall Acc: 	 0.8549494956856343
Mean Acc : 	 0.5
FreqW Acc : 	 0.7309386401731204
Mean IoU : 	 0.42747474784281714
* Test:	Time 0.092 (0.210)	Loss 0.1226 (0.1034)	
learning rate = 0.000050
Epoch: [14][0/34]	Time 0.225 (0.579)	Data 0.054 (0.049)	Loss 0.0920 (0.1523)	
Epoch: [14][10/34]	Time 0.552 (0.579)	Data 0.048 (0.049)	Loss 0.0853 (0.1511)	
Epoch: [14][20/34]	Time 0.559 (0.578)	Data 0.048 (0.049)	Loss 0.0683 (0.1497)	
Epoch: [14][30/34]	Time 0.559 (0.578)	Data 0.048 (0.049)	Loss 0.0701 (0.1485)	
Test: [0/9]	Time 0.239 (0.239)	Loss 0.0771 (0.0771)	Prec@1 0.000 (0.000)	Prec@5 0.000 (0.000)
Overall Acc: 	 0.8553070523845616
Mean Acc : 	 0.5
FreqW Acc : 	 0.7315501538587672
Mean IoU : 	 0.4276535261922808
* Test:	Time 0.097 (0.213)	Loss 0.1240 (0.1003)	
learning rate = 0.000050
Epoch: [15][0/34]	Time 0.220 (0.577)	Data 0.050 (0.049)	Loss 0.1046 (0.1480)	
Epoch: [15][10/34]	Time 0.556 (0.577)	Data 0.048 (0.049)	Loss 0.0872 (0.1468)	
Epoch: [15][20/34]	Time 0.559 (0.576)	Data 0.049 (0.049)	Loss 0.1036 (0.1456)	
Epoch: [15][30/34]	Time 0.560 (0.576)	Data 0.048 (0.049)	Loss 0.0661 (0.1443)	
Test: [0/9]	Time 0.227 (0.227)	Loss 0.0719 (0.0719)	Prec@1 0.000 (0.000)	Prec@5 0.000 (0.000)
Overall Acc: 	 0.8543490509488689
Mean Acc : 	 0.5
FreqW Acc : 	 0.729912300857233
Mean IoU : 	 0.42717452547443446
* Test:	Time 0.095 (0.211)	Loss 0.1075 (0.0973)	
learning rate = 0.000050
Epoch: [16][0/34]	Time 0.223 (0.575)	Data 0.049 (0.049)	Loss 0.0678 (0.1439)	
Epoch: [16][10/34]	Time 0.563 (0.575)	Data 0.049 (0.049)	Loss 0.0894 (0.1427)	
Epoch: [16][20/34]	Time 0.560 (0.575)	Data 0.049 (0.049)	Loss 0.0752 (0.1416)	
Epoch: [16][30/34]	Time 0.559 (0.574)	Data 0.049 (0.049)	Loss 0.0776 (0.1406)	
Test: [0/9]	Time 0.238 (0.238)	Loss 0.0807 (0.0807)	Prec@1 0.000 (0.000)	Prec@5 0.000 (0.000)
Overall Acc: 	 0.854916017446945
Mean Acc : 	 0.5
FreqW Acc : 	 0.7308813968873452
Mean IoU : 	 0.4274580087234725
* Test:	Time 0.095 (0.212)	Loss 0.1331 (0.1016)	
learning rate = 0.000050
Epoch: [17][0/34]	Time 0.224 (0.574)	Data 0.054 (0.049)	Loss 0.0852 (0.1402)	
Epoch: [17][10/34]	Time 0.558 (0.573)	Data 0.049 (0.049)	Loss 0.0525 (0.1392)	
Epoch: [17][20/34]	Time 0.559 (0.573)	Data 0.049 (0.049)	Loss 0.0653 (0.1382)	
Epoch: [17][30/34]	Time 0.564 (0.573)	Data 0.049 (0.049)	Loss 0.0878 (0.1372)	
Test: [0/9]	Time 0.227 (0.227)	Loss 0.0688 (0.0688)	Prec@1 0.000 (0.000)	Prec@5 0.000 (0.000)
Overall Acc: 	 0.8545502619956856
Mean Acc : 	 0.5
FreqW Acc : 	 0.7302561502768949
Mean IoU : 	 0.4272751309978428
* Test:	Time 0.098 (0.250)	Loss 0.0424 (0.0931)	
learning rate = 0.000050
Epoch: [18][0/34]	Time 0.228 (0.572)	Data 0.055 (0.049)	Loss 0.0763 (0.1368)	
Epoch: [18][10/34]	Time 0.554 (0.572)	Data 0.048 (0.049)	Loss 0.0964 (0.1360)	
Epoch: [18][20/34]	Time 0.563 (0.572)	Data 0.048 (0.049)	Loss 0.0881 (0.1351)	
Epoch: [18][30/34]	Time 0.563 (0.571)	Data 0.049 (0.049)	Loss 0.0978 (0.1342)	
Test: [0/9]	Time 0.237 (0.237)	Loss 0.0525 (0.0525)	Prec@1 0.000 (0.000)	Prec@5 0.000 (0.000)
Overall Acc: 	 0.8544938955734025
Mean Acc : 	 0.5
FreqW Acc : 	 0.7301598175722089
Mean IoU : 	 0.42724694778670125
* Test:	Time 0.096 (0.213)	Loss 0.0576 (0.0917)	
learning rate = 0.000050
Epoch: [19][0/34]	Time 0.224 (0.571)	Data 0.054 (0.049)	Loss 0.1089 (0.1339)	
Epoch: [19][10/34]	Time 0.562 (0.571)	Data 0.049 (0.049)	Loss 0.0899 (0.1330)	
Epoch: [19][20/34]	Time 0.558 (0.570)	Data 0.049 (0.049)	Loss 0.0744 (0.1321)	
Epoch: [19][30/34]	Time 0.556 (0.570)	Data 0.049 (0.049)	Loss 0.0650 (0.1312)	
Test: [0/9]	Time 0.241 (0.241)	Loss 0.0926 (0.0926)	Prec@1 0.000 (0.000)	Prec@5 0.000 (0.000)
Overall Acc: 	 0.8553929115409282
Mean Acc : 	 0.5
FreqW Acc : 	 0.7316970331144662
Mean IoU : 	 0.4276964557704641
* Test:	Time 0.096 (0.213)	Loss 0.0412 (0.0908)	
learning rate = 0.000050
Epoch: [20][0/34]	Time 0.222 (0.570)	Data 0.050 (0.049)	Loss 0.0866 (0.1309)	
Epoch: [20][10/34]	Time 0.559 (0.569)	Data 0.049 (0.049)	Loss 0.0626 (0.1302)	
Epoch: [20][20/34]	Time 0.560 (0.569)	Data 0.049 (0.049)	Loss 0.0482 (0.1294)	
Epoch: [20][30/34]	Time 0.560 (0.569)	Data 0.049 (0.049)	Loss 0.0659 (0.1287)	
Test: [0/9]	Time 0.227 (0.227)	Loss 0.0614 (0.0614)	Prec@1 0.000 (0.000)	Prec@5 0.000 (0.000)
Overall Acc: 	 0.8551881704757462
Mean Acc : 	 0.5
FreqW Acc : 	 0.731346806921654
Mean IoU : 	 0.4275940852378731
* Test:	Time 0.098 (0.213)	Loss 0.4541 (0.0941)	
learning rate = 0.000050
Epoch: [21][0/34]	Time 0.224 (0.568)	Data 0.054 (0.049)	Loss 0.0697 (0.1284)	
Epoch: [21][10/34]	Time 0.560 (0.568)	Data 0.048 (0.049)	Loss 0.0799 (0.1276)	
Epoch: [21][20/34]	Time 0.558 (0.568)	Data 0.049 (0.049)	Loss 0.0482 (0.1268)	
Epoch: [21][30/34]	Time 0.559 (0.568)	Data 0.049 (0.049)	Loss 0.0657 (0.1261)	
Test: [0/9]	Time 0.238 (0.238)	Loss 0.0661 (0.0661)	Prec@1 0.000 (0.000)	Prec@5 0.000 (0.000)
Overall Acc: 	 0.8548232121254081
Mean Acc : 	 0.5
FreqW Acc : 	 0.7307227239884005
Mean IoU : 	 0.42741160606270406
* Test:	Time 0.094 (0.211)	Loss 0.0488 (0.0919)	
learning rate = 0.000050
Epoch: [22][0/34]	Time 0.227 (0.568)	Data 0.054 (0.049)	Loss 0.0966 (0.1260)	
Epoch: [22][10/34]	Time 0.557 (0.567)	Data 0.049 (0.049)	Loss 0.0610 (0.1253)	
Epoch: [22][20/34]	Time 0.559 (0.567)	Data 0.048 (0.049)	Loss 0.0646 (0.1245)	
Epoch: [22][30/34]	Time 0.563 (0.567)	Data 0.049 (0.049)	Loss 0.0568 (0.1239)	
Test: [0/9]	Time 0.228 (0.228)	Loss 0.0805 (0.0805)	Prec@1 0.000 (0.000)	Prec@5 0.000 (0.000)
Overall Acc: 	 0.8547388332993237
Mean Acc : 	 0.5
FreqW Acc : 	 0.730578473149889
Mean IoU : 	 0.4273694166496618
* Test:	Time 0.092 (0.209)	Loss 0.1212 (0.0908)	
learning rate = 0.000050
Epoch: [23][0/34]	Time 0.225 (0.567)	Data 0.055 (0.049)	Loss 0.0665 (0.1236)	
Epoch: [23][10/34]	Time 0.561 (0.567)	Data 0.049 (0.049)	Loss 0.0370 (0.1229)	
Epoch: [23][20/34]	Time 0.560 (0.566)	Data 0.049 (0.049)	Loss 0.1215 (0.1224)	
Epoch: [23][30/34]	Time 0.556 (0.566)	Data 0.048 (0.049)	Loss 0.0800 (0.1218)	
Test: [0/9]	Time 0.240 (0.240)	Loss 0.0826 (0.0826)	Prec@1 0.000 (0.000)	Prec@5 0.000 (0.000)
Overall Acc: 	 0.8546784813724347
Mean Acc : 	 0.5
FreqW Acc : 	 0.7304753065210913
Mean IoU : 	 0.42733924068621737
* Test:	Time 0.093 (0.212)	Loss 0.1359 (0.1004)	
learning rate = 0.000050
Epoch: [24][0/34]	Time 0.226 (0.566)	Data 0.054 (0.049)	Loss 0.0799 (0.1216)	
Epoch: [24][10/34]	Time 0.556 (0.566)	Data 0.049 (0.049)	Loss 0.0711 (0.1212)	
Epoch: [24][20/34]	Time 0.565 (0.566)	Data 0.048 (0.049)	Loss 0.0826 (0.1208)	
Epoch: [24][30/34]	Time 0.561 (0.566)	Data 0.048 (0.049)	Loss 0.0861 (0.1203)	
Test: [0/9]	Time 0.240 (0.240)	Loss 0.0775 (0.0775)	Prec@1 0.000 (0.000)	Prec@5 0.000 (0.000)
Overall Acc: 	 0.8547231190240205
Mean Acc : 	 0.5
FreqW Acc : 	 0.7305516101941499
Mean IoU : 	 0.42736155951201027
* Test:	Time 0.104 (0.215)	Loss 0.0881 (0.0946)	
learning rate = 0.000050
Epoch: [25][0/34]	Time 0.225 (0.565)	Data 0.055 (0.049)	Loss 0.0921 (0.1202)	
Epoch: [25][10/34]	Time 0.558 (0.565)	Data 0.049 (0.049)	Loss 0.0526 (0.1196)	
Epoch: [25][20/34]	Time 0.552 (0.565)	Data 0.050 (0.049)	Loss 0.0838 (0.1190)	
Epoch: [25][30/34]	Time 0.559 (0.565)	Data 0.049 (0.049)	Loss 0.1170 (0.1186)	
Test: [0/9]	Time 0.228 (0.228)	Loss 0.0908 (0.0908)	Prec@1 0.000 (0.000)	Prec@5 0.000 (0.000)
Overall Acc: 	 0.8551238330442514
Mean Acc : 	 0.5
FreqW Acc : 	 0.7312367698402928
Mean IoU : 	 0.4275619165221257
* Test:	Time 0.093 (0.212)	Loss 0.0697 (0.0929)	
learning rate = 0.000050
Epoch: [26][0/34]	Time 0.219 (0.564)	Data 0.048 (0.049)	Loss 0.0987 (0.1184)	
Epoch: [26][10/34]	Time 0.551 (0.564)	Data 0.049 (0.049)	Loss 0.0608 (0.1179)	
Epoch: [26][20/34]	Time 0.564 (0.564)	Data 0.049 (0.049)	Loss 0.0658 (0.1175)	
Epoch: [26][30/34]	Time 0.559 (0.564)	Data 0.049 (0.049)	Loss 0.0723 (0.1170)	
Test: [0/9]	Time 0.240 (0.240)	Loss 0.0654 (0.0654)	Prec@1 0.000 (0.000)	Prec@5 0.000 (0.000)
Overall Acc: 	 0.854442653371327
Mean Acc : 	 0.5
FreqW Acc : 	 0.7300722479002336
Mean IoU : 	 0.4272213266856635
* Test:	Time 0.103 (0.214)	Loss 0.0582 (0.0945)	
learning rate = 0.000050
Epoch: [27][0/34]	Time 0.226 (0.564)	Data 0.056 (0.049)	Loss 0.0670 (0.1168)	
Epoch: [27][10/34]	Time 0.555 (0.564)	Data 0.049 (0.049)	Loss 0.0800 (0.1163)	
Epoch: [27][20/34]	Time 0.564 (0.564)	Data 0.049 (0.049)	Loss 0.0610 (0.1158)	
Epoch: [27][30/34]	Time 0.563 (0.564)	Data 0.049 (0.049)	Loss 0.1012 (0.1154)	
Test: [0/9]	Time 0.229 (0.229)	Loss 0.0864 (0.0864)	Prec@1 0.000 (0.000)	Prec@5 0.000 (0.000)
Overall Acc: 	 0.8552060483106926
Mean Acc : 	 0.5
FreqW Acc : 	 0.7313773850671906
Mean IoU : 	 0.4276030241553463
* Test:	Time 0.094 (0.211)	Loss 0.1221 (0.0945)	
learning rate = 0.000050
Epoch: [28][0/34]	Time 0.225 (0.563)	Data 0.055 (0.049)	Loss 0.0404 (0.1152)	
Epoch: [28][10/34]	Time 0.558 (0.563)	Data 0.048 (0.049)	Loss 0.1014 (0.1148)	
Epoch: [28][20/34]	Time 0.558 (0.563)	Data 0.049 (0.049)	Loss 0.0513 (0.1143)	
Epoch: [28][30/34]	Time 0.563 (0.563)	Data 0.048 (0.049)	Loss 0.0675 (0.1139)	
Test: [0/9]	Time 0.237 (0.237)	Loss 0.0542 (0.0542)	Prec@1 0.000 (0.000)	Prec@5 0.000 (0.000)
Overall Acc: 	 0.8549510898874767
Mean Acc : 	 0.5
FreqW Acc : 	 0.7309413660997842
Mean IoU : 	 0.42747554494373835
* Test:	Time 0.094 (0.211)	Loss 0.0609 (0.0922)	
learning rate = 0.000050
Epoch: [29][0/34]	Time 0.228 (0.563)	Data 0.057 (0.049)	Loss 0.0728 (0.1137)	
Epoch: [29][10/34]	Time 0.559 (0.563)	Data 0.050 (0.049)	Loss 0.0447 (0.1133)	
Epoch: [29][20/34]	Time 0.556 (0.563)	Data 0.049 (0.049)	Loss 0.0706 (0.1128)	
Epoch: [29][30/34]	Time 0.562 (0.563)	Data 0.049 (0.049)	Loss 0.0771 (0.1124)	
Test: [0/9]	Time 0.228 (0.228)	Loss 0.0510 (0.0510)	Prec@1 0.000 (0.000)	Prec@5 0.000 (0.000)
Overall Acc: 	 0.8547316593910331
Mean Acc : 	 0.5
FreqW Acc : 	 0.7305662095653491
Mean IoU : 	 0.42736582969551656
* Test:	Time 0.096 (0.212)	Loss 0.0717 (0.0853)	
learning rate = 0.000050
Epoch: [30][0/34]	Time 0.229 (0.562)	Data 0.056 (0.049)	Loss 0.0853 (0.1123)	
Epoch: [30][10/34]	Time 0.557 (0.562)	Data 0.049 (0.049)	Loss 0.0653 (0.1120)	
Epoch: [30][20/34]	Time 0.551 (0.562)	Data 0.048 (0.049)	Loss 0.0557 (0.1115)	
Epoch: [30][30/34]	Time 0.557 (0.562)	Data 0.049 (0.049)	Loss 0.0762 (0.1111)	
Test: [0/9]	Time 0.239 (0.239)	Loss 0.0541 (0.0541)	Prec@1 0.000 (0.000)	Prec@5 0.000 (0.000)
Overall Acc: 	 0.8543542890406367
Mean Acc : 	 0.5
FreqW Acc : 	 0.7299212512021318
Mean IoU : 	 0.42717714452031835
* Test:	Time 0.094 (0.213)	Loss 0.0847 (0.0902)	
learning rate = 0.000050
Epoch: [31][0/34]	Time 0.229 (0.562)	Data 0.056 (0.049)	Loss 0.0772 (0.1109)	
Epoch: [31][10/34]	Time 0.562 (0.562)	Data 0.049 (0.049)	Loss 0.0571 (0.1105)	
Epoch: [31][20/34]	Time 0.559 (0.562)	Data 0.049 (0.049)	Loss 0.0621 (0.1102)	
Epoch: [31][30/34]	Time 0.563 (0.562)	Data 0.049 (0.049)	Loss 0.0990 (0.1098)	
Test: [0/9]	Time 0.237 (0.237)	Loss 0.0749 (0.0749)	Prec@1 0.000 (0.000)	Prec@5 0.000 (0.000)
Overall Acc: 	 0.8546662971154967
Mean Acc : 	 0.5
FreqW Acc : 	 0.7304544794251144
Mean IoU : 	 0.42733314855774834
* Test:	Time 0.093 (0.211)	Loss 0.0650 (0.0837)	
learning rate = 0.000050
Epoch: [32][0/34]	Time 0.230 (0.561)	Data 0.056 (0.049)	Loss 0.0557 (0.1096)	
Epoch: [32][10/34]	Time 0.562 (0.561)	Data 0.048 (0.049)	Loss 0.0457 (0.1092)	
Epoch: [32][20/34]	Time 0.563 (0.561)	Data 0.049 (0.049)	Loss 0.0535 (0.1089)	
Epoch: [32][30/34]	Time 0.559 (0.561)	Data 0.051 (0.049)	Loss 0.0604 (0.1085)	
Test: [0/9]	Time 0.224 (0.224)	Loss 0.0734 (0.0734)	Prec@1 0.000 (0.000)	Prec@5 0.000 (0.000)
Overall Acc: 	 0.8550975287138526
Mean Acc : 	 0.5
FreqW Acc : 	 0.7311917836125379
Mean IoU : 	 0.4275487643569263
* Test:	Time 0.095 (0.212)	Loss 0.0455 (0.0848)	
learning rate = 0.000050
Epoch: [33][0/34]	Time 0.225 (0.561)	Data 0.054 (0.049)	Loss 0.0487 (0.1084)	
Epoch: [33][10/34]	Time 0.561 (0.561)	Data 0.048 (0.049)	Loss 0.0657 (0.1080)	
Epoch: [33][20/34]	Time 0.558 (0.561)	Data 0.049 (0.049)	Loss 0.0635 (0.1077)	
Epoch: [33][30/34]	Time 0.554 (0.561)	Data 0.049 (0.049)	Loss 0.1017 (0.1074)	
Test: [0/9]	Time 0.234 (0.234)	Loss 0.0546 (0.0546)	Prec@1 0.000 (0.000)	Prec@5 0.000 (0.000)
Overall Acc: 	 0.8539508421029618
Mean Acc : 	 0.5
FreqW Acc : 	 0.7292320407283576
Mean IoU : 	 0.4269754210514809
* Test:	Time 0.092 (0.211)	Loss 0.0616 (0.0914)	
learning rate = 0.000050
Epoch: [34][0/34]	Time 0.227 (0.560)	Data 0.057 (0.049)	Loss 0.0729 (0.1073)	
Epoch: [34][10/34]	Time 0.560 (0.560)	Data 0.049 (0.049)	Loss 0.0440 (0.1070)	
Epoch: [34][20/34]	Time 0.556 (0.560)	Data 0.049 (0.049)	Loss 0.0471 (0.1067)	
Epoch: [34][30/34]	Time 0.565 (0.560)	Data 0.049 (0.049)	Loss 0.0881 (0.1063)	
Test: [0/9]	Time 0.227 (0.227)	Loss 0.0610 (0.0610)	Prec@1 0.000 (0.000)	Prec@5 0.000 (0.000)
Overall Acc: 	 0.8555330874314949
Mean Acc : 	 0.5
FreqW Acc : 	 0.7319368636900659
Mean IoU : 	 0.42776654371574746
* Test:	Time 0.096 (0.214)	Loss 0.0624 (0.0901)	
learning rate = 0.000050
Epoch: [35][0/34]	Time 0.225 (0.560)	Data 0.054 (0.049)	Loss 0.0563 (0.1062)	
Epoch: [35][10/34]	Time 0.560 (0.560)	Data 0.050 (0.049)	Loss 0.0474 (0.1059)	
Epoch: [35][20/34]	Time 0.559 (0.560)	Data 0.049 (0.049)	Loss 0.0578 (0.1056)	
Epoch: [35][30/34]	Time 0.554 (0.560)	Data 0.049 (0.049)	Loss 0.0461 (0.1053)	
Test: [0/9]	Time 0.243 (0.243)	Loss 0.0857 (0.0857)	Prec@1 0.000 (0.000)	Prec@5 0.000 (0.000)
Overall Acc: 	 0.8546554793172808
Mean Acc : 	 0.5
FreqW Acc : 	 0.730435988327051
Mean IoU : 	 0.4273277396586404
* Test:	Time 0.095 (0.212)	Loss 0.0837 (0.0883)	
learning rate = 0.000050
Epoch: [36][0/34]	Time 0.226 (0.560)	Data 0.055 (0.049)	Loss 0.0803 (0.1052)	
Epoch: [36][10/34]	Time 0.558 (0.560)	Data 0.049 (0.049)	Loss 0.0902 (0.1049)	
Epoch: [36][20/34]	Time 0.563 (0.560)	Data 0.049 (0.049)	Loss 0.0464 (0.1045)	
Epoch: [36][30/34]	Time 0.562 (0.560)	Data 0.049 (0.049)	Loss 0.0848 (0.1042)	
Test: [0/9]	Time 0.228 (0.228)	Loss 0.0849 (0.0849)	Prec@1 0.000 (0.000)	Prec@5 0.000 (0.000)
Overall Acc: 	 0.8555324042021338
Mean Acc : 	 0.5
FreqW Acc : 	 0.7319356946398833
Mean IoU : 	 0.4277662021010669
* Test:	Time 0.105 (0.213)	Loss 0.0904 (0.0863)	
learning rate = 0.000050
Epoch: [37][0/34]	Time 0.241 (0.559)	Data 0.070 (0.049)	Loss 0.0736 (0.1042)	
Epoch: [37][10/34]	Time 0.556 (0.559)	Data 0.049 (0.049)	Loss 0.1003 (0.1039)	
Epoch: [37][20/34]	Time 0.563 (0.559)	Data 0.049 (0.049)	Loss 0.0775 (0.1036)	
Epoch: [37][30/34]	Time 0.562 (0.559)	Data 0.050 (0.049)	Loss 0.0590 (0.1033)	
Test: [0/9]	Time 0.239 (0.239)	Loss 0.0526 (0.0526)	Prec@1 0.000 (0.000)	Prec@5 0.000 (0.000)
Overall Acc: 	 0.8551446715397621
Mean Acc : 	 0.5
FreqW Acc : 	 0.7312724092628476
Mean IoU : 	 0.4275723357698811
* Test:	Time 0.094 (0.213)	Loss 0.0343 (0.0803)	
learning rate = 0.000050
Epoch: [38][0/34]	Time 0.230 (0.559)	Data 0.059 (0.049)	Loss 0.0876 (0.1033)	
Epoch: [38][10/34]	Time 0.558 (0.559)	Data 0.049 (0.049)	Loss 0.0854 (0.1029)	
Epoch: [38][20/34]	Time 0.558 (0.559)	Data 0.049 (0.049)	Loss 0.0966 (0.1026)	
Epoch: [38][30/34]	Time 0.559 (0.559)	Data 0.049 (0.049)	Loss 0.0798 (0.1024)	
Test: [0/9]	Time 0.228 (0.228)	Loss 0.0797 (0.0797)	Prec@1 0.000 (0.000)	Prec@5 0.000 (0.000)
Overall Acc: 	 0.8548089781803871
Mean Acc : 	 0.5
FreqW Acc : 	 0.7306983891777976
Mean IoU : 	 0.4274044890901936
* Test:	Time 0.093 (0.210)	Loss 0.0296 (0.0830)	
learning rate = 0.000050
Epoch: [39][0/34]	Time 0.224 (0.559)	Data 0.054 (0.049)	Loss 0.0628 (0.1023)	
Epoch: [39][10/34]	Time 0.557 (0.559)	Data 0.050 (0.049)	Loss 0.0620 (0.1020)	
Epoch: [39][20/34]	Time 0.556 (0.559)	Data 0.049 (0.049)	Loss 0.0632 (0.1017)	
Epoch: [39][30/34]	Time 0.561 (0.559)	Data 0.070 (0.049)	Loss 0.0587 (0.1015)	
Test: [0/9]	Time 0.239 (0.239)	Loss 0.0725 (0.0725)	Prec@1 0.000 (0.000)	Prec@5 0.000 (0.000)
Overall Acc: 	 0.8545597133351795
Mean Acc : 	 0.5
FreqW Acc : 	 0.7302723036555042
Mean IoU : 	 0.4272798566675898
* Test:	Time 0.094 (0.212)	Loss 0.0954 (0.0826)	
learning rate = 0.000050
Epoch: [40][0/34]	Time 0.229 (0.558)	Data 0.058 (0.049)	Loss 0.0623 (0.1014)	
Epoch: [40][10/34]	Time 0.564 (0.558)	Data 0.049 (0.049)	Loss 0.0570 (0.1011)	
Epoch: [40][20/34]	Time 0.558 (0.558)	Data 0.049 (0.049)	Loss 0.0435 (0.1009)	
Epoch: [40][30/34]	Time 0.561 (0.558)	Data 0.049 (0.049)	Loss 0.0975 (0.1006)	
Test: [0/9]	Time 0.228 (0.228)	Loss 0.0911 (0.0911)	Prec@1 0.000 (0.000)	Prec@5 0.000 (0.000)
Overall Acc: 	 0.8544010902518657
Mean Acc : 	 0.5
FreqW Acc : 	 0.7300012230235768
Mean IoU : 	 0.42720054512593286
* Test:	Time 0.098 (0.213)	Loss 0.0770 (0.0815)	
learning rate = 0.000050
Epoch: [41][0/34]	Time 0.227 (0.558)	Data 0.056 (0.049)	Loss 0.0639 (0.1005)	
Epoch: [41][10/34]	Time 0.560 (0.558)	Data 0.049 (0.049)	Loss 0.0938 (0.1003)	
Epoch: [41][20/34]	Time 0.558 (0.558)	Data 0.049 (0.049)	Loss 0.0827 (0.1000)	
Epoch: [41][30/34]	Time 0.564 (0.558)	Data 0.048 (0.049)	Loss 0.0457 (0.0998)	
Test: [0/9]	Time 0.231 (0.231)	Loss 0.0546 (0.0546)	Prec@1 0.000 (0.000)	Prec@5 0.000 (0.000)
Overall Acc: 	 0.8547215248221782
Mean Acc : 	 0.5
FreqW Acc : 	 0.7305488849943494
Mean IoU : 	 0.4273607624110891
* Test:	Time 0.093 (0.211)	Loss 0.0714 (0.0782)	
learning rate = 0.000050
Epoch: [42][0/34]	Time 0.221 (0.558)	Data 0.050 (0.049)	Loss 0.1140 (0.0997)	
Epoch: [42][10/34]	Time 0.561 (0.558)	Data 0.049 (0.049)	Loss 0.0687 (0.0995)	
Epoch: [42][20/34]	Time 0.558 (0.558)	Data 0.049 (0.049)	Loss 0.0643 (0.0992)	
Epoch: [42][30/34]	Time 0.558 (0.558)	Data 0.049 (0.049)	Loss 0.0687 (0.0989)	
Test: [0/9]	Time 0.237 (0.237)	Loss 0.1061 (0.1061)	Prec@1 0.000 (0.000)	Prec@5 0.000 (0.000)
Overall Acc: 	 0.8547453239782533
Mean Acc : 	 0.5
FreqW Acc : 	 0.7305895688626892
Mean IoU : 	 0.42737266198912666
* Test:	Time 0.097 (0.214)	Loss 0.0808 (0.0792)	
learning rate = 0.000050
Epoch: [43][0/34]	Time 0.225 (0.558)	Data 0.054 (0.049)	Loss 0.0690 (0.0989)	
Epoch: [43][10/34]	Time 0.560 (0.558)	Data 0.049 (0.049)	Loss 0.0679 (0.0987)	
Epoch: [43][20/34]	Time 0.560 (0.558)	Data 0.048 (0.049)	Loss 0.0514 (0.0984)	
Epoch: [43][30/34]	Time 0.559 (0.558)	Data 0.049 (0.049)	Loss 0.1016 (0.0982)	
Test: [0/9]	Time 0.226 (0.226)	Loss 0.0566 (0.0566)	Prec@1 0.000 (0.000)	Prec@5 0.000 (0.000)
Overall Acc: 	 0.8546990921248251
Mean Acc : 	 0.5
FreqW Acc : 	 0.7305105380790002
Mean IoU : 	 0.42734954606241254
* Test:	Time 0.097 (0.210)	Loss 0.0624 (0.0790)	
learning rate = 0.000050
Epoch: [44][0/34]	Time 0.225 (0.557)	Data 0.055 (0.049)	Loss 0.0689 (0.0980)	
Epoch: [44][10/34]	Time 0.558 (0.557)	Data 0.049 (0.049)	Loss 0.0784 (0.0978)	
Epoch: [44][20/34]	Time 0.560 (0.557)	Data 0.049 (0.049)	Loss 0.0831 (0.0976)	
Epoch: [44][30/34]	Time 0.563 (0.557)	Data 0.049 (0.049)	Loss 0.0777 (0.0975)	
Test: [0/9]	Time 0.238 (0.238)	Loss 0.1024 (0.1024)	Prec@1 0.000 (0.000)	Prec@5 0.000 (0.000)
Overall Acc: 	 0.8551118765304337
Mean Acc : 	 0.5
FreqW Acc : 	 0.7312163213833998
Mean IoU : 	 0.4275559382652169
* Test:	Time 0.098 (0.214)	Loss 0.1293 (0.0894)	
learning rate = 0.000050
Epoch: [45][0/34]	Time 0.238 (0.557)	Data 0.054 (0.049)	Loss 0.0540 (0.0974)	
Epoch: [45][10/34]	Time 0.562 (0.557)	Data 0.048 (0.049)	Loss 0.0739 (0.0972)	
Epoch: [45][20/34]	Time 0.559 (0.557)	Data 0.049 (0.049)	Loss 0.0757 (0.0971)	
Epoch: [45][30/34]	Time 0.564 (0.557)	Data 0.048 (0.049)	Loss 0.0795 (0.0969)	
Test: [0/9]	Time 0.240 (0.240)	Loss 0.0888 (0.0888)	Prec@1 0.000 (0.000)	Prec@5 0.000 (0.000)
Overall Acc: 	 0.8552722076871502
Mean Acc : 	 0.5
FreqW Acc : 	 0.7314905492420517
Mean IoU : 	 0.4276361038435751
* Test:	Time 0.096 (0.213)	Loss 0.0612 (0.0801)	
learning rate = 0.000050
Epoch: [46][0/34]	Time 0.225 (0.557)	Data 0.051 (0.049)	Loss 0.0428 (0.0968)	
Epoch: [46][10/34]	Time 0.560 (0.557)	Data 0.049 (0.049)	Loss 0.0775 (0.0967)	
Epoch: [46][20/34]	Time 0.561 (0.557)	Data 0.049 (0.049)	Loss 0.0584 (0.0965)	
Epoch: [46][30/34]	Time 0.554 (0.557)	Data 0.049 (0.049)	Loss 0.0605 (0.0963)	
Test: [0/9]	Time 0.231 (0.231)	Loss 0.0459 (0.0459)	Prec@1 0.000 (0.000)	Prec@5 0.000 (0.000)
Overall Acc: 	 0.8544369597933186
Mean Acc : 	 0.5
FreqW Acc : 	 0.7300625182608491
Mean IoU : 	 0.4272184798966593
* Test:	Time 0.095 (0.213)	Loss 0.0938 (0.0813)	
learning rate = 0.000050
Epoch: [47][0/34]	Time 0.224 (0.557)	Data 0.054 (0.049)	Loss 0.0574 (0.0962)	
Epoch: [47][10/34]	Time 0.556 (0.557)	Data 0.049 (0.049)	Loss 0.0506 (0.0960)	
Epoch: [47][20/34]	Time 0.563 (0.557)	Data 0.049 (0.049)	Loss 0.0845 (0.0958)	
Epoch: [47][30/34]	Time 0.557 (0.557)	Data 0.049 (0.049)	Loss 0.0773 (0.0956)	
Test: [0/9]	Time 0.240 (0.240)	Loss 0.1865 (0.1865)	Prec@1 0.000 (0.000)	Prec@5 0.000 (0.000)
Overall Acc: 	 0.8552511414485191
Mean Acc : 	 0.5
FreqW Acc : 	 0.7314545149489948
Mean IoU : 	 0.42762557072425955
* Test:	Time 0.096 (0.213)	Loss 0.0858 (0.0871)	
learning rate = 0.000050
Epoch: [48][0/34]	Time 0.228 (0.557)	Data 0.055 (0.049)	Loss 0.0850 (0.0956)	
Epoch: [48][10/34]	Time 0.559 (0.557)	Data 0.049 (0.049)	Loss 0.1002 (0.0955)	
Epoch: [48][20/34]	Time 0.558 (0.557)	Data 0.049 (0.049)	Loss 0.0575 (0.0953)	
Epoch: [48][30/34]	Time 0.564 (0.557)	Data 0.049 (0.049)	Loss 0.0479 (0.0951)	
Test: [0/9]	Time 0.237 (0.237)	Loss 0.0585 (0.0585)	Prec@1 0.000 (0.000)	Prec@5 0.000 (0.000)
Overall Acc: 	 0.8538332127813083
Mean Acc : 	 0.5
FreqW Acc : 	 0.7290311552484509
Mean IoU : 	 0.42691660639065415
* Test:	Time 0.092 (0.213)	Loss 0.0684 (0.0781)	
learning rate = 0.000050
Epoch: [49][0/34]	Time 0.226 (0.556)	Data 0.056 (0.049)	Loss 0.0878 (0.0950)	
Epoch: [49][10/34]	Time 0.564 (0.556)	Data 0.049 (0.049)	Loss 0.0708 (0.0948)	
Epoch: [49][20/34]	Time 0.561 (0.556)	Data 0.049 (0.049)	Loss 0.0496 (0.0946)	
Epoch: [49][30/34]	Time 0.556 (0.556)	Data 0.049 (0.049)	Loss 0.0725 (0.0944)	
Test: [0/9]	Time 0.229 (0.229)	Loss 0.0815 (0.0815)	Prec@1 0.000 (0.000)	Prec@5 0.000 (0.000)
Overall Acc: 	 0.8549902617041745
Mean Acc : 	 0.5
FreqW Acc : 	 0.7310083476089727
Mean IoU : 	 0.42749513085208724
* Test:	Time 0.094 (0.211)	Loss 0.0475 (0.0758)	
learning rate = 0.000050
Epoch: [50][0/34]	Time 0.227 (0.556)	Data 0.056 (0.049)	Loss 0.0674 (0.0944)	
Epoch: [50][10/34]	Time 0.560 (0.556)	Data 0.048 (0.049)	Loss 0.0771 (0.0942)	
Epoch: [50][20/34]	Time 0.557 (0.556)	Data 0.048 (0.049)	Loss 0.0461 (0.0940)	
Epoch: [50][30/34]	Time 0.564 (0.556)	Data 0.048 (0.049)	Loss 0.0432 (0.0938)	
Test: [0/9]	Time 0.225 (0.225)	Loss 0.1265 (0.1265)	Prec@1 0.000 (0.000)	Prec@5 0.000 (0.000)
Overall Acc: 	 0.8555651992114622
Mean Acc : 	 0.5
FreqW Acc : 	 0.7319918101017491
Mean IoU : 	 0.4277825996057311
* Test:	Time 0.097 (0.217)	Loss 0.0621 (0.0772)	
learning rate = 0.000050
Epoch: [51][0/34]	Time 0.223 (0.556)	Data 0.054 (0.049)	Loss 0.0665 (0.0938)	
Epoch: [51][10/34]	Time 0.557 (0.556)	Data 0.048 (0.049)	Loss 0.0860 (0.0936)	
Epoch: [51][20/34]	Time 0.564 (0.556)	Data 0.048 (0.049)	Loss 0.0547 (0.0935)	
Epoch: [51][30/34]	Time 0.562 (0.556)	Data 0.048 (0.049)	Loss 0.0530 (0.0933)	
Test: [0/9]	Time 0.224 (0.224)	Loss 0.0800 (0.0800)	Prec@1 0.000 (0.000)	Prec@5 0.000 (0.000)
Overall Acc: 	 0.8546237091519939
Mean Acc : 	 0.5
FreqW Acc : 	 0.730381684244712
Mean IoU : 	 0.42731185457599696
* Test:	Time 0.094 (0.217)	Loss 0.0488 (0.0770)	
learning rate = 0.000050
Epoch: [52][0/34]	Time 0.220 (0.556)	Data 0.048 (0.049)	Loss 0.0687 (0.0932)	
Epoch: [52][10/34]	Time 0.556 (0.556)	Data 0.049 (0.049)	Loss 0.0668 (0.0930)	
Epoch: [52][20/34]	Time 0.563 (0.556)	Data 0.049 (0.049)	Loss 0.0715 (0.0928)	
Epoch: [52][30/34]	Time 0.563 (0.556)	Data 0.049 (0.049)	Loss 0.0782 (0.0927)	
Test: [0/9]	Time 0.224 (0.224)	Loss 0.0417 (0.0417)	Prec@1 0.000 (0.000)	Prec@5 0.000 (0.000)
Overall Acc: 	 0.8537104592394473
Mean Acc : 	 0.5
FreqW Acc : 	 0.728821548214828
Mean IoU : 	 0.42685522961972366
* Test:	Time 0.096 (0.216)	Loss 0.0820 (0.0792)	
learning rate = 0.000050
Epoch: [53][0/34]	Time 0.221 (0.556)	Data 0.050 (0.049)	Loss 0.0948 (0.0927)	
Epoch: [53][10/34]	Time 0.559 (0.556)	Data 0.049 (0.049)	Loss 0.0757 (0.0925)	
Epoch: [53][20/34]	Time 0.553 (0.556)	Data 0.049 (0.049)	Loss 0.0980 (0.0923)	
Epoch: [53][30/34]	Time 0.558 (0.556)	Data 0.048 (0.049)	Loss 0.0730 (0.0922)	
Test: [0/9]	Time 0.228 (0.228)	Loss 0.0834 (0.0834)	Prec@1 0.000 (0.000)	Prec@5 0.000 (0.000)
Overall Acc: 	 0.8547887090426772
Mean Acc : 	 0.5
FreqW Acc : 	 0.7306637371068467
Mean IoU : 	 0.4273943545213386
* Test:	Time 0.096 (0.216)	Loss 0.0564 (0.0812)	
learning rate = 0.000050
Epoch: [54][0/34]	Time 0.226 (0.556)	Data 0.054 (0.049)	Loss 0.0652 (0.0921)	
Epoch: [54][10/34]	Time 0.563 (0.556)	Data 0.050 (0.049)	Loss 0.0515 (0.0920)	
Epoch: [54][20/34]	Time 0.564 (0.556)	Data 0.048 (0.049)	Loss 0.0869 (0.0918)	
Epoch: [54][30/34]	Time 0.562 (0.556)	Data 0.049 (0.049)	Loss 0.0495 (0.0917)	
Test: [0/9]	Time 0.224 (0.224)	Loss 0.0487 (0.0487)	Prec@1 0.000 (0.000)	Prec@5 0.000 (0.000)
Overall Acc: 	 0.8547887090426772
Mean Acc : 	 0.5
FreqW Acc : 	 0.7306637371068467
Mean IoU : 	 0.4273943545213386
* Test:	Time 0.096 (0.216)	Loss 0.0623 (0.0765)	
learning rate = 0.000050
Epoch: [55][0/34]	Time 0.229 (0.556)	Data 0.059 (0.049)	Loss 0.0375 (0.0916)	
Epoch: [55][10/34]	Time 0.552 (0.556)	Data 0.049 (0.049)	Loss 0.0530 (0.0915)	
Epoch: [55][20/34]	Time 0.562 (0.556)	Data 0.049 (0.049)	Loss 0.0572 (0.0913)	
Epoch: [55][30/34]	Time 0.559 (0.556)	Data 0.049 (0.049)	Loss 0.0650 (0.0912)	
Test: [0/9]	Time 0.226 (0.226)	Loss 0.0739 (0.0739)	Prec@1 0.000 (0.000)	Prec@5 0.000 (0.000)
Overall Acc: 	 0.8554832116881413
Mean Acc : 	 0.5
FreqW Acc : 	 0.7318515254802572
Mean IoU : 	 0.42774160584407067
* Test:	Time 0.098 (0.219)	Loss 0.0552 (0.0790)	
learning rate = 0.000050
Epoch: [56][0/34]	Time 0.226 (0.555)	Data 0.055 (0.049)	Loss 0.0757 (0.0911)	
Epoch: [56][10/34]	Time 0.559 (0.555)	Data 0.049 (0.049)	Loss 0.0803 (0.0910)	
Epoch: [56][20/34]	Time 0.564 (0.556)	Data 0.050 (0.049)	Loss 0.0776 (0.0909)	
Epoch: [56][30/34]	Time 0.563 (0.556)	Data 0.049 (0.049)	Loss 0.0506 (0.0907)	
Test: [0/9]	Time 0.223 (0.223)	Loss 0.0531 (0.0531)	Prec@1 0.000 (0.000)	Prec@5 0.000 (0.000)
Overall Acc: 	 0.8548323218502215
Mean Acc : 	 0.5
FreqW Acc : 	 0.7307382984798407
Mean IoU : 	 0.42741616092511076
* Test:	Time 0.095 (0.216)	Loss 0.0899 (0.0806)	
learning rate = 0.000050
Epoch: [57][0/34]	Time 0.226 (0.555)	Data 0.055 (0.049)	Loss 0.0812 (0.0907)	
Epoch: [57][10/34]	Time 0.557 (0.556)	Data 0.048 (0.049)	Loss 0.0490 (0.0906)	
Epoch: [57][20/34]	Time 0.565 (0.556)	Data 0.049 (0.049)	Loss 0.0700 (0.0904)	
Epoch: [57][30/34]	Time 0.563 (0.556)	Data 0.049 (0.049)	Loss 0.0500 (0.0902)	
Test: [0/9]	Time 0.223 (0.223)	Loss 0.0760 (0.0760)	Prec@1 0.000 (0.000)	Prec@5 0.000 (0.000)
Overall Acc: 	 0.854528170913013
Mean Acc : 	 0.5
FreqW Acc : 	 0.7302183948839396
Mean IoU : 	 0.4272640854565065
* Test:	Time 0.097 (0.216)	Loss 0.0581 (0.0784)	
learning rate = 0.000050
Epoch: [58][0/34]	Time 0.231 (0.555)	Data 0.056 (0.049)	Loss 0.0887 (0.0902)	
Epoch: [58][10/34]	Time 0.557 (0.555)	Data 0.049 (0.049)	Loss 0.0608 (0.0901)	
Epoch: [58][20/34]	Time 0.563 (0.555)	Data 0.049 (0.049)	Loss 0.0468 (0.0900)	
Epoch: [58][30/34]	Time 0.561 (0.555)	Data 0.049 (0.049)	Loss 0.0587 (0.0898)	
Test: [0/9]	Time 0.223 (0.223)	Loss 0.0755 (0.0755)	Prec@1 0.000 (0.000)	Prec@5 0.000 (0.000)
Overall Acc: 	 0.8549392472452192
Mean Acc : 	 0.5
FreqW Acc : 	 0.7309211164802221
Mean IoU : 	 0.4274696236226096
* Test:	Time 0.097 (0.215)	Loss 0.0468 (0.0754)	
learning rate = 0.000050
Epoch: [59][0/34]	Time 0.228 (0.555)	Data 0.055 (0.049)	Loss 0.0568 (0.0898)	
Epoch: [59][10/34]	Time 0.560 (0.555)	Data 0.049 (0.049)	Loss 0.0519 (0.0896)	
Epoch: [59][20/34]	Time 0.560 (0.555)	Data 0.049 (0.049)	Loss 0.0616 (0.0895)	
Epoch: [59][30/34]	Time 0.560 (0.555)	Data 0.049 (0.049)	Loss 0.0754 (0.0893)	
Test: [0/9]	Time 0.224 (0.224)	Loss 0.0904 (0.0904)	Prec@1 0.000 (0.000)	Prec@5 0.000 (0.000)
Overall Acc: 	 0.8549053135202892
Mean Acc : 	 0.5
FreqW Acc : 	 0.730863095085224
Mean IoU : 	 0.4274526567601446
* Test:	Time 0.098 (0.219)	Loss 0.0855 (0.0738)	
learning rate = 0.000050
Epoch: [60][0/34]	Time 0.226 (0.555)	Data 0.056 (0.049)	Loss 0.0657 (0.0893)	
Epoch: [60][10/34]	Time 0.556 (0.555)	Data 0.050 (0.049)	Loss 0.0393 (0.0891)	
Epoch: [60][20/34]	Time 0.556 (0.555)	Data 0.049 (0.049)	Loss 0.0495 (0.0890)	
Epoch: [60][30/34]	Time 0.561 (0.555)	Data 0.048 (0.049)	Loss 0.0807 (0.0889)	
Test: [0/9]	Time 0.224 (0.224)	Loss 0.0655 (0.0655)	Prec@1 0.000 (0.000)	Prec@5 0.000 (0.000)
Overall Acc: 	 0.855116773007521
Mean Acc : 	 0.5
FreqW Acc : 	 0.7312246954787962
Mean IoU : 	 0.4275583865037605
* Test:	Time 0.094 (0.215)	Loss 0.0372 (0.0815)	
learning rate = 0.000050
Epoch: [61][0/34]	Time 0.228 (0.555)	Data 0.056 (0.049)	Loss 0.0725 (0.0889)	
Epoch: [61][10/34]	Time 0.562 (0.555)	Data 0.049 (0.049)	Loss 0.0733 (0.0888)	
Epoch: [61][20/34]	Time 0.562 (0.555)	Data 0.049 (0.049)	Loss 0.0774 (0.0886)	
Epoch: [61][30/34]	Time 0.564 (0.555)	Data 0.050 (0.049)	Loss 0.0849 (0.0885)	
Test: [0/9]	Time 0.221 (0.221)	Loss 0.0536 (0.0536)	Prec@1 0.000 (0.000)	Prec@5 0.000 (0.000)
Overall Acc: 	 0.8550372906585237
Mean Acc : 	 0.5
FreqW Acc : 	 0.7310887684166688
Mean IoU : 	 0.42751864532926187
* Test:	Time 0.095 (0.217)	Loss 0.0873 (0.0732)	
learning rate = 0.000050
Epoch: [62][0/34]	Time 0.223 (0.555)	Data 0.050 (0.049)	Loss 0.0454 (0.0884)	
Epoch: [62][10/34]	Time 0.562 (0.555)	Data 0.049 (0.049)	Loss 0.0472 (0.0883)	
Epoch: [62][20/34]	Time 0.561 (0.555)	Data 0.049 (0.049)	Loss 0.0399 (0.0881)	
Epoch: [62][30/34]	Time 0.555 (0.555)	Data 0.049 (0.049)	Loss 0.0443 (0.0880)	
Test: [0/9]	Time 0.223 (0.223)	Loss 0.0623 (0.0623)	Prec@1 0.000 (0.000)	Prec@5 0.000 (0.000)
Overall Acc: 	 0.855634205376924
Mean Acc : 	 0.5
FreqW Acc : 	 0.7321098934110002
Mean IoU : 	 0.427817102688462
* Test:	Time 0.093 (0.216)	Loss 0.0677 (0.0760)	
learning rate = 0.000050
Epoch: [63][0/34]	Time 0.220 (0.555)	Data 0.048 (0.049)	Loss 0.0590 (0.0880)	
Epoch: [63][10/34]	Time 0.564 (0.555)	Data 0.050 (0.049)	Loss 0.0519 (0.0878)	
Epoch: [63][20/34]	Time 0.560 (0.555)	Data 0.050 (0.049)	Loss 0.0845 (0.0878)	
Epoch: [63][30/34]	Time 0.562 (0.555)	Data 0.048 (0.049)	Loss 0.0755 (0.0876)	
Test: [0/9]	Time 0.224 (0.224)	Loss 0.0471 (0.0471)	Prec@1 0.000 (0.000)	Prec@5 0.000 (0.000)
Overall Acc: 	 0.8550098476125233
Mean Acc : 	 0.5
FreqW Acc : 	 0.7310418395143903
Mean IoU : 	 0.42750492380626165
* Test:	Time 0.096 (0.217)	Loss 0.0728 (0.0737)	
learning rate = 0.000050
Epoch: [64][0/34]	Time 0.226 (0.555)	Data 0.055 (0.049)	Loss 0.0592 (0.0875)	
Epoch: [64][10/34]	Time 0.563 (0.555)	Data 0.049 (0.049)	Loss 0.0586 (0.0874)	
Epoch: [64][20/34]	Time 0.561 (0.555)	Data 0.048 (0.049)	Loss 0.0551 (0.0873)	
Epoch: [64][30/34]	Time 0.555 (0.555)	Data 0.049 (0.049)	Loss 0.0735 (0.0872)	
Test: [0/9]	Time 0.223 (0.223)	Loss 0.0609 (0.0609)	Prec@1 0.000 (0.000)	Prec@5 0.000 (0.000)
Overall Acc: 	 0.8548515661438899
Mean Acc : 	 0.5
FreqW Acc : 	 0.7307712001386614
Mean IoU : 	 0.42742578307194495
* Test:	Time 0.095 (0.219)	Loss 0.0312 (0.0735)	
learning rate = 0.000050
Epoch: [65][0/34]	Time 0.225 (0.555)	Data 0.055 (0.049)	Loss 0.0493 (0.0871)	
Epoch: [65][10/34]	Time 0.563 (0.555)	Data 0.049 (0.049)	Loss 0.0681 (0.0870)	
Epoch: [65][20/34]	Time 0.559 (0.555)	Data 0.049 (0.049)	Loss 0.0633 (0.0868)	
Epoch: [65][30/34]	Time 0.563 (0.555)	Data 0.049 (0.049)	Loss 0.0746 (0.0868)	
Test: [0/9]	Time 0.224 (0.224)	Loss 0.1390 (0.1390)	Prec@1 0.000 (0.000)	Prec@5 0.000 (0.000)
Overall Acc: 	 0.8542216286730411
Mean Acc : 	 0.5
FreqW Acc : 	 0.7296945908928228
Mean IoU : 	 0.42711081433652054
* Test:	Time 0.095 (0.217)	Loss 0.0325 (0.0780)	
learning rate = 0.000050
Epoch: [66][0/34]	Time 0.226 (0.555)	Data 0.055 (0.049)	Loss 0.0778 (0.0867)	
Epoch: [66][10/34]	Time 0.559 (0.555)	Data 0.049 (0.049)	Loss 0.0572 (0.0866)	
Epoch: [66][20/34]	Time 0.563 (0.555)	Data 0.049 (0.049)	Loss 0.0586 (0.0865)	
Epoch: [66][30/34]	Time 0.561 (0.555)	Data 0.049 (0.049)	Loss 0.0508 (0.0864)	
Test: [0/9]	Time 0.224 (0.224)	Loss 0.0491 (0.0491)	Prec@1 0.000 (0.000)	Prec@5 0.000 (0.000)
Overall Acc: 	 0.8542329019574977
Mean Acc : 	 0.5
FreqW Acc : 	 0.7297138507867278
Mean IoU : 	 0.42711645097874884
* Test:	Time 0.095 (0.217)	Loss 0.1267 (0.0784)	
learning rate = 0.000050
Epoch: [67][0/34]	Time 0.225 (0.555)	Data 0.054 (0.049)	Loss 0.0624 (0.0863)	
Epoch: [67][10/34]	Time 0.561 (0.555)	Data 0.048 (0.049)	Loss 0.0415 (0.0862)	
Epoch: [67][20/34]	Time 0.557 (0.555)	Data 0.049 (0.049)	Loss 0.0782 (0.0861)	
Epoch: [67][30/34]	Time 0.563 (0.555)	Data 0.050 (0.049)	Loss 0.0349 (0.0860)	
Test: [0/9]	Time 0.225 (0.225)	Loss 0.0503 (0.0503)	Prec@1 0.000 (0.000)	Prec@5 0.000 (0.000)
Overall Acc: 	 0.8546225704363922
Mean Acc : 	 0.5
FreqW Acc : 	 0.7303797378993062
Mean IoU : 	 0.4273112852181961
* Test:	Time 0.103 (0.216)	Loss 0.0818 (0.0746)	
learning rate = 0.000050
Epoch: [68][0/34]	Time 0.224 (0.555)	Data 0.049 (0.049)	Loss 0.0442 (0.0859)	
Epoch: [68][10/34]	Time 0.553 (0.555)	Data 0.050 (0.049)	Loss 0.0622 (0.0858)	
Epoch: [68][20/34]	Time 0.566 (0.555)	Data 0.049 (0.050)	Loss 0.0653 (0.0857)	
Epoch: [68][30/34]	Time 0.562 (0.555)	Data 0.049 (0.050)	Loss 0.0543 (0.0856)	
Test: [0/9]	Time 0.223 (0.223)	Loss 0.1314 (0.1314)	Prec@1 0.000 (0.000)	Prec@5 0.000 (0.000)
Overall Acc: 	 0.8549138538873018
Mean Acc : 	 0.5
FreqW Acc : 	 0.7308776975684388
Mean IoU : 	 0.4274569269436509
* Test:	Time 0.096 (0.216)	Loss 0.0877 (0.0740)	
learning rate = 0.000050
Epoch: [69][0/34]	Time 0.220 (0.555)	Data 0.048 (0.050)	Loss 0.0766 (0.0856)	
Epoch: [69][10/34]	Time 0.559 (0.555)	Data 0.049 (0.050)	Loss 0.0676 (0.0855)	
Epoch: [69][20/34]	Time 0.553 (0.555)	Data 0.049 (0.050)	Loss 0.0682 (0.0853)	
Epoch: [69][30/34]	Time 0.557 (0.555)	Data 0.049 (0.050)	Loss 0.0524 (0.0852)	
Test: [0/9]	Time 0.226 (0.226)	Loss 0.0551 (0.0551)	Prec@1 0.000 (0.000)	Prec@5 0.000 (0.000)
Overall Acc: 	 0.8548424564190765
Mean Acc : 	 0.5
FreqW Acc : 	 0.7307556252966008
Mean IoU : 	 0.42742122820953826
* Test:	Time 0.097 (0.217)	Loss 0.2464 (0.0723)	
learning rate = 0.000050
Epoch: [70][0/34]	Time 0.227 (0.554)	Data 0.056 (0.050)	Loss 0.0494 (0.0852)	
Epoch: [70][10/34]	Time 0.560 (0.554)	Data 0.050 (0.050)	Loss 0.0787 (0.0851)	
Epoch: [70][20/34]	Time 0.559 (0.554)	Data 0.049 (0.050)	Loss 0.0438 (0.0850)	
Epoch: [70][30/34]	Time 0.558 (0.555)	Data 0.049 (0.050)	Loss 0.0559 (0.0849)	
Test: [0/9]	Time 0.224 (0.224)	Loss 0.0513 (0.0513)	Prec@1 0.000 (0.000)	Prec@5 0.000 (0.000)
Overall Acc: 	 0.8545428603442747
Mean Acc : 	 0.5
FreqW Acc : 	 0.7302435001653746
Mean IoU : 	 0.42727143017213737
* Test:	Time 0.096 (0.217)	Loss 0.0538 (0.0723)	
learning rate = 0.000050
Epoch: [71][0/34]	Time 0.225 (0.554)	Data 0.054 (0.050)	Loss 0.0611 (0.0849)	
Epoch: [71][10/34]	Time 0.558 (0.554)	Data 0.050 (0.050)	Loss 0.0545 (0.0847)	
Epoch: [71][20/34]	Time 0.564 (0.554)	Data 0.049 (0.050)	Loss 0.0499 (0.0846)	
Epoch: [71][30/34]	Time 0.556 (0.554)	Data 0.049 (0.050)	Loss 0.0530 (0.0845)	
Test: [0/9]	Time 0.223 (0.223)	Loss 0.0647 (0.0647)	Prec@1 0.000 (0.000)	Prec@5 0.000 (0.000)
Overall Acc: 	 0.8551609551728662
Mean Acc : 	 0.5
FreqW Acc : 	 0.7313002592521688
Mean IoU : 	 0.4275804775864331
* Test:	Time 0.096 (0.217)	Loss 0.0385 (0.0761)	
learning rate = 0.000050
Epoch: [72][0/34]	Time 0.226 (0.554)	Data 0.055 (0.050)	Loss 0.0607 (0.0845)	
Epoch: [72][10/34]	Time 0.562 (0.554)	Data 0.049 (0.050)	Loss 0.0598 (0.0844)	
Epoch: [72][20/34]	Time 0.561 (0.554)	Data 0.049 (0.050)	Loss 0.0599 (0.0843)	
Epoch: [72][30/34]	Time 0.563 (0.554)	Data 0.049 (0.050)	Loss 0.0437 (0.0842)	
Test: [0/9]	Time 0.224 (0.224)	Loss 0.0454 (0.0454)	Prec@1 0.000 (0.000)	Prec@5 0.000 (0.000)
Overall Acc: 	 0.8542917735541045
Mean Acc : 	 0.5
FreqW Acc : 	 0.7298144343622173
Mean IoU : 	 0.42714588677705223
* Test:	Time 0.096 (0.217)	Loss 0.0231 (0.0749)	
learning rate = 0.000050
Epoch: [73][0/34]	Time 0.219 (0.554)	Data 0.048 (0.050)	Loss 0.0473 (0.0841)	
Epoch: [73][10/34]	Time 0.562 (0.554)	Data 0.049 (0.050)	Loss 0.0573 (0.0841)	
Epoch: [73][20/34]	Time 0.557 (0.554)	Data 0.050 (0.050)	Loss 0.0476 (0.0840)	
Epoch: [73][30/34]	Time 0.565 (0.554)	Data 0.049 (0.050)	Loss 0.0516 (0.0839)	
Test: [0/9]	Time 0.223 (0.223)	Loss 0.1486 (0.1486)	Prec@1 0.000 (0.000)	Prec@5 0.000 (0.000)
Overall Acc: 	 0.8546806449320778
Mean Acc : 	 0.5
FreqW Acc : 	 0.7304790048215125
Mean IoU : 	 0.4273403224660389
* Test:	Time 0.098 (0.216)	Loss 0.0739 (0.0730)	
learning rate = 0.000050
Epoch: [74][0/34]	Time 0.226 (0.554)	Data 0.055 (0.050)	Loss 0.0604 (0.0838)	
Epoch: [74][10/34]	Time 0.559 (0.554)	Data 0.050 (0.050)	Loss 0.0560 (0.0838)	
Epoch: [74][20/34]	Time 0.560 (0.554)	Data 0.049 (0.050)	Loss 0.0404 (0.0836)	
Epoch: [74][30/34]	Time 0.553 (0.554)	Data 0.049 (0.050)	Loss 0.0449 (0.0835)	
Test: [0/9]	Time 0.227 (0.227)	Loss 0.0493 (0.0493)	Prec@1 0.000 (0.000)	Prec@5 0.000 (0.000)
Overall Acc: 	 0.8545306760873368
Mean Acc : 	 0.5
FreqW Acc : 	 0.730222676374281
Mean IoU : 	 0.4272653380436684
* Test:	Time 0.093 (0.218)	Loss 0.0379 (0.0732)	
learning rate = 0.000050
Epoch: [75][0/34]	Time 0.232 (0.554)	Data 0.058 (0.050)	Loss 0.0504 (0.0835)	
Epoch: [75][10/34]	Time 0.563 (0.554)	Data 0.049 (0.050)	Loss 0.0728 (0.0834)	
Epoch: [75][20/34]	Time 0.561 (0.554)	Data 0.048 (0.050)	Loss 0.0700 (0.0833)	
Epoch: [75][30/34]	Time 0.563 (0.554)	Data 0.048 (0.050)	Loss 0.0611 (0.0832)	
Test: [0/9]	Time 0.223 (0.223)	Loss 0.0601 (0.0601)	Prec@1 0.000 (0.000)	Prec@5 0.000 (0.000)
Overall Acc: 	 0.8552406652649837
Mean Acc : 	 0.5
FreqW Acc : 	 0.7314365955228919
Mean IoU : 	 0.42762033263249183
* Test:	Time 0.096 (0.217)	Loss 0.0497 (0.0730)	
learning rate = 0.000050
Epoch: [76][0/34]	Time 0.223 (0.554)	Data 0.050 (0.050)	Loss 0.0493 (0.0832)	
Epoch: [76][10/34]	Time 0.559 (0.554)	Data 0.049 (0.050)	Loss 0.0422 (0.0831)	
Epoch: [76][20/34]	Time 0.557 (0.554)	Data 0.049 (0.050)	Loss 0.0701 (0.0830)	
Epoch: [76][30/34]	Time 0.557 (0.554)	Data 0.049 (0.050)	Loss 0.0627 (0.0829)	
Test: [0/9]	Time 0.224 (0.224)	Loss 0.0408 (0.0408)	Prec@1 0.000 (0.000)	Prec@5 0.000 (0.000)
Overall Acc: 	 0.8544302413712687
Mean Acc : 	 0.5
FreqW Acc : 	 0.7300510373697644
Mean IoU : 	 0.42721512068563433
* Test:	Time 0.097 (0.215)	Loss 0.1337 (0.0754)	
learning rate = 0.000050
Epoch: [77][0/34]	Time 0.227 (0.554)	Data 0.057 (0.050)	Loss 0.0390 (0.0829)	
Epoch: [77][10/34]	Time 0.561 (0.554)	Data 0.049 (0.050)	Loss 0.0471 (0.0828)	
Epoch: [77][20/34]	Time 0.558 (0.554)	Data 0.050 (0.050)	Loss 0.0435 (0.0827)	
Epoch: [77][30/34]	Time 0.556 (0.554)	Data 0.049 (0.050)	Loss 0.0569 (0.0826)	
Test: [0/9]	Time 0.223 (0.223)	Loss 0.0727 (0.0727)	Prec@1 0.000 (0.000)	Prec@5 0.000 (0.000)
Overall Acc: 	 0.8553585223297575
Mean Acc : 	 0.5
FreqW Acc : 	 0.7316382017221463
Mean IoU : 	 0.42767926116487875
* Test:	Time 0.092 (0.214)	Loss 0.0591 (0.0714)	
learning rate = 0.000050
Epoch: [78][0/34]	Time 0.219 (0.554)	Data 0.048 (0.050)	Loss 0.0594 (0.0826)	
Epoch: [78][10/34]	Time 0.560 (0.554)	Data 0.049 (0.050)	Loss 0.0540 (0.0824)	
Epoch: [78][20/34]	Time 0.563 (0.554)	Data 0.049 (0.050)	Loss 0.0556 (0.0824)	
Epoch: [78][30/34]	Time 0.559 (0.554)	Data 0.050 (0.050)	Loss 0.0538 (0.0823)	
Test: [0/9]	Time 0.226 (0.226)	Loss 0.0535 (0.0535)	Prec@1 0.000 (0.000)	Prec@5 0.000 (0.000)
Overall Acc: 	 0.8552145886777053
Mean Acc : 	 0.5
FreqW Acc : 	 0.7313919926871766
Mean IoU : 	 0.42760729433885264
* Test:	Time 0.093 (0.215)	Loss 0.0497 (0.0725)	
learning rate = 0.000050
Epoch: [79][0/34]	Time 0.220 (0.554)	Data 0.048 (0.050)	Loss 0.0568 (0.0823)	
Epoch: [79][10/34]	Time 0.566 (0.554)	Data 0.050 (0.050)	Loss 0.0524 (0.0822)	
Epoch: [79][20/34]	Time 0.564 (0.554)	Data 0.049 (0.050)	Loss 0.0440 (0.0821)	
Epoch: [79][30/34]	Time 0.559 (0.554)	Data 0.049 (0.050)	Loss 0.0521 (0.0820)	
Test: [0/9]	Time 0.224 (0.224)	Loss 0.0619 (0.0619)	Prec@1 0.000 (0.000)	Prec@5 0.000 (0.000)
Overall Acc: 	 0.8544788645274604
Mean Acc : 	 0.5
FreqW Acc : 	 0.730134129924138
Mean IoU : 	 0.4272394322637302
* Test:	Time 0.094 (0.216)	Loss 0.1240 (0.0725)	
learning rate = 0.000050
Epoch: [80][0/34]	Time 0.222 (0.554)	Data 0.048 (0.050)	Loss 0.0346 (0.0820)	
Epoch: [80][10/34]	Time 0.556 (0.554)	Data 0.049 (0.050)	Loss 0.0710 (0.0819)	
Epoch: [80][20/34]	Time 0.562 (0.554)	Data 0.048 (0.050)	Loss 0.0554 (0.0818)	
Epoch: [80][30/34]	Time 0.557 (0.554)	Data 0.049 (0.050)	Loss 0.0679 (0.0817)	
Test: [0/9]	Time 0.224 (0.224)	Loss 0.1404 (0.1404)	Prec@1 0.000 (0.000)	Prec@5 0.000 (0.000)
Overall Acc: 	 0.8549724977407882
Mean Acc : 	 0.5
FreqW Acc : 	 0.7309779718931221
Mean IoU : 	 0.4274862488703941
* Test:	Time 0.094 (0.216)	Loss 0.0623 (0.0751)	
learning rate = 0.000050
Epoch: [81][0/34]	Time 0.220 (0.554)	Data 0.049 (0.050)	Loss 0.0884 (0.0817)	
Epoch: [81][10/34]	Time 0.565 (0.554)	Data 0.049 (0.050)	Loss 0.0464 (0.0816)	
Epoch: [81][20/34]	Time 0.564 (0.554)	Data 0.048 (0.050)	Loss 0.0772 (0.0815)	
Epoch: [81][30/34]	Time 0.559 (0.554)	Data 0.048 (0.050)	Loss 0.0862 (0.0815)	
Test: [0/9]	Time 0.226 (0.226)	Loss 0.0578 (0.0578)	Prec@1 0.000 (0.000)	Prec@5 0.000 (0.000)
Overall Acc: 	 0.854564723683827
Mean Acc : 	 0.5
FreqW Acc : 	 0.7302808669648155
Mean IoU : 	 0.4272823618419135
* Test:	Time 0.093 (0.216)	Loss 0.0483 (0.0799)	
learning rate = 0.000050
Epoch: [82][0/34]	Time 0.219 (0.554)	Data 0.049 (0.050)	Loss 0.0464 (0.0814)	
Epoch: [82][10/34]	Time 0.561 (0.554)	Data 0.048 (0.050)	Loss 0.0865 (0.0814)	
Epoch: [82][20/34]	Time 0.561 (0.554)	Data 0.049 (0.050)	Loss 0.0761 (0.0813)	
Epoch: [82][30/34]	Time 0.561 (0.554)	Data 0.049 (0.050)	Loss 0.0460 (0.0812)	
Test: [0/9]	Time 0.223 (0.223)	Loss 0.0596 (0.0596)	Prec@1 0.000 (0.000)	Prec@5 0.000 (0.000)
Overall Acc: 	 0.8548024875014576
Mean Acc : 	 0.5
FreqW Acc : 	 0.7306872926386796
Mean IoU : 	 0.4274012437507288
* Test:	Time 0.095 (0.215)	Loss 0.0722 (0.0742)	
learning rate = 0.000050
Epoch: [83][0/34]	Time 0.239 (0.554)	Data 0.058 (0.050)	Loss 0.0516 (0.0812)	
Epoch: [83][10/34]	Time 0.563 (0.554)	Data 0.049 (0.050)	Loss 0.0732 (0.0811)	
Epoch: [83][20/34]	Time 0.562 (0.554)	Data 0.049 (0.050)	Loss 0.0665 (0.0810)	
Epoch: [83][30/34]	Time 0.562 (0.554)	Data 0.049 (0.050)	Loss 0.0378 (0.0809)	
Test: [0/9]	Time 0.223 (0.223)	Loss 0.0825 (0.0825)	Prec@1 0.000 (0.000)	Prec@5 0.000 (0.000)
Overall Acc: 	 0.8548039678317397
Mean Acc : 	 0.5
FreqW Acc : 	 0.730689823420886
Mean IoU : 	 0.42740198391586987
* Test:	Time 0.094 (0.215)	Loss 0.0517 (0.0757)	
learning rate = 0.000050
Epoch: [84][0/34]	Time 0.219 (0.554)	Data 0.048 (0.050)	Loss 0.0653 (0.0809)	
Epoch: [84][10/34]	Time 0.565 (0.554)	Data 0.049 (0.050)	Loss 0.0446 (0.0808)	
Epoch: [84][20/34]	Time 0.556 (0.554)	Data 0.049 (0.050)	Loss 0.0506 (0.0807)	
Epoch: [84][30/34]	Time 0.566 (0.554)	Data 0.049 (0.050)	Loss 0.0703 (0.0807)	
Test: [0/9]	Time 0.224 (0.224)	Loss 0.0555 (0.0555)	Prec@1 0.000 (0.000)	Prec@5 0.000 (0.000)
Overall Acc: 	 0.8556227043493471
Mean Acc : 	 0.5
FreqW Acc : 	 0.7320902121980902
Mean IoU : 	 0.42781135217467353
* Test:	Time 0.095 (0.219)	Loss 0.0532 (0.0707)	
learning rate = 0.000050
Epoch: [85][0/34]	Time 0.225 (0.553)	Data 0.054 (0.050)	Loss 0.0322 (0.0806)	
Epoch: [85][10/34]	Time 0.562 (0.553)	Data 0.049 (0.050)	Loss 0.0482 (0.0806)	
Epoch: [85][20/34]	Time 0.557 (0.553)	Data 0.049 (0.050)	Loss 0.0688 (0.0805)	
Epoch: [85][30/34]	Time 0.557 (0.554)	Data 0.048 (0.050)	Loss 0.0424 (0.0804)	
Test: [0/9]	Time 0.223 (0.223)	Loss 0.0586 (0.0586)	Prec@1 0.000 (0.000)	Prec@5 0.000 (0.000)
Overall Acc: 	 0.8546200652620686
Mean Acc : 	 0.5
FreqW Acc : 	 0.7303754559485424
Mean IoU : 	 0.4273100326310343
* Test:	Time 0.095 (0.216)	Loss 0.0526 (0.0748)	
learning rate = 0.000050
Epoch: [86][0/34]	Time 0.225 (0.553)	Data 0.055 (0.050)	Loss 0.0644 (0.0804)	
Epoch: [86][10/34]	Time 0.556 (0.553)	Data 0.049 (0.050)	Loss 0.0422 (0.0803)	
Epoch: [86][20/34]	Time 0.566 (0.554)	Data 0.049 (0.050)	Loss 0.1117 (0.0803)	
Epoch: [86][30/34]	Time 0.562 (0.554)	Data 0.049 (0.050)	Loss 0.0759 (0.0802)	
Test: [0/9]	Time 0.223 (0.223)	Loss 0.0406 (0.0406)	Prec@1 0.000 (0.000)	Prec@5 0.000 (0.000)
Overall Acc: 	 0.8548802617770522
Mean Acc : 	 0.5
FreqW Acc : 	 0.7308202619760014
Mean IoU : 	 0.4274401308885261
* Test:	Time 0.095 (0.217)	Loss 0.0590 (0.0769)	
learning rate = 0.000050
Epoch: [87][0/34]	Time 0.226 (0.553)	Data 0.055 (0.050)	Loss 0.0630 (0.0801)	
Epoch: [87][10/34]	Time 0.560 (0.553)	Data 0.048 (0.050)	Loss 0.0555 (0.0801)	
Epoch: [87][20/34]	Time 0.558 (0.553)	Data 0.049 (0.050)	Loss 0.0543 (0.0800)	
Epoch: [87][30/34]	Time 0.561 (0.553)	Data 0.048 (0.050)	Loss 0.0507 (0.0799)	
Test: [0/9]	Time 0.225 (0.225)	Loss 0.0670 (0.0670)	Prec@1 0.000 (0.000)	Prec@5 0.000 (0.000)
Overall Acc: 	 0.8548202514648438
Mean Acc : 	 0.5
FreqW Acc : 	 0.7307176623144187
Mean IoU : 	 0.4274101257324219
* Test:	Time 0.099 (0.216)	Loss 0.0452 (0.0744)	
learning rate = 0.000050
Epoch: [88][0/34]	Time 0.225 (0.553)	Data 0.055 (0.050)	Loss 0.0485 (0.0799)	
Epoch: [88][10/34]	Time 0.557 (0.553)	Data 0.050 (0.050)	Loss 0.0503 (0.0798)	
Epoch: [88][20/34]	Time 0.562 (0.553)	Data 0.050 (0.050)	Loss 0.0487 (0.0797)	
Epoch: [88][30/34]	Time 0.558 (0.553)	Data 0.049 (0.050)	Loss 0.0525 (0.0796)	
Test: [0/9]	Time 0.224 (0.224)	Loss 0.0655 (0.0655)	Prec@1 0.000 (0.000)	Prec@5 0.000 (0.000)
Overall Acc: 	 0.8550817005669893
Mean Acc : 	 0.5
FreqW Acc : 	 0.7311647146445344
Mean IoU : 	 0.42754085028349464
* Test:	Time 0.093 (0.217)	Loss 0.0488 (0.0727)	
learning rate = 0.000050
Epoch: [89][0/34]	Time 0.228 (0.553)	Data 0.055 (0.050)	Loss 0.0519 (0.0796)	
Epoch: [89][10/34]	Time 0.565 (0.553)	Data 0.049 (0.050)	Loss 0.0515 (0.0796)	
Epoch: [89][20/34]	Time 0.561 (0.553)	Data 0.049 (0.050)	Loss 0.0529 (0.0795)	
Epoch: [89][30/34]	Time 0.563 (0.553)	Data 0.049 (0.050)	Loss 0.0676 (0.0794)	
Test: [0/9]	Time 0.225 (0.225)	Loss 0.0648 (0.0648)	Prec@1 0.000 (0.000)	Prec@5 0.000 (0.000)
Overall Acc: 	 0.8545988851518773
Mean Acc : 	 0.5
FreqW Acc : 	 0.7303392545028315
Mean IoU : 	 0.42729944257593866
* Test:	Time 0.093 (0.215)	Loss 0.0410 (0.0737)	
learning rate = 0.000050
Epoch: [90][0/34]	Time 0.225 (0.553)	Data 0.055 (0.050)	Loss 0.0627 (0.0794)	
Epoch: [90][10/34]	Time 0.554 (0.553)	Data 0.049 (0.050)	Loss 0.0486 (0.0793)	
Epoch: [90][20/34]	Time 0.557 (0.553)	Data 0.049 (0.050)	Loss 0.1066 (0.0792)	
Epoch: [90][30/34]	Time 0.557 (0.553)	Data 0.049 (0.050)	Loss 0.0381 (0.0792)	
Test: [0/9]	Time 0.227 (0.227)	Loss 0.0714 (0.0714)	Prec@1 0.000 (0.000)	Prec@5 0.000 (0.000)
Overall Acc: 	 0.8545963799775537
Mean Acc : 	 0.5
FreqW Acc : 	 0.7303349726707393
Mean IoU : 	 0.42729818998877683
* Test:	Time 0.092 (0.216)	Loss 0.0157 (0.0733)	
learning rate = 0.000050
Epoch: [91][0/34]	Time 0.229 (0.553)	Data 0.056 (0.050)	Loss 0.0534 (0.0791)	
Epoch: [91][10/34]	Time 0.564 (0.553)	Data 0.049 (0.050)	Loss 0.0507 (0.0791)	
Epoch: [91][20/34]	Time 0.560 (0.553)	Data 0.049 (0.050)	Loss 0.0403 (0.0790)	
Epoch: [91][30/34]	Time 0.556 (0.553)	Data 0.048 (0.050)	Loss 0.0665 (0.0789)	
Test: [0/9]	Time 0.223 (0.223)	Loss 0.0537 (0.0537)	Prec@1 0.000 (0.000)	Prec@5 0.000 (0.000)
Overall Acc: 	 0.8547671873178055
Mean Acc : 	 0.5
FreqW Acc : 	 0.7306269445151925
Mean IoU : 	 0.42738359365890277
* Test:	Time 0.098 (0.218)	Loss 0.0661 (0.0729)	
learning rate = 0.000050
Epoch: [92][0/34]	Time 0.227 (0.553)	Data 0.056 (0.050)	Loss 0.0488 (0.0789)	
Epoch: [92][10/34]	Time 0.560 (0.553)	Data 0.048 (0.050)	Loss 0.0669 (0.0788)	
Epoch: [92][20/34]	Time 0.557 (0.553)	Data 0.048 (0.050)	Loss 0.0573 (0.0787)	
Epoch: [92][30/34]	Time 0.552 (0.553)	Data 0.049 (0.050)	Loss 0.0685 (0.0787)	
Test: [0/9]	Time 0.226 (0.226)	Loss 0.0968 (0.0968)	Prec@1 0.000 (0.000)	Prec@5 0.000 (0.000)
Overall Acc: 	 0.8547751583270172
Mean Acc : 	 0.5
FreqW Acc : 	 0.7306405712929773
Mean IoU : 	 0.4273875791635086
* Test:	Time 0.098 (0.215)	Loss 0.0585 (0.0718)	
learning rate = 0.000050
Epoch: [93][0/34]	Time 0.224 (0.553)	Data 0.054 (0.050)	Loss 0.0458 (0.0786)	
Epoch: [93][10/34]	Time 0.564 (0.553)	Data 0.048 (0.050)	Loss 0.0572 (0.0786)	
Epoch: [93][20/34]	Time 0.558 (0.553)	Data 0.048 (0.050)	Loss 0.0463 (0.0785)	
Epoch: [93][30/34]	Time 0.563 (0.553)	Data 0.048 (0.050)	Loss 0.0870 (0.0784)	
Test: [0/9]	Time 0.223 (0.223)	Loss 0.0609 (0.0609)	Prec@1 0.000 (0.000)	Prec@5 0.000 (0.000)
Overall Acc: 	 0.8550615453008396
Mean Acc : 	 0.5
FreqW Acc : 	 0.7311302462522596
Mean IoU : 	 0.4275307726504198
* Test:	Time 0.096 (0.214)	Loss 0.1612 (0.0775)	
learning rate = 0.000050
Epoch: [94][0/34]	Time 0.225 (0.553)	Data 0.055 (0.050)	Loss 0.0352 (0.0784)	
Epoch: [94][10/34]	Time 0.563 (0.553)	Data 0.048 (0.050)	Loss 0.0767 (0.0783)	
Epoch: [94][20/34]	Time 0.560 (0.553)	Data 0.048 (0.050)	Loss 0.0957 (0.0782)	
Epoch: [94][30/34]	Time 0.563 (0.553)	Data 0.048 (0.050)	Loss 0.0411 (0.0782)	
Test: [0/9]	Time 0.224 (0.224)	Loss 0.0728 (0.0728)	Prec@1 0.000 (0.000)	Prec@5 0.000 (0.000)
Overall Acc: 	 0.8549603134838503
Mean Acc : 	 0.5
FreqW Acc : 	 0.7309571376324036
Mean IoU : 	 0.42748015674192513
* Test:	Time 0.092 (0.214)	Loss 0.0494 (0.0725)	
learning rate = 0.000050
Epoch: [95][0/34]	Time 0.228 (0.553)	Data 0.055 (0.050)	Loss 0.0651 (0.0782)	
Epoch: [95][10/34]	Time 0.566 (0.553)	Data 0.049 (0.050)	Loss 0.0569 (0.0781)	
Epoch: [95][20/34]	Time 0.560 (0.553)	Data 0.048 (0.050)	Loss 0.0502 (0.0781)	
Epoch: [95][30/34]	Time 0.568 (0.553)	Data 0.049 (0.050)	Loss 0.0575 (0.0780)	
Test: [0/9]	Time 0.224 (0.224)	Loss 0.0612 (0.0612)	Prec@1 0.000 (0.000)	Prec@5 0.000 (0.000)
Overall Acc: 	 0.8556067623309235
Mean Acc : 	 0.5
FreqW Acc : 	 0.7320629317464054
Mean IoU : 	 0.42780338116546174
* Test:	Time 0.093 (0.216)	Loss 0.0291 (0.0708)	
learning rate = 0.000050
Epoch: [96][0/34]	Time 0.228 (0.553)	Data 0.058 (0.050)	Loss 0.0618 (0.0780)	
Epoch: [96][10/34]	Time 0.562 (0.553)	Data 0.048 (0.050)	Loss 0.0601 (0.0779)	
Epoch: [96][20/34]	Time 0.559 (0.553)	Data 0.049 (0.050)	Loss 0.0509 (0.0778)	
Epoch: [96][30/34]	Time 0.556 (0.553)	Data 0.049 (0.050)	Loss 0.0617 (0.0778)	
Test: [0/9]	Time 0.224 (0.224)	Loss 0.0616 (0.0616)	Prec@1 0.000 (0.000)	Prec@5 0.000 (0.000)
Overall Acc: 	 0.854663791941173
Mean Acc : 	 0.5
FreqW Acc : 	 0.7304501972552647
Mean IoU : 	 0.4273318959705865
* Test:	Time 0.095 (0.215)	Loss 0.0737 (0.0792)	
learning rate = 0.000050
Epoch: [97][0/34]	Time 0.225 (0.553)	Data 0.054 (0.050)	Loss 0.0741 (0.0777)	
Epoch: [97][10/34]	Time 0.554 (0.553)	Data 0.049 (0.050)	Loss 0.0446 (0.0777)	
Epoch: [97][20/34]	Time 0.558 (0.553)	Data 0.048 (0.050)	Loss 0.0670 (0.0776)	
Epoch: [97][30/34]	Time 0.558 (0.553)	Data 0.049 (0.050)	Loss 0.0612 (0.0775)	
Test: [0/9]	Time 0.224 (0.224)	Loss 0.0624 (0.0624)	Prec@1 0.000 (0.000)	Prec@5 0.000 (0.000)
Overall Acc: 	 0.8551371560167911
Mean Acc : 	 0.5
FreqW Acc : 	 0.7312595556004857
Mean IoU : 	 0.42756857800839554
* Test:	Time 0.097 (0.217)	Loss 0.0547 (0.0747)	
learning rate = 0.000050
Epoch: [98][0/34]	Time 0.226 (0.553)	Data 0.054 (0.050)	Loss 0.0699 (0.0775)	
Epoch: [98][10/34]	Time 0.566 (0.553)	Data 0.049 (0.050)	Loss 0.0429 (0.0775)	
Epoch: [98][20/34]	Time 0.559 (0.553)	Data 0.050 (0.050)	Loss 0.0589 (0.0774)	
Epoch: [98][30/34]	Time 0.563 (0.553)	Data 0.049 (0.050)	Loss 0.0617 (0.0773)	
Test: [0/9]	Time 0.224 (0.224)	Loss 0.0744 (0.0744)	Prec@1 0.000 (0.000)	Prec@5 0.000 (0.000)
Overall Acc: 	 0.8542442891135145
Mean Acc : 	 0.5
FreqW Acc : 	 0.7297333054830537
Mean IoU : 	 0.42712214455675723
* Test:	Time 0.094 (0.218)	Loss 0.0391 (0.0725)	
learning rate = 0.000050
Epoch: [99][0/34]	Time 0.228 (0.553)	Data 0.057 (0.050)	Loss 0.0426 (0.0773)	
Epoch: [99][10/34]	Time 0.561 (0.553)	Data 0.048 (0.050)	Loss 0.0529 (0.0773)	
Epoch: [99][20/34]	Time 0.562 (0.553)	Data 0.049 (0.050)	Loss 0.0841 (0.0772)	
Epoch: [99][30/34]	Time 0.561 (0.553)	Data 0.049 (0.050)	Loss 0.0640 (0.0771)	
Test: [0/9]	Time 0.229 (0.229)	Loss 0.0676 (0.0676)	Prec@1 0.000 (0.000)	Prec@5 0.000 (0.000)
Overall Acc: 	 0.8552494333751166
Mean Acc : 	 0.5
FreqW Acc : 	 0.731451593288458
Mean IoU : 	 0.4276247166875583
* Test:	Time 0.093 (0.217)	Loss 0.0968 (0.0732)	
