start training
learning rate = 0.000050
Epoch: [0][0/34]	Time 14.721 (14.721)	Data 0.089 (0.089)	Loss 1.7486 (1.7486)	
Epoch: [0][10/34]	Time 1.069 (2.300)	Data 0.081 (0.080)	Loss 0.9215 (1.1303)	
Epoch: [0][20/34]	Time 1.068 (1.715)	Data 0.083 (0.081)	Loss 0.6413 (0.9712)	
Epoch: [0][30/34]	Time 1.073 (1.507)	Data 0.082 (0.081)	Loss 0.6030 (0.8574)	
Test: [0/9]	Time 0.491 (0.491)	Loss 0.5824 (0.5824)	Prec@1 0.000 (0.000)	Prec@5 0.000 (0.000)
Overall Acc: 	 0.831055370729
Mean Acc : 	 0.5
Mean IoU : 	 0.415527685365
FreqW Acc : 	 0.690653029218
Test:	Time 3.627 (0.844)	Loss 0.4668 (0.5768)	
learning rate = 0.000050
Epoch: [1][0/34]	Time 0.919 (1.727)	Data 0.070 (0.080)	Loss 0.5749 (0.8283)	
Epoch: [1][10/34]	Time 1.071 (1.581)	Data 0.081 (0.080)	Loss 0.5194 (0.7488)	
Epoch: [1][20/34]	Time 1.068 (1.489)	Data 0.082 (0.081)	Loss 0.2895 (0.6831)	
Epoch: [1][30/34]	Time 1.071 (1.425)	Data 0.081 (0.081)	Loss 0.3570 (0.6304)	
Test: [0/9]	Time 0.492 (0.492)	Loss 0.3275 (0.3275)	Prec@1 0.000 (0.000)	Prec@5 0.000 (0.000)
Overall Acc: 	 0.831463030915
Mean Acc : 	 0.5
Mean IoU : 	 0.415731515457
FreqW Acc : 	 0.691330771778
Test:	Time 0.259 (0.466)	Loss 0.2285 (0.3011)	
learning rate = 0.000050
Epoch: [2][0/34]	Time 0.919 (1.397)	Data 0.073 (0.080)	Loss 0.2826 (0.6154)	
Epoch: [2][10/34]	Time 1.072 (1.356)	Data 0.083 (0.080)	Loss 0.2258 (0.5684)	
Epoch: [2][20/34]	Time 1.071 (1.324)	Data 0.080 (0.080)	Loss 0.2039 (0.5298)	
Epoch: [2][30/34]	Time 1.071 (1.299)	Data 0.081 (0.080)	Loss 0.2690 (0.4995)	
Test: [0/9]	Time 0.491 (0.491)	Loss 0.2908 (0.2908)	Prec@1 0.000 (0.000)	Prec@5 0.000 (0.000)
Overall Acc: 	 0.830485215828
Mean Acc : 	 0.5
Mean IoU : 	 0.415242607914
FreqW Acc : 	 0.689705693708
Test:	Time 0.261 (0.462)	Loss 0.1851 (0.2542)	
learning rate = 0.000050
Epoch: [3][0/34]	Time 0.918 (1.285)	Data 0.071 (0.080)	Loss 0.2699 (0.4900)	
Epoch: [3][10/34]	Time 1.071 (1.266)	Data 0.081 (0.080)	Loss 0.1765 (0.4644)	
Epoch: [3][20/34]	Time 1.071 (1.250)	Data 0.083 (0.080)	Loss 0.1736 (0.4423)	
Epoch: [3][30/34]	Time 1.072 (1.237)	Data 0.081 (0.080)	Loss 0.1661 (0.4230)	
Test: [0/9]	Time 0.493 (0.493)	Loss 0.1414 (0.1414)	Prec@1 0.000 (0.000)	Prec@5 0.000 (0.000)
Overall Acc: 	 0.83053645803
Mean Acc : 	 0.5
Mean IoU : 	 0.415268229015
FreqW Acc : 	 0.689790808116
Test:	Time 0.258 (0.466)	Loss 0.1553 (0.1902)	
learning rate = 0.000050
Epoch: [4][0/34]	Time 0.921 (1.229)	Data 0.075 (0.080)	Loss 0.1621 (0.4166)	
Epoch: [4][10/34]	Time 1.067 (1.218)	Data 0.080 (0.080)	Loss 0.2208 (0.4036)	
Epoch: [4][20/34]	Time 1.072 (1.209)	Data 0.081 (0.080)	Loss 0.1807 (0.3935)	
Epoch: [4][30/34]	Time 1.072 (1.200)	Data 0.083 (0.080)	Loss 0.1886 (0.3819)	
Test: [0/9]	Time 0.491 (0.491)	Loss 0.2235 (0.2235)	Prec@1 0.000 (0.000)	Prec@5 0.000 (0.000)
Overall Acc: 	 0.831224356125
Mean Acc : 	 0.5
Mean IoU : 	 0.415612178062
FreqW Acc : 	 0.690933930215
Test:	Time 0.258 (0.466)	Loss 0.1772 (0.1897)	
learning rate = 0.000050
Epoch: [5][0/34]	Time 0.915 (1.195)	Data 0.070 (0.080)	Loss 0.1696 (0.3777)	
Epoch: [5][10/34]	Time 1.071 (1.188)	Data 0.084 (0.080)	Loss 0.2012 (0.3673)	
Epoch: [5][20/34]	Time 1.072 (1.182)	Data 0.083 (0.080)	Loss 0.1876 (0.3570)	
Epoch: [5][30/34]	Time 1.071 (1.176)	Data 0.085 (0.080)	Loss 0.1633 (0.3477)	
Test: [0/9]	Time 0.493 (0.493)	Loss 0.1275 (0.1275)	Prec@1 0.000 (0.000)	Prec@5 0.000 (0.000)
Overall Acc: 	 0.831239387171
Mean Acc : 	 0.5
Mean IoU : 	 0.415619693585
FreqW Acc : 	 0.690958918784
Test:	Time 0.258 (0.468)	Loss 0.1849 (0.1792)	
learning rate = 0.000050
Epoch: [6][0/34]	Time 0.918 (1.172)	Data 0.073 (0.080)	Loss 0.1789 (0.3451)	
Epoch: [6][10/34]	Time 1.071 (1.167)	Data 0.085 (0.080)	Loss 0.1385 (0.3366)	
Epoch: [6][20/34]	Time 1.071 (1.163)	Data 0.085 (0.080)	Loss 0.1192 (0.3288)	
Epoch: [6][30/34]	Time 1.070 (1.159)	Data 0.084 (0.080)	Loss 0.1458 (0.3215)	
Test: [0/9]	Time 0.493 (0.493)	Loss 0.2051 (0.2051)	Prec@1 0.000 (0.000)	Prec@5 0.000 (0.000)
Overall Acc: 	 0.831007772417
Mean Acc : 	 0.5
Mean IoU : 	 0.415503886209
FreqW Acc : 	 0.690573917818
Test:	Time 0.257 (0.468)	Loss 0.1153 (0.1607)	
learning rate = 0.000050
Epoch: [7][0/34]	Time 0.917 (1.156)	Data 0.072 (0.080)	Loss 0.1531 (0.3190)	
Epoch: [7][10/34]	Time 1.071 (1.152)	Data 0.084 (0.080)	Loss 0.1232 (0.3123)	
Epoch: [7][20/34]	Time 1.070 (1.149)	Data 0.082 (0.080)	Loss 0.1474 (0.3056)	
Epoch: [7][30/34]	Time 1.073 (1.146)	Data 0.084 (0.080)	Loss 0.1893 (0.2996)	
Test: [0/9]	Time 0.490 (0.490)	Loss 0.1839 (0.1839)	Prec@1 0.000 (0.000)	Prec@5 0.000 (0.000)
Overall Acc: 	 0.83102109539
Mean Acc : 	 0.5
Mean IoU : 	 0.415510547695
FreqW Acc : 	 0.690596060983
Test:	Time 0.257 (0.465)	Loss 0.2300 (0.1538)	
learning rate = 0.000050
Epoch: [8][0/34]	Time 0.929 (1.144)	Data 0.081 (0.080)	Loss 0.1281 (0.2977)	
Epoch: [8][10/34]	Time 1.069 (1.141)	Data 0.083 (0.080)	Loss 0.1528 (0.2920)	
Epoch: [8][20/34]	Time 1.072 (1.139)	Data 0.081 (0.080)	Loss 0.1610 (0.2865)	
Epoch: [8][30/34]	Time 1.070 (1.137)	Data 0.083 (0.080)	Loss 0.1534 (0.2823)	
Test: [0/9]	Time 0.502 (0.502)	Loss 0.1575 (0.1575)	Prec@1 0.000 (0.000)	Prec@5 0.000 (0.000)
Overall Acc: 	 0.830407099937
Mean Acc : 	 0.5
Mean IoU : 	 0.415203549969
FreqW Acc : 	 0.689575951626
Test:	Time 0.256 (0.467)	Loss 0.1728 (0.1527)	
learning rate = 0.000050
Epoch: [9][0/34]	Time 0.921 (1.134)	Data 0.076 (0.080)	Loss 0.1587 (0.2808)	
Epoch: [9][10/34]	Time 1.072 (1.132)	Data 0.080 (0.080)	Loss 0.1088 (0.2760)	
Epoch: [9][20/34]	Time 1.071 (1.130)	Data 0.081 (0.080)	Loss 0.0881 (0.2715)	
Epoch: [9][30/34]	Time 1.070 (1.129)	Data 0.082 (0.080)	Loss 0.1413 (0.2675)	
Test: [0/9]	Time 0.492 (0.492)	Loss 0.1629 (0.1629)	Prec@1 0.000 (0.000)	Prec@5 0.000 (0.000)
Overall Acc: 	 0.831102513555
Mean Acc : 	 0.5
Mean IoU : 	 0.415551256778
FreqW Acc : 	 0.690731388038
Test:	Time 0.258 (0.467)	Loss 0.0999 (0.1505)	
learning rate = 0.000050
Epoch: [10][0/34]	Time 0.919 (1.127)	Data 0.073 (0.080)	Loss 0.1182 (0.2664)	
Epoch: [10][10/34]	Time 1.072 (1.125)	Data 0.081 (0.080)	Loss 0.1170 (0.2625)	
Epoch: [10][20/34]	Time 1.070 (1.123)	Data 0.082 (0.080)	Loss 0.1105 (0.2588)	
Epoch: [10][30/34]	Time 1.071 (1.122)	Data 0.081 (0.080)	Loss 0.1312 (0.2549)	
Test: [0/9]	Time 0.490 (0.490)	Loss 0.0972 (0.0972)	Prec@1 0.000 (0.000)	Prec@5 0.000 (0.000)
Overall Acc: 	 0.832378786002
Mean Acc : 	 0.5
Mean IoU : 	 0.416189393001
FreqW Acc : 	 0.692854443386
Test:	Time 0.260 (0.467)	Loss 0.1512 (0.1283)	
learning rate = 0.000050
Epoch: [11][0/34]	Time 0.918 (1.120)	Data 0.073 (0.080)	Loss 0.1320 (0.2536)	
Epoch: [11][10/34]	Time 1.069 (1.119)	Data 0.082 (0.080)	Loss 0.1527 (0.2502)	
Epoch: [11][20/34]	Time 1.072 (1.118)	Data 0.083 (0.080)	Loss 0.0999 (0.2466)	
Epoch: [11][30/34]	Time 1.070 (1.117)	Data 0.080 (0.080)	Loss 0.1091 (0.2433)	
Test: [0/9]	Time 0.492 (0.492)	Loss 0.1440 (0.1440)	Prec@1 0.000 (0.000)	Prec@5 0.000 (0.000)
Overall Acc: 	 0.830431012965
Mean Acc : 	 0.5
Mean IoU : 	 0.415215506482
FreqW Acc : 	 0.689615667294
Test:	Time 0.255 (0.475)	Loss 0.1353 (0.1212)	
learning rate = 0.000050
Epoch: [12][0/34]	Time 0.919 (1.115)	Data 0.074 (0.080)	Loss 0.1089 (0.2422)	
Epoch: [12][10/34]	Time 1.072 (1.114)	Data 0.082 (0.080)	Loss 0.0937 (0.2390)	
Epoch: [12][20/34]	Time 1.070 (1.113)	Data 0.084 (0.080)	Loss 0.1038 (0.2361)	
Epoch: [12][30/34]	Time 1.070 (1.112)	Data 0.083 (0.080)	Loss 0.1206 (0.2334)	
Test: [0/9]	Time 0.491 (0.491)	Loss 0.1123 (0.1123)	Prec@1 0.000 (0.000)	Prec@5 0.000 (0.000)
Overall Acc: 	 0.830381592708
Mean Acc : 	 0.5
Mean IoU : 	 0.415190796354
FreqW Acc : 	 0.689533589508
Test:	Time 0.256 (0.462)	Loss 0.1499 (0.1171)	
learning rate = 0.000050
Epoch: [13][0/34]	Time 0.924 (1.111)	Data 0.078 (0.080)	Loss 0.0737 (0.2324)	
Epoch: [13][10/34]	Time 1.073 (1.110)	Data 0.081 (0.080)	Loss 0.1303 (0.2297)	
Epoch: [13][20/34]	Time 1.071 (1.109)	Data 0.084 (0.080)	Loss 0.1006 (0.2270)	
Epoch: [13][30/34]	Time 1.072 (1.108)	Data 0.082 (0.080)	Loss 0.0894 (0.2244)	
Test: [0/9]	Time 0.486 (0.486)	Loss 0.1128 (0.1128)	Prec@1 0.000 (0.000)	Prec@5 0.000 (0.000)
Overall Acc: 	 0.83144663341
Mean Acc : 	 0.5
Mean IoU : 	 0.415723316705
FreqW Acc : 	 0.691303504209
Test:	Time 0.262 (0.474)	Loss 0.1173 (0.1087)	
learning rate = 0.000050
Epoch: [14][0/34]	Time 0.919 (1.107)	Data 0.074 (0.080)	Loss 0.1070 (0.2233)	
Epoch: [14][10/34]	Time 1.071 (1.106)	Data 0.085 (0.080)	Loss 0.1080 (0.2210)	
Epoch: [14][20/34]	Time 1.068 (1.106)	Data 0.083 (0.080)	Loss 0.0976 (0.2185)	
Epoch: [14][30/34]	Time 1.072 (1.105)	Data 0.084 (0.080)	Loss 0.0640 (0.2158)	
Test: [0/9]	Time 0.496 (0.496)	Loss 0.0929 (0.0929)	Prec@1 0.000 (0.000)	Prec@5 0.000 (0.000)
Overall Acc: 	 0.830915080967
Mean Acc : 	 0.5
Mean IoU : 	 0.415457540484
FreqW Acc : 	 0.690419871779
Test:	Time 0.258 (0.473)	Loss 0.1424 (0.1047)	
learning rate = 0.000050
Epoch: [15][0/34]	Time 0.916 (1.104)	Data 0.071 (0.080)	Loss 0.1401 (0.2150)	
Epoch: [15][10/34]	Time 1.072 (1.103)	Data 0.084 (0.080)	Loss 0.0640 (0.2127)	
Epoch: [15][20/34]	Time 1.071 (1.102)	Data 0.082 (0.080)	Loss 0.1142 (0.2109)	
Epoch: [15][30/34]	Time 1.068 (1.102)	Data 0.082 (0.081)	Loss 0.0994 (0.2091)	
Test: [0/9]	Time 0.494 (0.494)	Loss 0.0519 (0.0519)	Prec@1 0.000 (0.000)	Prec@5 0.000 (0.000)
Overall Acc: 	 0.831200101482
Mean Acc : 	 0.5
Mean IoU : 	 0.415600050741
FreqW Acc : 	 0.690893608704
Test:	Time 0.258 (0.466)	Loss 0.1168 (0.1213)	
learning rate = 0.000050
Epoch: [16][0/34]	Time 0.917 (1.101)	Data 0.070 (0.080)	Loss 0.1052 (0.2085)	
Epoch: [16][10/34]	Time 1.071 (1.100)	Data 0.081 (0.080)	Loss 0.1024 (0.2066)	
Epoch: [16][20/34]	Time 1.070 (1.100)	Data 0.083 (0.080)	Loss 0.1499 (0.2047)	
Epoch: [16][30/34]	Time 1.071 (1.099)	Data 0.085 (0.080)	Loss 0.0652 (0.2030)	
Test: [0/9]	Time 0.497 (0.497)	Loss 0.1170 (0.1170)	Prec@1 0.000 (0.000)	Prec@5 0.000 (0.000)
Overall Acc: 	 0.830283321551
Mean Acc : 	 0.5
Mean IoU : 	 0.415141660776
FreqW Acc : 	 0.689370394046
Test:	Time 0.258 (0.474)	Loss 0.0584 (0.1031)	
learning rate = 0.000050
Epoch: [17][0/34]	Time 0.919 (1.098)	Data 0.073 (0.080)	Loss 0.1108 (0.2023)	
Epoch: [17][10/34]	Time 1.072 (1.098)	Data 0.083 (0.080)	Loss 0.0926 (0.2003)	
Epoch: [17][20/34]	Time 1.072 (1.097)	Data 0.083 (0.081)	Loss 0.1331 (0.1986)	
Epoch: [17][30/34]	Time 1.072 (1.097)	Data 0.075 (0.081)	Loss 0.0870 (0.1969)	
Test: [0/9]	Time 0.490 (0.490)	Loss 0.1157 (0.1157)	Prec@1 0.000 (0.000)	Prec@5 0.000 (0.000)
Overall Acc: 	 0.830584853443
Mean Acc : 	 0.5
Mean IoU : 	 0.415292426721
FreqW Acc : 	 0.689871198769
Test:	Time 0.256 (0.468)	Loss 0.0697 (0.1003)	
learning rate = 0.000050
Epoch: [18][0/34]	Time 0.921 (1.096)	Data 0.075 (0.081)	Loss 0.1100 (0.1963)	
Epoch: [18][10/34]	Time 1.071 (1.096)	Data 0.085 (0.081)	Loss 0.1126 (0.1949)	
Epoch: [18][20/34]	Time 1.069 (1.095)	Data 0.087 (0.081)	Loss 0.0740 (0.1931)	
Epoch: [18][30/34]	Time 1.071 (1.095)	Data 0.085 (0.081)	Loss 0.0516 (0.1913)	
Test: [0/9]	Time 0.490 (0.490)	Loss 0.1056 (0.1056)	Prec@1 0.000 (0.000)	Prec@5 0.000 (0.000)
Overall Acc: 	 0.831164573556
Mean Acc : 	 0.5
Mean IoU : 	 0.415582286778
FreqW Acc : 	 0.690834548334
Test:	Time 0.258 (0.469)	Loss 0.0613 (0.0930)	
learning rate = 0.000050
Epoch: [19][0/34]	Time 0.919 (1.094)	Data 0.073 (0.081)	Loss 0.0750 (0.1908)	
Epoch: [19][10/34]	Time 1.071 (1.094)	Data 0.084 (0.081)	Loss 0.0656 (0.1893)	
Epoch: [19][20/34]	Time 1.072 (1.093)	Data 0.083 (0.081)	Loss 0.0706 (0.1876)	
Epoch: [19][30/34]	Time 1.071 (1.093)	Data 0.081 (0.081)	Loss 0.0885 (0.1861)	
Test: [0/9]	Time 0.494 (0.494)	Loss 0.1064 (0.1064)	Prec@1 0.000 (0.000)	Prec@5 0.000 (0.000)
Overall Acc: 	 0.830571644342
Mean Acc : 	 0.5
Mean IoU : 	 0.415285822171
FreqW Acc : 	 0.689849256385
Test:	Time 0.256 (0.468)	Loss 0.0538 (0.0966)	
learning rate = 0.000050
Epoch: [20][0/34]	Time 0.927 (1.092)	Data 0.080 (0.081)	Loss 0.0814 (0.1856)	
Epoch: [20][10/34]	Time 1.072 (1.092)	Data 0.082 (0.081)	Loss 0.0982 (0.1841)	
Epoch: [20][20/34]	Time 1.072 (1.092)	Data 0.084 (0.081)	Loss 0.1119 (0.1829)	
Epoch: [20][30/34]	Time 1.072 (1.091)	Data 0.082 (0.081)	Loss 0.0583 (0.1814)	
Test: [0/9]	Time 0.492 (0.492)	Loss 0.1231 (0.1231)	Prec@1 0.000 (0.000)	Prec@5 0.000 (0.000)
Overall Acc: 	 0.831385825997
Mean Acc : 	 0.5
Mean IoU : 	 0.415692912998
FreqW Acc : 	 0.691202391669
Test:	Time 0.261 (0.471)	Loss 0.0726 (0.0877)	
learning rate = 0.000050
Epoch: [21][0/34]	Time 0.920 (1.091)	Data 0.074 (0.081)	Loss 0.0807 (0.1808)	
Epoch: [21][10/34]	Time 1.070 (1.090)	Data 0.082 (0.081)	Loss 0.0636 (0.1796)	
Epoch: [21][20/34]	Time 1.075 (1.090)	Data 0.071 (0.081)	Loss 0.0622 (0.1782)	
Epoch: [21][30/34]	Time 1.070 (1.090)	Data 0.083 (0.081)	Loss 0.0920 (0.1769)	
Test: [0/9]	Time 0.492 (0.492)	Loss 0.0812 (0.0812)	Prec@1 0.000 (0.000)	Prec@5 0.000 (0.000)
Overall Acc: 	 0.831386281483
Mean Acc : 	 0.5
Mean IoU : 	 0.415693140742
FreqW Acc : 	 0.691203149038
Test:	Time 0.260 (0.467)	Loss 0.1386 (0.0867)	
learning rate = 0.000050
Epoch: [22][0/34]	Time 0.925 (1.089)	Data 0.080 (0.081)	Loss 0.0779 (0.1764)	
Epoch: [22][10/34]	Time 1.071 (1.089)	Data 0.083 (0.081)	Loss 0.0885 (0.1750)	
Epoch: [22][20/34]	Time 1.071 (1.089)	Data 0.081 (0.081)	Loss 0.0701 (0.1737)	
Epoch: [22][30/34]	Time 1.072 (1.088)	Data 0.082 (0.081)	Loss 0.0531 (0.1726)	
Test: [0/9]	Time 0.493 (0.493)	Loss 0.0668 (0.0668)	Prec@1 0.000 (0.000)	Prec@5 0.000 (0.000)
Overall Acc: 	 0.831099666766
Mean Acc : 	 0.5
Mean IoU : 	 0.415549833383
FreqW Acc : 	 0.690726656099
Test:	Time 0.256 (0.472)	Loss 0.0667 (0.0843)	
learning rate = 0.000050
Epoch: [23][0/34]	Time 0.918 (1.088)	Data 0.073 (0.081)	Loss 0.0554 (0.1721)	
Epoch: [23][10/34]	Time 1.072 (1.088)	Data 0.082 (0.081)	Loss 0.0653 (0.1710)	
Epoch: [23][20/34]	Time 1.070 (1.087)	Data 0.081 (0.081)	Loss 0.0541 (0.1698)	
Epoch: [23][30/34]	Time 1.072 (1.087)	Data 0.084 (0.081)	Loss 0.0422 (0.1688)	
Test: [0/9]	Time 0.493 (0.493)	Loss 0.1007 (0.1007)	Prec@1 0.000 (0.000)	Prec@5 0.000 (0.000)
Overall Acc: 	 0.831009138876
Mean Acc : 	 0.5
Mean IoU : 	 0.415504569438
FreqW Acc : 	 0.690576188895
Test:	Time 0.256 (0.466)	Loss 0.0668 (0.0869)	
learning rate = 0.000050
Epoch: [24][0/34]	Time 0.914 (1.087)	Data 0.068 (0.081)	Loss 0.0611 (0.1684)	
Epoch: [24][10/34]	Time 1.071 (1.086)	Data 0.068 (0.081)	Loss 0.1609 (0.1673)	
Epoch: [24][20/34]	Time 1.070 (1.086)	Data 0.071 (0.081)	Loss 0.0600 (0.1662)	
Epoch: [24][30/34]	Time 1.072 (1.086)	Data 0.071 (0.080)	Loss 0.0754 (0.1652)	
Test: [0/9]	Time 0.483 (0.483)	Loss 0.1026 (0.1026)	Prec@1 0.000 (0.000)	Prec@5 0.000 (0.000)
Overall Acc: 	 0.830435112341
Mean Acc : 	 0.5
Mean IoU : 	 0.415217556171
FreqW Acc : 	 0.689622475809
Test:	Time 0.253 (0.457)	Loss 0.0669 (0.0851)	
learning rate = 0.000050
Epoch: [25][0/34]	Time 0.916 (1.085)	Data 0.070 (0.080)	Loss 0.0407 (0.1648)	
Epoch: [25][10/34]	Time 1.073 (1.085)	Data 0.085 (0.080)	Loss 0.0742 (0.1636)	
Epoch: [25][20/34]	Time 1.069 (1.085)	Data 0.084 (0.080)	Loss 0.0840 (0.1628)	
Epoch: [25][30/34]	Time 1.072 (1.085)	Data 0.083 (0.080)	Loss 0.0977 (0.1619)	
Test: [0/9]	Time 0.490 (0.490)	Loss 0.0899 (0.0899)	Prec@1 0.000 (0.000)	Prec@5 0.000 (0.000)
Overall Acc: 	 0.830776271535
Mean Acc : 	 0.5
Mean IoU : 	 0.415388135768
FreqW Acc : 	 0.690189213346
Test:	Time 0.258 (0.470)	Loss 0.0882 (0.0889)	
learning rate = 0.000050
Epoch: [26][0/34]	Time 0.918 (1.084)	Data 0.071 (0.080)	Loss 0.0888 (0.1615)	
Epoch: [26][10/34]	Time 1.071 (1.084)	Data 0.085 (0.080)	Loss 0.1150 (0.1607)	
Epoch: [26][20/34]	Time 1.069 (1.084)	Data 0.082 (0.080)	Loss 0.0588 (0.1597)	
Epoch: [26][30/34]	Time 1.070 (1.084)	Data 0.084 (0.080)	Loss 0.0855 (0.1588)	
Test: [0/9]	Time 0.491 (0.491)	Loss 0.0597 (0.0597)	Prec@1 0.000 (0.000)	Prec@5 0.000 (0.000)
Overall Acc: 	 0.831485463612
Mean Acc : 	 0.5
Mean IoU : 	 0.415742731806
FreqW Acc : 	 0.691368076198
Test:	Time 0.258 (0.463)	Loss 0.0785 (0.0841)	
learning rate = 0.000050
Epoch: [27][0/34]	Time 0.921 (1.083)	Data 0.076 (0.080)	Loss 0.0784 (0.1585)	
Epoch: [27][10/34]	Time 1.072 (1.083)	Data 0.083 (0.080)	Loss 0.0624 (0.1575)	
Epoch: [27][20/34]	Time 1.072 (1.083)	Data 0.083 (0.080)	Loss 0.0580 (0.1566)	
Epoch: [27][30/34]	Time 1.071 (1.083)	Data 0.085 (0.080)	Loss 0.0753 (0.1557)	
Test: [0/9]	Time 0.494 (0.494)	Loss 0.1007 (0.1007)	Prec@1 0.000 (0.000)	Prec@5 0.000 (0.000)
Overall Acc: 	 0.831394024749
Mean Acc : 	 0.5
Mean IoU : 	 0.415697012375
FreqW Acc : 	 0.691216024389
Test:	Time 0.261 (0.469)	Loss 0.1167 (0.0885)	
learning rate = 0.000050
Epoch: [28][0/34]	Time 0.919 (1.082)	Data 0.073 (0.080)	Loss 0.0869 (0.1555)	
Epoch: [28][10/34]	Time 1.072 (1.082)	Data 0.083 (0.080)	Loss 0.0568 (0.1548)	
Epoch: [28][20/34]	Time 1.070 (1.082)	Data 0.083 (0.081)	Loss 0.0628 (0.1539)	
Epoch: [28][30/34]	Time 1.075 (1.082)	Data 0.082 (0.081)	Loss 0.0874 (0.1531)	
Test: [0/9]	Time 0.490 (0.490)	Loss 0.1088 (0.1088)	Prec@1 0.000 (0.000)	Prec@5 0.000 (0.000)
Overall Acc: 	 0.831290857116
Mean Acc : 	 0.5
Mean IoU : 	 0.415645428558
FreqW Acc : 	 0.691044489124
Test:	Time 0.262 (0.466)	Loss 0.0564 (0.0831)	
learning rate = 0.000050
Epoch: [29][0/34]	Time 0.920 (1.082)	Data 0.074 (0.081)	Loss 0.0807 (0.1528)	
Epoch: [29][10/34]	Time 1.071 (1.082)	Data 0.083 (0.081)	Loss 0.0964 (0.1522)	
Epoch: [29][20/34]	Time 1.072 (1.081)	Data 0.081 (0.081)	Loss 0.0873 (0.1513)	
Epoch: [29][30/34]	Time 1.071 (1.081)	Data 0.084 (0.081)	Loss 0.0667 (0.1505)	
Test: [0/9]	Time 0.488 (0.488)	Loss 0.0655 (0.0655)	Prec@1 0.000 (0.000)	Prec@5 0.000 (0.000)
Overall Acc: 	 0.83018322845
Mean Acc : 	 0.5
Mean IoU : 	 0.415091614225
FreqW Acc : 	 0.6892041928
Test:	Time 0.262 (0.467)	Loss 0.0382 (0.0811)	
learning rate = 0.000050
Epoch: [30][0/34]	Time 0.925 (1.081)	Data 0.079 (0.081)	Loss 0.0728 (0.1502)	
Epoch: [30][10/34]	Time 1.070 (1.081)	Data 0.083 (0.081)	Loss 0.0833 (0.1495)	
Epoch: [30][20/34]	Time 1.073 (1.081)	Data 0.084 (0.081)	Loss 0.0821 (0.1487)	
Epoch: [30][30/34]	Time 1.072 (1.081)	Data 0.092 (0.081)	Loss 0.0849 (0.1479)	
Test: [0/9]	Time 0.561 (0.561)	Loss 0.0892 (0.0892)	Prec@1 0.000 (0.000)	Prec@5 0.000 (0.000)
Overall Acc: 	 0.830476333846
Mean Acc : 	 0.5
Mean IoU : 	 0.415238166923
FreqW Acc : 	 0.689690941078
Test:	Time 0.256 (0.487)	Loss 0.0420 (0.0783)	
learning rate = 0.000050
Epoch: [31][0/34]	Time 0.917 (1.080)	Data 0.072 (0.081)	Loss 0.0943 (0.1477)	
Epoch: [31][10/34]	Time 1.069 (1.080)	Data 0.084 (0.081)	Loss 0.0923 (0.1470)	
Epoch: [31][20/34]	Time 1.070 (1.080)	Data 0.084 (0.081)	Loss 0.0737 (0.1463)	
Epoch: [31][30/34]	Time 1.072 (1.080)	Data 0.085 (0.081)	Loss 0.0832 (0.1456)	
Test: [0/9]	Time 0.493 (0.493)	Loss 0.0646 (0.0646)	Prec@1 0.000 (0.000)	Prec@5 0.000 (0.000)
Overall Acc: 	 0.830534066727
Mean Acc : 	 0.5
Mean IoU : 	 0.415267033363
FreqW Acc : 	 0.689786835994
Test:	Time 0.260 (0.484)	Loss 0.0729 (0.0780)	
learning rate = 0.000050
Epoch: [32][0/34]	Time 0.921 (1.079)	Data 0.076 (0.081)	Loss 0.0495 (0.1453)	
Epoch: [32][10/34]	Time 1.070 (1.079)	Data 0.083 (0.081)	Loss 0.0828 (0.1448)	
Epoch: [32][20/34]	Time 1.070 (1.079)	Data 0.084 (0.081)	Loss 0.0589 (0.1440)	
Epoch: [32][30/34]	Time 1.071 (1.079)	Data 0.084 (0.081)	Loss 0.0978 (0.1434)	
Test: [0/9]	Time 0.549 (0.549)	Loss 0.0897 (0.0897)	Prec@1 0.000 (0.000)	Prec@5 0.000 (0.000)
Overall Acc: 	 0.830972813848
Mean Acc : 	 0.5
Mean IoU : 	 0.415486406924
FreqW Acc : 	 0.690515817355
Test:	Time 0.260 (0.484)	Loss 0.1122 (0.0757)	
learning rate = 0.000050
Epoch: [33][0/34]	Time 0.920 (1.079)	Data 0.074 (0.081)	Loss 0.0879 (0.1432)	
Epoch: [33][10/34]	Time 1.072 (1.079)	Data 0.083 (0.081)	Loss 0.0658 (0.1425)	
Epoch: [33][20/34]	Time 1.072 (1.079)	Data 0.083 (0.081)	Loss 0.0750 (0.1419)	
Epoch: [33][30/34]	Time 1.069 (1.079)	Data 0.081 (0.081)	Loss 0.0720 (0.1413)	
Test: [0/9]	Time 0.517 (0.517)	Loss 0.1060 (0.1060)	Prec@1 0.000 (0.000)	Prec@5 0.000 (0.000)
Overall Acc: 	 0.830813393664
Mean Acc : 	 0.5
Mean IoU : 	 0.415406696832
FreqW Acc : 	 0.690250895091
Test:	Time 0.262 (0.484)	Loss 0.0949 (0.0880)	
learning rate = 0.000050
Epoch: [34][0/34]	Time 0.919 (1.078)	Data 0.073 (0.081)	Loss 0.0550 (0.1411)	
Epoch: [34][10/34]	Time 1.071 (1.078)	Data 0.084 (0.081)	Loss 0.0618 (0.1405)	
Epoch: [34][20/34]	Time 1.070 (1.078)	Data 0.086 (0.081)	Loss 0.1171 (0.1400)	
Epoch: [34][30/34]	Time 1.070 (1.078)	Data 0.084 (0.081)	Loss 0.0617 (0.1394)	
Test: [0/9]	Time 0.562 (0.562)	Loss 0.0759 (0.0759)	Prec@1 0.000 (0.000)	Prec@5 0.000 (0.000)
Overall Acc: 	 0.830336157955
Mean Acc : 	 0.5
Mean IoU : 	 0.415168078978
FreqW Acc : 	 0.689458135208
Test:	Time 0.264 (0.489)	Loss 0.1319 (0.0835)	
learning rate = 0.000050
Epoch: [35][0/34]	Time 0.924 (1.078)	Data 0.076 (0.081)	Loss 0.0723 (0.1392)	
Epoch: [35][10/34]	Time 1.068 (1.078)	Data 0.068 (0.081)	Loss 0.0587 (0.1387)	
Epoch: [35][20/34]	Time 1.071 (1.077)	Data 0.070 (0.081)	Loss 0.0947 (0.1382)	
Epoch: [35][30/34]	Time 1.071 (1.077)	Data 0.071 (0.081)	Loss 0.0746 (0.1376)	
Test: [0/9]	Time 0.484 (0.484)	Loss 0.0781 (0.0781)	Prec@1 0.000 (0.000)	Prec@5 0.000 (0.000)
Overall Acc: 	 0.831600246145
Mean Acc : 	 0.5
Mean IoU : 	 0.415800123072
FreqW Acc : 	 0.691558969388
Test:	Time 0.262 (0.468)	Loss 0.0841 (0.0745)	
learning rate = 0.000050
Epoch: [36][0/34]	Time 0.919 (1.077)	Data 0.074 (0.081)	Loss 0.0926 (0.1374)	
Epoch: [36][10/34]	Time 1.071 (1.077)	Data 0.086 (0.081)	Loss 0.0663 (0.1368)	
Epoch: [36][20/34]	Time 1.071 (1.077)	Data 0.086 (0.081)	Loss 0.0774 (0.1362)	
Epoch: [36][30/34]	Time 1.070 (1.077)	Data 0.087 (0.081)	Loss 0.0604 (0.1357)	
Test: [0/9]	Time 0.507 (0.507)	Loss 0.0768 (0.0768)	Prec@1 0.000 (0.000)	Prec@5 0.000 (0.000)
Overall Acc: 	 0.83145175763
Mean Acc : 	 0.5
Mean IoU : 	 0.415725878815
FreqW Acc : 	 0.691312025267
Test:	Time 0.258 (0.492)	Loss 0.0642 (0.0784)	
learning rate = 0.000050
Epoch: [37][0/34]	Time 0.921 (1.077)	Data 0.076 (0.081)	Loss 0.0745 (0.1356)	
Epoch: [37][10/34]	Time 1.071 (1.076)	Data 0.086 (0.081)	Loss 0.0539 (0.1350)	
Epoch: [37][20/34]	Time 1.071 (1.076)	Data 0.085 (0.081)	Loss 0.0888 (0.1345)	
Epoch: [37][30/34]	Time 1.071 (1.076)	Data 0.087 (0.081)	Loss 0.0808 (0.1340)	
Test: [0/9]	Time 0.547 (0.547)	Loss 0.0696 (0.0696)	Prec@1 0.000 (0.000)	Prec@5 0.000 (0.000)
Overall Acc: 	 0.831601157117
Mean Acc : 	 0.5
Mean IoU : 	 0.415800578559
FreqW Acc : 	 0.691560484519
Test:	Time 0.254 (0.487)	Loss 0.0740 (0.0731)	
learning rate = 0.000050
Epoch: [38][0/34]	Time 0.925 (1.076)	Data 0.080 (0.081)	Loss 0.0732 (0.1338)	
Epoch: [38][10/34]	Time 1.073 (1.076)	Data 0.086 (0.081)	Loss 0.0584 (0.1333)	
Epoch: [38][20/34]	Time 1.071 (1.076)	Data 0.086 (0.081)	Loss 0.0877 (0.1328)	
Epoch: [38][30/34]	Time 1.070 (1.076)	Data 0.069 (0.081)	Loss 0.0544 (0.1323)	
Test: [0/9]	Time 0.574 (0.574)	Loss 0.0494 (0.0494)	Prec@1 0.000 (0.000)	Prec@5 0.000 (0.000)
Overall Acc: 	 0.830780484783
Mean Acc : 	 0.5
Mean IoU : 	 0.415390242392
FreqW Acc : 	 0.690196213896
Test:	Time 0.258 (0.489)	Loss 0.0849 (0.0772)	
learning rate = 0.000050
Epoch: [39][0/34]	Time 0.922 (1.076)	Data 0.075 (0.081)	Loss 0.0988 (0.1322)	
Epoch: [39][10/34]	Time 1.070 (1.076)	Data 0.083 (0.081)	Loss 0.0899 (0.1316)	
Epoch: [39][20/34]	Time 1.071 (1.076)	Data 0.086 (0.081)	Loss 0.0520 (0.1311)	
Epoch: [39][30/34]	Time 1.071 (1.075)	Data 0.087 (0.081)	Loss 0.0640 (0.1307)	
Test: [0/9]	Time 0.549 (0.549)	Loss 0.1098 (0.1098)	Prec@1 0.000 (0.000)	Prec@5 0.000 (0.000)
Overall Acc: 	 0.831393910878
Mean Acc : 	 0.5
Mean IoU : 	 0.415696955439
FreqW Acc : 	 0.691215835045
Test:	Time 0.261 (0.479)	Loss 0.0985 (0.0734)	
learning rate = 0.000050
Epoch: [40][0/34]	Time 0.922 (1.075)	Data 0.076 (0.081)	Loss 0.0450 (0.1305)	
Epoch: [40][10/34]	Time 1.071 (1.075)	Data 0.086 (0.081)	Loss 0.0535 (0.1301)	
Epoch: [40][20/34]	Time 1.071 (1.075)	Data 0.085 (0.081)	Loss 0.0901 (0.1296)	
Epoch: [40][30/34]	Time 1.071 (1.075)	Data 0.088 (0.081)	Loss 0.0591 (0.1292)	
Test: [0/9]	Time 0.503 (0.503)	Loss 0.0728 (0.0728)	Prec@1 0.000 (0.000)	Prec@5 0.000 (0.000)
Overall Acc: 	 0.831630080494
Mean Acc : 	 0.5
Mean IoU : 	 0.415815040247
FreqW Acc : 	 0.691608590782
Test:	Time 0.257 (0.471)	Loss 0.0665 (0.0724)	
learning rate = 0.000050
Epoch: [41][0/34]	Time 0.921 (1.075)	Data 0.075 (0.081)	Loss 0.0753 (0.1291)	
Epoch: [41][10/34]	Time 1.070 (1.075)	Data 0.086 (0.081)	Loss 0.0762 (0.1286)	
Epoch: [41][20/34]	Time 1.069 (1.075)	Data 0.086 (0.081)	Loss 0.0617 (0.1282)	
Epoch: [41][30/34]	Time 1.071 (1.075)	Data 0.085 (0.081)	Loss 0.0781 (0.1278)	
Test: [0/9]	Time 0.551 (0.551)	Loss 0.0768 (0.0768)	Prec@1 0.000 (0.000)	Prec@5 0.000 (0.000)
Overall Acc: 	 0.831369428492
Mean Acc : 	 0.5
Mean IoU : 	 0.415684714246
FreqW Acc : 	 0.691175126632
Test:	Time 0.259 (0.492)	Loss 0.0613 (0.0725)	
learning rate = 0.000050
Epoch: [42][0/34]	Time 0.920 (1.074)	Data 0.075 (0.081)	Loss 0.0454 (0.1276)	
Epoch: [42][10/34]	Time 1.070 (1.074)	Data 0.083 (0.081)	Loss 0.0553 (0.1271)	
Epoch: [42][20/34]	Time 1.074 (1.074)	Data 0.086 (0.081)	Loss 0.0544 (0.1267)	
Epoch: [42][30/34]	Time 1.070 (1.074)	Data 0.083 (0.081)	Loss 0.0901 (0.1263)	
Test: [0/9]	Time 0.574 (0.574)	Loss 0.0650 (0.0650)	Prec@1 0.000 (0.000)	Prec@5 0.000 (0.000)
Overall Acc: 	 0.831122782693
Mean Acc : 	 0.5
Mean IoU : 	 0.415561391346
FreqW Acc : 	 0.690765079911
Test:	Time 0.260 (0.496)	Loss 0.0561 (0.0749)	
learning rate = 0.000050
Epoch: [43][0/34]	Time 0.924 (1.074)	Data 0.079 (0.081)	Loss 0.0598 (0.1262)	
Epoch: [43][10/34]	Time 1.072 (1.074)	Data 0.087 (0.081)	Loss 0.1324 (0.1258)	
Epoch: [43][20/34]	Time 1.073 (1.074)	Data 0.085 (0.081)	Loss 0.0845 (0.1254)	
Epoch: [43][30/34]	Time 1.072 (1.074)	Data 0.090 (0.081)	Loss 0.0626 (0.1250)	
Test: [0/9]	Time 0.563 (0.563)	Loss 0.0765 (0.0765)	Prec@1 0.000 (0.000)	Prec@5 0.000 (0.000)
Overall Acc: 	 0.830967917371
Mean Acc : 	 0.5
Mean IoU : 	 0.415483958686
FreqW Acc : 	 0.6905076797
Test:	Time 0.258 (0.493)	Loss 0.1220 (0.0716)	
learning rate = 0.000050
Epoch: [44][0/34]	Time 0.916 (1.074)	Data 0.071 (0.081)	Loss 0.0761 (0.1248)	
Epoch: [44][10/34]	Time 1.071 (1.074)	Data 0.070 (0.081)	Loss 0.0700 (0.1244)	
Epoch: [44][20/34]	Time 1.071 (1.074)	Data 0.073 (0.081)	Loss 0.0804 (0.1240)	
Epoch: [44][30/34]	Time 1.073 (1.074)	Data 0.069 (0.081)	Loss 0.0739 (0.1236)	
Test: [0/9]	Time 0.483 (0.483)	Loss 0.0697 (0.0697)	Prec@1 0.000 (0.000)	Prec@5 0.000 (0.000)
Overall Acc: 	 0.831166850987
Mean Acc : 	 0.5
Mean IoU : 	 0.415583425493
FreqW Acc : 	 0.690838334179
Test:	Time 0.263 (0.472)	Loss 0.1265 (0.0784)	
learning rate = 0.000050
Epoch: [45][0/34]	Time 0.916 (1.073)	Data 0.072 (0.081)	Loss 0.0845 (0.1235)	
Epoch: [45][10/34]	Time 1.071 (1.073)	Data 0.083 (0.081)	Loss 0.0463 (0.1232)	
Epoch: [45][20/34]	Time 1.072 (1.073)	Data 0.085 (0.081)	Loss 0.0989 (0.1228)	
Epoch: [45][30/34]	Time 1.070 (1.073)	Data 0.084 (0.081)	Loss 0.0638 (0.1224)	
Test: [0/9]	Time 0.534 (0.534)	Loss 0.0635 (0.0635)	Prec@1 0.000 (0.000)	Prec@5 0.000 (0.000)
Overall Acc: 	 0.830834346031
Mean Acc : 	 0.5
Mean IoU : 	 0.415417173016
FreqW Acc : 	 0.690285710545
Test:	Time 0.258 (0.485)	Loss 0.1103 (0.0721)	
learning rate = 0.000050
Epoch: [46][0/34]	Time 0.919 (1.073)	Data 0.073 (0.081)	Loss 0.0784 (0.1223)	
Epoch: [46][10/34]	Time 1.070 (1.073)	Data 0.083 (0.081)	Loss 0.0628 (0.1219)	
Epoch: [46][20/34]	Time 1.070 (1.073)	Data 0.082 (0.081)	Loss 0.0884 (0.1215)	
Epoch: [46][30/34]	Time 1.072 (1.073)	Data 0.084 (0.081)	Loss 0.0533 (0.1212)	
Test: [0/9]	Time 0.546 (0.546)	Loss 0.0693 (0.0693)	Prec@1 0.000 (0.000)	Prec@5 0.000 (0.000)
Overall Acc: 	 0.831354625189
Mean Acc : 	 0.5
Mean IoU : 	 0.415677312595
FreqW Acc : 	 0.691150512824
Test:	Time 0.258 (0.485)	Loss 0.0676 (0.0736)	
learning rate = 0.000050
Epoch: [47][0/34]	Time 0.920 (1.073)	Data 0.073 (0.081)	Loss 0.0462 (0.1211)	
Epoch: [47][10/34]	Time 1.071 (1.073)	Data 0.083 (0.081)	Loss 0.0296 (0.1208)	
Epoch: [47][20/34]	Time 1.073 (1.073)	Data 0.084 (0.081)	Loss 0.0748 (0.1204)	
Epoch: [47][30/34]	Time 1.071 (1.073)	Data 0.087 (0.081)	Loss 0.0431 (0.1201)	
Test: [0/9]	Time 0.494 (0.494)	Loss 0.1232 (0.1232)	Prec@1 0.000 (0.000)	Prec@5 0.000 (0.000)
Overall Acc: 	 0.829991696486
Mean Acc : 	 0.5
Mean IoU : 	 0.414995848243
FreqW Acc : 	 0.688886216235
Test:	Time 0.256 (0.479)	Loss 0.0651 (0.0736)	
learning rate = 0.000050
Epoch: [48][0/34]	Time 0.920 (1.072)	Data 0.073 (0.081)	Loss 0.0879 (0.1200)	
Epoch: [48][10/34]	Time 1.074 (1.072)	Data 0.073 (0.081)	Loss 0.0685 (0.1196)	
Epoch: [48][20/34]	Time 1.072 (1.072)	Data 0.071 (0.081)	Loss 0.0745 (0.1193)	
Epoch: [48][30/34]	Time 1.071 (1.072)	Data 0.068 (0.081)	Loss 0.0565 (0.1190)	
Test: [0/9]	Time 0.485 (0.485)	Loss 0.0606 (0.0606)	Prec@1 0.000 (0.000)	Prec@5 0.000 (0.000)
Overall Acc: 	 0.830776157664
Mean Acc : 	 0.5
Mean IoU : 	 0.415388078832
FreqW Acc : 	 0.690189024143
Test:	Time 0.256 (0.459)	Loss 0.1496 (0.0728)	
learning rate = 0.000050
Epoch: [49][0/34]	Time 0.915 (1.072)	Data 0.068 (0.081)	Loss 0.1039 (0.1189)	
Epoch: [49][10/34]	Time 1.073 (1.072)	Data 0.072 (0.081)	Loss 0.0844 (0.1186)	
Epoch: [49][20/34]	Time 1.071 (1.072)	Data 0.072 (0.081)	Loss 0.0958 (0.1183)	
Epoch: [49][30/34]	Time 1.072 (1.072)	Data 0.072 (0.081)	Loss 0.0883 (0.1179)	
Test: [0/9]	Time 0.485 (0.485)	Loss 0.0673 (0.0673)	Prec@1 0.000 (0.000)	Prec@5 0.000 (0.000)
Overall Acc: 	 0.831629055649
Mean Acc : 	 0.5
Mean IoU : 	 0.415814527825
FreqW Acc : 	 0.6916068862
Test:	Time 0.255 (0.458)	Loss 0.0804 (0.0716)	
