start training
learning rate = 0.000500
Epoch: [0][0/34]	Time 14.916 (14.916)	Data 0.110 (0.110)	Loss 1.0191 (1.0191)	
Epoch: [0][10/34]	Time 1.073 (2.320)	Data 0.077 (0.078)	Loss 0.5491 (0.8658)	
Epoch: [0][20/34]	Time 1.073 (1.726)	Data 0.075 (0.075)	Loss 0.4631 (0.7236)	
Epoch: [0][30/34]	Time 1.071 (1.515)	Data 0.069 (0.074)	Loss 0.5144 (0.6703)	
Test: [0/9]	Time 0.486 (0.486)	Loss 0.6041 (0.6041)	Prec@1 0.000 (0.000)	Prec@5 0.000 (0.000)
Mean IoU : 	 0.415450366575
Overall Acc: 	 0.830900733151
FreqW Acc : 	 0.69039602835
Mean Acc : 	 0.5
Test:	Time 3.623 (0.834)	Loss 0.6050 (0.5026)	
learning rate = 0.000500
Epoch: [1][0/34]	Time 0.917 (1.734)	Data 0.070 (0.073)	Loss 0.4915 (0.6524)	
Epoch: [1][10/34]	Time 1.072 (1.587)	Data 0.069 (0.072)	Loss 0.4661 (0.6190)	
Epoch: [1][20/34]	Time 1.071 (1.493)	Data 0.068 (0.072)	Loss 0.4643 (0.5932)	
Epoch: [1][30/34]	Time 1.072 (1.428)	Data 0.075 (0.072)	Loss 0.2241 (0.5557)	
Test: [0/9]	Time 0.489 (0.489)	Loss 0.1746 (0.1746)	Prec@1 0.000 (0.000)	Prec@5 0.000 (0.000)
Mean IoU : 	 0.415281495052
Overall Acc: 	 0.830562990103
FreqW Acc : 	 0.689834880529
Mean Acc : 	 0.5
Test:	Time 0.256 (0.459)	Loss 0.1902 (0.1937)	
learning rate = 0.000500
Epoch: [2][0/34]	Time 0.914 (1.401)	Data 0.068 (0.072)	Loss 0.1749 (0.5379)	
Epoch: [2][10/34]	Time 1.070 (1.359)	Data 0.077 (0.072)	Loss 0.1955 (0.4903)	
Epoch: [2][20/34]	Time 1.072 (1.327)	Data 0.077 (0.072)	Loss 0.1066 (0.4518)	
Epoch: [2][30/34]	Time 1.069 (1.301)	Data 0.075 (0.072)	Loss 0.1609 (0.4206)	
Test: [0/9]	Time 0.487 (0.487)	Loss 0.1634 (0.1634)	Prec@1 0.000 (0.000)	Prec@5 0.000 (0.000)
Mean IoU : 	 0.415606313677
Overall Acc: 	 0.831212627354
FreqW Acc : 	 0.690914431873
Mean Acc : 	 0.5
Test:	Time 0.256 (0.460)	Loss 0.2589 (0.1652)	
learning rate = 0.000500
Epoch: [3][0/34]	Time 0.914 (1.287)	Data 0.068 (0.072)	Loss 0.1257 (0.4114)	
Epoch: [3][10/34]	Time 1.070 (1.268)	Data 0.070 (0.072)	Loss 0.1701 (0.3869)	
Epoch: [3][20/34]	Time 1.071 (1.252)	Data 0.069 (0.072)	Loss 0.1249 (0.3667)	
Epoch: [3][30/34]	Time 1.071 (1.239)	Data 0.075 (0.072)	Loss 0.1167 (0.3493)	
Test: [0/9]	Time 0.484 (0.484)	Loss 0.1291 (0.1291)	Prec@1 0.000 (0.000)	Prec@5 0.000 (0.000)
Mean IoU : 	 0.416315221075
Overall Acc: 	 0.83263044215
FreqW Acc : 	 0.693273453194
Mean Acc : 	 0.5
Test:	Time 0.254 (0.457)	Loss 0.1451 (0.1389)	
learning rate = 0.000500
Epoch: [4][0/34]	Time 0.911 (1.230)	Data 0.068 (0.071)	Loss 0.0765 (0.3432)	
Epoch: [4][10/34]	Time 1.069 (1.219)	Data 0.070 (0.071)	Loss 0.1029 (0.3277)	
Epoch: [4][20/34]	Time 1.070 (1.210)	Data 0.076 (0.071)	Loss 0.1733 (0.3148)	
Epoch: [4][30/34]	Time 1.070 (1.202)	Data 0.069 (0.071)	Loss 0.1129 (0.3032)	
Test: [0/9]	Time 0.489 (0.489)	Loss 0.1073 (0.1073)	Prec@1 0.000 (0.000)	Prec@5 0.000 (0.000)
Mean IoU : 	 0.415487659511
Overall Acc: 	 0.830975319023
FreqW Acc : 	 0.690519980825
Mean Acc : 	 0.5
Test:	Time 0.258 (0.459)	Loss 0.1495 (0.1213)	
learning rate = 0.000500
Epoch: [5][0/34]	Time 0.922 (1.196)	Data 0.074 (0.071)	Loss 0.0697 (0.2987)	
Epoch: [5][10/34]	Time 1.072 (1.189)	Data 0.069 (0.071)	Loss 0.0737 (0.2873)	
Epoch: [5][20/34]	Time 1.071 (1.183)	Data 0.076 (0.071)	Loss 0.0927 (0.2777)	
Epoch: [5][30/34]	Time 1.070 (1.177)	Data 0.070 (0.071)	Loss 0.1469 (0.2697)	
Test: [0/9]	Time 0.485 (0.485)	Loss 0.1107 (0.1107)	Prec@1 0.000 (0.000)	Prec@5 0.000 (0.000)
Mean IoU : 	 0.415555242282
Overall Acc: 	 0.831110484564
FreqW Acc : 	 0.690744637553
Mean Acc : 	 0.5
Test:	Time 0.256 (0.460)	Loss 0.1190 (0.1098)	
learning rate = 0.000500
Epoch: [6][0/34]	Time 0.915 (1.173)	Data 0.070 (0.071)	Loss 0.1244 (0.2665)	
Epoch: [6][10/34]	Time 1.071 (1.168)	Data 0.069 (0.071)	Loss 0.0890 (0.2583)	
Epoch: [6][20/34]	Time 1.072 (1.164)	Data 0.076 (0.071)	Loss 0.1040 (0.2509)	
Epoch: [6][30/34]	Time 1.072 (1.160)	Data 0.077 (0.071)	Loss 0.0983 (0.2442)	
Test: [0/9]	Time 0.488 (0.488)	Loss 0.0978 (0.0978)	Prec@1 0.000 (0.000)	Prec@5 0.000 (0.000)
Mean IoU : 	 0.415501267163
Overall Acc: 	 0.831002534325
FreqW Acc : 	 0.690565212055
Mean Acc : 	 0.5
Test:	Time 0.259 (0.460)	Loss 0.0877 (0.1033)	
learning rate = 0.000500
Epoch: [7][0/34]	Time 0.921 (1.157)	Data 0.077 (0.071)	Loss 0.0938 (0.2417)	
Epoch: [7][10/34]	Time 1.072 (1.153)	Data 0.077 (0.071)	Loss 0.1026 (0.2355)	
Epoch: [7][20/34]	Time 1.071 (1.150)	Data 0.070 (0.071)	Loss 0.1344 (0.2301)	
Epoch: [7][30/34]	Time 1.071 (1.147)	Data 0.076 (0.071)	Loss 0.0716 (0.2242)	
Test: [0/9]	Time 0.485 (0.485)	Loss 0.1339 (0.1339)	Prec@1 0.000 (0.000)	Prec@5 0.000 (0.000)
Mean IoU : 	 0.415150770501
Overall Acc: 	 0.830301541001
FreqW Acc : 	 0.689400648989
Mean Acc : 	 0.5
Test:	Time 0.257 (0.460)	Loss 0.0944 (0.0961)	
learning rate = 0.000500
Epoch: [8][0/34]	Time 0.922 (1.144)	Data 0.077 (0.071)	Loss 0.0853 (0.2225)	
Epoch: [8][10/34]	Time 1.072 (1.142)	Data 0.070 (0.071)	Loss 0.0755 (0.2172)	
Epoch: [8][20/34]	Time 1.071 (1.139)	Data 0.069 (0.071)	Loss 0.0882 (0.2124)	
Epoch: [8][30/34]	Time 1.071 (1.137)	Data 0.070 (0.071)	Loss 0.0898 (0.2086)	
Test: [0/9]	Time 0.498 (0.498)	Loss 0.1866 (0.1866)	Prec@1 0.000 (0.000)	Prec@5 0.000 (0.000)
Mean IoU : 	 0.41568573909
Overall Acc: 	 0.83137147818
FreqW Acc : 	 0.691178534732
Mean Acc : 	 0.5
Test:	Time 0.256 (0.460)	Loss 0.0767 (0.1029)	
learning rate = 0.000500
Epoch: [9][0/34]	Time 0.916 (1.135)	Data 0.070 (0.071)	Loss 0.0465 (0.2069)	
Epoch: [9][10/34]	Time 1.071 (1.133)	Data 0.068 (0.071)	Loss 0.0740 (0.2027)	
Epoch: [9][20/34]	Time 1.071 (1.131)	Data 0.070 (0.071)	Loss 0.0953 (0.1992)	
Epoch: [9][30/34]	Time 1.069 (1.129)	Data 0.076 (0.071)	Loss 0.0889 (0.1964)	
Test: [0/9]	Time 0.492 (0.492)	Loss 0.0785 (0.0785)	Prec@1 0.000 (0.000)	Prec@5 0.000 (0.000)
Mean IoU : 	 0.415392975309
Overall Acc: 	 0.830785950618
FreqW Acc : 	 0.690205295744
Mean Acc : 	 0.5
Test:	Time 0.258 (0.460)	Loss 0.1114 (0.0921)	
learning rate = 0.000500
Epoch: [10][0/34]	Time 0.915 (1.127)	Data 0.068 (0.071)	Loss 0.0737 (0.1952)	
Epoch: [10][10/34]	Time 1.070 (1.125)	Data 0.069 (0.071)	Loss 0.0910 (0.1919)	
Epoch: [10][20/34]	Time 1.070 (1.124)	Data 0.070 (0.071)	Loss 0.0640 (0.1888)	
Epoch: [10][30/34]	Time 1.070 (1.122)	Data 0.080 (0.071)	Loss 0.0848 (0.1860)	
Test: [0/9]	Time 0.489 (0.489)	Loss 0.0785 (0.0785)	Prec@1 0.000 (0.000)	Prec@5 0.000 (0.000)
Mean IoU : 	 0.415302732098
Overall Acc: 	 0.830605464195
FreqW Acc : 	 0.689905437151
Mean Acc : 	 0.5
Test:	Time 0.256 (0.460)	Loss 0.1000 (0.0867)	
learning rate = 0.000500
Epoch: [11][0/34]	Time 0.916 (1.121)	Data 0.071 (0.071)	Loss 0.0654 (0.1848)	
Epoch: [11][10/34]	Time 1.067 (1.119)	Data 0.069 (0.071)	Loss 0.0915 (0.1820)	
Epoch: [11][20/34]	Time 1.073 (1.118)	Data 0.076 (0.071)	Loss 0.0900 (0.1793)	
Epoch: [11][30/34]	Time 1.071 (1.117)	Data 0.076 (0.071)	Loss 0.0693 (0.1767)	
Test: [0/9]	Time 0.485 (0.485)	Loss 0.1284 (0.1284)	Prec@1 0.000 (0.000)	Prec@5 0.000 (0.000)
Mean IoU : 	 0.415716655219
Overall Acc: 	 0.831433310438
FreqW Acc : 	 0.691281349705
Mean Acc : 	 0.5
Test:	Time 0.255 (0.459)	Loss 0.0786 (0.0916)	
learning rate = 0.000500
Epoch: [12][0/34]	Time 0.910 (1.115)	Data 0.067 (0.071)	Loss 0.0707 (0.1758)	
Epoch: [12][10/34]	Time 1.070 (1.114)	Data 0.070 (0.071)	Loss 0.1065 (0.1734)	
Epoch: [12][20/34]	Time 1.072 (1.113)	Data 0.068 (0.071)	Loss 0.0625 (0.1712)	
Epoch: [12][30/34]	Time 1.072 (1.112)	Data 0.077 (0.071)	Loss 0.0536 (0.1691)	
Test: [0/9]	Time 0.487 (0.487)	Loss 0.0790 (0.0790)	Prec@1 0.000 (0.000)	Prec@5 0.000 (0.000)
Mean IoU : 	 0.415578756759
Overall Acc: 	 0.831157513519
FreqW Acc : 	 0.690822812279
Mean Acc : 	 0.5
Test:	Time 0.263 (0.461)	Loss 0.1025 (0.0806)	
learning rate = 0.000500
Epoch: [13][0/34]	Time 0.911 (1.111)	Data 0.068 (0.071)	Loss 0.0901 (0.1683)	
Epoch: [13][10/34]	Time 1.072 (1.110)	Data 0.070 (0.071)	Loss 0.0940 (0.1663)	
Epoch: [13][20/34]	Time 1.069 (1.109)	Data 0.071 (0.071)	Loss 0.0545 (0.1642)	
Epoch: [13][30/34]	Time 1.072 (1.108)	Data 0.075 (0.071)	Loss 0.0782 (0.1623)	
Test: [0/9]	Time 0.487 (0.487)	Loss 0.0793 (0.0793)	Prec@1 0.000 (0.000)	Prec@5 0.000 (0.000)
Mean IoU : 	 0.415385345914
Overall Acc: 	 0.830770691829
FreqW Acc : 	 0.690179942402
Mean Acc : 	 0.5
Test:	Time 0.257 (0.460)	Loss 0.0851 (0.0796)	
learning rate = 0.000500
Epoch: [14][0/34]	Time 0.915 (1.107)	Data 0.071 (0.071)	Loss 0.0694 (0.1616)	
Epoch: [14][10/34]	Time 1.071 (1.106)	Data 0.076 (0.071)	Loss 0.0969 (0.1597)	
Epoch: [14][20/34]	Time 1.071 (1.106)	Data 0.068 (0.071)	Loss 0.0594 (0.1580)	
Epoch: [14][30/34]	Time 1.071 (1.105)	Data 0.075 (0.071)	Loss 0.0726 (0.1562)	
Test: [0/9]	Time 0.484 (0.484)	Loss 0.0887 (0.0887)	Prec@1 0.000 (0.000)	Prec@5 0.000 (0.000)
Mean IoU : 	 0.415246764226
Overall Acc: 	 0.830493528451
FreqW Acc : 	 0.6897195008
Mean Acc : 	 0.5
Test:	Time 0.255 (0.460)	Loss 0.0774 (0.0772)	
learning rate = 0.000500
Epoch: [15][0/34]	Time 0.915 (1.104)	Data 0.068 (0.071)	Loss 0.0611 (0.1556)	
Epoch: [15][10/34]	Time 1.070 (1.103)	Data 0.068 (0.071)	Loss 0.0705 (0.1539)	
Epoch: [15][20/34]	Time 1.071 (1.103)	Data 0.075 (0.071)	Loss 0.0608 (0.1526)	
Epoch: [15][30/34]	Time 1.071 (1.102)	Data 0.077 (0.071)	Loss 0.0533 (0.1509)	
Test: [0/9]	Time 0.492 (0.492)	Loss 0.0875 (0.0875)	Prec@1 0.000 (0.000)	Prec@5 0.000 (0.000)
Mean IoU : 	 0.415750645879
Overall Acc: 	 0.831501291759
FreqW Acc : 	 0.691394398197
Mean Acc : 	 0.5
Test:	Time 0.258 (0.461)	Loss 0.0493 (0.0773)	
learning rate = 0.000500
Epoch: [16][0/34]	Time 0.914 (1.101)	Data 0.069 (0.071)	Loss 0.0813 (0.1504)	
Epoch: [16][10/34]	Time 1.071 (1.100)	Data 0.071 (0.071)	Loss 0.0670 (0.1490)	
Epoch: [16][20/34]	Time 1.071 (1.100)	Data 0.076 (0.071)	Loss 0.1045 (0.1477)	
Epoch: [16][30/34]	Time 1.070 (1.099)	Data 0.068 (0.071)	Loss 0.2078 (0.1467)	
Test: [0/9]	Time 0.492 (0.492)	Loss 0.2031 (0.2031)	Prec@1 0.000 (0.000)	Prec@5 0.000 (0.000)
Mean IoU : 	 0.415118487913
Overall Acc: 	 0.830236975826
FreqW Acc : 	 0.689293436029
Mean Acc : 	 0.5
Test:	Time 0.256 (0.461)	Loss 0.1735 (0.1739)	
learning rate = 0.000500
Epoch: [17][0/34]	Time 0.916 (1.098)	Data 0.071 (0.071)	Loss 0.1061 (0.1464)	
Epoch: [17][10/34]	Time 1.072 (1.098)	Data 0.069 (0.071)	Loss 0.5120 (0.1472)	
Epoch: [17][20/34]	Time 1.068 (1.097)	Data 0.069 (0.071)	Loss 0.1874 (0.1493)	
Epoch: [17][30/34]	Time 1.072 (1.097)	Data 0.075 (0.071)	Loss 0.0846 (0.1494)	
Test: [0/9]	Time 0.488 (0.488)	Loss 0.1709 (0.1709)	Prec@1 0.000 (0.000)	Prec@5 0.000 (0.000)
Mean IoU : 	 0.415641386118
Overall Acc: 	 0.831282772235
FreqW Acc : 	 0.691031047415
Mean Acc : 	 0.5
Test:	Time 0.255 (0.460)	Loss 0.1481 (0.1453)	
learning rate = 0.000500
Epoch: [18][0/34]	Time 0.913 (1.096)	Data 0.070 (0.071)	Loss 0.1109 (0.1494)	
Epoch: [18][10/34]	Time 1.070 (1.096)	Data 0.071 (0.071)	Loss 0.1395 (0.1494)	
Epoch: [18][20/34]	Time 1.072 (1.095)	Data 0.075 (0.071)	Loss 0.0475 (0.1489)	
Epoch: [18][30/34]	Time 1.070 (1.095)	Data 0.069 (0.071)	Loss 0.0458 (0.1480)	
Test: [0/9]	Time 0.485 (0.485)	Loss 0.0806 (0.0806)	Prec@1 0.000 (0.000)	Prec@5 0.000 (0.000)
Mean IoU : 	 0.415584678081
Overall Acc: 	 0.831169356161
FreqW Acc : 	 0.690842498621
Mean Acc : 	 0.5
Test:	Time 0.256 (0.460)	Loss 0.0826 (0.1046)	
learning rate = 0.000500
Epoch: [19][0/34]	Time 0.913 (1.094)	Data 0.068 (0.071)	Loss 0.1233 (0.1478)	
Epoch: [19][10/34]	Time 1.070 (1.094)	Data 0.075 (0.071)	Loss 0.0755 (0.1468)	
Epoch: [19][20/34]	Time 1.070 (1.093)	Data 0.075 (0.071)	Loss 0.0794 (0.1459)	
Epoch: [19][30/34]	Time 1.069 (1.093)	Data 0.074 (0.071)	Loss 0.0779 (0.1450)	
Test: [0/9]	Time 0.489 (0.489)	Loss 0.0858 (0.0858)	Prec@1 0.000 (0.000)	Prec@5 0.000 (0.000)
Mean IoU : 	 0.415479289952
Overall Acc: 	 0.830958579903
FreqW Acc : 	 0.690492161515
Mean Acc : 	 0.5
Test:	Time 0.260 (0.460)	Loss 0.1057 (0.0932)	
learning rate = 0.000500
Epoch: [20][0/34]	Time 0.924 (1.092)	Data 0.080 (0.071)	Loss 0.0667 (0.1447)	
Epoch: [20][10/34]	Time 1.072 (1.092)	Data 0.077 (0.071)	Loss 0.1052 (0.1437)	
Epoch: [20][20/34]	Time 1.070 (1.092)	Data 0.077 (0.071)	Loss 0.0981 (0.1430)	
Epoch: [20][30/34]	Time 1.071 (1.091)	Data 0.077 (0.071)	Loss 0.0714 (0.1421)	
Test: [0/9]	Time 0.485 (0.485)	Loss 0.0843 (0.0843)	Prec@1 0.000 (0.000)	Prec@5 0.000 (0.000)
Mean IoU : 	 0.415494548741
Overall Acc: 	 0.830989097481
FreqW Acc : 	 0.690542880133
Mean Acc : 	 0.5
Test:	Time 0.258 (0.460)	Loss 0.0778 (0.0859)	
learning rate = 0.000500
Epoch: [21][0/34]	Time 0.914 (1.091)	Data 0.069 (0.071)	Loss 0.1114 (0.1417)	
Epoch: [21][10/34]	Time 1.070 (1.090)	Data 0.077 (0.071)	Loss 0.0941 (0.1410)	
Epoch: [21][20/34]	Time 1.069 (1.090)	Data 0.071 (0.071)	Loss 0.0691 (0.1402)	
Epoch: [21][30/34]	Time 1.070 (1.090)	Data 0.071 (0.071)	Loss 0.0429 (0.1391)	
Test: [0/9]	Time 0.486 (0.486)	Loss 0.1003 (0.1003)	Prec@1 0.000 (0.000)	Prec@5 0.000 (0.000)
Mean IoU : 	 0.415460387273
Overall Acc: 	 0.830920774545
FreqW Acc : 	 0.690429333571
Mean Acc : 	 0.5
Test:	Time 0.260 (0.460)	Loss 0.0546 (0.0850)	
learning rate = 0.000500
Epoch: [22][0/34]	Time 0.917 (1.089)	Data 0.072 (0.071)	Loss 0.1086 (0.1388)	
Epoch: [22][10/34]	Time 1.069 (1.089)	Data 0.068 (0.071)	Loss 0.0755 (0.1379)	
Epoch: [22][20/34]	Time 1.068 (1.089)	Data 0.071 (0.071)	Loss 0.0822 (0.1372)	
Epoch: [22][30/34]	Time 1.071 (1.088)	Data 0.075 (0.071)	Loss 0.0760 (0.1363)	
Test: [0/9]	Time 0.486 (0.486)	Loss 0.0776 (0.0776)	Prec@1 0.000 (0.000)	Prec@5 0.000 (0.000)
Mean IoU : 	 0.415346743456
Overall Acc: 	 0.830693486911
FreqW Acc : 	 0.690051669197
Mean Acc : 	 0.5
Test:	Time 0.257 (0.459)	Loss 0.0582 (0.0821)	
learning rate = 0.000500
Epoch: [23][0/34]	Time 0.912 (1.088)	Data 0.068 (0.071)	Loss 0.0942 (0.1361)	
Epoch: [23][10/34]	Time 1.071 (1.087)	Data 0.076 (0.071)	Loss 0.0511 (0.1353)	
Epoch: [23][20/34]	Time 1.070 (1.087)	Data 0.069 (0.071)	Loss 0.0553 (0.1345)	
Epoch: [23][30/34]	Time 1.070 (1.087)	Data 0.069 (0.071)	Loss 0.0685 (0.1337)	
Test: [0/9]	Time 0.488 (0.488)	Loss 0.0768 (0.0768)	Prec@1 0.000 (0.000)	Prec@5 0.000 (0.000)
Mean IoU : 	 0.415697581732
Overall Acc: 	 0.831395163465
FreqW Acc : 	 0.691217917833
Mean Acc : 	 0.5
Test:	Time 0.256 (0.460)	Loss 0.1022 (0.0795)	
learning rate = 0.000500
Epoch: [24][0/34]	Time 0.911 (1.086)	Data 0.068 (0.071)	Loss 0.0689 (0.1334)	
Epoch: [24][10/34]	Time 1.073 (1.086)	Data 0.069 (0.071)	Loss 0.0609 (0.1327)	
Epoch: [24][20/34]	Time 1.071 (1.086)	Data 0.071 (0.071)	Loss 0.0896 (0.1320)	
Epoch: [24][30/34]	Time 1.070 (1.086)	Data 0.077 (0.071)	Loss 0.0580 (0.1313)	
Test: [0/9]	Time 0.487 (0.487)	Loss 0.0782 (0.0782)	Prec@1 0.000 (0.000)	Prec@5 0.000 (0.000)
Mean IoU : 	 0.415859677898
Overall Acc: 	 0.831719355797
FreqW Acc : 	 0.691757086807
Mean Acc : 	 0.5
Test:	Time 0.256 (0.459)	Loss 0.0601 (0.0784)	
learning rate = 0.000500
Epoch: [25][0/34]	Time 0.923 (1.085)	Data 0.078 (0.071)	Loss 0.0649 (0.1310)	
Epoch: [25][10/34]	Time 1.070 (1.085)	Data 0.070 (0.071)	Loss 0.0778 (0.1303)	
Epoch: [25][20/34]	Time 1.069 (1.085)	Data 0.069 (0.071)	Loss 0.0900 (0.1296)	
Epoch: [25][30/34]	Time 1.069 (1.085)	Data 0.071 (0.071)	Loss 0.0551 (0.1290)	
Test: [0/9]	Time 0.490 (0.490)	Loss 0.0553 (0.0553)	Prec@1 0.000 (0.000)	Prec@5 0.000 (0.000)
Mean IoU : 	 0.415609046594
Overall Acc: 	 0.831218093189
FreqW Acc : 	 0.690923518444
Mean Acc : 	 0.5
Test:	Time 0.255 (0.458)	Loss 0.0648 (0.0782)	
learning rate = 0.000500
Epoch: [26][0/34]	Time 0.924 (1.084)	Data 0.076 (0.071)	Loss 0.0616 (0.1287)	
Epoch: [26][10/34]	Time 1.068 (1.084)	Data 0.069 (0.071)	Loss 0.0621 (0.1280)	
Epoch: [26][20/34]	Time 1.069 (1.084)	Data 0.077 (0.071)	Loss 0.0764 (0.1274)	
Epoch: [26][30/34]	Time 1.070 (1.084)	Data 0.068 (0.071)	Loss 0.1278 (0.1268)	
Test: [0/9]	Time 0.489 (0.489)	Loss 0.1044 (0.1044)	Prec@1 0.000 (0.000)	Prec@5 0.000 (0.000)
Mean IoU : 	 0.415707146944
Overall Acc: 	 0.831414293887
FreqW Acc : 	 0.69124972808
Mean Acc : 	 0.5
Test:	Time 0.258 (0.461)	Loss 0.0577 (0.0817)	
learning rate = 0.000500
Epoch: [27][0/34]	Time 0.916 (1.083)	Data 0.072 (0.071)	Loss 0.0762 (0.1266)	
Epoch: [27][10/34]	Time 1.069 (1.083)	Data 0.069 (0.071)	Loss 0.0511 (0.1259)	
Epoch: [27][20/34]	Time 1.071 (1.083)	Data 0.078 (0.071)	Loss 0.0824 (0.1254)	
Epoch: [27][30/34]	Time 1.071 (1.083)	Data 0.078 (0.071)	Loss 0.0836 (0.1248)	
Test: [0/9]	Time 0.486 (0.486)	Loss 0.0631 (0.0631)	Prec@1 0.000 (0.000)	Prec@5 0.000 (0.000)
Mean IoU : 	 0.415706577586
Overall Acc: 	 0.831413155171
FreqW Acc : 	 0.691247834592
Mean Acc : 	 0.5
Test:	Time 0.256 (0.460)	Loss 0.0849 (0.0775)	
learning rate = 0.000500
Epoch: [28][0/34]	Time 0.912 (1.082)	Data 0.068 (0.071)	Loss 0.0491 (0.1245)	
Epoch: [28][10/34]	Time 1.070 (1.082)	Data 0.072 (0.071)	Loss 0.0824 (0.1239)	
Epoch: [28][20/34]	Time 1.070 (1.082)	Data 0.070 (0.071)	Loss 0.0697 (0.1233)	
Epoch: [28][30/34]	Time 1.070 (1.082)	Data 0.069 (0.071)	Loss 0.0431 (0.1228)	
Test: [0/9]	Time 0.484 (0.484)	Loss 0.0716 (0.0716)	Prec@1 0.000 (0.000)	Prec@5 0.000 (0.000)
Mean IoU : 	 0.415457825163
Overall Acc: 	 0.830915650325
FreqW Acc : 	 0.690420817955
Mean Acc : 	 0.5
Test:	Time 0.255 (0.460)	Loss 0.0997 (0.0790)	
learning rate = 0.000500
Epoch: [29][0/34]	Time 0.913 (1.081)	Data 0.068 (0.071)	Loss 0.0478 (0.1226)	
Epoch: [29][10/34]	Time 1.069 (1.081)	Data 0.079 (0.071)	Loss 0.0568 (0.1220)	
Epoch: [29][20/34]	Time 1.074 (1.081)	Data 0.069 (0.071)	Loss 0.0569 (0.1214)	
Epoch: [29][30/34]	Time 1.070 (1.081)	Data 0.076 (0.071)	Loss 0.0847 (0.1210)	
Test: [0/9]	Time 0.489 (0.489)	Loss 0.0629 (0.0629)	Prec@1 0.000 (0.000)	Prec@5 0.000 (0.000)
Mean IoU : 	 0.41529487496
Overall Acc: 	 0.83058974992
FreqW Acc : 	 0.689879332672
Mean Acc : 	 0.5
Test:	Time 0.259 (0.459)	Loss 0.1728 (0.0846)	
learning rate = 0.000500
Epoch: [30][0/34]	Time 0.922 (1.080)	Data 0.078 (0.071)	Loss 0.1316 (0.1209)	
Epoch: [30][10/34]	Time 1.068 (1.080)	Data 0.068 (0.071)	Loss 0.0974 (0.1204)	
Epoch: [30][20/34]	Time 1.067 (1.080)	Data 0.078 (0.071)	Loss 0.0723 (0.1200)	
Epoch: [30][30/34]	Time 1.070 (1.080)	Data 0.073 (0.071)	Loss 0.0838 (0.1195)	
Test: [0/9]	Time 0.486 (0.486)	Loss 0.0812 (0.0812)	Prec@1 0.000 (0.000)	Prec@5 0.000 (0.000)
Mean IoU : 	 0.415493011475
Overall Acc: 	 0.830986022949
FreqW Acc : 	 0.690537770337
Mean Acc : 	 0.5
Test:	Time 0.258 (0.460)	Loss 0.0748 (0.0789)	
learning rate = 0.000500
Epoch: [31][0/34]	Time 0.922 (1.080)	Data 0.076 (0.071)	Loss 0.0681 (0.1193)	
Epoch: [31][10/34]	Time 1.071 (1.080)	Data 0.070 (0.071)	Loss 0.0836 (0.1189)	
Epoch: [31][20/34]	Time 1.070 (1.080)	Data 0.072 (0.071)	Loss 0.0610 (0.1184)	
Epoch: [31][30/34]	Time 1.070 (1.079)	Data 0.077 (0.072)	Loss 0.0749 (0.1179)	
Test: [0/9]	Time 0.488 (0.488)	Loss 0.0769 (0.0769)	Prec@1 0.000 (0.000)	Prec@5 0.000 (0.000)
Mean IoU : 	 0.415317307657
Overall Acc: 	 0.830634615315
FreqW Acc : 	 0.689953864159
Mean Acc : 	 0.5
Test:	Time 0.255 (0.461)	Loss 0.0905 (0.0763)	
learning rate = 0.000500
Epoch: [32][0/34]	Time 0.912 (1.079)	Data 0.069 (0.071)	Loss 0.0538 (0.1177)	
Epoch: [32][10/34]	Time 1.073 (1.079)	Data 0.075 (0.071)	Loss 0.0633 (0.1172)	
Epoch: [32][20/34]	Time 1.072 (1.079)	Data 0.075 (0.072)	Loss 0.0542 (0.1168)	
Epoch: [32][30/34]	Time 1.071 (1.079)	Data 0.076 (0.072)	Loss 0.0830 (0.1164)	
Test: [0/9]	Time 0.486 (0.486)	Loss 0.0644 (0.0644)	Prec@1 0.000 (0.000)	Prec@5 0.000 (0.000)
Mean IoU : 	 0.415533606686
Overall Acc: 	 0.831067213372
FreqW Acc : 	 0.690672713141
Mean Acc : 	 0.5
Test:	Time 0.259 (0.461)	Loss 0.0828 (0.0750)	
learning rate = 0.000500
Epoch: [33][0/34]	Time 0.915 (1.078)	Data 0.072 (0.071)	Loss 0.0626 (0.1162)	
Epoch: [33][10/34]	Time 1.070 (1.078)	Data 0.074 (0.072)	Loss 0.0609 (0.1158)	
Epoch: [33][20/34]	Time 1.069 (1.078)	Data 0.075 (0.072)	Loss 0.0798 (0.1154)	
Epoch: [33][30/34]	Time 1.070 (1.078)	Data 0.076 (0.072)	Loss 0.0599 (0.1150)	
Test: [0/9]	Time 0.491 (0.491)	Loss 0.0757 (0.0757)	Prec@1 0.000 (0.000)	Prec@5 0.000 (0.000)
Mean IoU : 	 0.415619351971
Overall Acc: 	 0.831238703941
FreqW Acc : 	 0.69095778293
Mean Acc : 	 0.5
Test:	Time 0.255 (0.462)	Loss 0.0412 (0.0751)	
learning rate = 0.000500
Epoch: [34][0/34]	Time 0.913 (1.078)	Data 0.068 (0.071)	Loss 0.0767 (0.1148)	
Epoch: [34][10/34]	Time 1.073 (1.078)	Data 0.076 (0.072)	Loss 0.0540 (0.1143)	
Epoch: [34][20/34]	Time 1.071 (1.078)	Data 0.077 (0.072)	Loss 0.0834 (0.1139)	
Epoch: [34][30/34]	Time 1.069 (1.078)	Data 0.072 (0.072)	Loss 0.0870 (0.1136)	
Test: [0/9]	Time 0.491 (0.491)	Loss 0.0381 (0.0381)	Prec@1 0.000 (0.000)	Prec@5 0.000 (0.000)
Mean IoU : 	 0.415727017531
Overall Acc: 	 0.831454035062
FreqW Acc : 	 0.69131581242
Mean Acc : 	 0.5
Test:	Time 0.259 (0.461)	Loss 0.0829 (0.0712)	
learning rate = 0.000500
Epoch: [35][0/34]	Time 0.913 (1.077)	Data 0.070 (0.071)	Loss 0.0736 (0.1134)	
Epoch: [35][10/34]	Time 1.069 (1.077)	Data 0.067 (0.071)	Loss 0.0761 (0.1130)	
Epoch: [35][20/34]	Time 1.070 (1.077)	Data 0.076 (0.072)	Loss 0.0768 (0.1125)	
Epoch: [35][30/34]	Time 1.069 (1.077)	Data 0.076 (0.072)	Loss 0.0775 (0.1123)	
Test: [0/9]	Time 0.485 (0.485)	Loss 0.0559 (0.0559)	Prec@1 0.000 (0.000)	Prec@5 0.000 (0.000)
Mean IoU : 	 0.415505594282
Overall Acc: 	 0.831011188564
FreqW Acc : 	 0.690579595519
Mean Acc : 	 0.5
Test:	Time 0.257 (0.460)	Loss 0.0318 (0.0735)	
learning rate = 0.000500
Epoch: [36][0/34]	Time 0.919 (1.077)	Data 0.074 (0.071)	Loss 0.0527 (0.1121)	
Epoch: [36][10/34]	Time 1.073 (1.077)	Data 0.074 (0.072)	Loss 0.0544 (0.1118)	
Epoch: [36][20/34]	Time 1.072 (1.077)	Data 0.076 (0.072)	Loss 0.0667 (0.1114)	
Epoch: [36][30/34]	Time 1.070 (1.076)	Data 0.076 (0.072)	Loss 0.0672 (0.1110)	
Test: [0/9]	Time 0.486 (0.486)	Loss 0.0773 (0.0773)	Prec@1 0.000 (0.000)	Prec@5 0.000 (0.000)
Mean IoU : 	 0.41518356551
Overall Acc: 	 0.83036713102
FreqW Acc : 	 0.689509572278
Mean Acc : 	 0.5
Test:	Time 0.260 (0.459)	Loss 0.0763 (0.0739)	
learning rate = 0.000500
Epoch: [37][0/34]	Time 0.914 (1.076)	Data 0.070 (0.072)	Loss 0.0381 (0.1109)	
Epoch: [37][10/34]	Time 1.070 (1.076)	Data 0.071 (0.072)	Loss 0.0886 (0.1105)	
Epoch: [37][20/34]	Time 1.068 (1.076)	Data 0.072 (0.072)	Loss 0.0576 (0.1102)	
Epoch: [37][30/34]	Time 1.070 (1.076)	Data 0.075 (0.072)	Loss 0.0517 (0.1099)	
Test: [0/9]	Time 0.483 (0.483)	Loss 0.0546 (0.0546)	Prec@1 0.000 (0.000)	Prec@5 0.000 (0.000)
Mean IoU : 	 0.415856432559
Overall Acc: 	 0.831712865118
FreqW Acc : 	 0.691746290002
Mean Acc : 	 0.5
Test:	Time 0.257 (0.459)	Loss 0.1148 (0.0720)	
learning rate = 0.000500
Epoch: [38][0/34]	Time 0.914 (1.076)	Data 0.069 (0.071)	Loss 0.0643 (0.1097)	
Epoch: [38][10/34]	Time 1.072 (1.076)	Data 0.071 (0.071)	Loss 0.0489 (0.1093)	
Epoch: [38][20/34]	Time 1.070 (1.076)	Data 0.070 (0.072)	Loss 0.1245 (0.1090)	
Epoch: [38][30/34]	Time 1.073 (1.075)	Data 0.070 (0.072)	Loss 0.0695 (0.1087)	
Test: [0/9]	Time 0.484 (0.484)	Loss 0.0579 (0.0579)	Prec@1 0.000 (0.000)	Prec@5 0.000 (0.000)
Mean IoU : 	 0.41553463153
Overall Acc: 	 0.83106926306
FreqW Acc : 	 0.690676120003
Mean Acc : 	 0.5
Test:	Time 0.255 (0.459)	Loss 0.0634 (0.0721)	
learning rate = 0.000500
Epoch: [39][0/34]	Time 0.920 (1.075)	Data 0.076 (0.071)	Loss 0.0887 (0.1086)	
Epoch: [39][10/34]	Time 1.070 (1.075)	Data 0.069 (0.072)	Loss 0.0436 (0.1083)	
Epoch: [39][20/34]	Time 1.073 (1.075)	Data 0.076 (0.072)	Loss 0.0402 (0.1079)	
Epoch: [39][30/34]	Time 1.072 (1.075)	Data 0.069 (0.072)	Loss 0.0497 (0.1077)	
Test: [0/9]	Time 0.487 (0.487)	Loss 0.0770 (0.0770)	Prec@1 0.000 (0.000)	Prec@5 0.000 (0.000)
Mean IoU : 	 0.415713239072
Overall Acc: 	 0.831426478144
FreqW Acc : 	 0.691269988559
Mean Acc : 	 0.5
Test:	Time 0.261 (0.460)	Loss 0.0721 (0.0812)	
learning rate = 0.000500
Epoch: [40][0/34]	Time 0.919 (1.075)	Data 0.074 (0.072)	Loss 0.0705 (0.1075)	
Epoch: [40][10/34]	Time 1.071 (1.075)	Data 0.076 (0.072)	Loss 0.0864 (0.1073)	
Epoch: [40][20/34]	Time 1.071 (1.075)	Data 0.069 (0.072)	Loss 0.0801 (0.1071)	
Epoch: [40][30/34]	Time 1.072 (1.075)	Data 0.070 (0.072)	Loss 0.0808 (0.1067)	
Test: [0/9]	Time 0.488 (0.488)	Loss 0.0804 (0.0804)	Prec@1 0.000 (0.000)	Prec@5 0.000 (0.000)
Mean IoU : 	 0.415475475254
Overall Acc: 	 0.830950950509
FreqW Acc : 	 0.690479482151
Mean Acc : 	 0.5
Test:	Time 0.256 (0.460)	Loss 0.0926 (0.0743)	
learning rate = 0.000500
Epoch: [41][0/34]	Time 0.913 (1.074)	Data 0.068 (0.072)	Loss 0.0649 (0.1066)	
Epoch: [41][10/34]	Time 1.070 (1.074)	Data 0.069 (0.072)	Loss 0.0710 (0.1063)	
Epoch: [41][20/34]	Time 1.070 (1.074)	Data 0.078 (0.072)	Loss 0.0520 (0.1060)	
Epoch: [41][30/34]	Time 1.071 (1.074)	Data 0.075 (0.072)	Loss 0.0766 (0.1057)	
Test: [0/9]	Time 0.487 (0.487)	Loss 0.0760 (0.0760)	Prec@1 0.000 (0.000)	Prec@5 0.000 (0.000)
Mean IoU : 	 0.415620092136
Overall Acc: 	 0.831240184272
FreqW Acc : 	 0.690960243948
Mean Acc : 	 0.5
Test:	Time 0.258 (0.460)	Loss 0.0781 (0.0769)	
learning rate = 0.000500
Epoch: [42][0/34]	Time 0.914 (1.074)	Data 0.069 (0.072)	Loss 0.0695 (0.1056)	
Epoch: [42][10/34]	Time 1.072 (1.074)	Data 0.075 (0.072)	Loss 0.0604 (0.1054)	
Epoch: [42][20/34]	Time 1.068 (1.074)	Data 0.076 (0.072)	Loss 0.0598 (0.1051)	
Epoch: [42][30/34]	Time 1.071 (1.074)	Data 0.072 (0.072)	Loss 0.0660 (0.1048)	
Test: [0/9]	Time 0.489 (0.489)	Loss 0.0577 (0.0577)	Prec@1 0.000 (0.000)	Prec@5 0.000 (0.000)
Mean IoU : 	 0.41558063564
Overall Acc: 	 0.83116127128
FreqW Acc : 	 0.690829058876
Mean Acc : 	 0.5
Test:	Time 0.260 (0.460)	Loss 0.1330 (0.0823)	
learning rate = 0.000500
Epoch: [43][0/34]	Time 0.918 (1.073)	Data 0.072 (0.072)	Loss 0.0671 (0.1047)	
Epoch: [43][10/34]	Time 1.071 (1.073)	Data 0.072 (0.072)	Loss 0.0597 (0.1044)	
Epoch: [43][20/34]	Time 1.071 (1.073)	Data 0.074 (0.072)	Loss 0.0566 (0.1042)	
Epoch: [43][30/34]	Time 1.069 (1.073)	Data 0.075 (0.072)	Loss 0.0654 (0.1039)	
Test: [0/9]	Time 0.485 (0.485)	Loss 0.0770 (0.0770)	Prec@1 0.000 (0.000)	Prec@5 0.000 (0.000)
Mean IoU : 	 0.41543425375
Overall Acc: 	 0.830868507499
FreqW Acc : 	 0.690342476754
Mean Acc : 	 0.5
Test:	Time 0.256 (0.460)	Loss 0.0623 (0.0729)	
learning rate = 0.000500
Epoch: [44][0/34]	Time 0.915 (1.073)	Data 0.069 (0.072)	Loss 0.0841 (0.1039)	
Epoch: [44][10/34]	Time 1.070 (1.073)	Data 0.069 (0.072)	Loss 0.0537 (0.1036)	
Epoch: [44][20/34]	Time 1.069 (1.073)	Data 0.071 (0.072)	Loss 0.0570 (0.1033)	
Epoch: [44][30/34]	Time 1.070 (1.073)	Data 0.068 (0.072)	Loss 0.0616 (0.1031)	
Test: [0/9]	Time 0.483 (0.483)	Loss 0.0593 (0.0593)	Prec@1 0.000 (0.000)	Prec@5 0.000 (0.000)
Mean IoU : 	 0.415386598502
Overall Acc: 	 0.830773197003
FreqW Acc : 	 0.690184104859
Mean Acc : 	 0.5
Test:	Time 0.255 (0.459)	Loss 0.0849 (0.0713)	
learning rate = 0.000500
Epoch: [45][0/34]	Time 0.912 (1.073)	Data 0.069 (0.072)	Loss 0.0705 (0.1030)	
Epoch: [45][10/34]	Time 1.072 (1.073)	Data 0.076 (0.072)	Loss 0.0726 (0.1027)	
Epoch: [45][20/34]	Time 1.071 (1.073)	Data 0.071 (0.072)	Loss 0.0480 (0.1024)	
Epoch: [45][30/34]	Time 1.071 (1.073)	Data 0.069 (0.072)	Loss 0.0725 (0.1022)	
Test: [0/9]	Time 0.485 (0.485)	Loss 0.0655 (0.0655)	Prec@1 0.000 (0.000)	Prec@5 0.000 (0.000)
Mean IoU : 	 0.415325449474
Overall Acc: 	 0.830650898948
FreqW Acc : 	 0.689980915923
Mean Acc : 	 0.5
Test:	Time 0.256 (0.460)	Loss 0.0830 (0.0730)	
learning rate = 0.000500
Epoch: [46][0/34]	Time 0.914 (1.072)	Data 0.069 (0.072)	Loss 0.0601 (0.1021)	
Epoch: [46][10/34]	Time 1.072 (1.072)	Data 0.077 (0.072)	Loss 0.0729 (0.1019)	
Epoch: [46][20/34]	Time 1.070 (1.072)	Data 0.076 (0.072)	Loss 0.0487 (0.1016)	
Epoch: [46][30/34]	Time 1.071 (1.072)	Data 0.078 (0.072)	Loss 0.0671 (0.1014)	
Test: [0/9]	Time 0.485 (0.485)	Loss 0.0877 (0.0877)	Prec@1 0.000 (0.000)	Prec@5 0.000 (0.000)
Mean IoU : 	 0.415393601603
Overall Acc: 	 0.830787203205
FreqW Acc : 	 0.690207377009
Mean Acc : 	 0.5
Test:	Time 0.255 (0.460)	Loss 0.0871 (0.0716)	
learning rate = 0.000500
Epoch: [47][0/34]	Time 0.912 (1.072)	Data 0.068 (0.072)	Loss 0.0446 (0.1013)	
Epoch: [47][10/34]	Time 1.072 (1.072)	Data 0.074 (0.072)	Loss 0.0618 (0.1010)	
Epoch: [47][20/34]	Time 1.072 (1.072)	Data 0.077 (0.072)	Loss 0.0487 (0.1008)	
Epoch: [47][30/34]	Time 1.072 (1.072)	Data 0.076 (0.072)	Loss 0.0398 (0.1006)	
Test: [0/9]	Time 0.490 (0.490)	Loss 0.0648 (0.0648)	Prec@1 0.000 (0.000)	Prec@5 0.000 (0.000)
Mean IoU : 	 0.415713011329
Overall Acc: 	 0.831426022658
FreqW Acc : 	 0.691269231152
Mean Acc : 	 0.5
Test:	Time 0.259 (0.460)	Loss 0.1000 (0.0766)	
learning rate = 0.000500
Epoch: [48][0/34]	Time 0.915 (1.072)	Data 0.070 (0.072)	Loss 0.0653 (0.1005)	
Epoch: [48][10/34]	Time 1.071 (1.072)	Data 0.077 (0.072)	Loss 0.0853 (0.1003)	
Epoch: [48][20/34]	Time 1.072 (1.072)	Data 0.069 (0.072)	Loss 0.0576 (0.1001)	
Epoch: [48][30/34]	Time 1.070 (1.072)	Data 0.072 (0.072)	Loss 0.0514 (0.0999)	
Test: [0/9]	Time 0.490 (0.490)	Loss 0.1057 (0.1057)	Prec@1 0.000 (0.000)	Prec@5 0.000 (0.000)
Mean IoU : 	 0.415151624537
Overall Acc: 	 0.830303249074
FreqW Acc : 	 0.689403485424
Mean Acc : 	 0.5
Test:	Time 0.257 (0.461)	Loss 0.0971 (0.0700)	
learning rate = 0.000500
Epoch: [49][0/34]	Time 0.915 (1.071)	Data 0.070 (0.072)	Loss 0.0642 (0.0998)	
Epoch: [49][10/34]	Time 1.070 (1.071)	Data 0.077 (0.072)	Loss 0.0789 (0.0996)	
Epoch: [49][20/34]	Time 1.071 (1.071)	Data 0.069 (0.072)	Loss 0.0507 (0.0993)	
Epoch: [49][30/34]	Time 1.072 (1.071)	Data 0.078 (0.072)	Loss 0.0513 (0.0992)	
Test: [0/9]	Time 0.488 (0.488)	Loss 0.0952 (0.0952)	Prec@1 0.000 (0.000)	Prec@5 0.000 (0.000)
Mean IoU : 	 0.415732255623
Overall Acc: 	 0.831464511245
FreqW Acc : 	 0.69133323346
Mean Acc : 	 0.5
Test:	Time 0.256 (0.459)	Loss 0.0641 (0.0723)	
learning rate = 0.000500
Epoch: [50][0/34]	Time 0.912 (1.071)	Data 0.068 (0.071)	Loss 0.0756 (0.0991)	
Epoch: [50][10/34]	Time 1.069 (1.071)	Data 0.079 (0.071)	Loss 0.0566 (0.0989)	
Epoch: [50][20/34]	Time 1.068 (1.071)	Data 0.070 (0.071)	Loss 0.0471 (0.0987)	
Epoch: [50][30/34]	Time 1.071 (1.071)	Data 0.068 (0.071)	Loss 0.0454 (0.0984)	
Test: [0/9]	Time 0.483 (0.483)	Loss 0.0550 (0.0550)	Prec@1 0.000 (0.000)	Prec@5 0.000 (0.000)
Mean IoU : 	 0.415415009456
Overall Acc: 	 0.830830018912
FreqW Acc : 	 0.690278520325
Mean Acc : 	 0.5
Test:	Time 0.256 (0.459)	Loss 0.0434 (0.0702)	
learning rate = 0.000500
Epoch: [51][0/34]	Time 0.912 (1.071)	Data 0.068 (0.071)	Loss 0.0709 (0.0984)	
Epoch: [51][10/34]	Time 1.070 (1.071)	Data 0.074 (0.071)	Loss 0.0686 (0.0982)	
Epoch: [51][20/34]	Time 1.071 (1.071)	Data 0.070 (0.071)	Loss 0.0696 (0.0979)	
Epoch: [51][30/34]	Time 1.071 (1.071)	Data 0.068 (0.071)	Loss 0.0623 (0.0977)	
Test: [0/9]	Time 0.490 (0.490)	Loss 0.0624 (0.0624)	Prec@1 0.000 (0.000)	Prec@5 0.000 (0.000)
Mean IoU : 	 0.415389160612
Overall Acc: 	 0.830778321223
FreqW Acc : 	 0.690192619015
Mean Acc : 	 0.5
Test:	Time 0.257 (0.461)	Loss 0.0848 (0.0703)	
learning rate = 0.000500
Epoch: [52][0/34]	Time 0.916 (1.071)	Data 0.071 (0.071)	Loss 0.0615 (0.0977)	
Epoch: [52][10/34]	Time 1.071 (1.071)	Data 0.069 (0.071)	Loss 0.0947 (0.0975)	
Epoch: [52][20/34]	Time 1.071 (1.071)	Data 0.069 (0.071)	Loss 0.0572 (0.0973)	
Epoch: [52][30/34]	Time 1.070 (1.071)	Data 0.070 (0.071)	Loss 0.0516 (0.0971)	
Test: [0/9]	Time 0.482 (0.482)	Loss 0.0546 (0.0546)	Prec@1 0.000 (0.000)	Prec@5 0.000 (0.000)
Mean IoU : 	 0.415702535145
Overall Acc: 	 0.831405070291
FreqW Acc : 	 0.691234390905
Mean Acc : 	 0.5
Test:	Time 0.257 (0.459)	Loss 0.0944 (0.0707)	
learning rate = 0.000500
Epoch: [53][0/34]	Time 0.915 (1.070)	Data 0.070 (0.071)	Loss 0.0856 (0.0971)	
Epoch: [53][10/34]	Time 1.069 (1.070)	Data 0.074 (0.071)	Loss 0.0580 (0.0969)	
Epoch: [53][20/34]	Time 1.071 (1.070)	Data 0.071 (0.071)	Loss 0.0782 (0.0967)	
Epoch: [53][30/34]	Time 1.073 (1.070)	Data 0.075 (0.071)	Loss 0.0550 (0.0965)	
Test: [0/9]	Time 0.482 (0.482)	Loss 0.0810 (0.0810)	Prec@1 0.000 (0.000)	Prec@5 0.000 (0.000)
Mean IoU : 	 0.415437840704
Overall Acc: 	 0.830875681407
FreqW Acc : 	 0.690354397954
Mean Acc : 	 0.5
Test:	Time 0.257 (0.461)	Loss 0.0892 (0.0737)	
learning rate = 0.000500
Epoch: [54][0/34]	Time 0.913 (1.070)	Data 0.070 (0.071)	Loss 0.0586 (0.0964)	
Epoch: [54][10/34]	Time 1.070 (1.070)	Data 0.076 (0.071)	Loss 0.0355 (0.0962)	
Epoch: [54][20/34]	Time 1.072 (1.070)	Data 0.068 (0.071)	Loss 0.0397 (0.0960)	
Epoch: [54][30/34]	Time 1.072 (1.070)	Data 0.069 (0.071)	Loss 0.0721 (0.0959)	
Test: [0/9]	Time 0.482 (0.482)	Loss 0.0572 (0.0572)	Prec@1 0.000 (0.000)	Prec@5 0.000 (0.000)
Mean IoU : 	 0.415559569402
Overall Acc: 	 0.831119138803
FreqW Acc : 	 0.690759022885
Mean Acc : 	 0.5
Test:	Time 0.259 (0.459)	Loss 0.0497 (0.0705)	
learning rate = 0.000500
Epoch: [55][0/34]	Time 0.913 (1.070)	Data 0.069 (0.071)	Loss 0.0635 (0.0958)	
Epoch: [55][10/34]	Time 1.072 (1.070)	Data 0.074 (0.071)	Loss 0.0725 (0.0956)	
Epoch: [55][20/34]	Time 1.070 (1.070)	Data 0.069 (0.071)	Loss 0.0734 (0.0955)	
Epoch: [55][30/34]	Time 1.072 (1.070)	Data 0.070 (0.071)	Loss 0.0643 (0.0953)	
Test: [0/9]	Time 0.484 (0.484)	Loss 0.0663 (0.0663)	Prec@1 0.000 (0.000)	Prec@5 0.000 (0.000)
Mean IoU : 	 0.415486919346
Overall Acc: 	 0.830973838692
FreqW Acc : 	 0.690517520591
Mean Acc : 	 0.5
Test:	Time 0.258 (0.461)	Loss 0.0899 (0.0691)	
learning rate = 0.000500
Epoch: [56][0/34]	Time 0.914 (1.070)	Data 0.069 (0.071)	Loss 0.0628 (0.0952)	
Epoch: [56][10/34]	Time 1.069 (1.070)	Data 0.069 (0.071)	Loss 0.0594 (0.0951)	
Epoch: [56][20/34]	Time 1.069 (1.070)	Data 0.068 (0.071)	Loss 0.0412 (0.0949)	
Epoch: [56][30/34]	Time 1.070 (1.070)	Data 0.069 (0.071)	Loss 0.0532 (0.0947)	
Test: [0/9]	Time 0.485 (0.485)	Loss 0.0476 (0.0476)	Prec@1 0.000 (0.000)	Prec@5 0.000 (0.000)
Mean IoU : 	 0.415344750703
Overall Acc: 	 0.830689501407
FreqW Acc : 	 0.690045047747
Mean Acc : 	 0.5
Test:	Time 0.259 (0.457)	Loss 0.0715 (0.0710)	
learning rate = 0.000500
Epoch: [57][0/34]	Time 0.915 (1.069)	Data 0.069 (0.071)	Loss 0.0567 (0.0947)	
Epoch: [57][10/34]	Time 1.070 (1.069)	Data 0.069 (0.071)	Loss 0.0688 (0.0945)	
Epoch: [57][20/34]	Time 1.070 (1.069)	Data 0.069 (0.071)	Loss 0.0476 (0.0943)	
Epoch: [57][30/34]	Time 1.070 (1.069)	Data 0.078 (0.071)	Loss 0.0504 (0.0942)	
Test: [0/9]	Time 0.481 (0.481)	Loss 0.0828 (0.0828)	Prec@1 0.000 (0.000)	Prec@5 0.000 (0.000)
Mean IoU : 	 0.415659320888
Overall Acc: 	 0.831318641776
FreqW Acc : 	 0.691090684165
Mean Acc : 	 0.5
Test:	Time 0.256 (0.459)	Loss 0.0918 (0.0698)	
learning rate = 0.000500
Epoch: [58][0/34]	Time 0.914 (1.069)	Data 0.070 (0.071)	Loss 0.0627 (0.0941)	
Epoch: [58][10/34]	Time 1.071 (1.069)	Data 0.069 (0.071)	Loss 0.0702 (0.0940)	
Epoch: [58][20/34]	Time 1.071 (1.069)	Data 0.069 (0.071)	Loss 0.0737 (0.0938)	
Epoch: [58][30/34]	Time 1.070 (1.069)	Data 0.070 (0.071)	Loss 0.0478 (0.0936)	
Test: [0/9]	Time 0.484 (0.484)	Loss 0.0571 (0.0571)	Prec@1 0.000 (0.000)	Prec@5 0.000 (0.000)
Mean IoU : 	 0.415355967052
Overall Acc: 	 0.830711934104
FreqW Acc : 	 0.690082317463
Mean Acc : 	 0.5
Test:	Time 0.258 (0.460)	Loss 0.0772 (0.0684)	
learning rate = 0.000500
Epoch: [59][0/34]	Time 0.913 (1.069)	Data 0.069 (0.071)	Loss 0.0682 (0.0936)	
Epoch: [59][10/34]	Time 1.071 (1.069)	Data 0.074 (0.071)	Loss 0.0621 (0.0934)	
Epoch: [59][20/34]	Time 1.071 (1.069)	Data 0.070 (0.071)	Loss 0.1009 (0.0933)	
Epoch: [59][30/34]	Time 1.071 (1.069)	Data 0.070 (0.071)	Loss 0.0505 (0.0931)	
Test: [0/9]	Time 0.483 (0.483)	Loss 0.0716 (0.0716)	Prec@1 0.000 (0.000)	Prec@5 0.000 (0.000)
Mean IoU : 	 0.415279559235
Overall Acc: 	 0.83055911847
FreqW Acc : 	 0.689828449274
Mean Acc : 	 0.5
Test:	Time 0.259 (0.461)	Loss 0.0377 (0.0696)	
learning rate = 0.000500
Epoch: [60][0/34]	Time 0.916 (1.069)	Data 0.070 (0.071)	Loss 0.0693 (0.0930)	
Epoch: [60][10/34]	Time 1.070 (1.069)	Data 0.069 (0.071)	Loss 0.0548 (0.0929)	
Epoch: [60][20/34]	Time 1.071 (1.069)	Data 0.072 (0.071)	Loss 0.0640 (0.0927)	
Epoch: [60][30/34]	Time 1.071 (1.069)	Data 0.074 (0.071)	Loss 0.0982 (0.0926)	
Test: [0/9]	Time 0.481 (0.481)	Loss 0.0695 (0.0695)	Prec@1 0.000 (0.000)	Prec@5 0.000 (0.000)
Mean IoU : 	 0.415456857254
Overall Acc: 	 0.830913714509
FreqW Acc : 	 0.690417600958
Mean Acc : 	 0.5
Test:	Time 0.258 (0.462)	Loss 0.0967 (0.0718)	
learning rate = 0.000500
Epoch: [61][0/34]	Time 0.916 (1.069)	Data 0.071 (0.071)	Loss 0.0710 (0.0925)	
Epoch: [61][10/34]	Time 1.070 (1.069)	Data 0.075 (0.071)	Loss 0.0494 (0.0923)	
Epoch: [61][20/34]	Time 1.069 (1.069)	Data 0.070 (0.071)	Loss 0.0608 (0.0922)	
Epoch: [61][30/34]	Time 1.070 (1.069)	Data 0.070 (0.071)	Loss 0.0383 (0.0921)	
Test: [0/9]	Time 0.483 (0.483)	Loss 0.0606 (0.0606)	Prec@1 0.000 (0.000)	Prec@5 0.000 (0.000)
Mean IoU : 	 0.415379481529
Overall Acc: 	 0.830758963058
FreqW Acc : 	 0.690160454702
Mean Acc : 	 0.5
Test:	Time 0.254 (0.459)	Loss 0.0729 (0.0710)	
learning rate = 0.000500
Epoch: [62][0/34]	Time 0.914 (1.068)	Data 0.070 (0.071)	Loss 0.0402 (0.0920)	
Epoch: [62][10/34]	Time 1.070 (1.068)	Data 0.070 (0.071)	Loss 0.0818 (0.0918)	
Epoch: [62][20/34]	Time 1.070 (1.068)	Data 0.071 (0.071)	Loss 0.0582 (0.0917)	
Epoch: [62][30/34]	Time 1.071 (1.068)	Data 0.071 (0.071)	Loss 0.0470 (0.0916)	
Test: [0/9]	Time 0.482 (0.482)	Loss 0.0710 (0.0710)	Prec@1 0.000 (0.000)	Prec@5 0.000 (0.000)
Mean IoU : 	 0.41580433632
Overall Acc: 	 0.83160867264
FreqW Acc : 	 0.69157298441
Mean Acc : 	 0.5
Test:	Time 0.259 (0.459)	Loss 0.0385 (0.0712)	
learning rate = 0.000500
Epoch: [63][0/34]	Time 0.916 (1.068)	Data 0.071 (0.071)	Loss 0.0545 (0.0915)	
Epoch: [63][10/34]	Time 1.070 (1.068)	Data 0.069 (0.071)	Loss 0.0866 (0.0914)	
Epoch: [63][20/34]	Time 1.070 (1.068)	Data 0.069 (0.071)	Loss 0.0535 (0.0912)	
Epoch: [63][30/34]	Time 1.070 (1.068)	Data 0.068 (0.071)	Loss 0.0613 (0.0911)	
Test: [0/9]	Time 0.482 (0.482)	Loss 0.0534 (0.0534)	Prec@1 0.000 (0.000)	Prec@5 0.000 (0.000)
Mean IoU : 	 0.41563757142
Overall Acc: 	 0.83127514284
FreqW Acc : 	 0.691018363104
Mean Acc : 	 0.5
Test:	Time 0.256 (0.458)	Loss 0.0440 (0.0679)	
learning rate = 0.000500
Epoch: [64][0/34]	Time 0.914 (1.068)	Data 0.070 (0.071)	Loss 0.0507 (0.0910)	
Epoch: [64][10/34]	Time 1.072 (1.068)	Data 0.070 (0.071)	Loss 0.0336 (0.0909)	
Epoch: [64][20/34]	Time 1.070 (1.068)	Data 0.068 (0.071)	Loss 0.0577 (0.0907)	
Epoch: [64][30/34]	Time 1.071 (1.068)	Data 0.078 (0.071)	Loss 0.0509 (0.0906)	
Test: [0/9]	Time 0.485 (0.485)	Loss 0.0773 (0.0773)	Prec@1 0.000 (0.000)	Prec@5 0.000 (0.000)
Mean IoU : 	 0.415562586998
Overall Acc: 	 0.831125173996
FreqW Acc : 	 0.690769054849
Mean Acc : 	 0.5
Test:	Time 0.257 (0.460)	Loss 0.1035 (0.0713)	
learning rate = 0.000500
Epoch: [65][0/34]	Time 0.913 (1.068)	Data 0.068 (0.071)	Loss 0.0575 (0.0905)	
Epoch: [65][10/34]	Time 1.068 (1.068)	Data 0.077 (0.071)	Loss 0.0637 (0.0904)	
Epoch: [65][20/34]	Time 1.073 (1.068)	Data 0.068 (0.071)	Loss 0.0554 (0.0903)	
Epoch: [65][30/34]	Time 1.069 (1.068)	Data 0.069 (0.071)	Loss 0.0712 (0.0901)	
Test: [0/9]	Time 0.485 (0.485)	Loss 0.0685 (0.0685)	Prec@1 0.000 (0.000)	Prec@5 0.000 (0.000)
Mean IoU : 	 0.415649755677
Overall Acc: 	 0.831299511354
FreqW Acc : 	 0.691058877578
Mean Acc : 	 0.5
Test:	Time 0.256 (0.460)	Loss 0.0722 (0.0693)	
learning rate = 0.000500
Epoch: [66][0/34]	Time 0.914 (1.068)	Data 0.069 (0.071)	Loss 0.0699 (0.0901)	
Epoch: [66][10/34]	Time 1.071 (1.068)	Data 0.070 (0.071)	Loss 0.0439 (0.0899)	
Epoch: [66][20/34]	Time 1.069 (1.068)	Data 0.068 (0.071)	Loss 0.0717 (0.0898)	
Epoch: [66][30/34]	Time 1.072 (1.068)	Data 0.069 (0.071)	Loss 0.0711 (0.0897)	
Test: [0/9]	Time 0.484 (0.484)	Loss 0.0793 (0.0793)	Prec@1 0.000 (0.000)	Prec@5 0.000 (0.000)
Mean IoU : 	 0.415464429713
Overall Acc: 	 0.830928859426
FreqW Acc : 	 0.690442769427
Mean Acc : 	 0.5
Test:	Time 0.256 (0.458)	Loss 0.0378 (0.0678)	
learning rate = 0.000500
Epoch: [67][0/34]	Time 0.916 (1.068)	Data 0.071 (0.071)	Loss 0.0520 (0.0896)	
Epoch: [67][10/34]	Time 1.070 (1.068)	Data 0.069 (0.071)	Loss 0.1034 (0.0895)	
Epoch: [67][20/34]	Time 1.068 (1.068)	Data 0.069 (0.071)	Loss 0.0509 (0.0894)	
Epoch: [67][30/34]	Time 1.070 (1.068)	Data 0.070 (0.071)	Loss 0.0796 (0.0892)	
Test: [0/9]	Time 0.482 (0.482)	Loss 0.0580 (0.0580)	Prec@1 0.000 (0.000)	Prec@5 0.000 (0.000)
Mean IoU : 	 0.415691831219
Overall Acc: 	 0.831383662437
FreqW Acc : 	 0.691198794168
Mean Acc : 	 0.5
Test:	Time 0.257 (0.460)	Loss 0.0414 (0.0691)	
learning rate = 0.000500
Epoch: [68][0/34]	Time 0.912 (1.067)	Data 0.068 (0.071)	Loss 0.0543 (0.0892)	
Epoch: [68][10/34]	Time 1.070 (1.067)	Data 0.076 (0.071)	Loss 0.0622 (0.0891)	
Epoch: [68][20/34]	Time 1.071 (1.067)	Data 0.077 (0.071)	Loss 0.0767 (0.0890)	
Epoch: [68][30/34]	Time 1.070 (1.067)	Data 0.070 (0.071)	Loss 0.0483 (0.0889)	
Test: [0/9]	Time 0.484 (0.484)	Loss 0.0402 (0.0402)	Prec@1 0.000 (0.000)	Prec@5 0.000 (0.000)
Mean IoU : 	 0.415311215529
Overall Acc: 	 0.830622431058
FreqW Acc : 	 0.689933622976
Mean Acc : 	 0.5
Test:	Time 0.257 (0.461)	Loss 0.0930 (0.0727)	
learning rate = 0.000500
Epoch: [69][0/34]	Time 0.915 (1.067)	Data 0.070 (0.071)	Loss 0.0567 (0.0889)	
Epoch: [69][10/34]	Time 1.069 (1.067)	Data 0.070 (0.071)	Loss 0.0451 (0.0887)	
Epoch: [69][20/34]	Time 1.070 (1.067)	Data 0.069 (0.071)	Loss 0.0480 (0.0886)	
Epoch: [69][30/34]	Time 1.071 (1.067)	Data 0.076 (0.071)	Loss 0.0590 (0.0886)	
Test: [0/9]	Time 0.480 (0.480)	Loss 0.0909 (0.0909)	Prec@1 0.000 (0.000)	Prec@5 0.000 (0.000)
Mean IoU : 	 0.415402654392
Overall Acc: 	 0.830805308783
FreqW Acc : 	 0.690237461102
Mean Acc : 	 0.5
Test:	Time 0.256 (0.460)	Loss 0.0463 (0.0750)	
learning rate = 0.000500
Epoch: [70][0/34]	Time 0.915 (1.067)	Data 0.070 (0.071)	Loss 0.0642 (0.0885)	
Epoch: [70][10/34]	Time 1.071 (1.067)	Data 0.075 (0.071)	Loss 0.0522 (0.0884)	
Epoch: [70][20/34]	Time 1.070 (1.067)	Data 0.069 (0.071)	Loss 0.0657 (0.0883)	
Epoch: [70][30/34]	Time 1.069 (1.067)	Data 0.072 (0.071)	Loss 0.0591 (0.0882)	
Test: [0/9]	Time 0.483 (0.483)	Loss 0.0663 (0.0663)	Prec@1 0.000 (0.000)	Prec@5 0.000 (0.000)
Mean IoU : 	 0.415358870777
Overall Acc: 	 0.830717741553
FreqW Acc : 	 0.690091966132
Mean Acc : 	 0.5
Test:	Time 0.258 (0.461)	Loss 0.0771 (0.0684)	
learning rate = 0.000500
Epoch: [71][0/34]	Time 0.915 (1.067)	Data 0.070 (0.071)	Loss 0.0910 (0.0881)	
Epoch: [71][10/34]	Time 1.069 (1.067)	Data 0.071 (0.071)	Loss 0.0701 (0.0880)	
Epoch: [71][20/34]	Time 1.072 (1.067)	Data 0.069 (0.071)	Loss 0.0645 (0.0879)	
Epoch: [71][30/34]	Time 1.069 (1.067)	Data 0.069 (0.071)	Loss 0.0607 (0.0878)	
Test: [0/9]	Time 0.484 (0.484)	Loss 0.0844 (0.0844)	Prec@1 0.000 (0.000)	Prec@5 0.000 (0.000)
Mean IoU : 	 0.41542696597
Overall Acc: 	 0.830853931939
FreqW Acc : 	 0.690318256219
Mean Acc : 	 0.5
Test:	Time 0.256 (0.459)	Loss 0.0789 (0.0720)	
learning rate = 0.000500
Epoch: [72][0/34]	Time 0.912 (1.067)	Data 0.067 (0.071)	Loss 0.0749 (0.0877)	
Epoch: [72][10/34]	Time 1.070 (1.067)	Data 0.070 (0.071)	Loss 0.0568 (0.0876)	
Epoch: [72][20/34]	Time 1.069 (1.067)	Data 0.071 (0.071)	Loss 0.0496 (0.0875)	
Epoch: [72][30/34]	Time 1.071 (1.067)	Data 0.070 (0.071)	Loss 0.0557 (0.0874)	
Test: [0/9]	Time 0.484 (0.484)	Loss 0.0602 (0.0602)	Prec@1 0.000 (0.000)	Prec@5 0.000 (0.000)
Mean IoU : 	 0.415223762171
Overall Acc: 	 0.830447524341
FreqW Acc : 	 0.689643090684
Mean Acc : 	 0.5
Test:	Time 0.258 (0.459)	Loss 0.1141 (0.0679)	
learning rate = 0.000500
Epoch: [73][0/34]	Time 0.914 (1.067)	Data 0.069 (0.071)	Loss 0.0598 (0.0874)	
Epoch: [73][10/34]	Time 1.070 (1.067)	Data 0.078 (0.071)	Loss 0.0779 (0.0872)	
Epoch: [73][20/34]	Time 1.070 (1.067)	Data 0.070 (0.071)	Loss 0.0506 (0.0871)	
Epoch: [73][30/34]	Time 1.069 (1.067)	Data 0.071 (0.071)	Loss 0.0739 (0.0870)	
Test: [0/9]	Time 0.484 (0.484)	Loss 0.0608 (0.0608)	Prec@1 0.000 (0.000)	Prec@5 0.000 (0.000)
Mean IoU : 	 0.415525294062
Overall Acc: 	 0.831050588124
FreqW Acc : 	 0.690645080021
Mean Acc : 	 0.5
Test:	Time 0.258 (0.461)	Loss 0.0732 (0.0707)	
learning rate = 0.000500
Epoch: [74][0/34]	Time 0.916 (1.067)	Data 0.071 (0.071)	Loss 0.0646 (0.0870)	
Epoch: [74][10/34]	Time 1.070 (1.067)	Data 0.070 (0.071)	Loss 0.0312 (0.0869)	
Epoch: [74][20/34]	Time 1.068 (1.067)	Data 0.069 (0.071)	Loss 0.0636 (0.0868)	
Epoch: [74][30/34]	Time 1.070 (1.067)	Data 0.070 (0.071)	Loss 0.0626 (0.0866)	
Test: [0/9]	Time 0.487 (0.487)	Loss 0.0890 (0.0890)	Prec@1 0.000 (0.000)	Prec@5 0.000 (0.000)
Mean IoU : 	 0.415511971089
Overall Acc: 	 0.831023942179
FreqW Acc : 	 0.690600792474
Mean Acc : 	 0.5
Test:	Time 0.255 (0.459)	Loss 0.0502 (0.0743)	
learning rate = 0.000500
Epoch: [75][0/34]	Time 0.915 (1.066)	Data 0.070 (0.071)	Loss 0.0503 (0.0866)	
Epoch: [75][10/34]	Time 1.070 (1.066)	Data 0.069 (0.071)	Loss 0.0573 (0.0865)	
Epoch: [75][20/34]	Time 1.070 (1.066)	Data 0.069 (0.071)	Loss 0.0684 (0.0864)	
Epoch: [75][30/34]	Time 1.071 (1.066)	Data 0.073 (0.071)	Loss 0.0559 (0.0863)	
Test: [0/9]	Time 0.486 (0.486)	Loss 0.0670 (0.0670)	Prec@1 0.000 (0.000)	Prec@5 0.000 (0.000)
Mean IoU : 	 0.415241810813
Overall Acc: 	 0.830483621626
FreqW Acc : 	 0.689703045789
Mean Acc : 	 0.5
Test:	Time 0.257 (0.459)	Loss 0.0404 (0.0684)	
learning rate = 0.000500
Epoch: [76][0/34]	Time 0.915 (1.066)	Data 0.070 (0.071)	Loss 0.0790 (0.0863)	
Epoch: [76][10/34]	Time 1.070 (1.066)	Data 0.081 (0.071)	Loss 0.0731 (0.0862)	
Epoch: [76][20/34]	Time 1.070 (1.066)	Data 0.074 (0.071)	Loss 0.0690 (0.0861)	
Epoch: [76][30/34]	Time 1.069 (1.066)	Data 0.070 (0.071)	Loss 0.0465 (0.0860)	
Test: [0/9]	Time 0.483 (0.483)	Loss 0.0557 (0.0557)	Prec@1 0.000 (0.000)	Prec@5 0.000 (0.000)
Mean IoU : 	 0.415463689548
Overall Acc: 	 0.830927379096
FreqW Acc : 	 0.690440309331
Mean Acc : 	 0.5
Test:	Time 0.256 (0.459)	Loss 0.0865 (0.0697)	
learning rate = 0.000500
Epoch: [77][0/34]	Time 0.913 (1.066)	Data 0.069 (0.071)	Loss 0.0489 (0.0860)	
Epoch: [77][10/34]	Time 1.071 (1.066)	Data 0.070 (0.071)	Loss 0.0689 (0.0859)	
Epoch: [77][20/34]	Time 1.070 (1.066)	Data 0.069 (0.071)	Loss 0.0522 (0.0858)	
Epoch: [77][30/34]	Time 1.071 (1.066)	Data 0.070 (0.071)	Loss 0.0544 (0.0857)	
Test: [0/9]	Time 0.480 (0.480)	Loss 0.0771 (0.0771)	Prec@1 0.000 (0.000)	Prec@5 0.000 (0.000)
Mean IoU : 	 0.415786629293
Overall Acc: 	 0.831573258585
FreqW Acc : 	 0.691514084394
Mean Acc : 	 0.5
Test:	Time 0.256 (0.460)	Loss 0.0460 (0.0681)	
learning rate = 0.000500
Epoch: [78][0/34]	Time 0.916 (1.066)	Data 0.071 (0.071)	Loss 0.0517 (0.0856)	
Epoch: [78][10/34]	Time 1.069 (1.066)	Data 0.069 (0.071)	Loss 0.0750 (0.0856)	
Epoch: [78][20/34]	Time 1.070 (1.066)	Data 0.069 (0.071)	Loss 0.0587 (0.0855)	
Epoch: [78][30/34]	Time 1.072 (1.066)	Data 0.070 (0.071)	Loss 0.0440 (0.0853)	
Test: [0/9]	Time 0.490 (0.490)	Loss 0.0335 (0.0335)	Prec@1 0.000 (0.000)	Prec@5 0.000 (0.000)
Mean IoU : 	 0.415494036319
Overall Acc: 	 0.830988072637
FreqW Acc : 	 0.690541176865
Mean Acc : 	 0.5
Test:	Time 0.258 (0.461)	Loss 0.0800 (0.0681)	
learning rate = 0.000500
Epoch: [79][0/34]	Time 0.915 (1.066)	Data 0.070 (0.071)	Loss 0.0448 (0.0853)	
Epoch: [79][10/34]	Time 1.070 (1.066)	Data 0.069 (0.071)	Loss 0.0604 (0.0852)	
Epoch: [79][20/34]	Time 1.069 (1.066)	Data 0.070 (0.071)	Loss 0.0819 (0.0851)	
Epoch: [79][30/34]	Time 1.070 (1.066)	Data 0.071 (0.071)	Loss 0.0694 (0.0850)	
Test: [0/9]	Time 0.483 (0.483)	Loss 0.0626 (0.0626)	Prec@1 0.000 (0.000)	Prec@5 0.000 (0.000)
Mean IoU : 	 0.415631080741
Overall Acc: 	 0.831262161483
FreqW Acc : 	 0.690996781113
Mean Acc : 	 0.5
Test:	Time 0.257 (0.460)	Loss 0.0864 (0.0679)	
learning rate = 0.000500
Epoch: [80][0/34]	Time 0.914 (1.066)	Data 0.069 (0.071)	Loss 0.0429 (0.0850)	
Epoch: [80][10/34]	Time 1.069 (1.066)	Data 0.070 (0.071)	Loss 0.0607 (0.0849)	
Epoch: [80][20/34]	Time 1.068 (1.066)	Data 0.068 (0.071)	Loss 0.0801 (0.0848)	
Epoch: [80][30/34]	Time 1.070 (1.066)	Data 0.070 (0.071)	Loss 0.0444 (0.0847)	
Test: [0/9]	Time 0.484 (0.484)	Loss 0.0756 (0.0756)	Prec@1 0.000 (0.000)	Prec@5 0.000 (0.000)
Mean IoU : 	 0.415265439162
Overall Acc: 	 0.830530878323
FreqW Acc : 	 0.689781539848
Mean Acc : 	 0.5
Test:	Time 0.256 (0.458)	Loss 0.0931 (0.0683)	
learning rate = 0.000500
Epoch: [81][0/34]	Time 0.911 (1.066)	Data 0.068 (0.071)	Loss 0.0701 (0.0847)	
Epoch: [81][10/34]	Time 1.071 (1.066)	Data 0.071 (0.071)	Loss 0.0708 (0.0846)	
Epoch: [81][20/34]	Time 1.069 (1.066)	Data 0.069 (0.071)	Loss 0.0661 (0.0845)	
Epoch: [81][30/34]	Time 1.068 (1.066)	Data 0.069 (0.071)	Loss 0.0701 (0.0844)	
Test: [0/9]	Time 0.483 (0.483)	Loss 0.0622 (0.0622)	Prec@1 0.000 (0.000)	Prec@5 0.000 (0.000)
Mean IoU : 	 0.415385345914
Overall Acc: 	 0.830770691829
FreqW Acc : 	 0.690179942402
Mean Acc : 	 0.5
Test:	Time 0.257 (0.458)	Loss 0.0830 (0.0750)	
learning rate = 0.000500
Epoch: [82][0/34]	Time 0.915 (1.066)	Data 0.069 (0.071)	Loss 0.0472 (0.0844)	
Epoch: [82][10/34]	Time 1.072 (1.066)	Data 0.068 (0.071)	Loss 0.0566 (0.0842)	
Epoch: [82][20/34]	Time 1.072 (1.066)	Data 0.069 (0.071)	Loss 0.0660 (0.0841)	
Epoch: [82][30/34]	Time 1.071 (1.066)	Data 0.078 (0.071)	Loss 0.0484 (0.0841)	
Test: [0/9]	Time 0.483 (0.483)	Loss 0.0853 (0.0853)	Prec@1 0.000 (0.000)	Prec@5 0.000 (0.000)
Mean IoU : 	 0.415333819033
Overall Acc: 	 0.830667638067
FreqW Acc : 	 0.690008724932
Mean Acc : 	 0.5
Test:	Time 0.255 (0.460)	Loss 0.1096 (0.0724)	
learning rate = 0.000500
Epoch: [83][0/34]	Time 0.912 (1.065)	Data 0.069 (0.071)	Loss 0.0486 (0.0840)	
Epoch: [83][10/34]	Time 1.071 (1.066)	Data 0.069 (0.071)	Loss 0.0752 (0.0840)	
Epoch: [83][20/34]	Time 1.069 (1.066)	Data 0.070 (0.071)	Loss 0.0945 (0.0839)	
Epoch: [83][30/34]	Time 1.073 (1.066)	Data 0.069 (0.071)	Loss 0.0701 (0.0838)	
Test: [0/9]	Time 0.482 (0.482)	Loss 0.0589 (0.0589)	Prec@1 0.000 (0.000)	Prec@5 0.000 (0.000)
Mean IoU : 	 0.415524724704
Overall Acc: 	 0.831049449408
FreqW Acc : 	 0.690643187362
Mean Acc : 	 0.5
Test:	Time 0.258 (0.460)	Loss 0.0496 (0.0697)	
learning rate = 0.000500
Epoch: [84][0/34]	Time 0.914 (1.065)	Data 0.070 (0.071)	Loss 0.0454 (0.0838)	
Epoch: [84][10/34]	Time 1.069 (1.065)	Data 0.075 (0.071)	Loss 0.1042 (0.0837)	
Epoch: [84][20/34]	Time 1.071 (1.065)	Data 0.068 (0.071)	Loss 0.0621 (0.0836)	
Epoch: [84][30/34]	Time 1.069 (1.065)	Data 0.070 (0.071)	Loss 0.0497 (0.0835)	
Test: [0/9]	Time 0.485 (0.485)	Loss 0.0512 (0.0512)	Prec@1 0.000 (0.000)	Prec@5 0.000 (0.000)
Mean IoU : 	 0.415395423548
Overall Acc: 	 0.830790847095
FreqW Acc : 	 0.690213431617
Mean Acc : 	 0.5
Test:	Time 0.257 (0.460)	Loss 0.0324 (0.0672)	
learning rate = 0.000500
Epoch: [85][0/34]	Time 0.915 (1.065)	Data 0.071 (0.071)	Loss 0.0535 (0.0835)	
Epoch: [85][10/34]	Time 1.071 (1.065)	Data 0.075 (0.071)	Loss 0.0411 (0.0834)	
Epoch: [85][20/34]	Time 1.071 (1.065)	Data 0.071 (0.071)	Loss 0.0899 (0.0833)	
Epoch: [85][30/34]	Time 1.071 (1.065)	Data 0.071 (0.071)	Loss 0.0867 (0.0832)	
Test: [0/9]	Time 0.482 (0.482)	Loss 0.0515 (0.0515)	Prec@1 0.000 (0.000)	Prec@5 0.000 (0.000)
Mean IoU : 	 0.415772964705
Overall Acc: 	 0.831545929411
FreqW Acc : 	 0.691468632719
Mean Acc : 	 0.5
Test:	Time 0.256 (0.460)	Loss 0.0916 (0.0676)	
learning rate = 0.000500
Epoch: [86][0/34]	Time 0.915 (1.065)	Data 0.070 (0.071)	Loss 0.0619 (0.0832)	
Epoch: [86][10/34]	Time 1.070 (1.065)	Data 0.068 (0.071)	Loss 0.0629 (0.0831)	
Epoch: [86][20/34]	Time 1.070 (1.065)	Data 0.071 (0.071)	Loss 0.0741 (0.0830)	
Epoch: [86][30/34]	Time 1.072 (1.065)	Data 0.070 (0.071)	Loss 0.0546 (0.0829)	
Test: [0/9]	Time 0.484 (0.484)	Loss 0.0798 (0.0798)	Prec@1 0.000 (0.000)	Prec@5 0.000 (0.000)
Mean IoU : 	 0.4155277423
Overall Acc: 	 0.831055484601
FreqW Acc : 	 0.690653218485
Mean Acc : 	 0.5
Test:	Time 0.257 (0.462)	Loss 0.0808 (0.0683)	
learning rate = 0.000500
Epoch: [87][0/34]	Time 0.917 (1.065)	Data 0.072 (0.071)	Loss 0.0470 (0.0829)	
Epoch: [87][10/34]	Time 1.070 (1.065)	Data 0.071 (0.071)	Loss 0.0476 (0.0829)	
Epoch: [87][20/34]	Time 1.071 (1.065)	Data 0.069 (0.071)	Loss 0.0462 (0.0828)	
Epoch: [87][30/34]	Time 1.069 (1.065)	Data 0.069 (0.071)	Loss 0.0379 (0.0827)	
Test: [0/9]	Time 0.485 (0.485)	Loss 0.0896 (0.0896)	Prec@1 0.000 (0.000)	Prec@5 0.000 (0.000)
Mean IoU : 	 0.415906365238
Overall Acc: 	 0.831812730476
FreqW Acc : 	 0.691912418582
Mean Acc : 	 0.5
Test:	Time 0.255 (0.460)	Loss 0.0562 (0.0685)	
learning rate = 0.000500
Epoch: [88][0/34]	Time 0.917 (1.065)	Data 0.073 (0.071)	Loss 0.0743 (0.0827)	
Epoch: [88][10/34]	Time 1.070 (1.065)	Data 0.069 (0.071)	Loss 0.0590 (0.0826)	
Epoch: [88][20/34]	Time 1.070 (1.065)	Data 0.071 (0.071)	Loss 0.0597 (0.0825)	
Epoch: [88][30/34]	Time 1.070 (1.065)	Data 0.076 (0.071)	Loss 0.0531 (0.0824)	
Test: [0/9]	Time 0.481 (0.481)	Loss 0.0648 (0.0648)	Prec@1 0.000 (0.000)	Prec@5 0.000 (0.000)
Mean IoU : 	 0.415588777457
Overall Acc: 	 0.831177554913
FreqW Acc : 	 0.690856127792
Mean Acc : 	 0.5
Test:	Time 0.256 (0.461)	Loss 0.0515 (0.0724)	
learning rate = 0.000500
Epoch: [89][0/34]	Time 0.916 (1.065)	Data 0.071 (0.071)	Loss 0.0431 (0.0824)	
Epoch: [89][10/34]	Time 1.072 (1.065)	Data 0.069 (0.071)	Loss 0.0459 (0.0823)	
Epoch: [89][20/34]	Time 1.071 (1.065)	Data 0.070 (0.071)	Loss 0.0706 (0.0823)	
Epoch: [89][30/34]	Time 1.070 (1.065)	Data 0.072 (0.071)	Loss 0.0538 (0.0822)	
Test: [0/9]	Time 0.483 (0.483)	Loss 0.0946 (0.0946)	Prec@1 0.000 (0.000)	Prec@5 0.000 (0.000)
Mean IoU : 	 0.415690749439
Overall Acc: 	 0.831381498878
FreqW Acc : 	 0.691195196676
Mean Acc : 	 0.5
Test:	Time 0.258 (0.458)	Loss 0.0749 (0.0692)	
learning rate = 0.000500
Epoch: [90][0/34]	Time 0.915 (1.065)	Data 0.071 (0.071)	Loss 0.0606 (0.0822)	
Epoch: [90][10/34]	Time 1.070 (1.065)	Data 0.072 (0.071)	Loss 0.0824 (0.0821)	
Epoch: [90][20/34]	Time 1.070 (1.065)	Data 0.078 (0.071)	Loss 0.0813 (0.0821)	
Epoch: [90][30/34]	Time 1.069 (1.065)	Data 0.068 (0.071)	Loss 0.0577 (0.0820)	
Test: [0/9]	Time 0.486 (0.486)	Loss 0.0742 (0.0742)	Prec@1 0.000 (0.000)	Prec@5 0.000 (0.000)
Mean IoU : 	 0.415310475364
Overall Acc: 	 0.830620950727
FreqW Acc : 	 0.689931163787
Mean Acc : 	 0.5
Test:	Time 0.255 (0.461)	Loss 0.0586 (0.0749)	
learning rate = 0.000500
Epoch: [91][0/34]	Time 0.915 (1.065)	Data 0.069 (0.071)	Loss 0.0741 (0.0820)	
Epoch: [91][10/34]	Time 1.072 (1.065)	Data 0.072 (0.071)	Loss 0.0641 (0.0819)	
Epoch: [91][20/34]	Time 1.072 (1.065)	Data 0.068 (0.071)	Loss 0.0525 (0.0819)	
Epoch: [91][30/34]	Time 1.072 (1.065)	Data 0.068 (0.071)	Loss 0.0345 (0.0818)	
Test: [0/9]	Time 0.485 (0.485)	Loss 0.0734 (0.0734)	Prec@1 0.000 (0.000)	Prec@5 0.000 (0.000)
Mean IoU : 	 0.415779740063
Overall Acc: 	 0.831559480126
FreqW Acc : 	 0.691491168988
Mean Acc : 	 0.5
Test:	Time 0.261 (0.461)	Loss 0.0414 (0.0664)	
learning rate = 0.000500
Epoch: [92][0/34]	Time 0.915 (1.065)	Data 0.070 (0.071)	Loss 0.0523 (0.0817)	
Epoch: [92][10/34]	Time 1.070 (1.065)	Data 0.069 (0.071)	Loss 0.1228 (0.0817)	
Epoch: [92][20/34]	Time 1.071 (1.065)	Data 0.070 (0.071)	Loss 0.0656 (0.0816)	
Epoch: [92][30/34]	Time 1.070 (1.065)	Data 0.069 (0.071)	Loss 0.0607 (0.0815)	
Test: [0/9]	Time 0.482 (0.482)	Loss 0.0650 (0.0650)	Prec@1 0.000 (0.000)	Prec@5 0.000 (0.000)
Mean IoU : 	 0.4153539743
Overall Acc: 	 0.830707948599
FreqW Acc : 	 0.690075695866
Mean Acc : 	 0.5
Test:	Time 0.258 (0.459)	Loss 0.0784 (0.0663)	
learning rate = 0.000500
Epoch: [93][0/34]	Time 0.915 (1.065)	Data 0.070 (0.071)	Loss 0.0672 (0.0815)	
Epoch: [93][10/34]	Time 1.070 (1.065)	Data 0.075 (0.071)	Loss 0.0735 (0.0814)	
Epoch: [93][20/34]	Time 1.070 (1.065)	Data 0.070 (0.071)	Loss 0.0440 (0.0814)	
Epoch: [93][30/34]	Time 1.072 (1.065)	Data 0.071 (0.071)	Loss 0.0604 (0.0813)	
Test: [0/9]	Time 0.480 (0.480)	Loss 0.0599 (0.0599)	Prec@1 0.000 (0.000)	Prec@5 0.000 (0.000)
Mean IoU : 	 0.415433285841
Overall Acc: 	 0.830866571683
FreqW Acc : 	 0.69033925994
Mean Acc : 	 0.5
Test:	Time 0.258 (0.459)	Loss 0.0804 (0.0683)	
learning rate = 0.000500
Epoch: [94][0/34]	Time 0.911 (1.064)	Data 0.067 (0.071)	Loss 0.0384 (0.0813)	
Epoch: [94][10/34]	Time 1.069 (1.064)	Data 0.070 (0.071)	Loss 0.0574 (0.0812)	
Epoch: [94][20/34]	Time 1.067 (1.065)	Data 0.068 (0.071)	Loss 0.0679 (0.0811)	
Epoch: [94][30/34]	Time 1.069 (1.065)	Data 0.072 (0.071)	Loss 0.0521 (0.0811)	
Test: [0/9]	Time 0.484 (0.484)	Loss 0.0698 (0.0698)	Prec@1 0.000 (0.000)	Prec@5 0.000 (0.000)
Mean IoU : 	 0.415773135513
Overall Acc: 	 0.831546271025
FreqW Acc : 	 0.691469200856
Mean Acc : 	 0.5
Test:	Time 0.259 (0.459)	Loss 0.0740 (0.0681)	
learning rate = 0.000500
Epoch: [95][0/34]	Time 0.914 (1.064)	Data 0.068 (0.071)	Loss 0.0507 (0.0810)	
Epoch: [95][10/34]	Time 1.071 (1.064)	Data 0.069 (0.071)	Loss 0.0388 (0.0810)	
Epoch: [95][20/34]	Time 1.071 (1.064)	Data 0.069 (0.071)	Loss 0.0643 (0.0809)	
Epoch: [95][30/34]	Time 1.069 (1.064)	Data 0.069 (0.071)	Loss 0.0550 (0.0808)	
Test: [0/9]	Time 0.482 (0.482)	Loss 0.0885 (0.0885)	Prec@1 0.000 (0.000)	Prec@5 0.000 (0.000)
Mean IoU : 	 0.415439833456
Overall Acc: 	 0.830879666912
FreqW Acc : 	 0.690361020888
Mean Acc : 	 0.5
Test:	Time 0.254 (0.458)	Loss 0.0603 (0.0689)	
learning rate = 0.000500
Epoch: [96][0/34]	Time 0.913 (1.064)	Data 0.069 (0.071)	Loss 0.0521 (0.0808)	
Epoch: [96][10/34]	Time 1.069 (1.064)	Data 0.070 (0.071)	Loss 0.0632 (0.0807)	
Epoch: [96][20/34]	Time 1.069 (1.064)	Data 0.071 (0.071)	Loss 0.0383 (0.0806)	
Epoch: [96][30/34]	Time 1.070 (1.064)	Data 0.069 (0.071)	Loss 0.0600 (0.0806)	
Test: [0/9]	Time 0.486 (0.486)	Loss 0.0693 (0.0693)	Prec@1 0.000 (0.000)	Prec@5 0.000 (0.000)
Mean IoU : 	 0.415474564282
Overall Acc: 	 0.830949128564
FreqW Acc : 	 0.690476454261
Mean Acc : 	 0.5
Test:	Time 0.256 (0.458)	Loss 0.0886 (0.0676)	
learning rate = 0.000500
Epoch: [97][0/34]	Time 0.914 (1.064)	Data 0.069 (0.071)	Loss 0.0711 (0.0806)	
Epoch: [97][10/34]	Time 1.071 (1.064)	Data 0.069 (0.071)	Loss 0.0495 (0.0805)	
Epoch: [97][20/34]	Time 1.070 (1.064)	Data 0.070 (0.071)	Loss 0.0963 (0.0805)	
Epoch: [97][30/34]	Time 1.069 (1.064)	Data 0.071 (0.071)	Loss 0.0591 (0.0804)	
Test: [0/9]	Time 0.485 (0.485)	Loss 0.0575 (0.0575)	Prec@1 0.000 (0.000)	Prec@5 0.000 (0.000)
Mean IoU : 	 0.415878637513
Overall Acc: 	 0.831757275026
FreqW Acc : 	 0.691820164559
Mean Acc : 	 0.5
Test:	Time 0.258 (0.460)	Loss 0.0373 (0.0724)	
learning rate = 0.000500
Epoch: [98][0/34]	Time 0.915 (1.064)	Data 0.069 (0.071)	Loss 0.0642 (0.0804)	
Epoch: [98][10/34]	Time 1.071 (1.064)	Data 0.071 (0.071)	Loss 0.0540 (0.0803)	
Epoch: [98][20/34]	Time 1.070 (1.064)	Data 0.070 (0.071)	Loss 0.0722 (0.0802)	
Epoch: [98][30/34]	Time 1.070 (1.064)	Data 0.068 (0.071)	Loss 0.0476 (0.0801)	
Test: [0/9]	Time 0.483 (0.483)	Loss 0.0722 (0.0722)	Prec@1 0.000 (0.000)	Prec@5 0.000 (0.000)
Mean IoU : 	 0.415177131767
Overall Acc: 	 0.830354263533
FreqW Acc : 	 0.689488202968
Mean Acc : 	 0.5
Test:	Time 0.255 (0.460)	Loss 0.0644 (0.0714)	
learning rate = 0.000500
Epoch: [99][0/34]	Time 0.913 (1.064)	Data 0.068 (0.071)	Loss 0.0483 (0.0801)	
Epoch: [99][10/34]	Time 1.070 (1.064)	Data 0.070 (0.071)	Loss 0.0480 (0.0801)	
Epoch: [99][20/34]	Time 1.071 (1.064)	Data 0.069 (0.071)	Loss 0.0325 (0.0800)	
Epoch: [99][30/34]	Time 1.072 (1.064)	Data 0.072 (0.071)	Loss 0.0498 (0.0799)	
Test: [0/9]	Time 0.488 (0.488)	Loss 0.0862 (0.0862)	Prec@1 0.000 (0.000)	Prec@5 0.000 (0.000)
Mean IoU : 	 0.41539633452
Overall Acc: 	 0.83079266904
FreqW Acc : 	 0.690216458931
Mean Acc : 	 0.5
Test:	Time 0.257 (0.461)	Loss 0.0374 (0.0676)	
learning rate = 0.000500
Epoch: [100][0/34]	Time 0.915 (1.064)	Data 0.069 (0.071)	Loss 0.0432 (0.0799)	
Epoch: [100][10/34]	Time 1.072 (1.064)	Data 0.076 (0.071)	Loss 0.0362 (0.0799)	
Epoch: [100][20/34]	Time 1.068 (1.064)	Data 0.071 (0.071)	Loss 0.0564 (0.0798)	
Epoch: [100][30/34]	Time 1.069 (1.064)	Data 0.071 (0.071)	Loss 0.0527 (0.0798)	
Test: [0/9]	Time 0.485 (0.485)	Loss 0.0680 (0.0680)	Prec@1 0.000 (0.000)	Prec@5 0.000 (0.000)
Mean IoU : 	 0.415539300264
Overall Acc: 	 0.831078600528
FreqW Acc : 	 0.690691640255
Mean Acc : 	 0.5
Test:	Time 0.258 (0.460)	Loss 0.1035 (0.0668)	
learning rate = 0.000500
Epoch: [101][0/34]	Time 0.914 (1.064)	Data 0.070 (0.071)	Loss 0.0437 (0.0797)	
Epoch: [101][10/34]	Time 1.070 (1.064)	Data 0.070 (0.071)	Loss 0.0450 (0.0797)	
Epoch: [101][20/34]	Time 1.069 (1.064)	Data 0.083 (0.071)	Loss 0.0566 (0.0796)	
Epoch: [101][30/34]	Time 1.069 (1.064)	Data 0.071 (0.071)	Loss 0.0356 (0.0795)	
Test: [0/9]	Time 0.486 (0.486)	Loss 0.0858 (0.0858)	Prec@1 0.000 (0.000)	Prec@5 0.000 (0.000)
Mean IoU : 	 0.415284911198
Overall Acc: 	 0.830569822397
FreqW Acc : 	 0.689846229876
Mean Acc : 	 0.5
Test:	Time 0.255 (0.459)	Loss 0.0343 (0.0666)	
learning rate = 0.000500
Epoch: [102][0/34]	Time 0.917 (1.064)	Data 0.071 (0.071)	Loss 0.0448 (0.0795)	
Epoch: [102][10/34]	Time 1.069 (1.064)	Data 0.068 (0.071)	Loss 0.0486 (0.0795)	
Epoch: [102][20/34]	Time 1.072 (1.064)	Data 0.073 (0.071)	Loss 0.0674 (0.0794)	
Epoch: [102][30/34]	Time 1.070 (1.064)	Data 0.070 (0.071)	Loss 0.0365 (0.0793)	
Test: [0/9]	Time 0.484 (0.484)	Loss 0.0965 (0.0965)	Prec@1 0.000 (0.000)	Prec@5 0.000 (0.000)
Mean IoU : 	 0.415528881016
Overall Acc: 	 0.831057762032
FreqW Acc : 	 0.690657003834
Mean Acc : 	 0.5
Test:	Time 0.256 (0.459)	Loss 0.0708 (0.0663)	
learning rate = 0.000500
Epoch: [103][0/34]	Time 0.916 (1.064)	Data 0.071 (0.071)	Loss 0.0692 (0.0793)	
Epoch: [103][10/34]	Time 1.069 (1.064)	Data 0.069 (0.071)	Loss 0.0445 (0.0793)	
Epoch: [103][20/34]	Time 1.070 (1.064)	Data 0.068 (0.071)	Loss 0.0610 (0.0792)	
Epoch: [103][30/34]	Time 1.070 (1.064)	Data 0.074 (0.071)	Loss 0.0415 (0.0791)	
Test: [0/9]	Time 0.486 (0.486)	Loss 0.0675 (0.0675)	Prec@1 0.000 (0.000)	Prec@5 0.000 (0.000)
Mean IoU : 	 0.415269709345
Overall Acc: 	 0.83053941869
FreqW Acc : 	 0.689795725998
Mean Acc : 	 0.5
Test:	Time 0.258 (0.461)	Loss 0.0571 (0.0664)	
learning rate = 0.000500
Epoch: [104][0/34]	Time 0.916 (1.064)	Data 0.071 (0.071)	Loss 0.0463 (0.0791)	
Epoch: [104][10/34]	Time 1.069 (1.064)	Data 0.075 (0.071)	Loss 0.1094 (0.0790)	
Epoch: [104][20/34]	Time 1.070 (1.064)	Data 0.069 (0.071)	Loss 0.0516 (0.0790)	
Epoch: [104][30/34]	Time 1.070 (1.064)	Data 0.071 (0.071)	Loss 0.0598 (0.0789)	
Test: [0/9]	Time 0.484 (0.484)	Loss 0.0669 (0.0669)	Prec@1 0.000 (0.000)	Prec@5 0.000 (0.000)
Mean IoU : 	 0.415970361055
Overall Acc: 	 0.83194072211
FreqW Acc : 	 0.692125365104
Mean Acc : 	 0.5
Test:	Time 0.258 (0.458)	Loss 0.0482 (0.0666)	
learning rate = 0.000500
Epoch: [105][0/34]	Time 0.915 (1.064)	Data 0.070 (0.070)	Loss 0.0741 (0.0789)	
Epoch: [105][10/34]	Time 1.068 (1.064)	Data 0.068 (0.071)	Loss 0.0831 (0.0789)	
Epoch: [105][20/34]	Time 1.071 (1.064)	Data 0.070 (0.071)	Loss 0.0593 (0.0788)	
Epoch: [105][30/34]	Time 1.072 (1.064)	Data 0.070 (0.071)	Loss 0.0554 (0.0787)	
Test: [0/9]	Time 0.481 (0.481)	Loss 0.0767 (0.0767)	Prec@1 0.000 (0.000)	Prec@5 0.000 (0.000)
Mean IoU : 	 0.415667064154
Overall Acc: 	 0.831334128309
FreqW Acc : 	 0.691116432891
Mean Acc : 	 0.5
Test:	Time 0.258 (0.461)	Loss 0.0893 (0.0713)	
learning rate = 0.000500
Epoch: [106][0/34]	Time 0.918 (1.064)	Data 0.072 (0.070)	Loss 0.0751 (0.0787)	
Epoch: [106][10/34]	Time 1.071 (1.064)	Data 0.076 (0.070)	Loss 0.0378 (0.0786)	
Epoch: [106][20/34]	Time 1.071 (1.064)	Data 0.069 (0.070)	Loss 0.0468 (0.0786)	
Epoch: [106][30/34]	Time 1.071 (1.064)	Data 0.072 (0.070)	Loss 0.0495 (0.0785)	
Test: [0/9]	Time 0.485 (0.485)	Loss 0.0849 (0.0849)	Prec@1 0.000 (0.000)	Prec@5 0.000 (0.000)
Mean IoU : 	 0.415837643751
Overall Acc: 	 0.831675287503
FreqW Acc : 	 0.691683783843
Mean Acc : 	 0.5
Test:	Time 0.257 (0.459)	Loss 0.0714 (0.0649)	
learning rate = 0.000500
Epoch: [107][0/34]	Time 0.914 (1.064)	Data 0.069 (0.070)	Loss 0.0475 (0.0785)	
Epoch: [107][10/34]	Time 1.070 (1.064)	Data 0.070 (0.070)	Loss 0.0482 (0.0784)	
Epoch: [107][20/34]	Time 1.071 (1.064)	Data 0.072 (0.070)	Loss 0.0542 (0.0784)	
Epoch: [107][30/34]	Time 1.072 (1.064)	Data 0.072 (0.070)	Loss 0.0571 (0.0783)	
Test: [0/9]	Time 0.485 (0.485)	Loss 0.0612 (0.0612)	Prec@1 0.000 (0.000)	Prec@5 0.000 (0.000)
Mean IoU : 	 0.415770516467
Overall Acc: 	 0.831541032933
FreqW Acc : 	 0.691460489452
Mean Acc : 	 0.5
Test:	Time 0.261 (0.459)	Loss 0.0766 (0.0721)	
learning rate = 0.000500
Epoch: [108][0/34]	Time 0.919 (1.063)	Data 0.073 (0.070)	Loss 0.0483 (0.0783)	
Epoch: [108][10/34]	Time 1.071 (1.063)	Data 0.070 (0.070)	Loss 0.0494 (0.0782)	
Epoch: [108][20/34]	Time 1.071 (1.064)	Data 0.071 (0.070)	Loss 0.0429 (0.0782)	
Epoch: [108][30/34]	Time 1.069 (1.064)	Data 0.071 (0.070)	Loss 0.0470 (0.0782)	
Test: [0/9]	Time 0.487 (0.487)	Loss 0.0491 (0.0491)	Prec@1 0.000 (0.000)	Prec@5 0.000 (0.000)
Mean IoU : 	 0.415644005163
Overall Acc: 	 0.831288010327
FreqW Acc : 	 0.691039756113
Mean Acc : 	 0.5
Test:	Time 0.257 (0.460)	Loss 0.0640 (0.0661)	
learning rate = 0.000500
Epoch: [109][0/34]	Time 0.915 (1.063)	Data 0.070 (0.070)	Loss 0.0559 (0.0781)	
Epoch: [109][10/34]	Time 1.072 (1.063)	Data 0.069 (0.070)	Loss 0.0575 (0.0781)	
Epoch: [109][20/34]	Time 1.071 (1.063)	Data 0.069 (0.070)	Loss 0.0442 (0.0780)	
Epoch: [109][30/34]	Time 1.071 (1.063)	Data 0.076 (0.070)	Loss 0.0319 (0.0780)	
Test: [0/9]	Time 0.487 (0.487)	Loss 0.0727 (0.0727)	Prec@1 0.000 (0.000)	Prec@5 0.000 (0.000)
Mean IoU : 	 0.415373844887
Overall Acc: 	 0.830747689774
FreqW Acc : 	 0.690141724064
Mean Acc : 	 0.5
Test:	Time 0.258 (0.461)	Loss 0.0472 (0.0665)	
learning rate = 0.000500
Epoch: [110][0/34]	Time 0.914 (1.063)	Data 0.070 (0.070)	Loss 0.0350 (0.0779)	
Epoch: [110][10/34]	Time 1.071 (1.063)	Data 0.075 (0.070)	Loss 0.0594 (0.0779)	
Epoch: [110][20/34]	Time 1.070 (1.063)	Data 0.068 (0.070)	Loss 0.0399 (0.0778)	
Epoch: [110][30/34]	Time 1.072 (1.063)	Data 0.069 (0.070)	Loss 0.0466 (0.0778)	
Test: [0/9]	Time 0.481 (0.481)	Loss 0.0787 (0.0787)	Prec@1 0.000 (0.000)	Prec@5 0.000 (0.000)
Mean IoU : 	 0.415564352007
Overall Acc: 	 0.831128704014
FreqW Acc : 	 0.690774922636
Mean Acc : 	 0.5
Test:	Time 0.258 (0.460)	Loss 0.0914 (0.0649)	
learning rate = 0.000500
Epoch: [111][0/34]	Time 0.915 (1.063)	Data 0.071 (0.070)	Loss 0.1037 (0.0778)	
Epoch: [111][10/34]	Time 1.069 (1.063)	Data 0.069 (0.070)	Loss 0.0537 (0.0777)	
Epoch: [111][20/34]	Time 1.069 (1.063)	Data 0.069 (0.070)	Loss 0.0546 (0.0777)	
Epoch: [111][30/34]	Time 1.071 (1.063)	Data 0.069 (0.070)	Loss 0.0339 (0.0776)	
Test: [0/9]	Time 0.484 (0.484)	Loss 0.0635 (0.0635)	Prec@1 0.000 (0.000)	Prec@5 0.000 (0.000)
Mean IoU : 	 0.415354315914
Overall Acc: 	 0.830708631829
FreqW Acc : 	 0.690076830995
Mean Acc : 	 0.5
Test:	Time 0.258 (0.459)	Loss 0.0918 (0.0657)	
learning rate = 0.000500
Epoch: [112][0/34]	Time 0.915 (1.063)	Data 0.070 (0.070)	Loss 0.0561 (0.0776)	
Epoch: [112][10/34]	Time 1.072 (1.063)	Data 0.076 (0.070)	Loss 0.0639 (0.0775)	
Epoch: [112][20/34]	Time 1.069 (1.063)	Data 0.071 (0.070)	Loss 0.0675 (0.0775)	
Epoch: [112][30/34]	Time 1.069 (1.063)	Data 0.069 (0.070)	Loss 0.0586 (0.0774)	
Test: [0/9]	Time 0.483 (0.483)	Loss 0.0503 (0.0503)	Prec@1 0.000 (0.000)	Prec@5 0.000 (0.000)
Mean IoU : 	 0.415486634667
Overall Acc: 	 0.830973269334
FreqW Acc : 	 0.690516574348
Mean Acc : 	 0.5
Test:	Time 0.256 (0.462)	Loss 0.0592 (0.0676)	
learning rate = 0.000500
Epoch: [113][0/34]	Time 0.917 (1.063)	Data 0.073 (0.070)	Loss 0.0562 (0.0774)	
Epoch: [113][10/34]	Time 1.069 (1.063)	Data 0.074 (0.070)	Loss 0.0314 (0.0773)	
Epoch: [113][20/34]	Time 1.069 (1.063)	Data 0.069 (0.070)	Loss 0.0682 (0.0773)	
Epoch: [113][30/34]	Time 1.071 (1.063)	Data 0.070 (0.070)	Loss 0.0761 (0.0772)	
Test: [0/9]	Time 0.482 (0.482)	Loss 0.0670 (0.0670)	Prec@1 0.000 (0.000)	Prec@5 0.000 (0.000)
Mean IoU : 	 0.415467390374
Overall Acc: 	 0.830934780747
FreqW Acc : 	 0.690452609855
Mean Acc : 	 0.5
Test:	Time 0.256 (0.460)	Loss 0.1353 (0.0670)	
learning rate = 0.000500
Epoch: [114][0/34]	Time 0.914 (1.063)	Data 0.069 (0.070)	Loss 0.0548 (0.0772)	
Epoch: [114][10/34]	Time 1.071 (1.063)	Data 0.075 (0.070)	Loss 0.0743 (0.0772)	
Epoch: [114][20/34]	Time 1.069 (1.063)	Data 0.068 (0.070)	Loss 0.0608 (0.0771)	
Epoch: [114][30/34]	Time 1.071 (1.063)	Data 0.069 (0.070)	Loss 0.0431 (0.0771)	
Test: [0/9]	Time 0.484 (0.484)	Loss 0.0889 (0.0889)	Prec@1 0.000 (0.000)	Prec@5 0.000 (0.000)
Mean IoU : 	 0.415578529016
Overall Acc: 	 0.831157058033
FreqW Acc : 	 0.690822055117
Mean Acc : 	 0.5
Test:	Time 0.256 (0.459)	Loss 0.0843 (0.0667)	
learning rate = 0.000500
Epoch: [115][0/34]	Time 0.913 (1.063)	Data 0.069 (0.070)	Loss 0.0473 (0.0770)	
Epoch: [115][10/34]	Time 1.068 (1.063)	Data 0.069 (0.070)	Loss 0.0560 (0.0770)	
Epoch: [115][20/34]	Time 1.070 (1.063)	Data 0.068 (0.070)	Loss 0.0757 (0.0769)	
Epoch: [115][30/34]	Time 1.070 (1.063)	Data 0.070 (0.070)	Loss 0.0557 (0.0769)	
Test: [0/9]	Time 0.485 (0.485)	Loss 0.0674 (0.0674)	Prec@1 0.000 (0.000)	Prec@5 0.000 (0.000)
Mean IoU : 	 0.415650951329
Overall Acc: 	 0.831301902657
FreqW Acc : 	 0.691062853361
Mean Acc : 	 0.5
Test:	Time 0.258 (0.460)	Loss 0.0709 (0.0658)	
learning rate = 0.000500
Epoch: [116][0/34]	Time 0.914 (1.063)	Data 0.070 (0.070)	Loss 0.0604 (0.0769)	
Epoch: [116][10/34]	Time 1.069 (1.063)	Data 0.069 (0.070)	Loss 0.0683 (0.0768)	
Epoch: [116][20/34]	Time 1.071 (1.063)	Data 0.069 (0.070)	Loss 0.0641 (0.0768)	
Epoch: [116][30/34]	Time 1.071 (1.063)	Data 0.069 (0.070)	Loss 0.0394 (0.0767)	
Test: [0/9]	Time 0.481 (0.481)	Loss 0.0650 (0.0650)	Prec@1 0.000 (0.000)	Prec@5 0.000 (0.000)
Mean IoU : 	 0.415459760979
Overall Acc: 	 0.830919521958
FreqW Acc : 	 0.690427251971
Mean Acc : 	 0.5
Test:	Time 0.257 (0.460)	Loss 0.0761 (0.0662)	
learning rate = 0.000500
Epoch: [117][0/34]	Time 0.912 (1.063)	Data 0.070 (0.070)	Loss 0.0454 (0.0767)	
Epoch: [117][10/34]	Time 1.069 (1.063)	Data 0.070 (0.070)	Loss 0.0602 (0.0766)	
Epoch: [117][20/34]	Time 1.069 (1.063)	Data 0.070 (0.070)	Loss 0.0536 (0.0766)	
Epoch: [117][30/34]	Time 1.070 (1.063)	Data 0.069 (0.070)	Loss 0.0437 (0.0766)	
Test: [0/9]	Time 0.487 (0.487)	Loss 0.0510 (0.0510)	Prec@1 0.000 (0.000)	Prec@5 0.000 (0.000)
Mean IoU : 	 0.415638767072
Overall Acc: 	 0.831277534143
FreqW Acc : 	 0.691022338771
Mean Acc : 	 0.5
Test:	Time 0.256 (0.461)	Loss 0.0666 (0.0674)	
learning rate = 0.000500
Epoch: [118][0/34]	Time 0.913 (1.063)	Data 0.070 (0.070)	Loss 0.0562 (0.0765)	
Epoch: [118][10/34]	Time 1.070 (1.063)	Data 0.068 (0.070)	Loss 0.1084 (0.0765)	
Epoch: [118][20/34]	Time 1.071 (1.063)	Data 0.069 (0.070)	Loss 0.0452 (0.0764)	
Epoch: [118][30/34]	Time 1.071 (1.063)	Data 0.069 (0.070)	Loss 0.0562 (0.0764)	
Test: [0/9]	Time 0.482 (0.482)	Loss 0.0568 (0.0568)	Prec@1 0.000 (0.000)	Prec@5 0.000 (0.000)
Mean IoU : 	 0.415378399749
Overall Acc: 	 0.830756799499
FreqW Acc : 	 0.690156859913
Mean Acc : 	 0.5
Test:	Time 0.259 (0.461)	Loss 0.0897 (0.0714)	
learning rate = 0.000500
Epoch: [119][0/34]	Time 0.913 (1.063)	Data 0.069 (0.070)	Loss 0.0565 (0.0764)	
Epoch: [119][10/34]	Time 1.072 (1.063)	Data 0.069 (0.070)	Loss 0.0597 (0.0763)	
Epoch: [119][20/34]	Time 1.070 (1.063)	Data 0.069 (0.070)	Loss 0.0571 (0.0763)	
Epoch: [119][30/34]	Time 1.071 (1.063)	Data 0.069 (0.070)	Loss 0.0744 (0.0763)	
Test: [0/9]	Time 0.486 (0.486)	Loss 0.0739 (0.0739)	Prec@1 0.000 (0.000)	Prec@5 0.000 (0.000)
Mean IoU : 	 0.415553363401
Overall Acc: 	 0.831106726803
FreqW Acc : 	 0.690738391337
Mean Acc : 	 0.5
Test:	Time 0.258 (0.460)	Loss 0.0393 (0.0706)	
learning rate = 0.000500
Epoch: [120][0/34]	Time 0.915 (1.063)	Data 0.071 (0.070)	Loss 0.0874 (0.0763)	
Epoch: [120][10/34]	Time 1.070 (1.063)	Data 0.069 (0.070)	Loss 0.0831 (0.0762)	
Epoch: [120][20/34]	Time 1.070 (1.063)	Data 0.071 (0.070)	Loss 0.0740 (0.0762)	
Epoch: [120][30/34]	Time 1.068 (1.063)	Data 0.068 (0.070)	Loss 0.0593 (0.0761)	
Test: [0/9]	Time 0.485 (0.485)	Loss 0.0543 (0.0543)	Prec@1 0.000 (0.000)	Prec@5 0.000 (0.000)
Mean IoU : 	 0.415457654355
Overall Acc: 	 0.83091530871
FreqW Acc : 	 0.690420250249
Mean Acc : 	 0.5
Test:	Time 0.259 (0.462)	Loss 0.0582 (0.0651)	
learning rate = 0.000500
Epoch: [121][0/34]	Time 0.912 (1.063)	Data 0.069 (0.070)	Loss 0.0458 (0.0761)	
Epoch: [121][10/34]	Time 1.070 (1.063)	Data 0.069 (0.070)	Loss 0.0493 (0.0760)	
Epoch: [121][20/34]	Time 1.071 (1.063)	Data 0.070 (0.070)	Loss 0.0562 (0.0760)	
Epoch: [121][30/34]	Time 1.068 (1.063)	Data 0.068 (0.070)	Loss 0.0369 (0.0760)	
Test: [0/9]	Time 0.484 (0.484)	Loss 0.0835 (0.0835)	Prec@1 0.000 (0.000)	Prec@5 0.000 (0.000)
Mean IoU : 	 0.415497907952
Overall Acc: 	 0.830995815903
FreqW Acc : 	 0.690554046049
Mean Acc : 	 0.5
Test:	Time 0.257 (0.459)	Loss 0.0744 (0.0697)	
learning rate = 0.000500
Epoch: [122][0/34]	Time 0.912 (1.063)	Data 0.069 (0.070)	Loss 0.0707 (0.0759)	
Epoch: [122][10/34]	Time 1.069 (1.063)	Data 0.072 (0.070)	Loss 0.0426 (0.0759)	
Epoch: [122][20/34]	Time 1.070 (1.063)	Data 0.069 (0.070)	Loss 0.0685 (0.0758)	
Epoch: [122][30/34]	Time 1.070 (1.063)	Data 0.072 (0.070)	Loss 0.0527 (0.0758)	
Test: [0/9]	Time 0.488 (0.488)	Loss 0.0529 (0.0529)	Prec@1 0.000 (0.000)	Prec@5 0.000 (0.000)
Mean IoU : 	 0.415412902832
Overall Acc: 	 0.830825805664
FreqW Acc : 	 0.690271519357
Mean Acc : 	 0.5
Test:	Time 0.257 (0.460)	Loss 0.0863 (0.0690)	
learning rate = 0.000500
Epoch: [123][0/34]	Time 0.914 (1.063)	Data 0.070 (0.070)	Loss 0.0731 (0.0758)	
Epoch: [123][10/34]	Time 1.071 (1.063)	Data 0.073 (0.070)	Loss 0.0625 (0.0757)	
Epoch: [123][20/34]	Time 1.070 (1.063)	Data 0.069 (0.070)	Loss 0.0457 (0.0757)	
Epoch: [123][30/34]	Time 1.071 (1.063)	Data 0.070 (0.070)	Loss 0.0592 (0.0756)	
Test: [0/9]	Time 0.488 (0.488)	Loss 0.0813 (0.0813)	Prec@1 0.000 (0.000)	Prec@5 0.000 (0.000)
Mean IoU : 	 0.415404988759
Overall Acc: 	 0.830809977517
FreqW Acc : 	 0.690245218742
Mean Acc : 	 0.5
Test:	Time 0.255 (0.460)	Loss 0.0706 (0.0667)	
learning rate = 0.000500
Epoch: [124][0/34]	Time 0.915 (1.063)	Data 0.071 (0.070)	Loss 0.0344 (0.0756)	
Epoch: [124][10/34]	Time 1.070 (1.063)	Data 0.068 (0.070)	Loss 0.0442 (0.0756)	
Epoch: [124][20/34]	Time 1.069 (1.063)	Data 0.070 (0.070)	Loss 0.0606 (0.0755)	
Epoch: [124][30/34]	Time 1.071 (1.063)	Data 0.069 (0.070)	Loss 0.0523 (0.0755)	
Test: [0/9]	Time 0.483 (0.483)	Loss 0.0527 (0.0527)	Prec@1 0.000 (0.000)	Prec@5 0.000 (0.000)
Mean IoU : 	 0.415735500962
Overall Acc: 	 0.831471001924
FreqW Acc : 	 0.69134402704
Mean Acc : 	 0.5
Test:	Time 0.267 (0.462)	Loss 0.1079 (0.0636)	
learning rate = 0.000500
Epoch: [125][0/34]	Time 0.914 (1.063)	Data 0.069 (0.070)	Loss 0.0377 (0.0755)	
Epoch: [125][10/34]	Time 1.071 (1.063)	Data 0.078 (0.070)	Loss 0.0736 (0.0754)	
Epoch: [125][20/34]	Time 1.070 (1.063)	Data 0.076 (0.070)	Loss 0.0655 (0.0754)	
Epoch: [125][30/34]	Time 1.069 (1.063)	Data 0.070 (0.070)	Loss 0.0328 (0.0753)	
Test: [0/9]	Time 0.485 (0.485)	Loss 0.0639 (0.0639)	Prec@1 0.000 (0.000)	Prec@5 0.000 (0.000)
Mean IoU : 	 0.415482876906
Overall Acc: 	 0.830965753812
FreqW Acc : 	 0.690504084008
Mean Acc : 	 0.5
Test:	Time 0.259 (0.460)	Loss 0.0460 (0.0702)	
learning rate = 0.000500
Epoch: [126][0/34]	Time 0.917 (1.063)	Data 0.071 (0.070)	Loss 0.0649 (0.0753)	
Epoch: [126][10/34]	Time 1.071 (1.063)	Data 0.069 (0.070)	Loss 0.0653 (0.0753)	
Epoch: [126][20/34]	Time 1.070 (1.063)	Data 0.069 (0.070)	Loss 0.0459 (0.0752)	
Epoch: [126][30/34]	Time 1.071 (1.063)	Data 0.068 (0.070)	Loss 0.0323 (0.0752)	
Test: [0/9]	Time 0.485 (0.485)	Loss 0.0542 (0.0542)	Prec@1 0.000 (0.000)	Prec@5 0.000 (0.000)
Mean IoU : 	 0.415297664813
Overall Acc: 	 0.830595329626
FreqW Acc : 	 0.689888601597
Mean Acc : 	 0.5
Test:	Time 0.258 (0.460)	Loss 0.0719 (0.0652)	
learning rate = 0.000500
Epoch: [127][0/34]	Time 0.914 (1.062)	Data 0.069 (0.070)	Loss 0.0419 (0.0752)	
Epoch: [127][10/34]	Time 1.070 (1.062)	Data 0.071 (0.070)	Loss 0.0323 (0.0751)	
Epoch: [127][20/34]	Time 1.070 (1.063)	Data 0.068 (0.070)	Loss 0.0599 (0.0751)	
Epoch: [127][30/34]	Time 1.070 (1.063)	Data 0.069 (0.070)	Loss 0.0439 (0.0750)	
Test: [0/9]	Time 0.483 (0.483)	Loss 0.0415 (0.0415)	Prec@1 0.000 (0.000)	Prec@5 0.000 (0.000)
Mean IoU : 	 0.415592136668
Overall Acc: 	 0.831184273335
FreqW Acc : 	 0.69086729624
Mean Acc : 	 0.5
Test:	Time 0.256 (0.459)	Loss 0.0772 (0.0647)	
learning rate = 0.000500
Epoch: [128][0/34]	Time 0.914 (1.062)	Data 0.071 (0.070)	Loss 0.0531 (0.0750)	
Epoch: [128][10/34]	Time 1.070 (1.062)	Data 0.069 (0.070)	Loss 0.0517 (0.0750)	
Epoch: [128][20/34]	Time 1.070 (1.062)	Data 0.069 (0.070)	Loss 0.0427 (0.0749)	
Epoch: [128][30/34]	Time 1.068 (1.062)	Data 0.076 (0.070)	Loss 0.0672 (0.0749)	
Test: [0/9]	Time 0.481 (0.481)	Loss 0.0637 (0.0637)	Prec@1 0.000 (0.000)	Prec@5 0.000 (0.000)
Mean IoU : 	 0.415215905033
Overall Acc: 	 0.830431810066
FreqW Acc : 	 0.689616991169
Mean Acc : 	 0.5
Test:	Time 0.258 (0.461)	Loss 0.0784 (0.0644)	
learning rate = 0.000500
Epoch: [129][0/34]	Time 0.915 (1.062)	Data 0.070 (0.070)	Loss 0.0409 (0.0749)	
Epoch: [129][10/34]	Time 1.068 (1.062)	Data 0.070 (0.070)	Loss 0.0372 (0.0748)	
Epoch: [129][20/34]	Time 1.069 (1.062)	Data 0.069 (0.070)	Loss 0.0335 (0.0748)	
Epoch: [129][30/34]	Time 1.072 (1.062)	Data 0.069 (0.070)	Loss 0.0650 (0.0747)	
Test: [0/9]	Time 0.480 (0.480)	Loss 0.0595 (0.0595)	Prec@1 0.000 (0.000)	Prec@5 0.000 (0.000)
Mean IoU : 	 0.41550656219
Overall Acc: 	 0.831013124381
FreqW Acc : 	 0.690582812893
Mean Acc : 	 0.5
Test:	Time 0.257 (0.459)	Loss 0.0529 (0.0654)	
learning rate = 0.000500
Epoch: [130][0/34]	Time 0.916 (1.062)	Data 0.071 (0.070)	Loss 0.0627 (0.0747)	
Epoch: [130][10/34]	Time 1.068 (1.062)	Data 0.075 (0.070)	Loss 0.0573 (0.0747)	
Epoch: [130][20/34]	Time 1.070 (1.062)	Data 0.070 (0.070)	Loss 0.0400 (0.0746)	
Epoch: [130][30/34]	Time 1.068 (1.062)	Data 0.068 (0.070)	Loss 0.0516 (0.0746)	
Test: [0/9]	Time 0.483 (0.483)	Loss 0.0661 (0.0661)	Prec@1 0.000 (0.000)	Prec@5 0.000 (0.000)
Mean IoU : 	 0.415563042484
Overall Acc: 	 0.831126084968
FreqW Acc : 	 0.690770569115
Mean Acc : 	 0.5
Test:	Time 0.256 (0.462)	Loss 0.0527 (0.0671)	
learning rate = 0.000500
Epoch: [131][0/34]	Time 0.914 (1.062)	Data 0.070 (0.070)	Loss 0.0486 (0.0746)	
Epoch: [131][10/34]	Time 1.070 (1.062)	Data 0.069 (0.070)	Loss 0.0667 (0.0745)	
Epoch: [131][20/34]	Time 1.070 (1.062)	Data 0.069 (0.070)	Loss 0.0511 (0.0745)	
Epoch: [131][30/34]	Time 1.069 (1.062)	Data 0.069 (0.070)	Loss 0.0406 (0.0744)	
Test: [0/9]	Time 0.481 (0.481)	Loss 0.0559 (0.0559)	Prec@1 0.000 (0.000)	Prec@5 0.000 (0.000)
Mean IoU : 	 0.415372079878
Overall Acc: 	 0.830744159755
FreqW Acc : 	 0.690135858968
Mean Acc : 	 0.5
Test:	Time 0.257 (0.459)	Loss 0.0883 (0.0655)	
learning rate = 0.000500
Epoch: [132][0/34]	Time 0.913 (1.062)	Data 0.069 (0.070)	Loss 0.0419 (0.0744)	
Epoch: [132][10/34]	Time 1.071 (1.062)	Data 0.069 (0.070)	Loss 0.0522 (0.0744)	
Epoch: [132][20/34]	Time 1.069 (1.062)	Data 0.069 (0.070)	Loss 0.0614 (0.0743)	
Epoch: [132][30/34]	Time 1.071 (1.062)	Data 0.072 (0.070)	Loss 0.0570 (0.0743)	
Test: [0/9]	Time 0.487 (0.487)	Loss 0.0651 (0.0651)	Prec@1 0.000 (0.000)	Prec@5 0.000 (0.000)
Mean IoU : 	 0.415412959768
Overall Acc: 	 0.830825919536
FreqW Acc : 	 0.690271708572
Mean Acc : 	 0.5
Test:	Time 0.256 (0.462)	Loss 0.0836 (0.0689)	
learning rate = 0.000500
Epoch: [133][0/34]	Time 0.914 (1.062)	Data 0.071 (0.070)	Loss 0.0618 (0.0743)	
Epoch: [133][10/34]	Time 1.071 (1.062)	Data 0.074 (0.070)	Loss 0.0472 (0.0742)	
Epoch: [133][20/34]	Time 1.068 (1.062)	Data 0.068 (0.070)	Loss 0.0662 (0.0742)	
Epoch: [133][30/34]	Time 1.070 (1.062)	Data 0.069 (0.070)	Loss 0.0659 (0.0742)	
Test: [0/9]	Time 0.480 (0.480)	Loss 0.0583 (0.0583)	Prec@1 0.000 (0.000)	Prec@5 0.000 (0.000)
Mean IoU : 	 0.415660117989
Overall Acc: 	 0.831320235978
FreqW Acc : 	 0.691093334747
Mean Acc : 	 0.5
Test:	Time 0.255 (0.459)	Loss 0.0706 (0.0666)	
learning rate = 0.000500
Epoch: [134][0/34]	Time 0.915 (1.062)	Data 0.070 (0.070)	Loss 0.1204 (0.0742)	
Epoch: [134][10/34]	Time 1.070 (1.062)	Data 0.075 (0.070)	Loss 0.0489 (0.0741)	
Epoch: [134][20/34]	Time 1.071 (1.062)	Data 0.070 (0.070)	Loss 0.0670 (0.0741)	
Epoch: [134][30/34]	Time 1.071 (1.062)	Data 0.073 (0.070)	Loss 0.0756 (0.0741)	
Test: [0/9]	Time 0.480 (0.480)	Loss 0.0591 (0.0591)	Prec@1 0.000 (0.000)	Prec@5 0.000 (0.000)
Mean IoU : 	 0.4157619761
Overall Acc: 	 0.831523952199
FreqW Acc : 	 0.691432083081
Mean Acc : 	 0.5
Test:	Time 0.256 (0.459)	Loss 0.0580 (0.0678)	
learning rate = 0.000500
Epoch: [135][0/34]	Time 0.913 (1.062)	Data 0.069 (0.070)	Loss 0.0849 (0.0741)	
Epoch: [135][10/34]	Time 1.069 (1.062)	Data 0.069 (0.070)	Loss 0.0684 (0.0740)	
Epoch: [135][20/34]	Time 1.069 (1.062)	Data 0.068 (0.070)	Loss 0.0614 (0.0740)	
Epoch: [135][30/34]	Time 1.068 (1.062)	Data 0.069 (0.070)	Loss 0.0658 (0.0740)	
Test: [0/9]	Time 0.482 (0.482)	Loss 0.0718 (0.0718)	Prec@1 0.000 (0.000)	Prec@5 0.000 (0.000)
Mean IoU : 	 0.415861841458
Overall Acc: 	 0.831723682916
FreqW Acc : 	 0.691764284723
Mean Acc : 	 0.5
Test:	Time 0.256 (0.460)	Loss 0.0574 (0.0659)	
learning rate = 0.000500
Epoch: [136][0/34]	Time 0.915 (1.062)	Data 0.070 (0.070)	Loss 0.0264 (0.0739)	
Epoch: [136][10/34]	Time 1.070 (1.062)	Data 0.074 (0.070)	Loss 0.0545 (0.0739)	
Epoch: [136][20/34]	Time 1.069 (1.062)	Data 0.069 (0.070)	Loss 0.0644 (0.0739)	
Epoch: [136][30/34]	Time 1.070 (1.062)	Data 0.072 (0.070)	Loss 0.0453 (0.0738)	
Test: [0/9]	Time 0.490 (0.490)	Loss 0.0761 (0.0761)	Prec@1 0.000 (0.000)	Prec@5 0.000 (0.000)
Mean IoU : 	 0.415393203052
Overall Acc: 	 0.830786406104
FreqW Acc : 	 0.690206052568
Mean Acc : 	 0.5
Test:	Time 0.257 (0.460)	Loss 0.0426 (0.0661)	
learning rate = 0.000500
Epoch: [137][0/34]	Time 0.913 (1.062)	Data 0.068 (0.070)	Loss 0.0561 (0.0738)	
Epoch: [137][10/34]	Time 1.069 (1.062)	Data 0.077 (0.070)	Loss 0.0595 (0.0738)	
Epoch: [137][20/34]	Time 1.070 (1.062)	Data 0.068 (0.070)	Loss 0.0533 (0.0737)	
Epoch: [137][30/34]	Time 1.073 (1.062)	Data 0.077 (0.070)	Loss 0.0348 (0.0737)	
Test: [0/9]	Time 0.488 (0.488)	Loss 0.0819 (0.0819)	Prec@1 0.000 (0.000)	Prec@5 0.000 (0.000)
Mean IoU : 	 0.415597602503
Overall Acc: 	 0.831195205005
FreqW Acc : 	 0.690885468824
Mean Acc : 	 0.5
Test:	Time 0.255 (0.460)	Loss 0.0490 (0.0646)	
learning rate = 0.000500
Epoch: [138][0/34]	Time 0.911 (1.062)	Data 0.069 (0.070)	Loss 0.0489 (0.0737)	
Epoch: [138][10/34]	Time 1.070 (1.062)	Data 0.069 (0.070)	Loss 0.0411 (0.0737)	
Epoch: [138][20/34]	Time 1.070 (1.062)	Data 0.070 (0.070)	Loss 0.0843 (0.0736)	
Epoch: [138][30/34]	Time 1.069 (1.062)	Data 0.068 (0.070)	Loss 0.0637 (0.0736)	
Test: [0/9]	Time 0.484 (0.484)	Loss 0.0666 (0.0666)	Prec@1 0.000 (0.000)	Prec@5 0.000 (0.000)
Mean IoU : 	 0.415195578959
Overall Acc: 	 0.830391157919
FreqW Acc : 	 0.68954947515
Mean Acc : 	 0.5
Test:	Time 0.258 (0.461)	Loss 0.0834 (0.0642)	
learning rate = 0.000500
Epoch: [139][0/34]	Time 0.913 (1.062)	Data 0.069 (0.070)	Loss 0.0549 (0.0736)	
Epoch: [139][10/34]	Time 1.070 (1.062)	Data 0.071 (0.070)	Loss 0.0653 (0.0735)	
Epoch: [139][20/34]	Time 1.071 (1.062)	Data 0.069 (0.070)	Loss 0.0600 (0.0735)	
Epoch: [139][30/34]	Time 1.072 (1.062)	Data 0.077 (0.070)	Loss 0.0561 (0.0734)	
Test: [0/9]	Time 0.483 (0.483)	Loss 0.0752 (0.0752)	Prec@1 0.000 (0.000)	Prec@5 0.000 (0.000)
Mean IoU : 	 0.415679362283
Overall Acc: 	 0.831358724566
FreqW Acc : 	 0.691157328911
Mean Acc : 	 0.5
Test:	Time 0.256 (0.460)	Loss 0.0873 (0.0631)	
learning rate = 0.000500
Epoch: [140][0/34]	Time 0.914 (1.062)	Data 0.069 (0.070)	Loss 0.0487 (0.0734)	
Epoch: [140][10/34]	Time 1.069 (1.062)	Data 0.070 (0.070)	Loss 0.0825 (0.0734)	
Epoch: [140][20/34]	Time 1.069 (1.062)	Data 0.070 (0.070)	Loss 0.1166 (0.0734)	
Epoch: [140][30/34]	Time 1.070 (1.062)	Data 0.074 (0.070)	Loss 0.0396 (0.0733)	
Test: [0/9]	Time 0.484 (0.484)	Loss 0.0517 (0.0517)	Prec@1 0.000 (0.000)	Prec@5 0.000 (0.000)
Mean IoU : 	 0.415666096246
Overall Acc: 	 0.831332192492
FreqW Acc : 	 0.691113214274
Mean Acc : 	 0.5
Test:	Time 0.257 (0.460)	Loss 0.0679 (0.0642)	
learning rate = 0.000500
Epoch: [141][0/34]	Time 0.915 (1.062)	Data 0.070 (0.070)	Loss 0.0591 (0.0733)	
Epoch: [141][10/34]	Time 1.071 (1.062)	Data 0.071 (0.070)	Loss 0.0380 (0.0732)	
Epoch: [141][20/34]	Time 1.070 (1.062)	Data 0.069 (0.070)	Loss 0.0933 (0.0732)	
Epoch: [141][30/34]	Time 1.072 (1.062)	Data 0.069 (0.070)	Loss 0.0535 (0.0732)	
Test: [0/9]	Time 0.481 (0.481)	Loss 0.0475 (0.0475)	Prec@1 0.000 (0.000)	Prec@5 0.000 (0.000)
Mean IoU : 	 0.415609729824
Overall Acc: 	 0.831219459648
FreqW Acc : 	 0.690925790097
Mean Acc : 	 0.5
Test:	Time 0.256 (0.458)	Loss 0.0532 (0.0642)	
learning rate = 0.000500
Epoch: [142][0/34]	Time 0.915 (1.062)	Data 0.070 (0.070)	Loss 0.0551 (0.0732)	
Epoch: [142][10/34]	Time 1.068 (1.062)	Data 0.069 (0.070)	Loss 0.0803 (0.0731)	
Epoch: [142][20/34]	Time 1.071 (1.062)	Data 0.068 (0.070)	Loss 0.0543 (0.0731)	
Epoch: [142][30/34]	Time 1.070 (1.062)	Data 0.070 (0.070)	Loss 0.0477 (0.0731)	
Test: [0/9]	Time 0.481 (0.481)	Loss 0.0653 (0.0653)	Prec@1 0.000 (0.000)	Prec@5 0.000 (0.000)
Mean IoU : 	 0.415806329072
Overall Acc: 	 0.831612658145
FreqW Acc : 	 0.691579613187
Mean Acc : 	 0.5
Test:	Time 0.257 (0.460)	Loss 0.0589 (0.0644)	
learning rate = 0.000500
Epoch: [143][0/34]	Time 0.912 (1.062)	Data 0.068 (0.070)	Loss 0.0503 (0.0731)	
Epoch: [143][10/34]	Time 1.069 (1.062)	Data 0.075 (0.070)	Loss 0.0655 (0.0730)	
Epoch: [143][20/34]	Time 1.070 (1.062)	Data 0.069 (0.070)	Loss 0.0592 (0.0730)	
Epoch: [143][30/34]	Time 1.070 (1.062)	Data 0.071 (0.070)	Loss 0.0480 (0.0729)	
Test: [0/9]	Time 0.483 (0.483)	Loss 0.0619 (0.0619)	Prec@1 0.000 (0.000)	Prec@5 0.000 (0.000)
Mean IoU : 	 0.415558886172
Overall Acc: 	 0.831117772344
FreqW Acc : 	 0.690756751507
Mean Acc : 	 0.5
Test:	Time 0.256 (0.459)	Loss 0.0223 (0.0695)	
learning rate = 0.000500
Epoch: [144][0/34]	Time 0.915 (1.062)	Data 0.070 (0.070)	Loss 0.0571 (0.0729)	
Epoch: [144][10/34]	Time 1.070 (1.062)	Data 0.072 (0.070)	Loss 0.0313 (0.0729)	
Epoch: [144][20/34]	Time 1.070 (1.062)	Data 0.069 (0.070)	Loss 0.0518 (0.0728)	
Epoch: [144][30/34]	Time 1.068 (1.062)	Data 0.072 (0.070)	Loss 0.0475 (0.0728)	
Test: [0/9]	Time 0.483 (0.483)	Loss 0.0543 (0.0543)	Prec@1 0.000 (0.000)	Prec@5 0.000 (0.000)
Mean IoU : 	 0.415645143879
Overall Acc: 	 0.831290287758
FreqW Acc : 	 0.691043542521
Mean Acc : 	 0.5
Test:	Time 0.257 (0.460)	Loss 0.0604 (0.0672)	
learning rate = 0.000500
Epoch: [145][0/34]	Time 0.915 (1.062)	Data 0.071 (0.070)	Loss 0.0331 (0.0728)	
Epoch: [145][10/34]	Time 1.069 (1.062)	Data 0.070 (0.070)	Loss 0.0606 (0.0728)	
Epoch: [145][20/34]	Time 1.072 (1.062)	Data 0.069 (0.070)	Loss 0.0579 (0.0727)	
Epoch: [145][30/34]	Time 1.070 (1.062)	Data 0.075 (0.070)	Loss 0.0594 (0.0727)	
Test: [0/9]	Time 0.486 (0.486)	Loss 0.0806 (0.0806)	Prec@1 0.000 (0.000)	Prec@5 0.000 (0.000)
Mean IoU : 	 0.415361375951
Overall Acc: 	 0.830722751902
FreqW Acc : 	 0.690100290528
Mean Acc : 	 0.5
Test:	Time 0.256 (0.459)	Loss 0.0507 (0.0651)	
learning rate = 0.000500
Epoch: [146][0/34]	Time 0.915 (1.062)	Data 0.070 (0.070)	Loss 0.0710 (0.0727)	
Epoch: [146][10/34]	Time 1.071 (1.062)	Data 0.073 (0.070)	Loss 0.0447 (0.0727)	
Epoch: [146][20/34]	Time 1.069 (1.062)	Data 0.069 (0.070)	Loss 0.0414 (0.0726)	
Epoch: [146][30/34]	Time 1.068 (1.062)	Data 0.070 (0.070)	Loss 0.0521 (0.0726)	
Test: [0/9]	Time 0.482 (0.482)	Loss 0.0743 (0.0743)	Prec@1 0.000 (0.000)	Prec@5 0.000 (0.000)
Mean IoU : 	 0.415171608996
Overall Acc: 	 0.830343217992
FreqW Acc : 	 0.689469859665
Mean Acc : 	 0.5
Test:	Time 0.256 (0.461)	Loss 0.0783 (0.0736)	
learning rate = 0.000500
Epoch: [147][0/34]	Time 0.912 (1.062)	Data 0.068 (0.070)	Loss 0.0324 (0.0726)	
Epoch: [147][10/34]	Time 1.069 (1.062)	Data 0.068 (0.070)	Loss 0.0781 (0.0725)	
Epoch: [147][20/34]	Time 1.070 (1.062)	Data 0.069 (0.070)	Loss 0.0590 (0.0725)	
Epoch: [147][30/34]	Time 1.070 (1.062)	Data 0.068 (0.070)	Loss 0.0527 (0.0725)	
Test: [0/9]	Time 0.487 (0.487)	Loss 0.0826 (0.0826)	Prec@1 0.000 (0.000)	Prec@5 0.000 (0.000)
Mean IoU : 	 0.415393886281
Overall Acc: 	 0.830787772563
FreqW Acc : 	 0.69020832304
Mean Acc : 	 0.5
Test:	Time 0.256 (0.459)	Loss 0.0497 (0.0669)	
learning rate = 0.000500
Epoch: [148][0/34]	Time 0.914 (1.062)	Data 0.069 (0.070)	Loss 0.0600 (0.0725)	
Epoch: [148][10/34]	Time 1.070 (1.062)	Data 0.069 (0.070)	Loss 0.0825 (0.0724)	
Epoch: [148][20/34]	Time 1.069 (1.062)	Data 0.068 (0.070)	Loss 0.0592 (0.0724)	
Epoch: [148][30/34]	Time 1.071 (1.062)	Data 0.077 (0.070)	Loss 0.0701 (0.0724)	
Test: [0/9]	Time 0.480 (0.480)	Loss 0.0734 (0.0734)	Prec@1 0.000 (0.000)	Prec@5 0.000 (0.000)
Mean IoU : 	 0.415534005236
Overall Acc: 	 0.831068010473
FreqW Acc : 	 0.690674038031
Mean Acc : 	 0.5
Test:	Time 0.257 (0.459)	Loss 0.0813 (0.0754)	
learning rate = 0.000500
Epoch: [149][0/34]	Time 0.914 (1.062)	Data 0.070 (0.070)	Loss 0.0647 (0.0724)	
Epoch: [149][10/34]	Time 1.069 (1.062)	Data 0.068 (0.070)	Loss 0.0751 (0.0723)	
Epoch: [149][20/34]	Time 1.072 (1.062)	Data 0.069 (0.070)	Loss 0.0578 (0.0723)	
Epoch: [149][30/34]	Time 1.070 (1.062)	Data 0.070 (0.070)	Loss 0.0519 (0.0723)	
Test: [0/9]	Time 0.487 (0.487)	Loss 0.0643 (0.0643)	Prec@1 0.000 (0.000)	Prec@5 0.000 (0.000)
Mean IoU : 	 0.41518977151
Overall Acc: 	 0.83037954302
FreqW Acc : 	 0.689530185466
Mean Acc : 	 0.5
Test:	Time 0.257 (0.461)	Loss 0.0555 (0.0649)	
